{"type":"operationStart","subtype":"profile","data":{"_id":"ClkVb9b4iXKTUXh4","timestamp":"2023-04-29T05:35:17.593Z","state":"queued","mode":"standard","creationDate":"2023-04-29T05:35:17.595Z","modificationDate":"2023-04-29T05:35:17.595Z","shortid":"-7cEqO-","$entitySet":"profiles"},"doDiffs":false,"timestamp":1682746517594,"id":"d2afotqzcxbhuoz","previousOperationId":null,"operationId":"pkfg65yonfma2lv"}
{"type":"log","level":"info","message":"Render request 2 queued for execution and waiting for available worker","previousOperationId":"pkfg65yonfma2lv","timestamp":1682746517594,"id":"7f46gdns3hi27a4"}
{"type":"operationStart","subtype":"render","name":"sales-main","previousOperationId":"pkfg65yonfma2lv","timestamp":1682746517604,"id":"9c25ke9rpp9l8gn","previousEventId":"d2afotqzcxbhuoz","operationId":"5trr36eyy98ryla"}
{"type":"log","timestamp":1682746517604,"level":"info","message":"Starting rendering request 2","meta":{"rootId":"71qb5hzau5ir7oo","id":"71qb5hzau5ir7oo"},"id":"q9yrg5jevqu24ni","previousOperationId":"5trr36eyy98ryla"}
{"type":"log","timestamp":1682746517605,"level":"info","message":"Rendering template { name: sales-main, recipe: html-to-xlsx, engine: handlebars, preview: true }","meta":{"rootId":"71qb5hzau5ir7oo","id":"71qb5hzau5ir7oo"},"id":"fmaqv66cxccfxs5","previousOperationId":"5trr36eyy98ryla"}
{"type":"log","timestamp":1682746517607,"level":"debug","message":"Adding sample data B1lSTrt6NB","meta":{"rootId":"71qb5hzau5ir7oo","id":"71qb5hzau5ir7oo"},"id":"nu0x7gamvhcfrce","previousOperationId":"5trr36eyy98ryla"}
{"type":"log","timestamp":1682746517611,"level":"debug","message":"Base url not specified, skipping its injection.","meta":{"rootId":"71qb5hzau5ir7oo","id":"71qb5hzau5ir7oo"},"id":"2weoruwj20tq8xu","previousOperationId":"5trr36eyy98ryla"}
{"type":"operationStart","subtype":"engine","name":"handlebars","timestamp":1682746517612,"id":"v04qpdwpdoqby8q","previousEventId":"9c25ke9rpp9l8gn","operationId":"gev6g8zg797ucwh","previousOperationId":"5trr36eyy98ryla"}
{"type":"log","timestamp":1682746517612,"level":"debug","message":"Rendering engine handlebars","meta":{"rootId":"71qb5hzau5ir7oo","id":"71qb5hzau5ir7oo"},"id":"blemk7xmfvbwh96","previousOperationId":"gev6g8zg797ucwh"}
{"type":"operationEnd","operationId":"gev6g8zg797ucwh","timestamp":1682746517685,"id":"h7368rwy0mzuuak","previousEventId":"v04qpdwpdoqby8q","previousOperationId":"gev6g8zg797ucwh"}
{"type":"operationStart","subtype":"recipe","name":"html-to-xlsx","timestamp":1682746517686,"id":"sq5u48e556q77tl","previousEventId":"h7368rwy0mzuuak","operationId":"jvc330rrsxjun20","previousOperationId":"gev6g8zg797ucwh"}
{"type":"log","timestamp":1682746517686,"level":"debug","message":"Executing recipe html-to-xlsx","meta":{"rootId":"71qb5hzau5ir7oo","id":"71qb5hzau5ir7oo"},"id":"x2dsh0rvfk3waeq","previousOperationId":"jvc330rrsxjun20"}
{"type":"log","timestamp":1682746518903,"level":"info","message":"html-to-xlsx generation is starting","meta":{"rootId":"71qb5hzau5ir7oo","id":"71qb5hzau5ir7oo"},"id":"i053f636q1cfnb2","previousOperationId":"jvc330rrsxjun20"}
{"type":"log","timestamp":1682746519860,"level":"info","message":"html-to-xlsx generation was finished","meta":{"rootId":"71qb5hzau5ir7oo","id":"71qb5hzau5ir7oo"},"id":"6apktdi56r6tu78","previousOperationId":"jvc330rrsxjun20"}
{"type":"log","timestamp":1682746531157,"level":"error","message":"xlsx file upload to http://jsreport.net/temp failed. Returning plain document for download. (full error: getaddrinfo ENOTFOUND jsreport.net)","meta":{"rootId":"71qb5hzau5ir7oo","id":"71qb5hzau5ir7oo"},"id":"hx95exssavkyyq9","previousOperationId":"jvc330rrsxjun20"}
{"type":"operationEnd","operationId":"jvc330rrsxjun20","timestamp":1682746531158,"id":"wfo4j8siu6cphfo","previousEventId":"sq5u48e556q77tl","previousOperationId":"jvc330rrsxjun20"}
{"type":"log","timestamp":1682746531158,"level":"debug","message":"Skipping storing report.","meta":{"rootId":"71qb5hzau5ir7oo","id":"71qb5hzau5ir7oo"},"id":"p4cj9i1cv0qnma8","previousOperationId":"jvc330rrsxjun20"}
{"type":"log","timestamp":1682746531158,"level":"info","message":"Rendering request 2 finished in 13565 ms","meta":{"rootId":"71qb5hzau5ir7oo","id":"71qb5hzau5ir7oo"},"id":"rdsv8hq5jdjzlyn","previousOperationId":"jvc330rrsxjun20"}
{"type":"operationEnd","subtype":"render","operationId":"5trr36eyy98ryla","timestamp":1682746531158,"id":"ly4pykf6caio1mm","previousEventId":"wfo4j8siu6cphfo","previousOperationId":"jvc330rrsxjun20"}
{"type":"operationEnd","doDiffs":false,"previousEventId":"d2afotqzcxbhuoz","previousOperationId":"pkfg65yonfma2lv","operationId":"pkfg65yonfma2lv","timestamp":1682746531173,"id":"v9oru51wsf8zisi"}
