{"type":"operationStart","subtype":"profile","data":{"_id":"2spEdjuMrsyiPODW","timestamp":"2023-05-21T07:31:45.058Z","state":"queued","mode":"standard","creationDate":"2023-05-21T07:31:45.062Z","modificationDate":"2023-05-21T07:31:45.062Z","shortid":"ju664EX","$entitySet":"profiles"},"doDiffs":false,"timestamp":1684654305060,"id":"y4abspc7v9dzezw","previousOperationId":null,"operationId":"dfdclx0iqzuw35y"}
{"type":"log","level":"info","message":"Render request 142 queued for execution and waiting for available worker","previousOperationId":"dfdclx0iqzuw35y","timestamp":1684654305060,"id":"p9usp66atnnxrma"}
{"type":"operationStart","subtype":"render","name":"invoice-js","previousOperationId":"dfdclx0iqzuw35y","timestamp":1684654305081,"id":"5n179wq6jfah78f","previousEventId":"y4abspc7v9dzezw","operationId":"7pgmx1m65fuj8b7"}
{"type":"log","timestamp":1684654305081,"level":"info","message":"Starting rendering request 142","meta":{"rootId":"0caqfzwxc2g0qxk","id":"0caqfzwxc2g0qxk"},"id":"iyy4j8fwqfkhspv","previousOperationId":"7pgmx1m65fuj8b7"}
{"type":"log","timestamp":1684654305082,"level":"info","message":"Rendering template { name: invoice-js, recipe: chrome-pdf, engine: handlebars, preview: false }","meta":{"rootId":"0caqfzwxc2g0qxk","id":"0caqfzwxc2g0qxk"},"id":"vjdv9lygqrsmlyu","previousOperationId":"7pgmx1m65fuj8b7"}
{"type":"log","timestamp":1684654305146,"level":"debug","message":"Inline data specified.","meta":{"rootId":"0caqfzwxc2g0qxk","id":"0caqfzwxc2g0qxk"},"id":"7r5qnkw00xaopy7","previousOperationId":"7pgmx1m65fuj8b7"}
{"type":"log","timestamp":1684654305155,"level":"debug","message":"Base url not specified, skipping its injection.","meta":{"rootId":"0caqfzwxc2g0qxk","id":"0caqfzwxc2g0qxk"},"id":"xbqwox9p3mfv0yl","previousOperationId":"7pgmx1m65fuj8b7"}
{"type":"operationStart","subtype":"engine","name":"handlebars","timestamp":1684654305155,"id":"cxo0uule919nkfk","previousEventId":"5n179wq6jfah78f","operationId":"2a646aobg31ytnq","previousOperationId":"7pgmx1m65fuj8b7"}
{"type":"log","timestamp":1684654305155,"level":"debug","message":"Rendering engine handlebars","meta":{"rootId":"0caqfzwxc2g0qxk","id":"0caqfzwxc2g0qxk"},"id":"drx2f3j732kku7l","previousOperationId":"2a646aobg31ytnq"}
{"type":"operationEnd","operationId":"2a646aobg31ytnq","timestamp":1684654305189,"id":"h50gdv4j0w5ovzj","previousEventId":"cxo0uule919nkfk","previousOperationId":"2a646aobg31ytnq"}
{"type":"operationStart","subtype":"recipe","name":"chrome-pdf","timestamp":1684654305195,"id":"p7fp7n2q4oo4ha7","previousEventId":"h50gdv4j0w5ovzj","operationId":"lhphzm1rttwope3","previousOperationId":"2a646aobg31ytnq"}
{"type":"log","timestamp":1684654305195,"level":"debug","message":"Executing recipe chrome-pdf","meta":{"rootId":"0caqfzwxc2g0qxk","id":"0caqfzwxc2g0qxk"},"id":"p2tqk3iqo6es197","previousOperationId":"lhphzm1rttwope3"}
{"type":"log","timestamp":1684654305198,"level":"debug","message":"Starting child request to render pdf footer","meta":{"rootId":"0caqfzwxc2g0qxk","id":"0caqfzwxc2g0qxk"},"id":"zgt21v7likh54nb","previousOperationId":"lhphzm1rttwope3"}
{"type":"operationStart","subtype":"render","name":"anonymous","previousOperationId":"lhphzm1rttwope3","timestamp":1684654305199,"id":"39qlkjslh6i6vd2","previousEventId":"p7fp7n2q4oo4ha7","operationId":"vno8262rbrc5hu0"}
{"type":"log","timestamp":1684654305199,"level":"info","message":"Starting rendering (child) request","meta":{"rootId":"0caqfzwxc2g0qxk","id":"v7z4p6bacof06a9"},"id":"201lb78phczcmhb","previousOperationId":"vno8262rbrc5hu0"}
{"type":"log","timestamp":1684654305199,"level":"info","message":"Rendering anonymous template { recipe: html, engine: handlebars }","meta":{"rootId":"0caqfzwxc2g0qxk","id":"v7z4p6bacof06a9"},"id":"ndq9l4q74sac250","previousOperationId":"vno8262rbrc5hu0"}
{"type":"log","timestamp":1684654305200,"level":"debug","message":"Inline data specified.","meta":{"rootId":"0caqfzwxc2g0qxk","id":"v7z4p6bacof06a9"},"id":"1xz8vtsi71dagos","previousOperationId":"vno8262rbrc5hu0"}
{"type":"log","timestamp":1684654305202,"level":"debug","message":"Base url not specified, skipping its injection.","meta":{"rootId":"0caqfzwxc2g0qxk","id":"v7z4p6bacof06a9"},"id":"j9onpa2gueq7tq5","previousOperationId":"vno8262rbrc5hu0"}
{"type":"operationStart","subtype":"engine","name":"handlebars","timestamp":1684654305202,"id":"buusnhr0daxi2nm","previousEventId":"39qlkjslh6i6vd2","operationId":"3fp3w2i7wbjopc7","previousOperationId":"vno8262rbrc5hu0"}
{"type":"log","timestamp":1684654305202,"level":"debug","message":"Rendering engine handlebars","meta":{"rootId":"0caqfzwxc2g0qxk","id":"v7z4p6bacof06a9"},"id":"vi15we0d4pw6tx2","previousOperationId":"3fp3w2i7wbjopc7"}
{"type":"operationEnd","operationId":"3fp3w2i7wbjopc7","timestamp":1684654305235,"id":"4w86d9klmc6laia","previousEventId":"buusnhr0daxi2nm","previousOperationId":"3fp3w2i7wbjopc7"}
{"type":"operationStart","subtype":"recipe","name":"html","timestamp":1684654305235,"id":"28cs026ovp7fhgx","previousEventId":"4w86d9klmc6laia","operationId":"jy0iaysk7gjxpyh","previousOperationId":"3fp3w2i7wbjopc7"}
{"type":"log","timestamp":1684654305235,"level":"debug","message":"Executing recipe html","meta":{"rootId":"0caqfzwxc2g0qxk","id":"v7z4p6bacof06a9"},"id":"zh7p16lxrqozdyk","previousOperationId":"jy0iaysk7gjxpyh"}
{"type":"operationEnd","operationId":"jy0iaysk7gjxpyh","timestamp":1684654305235,"id":"bzvg8uz7ugfikos","previousEventId":"28cs026ovp7fhgx","previousOperationId":"jy0iaysk7gjxpyh"}
{"type":"log","timestamp":1684654305236,"level":"debug","message":"Skipping storing report.","meta":{"rootId":"0caqfzwxc2g0qxk","id":"v7z4p6bacof06a9"},"id":"wbvz18kxk1hzwxp","previousOperationId":"jy0iaysk7gjxpyh"}
{"type":"log","timestamp":1684654305236,"level":"info","message":"Rendering (child) request finished in 179 ms","meta":{"rootId":"0caqfzwxc2g0qxk","id":"v7z4p6bacof06a9"},"id":"u8lverplojd4nie","previousOperationId":"jy0iaysk7gjxpyh"}
{"type":"operationEnd","subtype":"render","operationId":"vno8262rbrc5hu0","timestamp":1684654305236,"id":"abbx3s8qw05cs89","previousEventId":"bzvg8uz7ugfikos","previousOperationId":"jy0iaysk7gjxpyh"}
{"type":"log","timestamp":1684654305239,"level":"debug","message":"Converting with chrome HeadlessChrome/105.0.5173.0 using chrome-pool strategy","meta":{"rootId":"0caqfzwxc2g0qxk","id":"0caqfzwxc2g0qxk"},"id":"f26wfxvf0vhjluw","previousOperationId":"lhphzm1rttwope3"}
{"type":"log","timestamp":1684654305402,"level":"debug","message":"Page request: GET (document) file:///C:/Users/Adebayo/AppData/Local/Temp/jsreport/autocleanup/f1562bdc-4a41-4814-a753-8a8fe33ba0de-chrome-pdf.html","meta":{"rootId":"0caqfzwxc2g0qxk","id":"0caqfzwxc2g0qxk"},"id":"35fix6k6sdrooj5","previousOperationId":"lhphzm1rttwope3"}
{"type":"log","timestamp":1684654305423,"level":"debug","message":"Page request finished: GET (document) 200 file:///C:/Users/Adebayo/AppData/Local/Temp/jsreport/autocleanup/f1562bdc-4a41-4814-a753-8a8fe33ba0de-chrome-pdf.html","meta":{"rootId":"0caqfzwxc2g0qxk","id":"0caqfzwxc2g0qxk"},"id":"ubha6kleamwyl9r","previousOperationId":"lhphzm1rttwope3"}
{"type":"log","timestamp":1684654305423,"level":"debug","message":"Page request: GET (script) https://cdnjs.cloudflare.com/ajax/libs/Chart.js/2.1.6/Chart.min.js","meta":{"rootId":"0caqfzwxc2g0qxk","id":"0caqfzwxc2g0qxk"},"id":"9yvsprlcfnjzuzw","previousOperationId":"lhphzm1rttwope3"}
{"type":"log","timestamp":1684654305434,"level":"debug","message":"Page request finished: GET (script) 200 https://cdnjs.cloudflare.com/ajax/libs/Chart.js/2.1.6/Chart.min.js","meta":{"rootId":"0caqfzwxc2g0qxk","id":"0caqfzwxc2g0qxk"},"id":"kv7diczrvwzg0ow","previousOperationId":"lhphzm1rttwope3"}
{"type":"log","timestamp":1684654305439,"level":"warn","message":"Page error: SyntaxError: Unexpected token ','","meta":{"rootId":"0caqfzwxc2g0qxk","id":"0caqfzwxc2g0qxk"},"id":"3tq21dl7lfptfpy","previousOperationId":"lhphzm1rttwope3"}
{"type":"log","timestamp":1684654305445,"level":"debug","message":"Running chrome with params {\"printBackground\":true,\"marginTop\":\"2cm\",\"marginRight\":\"1cm\",\"marginBottom\":\"2cm\",\"marginLeft\":\"1cm\",\"landscape\":false,\"format\":\"A4\",\"displayHeaderFooter\":true,\"footerTemplate\":\"...\",\"timeout\":59821,\"margin\":{\"top\":\"2cm\",\"right\":\"1cm\",\"bottom\":\"2cm\",\"left\":\"1cm\"}}","meta":{"rootId":"0caqfzwxc2g0qxk","id":"0caqfzwxc2g0qxk"},"id":"4rljmokghm4gfoi","previousOperationId":"lhphzm1rttwope3"}
{"type":"operationEnd","operationId":"lhphzm1rttwope3","timestamp":1684654305580,"id":"fmk6vbww6j7hliy","previousEventId":"p7fp7n2q4oo4ha7","previousOperationId":"lhphzm1rttwope3"}
{"type":"log","timestamp":1684654305580,"level":"debug","message":"Skipping storing report.","meta":{"rootId":"0caqfzwxc2g0qxk","id":"0caqfzwxc2g0qxk"},"id":"w9yka1cvjn7cjtb","previousOperationId":"lhphzm1rttwope3"}
{"type":"log","timestamp":1684654305580,"level":"info","message":"Rendering request 142 finished in 523 ms","meta":{"rootId":"0caqfzwxc2g0qxk","id":"0caqfzwxc2g0qxk"},"id":"lcress43nv2u9z0","previousOperationId":"lhphzm1rttwope3"}
{"type":"operationEnd","subtype":"render","operationId":"7pgmx1m65fuj8b7","timestamp":1684654305580,"id":"0ok9zqxx0tt60xj","previousEventId":"fmk6vbww6j7hliy","previousOperationId":"lhphzm1rttwope3"}
{"type":"operationEnd","doDiffs":false,"previousEventId":"y4abspc7v9dzezw","previousOperationId":"dfdclx0iqzuw35y","operationId":"dfdclx0iqzuw35y","timestamp":1684654305589,"id":"2yumry40xpxz71v"}
