{"type":"operationStart","subtype":"profile","data":{"_id":"RD7xPbeMuMyoU0aa","timestamp":"2023-05-21T07:31:12.305Z","state":"queued","mode":"standard","creationDate":"2023-05-21T07:31:12.308Z","modificationDate":"2023-05-21T07:31:12.308Z","shortid":"QUsIzhK","$entitySet":"profiles"},"doDiffs":false,"timestamp":1684654272306,"id":"580bu5tp82v8n9o","previousOperationId":null,"operationId":"6cdy198bi016i11"}
{"type":"log","level":"info","message":"Render request 140 queued for execution and waiting for available worker","previousOperationId":"6cdy198bi016i11","timestamp":1684654272307,"id":"7o69hjxccubrfku"}
{"type":"operationStart","subtype":"render","name":"invoice-js","previousOperationId":"6cdy198bi016i11","timestamp":1684654272323,"id":"yrx7d7se7dn8gss","previousEventId":"580bu5tp82v8n9o","operationId":"sucnvmyn4t8tfco"}
{"type":"log","timestamp":1684654272323,"level":"info","message":"Starting rendering request 140","meta":{"rootId":"0fizhqlc0f6o3tf","id":"0fizhqlc0f6o3tf"},"id":"57rnot8o5bgfvqv","previousOperationId":"sucnvmyn4t8tfco"}
{"type":"log","timestamp":1684654272324,"level":"info","message":"Rendering template { name: invoice-js, recipe: chrome-pdf, engine: handlebars, preview: true }","meta":{"rootId":"0fizhqlc0f6o3tf","id":"0fizhqlc0f6o3tf"},"id":"ic4rhwzzv9y2nvx","previousOperationId":"sucnvmyn4t8tfco"}
{"type":"log","timestamp":1684654272326,"level":"debug","message":"Inline data specified.","meta":{"rootId":"0fizhqlc0f6o3tf","id":"0fizhqlc0f6o3tf"},"id":"99d2daxmajijhpd","previousOperationId":"sucnvmyn4t8tfco"}
{"type":"log","timestamp":1684654272332,"level":"debug","message":"Base url not specified, skipping its injection.","meta":{"rootId":"0fizhqlc0f6o3tf","id":"0fizhqlc0f6o3tf"},"id":"vr8pu18d1ifwr1h","previousOperationId":"sucnvmyn4t8tfco"}
{"type":"operationStart","subtype":"engine","name":"handlebars","timestamp":1684654272332,"id":"7zw2vyn5ooq33gy","previousEventId":"yrx7d7se7dn8gss","operationId":"pkcssdpcy50nga0","previousOperationId":"sucnvmyn4t8tfco"}
{"type":"log","timestamp":1684654272333,"level":"debug","message":"Rendering engine handlebars","meta":{"rootId":"0fizhqlc0f6o3tf","id":"0fizhqlc0f6o3tf"},"id":"4ho19zrp16zsjp1","previousOperationId":"pkcssdpcy50nga0"}
{"type":"operationEnd","operationId":"pkcssdpcy50nga0","timestamp":1684654272362,"id":"jpit5baqhceg8bq","previousEventId":"7zw2vyn5ooq33gy","previousOperationId":"pkcssdpcy50nga0"}
{"type":"operationStart","subtype":"recipe","name":"chrome-pdf","timestamp":1684654272362,"id":"prnpuund1m0vxl9","previousEventId":"jpit5baqhceg8bq","operationId":"eb627stt9hdclf5","previousOperationId":"pkcssdpcy50nga0"}
{"type":"log","timestamp":1684654272362,"level":"debug","message":"Executing recipe chrome-pdf","meta":{"rootId":"0fizhqlc0f6o3tf","id":"0fizhqlc0f6o3tf"},"id":"9wxfl8734mqc86f","previousOperationId":"eb627stt9hdclf5"}
{"type":"log","timestamp":1684654272369,"level":"debug","message":"Starting child request to render pdf footer","meta":{"rootId":"0fizhqlc0f6o3tf","id":"0fizhqlc0f6o3tf"},"id":"tuuz244vl7a1wv7","previousOperationId":"eb627stt9hdclf5"}
{"type":"operationStart","subtype":"render","name":"anonymous","previousOperationId":"eb627stt9hdclf5","timestamp":1684654272370,"id":"fp33twnl2rbau2i","previousEventId":"prnpuund1m0vxl9","operationId":"4lyqrnm1dmrqe93"}
{"type":"log","timestamp":1684654272370,"level":"info","message":"Starting rendering (child) request","meta":{"rootId":"0fizhqlc0f6o3tf","id":"0cusyr4a7wqooat"},"id":"d96dcyxkpup2r5a","previousOperationId":"4lyqrnm1dmrqe93"}
{"type":"log","timestamp":1684654272370,"level":"info","message":"Rendering anonymous template { recipe: html, engine: handlebars }","meta":{"rootId":"0fizhqlc0f6o3tf","id":"0cusyr4a7wqooat"},"id":"yuy7wa65g5ad5zc","previousOperationId":"4lyqrnm1dmrqe93"}
{"type":"log","timestamp":1684654272370,"level":"debug","message":"Inline data specified.","meta":{"rootId":"0fizhqlc0f6o3tf","id":"0cusyr4a7wqooat"},"id":"32zx4hbx8w360t3","previousOperationId":"4lyqrnm1dmrqe93"}
{"type":"log","timestamp":1684654272372,"level":"debug","message":"Base url not specified, skipping its injection.","meta":{"rootId":"0fizhqlc0f6o3tf","id":"0cusyr4a7wqooat"},"id":"ope8ddvvw3gs7vk","previousOperationId":"4lyqrnm1dmrqe93"}
{"type":"operationStart","subtype":"engine","name":"handlebars","timestamp":1684654272373,"id":"502r81n8qmbfbay","previousEventId":"fp33twnl2rbau2i","operationId":"78f8gjpq7th4dxp","previousOperationId":"4lyqrnm1dmrqe93"}
{"type":"log","timestamp":1684654272373,"level":"debug","message":"Rendering engine handlebars","meta":{"rootId":"0fizhqlc0f6o3tf","id":"0cusyr4a7wqooat"},"id":"xj18iw03dxhsajh","previousOperationId":"78f8gjpq7th4dxp"}
{"type":"operationEnd","operationId":"78f8gjpq7th4dxp","timestamp":1684654272402,"id":"ggnoi79f8o64xzd","previousEventId":"502r81n8qmbfbay","previousOperationId":"78f8gjpq7th4dxp"}
{"type":"operationStart","subtype":"recipe","name":"html","timestamp":1684654272402,"id":"5mcvdr2getam4pq","previousEventId":"ggnoi79f8o64xzd","operationId":"wvt47bqntoou73h","previousOperationId":"78f8gjpq7th4dxp"}
{"type":"log","timestamp":1684654272402,"level":"debug","message":"Executing recipe html","meta":{"rootId":"0fizhqlc0f6o3tf","id":"0cusyr4a7wqooat"},"id":"9j85pj8kt6r9u7d","previousOperationId":"wvt47bqntoou73h"}
{"type":"operationEnd","operationId":"wvt47bqntoou73h","timestamp":1684654272402,"id":"pgp474lh85yme3a","previousEventId":"5mcvdr2getam4pq","previousOperationId":"wvt47bqntoou73h"}
{"type":"log","timestamp":1684654272402,"level":"debug","message":"Skipping storing report.","meta":{"rootId":"0fizhqlc0f6o3tf","id":"0cusyr4a7wqooat"},"id":"3d366naep8c4hzj","previousOperationId":"wvt47bqntoou73h"}
{"type":"log","timestamp":1684654272403,"level":"info","message":"Rendering (child) request finished in 98 ms","meta":{"rootId":"0fizhqlc0f6o3tf","id":"0cusyr4a7wqooat"},"id":"76p9um9sqslh8jw","previousOperationId":"wvt47bqntoou73h"}
{"type":"operationEnd","subtype":"render","operationId":"4lyqrnm1dmrqe93","timestamp":1684654272403,"id":"6vftvvcmidmzosg","previousEventId":"pgp474lh85yme3a","previousOperationId":"wvt47bqntoou73h"}
{"type":"log","timestamp":1684654272406,"level":"debug","message":"Converting with chrome HeadlessChrome/105.0.5173.0 using chrome-pool strategy","meta":{"rootId":"0fizhqlc0f6o3tf","id":"0fizhqlc0f6o3tf"},"id":"jzmcoyl80f23qvb","previousOperationId":"eb627stt9hdclf5"}
{"type":"log","timestamp":1684654272600,"level":"debug","message":"Page request: GET (document) file:///C:/Users/Adebayo/AppData/Local/Temp/jsreport/autocleanup/fb75df77-ef95-4b5b-becf-db018fd40648-chrome-pdf.html","meta":{"rootId":"0fizhqlc0f6o3tf","id":"0fizhqlc0f6o3tf"},"id":"jw7bn5ttzf6irnm","previousOperationId":"eb627stt9hdclf5"}
{"type":"log","timestamp":1684654272618,"level":"debug","message":"Page request finished: GET (document) 200 file:///C:/Users/Adebayo/AppData/Local/Temp/jsreport/autocleanup/fb75df77-ef95-4b5b-becf-db018fd40648-chrome-pdf.html","meta":{"rootId":"0fizhqlc0f6o3tf","id":"0fizhqlc0f6o3tf"},"id":"ssfu6jb16oyq9gk","previousOperationId":"eb627stt9hdclf5"}
{"type":"log","timestamp":1684654272619,"level":"debug","message":"Page request: GET (script) https://cdnjs.cloudflare.com/ajax/libs/Chart.js/2.1.6/Chart.min.js","meta":{"rootId":"0fizhqlc0f6o3tf","id":"0fizhqlc0f6o3tf"},"id":"b4v9vspy5b6pxby","previousOperationId":"eb627stt9hdclf5"}
{"type":"log","timestamp":1684654272628,"level":"debug","message":"Page request finished: GET (script) 200 https://cdnjs.cloudflare.com/ajax/libs/Chart.js/2.1.6/Chart.min.js","meta":{"rootId":"0fizhqlc0f6o3tf","id":"0fizhqlc0f6o3tf"},"id":"v11exerajw2thfv","previousOperationId":"eb627stt9hdclf5"}
{"type":"log","timestamp":1684654272690,"level":"debug","message":"Running chrome with params {\"printBackground\":true,\"marginTop\":\"2cm\",\"marginRight\":\"1cm\",\"marginBottom\":\"2cm\",\"marginLeft\":\"1cm\",\"landscape\":false,\"format\":\"A4\",\"displayHeaderFooter\":true,\"footerTemplate\":\"...\",\"timeout\":59902,\"margin\":{\"top\":\"2cm\",\"right\":\"1cm\",\"bottom\":\"2cm\",\"left\":\"1cm\"}}","meta":{"rootId":"0fizhqlc0f6o3tf","id":"0fizhqlc0f6o3tf"},"id":"kcl8425xu8geqc2","previousOperationId":"eb627stt9hdclf5"}
{"type":"operationEnd","operationId":"eb627stt9hdclf5","timestamp":1684654272769,"id":"910iccqal8apy1i","previousEventId":"prnpuund1m0vxl9","previousOperationId":"eb627stt9hdclf5"}
{"type":"log","timestamp":1684654272769,"level":"debug","message":"Skipping storing report.","meta":{"rootId":"0fizhqlc0f6o3tf","id":"0fizhqlc0f6o3tf"},"id":"7e9imve781en9xz","previousOperationId":"eb627stt9hdclf5"}
{"type":"log","timestamp":1684654272769,"level":"info","message":"Rendering request 140 finished in 464 ms","meta":{"rootId":"0fizhqlc0f6o3tf","id":"0fizhqlc0f6o3tf"},"id":"41eiml8yngsndqc","previousOperationId":"eb627stt9hdclf5"}
{"type":"operationEnd","subtype":"render","operationId":"sucnvmyn4t8tfco","timestamp":1684654272769,"id":"qyjszno47fdkm6c","previousEventId":"910iccqal8apy1i","previousOperationId":"eb627stt9hdclf5"}
{"type":"operationEnd","doDiffs":false,"previousEventId":"580bu5tp82v8n9o","previousOperationId":"6cdy198bi016i11","operationId":"6cdy198bi016i11","timestamp":1684654272778,"id":"w237nroxsh0y8bs"}
