{"type":"operationStart","subtype":"profile","data":{"_id":"L9cwwRnjxpe1H2UH","timestamp":"2023-05-21T07:34:09.446Z","state":"queued","mode":"standard","creationDate":"2023-05-21T07:34:09.450Z","modificationDate":"2023-05-21T07:34:09.450Z","shortid":"li9zRim","$entitySet":"profiles"},"doDiffs":false,"timestamp":1684654449448,"id":"kwzm6z1hqyawtoz","previousOperationId":null,"operationId":"zv28t4rbqyaahwr"}
{"type":"log","level":"info","message":"Render request 144 queued for execution and waiting for available worker","previousOperationId":"zv28t4rbqyaahwr","timestamp":1684654449448,"id":"j6serr6bus0v1yq"}
{"type":"operationStart","subtype":"render","name":"invoice-js","previousOperationId":"zv28t4rbqyaahwr","timestamp":1684654449465,"id":"yithwol1c9d9ye1","previousEventId":"kwzm6z1hqyawtoz","operationId":"t9iomzv647r6mfb"}
{"type":"log","timestamp":1684654449465,"level":"info","message":"Starting rendering request 144","meta":{"rootId":"0kegcfr98almkam","id":"0kegcfr98almkam"},"id":"e8w92o13im6hiet","previousOperationId":"t9iomzv647r6mfb"}
{"type":"log","timestamp":1684654449466,"level":"info","message":"Rendering template { name: invoice-js, recipe: chrome-pdf, engine: handlebars, preview: false }","meta":{"rootId":"0kegcfr98almkam","id":"0kegcfr98almkam"},"id":"1lsonaqnml4hgzw","previousOperationId":"t9iomzv647r6mfb"}
{"type":"log","timestamp":1684654449469,"level":"debug","message":"Inline data specified.","meta":{"rootId":"0kegcfr98almkam","id":"0kegcfr98almkam"},"id":"lnlf621hvgkn1nd","previousOperationId":"t9iomzv647r6mfb"}
{"type":"log","timestamp":1684654449476,"level":"debug","message":"Base url not specified, skipping its injection.","meta":{"rootId":"0kegcfr98almkam","id":"0kegcfr98almkam"},"id":"alkdoo2dkl6rgh2","previousOperationId":"t9iomzv647r6mfb"}
{"type":"operationStart","subtype":"engine","name":"handlebars","timestamp":1684654449477,"id":"sdvv1o114t0pi8k","previousEventId":"yithwol1c9d9ye1","operationId":"cmjfbyzwlyub2o5","previousOperationId":"t9iomzv647r6mfb"}
{"type":"log","timestamp":1684654449477,"level":"debug","message":"Rendering engine handlebars","meta":{"rootId":"0kegcfr98almkam","id":"0kegcfr98almkam"},"id":"vescqlbl1y2d4d1","previousOperationId":"cmjfbyzwlyub2o5"}
{"type":"operationEnd","operationId":"cmjfbyzwlyub2o5","timestamp":1684654449500,"id":"ubph75l65iqwkkx","previousEventId":"sdvv1o114t0pi8k","previousOperationId":"cmjfbyzwlyub2o5"}
{"type":"operationStart","subtype":"recipe","name":"chrome-pdf","timestamp":1684654449501,"id":"s30ah20n79jlkt7","previousEventId":"ubph75l65iqwkkx","operationId":"7hwlujhmdvpwk6a","previousOperationId":"cmjfbyzwlyub2o5"}
{"type":"log","timestamp":1684654449501,"level":"debug","message":"Executing recipe chrome-pdf","meta":{"rootId":"0kegcfr98almkam","id":"0kegcfr98almkam"},"id":"2xgtjrqoqte5g5e","previousOperationId":"7hwlujhmdvpwk6a"}
{"type":"log","timestamp":1684654449503,"level":"debug","message":"Starting child request to render pdf footer","meta":{"rootId":"0kegcfr98almkam","id":"0kegcfr98almkam"},"id":"7snt559g6kpouax","previousOperationId":"7hwlujhmdvpwk6a"}
{"type":"operationStart","subtype":"render","name":"anonymous","previousOperationId":"7hwlujhmdvpwk6a","timestamp":1684654449503,"id":"qdq3mem0102iwh8","previousEventId":"s30ah20n79jlkt7","operationId":"wnmhbtgcvbqdlja"}
{"type":"log","timestamp":1684654449503,"level":"info","message":"Starting rendering (child) request","meta":{"rootId":"0kegcfr98almkam","id":"rwog36isgb31n06"},"id":"pikykojus4clcvz","previousOperationId":"wnmhbtgcvbqdlja"}
{"type":"log","timestamp":1684654449504,"level":"info","message":"Rendering anonymous template { recipe: html, engine: handlebars }","meta":{"rootId":"0kegcfr98almkam","id":"rwog36isgb31n06"},"id":"2pwuamaiontgo52","previousOperationId":"wnmhbtgcvbqdlja"}
{"type":"log","timestamp":1684654449504,"level":"debug","message":"Inline data specified.","meta":{"rootId":"0kegcfr98almkam","id":"rwog36isgb31n06"},"id":"misq3ew3axyat8h","previousOperationId":"wnmhbtgcvbqdlja"}
{"type":"log","timestamp":1684654449505,"level":"debug","message":"Base url not specified, skipping its injection.","meta":{"rootId":"0kegcfr98almkam","id":"rwog36isgb31n06"},"id":"0x4wb46l0vgfa6b","previousOperationId":"wnmhbtgcvbqdlja"}
{"type":"operationStart","subtype":"engine","name":"handlebars","timestamp":1684654449506,"id":"i7dik6aakuvwnda","previousEventId":"qdq3mem0102iwh8","operationId":"s1ph63ktgrs2zo1","previousOperationId":"wnmhbtgcvbqdlja"}
{"type":"log","timestamp":1684654449506,"level":"debug","message":"Rendering engine handlebars","meta":{"rootId":"0kegcfr98almkam","id":"rwog36isgb31n06"},"id":"zst7ipsjhkiignj","previousOperationId":"s1ph63ktgrs2zo1"}
{"type":"operationEnd","operationId":"s1ph63ktgrs2zo1","timestamp":1684654449528,"id":"13zp6juc3pqxva9","previousEventId":"i7dik6aakuvwnda","previousOperationId":"s1ph63ktgrs2zo1"}
{"type":"operationStart","subtype":"recipe","name":"html","timestamp":1684654449528,"id":"gsjqq336kchh3ou","previousEventId":"13zp6juc3pqxva9","operationId":"oddvgohyfd11765","previousOperationId":"s1ph63ktgrs2zo1"}
{"type":"log","timestamp":1684654449528,"level":"debug","message":"Executing recipe html","meta":{"rootId":"0kegcfr98almkam","id":"rwog36isgb31n06"},"id":"r64y5po7ewd1sve","previousOperationId":"oddvgohyfd11765"}
{"type":"operationEnd","operationId":"oddvgohyfd11765","timestamp":1684654449528,"id":"zgngqk6y957fsg4","previousEventId":"gsjqq336kchh3ou","previousOperationId":"oddvgohyfd11765"}
{"type":"log","timestamp":1684654449528,"level":"debug","message":"Skipping storing report.","meta":{"rootId":"0kegcfr98almkam","id":"rwog36isgb31n06"},"id":"ozlp1m9a5qtq8ac","previousOperationId":"oddvgohyfd11765"}
{"type":"log","timestamp":1684654449528,"level":"info","message":"Rendering (child) request finished in 83 ms","meta":{"rootId":"0kegcfr98almkam","id":"rwog36isgb31n06"},"id":"3lgmet1f3b4z618","previousOperationId":"oddvgohyfd11765"}
{"type":"operationEnd","subtype":"render","operationId":"wnmhbtgcvbqdlja","timestamp":1684654449529,"id":"xjumbq5kw9kfflv","previousEventId":"zgngqk6y957fsg4","previousOperationId":"oddvgohyfd11765"}
{"type":"log","timestamp":1684654449530,"level":"debug","message":"Converting with chrome HeadlessChrome/105.0.5173.0 using chrome-pool strategy","meta":{"rootId":"0kegcfr98almkam","id":"0kegcfr98almkam"},"id":"51v3hms0uca340s","previousOperationId":"7hwlujhmdvpwk6a"}
{"type":"log","timestamp":1684654449692,"level":"debug","message":"Page request: GET (document) file:///C:/Users/Adebayo/AppData/Local/Temp/jsreport/autocleanup/b619294a-f849-4ae2-99f9-b30c62bb5866-chrome-pdf.html","meta":{"rootId":"0kegcfr98almkam","id":"0kegcfr98almkam"},"id":"y4w0dtfvvnujnam","previousOperationId":"7hwlujhmdvpwk6a"}
{"type":"log","timestamp":1684654449713,"level":"debug","message":"Page request finished: GET (document) 200 file:///C:/Users/Adebayo/AppData/Local/Temp/jsreport/autocleanup/b619294a-f849-4ae2-99f9-b30c62bb5866-chrome-pdf.html","meta":{"rootId":"0kegcfr98almkam","id":"0kegcfr98almkam"},"id":"iwv4e4stzqn452f","previousOperationId":"7hwlujhmdvpwk6a"}
{"type":"log","timestamp":1684654449713,"level":"debug","message":"Page request: GET (script) https://cdnjs.cloudflare.com/ajax/libs/Chart.js/2.1.6/Chart.min.js","meta":{"rootId":"0kegcfr98almkam","id":"0kegcfr98almkam"},"id":"l22q43z04ulwm35","previousOperationId":"7hwlujhmdvpwk6a"}
{"type":"log","timestamp":1684654449726,"level":"debug","message":"Page request finished: GET (script) 200 https://cdnjs.cloudflare.com/ajax/libs/Chart.js/2.1.6/Chart.min.js","meta":{"rootId":"0kegcfr98almkam","id":"0kegcfr98almkam"},"id":"zqex6m7d7v7s2y1","previousOperationId":"7hwlujhmdvpwk6a"}
{"type":"log","timestamp":1684654449732,"level":"warn","message":"Page error: SyntaxError: Unexpected token ','","meta":{"rootId":"0kegcfr98almkam","id":"0kegcfr98almkam"},"id":"drc9ts6no2v9p2d","previousOperationId":"7hwlujhmdvpwk6a"}
{"type":"log","timestamp":1684654449737,"level":"debug","message":"Running chrome with params {\"printBackground\":true,\"marginTop\":\"2cm\",\"marginRight\":\"1cm\",\"marginBottom\":\"2cm\",\"marginLeft\":\"1cm\",\"landscape\":false,\"format\":\"A4\",\"displayHeaderFooter\":true,\"footerTemplate\":\"...\",\"timeout\":59916,\"margin\":{\"top\":\"2cm\",\"right\":\"1cm\",\"bottom\":\"2cm\",\"left\":\"1cm\"}}","meta":{"rootId":"0kegcfr98almkam","id":"0kegcfr98almkam"},"id":"2qbl4pwsigxeolw","previousOperationId":"7hwlujhmdvpwk6a"}
{"type":"operationEnd","operationId":"7hwlujhmdvpwk6a","timestamp":1684654449835,"id":"5y59l6dpo9w7g56","previousEventId":"s30ah20n79jlkt7","previousOperationId":"7hwlujhmdvpwk6a"}
{"type":"log","timestamp":1684654449835,"level":"debug","message":"Skipping storing report.","meta":{"rootId":"0kegcfr98almkam","id":"0kegcfr98almkam"},"id":"c7gon7a20mu0qwd","previousOperationId":"7hwlujhmdvpwk6a"}
{"type":"log","timestamp":1684654449835,"level":"info","message":"Rendering request 144 finished in 390 ms","meta":{"rootId":"0kegcfr98almkam","id":"0kegcfr98almkam"},"id":"iohgkubm2frubz6","previousOperationId":"7hwlujhmdvpwk6a"}
{"type":"operationEnd","subtype":"render","operationId":"t9iomzv647r6mfb","timestamp":1684654449835,"id":"6spcgxurc2clugd","previousEventId":"5y59l6dpo9w7g56","previousOperationId":"7hwlujhmdvpwk6a"}
{"type":"operationEnd","doDiffs":false,"previousEventId":"kwzm6z1hqyawtoz","previousOperationId":"zv28t4rbqyaahwr","operationId":"zv28t4rbqyaahwr","timestamp":1684654449842,"id":"fcb5u6od196yasi"}
