{"type":"operationStart","subtype":"profile","data":{"_id":"X1O6vnt5WSQF0JaT","timestamp":"2023-05-21T11:38:09.351Z","state":"queued","mode":"standard","creationDate":"2023-05-21T11:38:09.360Z","modificationDate":"2023-05-21T11:38:09.360Z","shortid":"V-Eeaqr","$entitySet":"profiles"},"doDiffs":false,"timestamp":1684669089357,"id":"b8e8xvtyifj0r2v","previousOperationId":null,"operationId":"fzx0xn4dzm9dirg"}
{"type":"log","level":"info","message":"Render request 178 queued for execution and waiting for available worker","previousOperationId":"fzx0xn4dzm9dirg","timestamp":1684669089357,"id":"2ylkvif5377t8dv"}
{"type":"operationStart","subtype":"render","name":"invoice-js","previousOperationId":"fzx0xn4dzm9dirg","timestamp":1684669089401,"id":"o5gyoxr4rt16nto","previousEventId":"b8e8xvtyifj0r2v","operationId":"t9lurcys54au8tt"}
{"type":"log","timestamp":1684669089402,"level":"info","message":"Starting rendering request 178","meta":{"rootId":"0kqk2ojbrsk6kss","id":"0kqk2ojbrsk6kss"},"id":"a5gyqwjkj033elc","previousOperationId":"t9lurcys54au8tt"}
{"type":"log","timestamp":1684669089402,"level":"info","message":"Rendering template { name: invoice-js, recipe: chrome-pdf, engine: handlebars, preview: false }","meta":{"rootId":"0kqk2ojbrsk6kss","id":"0kqk2ojbrsk6kss"},"id":"0aryfhjiggy4zwv","previousOperationId":"t9lurcys54au8tt"}
{"type":"log","timestamp":1684669089446,"level":"debug","message":"Inline data specified.","meta":{"rootId":"0kqk2ojbrsk6kss","id":"0kqk2ojbrsk6kss"},"id":"3jj7je1lwrv64ay","previousOperationId":"t9lurcys54au8tt"}
{"type":"log","timestamp":1684669089493,"level":"debug","message":"Base url not specified, skipping its injection.","meta":{"rootId":"0kqk2ojbrsk6kss","id":"0kqk2ojbrsk6kss"},"id":"63awd3j2ltt2y3b","previousOperationId":"t9lurcys54au8tt"}
{"type":"operationStart","subtype":"engine","name":"handlebars","timestamp":1684669089493,"id":"zf6qryzuzenjufu","previousEventId":"o5gyoxr4rt16nto","operationId":"cinm79bi5svanhp","previousOperationId":"t9lurcys54au8tt"}
{"type":"log","timestamp":1684669089493,"level":"debug","message":"Rendering engine handlebars","meta":{"rootId":"0kqk2ojbrsk6kss","id":"0kqk2ojbrsk6kss"},"id":"6eo2pahol7lf4tg","previousOperationId":"cinm79bi5svanhp"}
{"type":"operationEnd","operationId":"cinm79bi5svanhp","timestamp":1684669089528,"id":"w50e8p5nncw3hns","previousEventId":"zf6qryzuzenjufu","previousOperationId":"cinm79bi5svanhp"}
{"type":"operationStart","subtype":"recipe","name":"chrome-pdf","timestamp":1684669089528,"id":"0d798lhuc33kd42","previousEventId":"w50e8p5nncw3hns","operationId":"35en3d1ysjrnvky","previousOperationId":"cinm79bi5svanhp"}
{"type":"log","timestamp":1684669089528,"level":"debug","message":"Executing recipe chrome-pdf","meta":{"rootId":"0kqk2ojbrsk6kss","id":"0kqk2ojbrsk6kss"},"id":"28twol3uvbccbdp","previousOperationId":"35en3d1ysjrnvky"}
{"type":"log","timestamp":1684669089531,"level":"debug","message":"Starting child request to render pdf footer","meta":{"rootId":"0kqk2ojbrsk6kss","id":"0kqk2ojbrsk6kss"},"id":"5r0tq4fan9tjnvv","previousOperationId":"35en3d1ysjrnvky"}
{"type":"operationStart","subtype":"render","name":"anonymous","previousOperationId":"35en3d1ysjrnvky","timestamp":1684669089531,"id":"s52221yj93ln4hd","previousEventId":"0d798lhuc33kd42","operationId":"o7l1zr1ppcdyx2e"}
{"type":"log","timestamp":1684669089532,"level":"info","message":"Starting rendering (child) request","meta":{"rootId":"0kqk2ojbrsk6kss","id":"azlw370iwyvb7q4"},"id":"3uv5mi6fk5ixcoe","previousOperationId":"o7l1zr1ppcdyx2e"}
{"type":"log","timestamp":1684669089532,"level":"info","message":"Rendering anonymous template { recipe: html, engine: handlebars }","meta":{"rootId":"0kqk2ojbrsk6kss","id":"azlw370iwyvb7q4"},"id":"913jq3ax8ydbbp2","previousOperationId":"o7l1zr1ppcdyx2e"}
{"type":"log","timestamp":1684669089532,"level":"debug","message":"Inline data specified.","meta":{"rootId":"0kqk2ojbrsk6kss","id":"azlw370iwyvb7q4"},"id":"1hfm8bzih7maara","previousOperationId":"o7l1zr1ppcdyx2e"}
{"type":"log","timestamp":1684669089534,"level":"debug","message":"Base url not specified, skipping its injection.","meta":{"rootId":"0kqk2ojbrsk6kss","id":"azlw370iwyvb7q4"},"id":"gc9qv6hcrbc3171","previousOperationId":"o7l1zr1ppcdyx2e"}
{"type":"operationStart","subtype":"engine","name":"handlebars","timestamp":1684669089546,"id":"8q8a9edw3vqowia","previousEventId":"s52221yj93ln4hd","operationId":"w67ype0p2deeu7d","previousOperationId":"o7l1zr1ppcdyx2e"}
{"type":"log","timestamp":1684669089546,"level":"debug","message":"Rendering engine handlebars","meta":{"rootId":"0kqk2ojbrsk6kss","id":"azlw370iwyvb7q4"},"id":"1o301fjcffu7e60","previousOperationId":"w67ype0p2deeu7d"}
{"type":"operationEnd","operationId":"w67ype0p2deeu7d","timestamp":1684669089710,"id":"tk2b72zz6x4r5wu","previousEventId":"8q8a9edw3vqowia","previousOperationId":"w67ype0p2deeu7d"}
{"type":"operationStart","subtype":"recipe","name":"html","timestamp":1684669089710,"id":"bjo7ihu2la00ijm","previousEventId":"tk2b72zz6x4r5wu","operationId":"jp7uncxd0nby772","previousOperationId":"w67ype0p2deeu7d"}
{"type":"log","timestamp":1684669089710,"level":"debug","message":"Executing recipe html","meta":{"rootId":"0kqk2ojbrsk6kss","id":"azlw370iwyvb7q4"},"id":"nkn5xiu54mdrklb","previousOperationId":"jp7uncxd0nby772"}
{"type":"operationEnd","operationId":"jp7uncxd0nby772","timestamp":1684669089711,"id":"2hjj8n54zjpuvx0","previousEventId":"bjo7ihu2la00ijm","previousOperationId":"jp7uncxd0nby772"}
{"type":"log","timestamp":1684669089711,"level":"debug","message":"Skipping storing report.","meta":{"rootId":"0kqk2ojbrsk6kss","id":"azlw370iwyvb7q4"},"id":"1uxi6scxsjyuihi","previousOperationId":"jp7uncxd0nby772"}
{"type":"log","timestamp":1684669089711,"level":"info","message":"Rendering (child) request finished in 361 ms","meta":{"rootId":"0kqk2ojbrsk6kss","id":"azlw370iwyvb7q4"},"id":"vqm46mx1tqvyi8y","previousOperationId":"jp7uncxd0nby772"}
{"type":"operationEnd","subtype":"render","operationId":"o7l1zr1ppcdyx2e","timestamp":1684669089711,"id":"d4wefmleby2p83g","previousEventId":"2hjj8n54zjpuvx0","previousOperationId":"jp7uncxd0nby772"}
{"type":"log","timestamp":1684669089767,"level":"debug","message":"Converting with chrome HeadlessChrome/105.0.5173.0 using chrome-pool strategy","meta":{"rootId":"0kqk2ojbrsk6kss","id":"0kqk2ojbrsk6kss"},"id":"u9ksq4rrdiqvdp0","previousOperationId":"35en3d1ysjrnvky"}
{"type":"log","timestamp":1684669090079,"level":"debug","message":"Page request: GET (document) file:///C:/Users/Adebayo/AppData/Local/Temp/jsreport/autocleanup/d561eaf5-fc1b-47c2-94c7-f8a42862e940-chrome-pdf.html","meta":{"rootId":"0kqk2ojbrsk6kss","id":"0kqk2ojbrsk6kss"},"id":"rn2qq668mxy1kg6","previousOperationId":"35en3d1ysjrnvky"}
{"type":"log","timestamp":1684669090116,"level":"debug","message":"Page request finished: GET (document) 200 file:///C:/Users/Adebayo/AppData/Local/Temp/jsreport/autocleanup/d561eaf5-fc1b-47c2-94c7-f8a42862e940-chrome-pdf.html","meta":{"rootId":"0kqk2ojbrsk6kss","id":"0kqk2ojbrsk6kss"},"id":"l0vel9j0vi2qxu0","previousOperationId":"35en3d1ysjrnvky"}
{"type":"log","timestamp":1684669090122,"level":"debug","message":"Page request: GET (script) https://cdnjs.cloudflare.com/ajax/libs/Chart.js/2.1.6/Chart.min.js","meta":{"rootId":"0kqk2ojbrsk6kss","id":"0kqk2ojbrsk6kss"},"id":"dxq33xpqgqe1csn","previousOperationId":"35en3d1ysjrnvky"}
{"type":"log","timestamp":1684669090141,"level":"debug","message":"Page request finished: GET (script) 200 https://cdnjs.cloudflare.com/ajax/libs/Chart.js/2.1.6/Chart.min.js","meta":{"rootId":"0kqk2ojbrsk6kss","id":"0kqk2ojbrsk6kss"},"id":"s8a7esdz8b63uo1","previousOperationId":"35en3d1ysjrnvky"}
{"type":"log","timestamp":1684669090283,"level":"debug","message":"Running chrome with params {\"printBackground\":true,\"marginTop\":\"2cm\",\"marginRight\":\"1cm\",\"marginBottom\":\"2cm\",\"marginLeft\":\"1cm\",\"landscape\":false,\"format\":\"A4\",\"displayHeaderFooter\":true,\"footerTemplate\":\"...\",\"timeout\":59639,\"margin\":{\"top\":\"2cm\",\"right\":\"1cm\",\"bottom\":\"2cm\",\"left\":\"1cm\"}}","meta":{"rootId":"0kqk2ojbrsk6kss","id":"0kqk2ojbrsk6kss"},"id":"euuwsqr3hhler3i","previousOperationId":"35en3d1ysjrnvky"}
{"type":"operationEnd","operationId":"35en3d1ysjrnvky","timestamp":1684669090478,"id":"mmv1xuc5zukls4h","previousEventId":"0d798lhuc33kd42","previousOperationId":"35en3d1ysjrnvky"}
{"type":"log","timestamp":1684669090478,"level":"debug","message":"Skipping storing report.","meta":{"rootId":"0kqk2ojbrsk6kss","id":"0kqk2ojbrsk6kss"},"id":"a5xw9wi71fcgex3","previousOperationId":"35en3d1ysjrnvky"}
{"type":"log","timestamp":1684669090478,"level":"info","message":"Rendering request 178 finished in 1128 ms","meta":{"rootId":"0kqk2ojbrsk6kss","id":"0kqk2ojbrsk6kss"},"id":"djuq3fj1wkil4qh","previousOperationId":"35en3d1ysjrnvky"}
{"type":"operationEnd","subtype":"render","operationId":"t9lurcys54au8tt","timestamp":1684669090478,"id":"qn737d9lf28tx4v","previousEventId":"mmv1xuc5zukls4h","previousOperationId":"35en3d1ysjrnvky"}
{"type":"operationEnd","doDiffs":false,"previousEventId":"b8e8xvtyifj0r2v","previousOperationId":"fzx0xn4dzm9dirg","operationId":"fzx0xn4dzm9dirg","timestamp":1684669090488,"id":"tmsn8pamsi9h6ze"}
