{"type":"operationStart","subtype":"profile","data":{"_id":"LwyBkgiczPrJ2RV5","timestamp":"2023-05-21T11:16:18.649Z","state":"queued","mode":"standard","creationDate":"2023-05-21T11:16:18.651Z","modificationDate":"2023-05-21T11:16:18.651Z","shortid":"wXEAVhF","$entitySet":"profiles"},"doDiffs":false,"timestamp":1684667778650,"id":"mtynn47xyxeak9h","previousOperationId":null,"operationId":"zcrjy5nn40km2wm"}
{"type":"log","level":"info","message":"Render request 153 queued for execution and waiting for available worker","previousOperationId":"zcrjy5nn40km2wm","timestamp":1684667778650,"id":"p49bnqgqp8epdmk"}
{"type":"operationStart","subtype":"render","name":"invoice-js","previousOperationId":"zcrjy5nn40km2wm","timestamp":1684667778664,"id":"10wi593xahmiakd","previousEventId":"mtynn47xyxeak9h","operationId":"hxmvo0so5s2mz8u"}
{"type":"log","timestamp":1684667778664,"level":"info","message":"Starting rendering request 153","meta":{"rootId":"0ofk7l50ng20wno","id":"0ofk7l50ng20wno"},"id":"3zfs45z4ht4sjfq","previousOperationId":"hxmvo0so5s2mz8u"}
{"type":"log","timestamp":1684667778667,"level":"info","message":"Rendering template { name: invoice-js, recipe: chrome-pdf, engine: handlebars, preview: false }","meta":{"rootId":"0ofk7l50ng20wno","id":"0ofk7l50ng20wno"},"id":"uetdalfrbbwtgw1","previousOperationId":"hxmvo0so5s2mz8u"}
{"type":"log","timestamp":1684667778670,"level":"debug","message":"Inline data specified.","meta":{"rootId":"0ofk7l50ng20wno","id":"0ofk7l50ng20wno"},"id":"nb6a0glbvxjk4vl","previousOperationId":"hxmvo0so5s2mz8u"}
{"type":"log","timestamp":1684667778674,"level":"debug","message":"Base url not specified, skipping its injection.","meta":{"rootId":"0ofk7l50ng20wno","id":"0ofk7l50ng20wno"},"id":"1uuhuh6d31du3jh","previousOperationId":"hxmvo0so5s2mz8u"}
{"type":"operationStart","subtype":"engine","name":"handlebars","timestamp":1684667778680,"id":"x1t7s1zzb1na4n8","previousEventId":"10wi593xahmiakd","operationId":"vog6ftbtxuehvnt","previousOperationId":"hxmvo0so5s2mz8u"}
{"type":"log","timestamp":1684667778680,"level":"debug","message":"Rendering engine handlebars","meta":{"rootId":"0ofk7l50ng20wno","id":"0ofk7l50ng20wno"},"id":"gkjp2e5z6gj8oow","previousOperationId":"vog6ftbtxuehvnt"}
{"type":"operationEnd","operationId":"vog6ftbtxuehvnt","timestamp":1684667778710,"id":"jb371fubhle3ya3","previousEventId":"x1t7s1zzb1na4n8","previousOperationId":"vog6ftbtxuehvnt"}
{"type":"operationStart","subtype":"recipe","name":"chrome-pdf","timestamp":1684667778710,"id":"k5523zupe7xhg7f","previousEventId":"jb371fubhle3ya3","operationId":"jlr5q3a1gdu1hru","previousOperationId":"vog6ftbtxuehvnt"}
{"type":"log","timestamp":1684667778710,"level":"debug","message":"Executing recipe chrome-pdf","meta":{"rootId":"0ofk7l50ng20wno","id":"0ofk7l50ng20wno"},"id":"y8jedrtghy3r536","previousOperationId":"jlr5q3a1gdu1hru"}
{"type":"log","timestamp":1684667778713,"level":"debug","message":"Starting child request to render pdf footer","meta":{"rootId":"0ofk7l50ng20wno","id":"0ofk7l50ng20wno"},"id":"tfjltsdecnr0s0t","previousOperationId":"jlr5q3a1gdu1hru"}
{"type":"operationStart","subtype":"render","name":"anonymous","previousOperationId":"jlr5q3a1gdu1hru","timestamp":1684667778714,"id":"gyfc64ovok537v9","previousEventId":"k5523zupe7xhg7f","operationId":"7t9n3g2nocajysc"}
{"type":"log","timestamp":1684667778714,"level":"info","message":"Starting rendering (child) request","meta":{"rootId":"0ofk7l50ng20wno","id":"ig39db8xuwcohkk"},"id":"xfngbdote6s29fd","previousOperationId":"7t9n3g2nocajysc"}
{"type":"log","timestamp":1684667778714,"level":"info","message":"Rendering anonymous template { recipe: html, engine: handlebars }","meta":{"rootId":"0ofk7l50ng20wno","id":"ig39db8xuwcohkk"},"id":"mdf8rxminwin29g","previousOperationId":"7t9n3g2nocajysc"}
{"type":"log","timestamp":1684667778714,"level":"debug","message":"Inline data specified.","meta":{"rootId":"0ofk7l50ng20wno","id":"ig39db8xuwcohkk"},"id":"exp7s89o7a2zilf","previousOperationId":"7t9n3g2nocajysc"}
{"type":"log","timestamp":1684667778718,"level":"debug","message":"Base url not specified, skipping its injection.","meta":{"rootId":"0ofk7l50ng20wno","id":"ig39db8xuwcohkk"},"id":"loxmz2ulr45qvb7","previousOperationId":"7t9n3g2nocajysc"}
{"type":"operationStart","subtype":"engine","name":"handlebars","timestamp":1684667778721,"id":"mo38k8x8sh03503","previousEventId":"gyfc64ovok537v9","operationId":"kr5wk125hmkvjyt","previousOperationId":"7t9n3g2nocajysc"}
{"type":"log","timestamp":1684667778721,"level":"debug","message":"Rendering engine handlebars","meta":{"rootId":"0ofk7l50ng20wno","id":"ig39db8xuwcohkk"},"id":"syg9voxw32zazx4","previousOperationId":"kr5wk125hmkvjyt"}
{"type":"operationEnd","operationId":"kr5wk125hmkvjyt","timestamp":1684667778741,"id":"b3y51jm7u66zf0i","previousEventId":"mo38k8x8sh03503","previousOperationId":"kr5wk125hmkvjyt"}
{"type":"operationStart","subtype":"recipe","name":"html","timestamp":1684667778741,"id":"8gzd3sat91nw76o","previousEventId":"b3y51jm7u66zf0i","operationId":"e2assx9scqd68v2","previousOperationId":"kr5wk125hmkvjyt"}
{"type":"log","timestamp":1684667778741,"level":"debug","message":"Executing recipe html","meta":{"rootId":"0ofk7l50ng20wno","id":"ig39db8xuwcohkk"},"id":"71wxkj2fdyni8ah","previousOperationId":"e2assx9scqd68v2"}
{"type":"operationEnd","operationId":"e2assx9scqd68v2","timestamp":1684667778741,"id":"baxgdybnxidv2uo","previousEventId":"8gzd3sat91nw76o","previousOperationId":"e2assx9scqd68v2"}
{"type":"log","timestamp":1684667778741,"level":"debug","message":"Skipping storing report.","meta":{"rootId":"0ofk7l50ng20wno","id":"ig39db8xuwcohkk"},"id":"tof9mbls12y43ic","previousOperationId":"e2assx9scqd68v2"}
{"type":"log","timestamp":1684667778741,"level":"info","message":"Rendering (child) request finished in 93 ms","meta":{"rootId":"0ofk7l50ng20wno","id":"ig39db8xuwcohkk"},"id":"1era8rs6h3hwrgh","previousOperationId":"e2assx9scqd68v2"}
{"type":"operationEnd","subtype":"render","operationId":"7t9n3g2nocajysc","timestamp":1684667778741,"id":"l8q15ex5kk2ibqv","previousEventId":"baxgdybnxidv2uo","previousOperationId":"e2assx9scqd68v2"}
{"type":"log","timestamp":1684667778743,"level":"debug","message":"Converting with chrome HeadlessChrome/105.0.5173.0 using chrome-pool strategy","meta":{"rootId":"0ofk7l50ng20wno","id":"0ofk7l50ng20wno"},"id":"elkce0g9evje7xg","previousOperationId":"jlr5q3a1gdu1hru"}
{"type":"log","timestamp":1684667778942,"level":"debug","message":"Page request: GET (document) file:///C:/Users/Adebayo/AppData/Local/Temp/jsreport/autocleanup/3977d80b-cb13-4e35-9285-b5e0cad62fd7-chrome-pdf.html","meta":{"rootId":"0ofk7l50ng20wno","id":"0ofk7l50ng20wno"},"id":"j40c9jm4lsku17h","previousOperationId":"jlr5q3a1gdu1hru"}
{"type":"log","timestamp":1684667778968,"level":"debug","message":"Page request finished: GET (document) 200 file:///C:/Users/Adebayo/AppData/Local/Temp/jsreport/autocleanup/3977d80b-cb13-4e35-9285-b5e0cad62fd7-chrome-pdf.html","meta":{"rootId":"0ofk7l50ng20wno","id":"0ofk7l50ng20wno"},"id":"ogvgvhq0pbf24l3","previousOperationId":"jlr5q3a1gdu1hru"}
{"type":"log","timestamp":1684667778968,"level":"debug","message":"Page request: GET (script) https://cdnjs.cloudflare.com/ajax/libs/Chart.js/2.1.6/Chart.min.js","meta":{"rootId":"0ofk7l50ng20wno","id":"0ofk7l50ng20wno"},"id":"fv22syoxwi5r6qx","previousOperationId":"jlr5q3a1gdu1hru"}
{"type":"log","timestamp":1684667778975,"level":"debug","message":"Page request finished: GET (script) 200 https://cdnjs.cloudflare.com/ajax/libs/Chart.js/2.1.6/Chart.min.js","meta":{"rootId":"0ofk7l50ng20wno","id":"0ofk7l50ng20wno"},"id":"l5wwbe7ha589bey","previousOperationId":"jlr5q3a1gdu1hru"}
{"type":"log","timestamp":1684667778985,"level":"warn","message":"Page error: SyntaxError: Unexpected token ','","meta":{"rootId":"0ofk7l50ng20wno","id":"0ofk7l50ng20wno"},"id":"lybn30uty8mxte0","previousOperationId":"jlr5q3a1gdu1hru"}
{"type":"log","timestamp":1684667779010,"level":"debug","message":"Running chrome with params {\"printBackground\":true,\"marginTop\":\"2cm\",\"marginRight\":\"1cm\",\"marginBottom\":\"2cm\",\"marginLeft\":\"1cm\",\"landscape\":false,\"format\":\"A4\",\"displayHeaderFooter\":true,\"footerTemplate\":\"...\",\"timeout\":59906,\"margin\":{\"top\":\"2cm\",\"right\":\"1cm\",\"bottom\":\"2cm\",\"left\":\"1cm\"}}","meta":{"rootId":"0ofk7l50ng20wno","id":"0ofk7l50ng20wno"},"id":"ua28759fgetz3wb","previousOperationId":"jlr5q3a1gdu1hru"}
{"type":"operationEnd","operationId":"jlr5q3a1gdu1hru","timestamp":1684667779164,"id":"kx3sxhvqqr5ocdg","previousEventId":"k5523zupe7xhg7f","previousOperationId":"jlr5q3a1gdu1hru"}
{"type":"log","timestamp":1684667779164,"level":"debug","message":"Skipping storing report.","meta":{"rootId":"0ofk7l50ng20wno","id":"0ofk7l50ng20wno"},"id":"bbne41ewepdc3by","previousOperationId":"jlr5q3a1gdu1hru"}
{"type":"log","timestamp":1684667779164,"level":"info","message":"Rendering request 153 finished in 516 ms","meta":{"rootId":"0ofk7l50ng20wno","id":"0ofk7l50ng20wno"},"id":"z2ul00mxxuy7ise","previousOperationId":"jlr5q3a1gdu1hru"}
{"type":"operationEnd","subtype":"render","operationId":"hxmvo0so5s2mz8u","timestamp":1684667779164,"id":"fgaut68x4qrxc8e","previousEventId":"kx3sxhvqqr5ocdg","previousOperationId":"jlr5q3a1gdu1hru"}
{"type":"operationEnd","doDiffs":false,"previousEventId":"mtynn47xyxeak9h","previousOperationId":"zcrjy5nn40km2wm","operationId":"zcrjy5nn40km2wm","timestamp":1684667779176,"id":"clanpvyi22mqdri"}
