{"type":"operationStart","subtype":"profile","data":{"_id":"R9Zw9fsNFzAZjnJL","timestamp":"2023-05-21T11:37:13.865Z","state":"queued","mode":"standard","creationDate":"2023-05-21T11:37:13.871Z","modificationDate":"2023-05-21T11:37:13.871Z","shortid":"PBfFhv0","$entitySet":"profiles"},"doDiffs":false,"timestamp":1684669033868,"id":"22rg8wsmei18nmh","previousOperationId":null,"operationId":"f57y0xxu5cf6gyk"}
{"type":"log","level":"info","message":"Render request 177 queued for execution and waiting for available worker","previousOperationId":"f57y0xxu5cf6gyk","timestamp":1684669033868,"id":"0d2xmmi5tqntril"}
{"type":"operationStart","subtype":"render","name":"invoice-js","previousOperationId":"f57y0xxu5cf6gyk","timestamp":1684669033886,"id":"si4yl0uwy1pl6qc","previousEventId":"22rg8wsmei18nmh","operationId":"uawclu8qlicvi29"}
{"type":"log","timestamp":1684669033886,"level":"info","message":"Starting rendering request 177","meta":{"rootId":"0pcbfqpji5adebw","id":"0pcbfqpji5adebw"},"id":"239j3ya2ivmkl2r","previousOperationId":"uawclu8qlicvi29"}
{"type":"log","timestamp":1684669033887,"level":"info","message":"Rendering template { name: invoice-js, recipe: chrome-pdf, engine: handlebars, preview: false }","meta":{"rootId":"0pcbfqpji5adebw","id":"0pcbfqpji5adebw"},"id":"s7aylmnbnma9par","previousOperationId":"uawclu8qlicvi29"}
{"type":"log","timestamp":1684669033889,"level":"debug","message":"Inline data specified.","meta":{"rootId":"0pcbfqpji5adebw","id":"0pcbfqpji5adebw"},"id":"c969cnjq0vkq38j","previousOperationId":"uawclu8qlicvi29"}
{"type":"log","timestamp":1684669033898,"level":"debug","message":"Base url not specified, skipping its injection.","meta":{"rootId":"0pcbfqpji5adebw","id":"0pcbfqpji5adebw"},"id":"coun8wlma40a6um","previousOperationId":"uawclu8qlicvi29"}
{"type":"operationStart","subtype":"engine","name":"handlebars","timestamp":1684669033899,"id":"fn1gp87hvqfjelw","previousEventId":"si4yl0uwy1pl6qc","operationId":"0ujagovq4zvoj8k","previousOperationId":"uawclu8qlicvi29"}
{"type":"log","timestamp":1684669033899,"level":"debug","message":"Rendering engine handlebars","meta":{"rootId":"0pcbfqpji5adebw","id":"0pcbfqpji5adebw"},"id":"ohyc5uqvcj7761b","previousOperationId":"0ujagovq4zvoj8k"}
{"type":"operationEnd","operationId":"0ujagovq4zvoj8k","timestamp":1684669033939,"id":"ue9f2hrmbod0pmd","previousEventId":"fn1gp87hvqfjelw","previousOperationId":"0ujagovq4zvoj8k"}
{"type":"operationStart","subtype":"recipe","name":"chrome-pdf","timestamp":1684669033939,"id":"g2cjglbm6sm02bh","previousEventId":"ue9f2hrmbod0pmd","operationId":"nqpia3z3x5t824b","previousOperationId":"0ujagovq4zvoj8k"}
{"type":"log","timestamp":1684669033939,"level":"debug","message":"Executing recipe chrome-pdf","meta":{"rootId":"0pcbfqpji5adebw","id":"0pcbfqpji5adebw"},"id":"pa7f8wcp0h9mvap","previousOperationId":"nqpia3z3x5t824b"}
{"type":"log","timestamp":1684669033942,"level":"debug","message":"Starting child request to render pdf footer","meta":{"rootId":"0pcbfqpji5adebw","id":"0pcbfqpji5adebw"},"id":"ra5f2tcav9mainl","previousOperationId":"nqpia3z3x5t824b"}
{"type":"operationStart","subtype":"render","name":"anonymous","previousOperationId":"nqpia3z3x5t824b","timestamp":1684669033943,"id":"w0r5owgui7y7yl9","previousEventId":"g2cjglbm6sm02bh","operationId":"ivwrp07sk3faicc"}
{"type":"log","timestamp":1684669033943,"level":"info","message":"Starting rendering (child) request","meta":{"rootId":"0pcbfqpji5adebw","id":"bo27jyjqhjij5uq"},"id":"rx3o6ebxkja2bl9","previousOperationId":"ivwrp07sk3faicc"}
{"type":"log","timestamp":1684669033943,"level":"info","message":"Rendering anonymous template { recipe: html, engine: handlebars }","meta":{"rootId":"0pcbfqpji5adebw","id":"bo27jyjqhjij5uq"},"id":"48fs0ecfoefgnfq","previousOperationId":"ivwrp07sk3faicc"}
{"type":"log","timestamp":1684669033943,"level":"debug","message":"Inline data specified.","meta":{"rootId":"0pcbfqpji5adebw","id":"bo27jyjqhjij5uq"},"id":"34ssfgen9d897p8","previousOperationId":"ivwrp07sk3faicc"}
{"type":"log","timestamp":1684669033950,"level":"debug","message":"Base url not specified, skipping its injection.","meta":{"rootId":"0pcbfqpji5adebw","id":"bo27jyjqhjij5uq"},"id":"omqhbapp3m3vwgz","previousOperationId":"ivwrp07sk3faicc"}
{"type":"operationStart","subtype":"engine","name":"handlebars","timestamp":1684669033950,"id":"ne47s4a03zjo35d","previousEventId":"w0r5owgui7y7yl9","operationId":"ev3hqij9y13nj5g","previousOperationId":"ivwrp07sk3faicc"}
{"type":"log","timestamp":1684669033950,"level":"debug","message":"Rendering engine handlebars","meta":{"rootId":"0pcbfqpji5adebw","id":"bo27jyjqhjij5uq"},"id":"x9jnhjl5awri6mf","previousOperationId":"ev3hqij9y13nj5g"}
{"type":"operationEnd","operationId":"ev3hqij9y13nj5g","timestamp":1684669033982,"id":"ytvq3cb8wwzb3e5","previousEventId":"ne47s4a03zjo35d","previousOperationId":"ev3hqij9y13nj5g"}
{"type":"operationStart","subtype":"recipe","name":"html","timestamp":1684669033982,"id":"cgbcoesmf6vpv3p","previousEventId":"ytvq3cb8wwzb3e5","operationId":"ma31t12rha2zcuj","previousOperationId":"ev3hqij9y13nj5g"}
{"type":"log","timestamp":1684669033982,"level":"debug","message":"Executing recipe html","meta":{"rootId":"0pcbfqpji5adebw","id":"bo27jyjqhjij5uq"},"id":"l2uicffdj5n57b3","previousOperationId":"ma31t12rha2zcuj"}
{"type":"operationEnd","operationId":"ma31t12rha2zcuj","timestamp":1684669033982,"id":"rbpo4evizekqm98","previousEventId":"cgbcoesmf6vpv3p","previousOperationId":"ma31t12rha2zcuj"}
{"type":"log","timestamp":1684669033982,"level":"debug","message":"Skipping storing report.","meta":{"rootId":"0pcbfqpji5adebw","id":"bo27jyjqhjij5uq"},"id":"uy9fr38w3yqphn0","previousOperationId":"ma31t12rha2zcuj"}
{"type":"log","timestamp":1684669033982,"level":"info","message":"Rendering (child) request finished in 119 ms","meta":{"rootId":"0pcbfqpji5adebw","id":"bo27jyjqhjij5uq"},"id":"dvp0o7mlri2hzfa","previousOperationId":"ma31t12rha2zcuj"}
{"type":"operationEnd","subtype":"render","operationId":"ivwrp07sk3faicc","timestamp":1684669033982,"id":"2eq2dlmb8uy0ta0","previousEventId":"rbpo4evizekqm98","previousOperationId":"ma31t12rha2zcuj"}
{"type":"log","timestamp":1684669033985,"level":"debug","message":"Converting with chrome HeadlessChrome/105.0.5173.0 using chrome-pool strategy","meta":{"rootId":"0pcbfqpji5adebw","id":"0pcbfqpji5adebw"},"id":"6yhdmkhiggwdz6t","previousOperationId":"nqpia3z3x5t824b"}
{"type":"log","timestamp":1684669034258,"level":"debug","message":"Page request: GET (document) file:///C:/Users/Adebayo/AppData/Local/Temp/jsreport/autocleanup/0ad8e85d-fc77-4efc-9c67-dce8e452f0f8-chrome-pdf.html","meta":{"rootId":"0pcbfqpji5adebw","id":"0pcbfqpji5adebw"},"id":"y68lgx525v3x5qa","previousOperationId":"nqpia3z3x5t824b"}
{"type":"log","timestamp":1684669034286,"level":"debug","message":"Page request finished: GET (document) 200 file:///C:/Users/Adebayo/AppData/Local/Temp/jsreport/autocleanup/0ad8e85d-fc77-4efc-9c67-dce8e452f0f8-chrome-pdf.html","meta":{"rootId":"0pcbfqpji5adebw","id":"0pcbfqpji5adebw"},"id":"zmku0ew2xvdsdwx","previousOperationId":"nqpia3z3x5t824b"}
{"type":"log","timestamp":1684669034286,"level":"debug","message":"Page request: GET (script) https://cdnjs.cloudflare.com/ajax/libs/Chart.js/2.1.6/Chart.min.js","meta":{"rootId":"0pcbfqpji5adebw","id":"0pcbfqpji5adebw"},"id":"k7qyyn1y32jlbrw","previousOperationId":"nqpia3z3x5t824b"}
{"type":"log","timestamp":1684669034303,"level":"debug","message":"Page request finished: GET (script) 200 https://cdnjs.cloudflare.com/ajax/libs/Chart.js/2.1.6/Chart.min.js","meta":{"rootId":"0pcbfqpji5adebw","id":"0pcbfqpji5adebw"},"id":"37g0gfu3d1vd14x","previousOperationId":"nqpia3z3x5t824b"}
{"type":"log","timestamp":1684669034314,"level":"warn","message":"Page error: SyntaxError: Unexpected token ','","meta":{"rootId":"0pcbfqpji5adebw","id":"0pcbfqpji5adebw"},"id":"8d8yb3ymrp2bovh","previousOperationId":"nqpia3z3x5t824b"}
{"type":"log","timestamp":1684669034321,"level":"debug","message":"Running chrome with params {\"printBackground\":true,\"marginTop\":\"2cm\",\"marginRight\":\"1cm\",\"marginBottom\":\"2cm\",\"marginLeft\":\"1cm\",\"landscape\":false,\"format\":\"A4\",\"displayHeaderFooter\":true,\"footerTemplate\":\"...\",\"timeout\":59880,\"margin\":{\"top\":\"2cm\",\"right\":\"1cm\",\"bottom\":\"2cm\",\"left\":\"1cm\"}}","meta":{"rootId":"0pcbfqpji5adebw","id":"0pcbfqpji5adebw"},"id":"ixga15jahoqc2hs","previousOperationId":"nqpia3z3x5t824b"}
{"type":"operationEnd","operationId":"nqpia3z3x5t824b","timestamp":1684669034685,"id":"v1y0d8m78eeci4p","previousEventId":"g2cjglbm6sm02bh","previousOperationId":"nqpia3z3x5t824b"}
{"type":"log","timestamp":1684669034685,"level":"debug","message":"Skipping storing report.","meta":{"rootId":"0pcbfqpji5adebw","id":"0pcbfqpji5adebw"},"id":"jf896sxct92ec6b","previousOperationId":"nqpia3z3x5t824b"}
{"type":"log","timestamp":1684669034685,"level":"info","message":"Rendering request 177 finished in 822 ms","meta":{"rootId":"0pcbfqpji5adebw","id":"0pcbfqpji5adebw"},"id":"0jt09nfr5owdk1l","previousOperationId":"nqpia3z3x5t824b"}
{"type":"operationEnd","subtype":"render","operationId":"uawclu8qlicvi29","timestamp":1684669034686,"id":"3b0ycd9au0ej5vq","previousEventId":"v1y0d8m78eeci4p","previousOperationId":"nqpia3z3x5t824b"}
{"type":"operationEnd","doDiffs":false,"previousEventId":"22rg8wsmei18nmh","previousOperationId":"f57y0xxu5cf6gyk","operationId":"f57y0xxu5cf6gyk","timestamp":1684669034695,"id":"9j9mcnmwooft24b"}
