{"type":"operationStart","subtype":"profile","data":{"_id":"jOZzgvdjSi6GP04y","timestamp":"2023-05-21T07:24:40.773Z","state":"queued","mode":"standard","creationDate":"2023-05-21T07:24:40.776Z","modificationDate":"2023-05-21T07:24:40.776Z","shortid":"OywmQoe","$entitySet":"profiles"},"doDiffs":false,"timestamp":1684653880774,"id":"xihzc87xz4j3knr","previousOperationId":null,"operationId":"7m81xplglxzvy2r"}
{"type":"log","level":"info","message":"Render request 126 queued for execution and waiting for available worker","previousOperationId":"7m81xplglxzvy2r","timestamp":1684653880774,"id":"ye6s8pf9x19x5xe"}
{"type":"operationStart","subtype":"render","name":"invoice-js","previousOperationId":"7m81xplglxzvy2r","timestamp":1684653880793,"id":"yanb037prn5jvbb","previousEventId":"xihzc87xz4j3knr","operationId":"i66a6vshudkgpmm"}
{"type":"log","timestamp":1684653880793,"level":"info","message":"Starting rendering request 126","meta":{"rootId":"0w2srvqxxw2lq5y","id":"0w2srvqxxw2lq5y"},"id":"523crj9gve18pyh","previousOperationId":"i66a6vshudkgpmm"}
{"type":"log","timestamp":1684653880793,"level":"info","message":"Rendering template { name: invoice-js, recipe: chrome-pdf, engine: handlebars, preview: true }","meta":{"rootId":"0w2srvqxxw2lq5y","id":"0w2srvqxxw2lq5y"},"id":"lb8dt1ioo789jcw","previousOperationId":"i66a6vshudkgpmm"}
{"type":"log","timestamp":1684653880795,"level":"debug","message":"Inline data specified.","meta":{"rootId":"0w2srvqxxw2lq5y","id":"0w2srvqxxw2lq5y"},"id":"ixjj4c5xei9x4yc","previousOperationId":"i66a6vshudkgpmm"}
{"type":"log","timestamp":1684653880800,"level":"debug","message":"Base url not specified, skipping its injection.","meta":{"rootId":"0w2srvqxxw2lq5y","id":"0w2srvqxxw2lq5y"},"id":"ga7iq44wvk6mxay","previousOperationId":"i66a6vshudkgpmm"}
{"type":"operationStart","subtype":"engine","name":"handlebars","timestamp":1684653880800,"id":"5bm4xfbny2juxod","previousEventId":"yanb037prn5jvbb","operationId":"uorhf2cyn2jps30","previousOperationId":"i66a6vshudkgpmm"}
{"type":"log","timestamp":1684653880800,"level":"debug","message":"Rendering engine handlebars","meta":{"rootId":"0w2srvqxxw2lq5y","id":"0w2srvqxxw2lq5y"},"id":"t5750zkmsxy1qs6","previousOperationId":"uorhf2cyn2jps30"}
{"type":"operationEnd","operationId":"uorhf2cyn2jps30","timestamp":1684653880827,"id":"qfm534zoswiz8np","previousEventId":"5bm4xfbny2juxod","previousOperationId":"uorhf2cyn2jps30"}
{"type":"operationStart","subtype":"recipe","name":"chrome-pdf","timestamp":1684653880827,"id":"h7icsuvve4f71ov","previousEventId":"qfm534zoswiz8np","operationId":"77onqoiwxdexwog","previousOperationId":"uorhf2cyn2jps30"}
{"type":"log","timestamp":1684653880827,"level":"debug","message":"Executing recipe chrome-pdf","meta":{"rootId":"0w2srvqxxw2lq5y","id":"0w2srvqxxw2lq5y"},"id":"kvpayhrkftgafn5","previousOperationId":"77onqoiwxdexwog"}
{"type":"log","timestamp":1684653880830,"level":"debug","message":"Starting child request to render pdf footer","meta":{"rootId":"0w2srvqxxw2lq5y","id":"0w2srvqxxw2lq5y"},"id":"jsp9ee7kx3hh4n9","previousOperationId":"77onqoiwxdexwog"}
{"type":"operationStart","subtype":"render","name":"anonymous","previousOperationId":"77onqoiwxdexwog","timestamp":1684653880830,"id":"5egaa35rflakntu","previousEventId":"h7icsuvve4f71ov","operationId":"0i8hxcpx22r7nm5"}
{"type":"log","timestamp":1684653880830,"level":"info","message":"Starting rendering (child) request","meta":{"rootId":"0w2srvqxxw2lq5y","id":"ocwqd1o40gyrv55"},"id":"o14ho5lyq9rc6qa","previousOperationId":"0i8hxcpx22r7nm5"}
{"type":"log","timestamp":1684653880830,"level":"info","message":"Rendering anonymous template { recipe: html, engine: handlebars }","meta":{"rootId":"0w2srvqxxw2lq5y","id":"ocwqd1o40gyrv55"},"id":"o8nba0pgxyuk9en","previousOperationId":"0i8hxcpx22r7nm5"}
{"type":"log","timestamp":1684653880830,"level":"debug","message":"Inline data specified.","meta":{"rootId":"0w2srvqxxw2lq5y","id":"ocwqd1o40gyrv55"},"id":"mkfgm1q80o0k20h","previousOperationId":"0i8hxcpx22r7nm5"}
{"type":"log","timestamp":1684653880834,"level":"debug","message":"Base url not specified, skipping its injection.","meta":{"rootId":"0w2srvqxxw2lq5y","id":"ocwqd1o40gyrv55"},"id":"ga5s6po8pwl1l1j","previousOperationId":"0i8hxcpx22r7nm5"}
{"type":"operationStart","subtype":"engine","name":"handlebars","timestamp":1684653880835,"id":"zubonvueqichd6c","previousEventId":"5egaa35rflakntu","operationId":"nv14wh8cto5wdmd","previousOperationId":"0i8hxcpx22r7nm5"}
{"type":"log","timestamp":1684653880835,"level":"debug","message":"Rendering engine handlebars","meta":{"rootId":"0w2srvqxxw2lq5y","id":"ocwqd1o40gyrv55"},"id":"rzjm2h8ix67whg5","previousOperationId":"nv14wh8cto5wdmd"}
{"type":"operationEnd","operationId":"nv14wh8cto5wdmd","timestamp":1684653880858,"id":"rs5kmfuqbfwul2t","previousEventId":"zubonvueqichd6c","previousOperationId":"nv14wh8cto5wdmd"}
{"type":"operationStart","subtype":"recipe","name":"html","timestamp":1684653880858,"id":"l8ojbct2bd6tn7a","previousEventId":"rs5kmfuqbfwul2t","operationId":"uorz40j7kn93gda","previousOperationId":"nv14wh8cto5wdmd"}
{"type":"log","timestamp":1684653880860,"level":"debug","message":"Executing recipe html","meta":{"rootId":"0w2srvqxxw2lq5y","id":"ocwqd1o40gyrv55"},"id":"mbycss7m2gm1m87","previousOperationId":"uorz40j7kn93gda"}
{"type":"operationEnd","operationId":"uorz40j7kn93gda","timestamp":1684653880860,"id":"0i06xtuxc8rok7e","previousEventId":"l8ojbct2bd6tn7a","previousOperationId":"uorz40j7kn93gda"}
{"type":"log","timestamp":1684653880860,"level":"debug","message":"Skipping storing report.","meta":{"rootId":"0w2srvqxxw2lq5y","id":"ocwqd1o40gyrv55"},"id":"a05fmv8eqs0r2vi","previousOperationId":"uorz40j7kn93gda"}
{"type":"log","timestamp":1684653880860,"level":"info","message":"Rendering (child) request finished in 87 ms","meta":{"rootId":"0w2srvqxxw2lq5y","id":"ocwqd1o40gyrv55"},"id":"5uewn7i5j1uiqgd","previousOperationId":"uorz40j7kn93gda"}
{"type":"operationEnd","subtype":"render","operationId":"0i8hxcpx22r7nm5","timestamp":1684653880860,"id":"pzqcc72xs5kmyw8","previousEventId":"0i06xtuxc8rok7e","previousOperationId":"uorz40j7kn93gda"}
{"type":"log","timestamp":1684653880862,"level":"debug","message":"Converting with chrome HeadlessChrome/105.0.5173.0 using chrome-pool strategy","meta":{"rootId":"0w2srvqxxw2lq5y","id":"0w2srvqxxw2lq5y"},"id":"ilvz7ocex6juwok","previousOperationId":"77onqoiwxdexwog"}
{"type":"log","timestamp":1684653880992,"level":"debug","message":"Page request: GET (document) file:///C:/Users/Adebayo/AppData/Local/Temp/jsreport/autocleanup/353d1d35-465c-4d01-b7f4-45938ce6a650-chrome-pdf.html","meta":{"rootId":"0w2srvqxxw2lq5y","id":"0w2srvqxxw2lq5y"},"id":"l30g8x8irm7lqd4","previousOperationId":"77onqoiwxdexwog"}
{"type":"log","timestamp":1684653881010,"level":"debug","message":"Page request finished: GET (document) 200 file:///C:/Users/Adebayo/AppData/Local/Temp/jsreport/autocleanup/353d1d35-465c-4d01-b7f4-45938ce6a650-chrome-pdf.html","meta":{"rootId":"0w2srvqxxw2lq5y","id":"0w2srvqxxw2lq5y"},"id":"zhreyzumsk2b7bt","previousOperationId":"77onqoiwxdexwog"}
{"type":"log","timestamp":1684653881010,"level":"debug","message":"Page request: GET (script) https://cdnjs.cloudflare.com/ajax/libs/Chart.js/2.1.6/Chart.min.js","meta":{"rootId":"0w2srvqxxw2lq5y","id":"0w2srvqxxw2lq5y"},"id":"v4ofxqqi5c7mrff","previousOperationId":"77onqoiwxdexwog"}
{"type":"log","timestamp":1684653881020,"level":"debug","message":"Page request finished: GET (script) 200 https://cdnjs.cloudflare.com/ajax/libs/Chart.js/2.1.6/Chart.min.js","meta":{"rootId":"0w2srvqxxw2lq5y","id":"0w2srvqxxw2lq5y"},"id":"fmelw5ggtl5dfqu","previousOperationId":"77onqoiwxdexwog"}
{"type":"log","timestamp":1684653881078,"level":"debug","message":"Running chrome with params {\"printBackground\":true,\"marginTop\":\"2cm\",\"marginRight\":\"1cm\",\"marginBottom\":\"2cm\",\"marginLeft\":\"1cm\",\"landscape\":false,\"format\":\"A4\",\"displayHeaderFooter\":true,\"footerTemplate\":\"...\",\"timeout\":59913,\"margin\":{\"top\":\"2cm\",\"right\":\"1cm\",\"bottom\":\"2cm\",\"left\":\"1cm\"}}","meta":{"rootId":"0w2srvqxxw2lq5y","id":"0w2srvqxxw2lq5y"},"id":"0hps7ejqo4jn5pv","previousOperationId":"77onqoiwxdexwog"}
{"type":"operationEnd","operationId":"77onqoiwxdexwog","timestamp":1684653881168,"id":"vo7zu8mwghyohvx","previousEventId":"h7icsuvve4f71ov","previousOperationId":"77onqoiwxdexwog"}
{"type":"log","timestamp":1684653881168,"level":"debug","message":"Skipping storing report.","meta":{"rootId":"0w2srvqxxw2lq5y","id":"0w2srvqxxw2lq5y"},"id":"x6xjt3mdljryj5d","previousOperationId":"77onqoiwxdexwog"}
{"type":"log","timestamp":1684653881168,"level":"info","message":"Rendering request 126 finished in 395 ms","meta":{"rootId":"0w2srvqxxw2lq5y","id":"0w2srvqxxw2lq5y"},"id":"6f0i40d3m38q37e","previousOperationId":"77onqoiwxdexwog"}
{"type":"operationEnd","subtype":"render","operationId":"i66a6vshudkgpmm","timestamp":1684653881168,"id":"9zxss2b0hhdhpz3","previousEventId":"vo7zu8mwghyohvx","previousOperationId":"77onqoiwxdexwog"}
{"type":"operationEnd","doDiffs":false,"previousEventId":"xihzc87xz4j3knr","previousOperationId":"7m81xplglxzvy2r","operationId":"7m81xplglxzvy2r","timestamp":1684653881175,"id":"eh5u3tkfuvg8blv"}
