{"type":"operationStart","subtype":"profile","data":{"_id":"Mq867gKzmAK9ExC7","timestamp":"2023-05-21T05:43:56.797Z","state":"queued","mode":"standard","creationDate":"2023-05-21T05:43:56.799Z","modificationDate":"2023-05-21T05:43:56.799Z","shortid":"YmdykNY","$entitySet":"profiles"},"doDiffs":false,"timestamp":1684647836798,"id":"lr91ajwgxyu9hn1","previousOperationId":null,"operationId":"4p3ta9qluo6yycu"}
{"type":"log","level":"info","message":"Render request 44 queued for execution and waiting for available worker","previousOperationId":"4p3ta9qluo6yycu","timestamp":1684647836799,"id":"e48jkxm0y50jqbj"}
{"type":"operationStart","subtype":"render","name":"invoice-js","previousOperationId":"4p3ta9qluo6yycu","timestamp":1684647836809,"id":"rjmwd3aqt9aibur","previousEventId":"lr91ajwgxyu9hn1","operationId":"i4himzqkhow0c4d"}
{"type":"log","timestamp":1684647836809,"level":"info","message":"Starting rendering request 44","meta":{"rootId":"16kopbw7qi7ys6u","id":"16kopbw7qi7ys6u"},"id":"u7y8771e469j6nd","previousOperationId":"i4himzqkhow0c4d"}
{"type":"log","timestamp":1684647836809,"level":"info","message":"Rendering template { name: invoice-js, recipe: chrome-pdf, engine: handlebars, preview: true }","meta":{"rootId":"16kopbw7qi7ys6u","id":"16kopbw7qi7ys6u"},"id":"99ayumy1t97mdfg","previousOperationId":"i4himzqkhow0c4d"}
{"type":"log","timestamp":1684647836811,"level":"debug","message":"Inline data specified.","meta":{"rootId":"16kopbw7qi7ys6u","id":"16kopbw7qi7ys6u"},"id":"pcw74w353dkzm4j","previousOperationId":"i4himzqkhow0c4d"}
{"type":"log","timestamp":1684647836814,"level":"debug","message":"Base url not specified, skipping its injection.","meta":{"rootId":"16kopbw7qi7ys6u","id":"16kopbw7qi7ys6u"},"id":"2i8it1gh943jvly","previousOperationId":"i4himzqkhow0c4d"}
{"type":"operationStart","subtype":"engine","name":"handlebars","timestamp":1684647836814,"id":"55eep38q58gygif","previousEventId":"rjmwd3aqt9aibur","operationId":"j2dlwe1yw3lqg5k","previousOperationId":"i4himzqkhow0c4d"}
{"type":"log","timestamp":1684647836814,"level":"debug","message":"Rendering engine handlebars","meta":{"rootId":"16kopbw7qi7ys6u","id":"16kopbw7qi7ys6u"},"id":"0f0owidqanh70oe","previousOperationId":"j2dlwe1yw3lqg5k"}
{"type":"operationEnd","operationId":"j2dlwe1yw3lqg5k","timestamp":1684647836830,"id":"wwkyu5zzk9in7g2","previousEventId":"55eep38q58gygif","previousOperationId":"j2dlwe1yw3lqg5k"}
{"type":"operationStart","subtype":"recipe","name":"chrome-pdf","timestamp":1684647836831,"id":"36ld80zwsj3m06l","previousEventId":"wwkyu5zzk9in7g2","operationId":"o6a6dhllqvsctd9","previousOperationId":"j2dlwe1yw3lqg5k"}
{"type":"log","timestamp":1684647836831,"level":"debug","message":"Executing recipe chrome-pdf","meta":{"rootId":"16kopbw7qi7ys6u","id":"16kopbw7qi7ys6u"},"id":"n0l0m9wpam63hw4","previousOperationId":"o6a6dhllqvsctd9"}
{"type":"log","timestamp":1684647836866,"level":"debug","message":"Converting with chrome HeadlessChrome/105.0.5173.0 using chrome-pool strategy","meta":{"rootId":"16kopbw7qi7ys6u","id":"16kopbw7qi7ys6u"},"id":"csrhdmu5fgw7er6","previousOperationId":"o6a6dhllqvsctd9"}
{"type":"log","timestamp":1684647836968,"level":"debug","message":"Page request: GET (document) file:///C:/Users/Adebayo/AppData/Local/Temp/jsreport/autocleanup/927302c3-b3dc-4cff-879d-516ab218d747-chrome-pdf.html","meta":{"rootId":"16kopbw7qi7ys6u","id":"16kopbw7qi7ys6u"},"id":"p7b0o254zrqckec","previousOperationId":"o6a6dhllqvsctd9"}
{"type":"log","timestamp":1684647836979,"level":"debug","message":"Page request finished: GET (document) 200 file:///C:/Users/Adebayo/AppData/Local/Temp/jsreport/autocleanup/927302c3-b3dc-4cff-879d-516ab218d747-chrome-pdf.html","meta":{"rootId":"16kopbw7qi7ys6u","id":"16kopbw7qi7ys6u"},"id":"vndgk5muh4xn9p3","previousOperationId":"o6a6dhllqvsctd9"}
{"type":"log","timestamp":1684647836980,"level":"debug","message":"Page request: GET (script) https://cdn.jsdelivr.net/npm/chart.js","meta":{"rootId":"16kopbw7qi7ys6u","id":"16kopbw7qi7ys6u"},"id":"hvmvui67tpu3wz2","previousOperationId":"o6a6dhllqvsctd9"}
{"type":"log","timestamp":1684647836987,"level":"debug","message":"Page request finished: GET (script) 200 https://cdn.jsdelivr.net/npm/chart.js","meta":{"rootId":"16kopbw7qi7ys6u","id":"16kopbw7qi7ys6u"},"id":"u06me9isapswgnx","previousOperationId":"o6a6dhllqvsctd9"}
{"type":"log","timestamp":1684647836991,"level":"warn","message":"Page error: SyntaxError: Unexpected identifier","meta":{"rootId":"16kopbw7qi7ys6u","id":"16kopbw7qi7ys6u"},"id":"4xsn52burfyujkl","previousOperationId":"o6a6dhllqvsctd9"}
{"type":"log","timestamp":1684647836994,"level":"debug","message":"Running chrome with params {\"printBackground\":true,\"marginTop\":\"2cm\",\"marginRight\":\"1cm\",\"marginBottom\":\"2cm\",\"marginLeft\":\"1cm\",\"landscape\":false,\"format\":\"A4\",\"displayHeaderFooter\":true,\"timeout\":59934,\"margin\":{\"top\":\"2cm\",\"right\":\"1cm\",\"bottom\":\"2cm\",\"left\":\"1cm\"}}","meta":{"rootId":"16kopbw7qi7ys6u","id":"16kopbw7qi7ys6u"},"id":"9d0ougu6nj32ebz","previousOperationId":"o6a6dhllqvsctd9"}
{"type":"operationEnd","operationId":"o6a6dhllqvsctd9","timestamp":1684647837095,"id":"fwex4xe0lnbdwzk","previousEventId":"36ld80zwsj3m06l","previousOperationId":"o6a6dhllqvsctd9"}
{"type":"log","timestamp":1684647837095,"level":"debug","message":"Skipping storing report.","meta":{"rootId":"16kopbw7qi7ys6u","id":"16kopbw7qi7ys6u"},"id":"q8odom7wu271sze","previousOperationId":"o6a6dhllqvsctd9"}
{"type":"log","timestamp":1684647837095,"level":"info","message":"Rendering request 44 finished in 298 ms","meta":{"rootId":"16kopbw7qi7ys6u","id":"16kopbw7qi7ys6u"},"id":"18fx42456zsbrdm","previousOperationId":"o6a6dhllqvsctd9"}
{"type":"operationEnd","subtype":"render","operationId":"i4himzqkhow0c4d","timestamp":1684647837095,"id":"6e0cv4rwubxwhqr","previousEventId":"fwex4xe0lnbdwzk","previousOperationId":"o6a6dhllqvsctd9"}
{"type":"operationEnd","doDiffs":false,"previousEventId":"lr91ajwgxyu9hn1","previousOperationId":"4p3ta9qluo6yycu","operationId":"4p3ta9qluo6yycu","timestamp":1684647837102,"id":"kj0m9u7ams4jbqs"}
