{"type":"operationStart","subtype":"profile","data":{"_id":"1bJ0D3pUcQ7kB3JY","timestamp":"2023-05-21T05:36:39.071Z","state":"queued","mode":"standard","creationDate":"2023-05-21T05:36:39.073Z","modificationDate":"2023-05-21T05:36:39.073Z","shortid":"20pFXO8","$entitySet":"profiles"},"doDiffs":false,"timestamp":1684647399072,"id":"jl97x4o6a9k4ser","previousOperationId":null,"operationId":"gxmzv41o5avv55p"}
{"type":"log","level":"info","message":"Render request 39 queued for execution and waiting for available worker","previousOperationId":"gxmzv41o5avv55p","timestamp":1684647399072,"id":"tmaz4inhetq44v9"}
{"type":"operationStart","subtype":"render","name":"invoice-js","previousOperationId":"gxmzv41o5avv55p","timestamp":1684647399084,"id":"s8t3fnyewidpqdh","previousEventId":"jl97x4o6a9k4ser","operationId":"57pkcj33b5o1nn3"}
{"type":"log","timestamp":1684647399085,"level":"info","message":"Starting rendering request 39","meta":{"rootId":"1h28qs834d1so48","id":"1h28qs834d1so48"},"id":"nt9i466rh1cyqx4","previousOperationId":"57pkcj33b5o1nn3"}
{"type":"log","timestamp":1684647399085,"level":"info","message":"Rendering template { name: invoice-js, recipe: chrome-pdf, engine: handlebars, preview: true }","meta":{"rootId":"1h28qs834d1so48","id":"1h28qs834d1so48"},"id":"ovr7vyupbj5e0f3","previousOperationId":"57pkcj33b5o1nn3"}
{"type":"log","timestamp":1684647399086,"level":"debug","message":"Inline data specified.","meta":{"rootId":"1h28qs834d1so48","id":"1h28qs834d1so48"},"id":"gey216devokrill","previousOperationId":"57pkcj33b5o1nn3"}
{"type":"log","timestamp":1684647399123,"level":"debug","message":"Base url not specified, skipping its injection.","meta":{"rootId":"1h28qs834d1so48","id":"1h28qs834d1so48"},"id":"zd9387zfywgyn4n","previousOperationId":"57pkcj33b5o1nn3"}
{"type":"operationStart","subtype":"engine","name":"handlebars","timestamp":1684647399123,"id":"qf3gw3ptl72c5ar","previousEventId":"s8t3fnyewidpqdh","operationId":"uv966cwvwirizr9","previousOperationId":"57pkcj33b5o1nn3"}
{"type":"log","timestamp":1684647399124,"level":"debug","message":"Rendering engine handlebars","meta":{"rootId":"1h28qs834d1so48","id":"1h28qs834d1so48"},"id":"wd8y530g5jhkv56","previousOperationId":"uv966cwvwirizr9"}
{"type":"operationEnd","operationId":"uv966cwvwirizr9","timestamp":1684647399143,"id":"h1mw2057mnpmfse","previousEventId":"qf3gw3ptl72c5ar","previousOperationId":"uv966cwvwirizr9"}
{"type":"operationStart","subtype":"recipe","name":"chrome-pdf","timestamp":1684647399143,"id":"da3lhjhf3krvbfd","previousEventId":"h1mw2057mnpmfse","operationId":"0b2snp6extpdpyd","previousOperationId":"uv966cwvwirizr9"}
{"type":"log","timestamp":1684647399143,"level":"debug","message":"Executing recipe chrome-pdf","meta":{"rootId":"1h28qs834d1so48","id":"1h28qs834d1so48"},"id":"dv401tb17fzzke0","previousOperationId":"0b2snp6extpdpyd"}
{"type":"log","timestamp":1684647399148,"level":"debug","message":"Converting with chrome HeadlessChrome/105.0.5173.0 using chrome-pool strategy","meta":{"rootId":"1h28qs834d1so48","id":"1h28qs834d1so48"},"id":"w8y7a73c49r3c9t","previousOperationId":"0b2snp6extpdpyd"}
{"type":"log","timestamp":1684647399253,"level":"debug","message":"Page request: GET (document) file:///C:/Users/Adebayo/AppData/Local/Temp/jsreport/autocleanup/0458ce30-d0e4-4a34-95bd-2b4fc83d5b11-chrome-pdf.html","meta":{"rootId":"1h28qs834d1so48","id":"1h28qs834d1so48"},"id":"otwya3v7bxi9zw0","previousOperationId":"0b2snp6extpdpyd"}
{"type":"log","timestamp":1684647399267,"level":"debug","message":"Page request finished: GET (document) 200 file:///C:/Users/Adebayo/AppData/Local/Temp/jsreport/autocleanup/0458ce30-d0e4-4a34-95bd-2b4fc83d5b11-chrome-pdf.html","meta":{"rootId":"1h28qs834d1so48","id":"1h28qs834d1so48"},"id":"nxegaopxzk60suw","previousOperationId":"0b2snp6extpdpyd"}
{"type":"log","timestamp":1684647399267,"level":"debug","message":"Page request: GET (script) https://cdn.jsdelivr.net/npm/chart.js","meta":{"rootId":"1h28qs834d1so48","id":"1h28qs834d1so48"},"id":"hfv75hr5rf4xztq","previousOperationId":"0b2snp6extpdpyd"}
{"type":"log","timestamp":1684647419728,"level":"warn","message":"Page request failed: GET (script) https://cdn.jsdelivr.net/npm/chart.js, failure: net::ERR_CONNECTION_CLOSED","meta":{"rootId":"1h28qs834d1so48","id":"1h28qs834d1so48"},"id":"wucqwn9nfhysndc","previousOperationId":"0b2snp6extpdpyd"}
{"type":"log","timestamp":1684647419730,"level":"debug","message":"(console:error) Failed to load resource: net::ERR_CONNECTION_CLOSED","meta":{"userLevel":true,"rootId":"1h28qs834d1so48","id":"1h28qs834d1so48"},"id":"l0j6pptbm1hsnp6","previousOperationId":"0b2snp6extpdpyd"}
{"type":"log","timestamp":1684647419737,"level":"warn","message":"Page error: ReferenceError: Chart is not defined\n    at file:///C:/Users/Adebayo/AppData/Local/Temp/jsreport/autocleanup/0458ce30-d0e4-4a34-95bd-2b4fc83d5b11-chrome-pdf.html:12:19","meta":{"rootId":"1h28qs834d1so48","id":"1h28qs834d1so48"},"id":"d3mqr9jmrfkmic3","previousOperationId":"0b2snp6extpdpyd"}
{"type":"log","timestamp":1684647419742,"level":"debug","message":"Running chrome with params {\"printBackground\":true,\"marginTop\":\"2cm\",\"marginRight\":\"1cm\",\"marginBottom\":\"2cm\",\"marginLeft\":\"1cm\",\"landscape\":false,\"format\":\"A4\",\"displayHeaderFooter\":true,\"timeout\":59924,\"margin\":{\"top\":\"2cm\",\"right\":\"1cm\",\"bottom\":\"2cm\",\"left\":\"1cm\"}}","meta":{"rootId":"1h28qs834d1so48","id":"1h28qs834d1so48"},"id":"dow82nugrhlueda","previousOperationId":"0b2snp6extpdpyd"}
{"type":"operationEnd","operationId":"0b2snp6extpdpyd","timestamp":1684647419914,"id":"rffq05en9m6lt4a","previousEventId":"da3lhjhf3krvbfd","previousOperationId":"0b2snp6extpdpyd"}
{"type":"log","timestamp":1684647419915,"level":"debug","message":"Skipping storing report.","meta":{"rootId":"1h28qs834d1so48","id":"1h28qs834d1so48"},"id":"cdw7ybrox9fsezc","previousOperationId":"0b2snp6extpdpyd"}
{"type":"log","timestamp":1684647419915,"level":"info","message":"Rendering request 39 finished in 20844 ms","meta":{"rootId":"1h28qs834d1so48","id":"1h28qs834d1so48"},"id":"zwknnojayd0bw8j","previousOperationId":"0b2snp6extpdpyd"}
{"type":"operationEnd","subtype":"render","operationId":"57pkcj33b5o1nn3","timestamp":1684647419915,"id":"s82ar7pcxpzi2z1","previousEventId":"rffq05en9m6lt4a","previousOperationId":"0b2snp6extpdpyd"}
{"type":"operationEnd","doDiffs":false,"previousEventId":"jl97x4o6a9k4ser","previousOperationId":"gxmzv41o5avv55p","operationId":"gxmzv41o5avv55p","timestamp":1684647419921,"id":"fo7o6r2gm0sucrh"}
