{"type":"operationStart","subtype":"profile","data":{"_id":"2E9MFSvVSZ6fiTyC","timestamp":"2023-05-21T11:27:30.961Z","state":"queued","mode":"standard","creationDate":"2023-05-21T11:27:30.963Z","modificationDate":"2023-05-21T11:27:30.963Z","shortid":"51cvVEg","$entitySet":"profiles"},"doDiffs":false,"timestamp":1684668450962,"id":"ko9arz2quyh2kvf","previousOperationId":null,"operationId":"o41h273iev6i12l"}
{"type":"log","level":"info","message":"Render request 170 queued for execution and waiting for available worker","previousOperationId":"o41h273iev6i12l","timestamp":1684668450962,"id":"6u5augvju90r70q"}
{"type":"operationStart","subtype":"render","name":"invoice-js","previousOperationId":"o41h273iev6i12l","timestamp":1684668450976,"id":"2584udt5gsxyhbm","previousEventId":"ko9arz2quyh2kvf","operationId":"0qlfrqc7xjed9rj"}
{"type":"log","timestamp":1684668450976,"level":"info","message":"Starting rendering request 170","meta":{"rootId":"1rnh9zvu8lfkq3e","id":"1rnh9zvu8lfkq3e"},"id":"2je1g0bru409bg3","previousOperationId":"0qlfrqc7xjed9rj"}
{"type":"log","timestamp":1684668450976,"level":"info","message":"Rendering template { name: invoice-js, recipe: chrome-pdf, engine: handlebars, preview: false }","meta":{"rootId":"1rnh9zvu8lfkq3e","id":"1rnh9zvu8lfkq3e"},"id":"91iih9icwcvb5cu","previousOperationId":"0qlfrqc7xjed9rj"}
{"type":"log","timestamp":1684668450979,"level":"debug","message":"Inline data specified.","meta":{"rootId":"1rnh9zvu8lfkq3e","id":"1rnh9zvu8lfkq3e"},"id":"hn5jcrsbqb0i99i","previousOperationId":"0qlfrqc7xjed9rj"}
{"type":"log","timestamp":1684668450985,"level":"debug","message":"Base url not specified, skipping its injection.","meta":{"rootId":"1rnh9zvu8lfkq3e","id":"1rnh9zvu8lfkq3e"},"id":"5kj35856dgnncyd","previousOperationId":"0qlfrqc7xjed9rj"}
{"type":"operationStart","subtype":"engine","name":"handlebars","timestamp":1684668450986,"id":"4gm1hy7basyjgzk","previousEventId":"2584udt5gsxyhbm","operationId":"vorrr98de3uegcm","previousOperationId":"0qlfrqc7xjed9rj"}
{"type":"log","timestamp":1684668450986,"level":"debug","message":"Rendering engine handlebars","meta":{"rootId":"1rnh9zvu8lfkq3e","id":"1rnh9zvu8lfkq3e"},"id":"va2nvoygugjqykx","previousOperationId":"vorrr98de3uegcm"}
{"type":"operationEnd","operationId":"vorrr98de3uegcm","timestamp":1684668451007,"id":"iauug4u82n6aaci","previousEventId":"4gm1hy7basyjgzk","previousOperationId":"vorrr98de3uegcm"}
{"type":"operationStart","subtype":"recipe","name":"chrome-pdf","timestamp":1684668451007,"id":"1dr690wervcgyo3","previousEventId":"iauug4u82n6aaci","operationId":"d6f9dz483ldbost","previousOperationId":"vorrr98de3uegcm"}
{"type":"log","timestamp":1684668451007,"level":"debug","message":"Executing recipe chrome-pdf","meta":{"rootId":"1rnh9zvu8lfkq3e","id":"1rnh9zvu8lfkq3e"},"id":"cp0qtdl1e9agq1b","previousOperationId":"d6f9dz483ldbost"}
{"type":"log","timestamp":1684668451011,"level":"debug","message":"Starting child request to render pdf footer","meta":{"rootId":"1rnh9zvu8lfkq3e","id":"1rnh9zvu8lfkq3e"},"id":"ajkleeph5pq5z5b","previousOperationId":"d6f9dz483ldbost"}
{"type":"operationStart","subtype":"render","name":"anonymous","previousOperationId":"d6f9dz483ldbost","timestamp":1684668451011,"id":"p8uw1b0uqnbihil","previousEventId":"1dr690wervcgyo3","operationId":"558d0vufat80cdf"}
{"type":"log","timestamp":1684668451011,"level":"info","message":"Starting rendering (child) request","meta":{"rootId":"1rnh9zvu8lfkq3e","id":"boknavffunuvzr0"},"id":"kx44z7r2jtkkbzw","previousOperationId":"558d0vufat80cdf"}
{"type":"log","timestamp":1684668451012,"level":"info","message":"Rendering anonymous template { recipe: html, engine: handlebars }","meta":{"rootId":"1rnh9zvu8lfkq3e","id":"boknavffunuvzr0"},"id":"7z5t8g3wbt3f72x","previousOperationId":"558d0vufat80cdf"}
{"type":"log","timestamp":1684668451012,"level":"debug","message":"Inline data specified.","meta":{"rootId":"1rnh9zvu8lfkq3e","id":"boknavffunuvzr0"},"id":"2glbvev85mfn3yv","previousOperationId":"558d0vufat80cdf"}
{"type":"log","timestamp":1684668451014,"level":"debug","message":"Base url not specified, skipping its injection.","meta":{"rootId":"1rnh9zvu8lfkq3e","id":"boknavffunuvzr0"},"id":"ewhfgedccwdp4sg","previousOperationId":"558d0vufat80cdf"}
{"type":"operationStart","subtype":"engine","name":"handlebars","timestamp":1684668451014,"id":"jqwpap1mj4h4t1z","previousEventId":"p8uw1b0uqnbihil","operationId":"74y7knbn2m5swwu","previousOperationId":"558d0vufat80cdf"}
{"type":"log","timestamp":1684668451014,"level":"debug","message":"Rendering engine handlebars","meta":{"rootId":"1rnh9zvu8lfkq3e","id":"boknavffunuvzr0"},"id":"mxl5cq7nc4sbw3f","previousOperationId":"74y7knbn2m5swwu"}
{"type":"operationEnd","operationId":"74y7knbn2m5swwu","timestamp":1684668451031,"id":"ri1onec0rwfo271","previousEventId":"jqwpap1mj4h4t1z","previousOperationId":"74y7knbn2m5swwu"}
{"type":"operationStart","subtype":"recipe","name":"html","timestamp":1684668451032,"id":"aif5te3tkq9pc0a","previousEventId":"ri1onec0rwfo271","operationId":"x0jo2aq5plnvzj9","previousOperationId":"74y7knbn2m5swwu"}
{"type":"log","timestamp":1684668451032,"level":"debug","message":"Executing recipe html","meta":{"rootId":"1rnh9zvu8lfkq3e","id":"boknavffunuvzr0"},"id":"dsh26p5529p1t7v","previousOperationId":"x0jo2aq5plnvzj9"}
{"type":"operationEnd","operationId":"x0jo2aq5plnvzj9","timestamp":1684668451032,"id":"b4inb08ts9xgmba","previousEventId":"aif5te3tkq9pc0a","previousOperationId":"x0jo2aq5plnvzj9"}
{"type":"log","timestamp":1684668451032,"level":"debug","message":"Skipping storing report.","meta":{"rootId":"1rnh9zvu8lfkq3e","id":"boknavffunuvzr0"},"id":"332tc7uxnr29l4f","previousOperationId":"x0jo2aq5plnvzj9"}
{"type":"log","timestamp":1684668451032,"level":"info","message":"Rendering (child) request finished in 72 ms","meta":{"rootId":"1rnh9zvu8lfkq3e","id":"boknavffunuvzr0"},"id":"1ohsxb3xsbm5iig","previousOperationId":"x0jo2aq5plnvzj9"}
{"type":"operationEnd","subtype":"render","operationId":"558d0vufat80cdf","timestamp":1684668451032,"id":"y1azgf75yog1ehg","previousEventId":"b4inb08ts9xgmba","previousOperationId":"x0jo2aq5plnvzj9"}
{"type":"log","timestamp":1684668451034,"level":"debug","message":"Converting with chrome HeadlessChrome/105.0.5173.0 using chrome-pool strategy","meta":{"rootId":"1rnh9zvu8lfkq3e","id":"1rnh9zvu8lfkq3e"},"id":"xt2leaukgojefa7","previousOperationId":"d6f9dz483ldbost"}
{"type":"log","timestamp":1684668451216,"level":"debug","message":"Page request: GET (document) file:///C:/Users/Adebayo/AppData/Local/Temp/jsreport/autocleanup/9366c1bb-a65f-493c-90dd-6ed977d7d59e-chrome-pdf.html","meta":{"rootId":"1rnh9zvu8lfkq3e","id":"1rnh9zvu8lfkq3e"},"id":"ss39cw2gy74rzdm","previousOperationId":"d6f9dz483ldbost"}
{"type":"log","timestamp":1684668451234,"level":"debug","message":"Page request finished: GET (document) 200 file:///C:/Users/Adebayo/AppData/Local/Temp/jsreport/autocleanup/9366c1bb-a65f-493c-90dd-6ed977d7d59e-chrome-pdf.html","meta":{"rootId":"1rnh9zvu8lfkq3e","id":"1rnh9zvu8lfkq3e"},"id":"o93ffssrgsee7uh","previousOperationId":"d6f9dz483ldbost"}
{"type":"log","timestamp":1684668451235,"level":"debug","message":"Page request: GET (script) https://cdnjs.cloudflare.com/ajax/libs/Chart.js/2.1.6/Chart.min.js","meta":{"rootId":"1rnh9zvu8lfkq3e","id":"1rnh9zvu8lfkq3e"},"id":"ppcym5kdf8ayndn","previousOperationId":"d6f9dz483ldbost"}
{"type":"log","timestamp":1684668451246,"level":"debug","message":"Page request finished: GET (script) 200 https://cdnjs.cloudflare.com/ajax/libs/Chart.js/2.1.6/Chart.min.js","meta":{"rootId":"1rnh9zvu8lfkq3e","id":"1rnh9zvu8lfkq3e"},"id":"u1zg7taxz9dowy0","previousOperationId":"d6f9dz483ldbost"}
{"type":"log","timestamp":1684668451353,"level":"debug","message":"Running chrome with params {\"printBackground\":true,\"marginTop\":\"2cm\",\"marginRight\":\"1cm\",\"marginBottom\":\"2cm\",\"marginLeft\":\"1cm\",\"landscape\":false,\"format\":\"A4\",\"displayHeaderFooter\":true,\"footerTemplate\":\"...\",\"timeout\":59928,\"margin\":{\"top\":\"2cm\",\"right\":\"1cm\",\"bottom\":\"2cm\",\"left\":\"1cm\"}}","meta":{"rootId":"1rnh9zvu8lfkq3e","id":"1rnh9zvu8lfkq3e"},"id":"xzidh106y4v1jfq","previousOperationId":"d6f9dz483ldbost"}
{"type":"operationEnd","operationId":"d6f9dz483ldbost","timestamp":1684668451487,"id":"gpmp0wya27qfr6p","previousEventId":"1dr690wervcgyo3","previousOperationId":"d6f9dz483ldbost"}
{"type":"log","timestamp":1684668451487,"level":"debug","message":"Skipping storing report.","meta":{"rootId":"1rnh9zvu8lfkq3e","id":"1rnh9zvu8lfkq3e"},"id":"zprhvqvxog0oqxv","previousOperationId":"d6f9dz483ldbost"}
{"type":"log","timestamp":1684668451487,"level":"info","message":"Rendering request 170 finished in 527 ms","meta":{"rootId":"1rnh9zvu8lfkq3e","id":"1rnh9zvu8lfkq3e"},"id":"j7lqmlkcrew855e","previousOperationId":"d6f9dz483ldbost"}
{"type":"operationEnd","subtype":"render","operationId":"0qlfrqc7xjed9rj","timestamp":1684668451487,"id":"0elnyi8lxt7alni","previousEventId":"gpmp0wya27qfr6p","previousOperationId":"d6f9dz483ldbost"}
{"type":"operationEnd","doDiffs":false,"previousEventId":"ko9arz2quyh2kvf","previousOperationId":"o41h273iev6i12l","operationId":"o41h273iev6i12l","timestamp":1684668451493,"id":"5eg7ryhyu9483d3"}
