{"type":"operationStart","subtype":"profile","data":{"_id":"Kmq5svEhZOpYhXlP","timestamp":"2023-05-21T11:25:24.187Z","state":"queued","mode":"standard","creationDate":"2023-05-21T11:25:24.192Z","modificationDate":"2023-05-21T11:25:24.192Z","shortid":"4LyALpt","$entitySet":"profiles"},"doDiffs":false,"timestamp":1684668324190,"id":"p2y5h27cik8l09n","previousOperationId":null,"operationId":"e0llhn33xqwvihz"}
{"type":"log","level":"info","message":"Render request 167 queued for execution and waiting for available worker","previousOperationId":"e0llhn33xqwvihz","timestamp":1684668324190,"id":"do12waodhargl3c"}
{"type":"operationStart","subtype":"render","name":"invoice-js","previousOperationId":"e0llhn33xqwvihz","timestamp":1684668324202,"id":"z88lgyu0fpgdqrt","previousEventId":"p2y5h27cik8l09n","operationId":"f2heizdvb06nnec"}
{"type":"log","timestamp":1684668324203,"level":"info","message":"Starting rendering request 167","meta":{"rootId":"23rj6kgy2msxykp","id":"23rj6kgy2msxykp"},"id":"9orovii5asb3tnk","previousOperationId":"f2heizdvb06nnec"}
{"type":"log","timestamp":1684668324203,"level":"info","message":"Rendering template { name: invoice-js, recipe: chrome-pdf, engine: handlebars, preview: false }","meta":{"rootId":"23rj6kgy2msxykp","id":"23rj6kgy2msxykp"},"id":"6dwnk4ssxivp6i5","previousOperationId":"f2heizdvb06nnec"}
{"type":"log","timestamp":1684668324208,"level":"debug","message":"Inline data specified.","meta":{"rootId":"23rj6kgy2msxykp","id":"23rj6kgy2msxykp"},"id":"i4d36s5pvfvipzv","previousOperationId":"f2heizdvb06nnec"}
{"type":"log","timestamp":1684668324212,"level":"debug","message":"Base url not specified, skipping its injection.","meta":{"rootId":"23rj6kgy2msxykp","id":"23rj6kgy2msxykp"},"id":"uimtk6tye2hjpx5","previousOperationId":"f2heizdvb06nnec"}
{"type":"operationStart","subtype":"engine","name":"handlebars","timestamp":1684668324213,"id":"difblnvpdyqsdnb","previousEventId":"z88lgyu0fpgdqrt","operationId":"q4psguw0ee36sed","previousOperationId":"f2heizdvb06nnec"}
{"type":"log","timestamp":1684668324213,"level":"debug","message":"Rendering engine handlebars","meta":{"rootId":"23rj6kgy2msxykp","id":"23rj6kgy2msxykp"},"id":"x8nsm957kxpcso5","previousOperationId":"q4psguw0ee36sed"}
{"type":"operationEnd","operationId":"q4psguw0ee36sed","timestamp":1684668324242,"id":"kd2hp93fobzfd3u","previousEventId":"difblnvpdyqsdnb","previousOperationId":"q4psguw0ee36sed"}
{"type":"operationStart","subtype":"recipe","name":"chrome-pdf","timestamp":1684668324242,"id":"laazbyhulmq9u3u","previousEventId":"kd2hp93fobzfd3u","operationId":"9vcoga07clfne07","previousOperationId":"q4psguw0ee36sed"}
{"type":"log","timestamp":1684668324242,"level":"debug","message":"Executing recipe chrome-pdf","meta":{"rootId":"23rj6kgy2msxykp","id":"23rj6kgy2msxykp"},"id":"19kjmq2lswtgsms","previousOperationId":"9vcoga07clfne07"}
{"type":"log","timestamp":1684668324245,"level":"debug","message":"Starting child request to render pdf footer","meta":{"rootId":"23rj6kgy2msxykp","id":"23rj6kgy2msxykp"},"id":"3ece5qvdpiruzo4","previousOperationId":"9vcoga07clfne07"}
{"type":"operationStart","subtype":"render","name":"anonymous","previousOperationId":"9vcoga07clfne07","timestamp":1684668324245,"id":"2quah3apgxdft1v","previousEventId":"laazbyhulmq9u3u","operationId":"ufvzxjjhscfak7r"}
{"type":"log","timestamp":1684668324245,"level":"info","message":"Starting rendering (child) request","meta":{"rootId":"23rj6kgy2msxykp","id":"dmmxddvxz0edw75"},"id":"jgerxwihcr0khyc","previousOperationId":"ufvzxjjhscfak7r"}
{"type":"log","timestamp":1684668324245,"level":"info","message":"Rendering anonymous template { recipe: html, engine: handlebars }","meta":{"rootId":"23rj6kgy2msxykp","id":"dmmxddvxz0edw75"},"id":"5xbiqhn33lrzkpk","previousOperationId":"ufvzxjjhscfak7r"}
{"type":"log","timestamp":1684668324245,"level":"debug","message":"Inline data specified.","meta":{"rootId":"23rj6kgy2msxykp","id":"dmmxddvxz0edw75"},"id":"85p9vzogcc2ks1w","previousOperationId":"ufvzxjjhscfak7r"}
{"type":"log","timestamp":1684668324247,"level":"debug","message":"Base url not specified, skipping its injection.","meta":{"rootId":"23rj6kgy2msxykp","id":"dmmxddvxz0edw75"},"id":"astao1qompo9ajk","previousOperationId":"ufvzxjjhscfak7r"}
{"type":"operationStart","subtype":"engine","name":"handlebars","timestamp":1684668324248,"id":"s05ksb6cnval11y","previousEventId":"2quah3apgxdft1v","operationId":"ipew4yw6xe8z2cz","previousOperationId":"ufvzxjjhscfak7r"}
{"type":"log","timestamp":1684668324248,"level":"debug","message":"Rendering engine handlebars","meta":{"rootId":"23rj6kgy2msxykp","id":"dmmxddvxz0edw75"},"id":"y6hj4inf9votduj","previousOperationId":"ipew4yw6xe8z2cz"}
{"type":"operationEnd","operationId":"ipew4yw6xe8z2cz","timestamp":1684668324270,"id":"w9fthbk4xwl1gd7","previousEventId":"s05ksb6cnval11y","previousOperationId":"ipew4yw6xe8z2cz"}
{"type":"operationStart","subtype":"recipe","name":"html","timestamp":1684668324271,"id":"f8q1aikt3gi2xu5","previousEventId":"w9fthbk4xwl1gd7","operationId":"z1ik4trhqnbhk8w","previousOperationId":"ipew4yw6xe8z2cz"}
{"type":"log","timestamp":1684668324271,"level":"debug","message":"Executing recipe html","meta":{"rootId":"23rj6kgy2msxykp","id":"dmmxddvxz0edw75"},"id":"4gz18e3igrhzv0z","previousOperationId":"z1ik4trhqnbhk8w"}
{"type":"operationEnd","operationId":"z1ik4trhqnbhk8w","timestamp":1684668324271,"id":"ywvm8uhxv0tsshl","previousEventId":"f8q1aikt3gi2xu5","previousOperationId":"z1ik4trhqnbhk8w"}
{"type":"log","timestamp":1684668324272,"level":"debug","message":"Skipping storing report.","meta":{"rootId":"23rj6kgy2msxykp","id":"dmmxddvxz0edw75"},"id":"o6j7qe7pi1chdd0","previousOperationId":"z1ik4trhqnbhk8w"}
{"type":"log","timestamp":1684668324272,"level":"info","message":"Rendering (child) request finished in 86 ms","meta":{"rootId":"23rj6kgy2msxykp","id":"dmmxddvxz0edw75"},"id":"wkif1mk8jlzgakx","previousOperationId":"z1ik4trhqnbhk8w"}
{"type":"operationEnd","subtype":"render","operationId":"ufvzxjjhscfak7r","timestamp":1684668324272,"id":"w6chz730duruuu4","previousEventId":"ywvm8uhxv0tsshl","previousOperationId":"z1ik4trhqnbhk8w"}
{"type":"log","timestamp":1684668324277,"level":"debug","message":"Converting with chrome HeadlessChrome/105.0.5173.0 using chrome-pool strategy","meta":{"rootId":"23rj6kgy2msxykp","id":"23rj6kgy2msxykp"},"id":"sn6442658h8yuav","previousOperationId":"9vcoga07clfne07"}
{"type":"log","timestamp":1684668324452,"level":"debug","message":"Page request: GET (document) file:///C:/Users/Adebayo/AppData/Local/Temp/jsreport/autocleanup/74525129-1d58-4ce5-99b9-f7a170900a45-chrome-pdf.html","meta":{"rootId":"23rj6kgy2msxykp","id":"23rj6kgy2msxykp"},"id":"gt7haywan99x2j2","previousOperationId":"9vcoga07clfne07"}
{"type":"log","timestamp":1684668324472,"level":"debug","message":"Page request: GET (script) https://cdnjs.cloudflare.com/ajax/libs/Chart.js/2.1.6/Chart.min.js","meta":{"rootId":"23rj6kgy2msxykp","id":"23rj6kgy2msxykp"},"id":"d14xihal4t3pzhy","previousOperationId":"9vcoga07clfne07"}
{"type":"log","timestamp":1684668324473,"level":"debug","message":"Page request finished: GET (document) 200 file:///C:/Users/Adebayo/AppData/Local/Temp/jsreport/autocleanup/74525129-1d58-4ce5-99b9-f7a170900a45-chrome-pdf.html","meta":{"rootId":"23rj6kgy2msxykp","id":"23rj6kgy2msxykp"},"id":"d2rjgni47xwuuex","previousOperationId":"9vcoga07clfne07"}
{"type":"log","timestamp":1684668324481,"level":"debug","message":"Page request finished: GET (script) 200 https://cdnjs.cloudflare.com/ajax/libs/Chart.js/2.1.6/Chart.min.js","meta":{"rootId":"23rj6kgy2msxykp","id":"23rj6kgy2msxykp"},"id":"pz9e6duyah9udla","previousOperationId":"9vcoga07clfne07"}
{"type":"log","timestamp":1684668324585,"level":"debug","message":"Running chrome with params {\"printBackground\":true,\"marginTop\":\"2cm\",\"marginRight\":\"1cm\",\"marginBottom\":\"2cm\",\"marginLeft\":\"1cm\",\"landscape\":false,\"format\":\"A4\",\"displayHeaderFooter\":true,\"footerTemplate\":\"...\",\"timeout\":59914,\"margin\":{\"top\":\"2cm\",\"right\":\"1cm\",\"bottom\":\"2cm\",\"left\":\"1cm\"}}","meta":{"rootId":"23rj6kgy2msxykp","id":"23rj6kgy2msxykp"},"id":"2hkhlfsdzud76te","previousOperationId":"9vcoga07clfne07"}
{"type":"operationEnd","operationId":"9vcoga07clfne07","timestamp":1684668324725,"id":"8kprpyiy98u0o80","previousEventId":"laazbyhulmq9u3u","previousOperationId":"9vcoga07clfne07"}
{"type":"log","timestamp":1684668324725,"level":"debug","message":"Skipping storing report.","meta":{"rootId":"23rj6kgy2msxykp","id":"23rj6kgy2msxykp"},"id":"kdj29m5xk9gxfyy","previousOperationId":"9vcoga07clfne07"}
{"type":"log","timestamp":1684668324725,"level":"info","message":"Rendering request 167 finished in 539 ms","meta":{"rootId":"23rj6kgy2msxykp","id":"23rj6kgy2msxykp"},"id":"l681ha3pkag7nh7","previousOperationId":"9vcoga07clfne07"}
{"type":"operationEnd","subtype":"render","operationId":"f2heizdvb06nnec","timestamp":1684668324725,"id":"owrpgr3rybxuytj","previousEventId":"8kprpyiy98u0o80","previousOperationId":"9vcoga07clfne07"}
{"type":"operationEnd","doDiffs":false,"previousEventId":"p2y5h27cik8l09n","previousOperationId":"e0llhn33xqwvihz","operationId":"e0llhn33xqwvihz","timestamp":1684668324732,"id":"hypfhv16m9phng7"}
