{"type":"operationStart","subtype":"profile","data":{"_id":"DMYLqbgkGpUoSaCs","timestamp":"2023-05-21T14:02:16.659Z","state":"queued","mode":"standard","creationDate":"2023-05-21T14:02:16.662Z","modificationDate":"2023-05-21T14:02:16.662Z","shortid":"lQu2k5H","$entitySet":"profiles"},"doDiffs":false,"timestamp":1684677736660,"id":"a5il9dweu9swggv","previousOperationId":null,"operationId":"8volotmwwxihl9f"}
{"type":"log","level":"info","message":"Render request 185 queued for execution and waiting for available worker","previousOperationId":"8volotmwwxihl9f","timestamp":1684677736660,"id":"gipdl2eny8p9vpf"}
{"type":"operationStart","subtype":"render","name":"invoice-js","previousOperationId":"8volotmwwxihl9f","timestamp":1684677736669,"id":"apfcg7gjqt93l47","previousEventId":"a5il9dweu9swggv","operationId":"amhg3w8vxzgxvpj"}
{"type":"log","timestamp":1684677736669,"level":"info","message":"Starting rendering request 185","meta":{"rootId":"26tegesymtmfyqq","id":"26tegesymtmfyqq"},"id":"odldjml56fd98px","previousOperationId":"amhg3w8vxzgxvpj"}
{"type":"log","timestamp":1684677736669,"level":"info","message":"Rendering template { name: invoice-js, recipe: chrome-pdf, engine: handlebars, preview: false }","meta":{"rootId":"26tegesymtmfyqq","id":"26tegesymtmfyqq"},"id":"johlhq30p25cr41","previousOperationId":"amhg3w8vxzgxvpj"}
{"type":"log","timestamp":1684677736670,"level":"debug","message":"Inline data specified.","meta":{"rootId":"26tegesymtmfyqq","id":"26tegesymtmfyqq"},"id":"u9godtu3hq8yhw7","previousOperationId":"amhg3w8vxzgxvpj"}
{"type":"log","timestamp":1684677736673,"level":"debug","message":"Base url not specified, skipping its injection.","meta":{"rootId":"26tegesymtmfyqq","id":"26tegesymtmfyqq"},"id":"0t33p79t3ljom9h","previousOperationId":"amhg3w8vxzgxvpj"}
{"type":"operationStart","subtype":"engine","name":"handlebars","timestamp":1684677736674,"id":"972pxehmcgsw1vq","previousEventId":"apfcg7gjqt93l47","operationId":"hfd4dznnj0dibbj","previousOperationId":"amhg3w8vxzgxvpj"}
{"type":"log","timestamp":1684677736674,"level":"debug","message":"Rendering engine handlebars","meta":{"rootId":"26tegesymtmfyqq","id":"26tegesymtmfyqq"},"id":"hy1mx2274r34yw3","previousOperationId":"hfd4dznnj0dibbj"}
{"type":"operationEnd","operationId":"hfd4dznnj0dibbj","timestamp":1684677736686,"id":"9ahawbmh5unzrnq","previousEventId":"972pxehmcgsw1vq","previousOperationId":"hfd4dznnj0dibbj"}
{"type":"operationStart","subtype":"recipe","name":"chrome-pdf","timestamp":1684677736686,"id":"758e3dq89wqr943","previousEventId":"9ahawbmh5unzrnq","operationId":"styyleycb9aflk8","previousOperationId":"hfd4dznnj0dibbj"}
{"type":"log","timestamp":1684677736686,"level":"debug","message":"Executing recipe chrome-pdf","meta":{"rootId":"26tegesymtmfyqq","id":"26tegesymtmfyqq"},"id":"yv5tplr28k2ey4r","previousOperationId":"styyleycb9aflk8"}
{"type":"log","timestamp":1684677736688,"level":"debug","message":"Starting child request to render pdf footer","meta":{"rootId":"26tegesymtmfyqq","id":"26tegesymtmfyqq"},"id":"vc4xp1k981ord7e","previousOperationId":"styyleycb9aflk8"}
{"type":"operationStart","subtype":"render","name":"anonymous","previousOperationId":"styyleycb9aflk8","timestamp":1684677736688,"id":"82zuy58exssni0s","previousEventId":"758e3dq89wqr943","operationId":"upcp13rg4wq1aot"}
{"type":"log","timestamp":1684677736688,"level":"info","message":"Starting rendering (child) request","meta":{"rootId":"26tegesymtmfyqq","id":"pyqdicd7s4frtgf"},"id":"c87y3z03ss53kuu","previousOperationId":"upcp13rg4wq1aot"}
{"type":"log","timestamp":1684677736688,"level":"info","message":"Rendering anonymous template { recipe: html, engine: handlebars }","meta":{"rootId":"26tegesymtmfyqq","id":"pyqdicd7s4frtgf"},"id":"tdt78xcf2sciaux","previousOperationId":"upcp13rg4wq1aot"}
{"type":"log","timestamp":1684677736688,"level":"debug","message":"Inline data specified.","meta":{"rootId":"26tegesymtmfyqq","id":"pyqdicd7s4frtgf"},"id":"0h34ar93rmct3mi","previousOperationId":"upcp13rg4wq1aot"}
{"type":"log","timestamp":1684677736689,"level":"debug","message":"Base url not specified, skipping its injection.","meta":{"rootId":"26tegesymtmfyqq","id":"pyqdicd7s4frtgf"},"id":"p31sepooq9bxsz0","previousOperationId":"upcp13rg4wq1aot"}
{"type":"operationStart","subtype":"engine","name":"handlebars","timestamp":1684677736689,"id":"rtmlbcnulxv8et1","previousEventId":"82zuy58exssni0s","operationId":"8y6y6dzan2cpeon","previousOperationId":"upcp13rg4wq1aot"}
{"type":"log","timestamp":1684677736689,"level":"debug","message":"Rendering engine handlebars","meta":{"rootId":"26tegesymtmfyqq","id":"pyqdicd7s4frtgf"},"id":"11s5rhbxb0w2r8f","previousOperationId":"8y6y6dzan2cpeon"}
{"type":"operationEnd","operationId":"8y6y6dzan2cpeon","timestamp":1684677736700,"id":"lfemeffbh9xilqq","previousEventId":"rtmlbcnulxv8et1","previousOperationId":"8y6y6dzan2cpeon"}
{"type":"operationStart","subtype":"recipe","name":"html","timestamp":1684677736700,"id":"pd4wam61pbtei6x","previousEventId":"lfemeffbh9xilqq","operationId":"qe03pv88ax2mo8p","previousOperationId":"8y6y6dzan2cpeon"}
{"type":"log","timestamp":1684677736700,"level":"debug","message":"Executing recipe html","meta":{"rootId":"26tegesymtmfyqq","id":"pyqdicd7s4frtgf"},"id":"kp1pbcfmbn6r94b","previousOperationId":"qe03pv88ax2mo8p"}
{"type":"operationEnd","operationId":"qe03pv88ax2mo8p","timestamp":1684677736700,"id":"367a8cdjmufiert","previousEventId":"pd4wam61pbtei6x","previousOperationId":"qe03pv88ax2mo8p"}
{"type":"log","timestamp":1684677736700,"level":"debug","message":"Skipping storing report.","meta":{"rootId":"26tegesymtmfyqq","id":"pyqdicd7s4frtgf"},"id":"rf71n3lkluac7g2","previousOperationId":"qe03pv88ax2mo8p"}
{"type":"log","timestamp":1684677736700,"level":"info","message":"Rendering (child) request finished in 41 ms","meta":{"rootId":"26tegesymtmfyqq","id":"pyqdicd7s4frtgf"},"id":"yb09vjnp8ac8uzn","previousOperationId":"qe03pv88ax2mo8p"}
{"type":"operationEnd","subtype":"render","operationId":"upcp13rg4wq1aot","timestamp":1684677736700,"id":"ht6yzrcptbadpml","previousEventId":"367a8cdjmufiert","previousOperationId":"qe03pv88ax2mo8p"}
{"type":"log","timestamp":1684677736701,"level":"debug","message":"Converting with chrome HeadlessChrome/105.0.5173.0 using chrome-pool strategy","meta":{"rootId":"26tegesymtmfyqq","id":"26tegesymtmfyqq"},"id":"6ax29boyy0ovm4e","previousOperationId":"styyleycb9aflk8"}
{"type":"log","timestamp":1684677736784,"level":"debug","message":"Page request: GET (document) file:///C:/Users/Adebayo/AppData/Local/Temp/jsreport/autocleanup/11066b82-dd29-473b-a0c2-88692393a869-chrome-pdf.html","meta":{"rootId":"26tegesymtmfyqq","id":"26tegesymtmfyqq"},"id":"rwgbjk8pef4w4r7","previousOperationId":"styyleycb9aflk8"}
{"type":"log","timestamp":1684677736791,"level":"debug","message":"Page request finished: GET (document) 200 file:///C:/Users/Adebayo/AppData/Local/Temp/jsreport/autocleanup/11066b82-dd29-473b-a0c2-88692393a869-chrome-pdf.html","meta":{"rootId":"26tegesymtmfyqq","id":"26tegesymtmfyqq"},"id":"0jrxcw9ldwhhadk","previousOperationId":"styyleycb9aflk8"}
{"type":"log","timestamp":1684677736791,"level":"debug","message":"Page request: GET (script) https://cdnjs.cloudflare.com/ajax/libs/Chart.js/2.1.6/Chart.min.js","meta":{"rootId":"26tegesymtmfyqq","id":"26tegesymtmfyqq"},"id":"4yim93ixtxpa2jo","previousOperationId":"styyleycb9aflk8"}
{"type":"log","timestamp":1684677736797,"level":"debug","message":"Page request finished: GET (script) 200 https://cdnjs.cloudflare.com/ajax/libs/Chart.js/2.1.6/Chart.min.js","meta":{"rootId":"26tegesymtmfyqq","id":"26tegesymtmfyqq"},"id":"actwnw9um29ees5","previousOperationId":"styyleycb9aflk8"}
{"type":"log","timestamp":1684677736800,"level":"warn","message":"Page error: SyntaxError: Unexpected token ','","meta":{"rootId":"26tegesymtmfyqq","id":"26tegesymtmfyqq"},"id":"2f2ihi5u9h0l5fk","previousOperationId":"styyleycb9aflk8"}
{"type":"log","timestamp":1684677736802,"level":"debug","message":"Running chrome with params {\"printBackground\":true,\"marginTop\":\"2cm\",\"marginRight\":\"1cm\",\"marginBottom\":\"2cm\",\"marginLeft\":\"1cm\",\"landscape\":false,\"format\":\"A4\",\"displayHeaderFooter\":true,\"footerTemplate\":\"...\",\"timeout\":59959,\"margin\":{\"top\":\"2cm\",\"right\":\"1cm\",\"bottom\":\"2cm\",\"left\":\"1cm\"}}","meta":{"rootId":"26tegesymtmfyqq","id":"26tegesymtmfyqq"},"id":"jf4hofb2m864lr2","previousOperationId":"styyleycb9aflk8"}
{"type":"operationEnd","operationId":"styyleycb9aflk8","timestamp":1684677736850,"id":"3buzdakk8xwde70","previousEventId":"758e3dq89wqr943","previousOperationId":"styyleycb9aflk8"}
{"type":"log","timestamp":1684677736850,"level":"debug","message":"Skipping storing report.","meta":{"rootId":"26tegesymtmfyqq","id":"26tegesymtmfyqq"},"id":"upqh8glqbe4zq1z","previousOperationId":"styyleycb9aflk8"}
{"type":"log","timestamp":1684677736850,"level":"info","message":"Rendering request 185 finished in 191 ms","meta":{"rootId":"26tegesymtmfyqq","id":"26tegesymtmfyqq"},"id":"w7o7vd25pomkuzr","previousOperationId":"styyleycb9aflk8"}
{"type":"operationEnd","subtype":"render","operationId":"amhg3w8vxzgxvpj","timestamp":1684677736850,"id":"2tfp2aifnp5jm91","previousEventId":"3buzdakk8xwde70","previousOperationId":"styyleycb9aflk8"}
{"type":"operationEnd","doDiffs":false,"previousEventId":"a5il9dweu9swggv","previousOperationId":"8volotmwwxihl9f","operationId":"8volotmwwxihl9f","timestamp":1684677736856,"id":"04wo25wau3epii5"}
