{"type":"operationStart","subtype":"profile","data":{"_id":"9E1pjxkKjjely4hX","timestamp":"2023-05-21T07:06:22.653Z","state":"queued","mode":"standard","creationDate":"2023-05-21T07:06:22.655Z","modificationDate":"2023-05-21T07:06:22.655Z","shortid":"_jPekAD","$entitySet":"profiles"},"doDiffs":false,"timestamp":1684652782654,"id":"bs49n9ao91v7d6a","previousOperationId":null,"operationId":"0w0lsgu050o2zpb"}
{"type":"log","level":"info","message":"Render request 100 queued for execution and waiting for available worker","previousOperationId":"0w0lsgu050o2zpb","timestamp":1684652782654,"id":"hoksu28xbbuk5ko"}
{"type":"operationStart","subtype":"render","name":"invoice-js","previousOperationId":"0w0lsgu050o2zpb","timestamp":1684652782661,"id":"m8qp8szdq63zs8b","previousEventId":"bs49n9ao91v7d6a","operationId":"n8droo6923otdaa"}
{"type":"log","timestamp":1684652782661,"level":"info","message":"Starting rendering request 100","meta":{"rootId":"2iu9qucirsxk95c","id":"2iu9qucirsxk95c"},"id":"673l8ow60y837hr","previousOperationId":"n8droo6923otdaa"}
{"type":"log","timestamp":1684652782662,"level":"info","message":"Rendering template { name: invoice-js, recipe: chrome-pdf, engine: handlebars, preview: false }","meta":{"rootId":"2iu9qucirsxk95c","id":"2iu9qucirsxk95c"},"id":"tfx3owfvv7fftlh","previousOperationId":"n8droo6923otdaa"}
{"type":"log","timestamp":1684652782663,"level":"debug","message":"Inline data specified.","meta":{"rootId":"2iu9qucirsxk95c","id":"2iu9qucirsxk95c"},"id":"y7ugmkbq3o13vk8","previousOperationId":"n8droo6923otdaa"}
{"type":"log","timestamp":1684652782665,"level":"debug","message":"Base url not specified, skipping its injection.","meta":{"rootId":"2iu9qucirsxk95c","id":"2iu9qucirsxk95c"},"id":"v3ji4cb33sxix1q","previousOperationId":"n8droo6923otdaa"}
{"type":"operationStart","subtype":"engine","name":"handlebars","timestamp":1684652782665,"id":"aun8604fyytyo8d","previousEventId":"m8qp8szdq63zs8b","operationId":"wvc9jia1wdbb9kp","previousOperationId":"n8droo6923otdaa"}
{"type":"log","timestamp":1684652782665,"level":"debug","message":"Rendering engine handlebars","meta":{"rootId":"2iu9qucirsxk95c","id":"2iu9qucirsxk95c"},"id":"sjlcao0y9vvofjl","previousOperationId":"wvc9jia1wdbb9kp"}
{"type":"operationEnd","operationId":"wvc9jia1wdbb9kp","timestamp":1684652782676,"id":"jaor06c8mg5we0j","previousEventId":"aun8604fyytyo8d","previousOperationId":"wvc9jia1wdbb9kp"}
{"type":"operationStart","subtype":"recipe","name":"chrome-pdf","timestamp":1684652782676,"id":"asgqdhktgz39987","previousEventId":"jaor06c8mg5we0j","operationId":"9awkz7ns0c8j0bh","previousOperationId":"wvc9jia1wdbb9kp"}
{"type":"log","timestamp":1684652782676,"level":"debug","message":"Executing recipe chrome-pdf","meta":{"rootId":"2iu9qucirsxk95c","id":"2iu9qucirsxk95c"},"id":"wfek7qjogjhs4hc","previousOperationId":"9awkz7ns0c8j0bh"}
{"type":"log","timestamp":1684652782679,"level":"debug","message":"Starting child request to render pdf footer","meta":{"rootId":"2iu9qucirsxk95c","id":"2iu9qucirsxk95c"},"id":"xf2kv041k00prhd","previousOperationId":"9awkz7ns0c8j0bh"}
{"type":"operationStart","subtype":"render","name":"anonymous","previousOperationId":"9awkz7ns0c8j0bh","timestamp":1684652782680,"id":"39bmjwdbmig7c05","previousEventId":"asgqdhktgz39987","operationId":"i35732i7hzn2gxs"}
{"type":"log","timestamp":1684652782680,"level":"info","message":"Starting rendering (child) request","meta":{"rootId":"2iu9qucirsxk95c","id":"0gx0873nvgs8vr4"},"id":"v0wkpgban2u6fpa","previousOperationId":"i35732i7hzn2gxs"}
{"type":"log","timestamp":1684652782680,"level":"info","message":"Rendering anonymous template { recipe: html, engine: handlebars }","meta":{"rootId":"2iu9qucirsxk95c","id":"0gx0873nvgs8vr4"},"id":"fjrhksx8c0gs4gi","previousOperationId":"i35732i7hzn2gxs"}
{"type":"log","timestamp":1684652782680,"level":"debug","message":"Inline data specified.","meta":{"rootId":"2iu9qucirsxk95c","id":"0gx0873nvgs8vr4"},"id":"wt7rd67d2z37aqk","previousOperationId":"i35732i7hzn2gxs"}
{"type":"log","timestamp":1684652782681,"level":"debug","message":"Base url not specified, skipping its injection.","meta":{"rootId":"2iu9qucirsxk95c","id":"0gx0873nvgs8vr4"},"id":"z946fqzod78c3qt","previousOperationId":"i35732i7hzn2gxs"}
{"type":"operationStart","subtype":"engine","name":"handlebars","timestamp":1684652782681,"id":"7umv3khyyosq1b8","previousEventId":"39bmjwdbmig7c05","operationId":"dfhlmas7mlvgarf","previousOperationId":"i35732i7hzn2gxs"}
{"type":"log","timestamp":1684652782681,"level":"debug","message":"Rendering engine handlebars","meta":{"rootId":"2iu9qucirsxk95c","id":"0gx0873nvgs8vr4"},"id":"yzhezxflejdkpct","previousOperationId":"dfhlmas7mlvgarf"}
{"type":"operationEnd","operationId":"dfhlmas7mlvgarf","timestamp":1684652782690,"id":"e2p65iz20yuw8qi","previousEventId":"7umv3khyyosq1b8","previousOperationId":"dfhlmas7mlvgarf"}
{"type":"operationStart","subtype":"recipe","name":"html","timestamp":1684652782690,"id":"v42oimvix4ys6be","previousEventId":"e2p65iz20yuw8qi","operationId":"851rz5bfo2y96zi","previousOperationId":"dfhlmas7mlvgarf"}
{"type":"log","timestamp":1684652782690,"level":"debug","message":"Executing recipe html","meta":{"rootId":"2iu9qucirsxk95c","id":"0gx0873nvgs8vr4"},"id":"57wnnucb3v6ppbh","previousOperationId":"851rz5bfo2y96zi"}
{"type":"operationEnd","operationId":"851rz5bfo2y96zi","timestamp":1684652782690,"id":"30c7wzq89oi1yjg","previousEventId":"v42oimvix4ys6be","previousOperationId":"851rz5bfo2y96zi"}
{"type":"log","timestamp":1684652782690,"level":"debug","message":"Skipping storing report.","meta":{"rootId":"2iu9qucirsxk95c","id":"0gx0873nvgs8vr4"},"id":"ssq3r32snhbhpcy","previousOperationId":"851rz5bfo2y96zi"}
{"type":"log","timestamp":1684652782690,"level":"info","message":"Rendering (child) request finished in 37 ms","meta":{"rootId":"2iu9qucirsxk95c","id":"0gx0873nvgs8vr4"},"id":"pmsujk2lb4g0ljz","previousOperationId":"851rz5bfo2y96zi"}
{"type":"operationEnd","subtype":"render","operationId":"i35732i7hzn2gxs","timestamp":1684652782690,"id":"i9suq8z4j4d370u","previousEventId":"30c7wzq89oi1yjg","previousOperationId":"851rz5bfo2y96zi"}
{"type":"log","timestamp":1684652782691,"level":"debug","message":"Converting with chrome HeadlessChrome/105.0.5173.0 using chrome-pool strategy","meta":{"rootId":"2iu9qucirsxk95c","id":"2iu9qucirsxk95c"},"id":"3zbr9mae2q6r9v7","previousOperationId":"9awkz7ns0c8j0bh"}
{"type":"log","timestamp":1684652782795,"level":"debug","message":"Page request: GET (document) file:///C:/Users/Adebayo/AppData/Local/Temp/jsreport/autocleanup/853be805-010a-42f0-a71b-3622dc731922-chrome-pdf.html","meta":{"rootId":"2iu9qucirsxk95c","id":"2iu9qucirsxk95c"},"id":"dd7cle30qov4j0h","previousOperationId":"9awkz7ns0c8j0bh"}
{"type":"log","timestamp":1684652782811,"level":"debug","message":"Page request finished: GET (document) 200 file:///C:/Users/Adebayo/AppData/Local/Temp/jsreport/autocleanup/853be805-010a-42f0-a71b-3622dc731922-chrome-pdf.html","meta":{"rootId":"2iu9qucirsxk95c","id":"2iu9qucirsxk95c"},"id":"4y3jbda8wd4p35h","previousOperationId":"9awkz7ns0c8j0bh"}
{"type":"log","timestamp":1684652782811,"level":"debug","message":"Page request: GET (script) https://cdnjs.cloudflare.com/ajax/libs/Chart.js/2.1.6/Chart.min.js","meta":{"rootId":"2iu9qucirsxk95c","id":"2iu9qucirsxk95c"},"id":"dw4afvv0hsdbdrl","previousOperationId":"9awkz7ns0c8j0bh"}
{"type":"log","timestamp":1684652782816,"level":"debug","message":"Page request finished: GET (script) 200 https://cdnjs.cloudflare.com/ajax/libs/Chart.js/2.1.6/Chart.min.js","meta":{"rootId":"2iu9qucirsxk95c","id":"2iu9qucirsxk95c"},"id":"xkdp2oinqq9m7tp","previousOperationId":"9awkz7ns0c8j0bh"}
{"type":"log","timestamp":1684652782822,"level":"warn","message":"Page error: SyntaxError: Unexpected token ','","meta":{"rootId":"2iu9qucirsxk95c","id":"2iu9qucirsxk95c"},"id":"2hlqircrwl2zdjw","previousOperationId":"9awkz7ns0c8j0bh"}
{"type":"log","timestamp":1684652782824,"level":"debug","message":"Running chrome with params {\"printBackground\":true,\"marginTop\":\"2cm\",\"marginRight\":\"1cm\",\"marginBottom\":\"2cm\",\"marginLeft\":\"1cm\",\"landscape\":false,\"format\":\"A4\",\"displayHeaderFooter\":true,\"footerTemplate\":\"...\",\"timeout\":59963,\"margin\":{\"top\":\"2cm\",\"right\":\"1cm\",\"bottom\":\"2cm\",\"left\":\"1cm\"}}","meta":{"rootId":"2iu9qucirsxk95c","id":"2iu9qucirsxk95c"},"id":"gstejgcoqoltvgc","previousOperationId":"9awkz7ns0c8j0bh"}
{"type":"operationEnd","operationId":"9awkz7ns0c8j0bh","timestamp":1684652782889,"id":"25ojrhsicciyqsw","previousEventId":"asgqdhktgz39987","previousOperationId":"9awkz7ns0c8j0bh"}
{"type":"log","timestamp":1684652782889,"level":"debug","message":"Skipping storing report.","meta":{"rootId":"2iu9qucirsxk95c","id":"2iu9qucirsxk95c"},"id":"5xidtp3qzd40xvb","previousOperationId":"9awkz7ns0c8j0bh"}
{"type":"log","timestamp":1684652782889,"level":"info","message":"Rendering request 100 finished in 236 ms","meta":{"rootId":"2iu9qucirsxk95c","id":"2iu9qucirsxk95c"},"id":"r6wirftdwsfxrsy","previousOperationId":"9awkz7ns0c8j0bh"}
{"type":"operationEnd","subtype":"render","operationId":"n8droo6923otdaa","timestamp":1684652782889,"id":"ne0542wcvxkl9ax","previousEventId":"25ojrhsicciyqsw","previousOperationId":"9awkz7ns0c8j0bh"}
{"type":"operationEnd","doDiffs":false,"previousEventId":"bs49n9ao91v7d6a","previousOperationId":"0w0lsgu050o2zpb","operationId":"0w0lsgu050o2zpb","timestamp":1684652782893,"id":"h7w4dzp652zrrvc"}
