{"type":"operationStart","subtype":"profile","data":{"_id":"Ogo5DKBozgzxdv5f","timestamp":"2023-05-21T06:28:09.262Z","state":"queued","mode":"standard","creationDate":"2023-05-21T06:28:09.264Z","modificationDate":"2023-05-21T06:28:09.264Z","shortid":"oFEJLAv","$entitySet":"profiles"},"doDiffs":false,"timestamp":1684650489263,"id":"hx56lm0g6izpd5s","previousOperationId":null,"operationId":"3cl222m0ks7iz6t"}
{"type":"log","level":"info","message":"Render request 70 queued for execution and waiting for available worker","previousOperationId":"3cl222m0ks7iz6t","timestamp":1684650489263,"id":"3q5jpgsrszv1dzk"}
{"type":"operationStart","subtype":"render","name":"invoice-js","previousOperationId":"3cl222m0ks7iz6t","timestamp":1684650489286,"id":"svqmq9u7xcmod6t","previousEventId":"hx56lm0g6izpd5s","operationId":"aqmr4y25w41n586"}
{"type":"log","timestamp":1684650489286,"level":"info","message":"Starting rendering request 70","meta":{"rootId":"2jrvme6sy987ycu","id":"2jrvme6sy987ycu"},"id":"upc94efz5mll1yt","previousOperationId":"aqmr4y25w41n586"}
{"type":"log","timestamp":1684650489286,"level":"info","message":"Rendering template { name: invoice-js, recipe: chrome-pdf, engine: handlebars, preview: true }","meta":{"rootId":"2jrvme6sy987ycu","id":"2jrvme6sy987ycu"},"id":"677ch9jc7bu7saw","previousOperationId":"aqmr4y25w41n586"}
{"type":"log","timestamp":1684650489290,"level":"debug","message":"Inline data specified.","meta":{"rootId":"2jrvme6sy987ycu","id":"2jrvme6sy987ycu"},"id":"s6a328yt7qsfaeh","previousOperationId":"aqmr4y25w41n586"}
{"type":"log","timestamp":1684650489293,"level":"debug","message":"Base url not specified, skipping its injection.","meta":{"rootId":"2jrvme6sy987ycu","id":"2jrvme6sy987ycu"},"id":"haxi7rmhluhkr10","previousOperationId":"aqmr4y25w41n586"}
{"type":"operationStart","subtype":"engine","name":"handlebars","timestamp":1684650489293,"id":"uwbed3f51jwggml","previousEventId":"svqmq9u7xcmod6t","operationId":"nrxofjy1tqljy18","previousOperationId":"aqmr4y25w41n586"}
{"type":"log","timestamp":1684650489293,"level":"debug","message":"Rendering engine handlebars","meta":{"rootId":"2jrvme6sy987ycu","id":"2jrvme6sy987ycu"},"id":"dyhwlwjau1e3hoj","previousOperationId":"nrxofjy1tqljy18"}
{"type":"operationEnd","operationId":"nrxofjy1tqljy18","timestamp":1684650489312,"id":"c6dhvvj4rzuxkwy","previousEventId":"uwbed3f51jwggml","previousOperationId":"nrxofjy1tqljy18"}
{"type":"operationStart","subtype":"recipe","name":"chrome-pdf","timestamp":1684650489313,"id":"ze07li9ouz4fgm1","previousEventId":"c6dhvvj4rzuxkwy","operationId":"zbbdjwnnoolp68n","previousOperationId":"nrxofjy1tqljy18"}
{"type":"log","timestamp":1684650489313,"level":"debug","message":"Executing recipe chrome-pdf","meta":{"rootId":"2jrvme6sy987ycu","id":"2jrvme6sy987ycu"},"id":"h91lkg4j2luhh3p","previousOperationId":"zbbdjwnnoolp68n"}
{"type":"log","timestamp":1684650489315,"level":"debug","message":"Starting child request to render pdf footer","meta":{"rootId":"2jrvme6sy987ycu","id":"2jrvme6sy987ycu"},"id":"zk03j0fzt8gg8uc","previousOperationId":"zbbdjwnnoolp68n"}
{"type":"operationStart","subtype":"render","name":"anonymous","previousOperationId":"zbbdjwnnoolp68n","timestamp":1684650489316,"id":"nk9lozq20ls6on5","previousEventId":"ze07li9ouz4fgm1","operationId":"p6xlpr04w5l2mnl"}
{"type":"log","timestamp":1684650489316,"level":"info","message":"Starting rendering (child) request","meta":{"rootId":"2jrvme6sy987ycu","id":"t82azs5vdssvgsj"},"id":"s4zux87gmocpiu9","previousOperationId":"p6xlpr04w5l2mnl"}
{"type":"log","timestamp":1684650489316,"level":"info","message":"Rendering anonymous template { recipe: html, engine: handlebars }","meta":{"rootId":"2jrvme6sy987ycu","id":"t82azs5vdssvgsj"},"id":"l4oh8mh14bs7ibq","previousOperationId":"p6xlpr04w5l2mnl"}
{"type":"log","timestamp":1684650489316,"level":"debug","message":"Inline data specified.","meta":{"rootId":"2jrvme6sy987ycu","id":"t82azs5vdssvgsj"},"id":"t679st7421dygjj","previousOperationId":"p6xlpr04w5l2mnl"}
{"type":"log","timestamp":1684650489318,"level":"debug","message":"Base url not specified, skipping its injection.","meta":{"rootId":"2jrvme6sy987ycu","id":"t82azs5vdssvgsj"},"id":"a9dsj5g10i3cng0","previousOperationId":"p6xlpr04w5l2mnl"}
{"type":"operationStart","subtype":"engine","name":"handlebars","timestamp":1684650489318,"id":"w2nk5uohstr59s8","previousEventId":"nk9lozq20ls6on5","operationId":"nlfrf4tkw5b2jkj","previousOperationId":"p6xlpr04w5l2mnl"}
{"type":"log","timestamp":1684650489318,"level":"debug","message":"Rendering engine handlebars","meta":{"rootId":"2jrvme6sy987ycu","id":"t82azs5vdssvgsj"},"id":"2mczkt3mfwhwmei","previousOperationId":"nlfrf4tkw5b2jkj"}
{"type":"operationEnd","operationId":"nlfrf4tkw5b2jkj","timestamp":1684650489342,"id":"yqn0653xnd9ako8","previousEventId":"w2nk5uohstr59s8","previousOperationId":"nlfrf4tkw5b2jkj"}
{"type":"operationStart","subtype":"recipe","name":"html","timestamp":1684650489342,"id":"sbvgubj18m5u84t","previousEventId":"yqn0653xnd9ako8","operationId":"iya7r9b2zh6ute3","previousOperationId":"nlfrf4tkw5b2jkj"}
{"type":"log","timestamp":1684650489342,"level":"debug","message":"Executing recipe html","meta":{"rootId":"2jrvme6sy987ycu","id":"t82azs5vdssvgsj"},"id":"ey9thgd36eci41d","previousOperationId":"iya7r9b2zh6ute3"}
{"type":"operationEnd","operationId":"iya7r9b2zh6ute3","timestamp":1684650489342,"id":"ocrc72ok5vt08ke","previousEventId":"sbvgubj18m5u84t","previousOperationId":"iya7r9b2zh6ute3"}
{"type":"log","timestamp":1684650489342,"level":"debug","message":"Skipping storing report.","meta":{"rootId":"2jrvme6sy987ycu","id":"t82azs5vdssvgsj"},"id":"rp1v62dq6dq1rq8","previousOperationId":"iya7r9b2zh6ute3"}
{"type":"log","timestamp":1684650489343,"level":"info","message":"Rendering (child) request finished in 81 ms","meta":{"rootId":"2jrvme6sy987ycu","id":"t82azs5vdssvgsj"},"id":"bdapo7yjj2u8tvd","previousOperationId":"iya7r9b2zh6ute3"}
{"type":"operationEnd","subtype":"render","operationId":"p6xlpr04w5l2mnl","timestamp":1684650489343,"id":"530w1n0nc7q2e80","previousEventId":"ocrc72ok5vt08ke","previousOperationId":"iya7r9b2zh6ute3"}
{"type":"log","timestamp":1684650489344,"level":"debug","message":"Converting with chrome HeadlessChrome/105.0.5173.0 using chrome-pool strategy","meta":{"rootId":"2jrvme6sy987ycu","id":"2jrvme6sy987ycu"},"id":"ie77v8lx3ywk48s","previousOperationId":"zbbdjwnnoolp68n"}
{"type":"log","timestamp":1684650489474,"level":"debug","message":"Page request: GET (document) file:///C:/Users/Adebayo/AppData/Local/Temp/jsreport/autocleanup/d30b5578-4a20-47ab-bdb0-cfaa0a7ffb6c-chrome-pdf.html","meta":{"rootId":"2jrvme6sy987ycu","id":"2jrvme6sy987ycu"},"id":"uz27gab4vv1ve0x","previousOperationId":"zbbdjwnnoolp68n"}
{"type":"log","timestamp":1684650489493,"level":"debug","message":"Page request finished: GET (document) 200 file:///C:/Users/Adebayo/AppData/Local/Temp/jsreport/autocleanup/d30b5578-4a20-47ab-bdb0-cfaa0a7ffb6c-chrome-pdf.html","meta":{"rootId":"2jrvme6sy987ycu","id":"2jrvme6sy987ycu"},"id":"q8k7pdpgllcs2qg","previousOperationId":"zbbdjwnnoolp68n"}
{"type":"log","timestamp":1684650489496,"level":"debug","message":"Page request: GET (script) https://cdnjs.cloudflare.com/ajax/libs/Chart.js/2.1.6/Chart.min.js","meta":{"rootId":"2jrvme6sy987ycu","id":"2jrvme6sy987ycu"},"id":"cxaqkxi1f94v3ij","previousOperationId":"zbbdjwnnoolp68n"}
{"type":"log","timestamp":1684650489506,"level":"debug","message":"Page request finished: GET (script) 200 https://cdnjs.cloudflare.com/ajax/libs/Chart.js/2.1.6/Chart.min.js","meta":{"rootId":"2jrvme6sy987ycu","id":"2jrvme6sy987ycu"},"id":"l51bxrcggk6w5ev","previousOperationId":"zbbdjwnnoolp68n"}
{"type":"log","timestamp":1684650489574,"level":"debug","message":"Running chrome with params {\"printBackground\":true,\"marginTop\":\"2cm\",\"marginRight\":\"1cm\",\"marginBottom\":\"2cm\",\"marginLeft\":\"1cm\",\"landscape\":false,\"format\":\"A4\",\"displayHeaderFooter\":true,\"footerTemplate\":\"...\",\"timeout\":59919,\"margin\":{\"top\":\"2cm\",\"right\":\"1cm\",\"bottom\":\"2cm\",\"left\":\"1cm\"}}","meta":{"rootId":"2jrvme6sy987ycu","id":"2jrvme6sy987ycu"},"id":"n19ayavo3sbuqe2","previousOperationId":"zbbdjwnnoolp68n"}
{"type":"operationEnd","operationId":"zbbdjwnnoolp68n","timestamp":1684650489641,"id":"9b2k08t2ikus8cd","previousEventId":"ze07li9ouz4fgm1","previousOperationId":"zbbdjwnnoolp68n"}
{"type":"log","timestamp":1684650489641,"level":"debug","message":"Skipping storing report.","meta":{"rootId":"2jrvme6sy987ycu","id":"2jrvme6sy987ycu"},"id":"no2ibrw6k86lnsf","previousOperationId":"zbbdjwnnoolp68n"}
{"type":"log","timestamp":1684650489641,"level":"info","message":"Rendering request 70 finished in 379 ms","meta":{"rootId":"2jrvme6sy987ycu","id":"2jrvme6sy987ycu"},"id":"jvmgh32po5iws48","previousOperationId":"zbbdjwnnoolp68n"}
{"type":"operationEnd","subtype":"render","operationId":"aqmr4y25w41n586","timestamp":1684650489641,"id":"b0ff5lwl30kxazt","previousEventId":"9b2k08t2ikus8cd","previousOperationId":"zbbdjwnnoolp68n"}
{"type":"operationEnd","doDiffs":false,"previousEventId":"hx56lm0g6izpd5s","previousOperationId":"3cl222m0ks7iz6t","operationId":"3cl222m0ks7iz6t","timestamp":1684650489651,"id":"e133hguqfso6ey0"}
