{"type":"operationStart","subtype":"profile","data":{"_id":"wRWqqJUSvybiNHPx","timestamp":"2023-05-21T07:06:11.916Z","state":"queued","mode":"standard","creationDate":"2023-05-21T07:06:11.919Z","modificationDate":"2023-05-21T07:06:11.919Z","shortid":"l6vtdkn","$entitySet":"profiles"},"doDiffs":false,"timestamp":1684652771917,"id":"6qlazrh9081sxhp","previousOperationId":null,"operationId":"b2vbskd1v86yoq8"}
{"type":"log","level":"info","message":"Render request 99 queued for execution and waiting for available worker","previousOperationId":"b2vbskd1v86yoq8","timestamp":1684652771917,"id":"u53tpd5f1k856vy"}
{"type":"operationStart","subtype":"render","name":"invoice-js","previousOperationId":"b2vbskd1v86yoq8","timestamp":1684652771930,"id":"gmm4fdxym1hcvwx","previousEventId":"6qlazrh9081sxhp","operationId":"ra36xr091nl0sv4"}
{"type":"log","timestamp":1684652771930,"level":"info","message":"Starting rendering request 99","meta":{"rootId":"2ujbxdz9folhluc","id":"2ujbxdz9folhluc"},"id":"hq5m0b9gbq0ivs1","previousOperationId":"ra36xr091nl0sv4"}
{"type":"log","timestamp":1684652771930,"level":"info","message":"Rendering template { name: invoice-js, recipe: chrome-pdf, engine: handlebars, preview: false }","meta":{"rootId":"2ujbxdz9folhluc","id":"2ujbxdz9folhluc"},"id":"w82beeptz3xn1vx","previousOperationId":"ra36xr091nl0sv4"}
{"type":"log","timestamp":1684652771931,"level":"debug","message":"Inline data specified.","meta":{"rootId":"2ujbxdz9folhluc","id":"2ujbxdz9folhluc"},"id":"duc3jhck3cw2alp","previousOperationId":"ra36xr091nl0sv4"}
{"type":"log","timestamp":1684652771933,"level":"debug","message":"Base url not specified, skipping its injection.","meta":{"rootId":"2ujbxdz9folhluc","id":"2ujbxdz9folhluc"},"id":"hxwfq7jd8a9ct09","previousOperationId":"ra36xr091nl0sv4"}
{"type":"operationStart","subtype":"engine","name":"handlebars","timestamp":1684652771934,"id":"883y4on1xafvj32","previousEventId":"gmm4fdxym1hcvwx","operationId":"75jpenm5a857vhy","previousOperationId":"ra36xr091nl0sv4"}
{"type":"log","timestamp":1684652771934,"level":"debug","message":"Rendering engine handlebars","meta":{"rootId":"2ujbxdz9folhluc","id":"2ujbxdz9folhluc"},"id":"b2q5zcbh28c0m27","previousOperationId":"75jpenm5a857vhy"}
{"type":"operationEnd","operationId":"75jpenm5a857vhy","timestamp":1684652771947,"id":"vdwmtyjzm5rqvsk","previousEventId":"883y4on1xafvj32","previousOperationId":"75jpenm5a857vhy"}
{"type":"operationStart","subtype":"recipe","name":"chrome-pdf","timestamp":1684652771947,"id":"fqj4xqut2d66bn5","previousEventId":"vdwmtyjzm5rqvsk","operationId":"pksagssw1tewoc4","previousOperationId":"75jpenm5a857vhy"}
{"type":"log","timestamp":1684652771947,"level":"debug","message":"Executing recipe chrome-pdf","meta":{"rootId":"2ujbxdz9folhluc","id":"2ujbxdz9folhluc"},"id":"bpzdleza77bpfy8","previousOperationId":"pksagssw1tewoc4"}
{"type":"log","timestamp":1684652771950,"level":"debug","message":"Starting child request to render pdf footer","meta":{"rootId":"2ujbxdz9folhluc","id":"2ujbxdz9folhluc"},"id":"uame3v6rpwr7uej","previousOperationId":"pksagssw1tewoc4"}
{"type":"operationStart","subtype":"render","name":"anonymous","previousOperationId":"pksagssw1tewoc4","timestamp":1684652771950,"id":"usy8wosxelk2rzh","previousEventId":"fqj4xqut2d66bn5","operationId":"kyruqgc91xeh5oa"}
{"type":"log","timestamp":1684652771950,"level":"info","message":"Starting rendering (child) request","meta":{"rootId":"2ujbxdz9folhluc","id":"luz4xgej79gje27"},"id":"i442j7pa7rkzb7y","previousOperationId":"kyruqgc91xeh5oa"}
{"type":"log","timestamp":1684652771950,"level":"info","message":"Rendering anonymous template { recipe: html, engine: handlebars }","meta":{"rootId":"2ujbxdz9folhluc","id":"luz4xgej79gje27"},"id":"70qdreavhogtkq5","previousOperationId":"kyruqgc91xeh5oa"}
{"type":"log","timestamp":1684652771950,"level":"debug","message":"Inline data specified.","meta":{"rootId":"2ujbxdz9folhluc","id":"luz4xgej79gje27"},"id":"p26t52pijapozaq","previousOperationId":"kyruqgc91xeh5oa"}
{"type":"log","timestamp":1684652771953,"level":"debug","message":"Base url not specified, skipping its injection.","meta":{"rootId":"2ujbxdz9folhluc","id":"luz4xgej79gje27"},"id":"9dzjd8mzo4a7t71","previousOperationId":"kyruqgc91xeh5oa"}
{"type":"operationStart","subtype":"engine","name":"handlebars","timestamp":1684652771953,"id":"69dotclv64uri4q","previousEventId":"usy8wosxelk2rzh","operationId":"w9x4surfufv2v84","previousOperationId":"kyruqgc91xeh5oa"}
{"type":"log","timestamp":1684652771953,"level":"debug","message":"Rendering engine handlebars","meta":{"rootId":"2ujbxdz9folhluc","id":"luz4xgej79gje27"},"id":"l6ecpfod94ek3o4","previousOperationId":"w9x4surfufv2v84"}
{"type":"operationEnd","operationId":"w9x4surfufv2v84","timestamp":1684652771964,"id":"q4prhnw1ddwmam1","previousEventId":"69dotclv64uri4q","previousOperationId":"w9x4surfufv2v84"}
{"type":"operationStart","subtype":"recipe","name":"html","timestamp":1684652771964,"id":"2mi14phdz6b5i6o","previousEventId":"q4prhnw1ddwmam1","operationId":"qzohpq01ytlac9o","previousOperationId":"w9x4surfufv2v84"}
{"type":"log","timestamp":1684652771964,"level":"debug","message":"Executing recipe html","meta":{"rootId":"2ujbxdz9folhluc","id":"luz4xgej79gje27"},"id":"jonjje4fj02igtz","previousOperationId":"qzohpq01ytlac9o"}
{"type":"operationEnd","operationId":"qzohpq01ytlac9o","timestamp":1684652771964,"id":"01p2hc1123jw7lu","previousEventId":"2mi14phdz6b5i6o","previousOperationId":"qzohpq01ytlac9o"}
{"type":"log","timestamp":1684652771964,"level":"debug","message":"Skipping storing report.","meta":{"rootId":"2ujbxdz9folhluc","id":"luz4xgej79gje27"},"id":"1gh6n7d4r4u2fh6","previousOperationId":"qzohpq01ytlac9o"}
{"type":"log","timestamp":1684652771964,"level":"info","message":"Rendering (child) request finished in 49 ms","meta":{"rootId":"2ujbxdz9folhluc","id":"luz4xgej79gje27"},"id":"asyqqkadulrr6n7","previousOperationId":"qzohpq01ytlac9o"}
{"type":"operationEnd","subtype":"render","operationId":"kyruqgc91xeh5oa","timestamp":1684652771964,"id":"4i529jv2xsqe9f8","previousEventId":"01p2hc1123jw7lu","previousOperationId":"qzohpq01ytlac9o"}
{"type":"log","timestamp":1684652771965,"level":"debug","message":"Converting with chrome HeadlessChrome/105.0.5173.0 using chrome-pool strategy","meta":{"rootId":"2ujbxdz9folhluc","id":"2ujbxdz9folhluc"},"id":"axqpzw9cjjmpzd8","previousOperationId":"pksagssw1tewoc4"}
{"type":"log","timestamp":1684652772090,"level":"debug","message":"Page request: GET (document) file:///C:/Users/Adebayo/AppData/Local/Temp/jsreport/autocleanup/288fc0e2-8e91-4ec5-abf3-a407b56d3ec5-chrome-pdf.html","meta":{"rootId":"2ujbxdz9folhluc","id":"2ujbxdz9folhluc"},"id":"99ln9tppy09gsm6","previousOperationId":"pksagssw1tewoc4"}
{"type":"log","timestamp":1684652772105,"level":"debug","message":"Page request finished: GET (document) 200 file:///C:/Users/Adebayo/AppData/Local/Temp/jsreport/autocleanup/288fc0e2-8e91-4ec5-abf3-a407b56d3ec5-chrome-pdf.html","meta":{"rootId":"2ujbxdz9folhluc","id":"2ujbxdz9folhluc"},"id":"dj8kkl5ltyvnt21","previousOperationId":"pksagssw1tewoc4"}
{"type":"log","timestamp":1684652772106,"level":"debug","message":"Page request: GET (script) https://cdnjs.cloudflare.com/ajax/libs/Chart.js/2.1.6/Chart.min.js","meta":{"rootId":"2ujbxdz9folhluc","id":"2ujbxdz9folhluc"},"id":"9u2e2wf111cviy9","previousOperationId":"pksagssw1tewoc4"}
{"type":"log","timestamp":1684652772110,"level":"debug","message":"Page request finished: GET (script) 200 https://cdnjs.cloudflare.com/ajax/libs/Chart.js/2.1.6/Chart.min.js","meta":{"rootId":"2ujbxdz9folhluc","id":"2ujbxdz9folhluc"},"id":"7jpvk7jgn895p5j","previousOperationId":"pksagssw1tewoc4"}
{"type":"log","timestamp":1684652772115,"level":"warn","message":"Page error: SyntaxError: Unexpected token ','","meta":{"rootId":"2ujbxdz9folhluc","id":"2ujbxdz9folhluc"},"id":"9a5irxy7v3u359l","previousOperationId":"pksagssw1tewoc4"}
{"type":"log","timestamp":1684652772119,"level":"debug","message":"Running chrome with params {\"printBackground\":true,\"marginTop\":\"2cm\",\"marginRight\":\"1cm\",\"marginBottom\":\"2cm\",\"marginLeft\":\"1cm\",\"landscape\":false,\"format\":\"A4\",\"displayHeaderFooter\":true,\"footerTemplate\":\"...\",\"timeout\":59951,\"margin\":{\"top\":\"2cm\",\"right\":\"1cm\",\"bottom\":\"2cm\",\"left\":\"1cm\"}}","meta":{"rootId":"2ujbxdz9folhluc","id":"2ujbxdz9folhluc"},"id":"n8tik294kxxqfwq","previousOperationId":"pksagssw1tewoc4"}
{"type":"operationEnd","operationId":"pksagssw1tewoc4","timestamp":1684652772229,"id":"o5ofmcng9wc3j16","previousEventId":"fqj4xqut2d66bn5","previousOperationId":"pksagssw1tewoc4"}
{"type":"log","timestamp":1684652772229,"level":"debug","message":"Skipping storing report.","meta":{"rootId":"2ujbxdz9folhluc","id":"2ujbxdz9folhluc"},"id":"kh3kob9qm619oo9","previousOperationId":"pksagssw1tewoc4"}
{"type":"log","timestamp":1684652772229,"level":"info","message":"Rendering request 99 finished in 314 ms","meta":{"rootId":"2ujbxdz9folhluc","id":"2ujbxdz9folhluc"},"id":"txgcbdi7aj8urgv","previousOperationId":"pksagssw1tewoc4"}
{"type":"operationEnd","subtype":"render","operationId":"ra36xr091nl0sv4","timestamp":1684652772229,"id":"2ecv42dponmvluu","previousEventId":"o5ofmcng9wc3j16","previousOperationId":"pksagssw1tewoc4"}
{"type":"operationEnd","doDiffs":false,"previousEventId":"6qlazrh9081sxhp","previousOperationId":"b2vbskd1v86yoq8","operationId":"b2vbskd1v86yoq8","timestamp":1684652772233,"id":"l2fhjzkoeh1x06b"}
