{"type":"operationStart","subtype":"profile","data":{"_id":"efZh4pNZBMfQUuRB","timestamp":"2023-05-21T05:50:10.004Z","state":"queued","mode":"standard","creationDate":"2023-05-21T05:50:10.006Z","modificationDate":"2023-05-21T05:50:10.006Z","shortid":"8UCkK95","$entitySet":"profiles"},"doDiffs":false,"timestamp":1684648210005,"id":"48qavopmgqzgg0z","previousOperationId":null,"operationId":"48dfxrar3n5a9lo"}
{"type":"log","level":"info","message":"Render request 52 queued for execution and waiting for available worker","previousOperationId":"48dfxrar3n5a9lo","timestamp":1684648210005,"id":"80uezbzhnwlf174"}
{"type":"operationStart","subtype":"render","name":"invoice-js","previousOperationId":"48dfxrar3n5a9lo","timestamp":1684648210017,"id":"43r4viv6fd856kc","previousEventId":"48qavopmgqzgg0z","operationId":"9ticszsqhby7279"}
{"type":"log","timestamp":1684648210017,"level":"info","message":"Starting rendering request 52","meta":{"rootId":"30p1iy9x3ttkd30","id":"30p1iy9x3ttkd30"},"id":"g6e78v5f1yrehny","previousOperationId":"9ticszsqhby7279"}
{"type":"log","timestamp":1684648210017,"level":"info","message":"Rendering template { name: invoice-js, recipe: chrome-pdf, engine: handlebars, preview: true }","meta":{"rootId":"30p1iy9x3ttkd30","id":"30p1iy9x3ttkd30"},"id":"n6pegesknfua2g7","previousOperationId":"9ticszsqhby7279"}
{"type":"log","timestamp":1684648210018,"level":"debug","message":"Inline data specified.","meta":{"rootId":"30p1iy9x3ttkd30","id":"30p1iy9x3ttkd30"},"id":"8tp1ogyzxq9is37","previousOperationId":"9ticszsqhby7279"}
{"type":"log","timestamp":1684648210021,"level":"debug","message":"Base url not specified, skipping its injection.","meta":{"rootId":"30p1iy9x3ttkd30","id":"30p1iy9x3ttkd30"},"id":"eabpzrci54d3x9d","previousOperationId":"9ticszsqhby7279"}
{"type":"operationStart","subtype":"engine","name":"handlebars","timestamp":1684648210021,"id":"sun1ue4qgr1ead1","previousEventId":"43r4viv6fd856kc","operationId":"fnoykjiaxw830mx","previousOperationId":"9ticszsqhby7279"}
{"type":"log","timestamp":1684648210021,"level":"debug","message":"Rendering engine handlebars","meta":{"rootId":"30p1iy9x3ttkd30","id":"30p1iy9x3ttkd30"},"id":"5iyotpnu5koypym","previousOperationId":"fnoykjiaxw830mx"}
{"type":"operationEnd","operationId":"fnoykjiaxw830mx","timestamp":1684648210035,"id":"6n78lezz326dbre","previousEventId":"sun1ue4qgr1ead1","previousOperationId":"fnoykjiaxw830mx"}
{"type":"operationStart","subtype":"recipe","name":"chrome-pdf","timestamp":1684648210035,"id":"d400u487of9jzv1","previousEventId":"6n78lezz326dbre","operationId":"wfn2cmahxpn5ih8","previousOperationId":"fnoykjiaxw830mx"}
{"type":"log","timestamp":1684648210035,"level":"debug","message":"Executing recipe chrome-pdf","meta":{"rootId":"30p1iy9x3ttkd30","id":"30p1iy9x3ttkd30"},"id":"5zrra0ez7murj0k","previousOperationId":"wfn2cmahxpn5ih8"}
{"type":"log","timestamp":1684648210069,"level":"debug","message":"Converting with chrome HeadlessChrome/105.0.5173.0 using chrome-pool strategy","meta":{"rootId":"30p1iy9x3ttkd30","id":"30p1iy9x3ttkd30"},"id":"5ekbqw8cgkvj1fs","previousOperationId":"wfn2cmahxpn5ih8"}
{"type":"log","timestamp":1684648210180,"level":"debug","message":"Page request: GET (document) file:///C:/Users/Adebayo/AppData/Local/Temp/jsreport/autocleanup/b30d2e55-0077-468d-9633-52966ac5bc32-chrome-pdf.html","meta":{"rootId":"30p1iy9x3ttkd30","id":"30p1iy9x3ttkd30"},"id":"6w9sc4x6wt2oafb","previousOperationId":"wfn2cmahxpn5ih8"}
{"type":"log","timestamp":1684648210200,"level":"debug","message":"Page request finished: GET (document) 200 file:///C:/Users/Adebayo/AppData/Local/Temp/jsreport/autocleanup/b30d2e55-0077-468d-9633-52966ac5bc32-chrome-pdf.html","meta":{"rootId":"30p1iy9x3ttkd30","id":"30p1iy9x3ttkd30"},"id":"zq4i8fvl29nb3lp","previousOperationId":"wfn2cmahxpn5ih8"}
{"type":"log","timestamp":1684648210200,"level":"debug","message":"Page request: GET (script) https://cdn.jsdelivr.net/npm/chart.js","meta":{"rootId":"30p1iy9x3ttkd30","id":"30p1iy9x3ttkd30"},"id":"mm9iwscxzyf2jlw","previousOperationId":"wfn2cmahxpn5ih8"}
{"type":"log","timestamp":1684648210209,"level":"debug","message":"Page request finished: GET (script) 200 https://cdn.jsdelivr.net/npm/chart.js","meta":{"rootId":"30p1iy9x3ttkd30","id":"30p1iy9x3ttkd30"},"id":"6grjvzadxack0sr","previousOperationId":"wfn2cmahxpn5ih8"}
{"type":"log","timestamp":1684648210300,"level":"debug","message":"Running chrome with params {\"printBackground\":true,\"marginTop\":\"2cm\",\"marginRight\":\"1cm\",\"marginBottom\":\"2cm\",\"marginLeft\":\"1cm\",\"landscape\":false,\"format\":\"A4\",\"displayHeaderFooter\":true,\"timeout\":59938,\"margin\":{\"top\":\"2cm\",\"right\":\"1cm\",\"bottom\":\"2cm\",\"left\":\"1cm\"}}","meta":{"rootId":"30p1iy9x3ttkd30","id":"30p1iy9x3ttkd30"},"id":"h6hv02bbzcr2n9a","previousOperationId":"wfn2cmahxpn5ih8"}
{"type":"operationEnd","operationId":"wfn2cmahxpn5ih8","timestamp":1684648210364,"id":"kkc6z420s47m2bg","previousEventId":"d400u487of9jzv1","previousOperationId":"wfn2cmahxpn5ih8"}
{"type":"log","timestamp":1684648210364,"level":"debug","message":"Skipping storing report.","meta":{"rootId":"30p1iy9x3ttkd30","id":"30p1iy9x3ttkd30"},"id":"qd8cmmvfvmbsqoh","previousOperationId":"wfn2cmahxpn5ih8"}
{"type":"log","timestamp":1684648210364,"level":"info","message":"Rendering request 52 finished in 360 ms","meta":{"rootId":"30p1iy9x3ttkd30","id":"30p1iy9x3ttkd30"},"id":"2w6k765scfcfrho","previousOperationId":"wfn2cmahxpn5ih8"}
{"type":"operationEnd","subtype":"render","operationId":"9ticszsqhby7279","timestamp":1684648210364,"id":"8e8n5plujloieff","previousEventId":"kkc6z420s47m2bg","previousOperationId":"wfn2cmahxpn5ih8"}
{"type":"operationEnd","doDiffs":false,"previousEventId":"48qavopmgqzgg0z","previousOperationId":"48dfxrar3n5a9lo","operationId":"48dfxrar3n5a9lo","timestamp":1684648210367,"id":"z2x8nn8omdt1q42"}
