{"type":"operationStart","subtype":"profile","data":{"_id":"6phhkYVDCfLHQDKv","timestamp":"2023-05-21T11:21:29.892Z","state":"queued","mode":"standard","creationDate":"2023-05-21T11:21:29.895Z","modificationDate":"2023-05-21T11:21:29.895Z","shortid":"qSjmaw6","$entitySet":"profiles"},"doDiffs":false,"timestamp":1684668089894,"id":"g3w0m2s05ae18w3","previousOperationId":null,"operationId":"fwz3fjl5f6v6ski"}
{"type":"log","level":"info","message":"Render request 161 queued for execution and waiting for available worker","previousOperationId":"fwz3fjl5f6v6ski","timestamp":1684668089894,"id":"3oqkk312qlrfppv"}
{"type":"operationStart","subtype":"render","name":"invoice-js","previousOperationId":"fwz3fjl5f6v6ski","timestamp":1684668089911,"id":"234ak99sf8vwyov","previousEventId":"g3w0m2s05ae18w3","operationId":"s9dlhrw1cfvlieb"}
{"type":"log","timestamp":1684668089911,"level":"info","message":"Starting rendering request 161","meta":{"rootId":"3l5tb605x87qjra","id":"3l5tb605x87qjra"},"id":"k3nmwkm9knmvej7","previousOperationId":"s9dlhrw1cfvlieb"}
{"type":"log","timestamp":1684668089912,"level":"info","message":"Rendering template { name: invoice-js, recipe: chrome-pdf, engine: handlebars, preview: false }","meta":{"rootId":"3l5tb605x87qjra","id":"3l5tb605x87qjra"},"id":"gj1mr08o1g42rpm","previousOperationId":"s9dlhrw1cfvlieb"}
{"type":"log","timestamp":1684668089916,"level":"debug","message":"Inline data specified.","meta":{"rootId":"3l5tb605x87qjra","id":"3l5tb605x87qjra"},"id":"45rznwq0cb62yla","previousOperationId":"s9dlhrw1cfvlieb"}
{"type":"log","timestamp":1684668089922,"level":"debug","message":"Base url not specified, skipping its injection.","meta":{"rootId":"3l5tb605x87qjra","id":"3l5tb605x87qjra"},"id":"9k54vpksh490hr9","previousOperationId":"s9dlhrw1cfvlieb"}
{"type":"operationStart","subtype":"engine","name":"handlebars","timestamp":1684668089923,"id":"itj7tebs61svntd","previousEventId":"234ak99sf8vwyov","operationId":"qg006szuw8nhu89","previousOperationId":"s9dlhrw1cfvlieb"}
{"type":"log","timestamp":1684668089923,"level":"debug","message":"Rendering engine handlebars","meta":{"rootId":"3l5tb605x87qjra","id":"3l5tb605x87qjra"},"id":"2renqkl42typdyg","previousOperationId":"qg006szuw8nhu89"}
{"type":"operationEnd","operationId":"qg006szuw8nhu89","timestamp":1684668089945,"id":"0rrumdy6vxoexpl","previousEventId":"itj7tebs61svntd","previousOperationId":"qg006szuw8nhu89"}
{"type":"operationStart","subtype":"recipe","name":"chrome-pdf","timestamp":1684668089945,"id":"qr86vc24yueuzr6","previousEventId":"0rrumdy6vxoexpl","operationId":"glvk0j1obtwb6s1","previousOperationId":"qg006szuw8nhu89"}
{"type":"log","timestamp":1684668089945,"level":"debug","message":"Executing recipe chrome-pdf","meta":{"rootId":"3l5tb605x87qjra","id":"3l5tb605x87qjra"},"id":"kmewn1w7x4rz8f9","previousOperationId":"glvk0j1obtwb6s1"}
{"type":"log","timestamp":1684668089949,"level":"debug","message":"Starting child request to render pdf footer","meta":{"rootId":"3l5tb605x87qjra","id":"3l5tb605x87qjra"},"id":"ln8772l2d23zhxl","previousOperationId":"glvk0j1obtwb6s1"}
{"type":"operationStart","subtype":"render","name":"anonymous","previousOperationId":"glvk0j1obtwb6s1","timestamp":1684668089950,"id":"dy8c4c0ag8l8hw8","previousEventId":"qr86vc24yueuzr6","operationId":"ujatlwdpzknoub3"}
{"type":"log","timestamp":1684668089950,"level":"info","message":"Starting rendering (child) request","meta":{"rootId":"3l5tb605x87qjra","id":"nbxk8c7mcpmfrwj"},"id":"s4rki80qzsq3c4z","previousOperationId":"ujatlwdpzknoub3"}
{"type":"log","timestamp":1684668089950,"level":"info","message":"Rendering anonymous template { recipe: html, engine: handlebars }","meta":{"rootId":"3l5tb605x87qjra","id":"nbxk8c7mcpmfrwj"},"id":"zkm4w9pm23fo5xa","previousOperationId":"ujatlwdpzknoub3"}
{"type":"log","timestamp":1684668089950,"level":"debug","message":"Inline data specified.","meta":{"rootId":"3l5tb605x87qjra","id":"nbxk8c7mcpmfrwj"},"id":"0huypd505gytaoq","previousOperationId":"ujatlwdpzknoub3"}
{"type":"log","timestamp":1684668089952,"level":"debug","message":"Base url not specified, skipping its injection.","meta":{"rootId":"3l5tb605x87qjra","id":"nbxk8c7mcpmfrwj"},"id":"ddj0ey0hpexscig","previousOperationId":"ujatlwdpzknoub3"}
{"type":"operationStart","subtype":"engine","name":"handlebars","timestamp":1684668089952,"id":"8v523cnlxxpwvv9","previousEventId":"dy8c4c0ag8l8hw8","operationId":"eo2nryslh7qw6gd","previousOperationId":"ujatlwdpzknoub3"}
{"type":"log","timestamp":1684668089952,"level":"debug","message":"Rendering engine handlebars","meta":{"rootId":"3l5tb605x87qjra","id":"nbxk8c7mcpmfrwj"},"id":"h41n76p6v6a3gt8","previousOperationId":"eo2nryslh7qw6gd"}
{"type":"operationEnd","operationId":"eo2nryslh7qw6gd","timestamp":1684668089973,"id":"mtem3ib36adrwrn","previousEventId":"8v523cnlxxpwvv9","previousOperationId":"eo2nryslh7qw6gd"}
{"type":"operationStart","subtype":"recipe","name":"html","timestamp":1684668089973,"id":"c774qiwa419mxm0","previousEventId":"mtem3ib36adrwrn","operationId":"rtrt4jy3u3tn8xo","previousOperationId":"eo2nryslh7qw6gd"}
{"type":"log","timestamp":1684668089973,"level":"debug","message":"Executing recipe html","meta":{"rootId":"3l5tb605x87qjra","id":"nbxk8c7mcpmfrwj"},"id":"n5kbcko3ji8qcsw","previousOperationId":"rtrt4jy3u3tn8xo"}
{"type":"operationEnd","operationId":"rtrt4jy3u3tn8xo","timestamp":1684668089973,"id":"d36ngvqqsdxuw1a","previousEventId":"c774qiwa419mxm0","previousOperationId":"rtrt4jy3u3tn8xo"}
{"type":"log","timestamp":1684668089973,"level":"debug","message":"Skipping storing report.","meta":{"rootId":"3l5tb605x87qjra","id":"nbxk8c7mcpmfrwj"},"id":"8u42kvev94kuwzx","previousOperationId":"rtrt4jy3u3tn8xo"}
{"type":"log","timestamp":1684668089973,"level":"info","message":"Rendering (child) request finished in 81 ms","meta":{"rootId":"3l5tb605x87qjra","id":"nbxk8c7mcpmfrwj"},"id":"ambk1bgwnonk1xn","previousOperationId":"rtrt4jy3u3tn8xo"}
{"type":"operationEnd","subtype":"render","operationId":"ujatlwdpzknoub3","timestamp":1684668089973,"id":"3zo3gilet92zc1u","previousEventId":"d36ngvqqsdxuw1a","previousOperationId":"rtrt4jy3u3tn8xo"}
{"type":"log","timestamp":1684668089975,"level":"debug","message":"Converting with chrome HeadlessChrome/105.0.5173.0 using chrome-pool strategy","meta":{"rootId":"3l5tb605x87qjra","id":"3l5tb605x87qjra"},"id":"o3btuzj75314ahs","previousOperationId":"glvk0j1obtwb6s1"}
{"type":"log","timestamp":1684668090184,"level":"debug","message":"Page request: GET (document) file:///C:/Users/Adebayo/AppData/Local/Temp/jsreport/autocleanup/bac13625-dd52-4974-ad86-2965cf6348b2-chrome-pdf.html","meta":{"rootId":"3l5tb605x87qjra","id":"3l5tb605x87qjra"},"id":"mvs7pao0caheq8l","previousOperationId":"glvk0j1obtwb6s1"}
{"type":"log","timestamp":1684668090203,"level":"debug","message":"Page request finished: GET (document) 200 file:///C:/Users/Adebayo/AppData/Local/Temp/jsreport/autocleanup/bac13625-dd52-4974-ad86-2965cf6348b2-chrome-pdf.html","meta":{"rootId":"3l5tb605x87qjra","id":"3l5tb605x87qjra"},"id":"gdkmha3efwxcvsi","previousOperationId":"glvk0j1obtwb6s1"}
{"type":"log","timestamp":1684668090204,"level":"debug","message":"Page request: GET (script) https://cdnjs.cloudflare.com/ajax/libs/Chart.js/2.1.6/Chart.min.js","meta":{"rootId":"3l5tb605x87qjra","id":"3l5tb605x87qjra"},"id":"5sp0df9g243iob9","previousOperationId":"glvk0j1obtwb6s1"}
{"type":"log","timestamp":1684668090214,"level":"debug","message":"Page request finished: GET (script) 200 https://cdnjs.cloudflare.com/ajax/libs/Chart.js/2.1.6/Chart.min.js","meta":{"rootId":"3l5tb605x87qjra","id":"3l5tb605x87qjra"},"id":"9wfsnfxg0vrhes6","previousOperationId":"glvk0j1obtwb6s1"}
{"type":"log","timestamp":1684668090221,"level":"warn","message":"Page error: SyntaxError: Unexpected token ','","meta":{"rootId":"3l5tb605x87qjra","id":"3l5tb605x87qjra"},"id":"e6r9z1ldnhlkt3k","previousOperationId":"glvk0j1obtwb6s1"}
{"type":"log","timestamp":1684668090243,"level":"debug","message":"Running chrome with params {\"printBackground\":true,\"marginTop\":\"2cm\",\"marginRight\":\"1cm\",\"marginBottom\":\"2cm\",\"marginLeft\":\"1cm\",\"landscape\":false,\"format\":\"A4\",\"displayHeaderFooter\":true,\"footerTemplate\":\"...\",\"timeout\":59919,\"margin\":{\"top\":\"2cm\",\"right\":\"1cm\",\"bottom\":\"2cm\",\"left\":\"1cm\"}}","meta":{"rootId":"3l5tb605x87qjra","id":"3l5tb605x87qjra"},"id":"uxj694kt7cemgo5","previousOperationId":"glvk0j1obtwb6s1"}
{"type":"operationEnd","operationId":"glvk0j1obtwb6s1","timestamp":1684668090354,"id":"9bkohlnelfakno0","previousEventId":"qr86vc24yueuzr6","previousOperationId":"glvk0j1obtwb6s1"}
{"type":"log","timestamp":1684668090354,"level":"debug","message":"Skipping storing report.","meta":{"rootId":"3l5tb605x87qjra","id":"3l5tb605x87qjra"},"id":"l41q0ob5rog5lpn","previousOperationId":"glvk0j1obtwb6s1"}
{"type":"log","timestamp":1684668090354,"level":"info","message":"Rendering request 161 finished in 462 ms","meta":{"rootId":"3l5tb605x87qjra","id":"3l5tb605x87qjra"},"id":"iec65nl42sdze6n","previousOperationId":"glvk0j1obtwb6s1"}
{"type":"operationEnd","subtype":"render","operationId":"s9dlhrw1cfvlieb","timestamp":1684668090354,"id":"jvq8958p61hya4j","previousEventId":"9bkohlnelfakno0","previousOperationId":"glvk0j1obtwb6s1"}
{"type":"operationEnd","doDiffs":false,"previousEventId":"g3w0m2s05ae18w3","previousOperationId":"fwz3fjl5f6v6ski","operationId":"fwz3fjl5f6v6ski","timestamp":1684668090359,"id":"wsuq1t4n4wo4ims"}
