{"type":"operationStart","subtype":"profile","data":{"_id":"PYG4Z2LpOsckhfy3","timestamp":"2023-05-21T07:30:26.200Z","state":"queued","mode":"standard","creationDate":"2023-05-21T07:30:26.205Z","modificationDate":"2023-05-21T07:30:26.205Z","shortid":"62azWQH","$entitySet":"profiles"},"doDiffs":false,"timestamp":1684654226203,"id":"7hy99laixx2n2rq","previousOperationId":null,"operationId":"tqq9vf959qeuf5l"}
{"type":"log","level":"info","message":"Render request 138 queued for execution and waiting for available worker","previousOperationId":"tqq9vf959qeuf5l","timestamp":1684654226203,"id":"km4u3vep1yw2qlr"}
{"type":"operationStart","subtype":"render","name":"invoice-js","previousOperationId":"tqq9vf959qeuf5l","timestamp":1684654226221,"id":"3qkb5ie5ozixzwr","previousEventId":"7hy99laixx2n2rq","operationId":"gqyrzuhr2z5ckb3"}
{"type":"log","timestamp":1684654226221,"level":"info","message":"Starting rendering request 138","meta":{"rootId":"3lk3zqklh145noq","id":"3lk3zqklh145noq"},"id":"s7oeoim8a30dib0","previousOperationId":"gqyrzuhr2z5ckb3"}
{"type":"log","timestamp":1684654226222,"level":"info","message":"Rendering template { name: invoice-js, recipe: chrome-pdf, engine: handlebars, preview: false }","meta":{"rootId":"3lk3zqklh145noq","id":"3lk3zqklh145noq"},"id":"a9kftd3tf3zu79i","previousOperationId":"gqyrzuhr2z5ckb3"}
{"type":"log","timestamp":1684654226224,"level":"debug","message":"Inline data specified.","meta":{"rootId":"3lk3zqklh145noq","id":"3lk3zqklh145noq"},"id":"fdtoo1bvtc2mchy","previousOperationId":"gqyrzuhr2z5ckb3"}
{"type":"log","timestamp":1684654226228,"level":"debug","message":"Base url not specified, skipping its injection.","meta":{"rootId":"3lk3zqklh145noq","id":"3lk3zqklh145noq"},"id":"qapdat5z27k86p1","previousOperationId":"gqyrzuhr2z5ckb3"}
{"type":"operationStart","subtype":"engine","name":"handlebars","timestamp":1684654226229,"id":"03aqsiwrg7nf93d","previousEventId":"3qkb5ie5ozixzwr","operationId":"j39h7lwop59x1wu","previousOperationId":"gqyrzuhr2z5ckb3"}
{"type":"log","timestamp":1684654226229,"level":"debug","message":"Rendering engine handlebars","meta":{"rootId":"3lk3zqklh145noq","id":"3lk3zqklh145noq"},"id":"odd9xnxbr5bbzxy","previousOperationId":"j39h7lwop59x1wu"}
{"type":"operationEnd","operationId":"j39h7lwop59x1wu","timestamp":1684654226259,"id":"1owkf439047ixrc","previousEventId":"03aqsiwrg7nf93d","previousOperationId":"j39h7lwop59x1wu"}
{"type":"operationStart","subtype":"recipe","name":"chrome-pdf","timestamp":1684654226260,"id":"26ve769vyoi7wbp","previousEventId":"1owkf439047ixrc","operationId":"spg8qa0qgds7iww","previousOperationId":"j39h7lwop59x1wu"}
{"type":"log","timestamp":1684654226260,"level":"debug","message":"Executing recipe chrome-pdf","meta":{"rootId":"3lk3zqklh145noq","id":"3lk3zqklh145noq"},"id":"9wzhjuexoxvjuro","previousOperationId":"spg8qa0qgds7iww"}
{"type":"log","timestamp":1684654226262,"level":"debug","message":"Starting child request to render pdf footer","meta":{"rootId":"3lk3zqklh145noq","id":"3lk3zqklh145noq"},"id":"jhnkpqh9ccg7g0n","previousOperationId":"spg8qa0qgds7iww"}
{"type":"operationStart","subtype":"render","name":"anonymous","previousOperationId":"spg8qa0qgds7iww","timestamp":1684654226262,"id":"ri4gj6rpur0adf5","previousEventId":"26ve769vyoi7wbp","operationId":"3z535fdl4yewvgq"}
{"type":"log","timestamp":1684654226262,"level":"info","message":"Starting rendering (child) request","meta":{"rootId":"3lk3zqklh145noq","id":"8143k0fscs22sva"},"id":"v1gcltlag0sjtky","previousOperationId":"3z535fdl4yewvgq"}
{"type":"log","timestamp":1684654226263,"level":"info","message":"Rendering anonymous template { recipe: html, engine: handlebars }","meta":{"rootId":"3lk3zqklh145noq","id":"8143k0fscs22sva"},"id":"ikxpjv1ec1ra5ut","previousOperationId":"3z535fdl4yewvgq"}
{"type":"log","timestamp":1684654226263,"level":"debug","message":"Inline data specified.","meta":{"rootId":"3lk3zqklh145noq","id":"8143k0fscs22sva"},"id":"mnrvean7gjnjsre","previousOperationId":"3z535fdl4yewvgq"}
{"type":"log","timestamp":1684654226264,"level":"debug","message":"Base url not specified, skipping its injection.","meta":{"rootId":"3lk3zqklh145noq","id":"8143k0fscs22sva"},"id":"or1jq6gb3a3pw5y","previousOperationId":"3z535fdl4yewvgq"}
{"type":"operationStart","subtype":"engine","name":"handlebars","timestamp":1684654226264,"id":"nnsccglynrayo6i","previousEventId":"ri4gj6rpur0adf5","operationId":"p5smjj2cefx32mg","previousOperationId":"3z535fdl4yewvgq"}
{"type":"log","timestamp":1684654226264,"level":"debug","message":"Rendering engine handlebars","meta":{"rootId":"3lk3zqklh145noq","id":"8143k0fscs22sva"},"id":"xc7wi5h4lc6aalj","previousOperationId":"p5smjj2cefx32mg"}
{"type":"operationEnd","operationId":"p5smjj2cefx32mg","timestamp":1684654226293,"id":"jp4m3yyfb8xtdjw","previousEventId":"nnsccglynrayo6i","previousOperationId":"p5smjj2cefx32mg"}
{"type":"operationStart","subtype":"recipe","name":"html","timestamp":1684654226293,"id":"tr6jn2gqus9agch","previousEventId":"jp4m3yyfb8xtdjw","operationId":"amyydm3mihlocqh","previousOperationId":"p5smjj2cefx32mg"}
{"type":"log","timestamp":1684654226293,"level":"debug","message":"Executing recipe html","meta":{"rootId":"3lk3zqklh145noq","id":"8143k0fscs22sva"},"id":"eke3nmdbpc20nsw","previousOperationId":"amyydm3mihlocqh"}
{"type":"operationEnd","operationId":"amyydm3mihlocqh","timestamp":1684654226293,"id":"dmg6mt1xvqc169p","previousEventId":"tr6jn2gqus9agch","previousOperationId":"amyydm3mihlocqh"}
{"type":"log","timestamp":1684654226293,"level":"debug","message":"Skipping storing report.","meta":{"rootId":"3lk3zqklh145noq","id":"8143k0fscs22sva"},"id":"cuktpudt3ip6d6u","previousOperationId":"amyydm3mihlocqh"}
{"type":"log","timestamp":1684654226293,"level":"info","message":"Rendering (child) request finished in 94 ms","meta":{"rootId":"3lk3zqklh145noq","id":"8143k0fscs22sva"},"id":"5xcs62am7sinlsm","previousOperationId":"amyydm3mihlocqh"}
{"type":"operationEnd","subtype":"render","operationId":"3z535fdl4yewvgq","timestamp":1684654226293,"id":"t7tizw9fvj6qg6t","previousEventId":"dmg6mt1xvqc169p","previousOperationId":"amyydm3mihlocqh"}
{"type":"log","timestamp":1684654226295,"level":"debug","message":"Converting with chrome HeadlessChrome/105.0.5173.0 using chrome-pool strategy","meta":{"rootId":"3lk3zqklh145noq","id":"3lk3zqklh145noq"},"id":"k2pct5c4723c33j","previousOperationId":"spg8qa0qgds7iww"}
{"type":"log","timestamp":1684654226449,"level":"debug","message":"Page request: GET (document) file:///C:/Users/Adebayo/AppData/Local/Temp/jsreport/autocleanup/f2f59158-c403-4541-bf24-42e3b5604097-chrome-pdf.html","meta":{"rootId":"3lk3zqklh145noq","id":"3lk3zqklh145noq"},"id":"yexylaucevn9hr7","previousOperationId":"spg8qa0qgds7iww"}
{"type":"log","timestamp":1684654226472,"level":"debug","message":"Page request finished: GET (document) 200 file:///C:/Users/Adebayo/AppData/Local/Temp/jsreport/autocleanup/f2f59158-c403-4541-bf24-42e3b5604097-chrome-pdf.html","meta":{"rootId":"3lk3zqklh145noq","id":"3lk3zqklh145noq"},"id":"db7ivd21jugrq92","previousOperationId":"spg8qa0qgds7iww"}
{"type":"log","timestamp":1684654226472,"level":"debug","message":"Page request: GET (script) https://cdnjs.cloudflare.com/ajax/libs/Chart.js/2.1.6/Chart.min.js","meta":{"rootId":"3lk3zqklh145noq","id":"3lk3zqklh145noq"},"id":"czimokp95u9h0d5","previousOperationId":"spg8qa0qgds7iww"}
{"type":"log","timestamp":1684654226481,"level":"debug","message":"Page request finished: GET (script) 200 https://cdnjs.cloudflare.com/ajax/libs/Chart.js/2.1.6/Chart.min.js","meta":{"rootId":"3lk3zqklh145noq","id":"3lk3zqklh145noq"},"id":"5xprqfzb8bk5n7i","previousOperationId":"spg8qa0qgds7iww"}
{"type":"log","timestamp":1684654226489,"level":"warn","message":"Page error: SyntaxError: Unexpected token ','","meta":{"rootId":"3lk3zqklh145noq","id":"3lk3zqklh145noq"},"id":"isx7vxi01qryt8n","previousOperationId":"spg8qa0qgds7iww"}
{"type":"log","timestamp":1684654226493,"level":"debug","message":"Running chrome with params {\"printBackground\":true,\"marginTop\":\"2cm\",\"marginRight\":\"1cm\",\"marginBottom\":\"2cm\",\"marginLeft\":\"1cm\",\"landscape\":false,\"format\":\"A4\",\"displayHeaderFooter\":true,\"footerTemplate\":\"...\",\"timeout\":59906,\"margin\":{\"top\":\"2cm\",\"right\":\"1cm\",\"bottom\":\"2cm\",\"left\":\"1cm\"}}","meta":{"rootId":"3lk3zqklh145noq","id":"3lk3zqklh145noq"},"id":"vul3mt4ycufa80g","previousOperationId":"spg8qa0qgds7iww"}
{"type":"operationEnd","operationId":"spg8qa0qgds7iww","timestamp":1684654226587,"id":"aockr18vxwp7pa0","previousEventId":"26ve769vyoi7wbp","previousOperationId":"spg8qa0qgds7iww"}
{"type":"log","timestamp":1684654226588,"level":"debug","message":"Skipping storing report.","meta":{"rootId":"3lk3zqklh145noq","id":"3lk3zqklh145noq"},"id":"clgcl4m3dhatguo","previousOperationId":"spg8qa0qgds7iww"}
{"type":"log","timestamp":1684654226588,"level":"info","message":"Rendering request 138 finished in 389 ms","meta":{"rootId":"3lk3zqklh145noq","id":"3lk3zqklh145noq"},"id":"yqqhlrb9uyorayk","previousOperationId":"spg8qa0qgds7iww"}
{"type":"operationEnd","subtype":"render","operationId":"gqyrzuhr2z5ckb3","timestamp":1684654226588,"id":"qhcw5u7mu8to6li","previousEventId":"aockr18vxwp7pa0","previousOperationId":"spg8qa0qgds7iww"}
{"type":"operationEnd","doDiffs":false,"previousEventId":"7hy99laixx2n2rq","previousOperationId":"tqq9vf959qeuf5l","operationId":"tqq9vf959qeuf5l","timestamp":1684654226593,"id":"cpcu7j3ij3ztr7h"}
