{"type":"operationStart","subtype":"profile","data":{"_id":"0h0d9hTa3v8K4imS","timestamp":"2023-05-21T14:03:38.633Z","state":"queued","mode":"standard","creationDate":"2023-05-21T14:03:38.636Z","modificationDate":"2023-05-21T14:03:38.636Z","shortid":"yGPS70f","$entitySet":"profiles"},"doDiffs":false,"timestamp":1684677818634,"id":"7vduyvcts1wl0yk","previousOperationId":null,"operationId":"8ilqnds60vm05s9"}
{"type":"log","level":"info","message":"Render request 188 queued for execution and waiting for available worker","previousOperationId":"8ilqnds60vm05s9","timestamp":1684677818634,"id":"kcfgqssd7ty7s55"}
{"type":"operationStart","subtype":"render","name":"invoice-js","previousOperationId":"8ilqnds60vm05s9","timestamp":1684677818642,"id":"wbhjjaxss9hm7aq","previousEventId":"7vduyvcts1wl0yk","operationId":"aqc91u6ukmw6h5t"}
{"type":"log","timestamp":1684677818642,"level":"info","message":"Starting rendering request 188","meta":{"rootId":"4tj66ocqsg2o8ib","id":"4tj66ocqsg2o8ib"},"id":"63eiitaky60ried","previousOperationId":"aqc91u6ukmw6h5t"}
{"type":"log","timestamp":1684677818642,"level":"info","message":"Rendering template { name: invoice-js, recipe: chrome-pdf, engine: handlebars, preview: false }","meta":{"rootId":"4tj66ocqsg2o8ib","id":"4tj66ocqsg2o8ib"},"id":"n92lrg46ml7f01z","previousOperationId":"aqc91u6ukmw6h5t"}
{"type":"log","timestamp":1684677818643,"level":"debug","message":"Inline data specified.","meta":{"rootId":"4tj66ocqsg2o8ib","id":"4tj66ocqsg2o8ib"},"id":"o8ng0v955vcknyk","previousOperationId":"aqc91u6ukmw6h5t"}
{"type":"log","timestamp":1684677818646,"level":"debug","message":"Base url not specified, skipping its injection.","meta":{"rootId":"4tj66ocqsg2o8ib","id":"4tj66ocqsg2o8ib"},"id":"fkxiww9affe4cl1","previousOperationId":"aqc91u6ukmw6h5t"}
{"type":"operationStart","subtype":"engine","name":"handlebars","timestamp":1684677818648,"id":"iau37grdzr1y2b0","previousEventId":"wbhjjaxss9hm7aq","operationId":"uz1sa8z1zw62fnh","previousOperationId":"aqc91u6ukmw6h5t"}
{"type":"log","timestamp":1684677818648,"level":"debug","message":"Rendering engine handlebars","meta":{"rootId":"4tj66ocqsg2o8ib","id":"4tj66ocqsg2o8ib"},"id":"0qur696a9gg7an9","previousOperationId":"uz1sa8z1zw62fnh"}
{"type":"operationEnd","operationId":"uz1sa8z1zw62fnh","timestamp":1684677818665,"id":"rn8ov3v7j40ys4x","previousEventId":"iau37grdzr1y2b0","previousOperationId":"uz1sa8z1zw62fnh"}
{"type":"operationStart","subtype":"recipe","name":"chrome-pdf","timestamp":1684677818666,"id":"n9h6yfxu11p1u39","previousEventId":"rn8ov3v7j40ys4x","operationId":"5l7lcjf3wwc5euo","previousOperationId":"uz1sa8z1zw62fnh"}
{"type":"log","timestamp":1684677818666,"level":"debug","message":"Executing recipe chrome-pdf","meta":{"rootId":"4tj66ocqsg2o8ib","id":"4tj66ocqsg2o8ib"},"id":"kw4w9ra7jcq6p06","previousOperationId":"5l7lcjf3wwc5euo"}
{"type":"log","timestamp":1684677818669,"level":"debug","message":"Starting child request to render pdf footer","meta":{"rootId":"4tj66ocqsg2o8ib","id":"4tj66ocqsg2o8ib"},"id":"vq4l5xtkczcckq4","previousOperationId":"5l7lcjf3wwc5euo"}
{"type":"operationStart","subtype":"render","name":"anonymous","previousOperationId":"5l7lcjf3wwc5euo","timestamp":1684677818669,"id":"zjjcqik5q6whk6j","previousEventId":"n9h6yfxu11p1u39","operationId":"65fthurv2ceatsc"}
{"type":"log","timestamp":1684677818669,"level":"info","message":"Starting rendering (child) request","meta":{"rootId":"4tj66ocqsg2o8ib","id":"trfzlwejn0t9fbh"},"id":"cji53oos2fhvds4","previousOperationId":"65fthurv2ceatsc"}
{"type":"log","timestamp":1684677818669,"level":"info","message":"Rendering anonymous template { recipe: html, engine: handlebars }","meta":{"rootId":"4tj66ocqsg2o8ib","id":"trfzlwejn0t9fbh"},"id":"iwo3c8ca9fkukod","previousOperationId":"65fthurv2ceatsc"}
{"type":"log","timestamp":1684677818669,"level":"debug","message":"Inline data specified.","meta":{"rootId":"4tj66ocqsg2o8ib","id":"trfzlwejn0t9fbh"},"id":"s6kry1ol0g57q93","previousOperationId":"65fthurv2ceatsc"}
{"type":"log","timestamp":1684677818673,"level":"debug","message":"Base url not specified, skipping its injection.","meta":{"rootId":"4tj66ocqsg2o8ib","id":"trfzlwejn0t9fbh"},"id":"7w22kp6xdqt5kil","previousOperationId":"65fthurv2ceatsc"}
{"type":"operationStart","subtype":"engine","name":"handlebars","timestamp":1684677818673,"id":"4eb9ljf4hqj8qeh","previousEventId":"zjjcqik5q6whk6j","operationId":"u5bztyu95c5putg","previousOperationId":"65fthurv2ceatsc"}
{"type":"log","timestamp":1684677818673,"level":"debug","message":"Rendering engine handlebars","meta":{"rootId":"4tj66ocqsg2o8ib","id":"trfzlwejn0t9fbh"},"id":"cgwyjadmypjtm96","previousOperationId":"u5bztyu95c5putg"}
{"type":"operationEnd","operationId":"u5bztyu95c5putg","timestamp":1684677818687,"id":"dfdb0isb4bb4q7k","previousEventId":"4eb9ljf4hqj8qeh","previousOperationId":"u5bztyu95c5putg"}
{"type":"operationStart","subtype":"recipe","name":"html","timestamp":1684677818688,"id":"bsouuf7yv26wav2","previousEventId":"dfdb0isb4bb4q7k","operationId":"rsi0oaesy1b3ftn","previousOperationId":"u5bztyu95c5putg"}
{"type":"log","timestamp":1684677818688,"level":"debug","message":"Executing recipe html","meta":{"rootId":"4tj66ocqsg2o8ib","id":"trfzlwejn0t9fbh"},"id":"99rwex7y6d425hw","previousOperationId":"rsi0oaesy1b3ftn"}
{"type":"operationEnd","operationId":"rsi0oaesy1b3ftn","timestamp":1684677818688,"id":"5m7t0540540wets","previousEventId":"bsouuf7yv26wav2","previousOperationId":"rsi0oaesy1b3ftn"}
{"type":"log","timestamp":1684677818688,"level":"debug","message":"Skipping storing report.","meta":{"rootId":"4tj66ocqsg2o8ib","id":"trfzlwejn0t9fbh"},"id":"p43tp5rj3gut052","previousOperationId":"rsi0oaesy1b3ftn"}
{"type":"log","timestamp":1684677818688,"level":"info","message":"Rendering (child) request finished in 56 ms","meta":{"rootId":"4tj66ocqsg2o8ib","id":"trfzlwejn0t9fbh"},"id":"acqtrjtd7frjbj0","previousOperationId":"rsi0oaesy1b3ftn"}
{"type":"operationEnd","subtype":"render","operationId":"65fthurv2ceatsc","timestamp":1684677818688,"id":"i8ak8spd6bq9qgk","previousEventId":"5m7t0540540wets","previousOperationId":"rsi0oaesy1b3ftn"}
{"type":"log","timestamp":1684677818694,"level":"debug","message":"Converting with chrome HeadlessChrome/105.0.5173.0 using chrome-pool strategy","meta":{"rootId":"4tj66ocqsg2o8ib","id":"4tj66ocqsg2o8ib"},"id":"4uykokxcwbsewf8","previousOperationId":"5l7lcjf3wwc5euo"}
{"type":"log","timestamp":1684677818778,"level":"debug","message":"Page request: GET (document) file:///C:/Users/Adebayo/AppData/Local/Temp/jsreport/autocleanup/fcda04d4-a6af-4ee1-9ff8-97beca198222-chrome-pdf.html","meta":{"rootId":"4tj66ocqsg2o8ib","id":"4tj66ocqsg2o8ib"},"id":"excp3ofjgj26fdi","previousOperationId":"5l7lcjf3wwc5euo"}
{"type":"log","timestamp":1684677818789,"level":"debug","message":"Page request finished: GET (document) 200 file:///C:/Users/Adebayo/AppData/Local/Temp/jsreport/autocleanup/fcda04d4-a6af-4ee1-9ff8-97beca198222-chrome-pdf.html","meta":{"rootId":"4tj66ocqsg2o8ib","id":"4tj66ocqsg2o8ib"},"id":"tqkmomfdtdku1fa","previousOperationId":"5l7lcjf3wwc5euo"}
{"type":"log","timestamp":1684677818790,"level":"debug","message":"Page request: GET (script) https://cdnjs.cloudflare.com/ajax/libs/Chart.js/2.1.6/Chart.min.js","meta":{"rootId":"4tj66ocqsg2o8ib","id":"4tj66ocqsg2o8ib"},"id":"y38ftjpaoijtgjw","previousOperationId":"5l7lcjf3wwc5euo"}
{"type":"log","timestamp":1684677818795,"level":"debug","message":"Page request finished: GET (script) 200 https://cdnjs.cloudflare.com/ajax/libs/Chart.js/2.1.6/Chart.min.js","meta":{"rootId":"4tj66ocqsg2o8ib","id":"4tj66ocqsg2o8ib"},"id":"fjieemgrwhkrr5x","previousOperationId":"5l7lcjf3wwc5euo"}
{"type":"log","timestamp":1684677818830,"level":"debug","message":"Running chrome with params {\"printBackground\":true,\"marginTop\":\"2cm\",\"marginRight\":\"1cm\",\"marginBottom\":\"2cm\",\"marginLeft\":\"1cm\",\"landscape\":false,\"format\":\"A4\",\"displayHeaderFooter\":true,\"footerTemplate\":\"...\",\"timeout\":59944,\"margin\":{\"top\":\"2cm\",\"right\":\"1cm\",\"bottom\":\"2cm\",\"left\":\"1cm\"}}","meta":{"rootId":"4tj66ocqsg2o8ib","id":"4tj66ocqsg2o8ib"},"id":"oylge0twq07exht","previousOperationId":"5l7lcjf3wwc5euo"}
{"type":"operationEnd","operationId":"5l7lcjf3wwc5euo","timestamp":1684677818883,"id":"5nhepsjaldowlt3","previousEventId":"n9h6yfxu11p1u39","previousOperationId":"5l7lcjf3wwc5euo"}
{"type":"log","timestamp":1684677818883,"level":"debug","message":"Skipping storing report.","meta":{"rootId":"4tj66ocqsg2o8ib","id":"4tj66ocqsg2o8ib"},"id":"8mx79hksv3jhw8n","previousOperationId":"5l7lcjf3wwc5euo"}
{"type":"log","timestamp":1684677818883,"level":"info","message":"Rendering request 188 finished in 251 ms","meta":{"rootId":"4tj66ocqsg2o8ib","id":"4tj66ocqsg2o8ib"},"id":"cpi7hqwqpjzqxel","previousOperationId":"5l7lcjf3wwc5euo"}
{"type":"operationEnd","subtype":"render","operationId":"aqc91u6ukmw6h5t","timestamp":1684677818883,"id":"oy67inynywb0hn8","previousEventId":"5nhepsjaldowlt3","previousOperationId":"5l7lcjf3wwc5euo"}
{"type":"operationEnd","doDiffs":false,"previousEventId":"7vduyvcts1wl0yk","previousOperationId":"8ilqnds60vm05s9","operationId":"8ilqnds60vm05s9","timestamp":1684677818892,"id":"yaztmau9jmyavly"}
