{"type":"operationStart","subtype":"profile","data":{"_id":"LzJ3VN5RnyUlmuYD","timestamp":"2023-05-21T11:22:12.281Z","state":"queued","mode":"standard","creationDate":"2023-05-21T11:22:12.283Z","modificationDate":"2023-05-21T11:22:12.283Z","shortid":"sv1Rr0x","$entitySet":"profiles"},"doDiffs":false,"timestamp":1684668132282,"id":"cxqjbel3f1w4fe1","previousOperationId":null,"operationId":"4byb96n3n4nxiuj"}
{"type":"log","level":"info","message":"Render request 162 queued for execution and waiting for available worker","previousOperationId":"4byb96n3n4nxiuj","timestamp":1684668132282,"id":"nq2yp7uey8ico4g"}
{"type":"operationStart","subtype":"render","name":"invoice-js","previousOperationId":"4byb96n3n4nxiuj","timestamp":1684668132296,"id":"cq10ambv4q8ii4r","previousEventId":"cxqjbel3f1w4fe1","operationId":"j1mhl2ybxdkpnjh"}
{"type":"log","timestamp":1684668132296,"level":"info","message":"Starting rendering request 162","meta":{"rootId":"56s267z092ckrvk","id":"56s267z092ckrvk"},"id":"hu61wmtp4pd52wa","previousOperationId":"j1mhl2ybxdkpnjh"}
{"type":"log","timestamp":1684668132296,"level":"info","message":"Rendering template { name: invoice-js, recipe: chrome-pdf, engine: handlebars, preview: false }","meta":{"rootId":"56s267z092ckrvk","id":"56s267z092ckrvk"},"id":"5y25tck1gpg2rb2","previousOperationId":"j1mhl2ybxdkpnjh"}
{"type":"log","timestamp":1684668132298,"level":"debug","message":"Inline data specified.","meta":{"rootId":"56s267z092ckrvk","id":"56s267z092ckrvk"},"id":"kznuil4xkgfkepu","previousOperationId":"j1mhl2ybxdkpnjh"}
{"type":"log","timestamp":1684668132310,"level":"debug","message":"Base url not specified, skipping its injection.","meta":{"rootId":"56s267z092ckrvk","id":"56s267z092ckrvk"},"id":"nwv98mzmgif1h0i","previousOperationId":"j1mhl2ybxdkpnjh"}
{"type":"operationStart","subtype":"engine","name":"handlebars","timestamp":1684668132310,"id":"898oiunf5xes3gb","previousEventId":"cq10ambv4q8ii4r","operationId":"84ac3nf8k5a7sug","previousOperationId":"j1mhl2ybxdkpnjh"}
{"type":"log","timestamp":1684668132310,"level":"debug","message":"Rendering engine handlebars","meta":{"rootId":"56s267z092ckrvk","id":"56s267z092ckrvk"},"id":"ig5utoen48rkbp8","previousOperationId":"84ac3nf8k5a7sug"}
{"type":"operationEnd","operationId":"84ac3nf8k5a7sug","timestamp":1684668132330,"id":"pyw1zm1ebhtmqj3","previousEventId":"898oiunf5xes3gb","previousOperationId":"84ac3nf8k5a7sug"}
{"type":"operationStart","subtype":"recipe","name":"chrome-pdf","timestamp":1684668132331,"id":"8r9pfyai0xyfb0u","previousEventId":"pyw1zm1ebhtmqj3","operationId":"qibzlbk9efsn4je","previousOperationId":"84ac3nf8k5a7sug"}
{"type":"log","timestamp":1684668132331,"level":"debug","message":"Executing recipe chrome-pdf","meta":{"rootId":"56s267z092ckrvk","id":"56s267z092ckrvk"},"id":"qwj46ewualvv7kt","previousOperationId":"qibzlbk9efsn4je"}
{"type":"log","timestamp":1684668132333,"level":"debug","message":"Starting child request to render pdf footer","meta":{"rootId":"56s267z092ckrvk","id":"56s267z092ckrvk"},"id":"81r9589s6s3oai6","previousOperationId":"qibzlbk9efsn4je"}
{"type":"operationStart","subtype":"render","name":"anonymous","previousOperationId":"qibzlbk9efsn4je","timestamp":1684668132334,"id":"p6pujouokaxur96","previousEventId":"8r9pfyai0xyfb0u","operationId":"a1r5yaahzj6sldd"}
{"type":"log","timestamp":1684668132334,"level":"info","message":"Starting rendering (child) request","meta":{"rootId":"56s267z092ckrvk","id":"85qnw1ztaziowct"},"id":"ebrmez3e1dtm2gr","previousOperationId":"a1r5yaahzj6sldd"}
{"type":"log","timestamp":1684668132334,"level":"info","message":"Rendering anonymous template { recipe: html, engine: handlebars }","meta":{"rootId":"56s267z092ckrvk","id":"85qnw1ztaziowct"},"id":"xo7rrvwhoe881kx","previousOperationId":"a1r5yaahzj6sldd"}
{"type":"log","timestamp":1684668132334,"level":"debug","message":"Inline data specified.","meta":{"rootId":"56s267z092ckrvk","id":"85qnw1ztaziowct"},"id":"t6dy3wc405hpti0","previousOperationId":"a1r5yaahzj6sldd"}
{"type":"log","timestamp":1684668132338,"level":"debug","message":"Base url not specified, skipping its injection.","meta":{"rootId":"56s267z092ckrvk","id":"85qnw1ztaziowct"},"id":"e8ag67r1z8sy3xz","previousOperationId":"a1r5yaahzj6sldd"}
{"type":"operationStart","subtype":"engine","name":"handlebars","timestamp":1684668132340,"id":"k1b07i8mm690apv","previousEventId":"p6pujouokaxur96","operationId":"s1y64ttht20nlx8","previousOperationId":"a1r5yaahzj6sldd"}
{"type":"log","timestamp":1684668132340,"level":"debug","message":"Rendering engine handlebars","meta":{"rootId":"56s267z092ckrvk","id":"85qnw1ztaziowct"},"id":"gjbkzlmteqfwv2m","previousOperationId":"s1y64ttht20nlx8"}
{"type":"operationEnd","operationId":"s1y64ttht20nlx8","timestamp":1684668132363,"id":"ros048v1hbqyzfp","previousEventId":"k1b07i8mm690apv","previousOperationId":"s1y64ttht20nlx8"}
{"type":"operationStart","subtype":"recipe","name":"html","timestamp":1684668132363,"id":"ubge5ezew24bfbe","previousEventId":"ros048v1hbqyzfp","operationId":"kx83mhk2ax3e6i3","previousOperationId":"s1y64ttht20nlx8"}
{"type":"log","timestamp":1684668132363,"level":"debug","message":"Executing recipe html","meta":{"rootId":"56s267z092ckrvk","id":"85qnw1ztaziowct"},"id":"yvjtuivwgseto9w","previousOperationId":"kx83mhk2ax3e6i3"}
{"type":"operationEnd","operationId":"kx83mhk2ax3e6i3","timestamp":1684668132363,"id":"qctevg4sdh2a94y","previousEventId":"ubge5ezew24bfbe","previousOperationId":"kx83mhk2ax3e6i3"}
{"type":"log","timestamp":1684668132364,"level":"debug","message":"Skipping storing report.","meta":{"rootId":"56s267z092ckrvk","id":"85qnw1ztaziowct"},"id":"wrwip6pqhutqt3a","previousOperationId":"kx83mhk2ax3e6i3"}
{"type":"log","timestamp":1684668132364,"level":"info","message":"Rendering (child) request finished in 84 ms","meta":{"rootId":"56s267z092ckrvk","id":"85qnw1ztaziowct"},"id":"e9do5o99s4i17tw","previousOperationId":"kx83mhk2ax3e6i3"}
{"type":"operationEnd","subtype":"render","operationId":"a1r5yaahzj6sldd","timestamp":1684668132364,"id":"f85r227rhgp2rp9","previousEventId":"qctevg4sdh2a94y","previousOperationId":"kx83mhk2ax3e6i3"}
{"type":"log","timestamp":1684668132371,"level":"debug","message":"Converting with chrome HeadlessChrome/105.0.5173.0 using chrome-pool strategy","meta":{"rootId":"56s267z092ckrvk","id":"56s267z092ckrvk"},"id":"cmx21bq052gpmha","previousOperationId":"qibzlbk9efsn4je"}
{"type":"log","timestamp":1684668132518,"level":"debug","message":"Page request: GET (document) file:///C:/Users/Adebayo/AppData/Local/Temp/jsreport/autocleanup/e5381423-a513-4bc7-b4f7-282a01040d24-chrome-pdf.html","meta":{"rootId":"56s267z092ckrvk","id":"56s267z092ckrvk"},"id":"e37025vdxhl01ht","previousOperationId":"qibzlbk9efsn4je"}
{"type":"log","timestamp":1684668132534,"level":"debug","message":"Page request finished: GET (document) 200 file:///C:/Users/Adebayo/AppData/Local/Temp/jsreport/autocleanup/e5381423-a513-4bc7-b4f7-282a01040d24-chrome-pdf.html","meta":{"rootId":"56s267z092ckrvk","id":"56s267z092ckrvk"},"id":"07sa3yaeacczg18","previousOperationId":"qibzlbk9efsn4je"}
{"type":"log","timestamp":1684668132534,"level":"debug","message":"Page request: GET (script) https://cdnjs.cloudflare.com/ajax/libs/Chart.js/2.1.6/Chart.min.js","meta":{"rootId":"56s267z092ckrvk","id":"56s267z092ckrvk"},"id":"0nja4g9p1z3nu83","previousOperationId":"qibzlbk9efsn4je"}
{"type":"log","timestamp":1684668132544,"level":"debug","message":"Page request finished: GET (script) 200 https://cdnjs.cloudflare.com/ajax/libs/Chart.js/2.1.6/Chart.min.js","meta":{"rootId":"56s267z092ckrvk","id":"56s267z092ckrvk"},"id":"5mhfri9hb6zviof","previousOperationId":"qibzlbk9efsn4je"}
{"type":"log","timestamp":1684668132548,"level":"warn","message":"Page error: SyntaxError: Unexpected token ','","meta":{"rootId":"56s267z092ckrvk","id":"56s267z092ckrvk"},"id":"yvd0v87ujorkywx","previousOperationId":"qibzlbk9efsn4je"}
{"type":"log","timestamp":1684668132567,"level":"debug","message":"Running chrome with params {\"printBackground\":true,\"marginTop\":\"2cm\",\"marginRight\":\"1cm\",\"marginBottom\":\"2cm\",\"marginLeft\":\"1cm\",\"landscape\":false,\"format\":\"A4\",\"displayHeaderFooter\":true,\"footerTemplate\":\"...\",\"timeout\":59916,\"margin\":{\"top\":\"2cm\",\"right\":\"1cm\",\"bottom\":\"2cm\",\"left\":\"1cm\"}}","meta":{"rootId":"56s267z092ckrvk","id":"56s267z092ckrvk"},"id":"mt5m259hcizx85k","previousOperationId":"qibzlbk9efsn4je"}
{"type":"operationEnd","operationId":"qibzlbk9efsn4je","timestamp":1684668132677,"id":"pue86mvs45jppxu","previousEventId":"8r9pfyai0xyfb0u","previousOperationId":"qibzlbk9efsn4je"}
{"type":"log","timestamp":1684668132677,"level":"debug","message":"Skipping storing report.","meta":{"rootId":"56s267z092ckrvk","id":"56s267z092ckrvk"},"id":"08hbrmycspbvur6","previousOperationId":"qibzlbk9efsn4je"}
{"type":"log","timestamp":1684668132677,"level":"info","message":"Rendering request 162 finished in 397 ms","meta":{"rootId":"56s267z092ckrvk","id":"56s267z092ckrvk"},"id":"lnxjt0fpvi0q4sy","previousOperationId":"qibzlbk9efsn4je"}
{"type":"operationEnd","subtype":"render","operationId":"j1mhl2ybxdkpnjh","timestamp":1684668132677,"id":"lday4ndjjxrh0jw","previousEventId":"pue86mvs45jppxu","previousOperationId":"qibzlbk9efsn4je"}
{"type":"operationEnd","doDiffs":false,"previousEventId":"cxqjbel3f1w4fe1","previousOperationId":"4byb96n3n4nxiuj","operationId":"4byb96n3n4nxiuj","timestamp":1684668132681,"id":"nau514dmm8vspmh"}
