{"type":"operationStart","subtype":"profile","data":{"_id":"D9SqevXrGSvGotJI","timestamp":"2023-05-21T11:23:42.198Z","state":"queued","mode":"standard","creationDate":"2023-05-21T11:23:42.232Z","modificationDate":"2023-05-21T11:23:42.232Z","shortid":"CR5ehyc","$entitySet":"profiles"},"doDiffs":false,"timestamp":1684668222222,"id":"n08bx78hld2vivr","previousOperationId":null,"operationId":"pteqtbdw11colq5"}
{"type":"log","level":"info","message":"Render request 166 queued for execution and waiting for available worker","previousOperationId":"pteqtbdw11colq5","timestamp":1684668222222,"id":"bkwdsg8pz555xu2"}
{"type":"operationStart","subtype":"render","name":"invoice-js","previousOperationId":"pteqtbdw11colq5","timestamp":1684668222251,"id":"o52mplb0mtae8s7","previousEventId":"n08bx78hld2vivr","operationId":"ck88p99od9dbsjd"}
{"type":"log","timestamp":1684668222251,"level":"info","message":"Starting rendering request 166","meta":{"rootId":"58xla7gjg9aztk5","id":"58xla7gjg9aztk5"},"id":"7hgq7np0g3g5lab","previousOperationId":"ck88p99od9dbsjd"}
{"type":"log","timestamp":1684668222251,"level":"info","message":"Rendering template { name: invoice-js, recipe: chrome-pdf, engine: handlebars, preview: true }","meta":{"rootId":"58xla7gjg9aztk5","id":"58xla7gjg9aztk5"},"id":"j8al054rwmxjzh6","previousOperationId":"ck88p99od9dbsjd"}
{"type":"log","timestamp":1684668222253,"level":"debug","message":"Inline data specified.","meta":{"rootId":"58xla7gjg9aztk5","id":"58xla7gjg9aztk5"},"id":"9w2x2no1f9w23lk","previousOperationId":"ck88p99od9dbsjd"}
{"type":"log","timestamp":1684668222258,"level":"debug","message":"Base url not specified, skipping its injection.","meta":{"rootId":"58xla7gjg9aztk5","id":"58xla7gjg9aztk5"},"id":"kea9u8sfrssfzbw","previousOperationId":"ck88p99od9dbsjd"}
{"type":"operationStart","subtype":"engine","name":"handlebars","timestamp":1684668222259,"id":"803h3cugy57hjwy","previousEventId":"o52mplb0mtae8s7","operationId":"swvdodxt2qagq62","previousOperationId":"ck88p99od9dbsjd"}
{"type":"log","timestamp":1684668222259,"level":"debug","message":"Rendering engine handlebars","meta":{"rootId":"58xla7gjg9aztk5","id":"58xla7gjg9aztk5"},"id":"xzzkr3oucw111fj","previousOperationId":"swvdodxt2qagq62"}
{"type":"operationEnd","operationId":"swvdodxt2qagq62","timestamp":1684668222283,"id":"yqd06vj92du1bfs","previousEventId":"803h3cugy57hjwy","previousOperationId":"swvdodxt2qagq62"}
{"type":"operationStart","subtype":"recipe","name":"chrome-pdf","timestamp":1684668222283,"id":"v6xbqs5a5bq5hfh","previousEventId":"yqd06vj92du1bfs","operationId":"hyvc9f3976p5wpv","previousOperationId":"swvdodxt2qagq62"}
{"type":"log","timestamp":1684668222283,"level":"debug","message":"Executing recipe chrome-pdf","meta":{"rootId":"58xla7gjg9aztk5","id":"58xla7gjg9aztk5"},"id":"ajzq4tllwa4bhf4","previousOperationId":"hyvc9f3976p5wpv"}
{"type":"log","timestamp":1684668222286,"level":"debug","message":"Starting child request to render pdf footer","meta":{"rootId":"58xla7gjg9aztk5","id":"58xla7gjg9aztk5"},"id":"1bk4fjxw0lzrg1b","previousOperationId":"hyvc9f3976p5wpv"}
{"type":"operationStart","subtype":"render","name":"anonymous","previousOperationId":"hyvc9f3976p5wpv","timestamp":1684668222286,"id":"5w14vl9d5xlv65q","previousEventId":"v6xbqs5a5bq5hfh","operationId":"6s79hr18exnmmep"}
{"type":"log","timestamp":1684668222287,"level":"info","message":"Starting rendering (child) request","meta":{"rootId":"58xla7gjg9aztk5","id":"5yozjittfutabgl"},"id":"b82zbf2lumt33t4","previousOperationId":"6s79hr18exnmmep"}
{"type":"log","timestamp":1684668222287,"level":"info","message":"Rendering anonymous template { recipe: html, engine: handlebars }","meta":{"rootId":"58xla7gjg9aztk5","id":"5yozjittfutabgl"},"id":"bj07ckrc8194asp","previousOperationId":"6s79hr18exnmmep"}
{"type":"log","timestamp":1684668222287,"level":"debug","message":"Inline data specified.","meta":{"rootId":"58xla7gjg9aztk5","id":"5yozjittfutabgl"},"id":"xdgosaypwkilrgm","previousOperationId":"6s79hr18exnmmep"}
{"type":"log","timestamp":1684668222289,"level":"debug","message":"Base url not specified, skipping its injection.","meta":{"rootId":"58xla7gjg9aztk5","id":"5yozjittfutabgl"},"id":"ipnk9xc1tqi1gvo","previousOperationId":"6s79hr18exnmmep"}
{"type":"operationStart","subtype":"engine","name":"handlebars","timestamp":1684668222289,"id":"5w6cylxrtyhzqio","previousEventId":"5w14vl9d5xlv65q","operationId":"jli2w1us5iwifpa","previousOperationId":"6s79hr18exnmmep"}
{"type":"log","timestamp":1684668222289,"level":"debug","message":"Rendering engine handlebars","meta":{"rootId":"58xla7gjg9aztk5","id":"5yozjittfutabgl"},"id":"9nr8f7rb36vtsic","previousOperationId":"jli2w1us5iwifpa"}
{"type":"operationEnd","operationId":"jli2w1us5iwifpa","timestamp":1684668222317,"id":"xfxy7dfss76n88l","previousEventId":"5w6cylxrtyhzqio","previousOperationId":"jli2w1us5iwifpa"}
{"type":"operationStart","subtype":"recipe","name":"html","timestamp":1684668222317,"id":"oh8mjtc5qomeqji","previousEventId":"xfxy7dfss76n88l","operationId":"7ic06p0id88jfkh","previousOperationId":"jli2w1us5iwifpa"}
{"type":"log","timestamp":1684668222317,"level":"debug","message":"Executing recipe html","meta":{"rootId":"58xla7gjg9aztk5","id":"5yozjittfutabgl"},"id":"jyjsmfym0rvjod9","previousOperationId":"7ic06p0id88jfkh"}
{"type":"operationEnd","operationId":"7ic06p0id88jfkh","timestamp":1684668222317,"id":"rngyscufajulmbi","previousEventId":"oh8mjtc5qomeqji","previousOperationId":"7ic06p0id88jfkh"}
{"type":"log","timestamp":1684668222319,"level":"debug","message":"Skipping storing report.","meta":{"rootId":"58xla7gjg9aztk5","id":"5yozjittfutabgl"},"id":"713tnwe7u03gp78","previousOperationId":"7ic06p0id88jfkh"}
{"type":"log","timestamp":1684668222320,"level":"info","message":"Rendering (child) request finished in 122 ms","meta":{"rootId":"58xla7gjg9aztk5","id":"5yozjittfutabgl"},"id":"v8zh2lsw54c3q0f","previousOperationId":"7ic06p0id88jfkh"}
{"type":"operationEnd","subtype":"render","operationId":"6s79hr18exnmmep","timestamp":1684668222320,"id":"gxfnuecmy2kf63e","previousEventId":"rngyscufajulmbi","previousOperationId":"7ic06p0id88jfkh"}
{"type":"log","timestamp":1684668222322,"level":"debug","message":"Converting with chrome HeadlessChrome/105.0.5173.0 using chrome-pool strategy","meta":{"rootId":"58xla7gjg9aztk5","id":"58xla7gjg9aztk5"},"id":"aovorv19b93jp5b","previousOperationId":"hyvc9f3976p5wpv"}
{"type":"log","timestamp":1684668222501,"level":"debug","message":"Page request: GET (document) file:///C:/Users/Adebayo/AppData/Local/Temp/jsreport/autocleanup/ff942433-d943-4ba6-bff9-e75fc4e4308b-chrome-pdf.html","meta":{"rootId":"58xla7gjg9aztk5","id":"58xla7gjg9aztk5"},"id":"yzo41q4fixhiuqi","previousOperationId":"hyvc9f3976p5wpv"}
{"type":"log","timestamp":1684668222519,"level":"debug","message":"Page request finished: GET (document) 200 file:///C:/Users/Adebayo/AppData/Local/Temp/jsreport/autocleanup/ff942433-d943-4ba6-bff9-e75fc4e4308b-chrome-pdf.html","meta":{"rootId":"58xla7gjg9aztk5","id":"58xla7gjg9aztk5"},"id":"4407x2m51awokgn","previousOperationId":"hyvc9f3976p5wpv"}
{"type":"log","timestamp":1684668222519,"level":"debug","message":"Page request: GET (script) https://cdnjs.cloudflare.com/ajax/libs/Chart.js/2.1.6/Chart.min.js","meta":{"rootId":"58xla7gjg9aztk5","id":"58xla7gjg9aztk5"},"id":"dousyuj9isvagev","previousOperationId":"hyvc9f3976p5wpv"}
{"type":"log","timestamp":1684668222527,"level":"debug","message":"Page request finished: GET (script) 200 https://cdnjs.cloudflare.com/ajax/libs/Chart.js/2.1.6/Chart.min.js","meta":{"rootId":"58xla7gjg9aztk5","id":"58xla7gjg9aztk5"},"id":"srq1p9khx3fdjje","previousOperationId":"hyvc9f3976p5wpv"}
{"type":"log","timestamp":1684668222597,"level":"debug","message":"Running chrome with params {\"printBackground\":true,\"marginTop\":\"2cm\",\"marginRight\":\"1cm\",\"marginBottom\":\"2cm\",\"marginLeft\":\"1cm\",\"landscape\":false,\"format\":\"A4\",\"displayHeaderFooter\":true,\"footerTemplate\":\"...\",\"timeout\":59878,\"margin\":{\"top\":\"2cm\",\"right\":\"1cm\",\"bottom\":\"2cm\",\"left\":\"1cm\"}}","meta":{"rootId":"58xla7gjg9aztk5","id":"58xla7gjg9aztk5"},"id":"mjg0yxbi2ip6x1a","previousOperationId":"hyvc9f3976p5wpv"}
{"type":"operationEnd","operationId":"hyvc9f3976p5wpv","timestamp":1684668222687,"id":"uixnzz0llxs2r9g","previousEventId":"v6xbqs5a5bq5hfh","previousOperationId":"hyvc9f3976p5wpv"}
{"type":"log","timestamp":1684668222687,"level":"debug","message":"Skipping storing report.","meta":{"rootId":"58xla7gjg9aztk5","id":"58xla7gjg9aztk5"},"id":"zoa7b0bv3e8tw9p","previousOperationId":"hyvc9f3976p5wpv"}
{"type":"log","timestamp":1684668222687,"level":"info","message":"Rendering request 166 finished in 489 ms","meta":{"rootId":"58xla7gjg9aztk5","id":"58xla7gjg9aztk5"},"id":"6g2kuvlpeo219sv","previousOperationId":"hyvc9f3976p5wpv"}
{"type":"operationEnd","subtype":"render","operationId":"ck88p99od9dbsjd","timestamp":1684668222687,"id":"36evohngglbxo76","previousEventId":"uixnzz0llxs2r9g","previousOperationId":"hyvc9f3976p5wpv"}
{"type":"operationEnd","doDiffs":false,"previousEventId":"n08bx78hld2vivr","previousOperationId":"pteqtbdw11colq5","operationId":"pteqtbdw11colq5","timestamp":1684668222702,"id":"qbwwkh30nre3p9d"}
