{"type":"operationStart","subtype":"profile","data":{"_id":"bOoIWNsw0d7raiIV","timestamp":"2023-05-21T07:20:27.568Z","state":"queued","mode":"standard","creationDate":"2023-05-21T07:20:27.572Z","modificationDate":"2023-05-21T07:20:27.572Z","shortid":"s8APeDs","$entitySet":"profiles"},"doDiffs":false,"timestamp":1684653627569,"id":"5rkbd1np7czk0lf","previousOperationId":null,"operationId":"890iib47bjbtwdl"}
{"type":"log","level":"info","message":"Render request 118 queued for execution and waiting for available worker","previousOperationId":"890iib47bjbtwdl","timestamp":1684653627569,"id":"8txnp78s9rf00tu"}
{"type":"operationStart","subtype":"render","name":"invoice-js","previousOperationId":"890iib47bjbtwdl","timestamp":1684653627583,"id":"vz8m0nls9vapz9g","previousEventId":"5rkbd1np7czk0lf","operationId":"b7kpj06eso1ilfu"}
{"type":"log","timestamp":1684653627583,"level":"info","message":"Starting rendering request 118","meta":{"rootId":"5voh2kmjt2deoel","id":"5voh2kmjt2deoel"},"id":"xlt5u3azekbonnn","previousOperationId":"b7kpj06eso1ilfu"}
{"type":"log","timestamp":1684653627583,"level":"info","message":"Rendering template { name: invoice-js, recipe: chrome-pdf, engine: handlebars, preview: false }","meta":{"rootId":"5voh2kmjt2deoel","id":"5voh2kmjt2deoel"},"id":"a7mj8qf5aovk6md","previousOperationId":"b7kpj06eso1ilfu"}
{"type":"log","timestamp":1684653627586,"level":"debug","message":"Inline data specified.","meta":{"rootId":"5voh2kmjt2deoel","id":"5voh2kmjt2deoel"},"id":"8palkg3is3gxagn","previousOperationId":"b7kpj06eso1ilfu"}
{"type":"log","timestamp":1684653627591,"level":"debug","message":"Base url not specified, skipping its injection.","meta":{"rootId":"5voh2kmjt2deoel","id":"5voh2kmjt2deoel"},"id":"8lcr7mkbtw1rgn7","previousOperationId":"b7kpj06eso1ilfu"}
{"type":"operationStart","subtype":"engine","name":"handlebars","timestamp":1684653627592,"id":"436yvzuok9cw3eg","previousEventId":"vz8m0nls9vapz9g","operationId":"1ddldajb7335buf","previousOperationId":"b7kpj06eso1ilfu"}
{"type":"log","timestamp":1684653627593,"level":"debug","message":"Rendering engine handlebars","meta":{"rootId":"5voh2kmjt2deoel","id":"5voh2kmjt2deoel"},"id":"4b9lgpvdra25gix","previousOperationId":"1ddldajb7335buf"}
{"type":"operationEnd","operationId":"1ddldajb7335buf","timestamp":1684653627611,"id":"tnh8f7qq5zt8s7v","previousEventId":"436yvzuok9cw3eg","previousOperationId":"1ddldajb7335buf"}
{"type":"operationStart","subtype":"recipe","name":"chrome-pdf","timestamp":1684653627612,"id":"trcxnjz7d6hjhc1","previousEventId":"tnh8f7qq5zt8s7v","operationId":"jdp7kg38xvmyhzt","previousOperationId":"1ddldajb7335buf"}
{"type":"log","timestamp":1684653627612,"level":"debug","message":"Executing recipe chrome-pdf","meta":{"rootId":"5voh2kmjt2deoel","id":"5voh2kmjt2deoel"},"id":"jyzxi62z02pqubh","previousOperationId":"jdp7kg38xvmyhzt"}
{"type":"log","timestamp":1684653627614,"level":"debug","message":"Starting child request to render pdf footer","meta":{"rootId":"5voh2kmjt2deoel","id":"5voh2kmjt2deoel"},"id":"4xd03kl9bmxl3j6","previousOperationId":"jdp7kg38xvmyhzt"}
{"type":"operationStart","subtype":"render","name":"anonymous","previousOperationId":"jdp7kg38xvmyhzt","timestamp":1684653627615,"id":"npsyu1940blkuho","previousEventId":"trcxnjz7d6hjhc1","operationId":"bnjh8qs1tcnjx0y"}
{"type":"log","timestamp":1684653627615,"level":"info","message":"Starting rendering (child) request","meta":{"rootId":"5voh2kmjt2deoel","id":"iw26i8xvtaw8k6g"},"id":"mlnmg1jk3t31tew","previousOperationId":"bnjh8qs1tcnjx0y"}
{"type":"log","timestamp":1684653627615,"level":"info","message":"Rendering anonymous template { recipe: html, engine: handlebars }","meta":{"rootId":"5voh2kmjt2deoel","id":"iw26i8xvtaw8k6g"},"id":"uu84sxp0w6ng9m9","previousOperationId":"bnjh8qs1tcnjx0y"}
{"type":"log","timestamp":1684653627615,"level":"debug","message":"Inline data specified.","meta":{"rootId":"5voh2kmjt2deoel","id":"iw26i8xvtaw8k6g"},"id":"ld1v0a9b5qw9crb","previousOperationId":"bnjh8qs1tcnjx0y"}
{"type":"log","timestamp":1684653627619,"level":"debug","message":"Base url not specified, skipping its injection.","meta":{"rootId":"5voh2kmjt2deoel","id":"iw26i8xvtaw8k6g"},"id":"eav8175q8d4hbwh","previousOperationId":"bnjh8qs1tcnjx0y"}
{"type":"operationStart","subtype":"engine","name":"handlebars","timestamp":1684653627619,"id":"vq9ah4103rm1u19","previousEventId":"npsyu1940blkuho","operationId":"aq7sltyp5fspsi9","previousOperationId":"bnjh8qs1tcnjx0y"}
{"type":"log","timestamp":1684653627619,"level":"debug","message":"Rendering engine handlebars","meta":{"rootId":"5voh2kmjt2deoel","id":"iw26i8xvtaw8k6g"},"id":"5g5ad4iizh80yzx","previousOperationId":"aq7sltyp5fspsi9"}
{"type":"operationEnd","operationId":"aq7sltyp5fspsi9","timestamp":1684653627641,"id":"5dq2bvcltvsfrj3","previousEventId":"vq9ah4103rm1u19","previousOperationId":"aq7sltyp5fspsi9"}
{"type":"operationStart","subtype":"recipe","name":"html","timestamp":1684653627642,"id":"rffwnheu9ckxl7p","previousEventId":"5dq2bvcltvsfrj3","operationId":"d5dwzjyqg39xuex","previousOperationId":"aq7sltyp5fspsi9"}
{"type":"log","timestamp":1684653627642,"level":"debug","message":"Executing recipe html","meta":{"rootId":"5voh2kmjt2deoel","id":"iw26i8xvtaw8k6g"},"id":"fnhhygwu0bswcsx","previousOperationId":"d5dwzjyqg39xuex"}
{"type":"operationEnd","operationId":"d5dwzjyqg39xuex","timestamp":1684653627642,"id":"i93kh6rhrvgm31o","previousEventId":"rffwnheu9ckxl7p","previousOperationId":"d5dwzjyqg39xuex"}
{"type":"log","timestamp":1684653627642,"level":"debug","message":"Skipping storing report.","meta":{"rootId":"5voh2kmjt2deoel","id":"iw26i8xvtaw8k6g"},"id":"7jsoh62ljftk5kb","previousOperationId":"d5dwzjyqg39xuex"}
{"type":"log","timestamp":1684653627643,"level":"info","message":"Rendering (child) request finished in 75 ms","meta":{"rootId":"5voh2kmjt2deoel","id":"iw26i8xvtaw8k6g"},"id":"yxlcpjerailvbcv","previousOperationId":"d5dwzjyqg39xuex"}
{"type":"operationEnd","subtype":"render","operationId":"bnjh8qs1tcnjx0y","timestamp":1684653627643,"id":"4o8az5taxi9n9li","previousEventId":"i93kh6rhrvgm31o","previousOperationId":"d5dwzjyqg39xuex"}
{"type":"log","timestamp":1684653627646,"level":"debug","message":"Converting with chrome HeadlessChrome/105.0.5173.0 using chrome-pool strategy","meta":{"rootId":"5voh2kmjt2deoel","id":"5voh2kmjt2deoel"},"id":"jysezvhkznywxsy","previousOperationId":"jdp7kg38xvmyhzt"}
{"type":"log","timestamp":1684653627875,"level":"debug","message":"Page request: GET (document) file:///C:/Users/Adebayo/AppData/Local/Temp/jsreport/autocleanup/ef8e38a3-23e7-44d5-b6bd-b029e16a7356-chrome-pdf.html","meta":{"rootId":"5voh2kmjt2deoel","id":"5voh2kmjt2deoel"},"id":"8xa74f3vicpxgm1","previousOperationId":"jdp7kg38xvmyhzt"}
{"type":"log","timestamp":1684653627897,"level":"debug","message":"Page request finished: GET (document) 200 file:///C:/Users/Adebayo/AppData/Local/Temp/jsreport/autocleanup/ef8e38a3-23e7-44d5-b6bd-b029e16a7356-chrome-pdf.html","meta":{"rootId":"5voh2kmjt2deoel","id":"5voh2kmjt2deoel"},"id":"frcwu4bor5byylg","previousOperationId":"jdp7kg38xvmyhzt"}
{"type":"log","timestamp":1684653627903,"level":"debug","message":"Page request: GET (script) https://cdnjs.cloudflare.com/ajax/libs/Chart.js/2.1.6/Chart.min.js","meta":{"rootId":"5voh2kmjt2deoel","id":"5voh2kmjt2deoel"},"id":"pkg2jzqat87ikj1","previousOperationId":"jdp7kg38xvmyhzt"}
{"type":"log","timestamp":1684653627925,"level":"debug","message":"Page request finished: GET (script) 200 https://cdnjs.cloudflare.com/ajax/libs/Chart.js/2.1.6/Chart.min.js","meta":{"rootId":"5voh2kmjt2deoel","id":"5voh2kmjt2deoel"},"id":"u385ndsyadn6noy","previousOperationId":"jdp7kg38xvmyhzt"}
{"type":"log","timestamp":1684653627932,"level":"warn","message":"Page error: SyntaxError: Unexpected token ','","meta":{"rootId":"5voh2kmjt2deoel","id":"5voh2kmjt2deoel"},"id":"1eqg4m3081nid9j","previousOperationId":"jdp7kg38xvmyhzt"}
{"type":"log","timestamp":1684653627945,"level":"debug","message":"Running chrome with params {\"printBackground\":true,\"marginTop\":\"2cm\",\"marginRight\":\"1cm\",\"marginBottom\":\"2cm\",\"marginLeft\":\"1cm\",\"landscape\":false,\"format\":\"A4\",\"displayHeaderFooter\":true,\"footerTemplate\":\"...\",\"timeout\":59925,\"margin\":{\"top\":\"2cm\",\"right\":\"1cm\",\"bottom\":\"2cm\",\"left\":\"1cm\"}}","meta":{"rootId":"5voh2kmjt2deoel","id":"5voh2kmjt2deoel"},"id":"dpe6izc7ut2zrw0","previousOperationId":"jdp7kg38xvmyhzt"}
{"type":"operationEnd","operationId":"jdp7kg38xvmyhzt","timestamp":1684653628076,"id":"v6b2a51cg13fuhz","previousEventId":"trcxnjz7d6hjhc1","previousOperationId":"jdp7kg38xvmyhzt"}
{"type":"log","timestamp":1684653628077,"level":"debug","message":"Skipping storing report.","meta":{"rootId":"5voh2kmjt2deoel","id":"5voh2kmjt2deoel"},"id":"aa9enhiqyzun054","previousOperationId":"jdp7kg38xvmyhzt"}
{"type":"log","timestamp":1684653628077,"level":"info","message":"Rendering request 118 finished in 509 ms","meta":{"rootId":"5voh2kmjt2deoel","id":"5voh2kmjt2deoel"},"id":"5t8ldpzmeaux6dm","previousOperationId":"jdp7kg38xvmyhzt"}
{"type":"operationEnd","subtype":"render","operationId":"b7kpj06eso1ilfu","timestamp":1684653628077,"id":"nal7w8eufyxlzwb","previousEventId":"v6b2a51cg13fuhz","previousOperationId":"jdp7kg38xvmyhzt"}
{"type":"operationEnd","doDiffs":false,"previousEventId":"5rkbd1np7czk0lf","previousOperationId":"890iib47bjbtwdl","operationId":"890iib47bjbtwdl","timestamp":1684653628083,"id":"3y6qjy9049ec5a1"}
