{"type":"operationStart","subtype":"profile","data":{"_id":"CPmKnfCgadlVZe5G","timestamp":"2023-05-21T05:54:12.155Z","state":"queued","mode":"standard","creationDate":"2023-05-21T05:54:12.156Z","modificationDate":"2023-05-21T05:54:12.156Z","shortid":"uK-5nqQ","$entitySet":"profiles"},"doDiffs":false,"timestamp":1684648452156,"id":"fjr0cfkshdxts3l","previousOperationId":null,"operationId":"9zqt0ay1mq8nh30"}
{"type":"log","level":"info","message":"Render request 56 queued for execution and waiting for available worker","previousOperationId":"9zqt0ay1mq8nh30","timestamp":1684648452156,"id":"mfquneflqrb39zx"}
{"type":"operationStart","subtype":"render","name":"invoice-js","previousOperationId":"9zqt0ay1mq8nh30","timestamp":1684648452166,"id":"fknbtemr9psrm5p","previousEventId":"fjr0cfkshdxts3l","operationId":"g9bxb8sz24ett6s"}
{"type":"log","timestamp":1684648452166,"level":"info","message":"Starting rendering request 56","meta":{"rootId":"5yidgp00qm646gv","id":"5yidgp00qm646gv"},"id":"t37uxy0j1fswtkk","previousOperationId":"g9bxb8sz24ett6s"}
{"type":"log","timestamp":1684648452167,"level":"info","message":"Rendering template { name: invoice-js, recipe: chrome-pdf, engine: handlebars, preview: true }","meta":{"rootId":"5yidgp00qm646gv","id":"5yidgp00qm646gv"},"id":"grqgwzt3g78hyf1","previousOperationId":"g9bxb8sz24ett6s"}
{"type":"log","timestamp":1684648452168,"level":"debug","message":"Inline data specified.","meta":{"rootId":"5yidgp00qm646gv","id":"5yidgp00qm646gv"},"id":"2lzosr6ygddajvz","previousOperationId":"g9bxb8sz24ett6s"}
{"type":"log","timestamp":1684648452170,"level":"debug","message":"Base url not specified, skipping its injection.","meta":{"rootId":"5yidgp00qm646gv","id":"5yidgp00qm646gv"},"id":"1tdpgjld7fmauys","previousOperationId":"g9bxb8sz24ett6s"}
{"type":"operationStart","subtype":"engine","name":"handlebars","timestamp":1684648452170,"id":"jkxp7hun43a88gl","previousEventId":"fknbtemr9psrm5p","operationId":"2ogyvoqfj4w0k4e","previousOperationId":"g9bxb8sz24ett6s"}
{"type":"log","timestamp":1684648452170,"level":"debug","message":"Rendering engine handlebars","meta":{"rootId":"5yidgp00qm646gv","id":"5yidgp00qm646gv"},"id":"w46xdbl5bzx12r5","previousOperationId":"2ogyvoqfj4w0k4e"}
{"type":"operationEnd","operationId":"2ogyvoqfj4w0k4e","timestamp":1684648452185,"id":"7pfv1l30w8nc4u0","previousEventId":"jkxp7hun43a88gl","previousOperationId":"2ogyvoqfj4w0k4e"}
{"type":"operationStart","subtype":"recipe","name":"chrome-pdf","timestamp":1684648452185,"id":"f0xwll6nlp7tka5","previousEventId":"7pfv1l30w8nc4u0","operationId":"39frsb90h4404cu","previousOperationId":"2ogyvoqfj4w0k4e"}
{"type":"log","timestamp":1684648452185,"level":"debug","message":"Executing recipe chrome-pdf","meta":{"rootId":"5yidgp00qm646gv","id":"5yidgp00qm646gv"},"id":"fyy3cd4w5a549wq","previousOperationId":"39frsb90h4404cu"}
{"type":"log","timestamp":1684648452188,"level":"debug","message":"Converting with chrome HeadlessChrome/105.0.5173.0 using chrome-pool strategy","meta":{"rootId":"5yidgp00qm646gv","id":"5yidgp00qm646gv"},"id":"xnvc9pe0lqtjlxy","previousOperationId":"39frsb90h4404cu"}
{"type":"log","timestamp":1684648452320,"level":"debug","message":"Page request: GET (document) file:///C:/Users/Adebayo/AppData/Local/Temp/jsreport/autocleanup/16d1b694-8659-4405-88b2-cb2b077f84a6-chrome-pdf.html","meta":{"rootId":"5yidgp00qm646gv","id":"5yidgp00qm646gv"},"id":"rc5r4o8dupbepfl","previousOperationId":"39frsb90h4404cu"}
{"type":"log","timestamp":1684648452334,"level":"debug","message":"Page request finished: GET (document) 200 file:///C:/Users/Adebayo/AppData/Local/Temp/jsreport/autocleanup/16d1b694-8659-4405-88b2-cb2b077f84a6-chrome-pdf.html","meta":{"rootId":"5yidgp00qm646gv","id":"5yidgp00qm646gv"},"id":"9jli3zgj8bwng89","previousOperationId":"39frsb90h4404cu"}
{"type":"log","timestamp":1684648452334,"level":"debug","message":"Page request: GET (script) https://cdn.jsdelivr.net/npm/chart.js","meta":{"rootId":"5yidgp00qm646gv","id":"5yidgp00qm646gv"},"id":"j6lqm148z66m7ml","previousOperationId":"39frsb90h4404cu"}
{"type":"log","timestamp":1684648452339,"level":"debug","message":"Page request finished: GET (script) 200 https://cdn.jsdelivr.net/npm/chart.js","meta":{"rootId":"5yidgp00qm646gv","id":"5yidgp00qm646gv"},"id":"trhdlrtjso4oj38","previousOperationId":"39frsb90h4404cu"}
{"type":"log","timestamp":1684648452423,"level":"debug","message":"Running chrome with params {\"printBackground\":true,\"marginTop\":\"2cm\",\"marginRight\":\"1cm\",\"marginBottom\":\"2cm\",\"marginLeft\":\"1cm\",\"landscape\":false,\"format\":\"A4\",\"displayHeaderFooter\":true,\"timeout\":59968,\"margin\":{\"top\":\"2cm\",\"right\":\"1cm\",\"bottom\":\"2cm\",\"left\":\"1cm\"}}","meta":{"rootId":"5yidgp00qm646gv","id":"5yidgp00qm646gv"},"id":"lk3w6i3u0x8vxk1","previousOperationId":"39frsb90h4404cu"}
{"type":"operationEnd","operationId":"39frsb90h4404cu","timestamp":1684648452500,"id":"dmk3bujuxq3bknv","previousEventId":"f0xwll6nlp7tka5","previousOperationId":"39frsb90h4404cu"}
{"type":"log","timestamp":1684648452500,"level":"debug","message":"Skipping storing report.","meta":{"rootId":"5yidgp00qm646gv","id":"5yidgp00qm646gv"},"id":"0i8b0hm64s1jqbd","previousOperationId":"39frsb90h4404cu"}
{"type":"log","timestamp":1684648452500,"level":"info","message":"Rendering request 56 finished in 345 ms","meta":{"rootId":"5yidgp00qm646gv","id":"5yidgp00qm646gv"},"id":"h1fvm5xow9ttnwm","previousOperationId":"39frsb90h4404cu"}
{"type":"operationEnd","subtype":"render","operationId":"g9bxb8sz24ett6s","timestamp":1684648452500,"id":"chcas056cc40egn","previousEventId":"dmk3bujuxq3bknv","previousOperationId":"39frsb90h4404cu"}
{"type":"operationEnd","doDiffs":false,"previousEventId":"fjr0cfkshdxts3l","previousOperationId":"9zqt0ay1mq8nh30","operationId":"9zqt0ay1mq8nh30","timestamp":1684648452505,"id":"rxisteb31lj51kc"}
