{"type":"operationStart","subtype":"profile","data":{"_id":"zZLUBfvdKuOUD2Am","timestamp":"2023-05-21T06:37:51.946Z","state":"queued","mode":"standard","creationDate":"2023-05-21T06:37:51.949Z","modificationDate":"2023-05-21T06:37:51.949Z","shortid":"6i7y-x2","$entitySet":"profiles"},"doDiffs":false,"timestamp":1684651071947,"id":"zepafz4d5g7q45j","previousOperationId":null,"operationId":"t2h6v7fbkotv5gr"}
{"type":"log","level":"info","message":"Render request 84 queued for execution and waiting for available worker","previousOperationId":"t2h6v7fbkotv5gr","timestamp":1684651071948,"id":"oc0jni1u6urr1hr"}
{"type":"operationStart","subtype":"render","name":"invoice-js","previousOperationId":"t2h6v7fbkotv5gr","timestamp":1684651071966,"id":"lu3bzm2755tse1v","previousEventId":"zepafz4d5g7q45j","operationId":"a703c1gk1888pkf"}
{"type":"log","timestamp":1684651071966,"level":"info","message":"Starting rendering request 84","meta":{"rootId":"67ef8plrgglvqzv","id":"67ef8plrgglvqzv"},"id":"ss8uas7h5fz0ufd","previousOperationId":"a703c1gk1888pkf"}
{"type":"log","timestamp":1684651071967,"level":"info","message":"Rendering template { name: invoice-js, recipe: chrome-pdf, engine: handlebars, preview: true }","meta":{"rootId":"67ef8plrgglvqzv","id":"67ef8plrgglvqzv"},"id":"0fe6vn57lgtgfu2","previousOperationId":"a703c1gk1888pkf"}
{"type":"log","timestamp":1684651071970,"level":"debug","message":"Adding sample data YnJQL_aQg","meta":{"rootId":"67ef8plrgglvqzv","id":"67ef8plrgglvqzv"},"id":"9rkno0gt3vkjak3","previousOperationId":"a703c1gk1888pkf"}
{"type":"log","timestamp":1684651071974,"level":"debug","message":"Base url not specified, skipping its injection.","meta":{"rootId":"67ef8plrgglvqzv","id":"67ef8plrgglvqzv"},"id":"z8w58or3fygb7h8","previousOperationId":"a703c1gk1888pkf"}
{"type":"operationStart","subtype":"engine","name":"handlebars","timestamp":1684651071974,"id":"4ebtpt91r4lyg0f","previousEventId":"lu3bzm2755tse1v","operationId":"pddfxtys0y3bvap","previousOperationId":"a703c1gk1888pkf"}
{"type":"log","timestamp":1684651071974,"level":"debug","message":"Rendering engine handlebars","meta":{"rootId":"67ef8plrgglvqzv","id":"67ef8plrgglvqzv"},"id":"gckkqulodkwzwe2","previousOperationId":"pddfxtys0y3bvap"}
{"type":"operationEnd","operationId":"pddfxtys0y3bvap","timestamp":1684651072005,"id":"5nn54gzjq01op1v","previousEventId":"4ebtpt91r4lyg0f","previousOperationId":"pddfxtys0y3bvap"}
{"type":"operationStart","subtype":"recipe","name":"chrome-pdf","timestamp":1684651072005,"id":"tfq2cfxc5899rlz","previousEventId":"5nn54gzjq01op1v","operationId":"pqlxc3fzl789v1j","previousOperationId":"pddfxtys0y3bvap"}
{"type":"log","timestamp":1684651072005,"level":"debug","message":"Executing recipe chrome-pdf","meta":{"rootId":"67ef8plrgglvqzv","id":"67ef8plrgglvqzv"},"id":"disd3m7rzocffka","previousOperationId":"pqlxc3fzl789v1j"}
{"type":"log","timestamp":1684651072034,"level":"debug","message":"Starting child request to render pdf footer","meta":{"rootId":"67ef8plrgglvqzv","id":"67ef8plrgglvqzv"},"id":"0j2rpn7dv71o5tq","previousOperationId":"pqlxc3fzl789v1j"}
{"type":"operationStart","subtype":"render","name":"anonymous","previousOperationId":"pqlxc3fzl789v1j","timestamp":1684651072035,"id":"crm3dd1l288qfy7","previousEventId":"tfq2cfxc5899rlz","operationId":"daz61s5hyk90ylh"}
{"type":"log","timestamp":1684651072035,"level":"info","message":"Starting rendering (child) request","meta":{"rootId":"67ef8plrgglvqzv","id":"qhdfhqauuvxwowk"},"id":"70ujym0q1egq3i4","previousOperationId":"daz61s5hyk90ylh"}
{"type":"log","timestamp":1684651072035,"level":"info","message":"Rendering anonymous template { recipe: html, engine: handlebars }","meta":{"rootId":"67ef8plrgglvqzv","id":"qhdfhqauuvxwowk"},"id":"mq5vci2hoo1axuf","previousOperationId":"daz61s5hyk90ylh"}
{"type":"log","timestamp":1684651072035,"level":"debug","message":"Inline data specified.","meta":{"rootId":"67ef8plrgglvqzv","id":"qhdfhqauuvxwowk"},"id":"7g0nw0jc5fltnig","previousOperationId":"daz61s5hyk90ylh"}
{"type":"log","timestamp":1684651072039,"level":"debug","message":"Base url not specified, skipping its injection.","meta":{"rootId":"67ef8plrgglvqzv","id":"qhdfhqauuvxwowk"},"id":"a9apl5n8cwjdg13","previousOperationId":"daz61s5hyk90ylh"}
{"type":"operationStart","subtype":"engine","name":"handlebars","timestamp":1684651072040,"id":"0l2ylgr6ahjli7t","previousEventId":"crm3dd1l288qfy7","operationId":"9dl687f59c6dk55","previousOperationId":"daz61s5hyk90ylh"}
{"type":"log","timestamp":1684651072040,"level":"debug","message":"Rendering engine handlebars","meta":{"rootId":"67ef8plrgglvqzv","id":"qhdfhqauuvxwowk"},"id":"47iw8e1xe7jk1xh","previousOperationId":"9dl687f59c6dk55"}
{"type":"operationEnd","operationId":"9dl687f59c6dk55","timestamp":1684651072070,"id":"4zpndtelyfic68s","previousEventId":"0l2ylgr6ahjli7t","previousOperationId":"9dl687f59c6dk55"}
{"type":"operationStart","subtype":"recipe","name":"html","timestamp":1684651072070,"id":"k0x743omi9qmd8v","previousEventId":"4zpndtelyfic68s","operationId":"v1pcwykqr8iavfi","previousOperationId":"9dl687f59c6dk55"}
{"type":"log","timestamp":1684651072070,"level":"debug","message":"Executing recipe html","meta":{"rootId":"67ef8plrgglvqzv","id":"qhdfhqauuvxwowk"},"id":"h3do1lb8ell0417","previousOperationId":"v1pcwykqr8iavfi"}
{"type":"operationEnd","operationId":"v1pcwykqr8iavfi","timestamp":1684651072070,"id":"zib3wfthmzc1ipg","previousEventId":"k0x743omi9qmd8v","previousOperationId":"v1pcwykqr8iavfi"}
{"type":"log","timestamp":1684651072071,"level":"debug","message":"Skipping storing report.","meta":{"rootId":"67ef8plrgglvqzv","id":"qhdfhqauuvxwowk"},"id":"ioz8bgw39b80632","previousOperationId":"v1pcwykqr8iavfi"}
{"type":"log","timestamp":1684651072071,"level":"info","message":"Rendering (child) request finished in 125 ms","meta":{"rootId":"67ef8plrgglvqzv","id":"qhdfhqauuvxwowk"},"id":"nxlnr7ebk8bwvzt","previousOperationId":"v1pcwykqr8iavfi"}
{"type":"operationEnd","subtype":"render","operationId":"daz61s5hyk90ylh","timestamp":1684651072071,"id":"fvuf4rqyjjyui4v","previousEventId":"zib3wfthmzc1ipg","previousOperationId":"v1pcwykqr8iavfi"}
{"type":"log","timestamp":1684651072074,"level":"debug","message":"Converting with chrome HeadlessChrome/105.0.5173.0 using chrome-pool strategy","meta":{"rootId":"67ef8plrgglvqzv","id":"67ef8plrgglvqzv"},"id":"p8d9cz00u44baw7","previousOperationId":"pqlxc3fzl789v1j"}
{"type":"log","timestamp":1684651072203,"level":"debug","message":"Page request: GET (document) file:///C:/Users/Adebayo/AppData/Local/Temp/jsreport/autocleanup/381427ea-ad27-4507-aee9-f89c50fc32a0-chrome-pdf.html","meta":{"rootId":"67ef8plrgglvqzv","id":"67ef8plrgglvqzv"},"id":"396ii7hh1pllrby","previousOperationId":"pqlxc3fzl789v1j"}
{"type":"log","timestamp":1684651072222,"level":"debug","message":"Page request finished: GET (document) 200 file:///C:/Users/Adebayo/AppData/Local/Temp/jsreport/autocleanup/381427ea-ad27-4507-aee9-f89c50fc32a0-chrome-pdf.html","meta":{"rootId":"67ef8plrgglvqzv","id":"67ef8plrgglvqzv"},"id":"6kj9mpngrugocyx","previousOperationId":"pqlxc3fzl789v1j"}
{"type":"log","timestamp":1684651072223,"level":"debug","message":"Page request: GET (script) https://cdnjs.cloudflare.com/ajax/libs/Chart.js/2.1.6/Chart.min.js","meta":{"rootId":"67ef8plrgglvqzv","id":"67ef8plrgglvqzv"},"id":"wi86rt55y0xhq9d","previousOperationId":"pqlxc3fzl789v1j"}
{"type":"log","timestamp":1684651072235,"level":"debug","message":"Page request finished: GET (script) 200 https://cdnjs.cloudflare.com/ajax/libs/Chart.js/2.1.6/Chart.min.js","meta":{"rootId":"67ef8plrgglvqzv","id":"67ef8plrgglvqzv"},"id":"wkah7vebpzc93oo","previousOperationId":"pqlxc3fzl789v1j"}
{"type":"log","timestamp":1684651072309,"level":"debug","message":"Running chrome with params {\"printBackground\":true,\"marginTop\":\"2cm\",\"marginRight\":\"1cm\",\"marginBottom\":\"2cm\",\"marginLeft\":\"1cm\",\"landscape\":false,\"format\":\"A4\",\"displayHeaderFooter\":true,\"footerTemplate\":\"...\",\"timeout\":59875,\"margin\":{\"top\":\"2cm\",\"right\":\"1cm\",\"bottom\":\"2cm\",\"left\":\"1cm\"}}","meta":{"rootId":"67ef8plrgglvqzv","id":"67ef8plrgglvqzv"},"id":"u3d8l37zwdgkulr","previousOperationId":"pqlxc3fzl789v1j"}
{"type":"operationEnd","operationId":"pqlxc3fzl789v1j","timestamp":1684651072397,"id":"a65zyoopgimdo6y","previousEventId":"tfq2cfxc5899rlz","previousOperationId":"pqlxc3fzl789v1j"}
{"type":"log","timestamp":1684651072397,"level":"debug","message":"Skipping storing report.","meta":{"rootId":"67ef8plrgglvqzv","id":"67ef8plrgglvqzv"},"id":"nn7u4rwgd1k5o2l","previousOperationId":"pqlxc3fzl789v1j"}
{"type":"log","timestamp":1684651072398,"level":"info","message":"Rendering request 84 finished in 452 ms","meta":{"rootId":"67ef8plrgglvqzv","id":"67ef8plrgglvqzv"},"id":"0h9x0lq8dx9t1o3","previousOperationId":"pqlxc3fzl789v1j"}
{"type":"operationEnd","subtype":"render","operationId":"a703c1gk1888pkf","timestamp":1684651072398,"id":"toanxz5ugcdd6me","previousEventId":"a65zyoopgimdo6y","previousOperationId":"pqlxc3fzl789v1j"}
{"type":"operationEnd","doDiffs":false,"previousEventId":"zepafz4d5g7q45j","previousOperationId":"t2h6v7fbkotv5gr","operationId":"t2h6v7fbkotv5gr","timestamp":1684651072420,"id":"giw85yhcysie9as"}
