{"type":"operationStart","subtype":"profile","data":{"_id":"pAsbFpU0MG3Ce4nA","timestamp":"2023-05-21T07:11:55.984Z","state":"queued","mode":"standard","creationDate":"2023-05-21T07:11:55.987Z","modificationDate":"2023-05-21T07:11:55.987Z","shortid":"AV2m2II","$entitySet":"profiles"},"doDiffs":false,"timestamp":1684653115985,"id":"tk3ug72mff5bpes","previousOperationId":null,"operationId":"6d5gpx6vwopixve"}
{"type":"log","level":"info","message":"Render request 106 queued for execution and waiting for available worker","previousOperationId":"6d5gpx6vwopixve","timestamp":1684653115985,"id":"4txr6t5p8j46wgu"}
{"type":"operationStart","subtype":"render","name":"invoice-js","previousOperationId":"6d5gpx6vwopixve","timestamp":1684653116066,"id":"7os1ldhpczcihok","previousEventId":"tk3ug72mff5bpes","operationId":"begprkx4cw9w353"}
{"type":"log","timestamp":1684653116067,"level":"info","message":"Starting rendering request 106","meta":{"rootId":"6jr9djaormt0y0o","id":"6jr9djaormt0y0o"},"id":"6d5l7u29jiv4pdt","previousOperationId":"begprkx4cw9w353"}
{"type":"log","timestamp":1684653116067,"level":"info","message":"Rendering template { name: invoice-js, recipe: chrome-pdf, engine: handlebars, preview: false }","meta":{"rootId":"6jr9djaormt0y0o","id":"6jr9djaormt0y0o"},"id":"yl894flr0olfsco","previousOperationId":"begprkx4cw9w353"}
{"type":"log","timestamp":1684653116072,"level":"debug","message":"Inline data specified.","meta":{"rootId":"6jr9djaormt0y0o","id":"6jr9djaormt0y0o"},"id":"n5jmci2z8kd372k","previousOperationId":"begprkx4cw9w353"}
{"type":"log","timestamp":1684653116076,"level":"debug","message":"Base url not specified, skipping its injection.","meta":{"rootId":"6jr9djaormt0y0o","id":"6jr9djaormt0y0o"},"id":"cbarzxi6w69c9m9","previousOperationId":"begprkx4cw9w353"}
{"type":"operationStart","subtype":"engine","name":"handlebars","timestamp":1684653116077,"id":"7d3293j9dcgw1zx","previousEventId":"7os1ldhpczcihok","operationId":"p5tctsh27qnkjeu","previousOperationId":"begprkx4cw9w353"}
{"type":"log","timestamp":1684653116077,"level":"debug","message":"Rendering engine handlebars","meta":{"rootId":"6jr9djaormt0y0o","id":"6jr9djaormt0y0o"},"id":"sbinogt00vsqmnl","previousOperationId":"p5tctsh27qnkjeu"}
{"type":"operationEnd","operationId":"p5tctsh27qnkjeu","timestamp":1684653116102,"id":"dpqtdqxwb2ffbhl","previousEventId":"7d3293j9dcgw1zx","previousOperationId":"p5tctsh27qnkjeu"}
{"type":"operationStart","subtype":"recipe","name":"chrome-pdf","timestamp":1684653116102,"id":"37iy8ump8yzal66","previousEventId":"dpqtdqxwb2ffbhl","operationId":"crgpot3cdl7act1","previousOperationId":"p5tctsh27qnkjeu"}
{"type":"log","timestamp":1684653116102,"level":"debug","message":"Executing recipe chrome-pdf","meta":{"rootId":"6jr9djaormt0y0o","id":"6jr9djaormt0y0o"},"id":"8mflq9cwe2lmbbr","previousOperationId":"crgpot3cdl7act1"}
{"type":"log","timestamp":1684653116106,"level":"debug","message":"Starting child request to render pdf footer","meta":{"rootId":"6jr9djaormt0y0o","id":"6jr9djaormt0y0o"},"id":"cnravqmd9ofvq03","previousOperationId":"crgpot3cdl7act1"}
{"type":"operationStart","subtype":"render","name":"anonymous","previousOperationId":"crgpot3cdl7act1","timestamp":1684653116106,"id":"e4z51mpxrmqan5g","previousEventId":"37iy8ump8yzal66","operationId":"sleklsg4spxanxw"}
{"type":"log","timestamp":1684653116106,"level":"info","message":"Starting rendering (child) request","meta":{"rootId":"6jr9djaormt0y0o","id":"h1n5fd9wuzm0201"},"id":"gyg5r0t5qidmqr5","previousOperationId":"sleklsg4spxanxw"}
{"type":"log","timestamp":1684653116107,"level":"info","message":"Rendering anonymous template { recipe: html, engine: handlebars }","meta":{"rootId":"6jr9djaormt0y0o","id":"h1n5fd9wuzm0201"},"id":"1n5rci2kvbltqd7","previousOperationId":"sleklsg4spxanxw"}
{"type":"log","timestamp":1684653116107,"level":"debug","message":"Inline data specified.","meta":{"rootId":"6jr9djaormt0y0o","id":"h1n5fd9wuzm0201"},"id":"zb5km36t5ju2p54","previousOperationId":"sleklsg4spxanxw"}
{"type":"log","timestamp":1684653116108,"level":"debug","message":"Base url not specified, skipping its injection.","meta":{"rootId":"6jr9djaormt0y0o","id":"h1n5fd9wuzm0201"},"id":"xc2h1vld77i5pxf","previousOperationId":"sleklsg4spxanxw"}
{"type":"operationStart","subtype":"engine","name":"handlebars","timestamp":1684653116109,"id":"pq6surdygx8rgh1","previousEventId":"e4z51mpxrmqan5g","operationId":"zbdqxg9ri4rhbou","previousOperationId":"sleklsg4spxanxw"}
{"type":"log","timestamp":1684653116109,"level":"debug","message":"Rendering engine handlebars","meta":{"rootId":"6jr9djaormt0y0o","id":"h1n5fd9wuzm0201"},"id":"j9xbnh9yxipo9vr","previousOperationId":"zbdqxg9ri4rhbou"}
{"type":"operationEnd","operationId":"zbdqxg9ri4rhbou","timestamp":1684653116127,"id":"kb98juu9yw6aesr","previousEventId":"pq6surdygx8rgh1","previousOperationId":"zbdqxg9ri4rhbou"}
{"type":"operationStart","subtype":"recipe","name":"html","timestamp":1684653116127,"id":"7x01byhh9o8w5ak","previousEventId":"kb98juu9yw6aesr","operationId":"tvasflgbzcw0q0w","previousOperationId":"zbdqxg9ri4rhbou"}
{"type":"log","timestamp":1684653116127,"level":"debug","message":"Executing recipe html","meta":{"rootId":"6jr9djaormt0y0o","id":"h1n5fd9wuzm0201"},"id":"10atomt3bbkllw0","previousOperationId":"tvasflgbzcw0q0w"}
{"type":"operationEnd","operationId":"tvasflgbzcw0q0w","timestamp":1684653116127,"id":"dq1xsx2y4py3v1i","previousEventId":"7x01byhh9o8w5ak","previousOperationId":"tvasflgbzcw0q0w"}
{"type":"log","timestamp":1684653116128,"level":"debug","message":"Skipping storing report.","meta":{"rootId":"6jr9djaormt0y0o","id":"h1n5fd9wuzm0201"},"id":"m4usi7xkwtthpbg","previousOperationId":"tvasflgbzcw0q0w"}
{"type":"log","timestamp":1684653116128,"level":"info","message":"Rendering (child) request finished in 145 ms","meta":{"rootId":"6jr9djaormt0y0o","id":"h1n5fd9wuzm0201"},"id":"f1inifzhf0x6wum","previousOperationId":"tvasflgbzcw0q0w"}
{"type":"operationEnd","subtype":"render","operationId":"sleklsg4spxanxw","timestamp":1684653116128,"id":"cmeb6pv6gweu59e","previousEventId":"dq1xsx2y4py3v1i","previousOperationId":"tvasflgbzcw0q0w"}
{"type":"log","timestamp":1684653116130,"level":"debug","message":"Converting with chrome HeadlessChrome/105.0.5173.0 using chrome-pool strategy","meta":{"rootId":"6jr9djaormt0y0o","id":"6jr9djaormt0y0o"},"id":"rcjat16vhnbmu8l","previousOperationId":"crgpot3cdl7act1"}
{"type":"log","timestamp":1684653116256,"level":"debug","message":"Page request: GET (document) file:///C:/Users/Adebayo/AppData/Local/Temp/jsreport/autocleanup/022c343b-afd3-4d1b-874f-1ca88b2d8726-chrome-pdf.html","meta":{"rootId":"6jr9djaormt0y0o","id":"6jr9djaormt0y0o"},"id":"itgd5sdpqee9l1o","previousOperationId":"crgpot3cdl7act1"}
{"type":"log","timestamp":1684653116272,"level":"debug","message":"Page request finished: GET (document) 200 file:///C:/Users/Adebayo/AppData/Local/Temp/jsreport/autocleanup/022c343b-afd3-4d1b-874f-1ca88b2d8726-chrome-pdf.html","meta":{"rootId":"6jr9djaormt0y0o","id":"6jr9djaormt0y0o"},"id":"6oevec5uctqfe5v","previousOperationId":"crgpot3cdl7act1"}
{"type":"log","timestamp":1684653116272,"level":"debug","message":"Page request: GET (script) https://cdnjs.cloudflare.com/ajax/libs/Chart.js/2.1.6/Chart.min.js","meta":{"rootId":"6jr9djaormt0y0o","id":"6jr9djaormt0y0o"},"id":"hxi729tl6on75s7","previousOperationId":"crgpot3cdl7act1"}
{"type":"log","timestamp":1684653116283,"level":"debug","message":"Page request finished: GET (script) 200 https://cdnjs.cloudflare.com/ajax/libs/Chart.js/2.1.6/Chart.min.js","meta":{"rootId":"6jr9djaormt0y0o","id":"6jr9djaormt0y0o"},"id":"9tvtcwo38zy0d7c","previousOperationId":"crgpot3cdl7act1"}
{"type":"log","timestamp":1684653116289,"level":"warn","message":"Page error: SyntaxError: Unexpected token ','","meta":{"rootId":"6jr9djaormt0y0o","id":"6jr9djaormt0y0o"},"id":"fagd8ek3zmsqm9x","previousOperationId":"crgpot3cdl7act1"}
{"type":"log","timestamp":1684653116293,"level":"debug","message":"Running chrome with params {\"printBackground\":true,\"marginTop\":\"2cm\",\"marginRight\":\"1cm\",\"marginBottom\":\"2cm\",\"marginLeft\":\"1cm\",\"landscape\":false,\"format\":\"A4\",\"displayHeaderFooter\":true,\"footerTemplate\":\"...\",\"timeout\":59855,\"margin\":{\"top\":\"2cm\",\"right\":\"1cm\",\"bottom\":\"2cm\",\"left\":\"1cm\"}}","meta":{"rootId":"6jr9djaormt0y0o","id":"6jr9djaormt0y0o"},"id":"y0cavubple2i8bf","previousOperationId":"crgpot3cdl7act1"}
{"type":"operationEnd","operationId":"crgpot3cdl7act1","timestamp":1684653116375,"id":"093tlnyz0s3w6bf","previousEventId":"37iy8ump8yzal66","previousOperationId":"crgpot3cdl7act1"}
{"type":"log","timestamp":1684653116375,"level":"debug","message":"Skipping storing report.","meta":{"rootId":"6jr9djaormt0y0o","id":"6jr9djaormt0y0o"},"id":"qafib7o1zmgwyeq","previousOperationId":"crgpot3cdl7act1"}
{"type":"log","timestamp":1684653116375,"level":"info","message":"Rendering request 106 finished in 392 ms","meta":{"rootId":"6jr9djaormt0y0o","id":"6jr9djaormt0y0o"},"id":"h6wocu9xcvon0f9","previousOperationId":"crgpot3cdl7act1"}
{"type":"operationEnd","subtype":"render","operationId":"begprkx4cw9w353","timestamp":1684653116375,"id":"bzy8ggeezoweewl","previousEventId":"093tlnyz0s3w6bf","previousOperationId":"crgpot3cdl7act1"}
{"type":"operationEnd","doDiffs":false,"previousEventId":"tk3ug72mff5bpes","previousOperationId":"6d5gpx6vwopixve","operationId":"6d5gpx6vwopixve","timestamp":1684653116384,"id":"hegs9rzsowu9k88"}
