{"type":"operationStart","subtype":"profile","data":{"_id":"RgzU9LZHfyDbwGAS","timestamp":"2023-05-21T07:09:39.653Z","state":"queued","mode":"standard","creationDate":"2023-05-21T07:09:39.657Z","modificationDate":"2023-05-21T07:09:39.657Z","shortid":"UwHywpR","$entitySet":"profiles"},"doDiffs":false,"timestamp":1684652979655,"id":"syn3re58kp5q1fd","previousOperationId":null,"operationId":"wa4dodaczvhjdro"}
{"type":"log","level":"info","message":"Render request 103 queued for execution and waiting for available worker","previousOperationId":"wa4dodaczvhjdro","timestamp":1684652979655,"id":"lfdynkgciycf9jg"}
{"type":"operationStart","subtype":"render","name":"invoice-js","previousOperationId":"wa4dodaczvhjdro","timestamp":1684652979672,"id":"vyer62qedjnuj0d","previousEventId":"syn3re58kp5q1fd","operationId":"sdu31oaks02n7pg"}
{"type":"log","timestamp":1684652979672,"level":"info","message":"Starting rendering request 103","meta":{"rootId":"6mrutmh33sboi1c","id":"6mrutmh33sboi1c"},"id":"tc801lzdlwd8q5r","previousOperationId":"sdu31oaks02n7pg"}
{"type":"log","timestamp":1684652979672,"level":"info","message":"Rendering template { name: invoice-js, recipe: chrome-pdf, engine: handlebars, preview: false }","meta":{"rootId":"6mrutmh33sboi1c","id":"6mrutmh33sboi1c"},"id":"sr6zakb9ei8w26w","previousOperationId":"sdu31oaks02n7pg"}
{"type":"log","timestamp":1684652979675,"level":"debug","message":"Inline data specified.","meta":{"rootId":"6mrutmh33sboi1c","id":"6mrutmh33sboi1c"},"id":"l461pntz98yyrwi","previousOperationId":"sdu31oaks02n7pg"}
{"type":"log","timestamp":1684652979681,"level":"debug","message":"Base url not specified, skipping its injection.","meta":{"rootId":"6mrutmh33sboi1c","id":"6mrutmh33sboi1c"},"id":"nzngpd36l00sblc","previousOperationId":"sdu31oaks02n7pg"}
{"type":"operationStart","subtype":"engine","name":"handlebars","timestamp":1684652979681,"id":"ammvfmplrfu4o5b","previousEventId":"vyer62qedjnuj0d","operationId":"3srb7tjvjngojzi","previousOperationId":"sdu31oaks02n7pg"}
{"type":"log","timestamp":1684652979681,"level":"debug","message":"Rendering engine handlebars","meta":{"rootId":"6mrutmh33sboi1c","id":"6mrutmh33sboi1c"},"id":"4nmyxzevrtu3ktr","previousOperationId":"3srb7tjvjngojzi"}
{"type":"operationEnd","operationId":"3srb7tjvjngojzi","timestamp":1684652979703,"id":"jpdhrlgrrkp6p37","previousEventId":"ammvfmplrfu4o5b","previousOperationId":"3srb7tjvjngojzi"}
{"type":"operationStart","subtype":"recipe","name":"chrome-pdf","timestamp":1684652979704,"id":"6mpjnncd3zslptq","previousEventId":"jpdhrlgrrkp6p37","operationId":"4xvmntiqifj95sf","previousOperationId":"3srb7tjvjngojzi"}
{"type":"log","timestamp":1684652979704,"level":"debug","message":"Executing recipe chrome-pdf","meta":{"rootId":"6mrutmh33sboi1c","id":"6mrutmh33sboi1c"},"id":"fp7vqy1ajmmx6dd","previousOperationId":"4xvmntiqifj95sf"}
{"type":"log","timestamp":1684652979707,"level":"debug","message":"Starting child request to render pdf footer","meta":{"rootId":"6mrutmh33sboi1c","id":"6mrutmh33sboi1c"},"id":"rc6xhexfgxuv40j","previousOperationId":"4xvmntiqifj95sf"}
{"type":"operationStart","subtype":"render","name":"anonymous","previousOperationId":"4xvmntiqifj95sf","timestamp":1684652979708,"id":"ycvuvsz4wzojsmm","previousEventId":"6mpjnncd3zslptq","operationId":"pdpd8le73v8shon"}
{"type":"log","timestamp":1684652979708,"level":"info","message":"Starting rendering (child) request","meta":{"rootId":"6mrutmh33sboi1c","id":"ua8u685100udnyj"},"id":"kpekxdsvw331hx4","previousOperationId":"pdpd8le73v8shon"}
{"type":"log","timestamp":1684652979708,"level":"info","message":"Rendering anonymous template { recipe: html, engine: handlebars }","meta":{"rootId":"6mrutmh33sboi1c","id":"ua8u685100udnyj"},"id":"2042h2a48kmkbth","previousOperationId":"pdpd8le73v8shon"}
{"type":"log","timestamp":1684652979708,"level":"debug","message":"Inline data specified.","meta":{"rootId":"6mrutmh33sboi1c","id":"ua8u685100udnyj"},"id":"se31koveoh517p0","previousOperationId":"pdpd8le73v8shon"}
{"type":"log","timestamp":1684652979710,"level":"debug","message":"Base url not specified, skipping its injection.","meta":{"rootId":"6mrutmh33sboi1c","id":"ua8u685100udnyj"},"id":"2c7vlv8wcstd6vl","previousOperationId":"pdpd8le73v8shon"}
{"type":"operationStart","subtype":"engine","name":"handlebars","timestamp":1684652979711,"id":"0stlkd1vzn4gy5v","previousEventId":"ycvuvsz4wzojsmm","operationId":"hqqnfvo7um45ztt","previousOperationId":"pdpd8le73v8shon"}
{"type":"log","timestamp":1684652979711,"level":"debug","message":"Rendering engine handlebars","meta":{"rootId":"6mrutmh33sboi1c","id":"ua8u685100udnyj"},"id":"kda16z56f8f0b03","previousOperationId":"hqqnfvo7um45ztt"}
{"type":"operationEnd","operationId":"hqqnfvo7um45ztt","timestamp":1684652979729,"id":"to15af8af1yjavt","previousEventId":"0stlkd1vzn4gy5v","previousOperationId":"hqqnfvo7um45ztt"}
{"type":"operationStart","subtype":"recipe","name":"html","timestamp":1684652979730,"id":"ugr6uni2q41vs8c","previousEventId":"to15af8af1yjavt","operationId":"1m7kmv72kh7yanr","previousOperationId":"hqqnfvo7um45ztt"}
{"type":"log","timestamp":1684652979730,"level":"debug","message":"Executing recipe html","meta":{"rootId":"6mrutmh33sboi1c","id":"ua8u685100udnyj"},"id":"20160bl8pyiaszh","previousOperationId":"1m7kmv72kh7yanr"}
{"type":"operationEnd","operationId":"1m7kmv72kh7yanr","timestamp":1684652979730,"id":"i1hsz7txs656cbz","previousEventId":"ugr6uni2q41vs8c","previousOperationId":"1m7kmv72kh7yanr"}
{"type":"log","timestamp":1684652979730,"level":"debug","message":"Skipping storing report.","meta":{"rootId":"6mrutmh33sboi1c","id":"ua8u685100udnyj"},"id":"82bwpj7alt6vwsc","previousOperationId":"1m7kmv72kh7yanr"}
{"type":"log","timestamp":1684652979730,"level":"info","message":"Rendering (child) request finished in 77 ms","meta":{"rootId":"6mrutmh33sboi1c","id":"ua8u685100udnyj"},"id":"427xz1xz5vdvl73","previousOperationId":"1m7kmv72kh7yanr"}
{"type":"operationEnd","subtype":"render","operationId":"pdpd8le73v8shon","timestamp":1684652979730,"id":"wee9qhc1irz9e69","previousEventId":"i1hsz7txs656cbz","previousOperationId":"1m7kmv72kh7yanr"}
{"type":"log","timestamp":1684652979732,"level":"debug","message":"Converting with chrome HeadlessChrome/105.0.5173.0 using chrome-pool strategy","meta":{"rootId":"6mrutmh33sboi1c","id":"6mrutmh33sboi1c"},"id":"96focpq2f13ffmq","previousOperationId":"4xvmntiqifj95sf"}
{"type":"log","timestamp":1684652979854,"level":"debug","message":"Page request: GET (document) file:///C:/Users/Adebayo/AppData/Local/Temp/jsreport/autocleanup/0f4b484d-2368-4a2a-a63e-1dea1ffeffc6-chrome-pdf.html","meta":{"rootId":"6mrutmh33sboi1c","id":"6mrutmh33sboi1c"},"id":"rl2msekddrz5586","previousOperationId":"4xvmntiqifj95sf"}
{"type":"log","timestamp":1684652979872,"level":"debug","message":"Page request finished: GET (document) 200 file:///C:/Users/Adebayo/AppData/Local/Temp/jsreport/autocleanup/0f4b484d-2368-4a2a-a63e-1dea1ffeffc6-chrome-pdf.html","meta":{"rootId":"6mrutmh33sboi1c","id":"6mrutmh33sboi1c"},"id":"x9jtcngmfrixypb","previousOperationId":"4xvmntiqifj95sf"}
{"type":"log","timestamp":1684652979873,"level":"debug","message":"Page request: GET (script) https://cdnjs.cloudflare.com/ajax/libs/Chart.js/2.1.6/Chart.min.js","meta":{"rootId":"6mrutmh33sboi1c","id":"6mrutmh33sboi1c"},"id":"pjhm61cvw7fmd2x","previousOperationId":"4xvmntiqifj95sf"}
{"type":"log","timestamp":1684652979881,"level":"debug","message":"Page request finished: GET (script) 200 https://cdnjs.cloudflare.com/ajax/libs/Chart.js/2.1.6/Chart.min.js","meta":{"rootId":"6mrutmh33sboi1c","id":"6mrutmh33sboi1c"},"id":"p2ciblot3jvvbf7","previousOperationId":"4xvmntiqifj95sf"}
{"type":"log","timestamp":1684652979887,"level":"warn","message":"Page error: SyntaxError: Unexpected token ','","meta":{"rootId":"6mrutmh33sboi1c","id":"6mrutmh33sboi1c"},"id":"rvnppuluitbro8t","previousOperationId":"4xvmntiqifj95sf"}
{"type":"log","timestamp":1684652979893,"level":"debug","message":"Running chrome with params {\"printBackground\":true,\"marginTop\":\"2cm\",\"marginRight\":\"1cm\",\"marginBottom\":\"2cm\",\"marginLeft\":\"1cm\",\"landscape\":false,\"format\":\"A4\",\"displayHeaderFooter\":true,\"footerTemplate\":\"...\",\"timeout\":59923,\"margin\":{\"top\":\"2cm\",\"right\":\"1cm\",\"bottom\":\"2cm\",\"left\":\"1cm\"}}","meta":{"rootId":"6mrutmh33sboi1c","id":"6mrutmh33sboi1c"},"id":"hqaftem5o1pt2c1","previousOperationId":"4xvmntiqifj95sf"}
{"type":"operationEnd","operationId":"4xvmntiqifj95sf","timestamp":1684652980039,"id":"9z1lexgvt8m8hki","previousEventId":"6mpjnncd3zslptq","previousOperationId":"4xvmntiqifj95sf"}
{"type":"log","timestamp":1684652980039,"level":"debug","message":"Skipping storing report.","meta":{"rootId":"6mrutmh33sboi1c","id":"6mrutmh33sboi1c"},"id":"hzexv7qo3ppq5cf","previousOperationId":"4xvmntiqifj95sf"}
{"type":"log","timestamp":1684652980040,"level":"info","message":"Rendering request 103 finished in 386 ms","meta":{"rootId":"6mrutmh33sboi1c","id":"6mrutmh33sboi1c"},"id":"m26yu3giia74ox3","previousOperationId":"4xvmntiqifj95sf"}
{"type":"operationEnd","subtype":"render","operationId":"sdu31oaks02n7pg","timestamp":1684652980040,"id":"aq3wu5jg5k0x9bv","previousEventId":"9z1lexgvt8m8hki","previousOperationId":"4xvmntiqifj95sf"}
{"type":"operationEnd","doDiffs":false,"previousEventId":"syn3re58kp5q1fd","previousOperationId":"wa4dodaczvhjdro","operationId":"wa4dodaczvhjdro","timestamp":1684652980049,"id":"ua4qe21t0ahrsty"}
