{"type":"operationStart","subtype":"profile","data":{"_id":"oT6S0LZWpTsyfpmT","timestamp":"2023-05-21T06:51:18.278Z","state":"queued","mode":"standard","creationDate":"2023-05-21T06:51:18.281Z","modificationDate":"2023-05-21T06:51:18.281Z","shortid":"CgS2cLK","$entitySet":"profiles"},"doDiffs":false,"timestamp":1684651878279,"id":"vuva6nwcf4p1b0s","previousOperationId":null,"operationId":"fs3hz131skxxmjy"}
{"type":"log","level":"info","message":"Render request 92 queued for execution and waiting for available worker","previousOperationId":"fs3hz131skxxmjy","timestamp":1684651878280,"id":"x97g84cdc7lmb8w"}
{"type":"operationStart","subtype":"render","name":"invoice-js","previousOperationId":"fs3hz131skxxmjy","timestamp":1684651878297,"id":"i4kgwgnz5v40hva","previousEventId":"vuva6nwcf4p1b0s","operationId":"fsi4i4h9ocxtbsi"}
{"type":"log","timestamp":1684651878297,"level":"info","message":"Starting rendering request 92","meta":{"rootId":"6yea9myhpu5hq0t","id":"6yea9myhpu5hq0t"},"id":"06t2eke2gh9h3cq","previousOperationId":"fsi4i4h9ocxtbsi"}
{"type":"log","timestamp":1684651878297,"level":"info","message":"Rendering template { name: invoice-js, recipe: chrome-pdf, engine: handlebars, preview: true }","meta":{"rootId":"6yea9myhpu5hq0t","id":"6yea9myhpu5hq0t"},"id":"o50c3gimweytozx","previousOperationId":"fsi4i4h9ocxtbsi"}
{"type":"log","timestamp":1684651878300,"level":"debug","message":"Adding sample data YnJQL_aQg","meta":{"rootId":"6yea9myhpu5hq0t","id":"6yea9myhpu5hq0t"},"id":"f2cfpaimw6csgmx","previousOperationId":"fsi4i4h9ocxtbsi"}
{"type":"log","timestamp":1684651878303,"level":"debug","message":"Base url not specified, skipping its injection.","meta":{"rootId":"6yea9myhpu5hq0t","id":"6yea9myhpu5hq0t"},"id":"p26v6khaj6zry6l","previousOperationId":"fsi4i4h9ocxtbsi"}
{"type":"operationStart","subtype":"engine","name":"handlebars","timestamp":1684651878304,"id":"bbo1rrklvfoby8l","previousEventId":"i4kgwgnz5v40hva","operationId":"fghjvhsx7yq4wxs","previousOperationId":"fsi4i4h9ocxtbsi"}
{"type":"log","timestamp":1684651878304,"level":"debug","message":"Rendering engine handlebars","meta":{"rootId":"6yea9myhpu5hq0t","id":"6yea9myhpu5hq0t"},"id":"q1znkugm0bq8jv3","previousOperationId":"fghjvhsx7yq4wxs"}
{"type":"operationEnd","operationId":"fghjvhsx7yq4wxs","timestamp":1684651878334,"id":"tvhzxyyd6vbqutn","previousEventId":"bbo1rrklvfoby8l","previousOperationId":"fghjvhsx7yq4wxs"}
{"type":"operationStart","subtype":"recipe","name":"chrome-pdf","timestamp":1684651878334,"id":"3q1ocpe1x6dtdnq","previousEventId":"tvhzxyyd6vbqutn","operationId":"zhk5zf62bj9vt3z","previousOperationId":"fghjvhsx7yq4wxs"}
{"type":"log","timestamp":1684651878334,"level":"debug","message":"Executing recipe chrome-pdf","meta":{"rootId":"6yea9myhpu5hq0t","id":"6yea9myhpu5hq0t"},"id":"d5mw72cog82x4ix","previousOperationId":"zhk5zf62bj9vt3z"}
{"type":"log","timestamp":1684651878336,"level":"debug","message":"Starting child request to render pdf footer","meta":{"rootId":"6yea9myhpu5hq0t","id":"6yea9myhpu5hq0t"},"id":"dt96lcngvt0tgjm","previousOperationId":"zhk5zf62bj9vt3z"}
{"type":"operationStart","subtype":"render","name":"anonymous","previousOperationId":"zhk5zf62bj9vt3z","timestamp":1684651878336,"id":"wvela8itfgp0gik","previousEventId":"3q1ocpe1x6dtdnq","operationId":"sgctrwlmg91x424"}
{"type":"log","timestamp":1684651878336,"level":"info","message":"Starting rendering (child) request","meta":{"rootId":"6yea9myhpu5hq0t","id":"7u50jbi270g1w25"},"id":"0vwe3xj8b9hjrmw","previousOperationId":"sgctrwlmg91x424"}
{"type":"log","timestamp":1684651878337,"level":"info","message":"Rendering anonymous template { recipe: html, engine: handlebars }","meta":{"rootId":"6yea9myhpu5hq0t","id":"7u50jbi270g1w25"},"id":"4f8g7dgvtg41rp2","previousOperationId":"sgctrwlmg91x424"}
{"type":"log","timestamp":1684651878337,"level":"debug","message":"Inline data specified.","meta":{"rootId":"6yea9myhpu5hq0t","id":"7u50jbi270g1w25"},"id":"cw4qnq3fxccbs9z","previousOperationId":"sgctrwlmg91x424"}
{"type":"log","timestamp":1684651878339,"level":"debug","message":"Base url not specified, skipping its injection.","meta":{"rootId":"6yea9myhpu5hq0t","id":"7u50jbi270g1w25"},"id":"79dm6cdn9xtpx8w","previousOperationId":"sgctrwlmg91x424"}
{"type":"operationStart","subtype":"engine","name":"handlebars","timestamp":1684651878339,"id":"fhhpt5wtqjxcq00","previousEventId":"wvela8itfgp0gik","operationId":"53ukb7jmpfswxin","previousOperationId":"sgctrwlmg91x424"}
{"type":"log","timestamp":1684651878339,"level":"debug","message":"Rendering engine handlebars","meta":{"rootId":"6yea9myhpu5hq0t","id":"7u50jbi270g1w25"},"id":"aj7x13nqa48qots","previousOperationId":"53ukb7jmpfswxin"}
{"type":"operationEnd","operationId":"53ukb7jmpfswxin","timestamp":1684651878378,"id":"itji9fzrwqazy57","previousEventId":"fhhpt5wtqjxcq00","previousOperationId":"53ukb7jmpfswxin"}
{"type":"operationStart","subtype":"recipe","name":"html","timestamp":1684651878378,"id":"5hbo2sg3bkhk8ts","previousEventId":"itji9fzrwqazy57","operationId":"by3m00wly2bu3yk","previousOperationId":"53ukb7jmpfswxin"}
{"type":"log","timestamp":1684651878378,"level":"debug","message":"Executing recipe html","meta":{"rootId":"6yea9myhpu5hq0t","id":"7u50jbi270g1w25"},"id":"573hya5d55m5uc4","previousOperationId":"by3m00wly2bu3yk"}
{"type":"operationEnd","operationId":"by3m00wly2bu3yk","timestamp":1684651878378,"id":"cdcai6xljuzo2hk","previousEventId":"5hbo2sg3bkhk8ts","previousOperationId":"by3m00wly2bu3yk"}
{"type":"log","timestamp":1684651878379,"level":"debug","message":"Skipping storing report.","meta":{"rootId":"6yea9myhpu5hq0t","id":"7u50jbi270g1w25"},"id":"uim0mg68piec55o","previousOperationId":"by3m00wly2bu3yk"}
{"type":"log","timestamp":1684651878379,"level":"info","message":"Rendering (child) request finished in 101 ms","meta":{"rootId":"6yea9myhpu5hq0t","id":"7u50jbi270g1w25"},"id":"kfq681zm8qwiupo","previousOperationId":"by3m00wly2bu3yk"}
{"type":"operationEnd","subtype":"render","operationId":"sgctrwlmg91x424","timestamp":1684651878379,"id":"77r8pfk1x02sy61","previousEventId":"cdcai6xljuzo2hk","previousOperationId":"by3m00wly2bu3yk"}
{"type":"log","timestamp":1684651878383,"level":"debug","message":"Converting with chrome HeadlessChrome/105.0.5173.0 using chrome-pool strategy","meta":{"rootId":"6yea9myhpu5hq0t","id":"6yea9myhpu5hq0t"},"id":"w28uhamx2uoz6c8","previousOperationId":"zhk5zf62bj9vt3z"}
{"type":"log","timestamp":1684651878508,"level":"debug","message":"Page request: GET (document) file:///C:/Users/Adebayo/AppData/Local/Temp/jsreport/autocleanup/16fb80f0-83af-477d-a375-b740e5c57833-chrome-pdf.html","meta":{"rootId":"6yea9myhpu5hq0t","id":"6yea9myhpu5hq0t"},"id":"m8lpm2qs3ythb9t","previousOperationId":"zhk5zf62bj9vt3z"}
{"type":"log","timestamp":1684651878529,"level":"debug","message":"Page request finished: GET (document) 200 file:///C:/Users/Adebayo/AppData/Local/Temp/jsreport/autocleanup/16fb80f0-83af-477d-a375-b740e5c57833-chrome-pdf.html","meta":{"rootId":"6yea9myhpu5hq0t","id":"6yea9myhpu5hq0t"},"id":"b5khlglg0clnrwj","previousOperationId":"zhk5zf62bj9vt3z"}
{"type":"log","timestamp":1684651878530,"level":"debug","message":"Page request: GET (script) https://cdnjs.cloudflare.com/ajax/libs/Chart.js/2.1.6/Chart.min.js","meta":{"rootId":"6yea9myhpu5hq0t","id":"6yea9myhpu5hq0t"},"id":"v5qy8pfsete9y1e","previousOperationId":"zhk5zf62bj9vt3z"}
{"type":"log","timestamp":1684651878538,"level":"debug","message":"Page request finished: GET (script) 200 https://cdnjs.cloudflare.com/ajax/libs/Chart.js/2.1.6/Chart.min.js","meta":{"rootId":"6yea9myhpu5hq0t","id":"6yea9myhpu5hq0t"},"id":"lha1iil9bmhgfn5","previousOperationId":"zhk5zf62bj9vt3z"}
{"type":"log","timestamp":1684651878603,"level":"debug","message":"Running chrome with params {\"printBackground\":true,\"marginTop\":\"2cm\",\"marginRight\":\"1cm\",\"marginBottom\":\"2cm\",\"marginLeft\":\"1cm\",\"landscape\":false,\"format\":\"A4\",\"displayHeaderFooter\":true,\"footerTemplate\":\"...\",\"timeout\":59899,\"margin\":{\"top\":\"2cm\",\"right\":\"1cm\",\"bottom\":\"2cm\",\"left\":\"1cm\"}}","meta":{"rootId":"6yea9myhpu5hq0t","id":"6yea9myhpu5hq0t"},"id":"23jaqs2r62r6art","previousOperationId":"zhk5zf62bj9vt3z"}
{"type":"operationEnd","operationId":"zhk5zf62bj9vt3z","timestamp":1684651878687,"id":"evbmjhty3nz9jl5","previousEventId":"3q1ocpe1x6dtdnq","previousOperationId":"zhk5zf62bj9vt3z"}
{"type":"log","timestamp":1684651878687,"level":"debug","message":"Skipping storing report.","meta":{"rootId":"6yea9myhpu5hq0t","id":"6yea9myhpu5hq0t"},"id":"jfsnzcjcdad6243","previousOperationId":"zhk5zf62bj9vt3z"}
{"type":"log","timestamp":1684651878688,"level":"info","message":"Rendering request 92 finished in 410 ms","meta":{"rootId":"6yea9myhpu5hq0t","id":"6yea9myhpu5hq0t"},"id":"pm30pgg9mugbmx4","previousOperationId":"zhk5zf62bj9vt3z"}
{"type":"operationEnd","subtype":"render","operationId":"fsi4i4h9ocxtbsi","timestamp":1684651878688,"id":"ct26dtugjamh5de","previousEventId":"evbmjhty3nz9jl5","previousOperationId":"zhk5zf62bj9vt3z"}
{"type":"operationEnd","doDiffs":false,"previousEventId":"vuva6nwcf4p1b0s","previousOperationId":"fs3hz131skxxmjy","operationId":"fs3hz131skxxmjy","timestamp":1684651878702,"id":"cjxudaztxfb250e"}
