{"type":"operationStart","subtype":"profile","data":{"_id":"fx4RFF8nLALYwpM6","timestamp":"2023-05-21T07:05:29.511Z","state":"queued","mode":"standard","creationDate":"2023-05-21T07:05:29.516Z","modificationDate":"2023-05-21T07:05:29.516Z","shortid":"bKNbtP5","$entitySet":"profiles"},"doDiffs":false,"timestamp":1684652729514,"id":"xz1dfcegoqi085m","previousOperationId":null,"operationId":"g7u12hi6oavtmbj"}
{"type":"log","level":"info","message":"Render request 98 queued for execution and waiting for available worker","previousOperationId":"g7u12hi6oavtmbj","timestamp":1684652729514,"id":"jrmqg7j4zv0rwfp"}
{"type":"operationStart","subtype":"render","name":"invoice-js","previousOperationId":"g7u12hi6oavtmbj","timestamp":1684652729527,"id":"g3qymubpjmbu559","previousEventId":"xz1dfcegoqi085m","operationId":"humvo6i8w0m3wgo"}
{"type":"log","timestamp":1684652729527,"level":"info","message":"Starting rendering request 98","meta":{"rootId":"7ed8bo8ggal6z61","id":"7ed8bo8ggal6z61"},"id":"rjxkenyo7atqtg8","previousOperationId":"humvo6i8w0m3wgo"}
{"type":"log","timestamp":1684652729527,"level":"info","message":"Rendering template { name: invoice-js, recipe: chrome-pdf, engine: handlebars, preview: false }","meta":{"rootId":"7ed8bo8ggal6z61","id":"7ed8bo8ggal6z61"},"id":"qe7xrhklz9j50ll","previousOperationId":"humvo6i8w0m3wgo"}
{"type":"log","timestamp":1684652729530,"level":"debug","message":"Inline data specified.","meta":{"rootId":"7ed8bo8ggal6z61","id":"7ed8bo8ggal6z61"},"id":"elbfrgx46lxgyu4","previousOperationId":"humvo6i8w0m3wgo"}
{"type":"log","timestamp":1684652729535,"level":"debug","message":"Base url not specified, skipping its injection.","meta":{"rootId":"7ed8bo8ggal6z61","id":"7ed8bo8ggal6z61"},"id":"e9bc25b0aqyy98a","previousOperationId":"humvo6i8w0m3wgo"}
{"type":"operationStart","subtype":"engine","name":"handlebars","timestamp":1684652729536,"id":"iommhh00rg29rhx","previousEventId":"g3qymubpjmbu559","operationId":"q3f03jk8aqg2wvn","previousOperationId":"humvo6i8w0m3wgo"}
{"type":"log","timestamp":1684652729536,"level":"debug","message":"Rendering engine handlebars","meta":{"rootId":"7ed8bo8ggal6z61","id":"7ed8bo8ggal6z61"},"id":"qfmvvndqqg6en5r","previousOperationId":"q3f03jk8aqg2wvn"}
{"type":"operationEnd","operationId":"q3f03jk8aqg2wvn","timestamp":1684652729557,"id":"9xghls0yp3vixqb","previousEventId":"iommhh00rg29rhx","previousOperationId":"q3f03jk8aqg2wvn"}
{"type":"operationStart","subtype":"recipe","name":"chrome-pdf","timestamp":1684652729558,"id":"qlju2gro11rtapf","previousEventId":"9xghls0yp3vixqb","operationId":"8a99q23yxsh58zj","previousOperationId":"q3f03jk8aqg2wvn"}
{"type":"log","timestamp":1684652729558,"level":"debug","message":"Executing recipe chrome-pdf","meta":{"rootId":"7ed8bo8ggal6z61","id":"7ed8bo8ggal6z61"},"id":"dp32a4tfnqylq0b","previousOperationId":"8a99q23yxsh58zj"}
{"type":"log","timestamp":1684652729560,"level":"debug","message":"Starting child request to render pdf footer","meta":{"rootId":"7ed8bo8ggal6z61","id":"7ed8bo8ggal6z61"},"id":"qfzwe1zwliko21m","previousOperationId":"8a99q23yxsh58zj"}
{"type":"operationStart","subtype":"render","name":"anonymous","previousOperationId":"8a99q23yxsh58zj","timestamp":1684652729561,"id":"6fo5yjhp8ntk5a1","previousEventId":"qlju2gro11rtapf","operationId":"kuojs3noqr6544e"}
{"type":"log","timestamp":1684652729561,"level":"info","message":"Starting rendering (child) request","meta":{"rootId":"7ed8bo8ggal6z61","id":"f0fc78fkt5pzc1b"},"id":"7yllda1gbp8x0iq","previousOperationId":"kuojs3noqr6544e"}
{"type":"log","timestamp":1684652729561,"level":"info","message":"Rendering anonymous template { recipe: html, engine: handlebars }","meta":{"rootId":"7ed8bo8ggal6z61","id":"f0fc78fkt5pzc1b"},"id":"9vhxpvruxjxti0f","previousOperationId":"kuojs3noqr6544e"}
{"type":"log","timestamp":1684652729561,"level":"debug","message":"Inline data specified.","meta":{"rootId":"7ed8bo8ggal6z61","id":"f0fc78fkt5pzc1b"},"id":"q3r6xotxq7tvoh2","previousOperationId":"kuojs3noqr6544e"}
{"type":"log","timestamp":1684652729565,"level":"debug","message":"Base url not specified, skipping its injection.","meta":{"rootId":"7ed8bo8ggal6z61","id":"f0fc78fkt5pzc1b"},"id":"l54k0pf6nlcpg0g","previousOperationId":"kuojs3noqr6544e"}
{"type":"operationStart","subtype":"engine","name":"handlebars","timestamp":1684652729565,"id":"fpf5n735y5glpnv","previousEventId":"6fo5yjhp8ntk5a1","operationId":"kux2gw8ad56zlq1","previousOperationId":"kuojs3noqr6544e"}
{"type":"log","timestamp":1684652729565,"level":"debug","message":"Rendering engine handlebars","meta":{"rootId":"7ed8bo8ggal6z61","id":"f0fc78fkt5pzc1b"},"id":"tnpc2n5xjhfwj8p","previousOperationId":"kux2gw8ad56zlq1"}
{"type":"operationEnd","operationId":"kux2gw8ad56zlq1","timestamp":1684652729587,"id":"pqn413h1zwqt0kg","previousEventId":"fpf5n735y5glpnv","previousOperationId":"kux2gw8ad56zlq1"}
{"type":"operationStart","subtype":"recipe","name":"html","timestamp":1684652729587,"id":"9xz5dmst6s4bnry","previousEventId":"pqn413h1zwqt0kg","operationId":"ayvscfp2aqt3mwl","previousOperationId":"kux2gw8ad56zlq1"}
{"type":"log","timestamp":1684652729587,"level":"debug","message":"Executing recipe html","meta":{"rootId":"7ed8bo8ggal6z61","id":"f0fc78fkt5pzc1b"},"id":"p8lsq1xujz2r3b1","previousOperationId":"ayvscfp2aqt3mwl"}
{"type":"operationEnd","operationId":"ayvscfp2aqt3mwl","timestamp":1684652729587,"id":"wip4f4ld79k448b","previousEventId":"9xz5dmst6s4bnry","previousOperationId":"ayvscfp2aqt3mwl"}
{"type":"log","timestamp":1684652729587,"level":"debug","message":"Skipping storing report.","meta":{"rootId":"7ed8bo8ggal6z61","id":"f0fc78fkt5pzc1b"},"id":"mz74xlnb8j9vwvt","previousOperationId":"ayvscfp2aqt3mwl"}
{"type":"log","timestamp":1684652729587,"level":"info","message":"Rendering (child) request finished in 76 ms","meta":{"rootId":"7ed8bo8ggal6z61","id":"f0fc78fkt5pzc1b"},"id":"o2d0r2nbp0uobsu","previousOperationId":"ayvscfp2aqt3mwl"}
{"type":"operationEnd","subtype":"render","operationId":"kuojs3noqr6544e","timestamp":1684652729587,"id":"5dz09w00bsjy6he","previousEventId":"wip4f4ld79k448b","previousOperationId":"ayvscfp2aqt3mwl"}
{"type":"log","timestamp":1684652729589,"level":"debug","message":"Converting with chrome HeadlessChrome/105.0.5173.0 using chrome-pool strategy","meta":{"rootId":"7ed8bo8ggal6z61","id":"7ed8bo8ggal6z61"},"id":"eon9g0480yvm6c9","previousOperationId":"8a99q23yxsh58zj"}
{"type":"log","timestamp":1684652729733,"level":"debug","message":"Page request: GET (document) file:///C:/Users/Adebayo/AppData/Local/Temp/jsreport/autocleanup/fd5b61d6-5c17-4c99-a2c7-31ed5e3cbd36-chrome-pdf.html","meta":{"rootId":"7ed8bo8ggal6z61","id":"7ed8bo8ggal6z61"},"id":"qhpses2vl4cp6p3","previousOperationId":"8a99q23yxsh58zj"}
{"type":"log","timestamp":1684652729753,"level":"debug","message":"Page request finished: GET (document) 200 file:///C:/Users/Adebayo/AppData/Local/Temp/jsreport/autocleanup/fd5b61d6-5c17-4c99-a2c7-31ed5e3cbd36-chrome-pdf.html","meta":{"rootId":"7ed8bo8ggal6z61","id":"7ed8bo8ggal6z61"},"id":"su47205oen6d89w","previousOperationId":"8a99q23yxsh58zj"}
{"type":"log","timestamp":1684652729753,"level":"debug","message":"Page request: GET (script) https://cdnjs.cloudflare.com/ajax/libs/Chart.js/2.1.6/Chart.min.js","meta":{"rootId":"7ed8bo8ggal6z61","id":"7ed8bo8ggal6z61"},"id":"wg0gh45rr534rjt","previousOperationId":"8a99q23yxsh58zj"}
{"type":"log","timestamp":1684652729761,"level":"debug","message":"Page request finished: GET (script) 200 https://cdnjs.cloudflare.com/ajax/libs/Chart.js/2.1.6/Chart.min.js","meta":{"rootId":"7ed8bo8ggal6z61","id":"7ed8bo8ggal6z61"},"id":"2lcscbavor0d7ha","previousOperationId":"8a99q23yxsh58zj"}
{"type":"log","timestamp":1684652729768,"level":"warn","message":"Page error: SyntaxError: Unexpected token ','","meta":{"rootId":"7ed8bo8ggal6z61","id":"7ed8bo8ggal6z61"},"id":"97wmysm4d925atc","previousOperationId":"8a99q23yxsh58zj"}
{"type":"log","timestamp":1684652729773,"level":"debug","message":"Running chrome with params {\"printBackground\":true,\"marginTop\":\"2cm\",\"marginRight\":\"1cm\",\"marginBottom\":\"2cm\",\"marginLeft\":\"1cm\",\"landscape\":false,\"format\":\"A4\",\"displayHeaderFooter\":true,\"footerTemplate\":\"...\",\"timeout\":59924,\"margin\":{\"top\":\"2cm\",\"right\":\"1cm\",\"bottom\":\"2cm\",\"left\":\"1cm\"}}","meta":{"rootId":"7ed8bo8ggal6z61","id":"7ed8bo8ggal6z61"},"id":"kbj6b0pnt01c20w","previousOperationId":"8a99q23yxsh58zj"}
{"type":"operationEnd","operationId":"8a99q23yxsh58zj","timestamp":1684652729861,"id":"726pyrf9qxu8mtx","previousEventId":"qlju2gro11rtapf","previousOperationId":"8a99q23yxsh58zj"}
{"type":"log","timestamp":1684652729861,"level":"debug","message":"Skipping storing report.","meta":{"rootId":"7ed8bo8ggal6z61","id":"7ed8bo8ggal6z61"},"id":"7sxnim9wvp3ruw8","previousOperationId":"8a99q23yxsh58zj"}
{"type":"log","timestamp":1684652729861,"level":"info","message":"Rendering request 98 finished in 350 ms","meta":{"rootId":"7ed8bo8ggal6z61","id":"7ed8bo8ggal6z61"},"id":"1zp3zmbckr19l5i","previousOperationId":"8a99q23yxsh58zj"}
{"type":"operationEnd","subtype":"render","operationId":"humvo6i8w0m3wgo","timestamp":1684652729861,"id":"q8e22fjtxuaq8he","previousEventId":"726pyrf9qxu8mtx","previousOperationId":"8a99q23yxsh58zj"}
{"type":"operationEnd","doDiffs":false,"previousEventId":"xz1dfcegoqi085m","previousOperationId":"g7u12hi6oavtmbj","operationId":"g7u12hi6oavtmbj","timestamp":1684652729869,"id":"a9de6qmlf1nm1io"}
