{"type":"operationStart","subtype":"profile","data":{"_id":"DZte517ApCdghSam","timestamp":"2023-05-21T11:21:19.653Z","state":"queued","mode":"standard","creationDate":"2023-05-21T11:21:19.655Z","modificationDate":"2023-05-21T11:21:19.655Z","shortid":"YgesYsq","$entitySet":"profiles"},"doDiffs":false,"timestamp":1684668079654,"id":"igkdwfqvfxb40i0","previousOperationId":null,"operationId":"skfx94vwq37wmca"}
{"type":"log","level":"info","message":"Render request 160 queued for execution and waiting for available worker","previousOperationId":"skfx94vwq37wmca","timestamp":1684668079654,"id":"r5lwol026jic5jj"}
{"type":"operationStart","subtype":"render","name":"invoice-js","previousOperationId":"skfx94vwq37wmca","timestamp":1684668079668,"id":"6p7y5rczfft3lxf","previousEventId":"igkdwfqvfxb40i0","operationId":"zlrg9hjqo83zp6s"}
{"type":"log","timestamp":1684668079668,"level":"info","message":"Starting rendering request 160","meta":{"rootId":"7hw4m4flfcgh0t1","id":"7hw4m4flfcgh0t1"},"id":"akp6f0egp992iqx","previousOperationId":"zlrg9hjqo83zp6s"}
{"type":"log","timestamp":1684668079669,"level":"info","message":"Rendering template { name: invoice-js, recipe: chrome-pdf, engine: handlebars, preview: false }","meta":{"rootId":"7hw4m4flfcgh0t1","id":"7hw4m4flfcgh0t1"},"id":"ijivcfb8dkvnixj","previousOperationId":"zlrg9hjqo83zp6s"}
{"type":"log","timestamp":1684668079671,"level":"debug","message":"Inline data specified.","meta":{"rootId":"7hw4m4flfcgh0t1","id":"7hw4m4flfcgh0t1"},"id":"n5tzaaptnml7j0l","previousOperationId":"zlrg9hjqo83zp6s"}
{"type":"log","timestamp":1684668079676,"level":"debug","message":"Base url not specified, skipping its injection.","meta":{"rootId":"7hw4m4flfcgh0t1","id":"7hw4m4flfcgh0t1"},"id":"s5td9ififsy9346","previousOperationId":"zlrg9hjqo83zp6s"}
{"type":"operationStart","subtype":"engine","name":"handlebars","timestamp":1684668079676,"id":"m2aypi9f28dym5k","previousEventId":"6p7y5rczfft3lxf","operationId":"87xz8o6c22oshd0","previousOperationId":"zlrg9hjqo83zp6s"}
{"type":"log","timestamp":1684668079676,"level":"debug","message":"Rendering engine handlebars","meta":{"rootId":"7hw4m4flfcgh0t1","id":"7hw4m4flfcgh0t1"},"id":"o76v80cmej9ofk6","previousOperationId":"87xz8o6c22oshd0"}
{"type":"operationEnd","operationId":"87xz8o6c22oshd0","timestamp":1684668079698,"id":"yocwn68vvpfhkck","previousEventId":"m2aypi9f28dym5k","previousOperationId":"87xz8o6c22oshd0"}
{"type":"operationStart","subtype":"recipe","name":"chrome-pdf","timestamp":1684668079699,"id":"869badl8x9jurqg","previousEventId":"yocwn68vvpfhkck","operationId":"q782o2ygu8u2rzn","previousOperationId":"87xz8o6c22oshd0"}
{"type":"log","timestamp":1684668079699,"level":"debug","message":"Executing recipe chrome-pdf","meta":{"rootId":"7hw4m4flfcgh0t1","id":"7hw4m4flfcgh0t1"},"id":"kas6rg8prwbegdl","previousOperationId":"q782o2ygu8u2rzn"}
{"type":"log","timestamp":1684668079702,"level":"debug","message":"Starting child request to render pdf footer","meta":{"rootId":"7hw4m4flfcgh0t1","id":"7hw4m4flfcgh0t1"},"id":"ypo189j6xtozifh","previousOperationId":"q782o2ygu8u2rzn"}
{"type":"operationStart","subtype":"render","name":"anonymous","previousOperationId":"q782o2ygu8u2rzn","timestamp":1684668079702,"id":"nxr7vjlmvw79m2k","previousEventId":"869badl8x9jurqg","operationId":"umw1s7t0rgdypwv"}
{"type":"log","timestamp":1684668079702,"level":"info","message":"Starting rendering (child) request","meta":{"rootId":"7hw4m4flfcgh0t1","id":"zyspsv99c56d4oa"},"id":"te37hnj9ap976gd","previousOperationId":"umw1s7t0rgdypwv"}
{"type":"log","timestamp":1684668079703,"level":"info","message":"Rendering anonymous template { recipe: html, engine: handlebars }","meta":{"rootId":"7hw4m4flfcgh0t1","id":"zyspsv99c56d4oa"},"id":"zdav32og3m9qvox","previousOperationId":"umw1s7t0rgdypwv"}
{"type":"log","timestamp":1684668079703,"level":"debug","message":"Inline data specified.","meta":{"rootId":"7hw4m4flfcgh0t1","id":"zyspsv99c56d4oa"},"id":"6ji10jh10omky5o","previousOperationId":"umw1s7t0rgdypwv"}
{"type":"log","timestamp":1684668079705,"level":"debug","message":"Base url not specified, skipping its injection.","meta":{"rootId":"7hw4m4flfcgh0t1","id":"zyspsv99c56d4oa"},"id":"93hgdgfwyo6bjc5","previousOperationId":"umw1s7t0rgdypwv"}
{"type":"operationStart","subtype":"engine","name":"handlebars","timestamp":1684668079705,"id":"3rxk2glvhml1zwu","previousEventId":"nxr7vjlmvw79m2k","operationId":"wq7e6fvwa8ehwqx","previousOperationId":"umw1s7t0rgdypwv"}
{"type":"log","timestamp":1684668079705,"level":"debug","message":"Rendering engine handlebars","meta":{"rootId":"7hw4m4flfcgh0t1","id":"zyspsv99c56d4oa"},"id":"dgcvj9w96dvneo0","previousOperationId":"wq7e6fvwa8ehwqx"}
{"type":"operationEnd","operationId":"wq7e6fvwa8ehwqx","timestamp":1684668079722,"id":"57b5u6jro52cngn","previousEventId":"3rxk2glvhml1zwu","previousOperationId":"wq7e6fvwa8ehwqx"}
{"type":"operationStart","subtype":"recipe","name":"html","timestamp":1684668079723,"id":"chh6qf578a7eryw","previousEventId":"57b5u6jro52cngn","operationId":"iwg6cacc557bxsu","previousOperationId":"wq7e6fvwa8ehwqx"}
{"type":"log","timestamp":1684668079723,"level":"debug","message":"Executing recipe html","meta":{"rootId":"7hw4m4flfcgh0t1","id":"zyspsv99c56d4oa"},"id":"em1f4fqx11yqvk8","previousOperationId":"iwg6cacc557bxsu"}
{"type":"operationEnd","operationId":"iwg6cacc557bxsu","timestamp":1684668079723,"id":"gui9f3nm7pg7fg8","previousEventId":"chh6qf578a7eryw","previousOperationId":"iwg6cacc557bxsu"}
{"type":"log","timestamp":1684668079723,"level":"debug","message":"Skipping storing report.","meta":{"rootId":"7hw4m4flfcgh0t1","id":"zyspsv99c56d4oa"},"id":"1xbfcdoq85lrl2w","previousOperationId":"iwg6cacc557bxsu"}
{"type":"log","timestamp":1684668079723,"level":"info","message":"Rendering (child) request finished in 71 ms","meta":{"rootId":"7hw4m4flfcgh0t1","id":"zyspsv99c56d4oa"},"id":"jhbd9ku2jdfnusz","previousOperationId":"iwg6cacc557bxsu"}
{"type":"operationEnd","subtype":"render","operationId":"umw1s7t0rgdypwv","timestamp":1684668079723,"id":"77m2qd1dk73zyj4","previousEventId":"gui9f3nm7pg7fg8","previousOperationId":"iwg6cacc557bxsu"}
{"type":"log","timestamp":1684668079725,"level":"debug","message":"Converting with chrome HeadlessChrome/105.0.5173.0 using chrome-pool strategy","meta":{"rootId":"7hw4m4flfcgh0t1","id":"7hw4m4flfcgh0t1"},"id":"rakklx1cktpwd25","previousOperationId":"q782o2ygu8u2rzn"}
{"type":"log","timestamp":1684668079883,"level":"debug","message":"Page request: GET (document) file:///C:/Users/Adebayo/AppData/Local/Temp/jsreport/autocleanup/13e13235-af89-43ea-8d8d-a210cb41bae1-chrome-pdf.html","meta":{"rootId":"7hw4m4flfcgh0t1","id":"7hw4m4flfcgh0t1"},"id":"y0zk40x5ah745xm","previousOperationId":"q782o2ygu8u2rzn"}
{"type":"log","timestamp":1684668079901,"level":"debug","message":"Page request finished: GET (document) 200 file:///C:/Users/Adebayo/AppData/Local/Temp/jsreport/autocleanup/13e13235-af89-43ea-8d8d-a210cb41bae1-chrome-pdf.html","meta":{"rootId":"7hw4m4flfcgh0t1","id":"7hw4m4flfcgh0t1"},"id":"sc98sejt34hmrf7","previousOperationId":"q782o2ygu8u2rzn"}
{"type":"log","timestamp":1684668079905,"level":"debug","message":"Page request: GET (script) https://cdnjs.cloudflare.com/ajax/libs/Chart.js/2.1.6/Chart.min.js","meta":{"rootId":"7hw4m4flfcgh0t1","id":"7hw4m4flfcgh0t1"},"id":"6j7vtq83sljy8d0","previousOperationId":"q782o2ygu8u2rzn"}
{"type":"log","timestamp":1684668079916,"level":"debug","message":"Page request finished: GET (script) 200 https://cdnjs.cloudflare.com/ajax/libs/Chart.js/2.1.6/Chart.min.js","meta":{"rootId":"7hw4m4flfcgh0t1","id":"7hw4m4flfcgh0t1"},"id":"36mghe9u1z6fs3b","previousOperationId":"q782o2ygu8u2rzn"}
{"type":"log","timestamp":1684668079922,"level":"warn","message":"Page error: SyntaxError: Unexpected token ','","meta":{"rootId":"7hw4m4flfcgh0t1","id":"7hw4m4flfcgh0t1"},"id":"74y90j82a2mcvht","previousOperationId":"q782o2ygu8u2rzn"}
{"type":"log","timestamp":1684668079941,"level":"debug","message":"Running chrome with params {\"printBackground\":true,\"marginTop\":\"2cm\",\"marginRight\":\"1cm\",\"marginBottom\":\"2cm\",\"marginLeft\":\"1cm\",\"landscape\":false,\"format\":\"A4\",\"displayHeaderFooter\":true,\"footerTemplate\":\"...\",\"timeout\":59929,\"margin\":{\"top\":\"2cm\",\"right\":\"1cm\",\"bottom\":\"2cm\",\"left\":\"1cm\"}}","meta":{"rootId":"7hw4m4flfcgh0t1","id":"7hw4m4flfcgh0t1"},"id":"rnyii71yal9y3vx","previousOperationId":"q782o2ygu8u2rzn"}
{"type":"operationEnd","operationId":"q782o2ygu8u2rzn","timestamp":1684668080130,"id":"aa503da73qog5z8","previousEventId":"869badl8x9jurqg","previousOperationId":"q782o2ygu8u2rzn"}
{"type":"log","timestamp":1684668080130,"level":"debug","message":"Skipping storing report.","meta":{"rootId":"7hw4m4flfcgh0t1","id":"7hw4m4flfcgh0t1"},"id":"4c7p51pz0k08myn","previousOperationId":"q782o2ygu8u2rzn"}
{"type":"log","timestamp":1684668080130,"level":"info","message":"Rendering request 160 finished in 478 ms","meta":{"rootId":"7hw4m4flfcgh0t1","id":"7hw4m4flfcgh0t1"},"id":"cjw2zhh57cia9vn","previousOperationId":"q782o2ygu8u2rzn"}
{"type":"operationEnd","subtype":"render","operationId":"zlrg9hjqo83zp6s","timestamp":1684668080130,"id":"hy9xfknaznxu486","previousEventId":"aa503da73qog5z8","previousOperationId":"q782o2ygu8u2rzn"}
{"type":"operationEnd","doDiffs":false,"previousEventId":"igkdwfqvfxb40i0","previousOperationId":"skfx94vwq37wmca","operationId":"skfx94vwq37wmca","timestamp":1684668080138,"id":"feileldhentzo5s"}
