{"type":"operationStart","subtype":"profile","data":{"_id":"8Oz5WYFbx1dPhLEa","timestamp":"2023-05-21T07:31:19.615Z","state":"queued","mode":"standard","creationDate":"2023-05-21T07:31:19.618Z","modificationDate":"2023-05-21T07:31:19.618Z","shortid":"5pgeqqO","$entitySet":"profiles"},"doDiffs":false,"timestamp":1684654279616,"id":"hbtuz2i5bsh97tr","previousOperationId":null,"operationId":"v1e6wcnnvd848dm"}
{"type":"log","level":"info","message":"Render request 141 queued for execution and waiting for available worker","previousOperationId":"v1e6wcnnvd848dm","timestamp":1684654279616,"id":"40j4pwtpxrqpeyt"}
{"type":"operationStart","subtype":"render","name":"invoice-js","previousOperationId":"v1e6wcnnvd848dm","timestamp":1684654279633,"id":"y61lqbzn9x72csf","previousEventId":"hbtuz2i5bsh97tr","operationId":"mrer9bo8qa9cqph"}
{"type":"log","timestamp":1684654279633,"level":"info","message":"Starting rendering request 141","meta":{"rootId":"7j71mzxv2ssofa2","id":"7j71mzxv2ssofa2"},"id":"beqgqljdi3ohert","previousOperationId":"mrer9bo8qa9cqph"}
{"type":"log","timestamp":1684654279634,"level":"info","message":"Rendering template { name: invoice-js, recipe: chrome-pdf, engine: handlebars, preview: true }","meta":{"rootId":"7j71mzxv2ssofa2","id":"7j71mzxv2ssofa2"},"id":"6dn5y8sw28s4e1a","previousOperationId":"mrer9bo8qa9cqph"}
{"type":"log","timestamp":1684654279639,"level":"debug","message":"Inline data specified.","meta":{"rootId":"7j71mzxv2ssofa2","id":"7j71mzxv2ssofa2"},"id":"rogy1tjqtusvk65","previousOperationId":"mrer9bo8qa9cqph"}
{"type":"log","timestamp":1684654279646,"level":"debug","message":"Base url not specified, skipping its injection.","meta":{"rootId":"7j71mzxv2ssofa2","id":"7j71mzxv2ssofa2"},"id":"syxx9jolys5kuxh","previousOperationId":"mrer9bo8qa9cqph"}
{"type":"operationStart","subtype":"engine","name":"handlebars","timestamp":1684654279647,"id":"iatdhb4bdswevmc","previousEventId":"y61lqbzn9x72csf","operationId":"bynr7a0qovq9plv","previousOperationId":"mrer9bo8qa9cqph"}
{"type":"log","timestamp":1684654279647,"level":"debug","message":"Rendering engine handlebars","meta":{"rootId":"7j71mzxv2ssofa2","id":"7j71mzxv2ssofa2"},"id":"1himvvsk067hfl8","previousOperationId":"bynr7a0qovq9plv"}
{"type":"operationEnd","operationId":"bynr7a0qovq9plv","timestamp":1684654279673,"id":"bg6260izzcl7dkf","previousEventId":"iatdhb4bdswevmc","previousOperationId":"bynr7a0qovq9plv"}
{"type":"operationStart","subtype":"recipe","name":"chrome-pdf","timestamp":1684654279674,"id":"d2o48ibf9co9tgp","previousEventId":"bg6260izzcl7dkf","operationId":"k6s54vs0iv69jze","previousOperationId":"bynr7a0qovq9plv"}
{"type":"log","timestamp":1684654279675,"level":"debug","message":"Executing recipe chrome-pdf","meta":{"rootId":"7j71mzxv2ssofa2","id":"7j71mzxv2ssofa2"},"id":"tog21c6ziv3okr8","previousOperationId":"k6s54vs0iv69jze"}
{"type":"log","timestamp":1684654279681,"level":"debug","message":"Starting child request to render pdf footer","meta":{"rootId":"7j71mzxv2ssofa2","id":"7j71mzxv2ssofa2"},"id":"hz10ugcnxrweedj","previousOperationId":"k6s54vs0iv69jze"}
{"type":"operationStart","subtype":"render","name":"anonymous","previousOperationId":"k6s54vs0iv69jze","timestamp":1684654279682,"id":"jtlrk8ktvgnma2h","previousEventId":"d2o48ibf9co9tgp","operationId":"mby3dexw8e1jj97"}
{"type":"log","timestamp":1684654279682,"level":"info","message":"Starting rendering (child) request","meta":{"rootId":"7j71mzxv2ssofa2","id":"ms2we4dlle5tztg"},"id":"7u0djspv8jmcofa","previousOperationId":"mby3dexw8e1jj97"}
{"type":"log","timestamp":1684654279682,"level":"info","message":"Rendering anonymous template { recipe: html, engine: handlebars }","meta":{"rootId":"7j71mzxv2ssofa2","id":"ms2we4dlle5tztg"},"id":"bxy3wpwg9qynwde","previousOperationId":"mby3dexw8e1jj97"}
{"type":"log","timestamp":1684654279682,"level":"debug","message":"Inline data specified.","meta":{"rootId":"7j71mzxv2ssofa2","id":"ms2we4dlle5tztg"},"id":"0fgxa9fex71pb2d","previousOperationId":"mby3dexw8e1jj97"}
{"type":"log","timestamp":1684654279686,"level":"debug","message":"Base url not specified, skipping its injection.","meta":{"rootId":"7j71mzxv2ssofa2","id":"ms2we4dlle5tztg"},"id":"jz9atyaqcx576nx","previousOperationId":"mby3dexw8e1jj97"}
{"type":"operationStart","subtype":"engine","name":"handlebars","timestamp":1684654279686,"id":"txzkyeetp6tq0vw","previousEventId":"jtlrk8ktvgnma2h","operationId":"xjhzmrqvzpudwoi","previousOperationId":"mby3dexw8e1jj97"}
{"type":"log","timestamp":1684654279686,"level":"debug","message":"Rendering engine handlebars","meta":{"rootId":"7j71mzxv2ssofa2","id":"ms2we4dlle5tztg"},"id":"qwcbj5sb58cteyo","previousOperationId":"xjhzmrqvzpudwoi"}
{"type":"operationEnd","operationId":"xjhzmrqvzpudwoi","timestamp":1684654279740,"id":"yvf58djwtdw39nd","previousEventId":"txzkyeetp6tq0vw","previousOperationId":"xjhzmrqvzpudwoi"}
{"type":"operationStart","subtype":"recipe","name":"html","timestamp":1684654279740,"id":"ansifaf64pett2i","previousEventId":"yvf58djwtdw39nd","operationId":"kw1swfhpmw2xemy","previousOperationId":"xjhzmrqvzpudwoi"}
{"type":"log","timestamp":1684654279740,"level":"debug","message":"Executing recipe html","meta":{"rootId":"7j71mzxv2ssofa2","id":"ms2we4dlle5tztg"},"id":"u7tihy81yjcoznv","previousOperationId":"kw1swfhpmw2xemy"}
{"type":"operationEnd","operationId":"kw1swfhpmw2xemy","timestamp":1684654279740,"id":"2twxmq84r0rz5lr","previousEventId":"ansifaf64pett2i","previousOperationId":"kw1swfhpmw2xemy"}
{"type":"log","timestamp":1684654279741,"level":"debug","message":"Skipping storing report.","meta":{"rootId":"7j71mzxv2ssofa2","id":"ms2we4dlle5tztg"},"id":"73sxdzbu725p5ng","previousOperationId":"kw1swfhpmw2xemy"}
{"type":"log","timestamp":1684654279741,"level":"info","message":"Rendering (child) request finished in 126 ms","meta":{"rootId":"7j71mzxv2ssofa2","id":"ms2we4dlle5tztg"},"id":"cqqhi28tk885iju","previousOperationId":"kw1swfhpmw2xemy"}
{"type":"operationEnd","subtype":"render","operationId":"mby3dexw8e1jj97","timestamp":1684654279741,"id":"ac1h4ae2azpk1e8","previousEventId":"2twxmq84r0rz5lr","previousOperationId":"kw1swfhpmw2xemy"}
{"type":"log","timestamp":1684654279743,"level":"debug","message":"Converting with chrome HeadlessChrome/105.0.5173.0 using chrome-pool strategy","meta":{"rootId":"7j71mzxv2ssofa2","id":"7j71mzxv2ssofa2"},"id":"bby4o3alajx17ee","previousOperationId":"k6s54vs0iv69jze"}
{"type":"log","timestamp":1684654279880,"level":"debug","message":"Page request: GET (document) file:///C:/Users/Adebayo/AppData/Local/Temp/jsreport/autocleanup/296d5069-590d-4022-b154-980e5c978540-chrome-pdf.html","meta":{"rootId":"7j71mzxv2ssofa2","id":"7j71mzxv2ssofa2"},"id":"fw7pl7w9u6qvdx0","previousOperationId":"k6s54vs0iv69jze"}
{"type":"log","timestamp":1684654279898,"level":"debug","message":"Page request finished: GET (document) 200 file:///C:/Users/Adebayo/AppData/Local/Temp/jsreport/autocleanup/296d5069-590d-4022-b154-980e5c978540-chrome-pdf.html","meta":{"rootId":"7j71mzxv2ssofa2","id":"7j71mzxv2ssofa2"},"id":"awf14zrtxfnrb8g","previousOperationId":"k6s54vs0iv69jze"}
{"type":"log","timestamp":1684654279898,"level":"debug","message":"Page request: GET (script) https://cdnjs.cloudflare.com/ajax/libs/Chart.js/2.1.6/Chart.min.js","meta":{"rootId":"7j71mzxv2ssofa2","id":"7j71mzxv2ssofa2"},"id":"fmh0ry18q0yjoeo","previousOperationId":"k6s54vs0iv69jze"}
{"type":"log","timestamp":1684654279909,"level":"debug","message":"Page request finished: GET (script) 200 https://cdnjs.cloudflare.com/ajax/libs/Chart.js/2.1.6/Chart.min.js","meta":{"rootId":"7j71mzxv2ssofa2","id":"7j71mzxv2ssofa2"},"id":"ks2k8e12wanbgja","previousOperationId":"k6s54vs0iv69jze"}
{"type":"log","timestamp":1684654279968,"level":"debug","message":"Running chrome with params {\"printBackground\":true,\"marginTop\":\"2cm\",\"marginRight\":\"1cm\",\"marginBottom\":\"2cm\",\"marginLeft\":\"1cm\",\"landscape\":false,\"format\":\"A4\",\"displayHeaderFooter\":true,\"footerTemplate\":\"...\",\"timeout\":59874,\"margin\":{\"top\":\"2cm\",\"right\":\"1cm\",\"bottom\":\"2cm\",\"left\":\"1cm\"}}","meta":{"rootId":"7j71mzxv2ssofa2","id":"7j71mzxv2ssofa2"},"id":"7bklorrurnhfo7n","previousOperationId":"k6s54vs0iv69jze"}
{"type":"operationEnd","operationId":"k6s54vs0iv69jze","timestamp":1684654280040,"id":"addhxzjbu6u2qjw","previousEventId":"d2o48ibf9co9tgp","previousOperationId":"k6s54vs0iv69jze"}
{"type":"log","timestamp":1684654280040,"level":"debug","message":"Skipping storing report.","meta":{"rootId":"7j71mzxv2ssofa2","id":"7j71mzxv2ssofa2"},"id":"xx1lg50bhf5zpsl","previousOperationId":"k6s54vs0iv69jze"}
{"type":"log","timestamp":1684654280040,"level":"info","message":"Rendering request 141 finished in 425 ms","meta":{"rootId":"7j71mzxv2ssofa2","id":"7j71mzxv2ssofa2"},"id":"28032brubwav12x","previousOperationId":"k6s54vs0iv69jze"}
{"type":"operationEnd","subtype":"render","operationId":"mrer9bo8qa9cqph","timestamp":1684654280040,"id":"shr80y1lna47q6p","previousEventId":"addhxzjbu6u2qjw","previousOperationId":"k6s54vs0iv69jze"}
{"type":"operationEnd","doDiffs":false,"previousEventId":"hbtuz2i5bsh97tr","previousOperationId":"v1e6wcnnvd848dm","operationId":"v1e6wcnnvd848dm","timestamp":1684654280050,"id":"ts1j2k2ivs0sg9f"}
