{"type":"operationStart","subtype":"profile","data":{"_id":"vSvfL6EFmghcPy8S","timestamp":"2023-05-21T05:33:13.551Z","state":"queued","mode":"standard","creationDate":"2023-05-21T05:33:13.553Z","modificationDate":"2023-05-21T05:33:13.553Z","shortid":"FCiT-_d","$entitySet":"profiles"},"doDiffs":false,"timestamp":1684647193552,"id":"qo4vdo8wuh91rgi","previousOperationId":null,"operationId":"88auv73tjixy849"}
{"type":"log","level":"info","message":"Render request 34 queued for execution and waiting for available worker","previousOperationId":"88auv73tjixy849","timestamp":1684647193552,"id":"cvlpylwhktl1rv6"}
{"type":"operationStart","subtype":"render","name":"invoice-js","previousOperationId":"88auv73tjixy849","timestamp":1684647193566,"id":"6ckuk4ltahffll5","previousEventId":"qo4vdo8wuh91rgi","operationId":"xhg7eoa8plxu27i"}
{"type":"log","timestamp":1684647193566,"level":"info","message":"Starting rendering request 34","meta":{"rootId":"7jrctso2hr94461","id":"7jrctso2hr94461"},"id":"eclogcluldgn10g","previousOperationId":"xhg7eoa8plxu27i"}
{"type":"log","timestamp":1684647193566,"level":"info","message":"Rendering template { name: invoice-js, recipe: chrome-pdf, engine: handlebars, preview: true }","meta":{"rootId":"7jrctso2hr94461","id":"7jrctso2hr94461"},"id":"8r1wj8b43y01yg9","previousOperationId":"xhg7eoa8plxu27i"}
{"type":"log","timestamp":1684647193567,"level":"debug","message":"Inline data specified.","meta":{"rootId":"7jrctso2hr94461","id":"7jrctso2hr94461"},"id":"py8g7awjv1557z7","previousOperationId":"xhg7eoa8plxu27i"}
{"type":"log","timestamp":1684647193570,"level":"debug","message":"Base url not specified, skipping its injection.","meta":{"rootId":"7jrctso2hr94461","id":"7jrctso2hr94461"},"id":"xsud7948g5175sc","previousOperationId":"xhg7eoa8plxu27i"}
{"type":"operationStart","subtype":"engine","name":"handlebars","timestamp":1684647193570,"id":"u91mjgj5d3hpyvm","previousEventId":"6ckuk4ltahffll5","operationId":"iaxm4keizj1lup9","previousOperationId":"xhg7eoa8plxu27i"}
{"type":"log","timestamp":1684647193570,"level":"debug","message":"Rendering engine handlebars","meta":{"rootId":"7jrctso2hr94461","id":"7jrctso2hr94461"},"id":"e9ohwhvtr33bqfx","previousOperationId":"iaxm4keizj1lup9"}
{"type":"operationEnd","operationId":"iaxm4keizj1lup9","timestamp":1684647193592,"id":"uys6gteeggatv9h","previousEventId":"u91mjgj5d3hpyvm","previousOperationId":"iaxm4keizj1lup9"}
{"type":"operationStart","subtype":"recipe","name":"chrome-pdf","timestamp":1684647193593,"id":"9wx539eaw39ok8z","previousEventId":"uys6gteeggatv9h","operationId":"yhfaz6chzbnont0","previousOperationId":"iaxm4keizj1lup9"}
{"type":"log","timestamp":1684647193593,"level":"debug","message":"Executing recipe chrome-pdf","meta":{"rootId":"7jrctso2hr94461","id":"7jrctso2hr94461"},"id":"apfamfhfnanammw","previousOperationId":"yhfaz6chzbnont0"}
{"type":"log","timestamp":1684647193596,"level":"debug","message":"Converting with chrome HeadlessChrome/105.0.5173.0 using chrome-pool strategy","meta":{"rootId":"7jrctso2hr94461","id":"7jrctso2hr94461"},"id":"frc5mfp2szh6949","previousOperationId":"yhfaz6chzbnont0"}
{"type":"log","timestamp":1684647193708,"level":"debug","message":"Page request: GET (document) file:///C:/Users/Adebayo/AppData/Local/Temp/jsreport/autocleanup/9026c621-3677-482e-92ba-712fd8e9e157-chrome-pdf.html","meta":{"rootId":"7jrctso2hr94461","id":"7jrctso2hr94461"},"id":"rn7n561whodo0yg","previousOperationId":"yhfaz6chzbnont0"}
{"type":"log","timestamp":1684647193725,"level":"debug","message":"Page request finished: GET (document) 200 file:///C:/Users/Adebayo/AppData/Local/Temp/jsreport/autocleanup/9026c621-3677-482e-92ba-712fd8e9e157-chrome-pdf.html","meta":{"rootId":"7jrctso2hr94461","id":"7jrctso2hr94461"},"id":"cs57jugmlhyxdo6","previousOperationId":"yhfaz6chzbnont0"}
{"type":"log","timestamp":1684647193725,"level":"debug","message":"Page request: GET (script) https://cdnjs.cloudflare.com/ajax/libs/Chart.js/2.1.6/Chart.min.js","meta":{"rootId":"7jrctso2hr94461","id":"7jrctso2hr94461"},"id":"fgh5hizqy522uwo","previousOperationId":"yhfaz6chzbnont0"}
{"type":"log","timestamp":1684647193730,"level":"debug","message":"Page request finished: GET (script) 200 https://cdnjs.cloudflare.com/ajax/libs/Chart.js/2.1.6/Chart.min.js","meta":{"rootId":"7jrctso2hr94461","id":"7jrctso2hr94461"},"id":"u4rbum7vcle5220","previousOperationId":"yhfaz6chzbnont0"}
{"type":"log","timestamp":1684647193792,"level":"debug","message":"Running chrome with params {\"printBackground\":true,\"marginTop\":\"2cm\",\"marginRight\":\"1cm\",\"marginBottom\":\"2cm\",\"marginLeft\":\"1cm\",\"landscape\":false,\"format\":\"A4\",\"displayHeaderFooter\":true,\"timeout\":59956,\"margin\":{\"top\":\"2cm\",\"right\":\"1cm\",\"bottom\":\"2cm\",\"left\":\"1cm\"}}","meta":{"rootId":"7jrctso2hr94461","id":"7jrctso2hr94461"},"id":"45gb58abo214vjl","previousOperationId":"yhfaz6chzbnont0"}
{"type":"operationEnd","operationId":"yhfaz6chzbnont0","timestamp":1684647193898,"id":"ykpehsd5xq54d3x","previousEventId":"9wx539eaw39ok8z","previousOperationId":"yhfaz6chzbnont0"}
{"type":"log","timestamp":1684647193899,"level":"debug","message":"Skipping storing report.","meta":{"rootId":"7jrctso2hr94461","id":"7jrctso2hr94461"},"id":"78z1z7io37bsl91","previousOperationId":"yhfaz6chzbnont0"}
{"type":"log","timestamp":1684647193900,"level":"info","message":"Rendering request 34 finished in 349 ms","meta":{"rootId":"7jrctso2hr94461","id":"7jrctso2hr94461"},"id":"kpzd5h7kfjjc6tw","previousOperationId":"yhfaz6chzbnont0"}
{"type":"operationEnd","subtype":"render","operationId":"xhg7eoa8plxu27i","timestamp":1684647193900,"id":"m6s0ljvnmuuelfp","previousEventId":"ykpehsd5xq54d3x","previousOperationId":"yhfaz6chzbnont0"}
{"type":"operationEnd","doDiffs":false,"previousEventId":"qo4vdo8wuh91rgi","previousOperationId":"88auv73tjixy849","operationId":"88auv73tjixy849","timestamp":1684647193908,"id":"jol6zlyb7fyw6gb"}
