{"type":"operationStart","subtype":"profile","data":{"_id":"OIn38gM9uVIUOEpG","timestamp":"2023-05-21T06:28:33.674Z","state":"queued","mode":"standard","creationDate":"2023-05-21T06:28:33.677Z","modificationDate":"2023-05-21T06:28:33.677Z","shortid":"hAde6Ok","$entitySet":"profiles"},"doDiffs":false,"timestamp":1684650513675,"id":"z2gm0skgzuu9s32","previousOperationId":null,"operationId":"rtykzm12c5oyk7t"}
{"type":"log","level":"info","message":"Render request 71 queued for execution and waiting for available worker","previousOperationId":"rtykzm12c5oyk7t","timestamp":1684650513676,"id":"1oheokn8507t4u6"}
{"type":"operationStart","subtype":"render","name":"invoice-js","previousOperationId":"rtykzm12c5oyk7t","timestamp":1684650513692,"id":"vixl9d8cdbjimy9","previousEventId":"z2gm0skgzuu9s32","operationId":"aqh55co5az3te6z"}
{"type":"log","timestamp":1684650513692,"level":"info","message":"Starting rendering request 71","meta":{"rootId":"7pvms8py2zgoqgm","id":"7pvms8py2zgoqgm"},"id":"6iyijehzfc4xily","previousOperationId":"aqh55co5az3te6z"}
{"type":"log","timestamp":1684650513692,"level":"info","message":"Rendering template { name: invoice-js, recipe: chrome-pdf, engine: handlebars, preview: true }","meta":{"rootId":"7pvms8py2zgoqgm","id":"7pvms8py2zgoqgm"},"id":"pxi223bo0phmqal","previousOperationId":"aqh55co5az3te6z"}
{"type":"log","timestamp":1684650513694,"level":"debug","message":"Inline data specified.","meta":{"rootId":"7pvms8py2zgoqgm","id":"7pvms8py2zgoqgm"},"id":"8wlly9s0hucq6ix","previousOperationId":"aqh55co5az3te6z"}
{"type":"log","timestamp":1684650513698,"level":"debug","message":"Base url not specified, skipping its injection.","meta":{"rootId":"7pvms8py2zgoqgm","id":"7pvms8py2zgoqgm"},"id":"jz0bbh5n6lohxbr","previousOperationId":"aqh55co5az3te6z"}
{"type":"operationStart","subtype":"engine","name":"handlebars","timestamp":1684650513698,"id":"lpg68rkj5b1zxbp","previousEventId":"vixl9d8cdbjimy9","operationId":"w4dglldr6t4l3ec","previousOperationId":"aqh55co5az3te6z"}
{"type":"log","timestamp":1684650513698,"level":"debug","message":"Rendering engine handlebars","meta":{"rootId":"7pvms8py2zgoqgm","id":"7pvms8py2zgoqgm"},"id":"3h9sobzwtvasza2","previousOperationId":"w4dglldr6t4l3ec"}
{"type":"operationEnd","operationId":"w4dglldr6t4l3ec","timestamp":1684650513719,"id":"cbw9e27kb6y26ga","previousEventId":"lpg68rkj5b1zxbp","previousOperationId":"w4dglldr6t4l3ec"}
{"type":"operationStart","subtype":"recipe","name":"chrome-pdf","timestamp":1684650513719,"id":"yd2nqbr2wmuuyje","previousEventId":"cbw9e27kb6y26ga","operationId":"547bto323izd5fp","previousOperationId":"w4dglldr6t4l3ec"}
{"type":"log","timestamp":1684650513719,"level":"debug","message":"Executing recipe chrome-pdf","meta":{"rootId":"7pvms8py2zgoqgm","id":"7pvms8py2zgoqgm"},"id":"rqzmnsu927ekarr","previousOperationId":"547bto323izd5fp"}
{"type":"log","timestamp":1684650513722,"level":"debug","message":"Starting child request to render pdf footer","meta":{"rootId":"7pvms8py2zgoqgm","id":"7pvms8py2zgoqgm"},"id":"m58ao3idvc3kzva","previousOperationId":"547bto323izd5fp"}
{"type":"operationStart","subtype":"render","name":"anonymous","previousOperationId":"547bto323izd5fp","timestamp":1684650513723,"id":"r2synzv9kou2od0","previousEventId":"yd2nqbr2wmuuyje","operationId":"2qruw75947ynac1"}
{"type":"log","timestamp":1684650513723,"level":"info","message":"Starting rendering (child) request","meta":{"rootId":"7pvms8py2zgoqgm","id":"qdivwummz8w8z7h"},"id":"0wia6ytjyepvut5","previousOperationId":"2qruw75947ynac1"}
{"type":"log","timestamp":1684650513723,"level":"info","message":"Rendering anonymous template { recipe: html, engine: handlebars }","meta":{"rootId":"7pvms8py2zgoqgm","id":"qdivwummz8w8z7h"},"id":"jpb9vrxrwaf6jhs","previousOperationId":"2qruw75947ynac1"}
{"type":"log","timestamp":1684650513723,"level":"debug","message":"Inline data specified.","meta":{"rootId":"7pvms8py2zgoqgm","id":"qdivwummz8w8z7h"},"id":"ol2xa22popa0up8","previousOperationId":"2qruw75947ynac1"}
{"type":"log","timestamp":1684650513725,"level":"debug","message":"Base url not specified, skipping its injection.","meta":{"rootId":"7pvms8py2zgoqgm","id":"qdivwummz8w8z7h"},"id":"vxrpylvsigsfy96","previousOperationId":"2qruw75947ynac1"}
{"type":"operationStart","subtype":"engine","name":"handlebars","timestamp":1684650513725,"id":"xjnzc08ystlkcn7","previousEventId":"r2synzv9kou2od0","operationId":"rdfty0zemyiaz6r","previousOperationId":"2qruw75947ynac1"}
{"type":"log","timestamp":1684650513725,"level":"debug","message":"Rendering engine handlebars","meta":{"rootId":"7pvms8py2zgoqgm","id":"qdivwummz8w8z7h"},"id":"shxazhhed8vvihr","previousOperationId":"rdfty0zemyiaz6r"}
{"type":"operationEnd","operationId":"rdfty0zemyiaz6r","timestamp":1684650513747,"id":"w93c9uc7uj8bv7b","previousEventId":"xjnzc08ystlkcn7","previousOperationId":"rdfty0zemyiaz6r"}
{"type":"operationStart","subtype":"recipe","name":"html","timestamp":1684650513747,"id":"5j4sjcvc104zbsh","previousEventId":"w93c9uc7uj8bv7b","operationId":"f34bhpzvk7colzx","previousOperationId":"rdfty0zemyiaz6r"}
{"type":"log","timestamp":1684650513747,"level":"debug","message":"Executing recipe html","meta":{"rootId":"7pvms8py2zgoqgm","id":"qdivwummz8w8z7h"},"id":"98kj3dyrync1jyd","previousOperationId":"f34bhpzvk7colzx"}
{"type":"operationEnd","operationId":"f34bhpzvk7colzx","timestamp":1684650513747,"id":"k06tny5x48mbm07","previousEventId":"5j4sjcvc104zbsh","previousOperationId":"f34bhpzvk7colzx"}
{"type":"log","timestamp":1684650513747,"level":"debug","message":"Skipping storing report.","meta":{"rootId":"7pvms8py2zgoqgm","id":"qdivwummz8w8z7h"},"id":"86do3x97l445rg3","previousOperationId":"f34bhpzvk7colzx"}
{"type":"log","timestamp":1684650513747,"level":"info","message":"Rendering (child) request finished in 73 ms","meta":{"rootId":"7pvms8py2zgoqgm","id":"qdivwummz8w8z7h"},"id":"1ovd6z52nhvsagp","previousOperationId":"f34bhpzvk7colzx"}
{"type":"operationEnd","subtype":"render","operationId":"2qruw75947ynac1","timestamp":1684650513747,"id":"2kr7dws4jsp2qb3","previousEventId":"k06tny5x48mbm07","previousOperationId":"f34bhpzvk7colzx"}
{"type":"log","timestamp":1684650513749,"level":"debug","message":"Converting with chrome HeadlessChrome/105.0.5173.0 using chrome-pool strategy","meta":{"rootId":"7pvms8py2zgoqgm","id":"7pvms8py2zgoqgm"},"id":"akjsploxaryg5ky","previousOperationId":"547bto323izd5fp"}
{"type":"log","timestamp":1684650513878,"level":"debug","message":"Page request: GET (document) file:///C:/Users/Adebayo/AppData/Local/Temp/jsreport/autocleanup/bd994622-5306-4ea5-88a2-a459a273b5b1-chrome-pdf.html","meta":{"rootId":"7pvms8py2zgoqgm","id":"7pvms8py2zgoqgm"},"id":"gikdehnl2ayk9im","previousOperationId":"547bto323izd5fp"}
{"type":"log","timestamp":1684650513895,"level":"debug","message":"Page request finished: GET (document) 200 file:///C:/Users/Adebayo/AppData/Local/Temp/jsreport/autocleanup/bd994622-5306-4ea5-88a2-a459a273b5b1-chrome-pdf.html","meta":{"rootId":"7pvms8py2zgoqgm","id":"7pvms8py2zgoqgm"},"id":"le34nwia02u46g9","previousOperationId":"547bto323izd5fp"}
{"type":"log","timestamp":1684650513895,"level":"debug","message":"Page request: GET (script) https://cdnjs.cloudflare.com/ajax/libs/Chart.js/2.1.6/Chart.min.js","meta":{"rootId":"7pvms8py2zgoqgm","id":"7pvms8py2zgoqgm"},"id":"mountx3w2lb9mxf","previousOperationId":"547bto323izd5fp"}
{"type":"log","timestamp":1684650513903,"level":"debug","message":"Page request finished: GET (script) 200 https://cdnjs.cloudflare.com/ajax/libs/Chart.js/2.1.6/Chart.min.js","meta":{"rootId":"7pvms8py2zgoqgm","id":"7pvms8py2zgoqgm"},"id":"y9zt7wi71a8qqqo","previousOperationId":"547bto323izd5fp"}
{"type":"log","timestamp":1684650513974,"level":"debug","message":"Running chrome with params {\"printBackground\":true,\"marginTop\":\"2cm\",\"marginRight\":\"1cm\",\"marginBottom\":\"2cm\",\"marginLeft\":\"1cm\",\"landscape\":false,\"format\":\"A4\",\"displayHeaderFooter\":true,\"footerTemplate\":\"...\",\"timeout\":59927,\"margin\":{\"top\":\"2cm\",\"right\":\"1cm\",\"bottom\":\"2cm\",\"left\":\"1cm\"}}","meta":{"rootId":"7pvms8py2zgoqgm","id":"7pvms8py2zgoqgm"},"id":"hhobp84zxwjcgac","previousOperationId":"547bto323izd5fp"}
{"type":"operationEnd","operationId":"547bto323izd5fp","timestamp":1684650514068,"id":"k26wowlq3zol3h5","previousEventId":"yd2nqbr2wmuuyje","previousOperationId":"547bto323izd5fp"}
{"type":"log","timestamp":1684650514068,"level":"debug","message":"Skipping storing report.","meta":{"rootId":"7pvms8py2zgoqgm","id":"7pvms8py2zgoqgm"},"id":"x7wxa4qaj15sik7","previousOperationId":"547bto323izd5fp"}
{"type":"log","timestamp":1684650514068,"level":"info","message":"Rendering request 71 finished in 394 ms","meta":{"rootId":"7pvms8py2zgoqgm","id":"7pvms8py2zgoqgm"},"id":"aqrfipesr9oc7rf","previousOperationId":"547bto323izd5fp"}
{"type":"operationEnd","subtype":"render","operationId":"aqh55co5az3te6z","timestamp":1684650514068,"id":"tk4efrnvr4n4f4v","previousEventId":"k26wowlq3zol3h5","previousOperationId":"547bto323izd5fp"}
{"type":"operationEnd","doDiffs":false,"previousEventId":"z2gm0skgzuu9s32","previousOperationId":"rtykzm12c5oyk7t","operationId":"rtykzm12c5oyk7t","timestamp":1684650514078,"id":"ruswosd0fvcfjek"}
