{"type":"operationStart","subtype":"profile","data":{"_id":"olof4Ewg3qIkqZPH","timestamp":"2023-05-21T11:36:35.639Z","state":"queued","mode":"standard","creationDate":"2023-05-21T11:36:35.643Z","modificationDate":"2023-05-21T11:36:35.643Z","shortid":"k8nazpy","$entitySet":"profiles"},"doDiffs":false,"timestamp":1684668995641,"id":"qsfqhnnm56a1kpa","previousOperationId":null,"operationId":"kzgsropyb9w88ol"}
{"type":"log","level":"info","message":"Render request 175 queued for execution and waiting for available worker","previousOperationId":"kzgsropyb9w88ol","timestamp":1684668995641,"id":"43kg9akn3tvjohf"}
{"type":"operationStart","subtype":"render","name":"invoice-js","previousOperationId":"kzgsropyb9w88ol","timestamp":1684668995666,"id":"vdonn7xdbybs70c","previousEventId":"qsfqhnnm56a1kpa","operationId":"jmg5hq6n2okgh32"}
{"type":"log","timestamp":1684668995666,"level":"info","message":"Starting rendering request 175","meta":{"rootId":"7vkt07u06o69eor","id":"7vkt07u06o69eor"},"id":"q1ruslkklr0zq2s","previousOperationId":"jmg5hq6n2okgh32"}
{"type":"log","timestamp":1684668995667,"level":"info","message":"Rendering template { name: invoice-js, recipe: chrome-pdf, engine: handlebars, preview: false }","meta":{"rootId":"7vkt07u06o69eor","id":"7vkt07u06o69eor"},"id":"san4oi7q274c1z2","previousOperationId":"jmg5hq6n2okgh32"}
{"type":"log","timestamp":1684668995669,"level":"debug","message":"Inline data specified.","meta":{"rootId":"7vkt07u06o69eor","id":"7vkt07u06o69eor"},"id":"p66mtgy0uwrz5j6","previousOperationId":"jmg5hq6n2okgh32"}
{"type":"log","timestamp":1684668995685,"level":"debug","message":"Base url not specified, skipping its injection.","meta":{"rootId":"7vkt07u06o69eor","id":"7vkt07u06o69eor"},"id":"xr1ciik7sm2m1gh","previousOperationId":"jmg5hq6n2okgh32"}
{"type":"operationStart","subtype":"engine","name":"handlebars","timestamp":1684668995686,"id":"s05ut2q1r59b9hg","previousEventId":"vdonn7xdbybs70c","operationId":"t71cc4ject7lar0","previousOperationId":"jmg5hq6n2okgh32"}
{"type":"log","timestamp":1684668995686,"level":"debug","message":"Rendering engine handlebars","meta":{"rootId":"7vkt07u06o69eor","id":"7vkt07u06o69eor"},"id":"xkfr7jkjxfc66yl","previousOperationId":"t71cc4ject7lar0"}
{"type":"operationEnd","operationId":"t71cc4ject7lar0","timestamp":1684668995719,"id":"1uez2saluhdv93o","previousEventId":"s05ut2q1r59b9hg","previousOperationId":"t71cc4ject7lar0"}
{"type":"operationStart","subtype":"recipe","name":"chrome-pdf","timestamp":1684668995720,"id":"8q7ywwxyaeznwzh","previousEventId":"1uez2saluhdv93o","operationId":"zntc1pdamtiefj0","previousOperationId":"t71cc4ject7lar0"}
{"type":"log","timestamp":1684668995720,"level":"debug","message":"Executing recipe chrome-pdf","meta":{"rootId":"7vkt07u06o69eor","id":"7vkt07u06o69eor"},"id":"qdo1w044th8m0i6","previousOperationId":"zntc1pdamtiefj0"}
{"type":"log","timestamp":1684668995725,"level":"debug","message":"Starting child request to render pdf footer","meta":{"rootId":"7vkt07u06o69eor","id":"7vkt07u06o69eor"},"id":"pfjuhjl7c5v7uqq","previousOperationId":"zntc1pdamtiefj0"}
{"type":"operationStart","subtype":"render","name":"anonymous","previousOperationId":"zntc1pdamtiefj0","timestamp":1684668995725,"id":"a3ciu5uq52atkab","previousEventId":"8q7ywwxyaeznwzh","operationId":"c6z4eleloiwwi8d"}
{"type":"log","timestamp":1684668995725,"level":"info","message":"Starting rendering (child) request","meta":{"rootId":"7vkt07u06o69eor","id":"jsy1oi7kbjtqb0v"},"id":"wex93hnx1f2swe1","previousOperationId":"c6z4eleloiwwi8d"}
{"type":"log","timestamp":1684668995725,"level":"info","message":"Rendering anonymous template { recipe: html, engine: handlebars }","meta":{"rootId":"7vkt07u06o69eor","id":"jsy1oi7kbjtqb0v"},"id":"jlgeixuryox7cju","previousOperationId":"c6z4eleloiwwi8d"}
{"type":"log","timestamp":1684668995725,"level":"debug","message":"Inline data specified.","meta":{"rootId":"7vkt07u06o69eor","id":"jsy1oi7kbjtqb0v"},"id":"0apc0tk7z6te3jk","previousOperationId":"c6z4eleloiwwi8d"}
{"type":"log","timestamp":1684668995727,"level":"debug","message":"Base url not specified, skipping its injection.","meta":{"rootId":"7vkt07u06o69eor","id":"jsy1oi7kbjtqb0v"},"id":"uazoxuibl67geos","previousOperationId":"c6z4eleloiwwi8d"}
{"type":"operationStart","subtype":"engine","name":"handlebars","timestamp":1684668995728,"id":"gq5z6f15w67luh4","previousEventId":"a3ciu5uq52atkab","operationId":"h4csnos6iu804f5","previousOperationId":"c6z4eleloiwwi8d"}
{"type":"log","timestamp":1684668995728,"level":"debug","message":"Rendering engine handlebars","meta":{"rootId":"7vkt07u06o69eor","id":"jsy1oi7kbjtqb0v"},"id":"cwqit5avttmse5m","previousOperationId":"h4csnos6iu804f5"}
{"type":"operationEnd","operationId":"h4csnos6iu804f5","timestamp":1684668995771,"id":"8yghlwzhir09z4h","previousEventId":"gq5z6f15w67luh4","previousOperationId":"h4csnos6iu804f5"}
{"type":"operationStart","subtype":"recipe","name":"html","timestamp":1684668995771,"id":"dzj4bpqzrvgqu64","previousEventId":"8yghlwzhir09z4h","operationId":"oirvf2bn5vlfdej","previousOperationId":"h4csnos6iu804f5"}
{"type":"log","timestamp":1684668995771,"level":"debug","message":"Executing recipe html","meta":{"rootId":"7vkt07u06o69eor","id":"jsy1oi7kbjtqb0v"},"id":"3w2lzgno3kfzckk","previousOperationId":"oirvf2bn5vlfdej"}
{"type":"operationEnd","operationId":"oirvf2bn5vlfdej","timestamp":1684668995771,"id":"bs43uizuh9yhew7","previousEventId":"dzj4bpqzrvgqu64","previousOperationId":"oirvf2bn5vlfdej"}
{"type":"log","timestamp":1684668995771,"level":"debug","message":"Skipping storing report.","meta":{"rootId":"7vkt07u06o69eor","id":"jsy1oi7kbjtqb0v"},"id":"39owip62y4niw5y","previousOperationId":"oirvf2bn5vlfdej"}
{"type":"log","timestamp":1684668995772,"level":"info","message":"Rendering (child) request finished in 134 ms","meta":{"rootId":"7vkt07u06o69eor","id":"jsy1oi7kbjtqb0v"},"id":"61my2mb4ahe5p12","previousOperationId":"oirvf2bn5vlfdej"}
{"type":"operationEnd","subtype":"render","operationId":"c6z4eleloiwwi8d","timestamp":1684668995772,"id":"u8tyxucrfr330va","previousEventId":"bs43uizuh9yhew7","previousOperationId":"oirvf2bn5vlfdej"}
{"type":"log","timestamp":1684668995776,"level":"debug","message":"Converting with chrome HeadlessChrome/105.0.5173.0 using chrome-pool strategy","meta":{"rootId":"7vkt07u06o69eor","id":"7vkt07u06o69eor"},"id":"dpkqro5oexm76n9","previousOperationId":"zntc1pdamtiefj0"}
{"type":"log","timestamp":1684668996097,"level":"debug","message":"Page request: GET (document) file:///C:/Users/Adebayo/AppData/Local/Temp/jsreport/autocleanup/cb60a8be-1c7a-4655-a978-f5bbec74c153-chrome-pdf.html","meta":{"rootId":"7vkt07u06o69eor","id":"7vkt07u06o69eor"},"id":"eqj8pl6kqmxj39s","previousOperationId":"zntc1pdamtiefj0"}
{"type":"log","timestamp":1684668996120,"level":"debug","message":"Page request finished: GET (document) 200 file:///C:/Users/Adebayo/AppData/Local/Temp/jsreport/autocleanup/cb60a8be-1c7a-4655-a978-f5bbec74c153-chrome-pdf.html","meta":{"rootId":"7vkt07u06o69eor","id":"7vkt07u06o69eor"},"id":"cmaidg87qffdmqc","previousOperationId":"zntc1pdamtiefj0"}
{"type":"log","timestamp":1684668996121,"level":"debug","message":"Page request: GET (script) https://cdnjs.cloudflare.com/ajax/libs/Chart.js/2.1.6/Chart.min.js","meta":{"rootId":"7vkt07u06o69eor","id":"7vkt07u06o69eor"},"id":"z5h24oa8bbohd94","previousOperationId":"zntc1pdamtiefj0"}
{"type":"log","timestamp":1684668996139,"level":"debug","message":"Page request finished: GET (script) 200 https://cdnjs.cloudflare.com/ajax/libs/Chart.js/2.1.6/Chart.min.js","meta":{"rootId":"7vkt07u06o69eor","id":"7vkt07u06o69eor"},"id":"qghzw1y9s7dru4h","previousOperationId":"zntc1pdamtiefj0"}
{"type":"log","timestamp":1684668996151,"level":"warn","message":"Page error: SyntaxError: Unexpected token ','","meta":{"rootId":"7vkt07u06o69eor","id":"7vkt07u06o69eor"},"id":"kx81jo5uo3zzbm9","previousOperationId":"zntc1pdamtiefj0"}
{"type":"log","timestamp":1684668996157,"level":"debug","message":"Running chrome with params {\"printBackground\":true,\"marginTop\":\"2cm\",\"marginRight\":\"1cm\",\"marginBottom\":\"2cm\",\"marginLeft\":\"1cm\",\"landscape\":false,\"format\":\"A4\",\"displayHeaderFooter\":true,\"footerTemplate\":\"...\",\"timeout\":59866,\"margin\":{\"top\":\"2cm\",\"right\":\"1cm\",\"bottom\":\"2cm\",\"left\":\"1cm\"}}","meta":{"rootId":"7vkt07u06o69eor","id":"7vkt07u06o69eor"},"id":"litgrowzva8m54l","previousOperationId":"zntc1pdamtiefj0"}
{"type":"operationEnd","operationId":"zntc1pdamtiefj0","timestamp":1684668996371,"id":"mwckphwss124rry","previousEventId":"8q7ywwxyaeznwzh","previousOperationId":"zntc1pdamtiefj0"}
{"type":"log","timestamp":1684668996372,"level":"debug","message":"Skipping storing report.","meta":{"rootId":"7vkt07u06o69eor","id":"7vkt07u06o69eor"},"id":"jresp9lzx76fjdp","previousOperationId":"zntc1pdamtiefj0"}
{"type":"log","timestamp":1684668996372,"level":"info","message":"Rendering request 175 finished in 734 ms","meta":{"rootId":"7vkt07u06o69eor","id":"7vkt07u06o69eor"},"id":"29o4a4jc2cx223i","previousOperationId":"zntc1pdamtiefj0"}
{"type":"operationEnd","subtype":"render","operationId":"jmg5hq6n2okgh32","timestamp":1684668996372,"id":"5owruautxtd5kcm","previousEventId":"mwckphwss124rry","previousOperationId":"zntc1pdamtiefj0"}
{"type":"operationEnd","doDiffs":false,"previousEventId":"qsfqhnnm56a1kpa","previousOperationId":"kzgsropyb9w88ol","operationId":"kzgsropyb9w88ol","timestamp":1684668996382,"id":"7lcomsen379tnty"}
