{"type":"operationStart","subtype":"profile","data":{"_id":"imbhQ0EZabpdcqMq","timestamp":"2023-05-21T05:52:55.122Z","state":"queued","mode":"standard","creationDate":"2023-05-21T05:52:55.130Z","modificationDate":"2023-05-21T05:52:55.130Z","shortid":"B5GP0VR","$entitySet":"profiles"},"doDiffs":false,"timestamp":1684648375125,"id":"2z1a8gku03xq83d","previousOperationId":null,"operationId":"gye5nypeni1gtr0"}
{"type":"log","level":"info","message":"Render request 55 queued for execution and waiting for available worker","previousOperationId":"gye5nypeni1gtr0","timestamp":1684648375125,"id":"yetmarrrle3nwnb"}
{"type":"operationStart","subtype":"render","name":"invoice-js","previousOperationId":"gye5nypeni1gtr0","timestamp":1684648375158,"id":"krji8pew209f823","previousEventId":"2z1a8gku03xq83d","operationId":"sbh37h77t2woowk"}
{"type":"log","timestamp":1684648375158,"level":"info","message":"Starting rendering request 55","meta":{"rootId":"81rx1h200rxz2z4","id":"81rx1h200rxz2z4"},"id":"3fq6mj5vp1xlpd1","previousOperationId":"sbh37h77t2woowk"}
{"type":"log","timestamp":1684648375158,"level":"info","message":"Rendering template { name: invoice-js, recipe: chrome-pdf, engine: handlebars, preview: true }","meta":{"rootId":"81rx1h200rxz2z4","id":"81rx1h200rxz2z4"},"id":"w7h2507evuoc20r","previousOperationId":"sbh37h77t2woowk"}
{"type":"log","timestamp":1684648375165,"level":"debug","message":"Inline data specified.","meta":{"rootId":"81rx1h200rxz2z4","id":"81rx1h200rxz2z4"},"id":"630wly2piszvesx","previousOperationId":"sbh37h77t2woowk"}
{"type":"log","timestamp":1684648375173,"level":"debug","message":"Base url not specified, skipping its injection.","meta":{"rootId":"81rx1h200rxz2z4","id":"81rx1h200rxz2z4"},"id":"qeobp3zrlp8eizr","previousOperationId":"sbh37h77t2woowk"}
{"type":"operationStart","subtype":"engine","name":"handlebars","timestamp":1684648375174,"id":"d8j9s5f7as6hvj3","previousEventId":"krji8pew209f823","operationId":"c86bbgwnb6g76nw","previousOperationId":"sbh37h77t2woowk"}
{"type":"log","timestamp":1684648375174,"level":"debug","message":"Rendering engine handlebars","meta":{"rootId":"81rx1h200rxz2z4","id":"81rx1h200rxz2z4"},"id":"01g9rbdmvlzr6v3","previousOperationId":"c86bbgwnb6g76nw"}
{"type":"operationEnd","operationId":"c86bbgwnb6g76nw","timestamp":1684648375207,"id":"apoj3vql0od6ptv","previousEventId":"d8j9s5f7as6hvj3","previousOperationId":"c86bbgwnb6g76nw"}
{"type":"operationStart","subtype":"recipe","name":"chrome-pdf","timestamp":1684648375208,"id":"7qymnwpu0a36zb7","previousEventId":"apoj3vql0od6ptv","operationId":"zgd75ooxuxvf7wh","previousOperationId":"c86bbgwnb6g76nw"}
{"type":"log","timestamp":1684648375208,"level":"debug","message":"Executing recipe chrome-pdf","meta":{"rootId":"81rx1h200rxz2z4","id":"81rx1h200rxz2z4"},"id":"w1qunt7h1f4zup0","previousOperationId":"zgd75ooxuxvf7wh"}
{"type":"log","timestamp":1684648375211,"level":"debug","message":"Converting with chrome HeadlessChrome/105.0.5173.0 using chrome-pool strategy","meta":{"rootId":"81rx1h200rxz2z4","id":"81rx1h200rxz2z4"},"id":"fjanokpth4cy7f5","previousOperationId":"zgd75ooxuxvf7wh"}
{"type":"log","timestamp":1684648375319,"level":"debug","message":"Page request: GET (document) file:///C:/Users/Adebayo/AppData/Local/Temp/jsreport/autocleanup/6f08275f-1170-40b5-a8b6-87ff13bfd601-chrome-pdf.html","meta":{"rootId":"81rx1h200rxz2z4","id":"81rx1h200rxz2z4"},"id":"p47j0mywt7bm8c7","previousOperationId":"zgd75ooxuxvf7wh"}
{"type":"log","timestamp":1684648375335,"level":"debug","message":"Page request finished: GET (document) 200 file:///C:/Users/Adebayo/AppData/Local/Temp/jsreport/autocleanup/6f08275f-1170-40b5-a8b6-87ff13bfd601-chrome-pdf.html","meta":{"rootId":"81rx1h200rxz2z4","id":"81rx1h200rxz2z4"},"id":"mh4op6h6qhzrtk1","previousOperationId":"zgd75ooxuxvf7wh"}
{"type":"log","timestamp":1684648375336,"level":"debug","message":"Page request: GET (script) https://cdn.jsdelivr.net/npm/chart.js","meta":{"rootId":"81rx1h200rxz2z4","id":"81rx1h200rxz2z4"},"id":"bjsbiy43rvikpvi","previousOperationId":"zgd75ooxuxvf7wh"}
{"type":"log","timestamp":1684648375344,"level":"debug","message":"Page request finished: GET (script) 200 https://cdn.jsdelivr.net/npm/chart.js","meta":{"rootId":"81rx1h200rxz2z4","id":"81rx1h200rxz2z4"},"id":"ty6usolxj5uoknn","previousOperationId":"zgd75ooxuxvf7wh"}
{"type":"log","timestamp":1684648375425,"level":"debug","message":"Running chrome with params {\"printBackground\":true,\"marginTop\":\"2cm\",\"marginRight\":\"1cm\",\"marginBottom\":\"2cm\",\"marginLeft\":\"1cm\",\"landscape\":false,\"format\":\"A4\",\"displayHeaderFooter\":true,\"timeout\":59912,\"margin\":{\"top\":\"2cm\",\"right\":\"1cm\",\"bottom\":\"2cm\",\"left\":\"1cm\"}}","meta":{"rootId":"81rx1h200rxz2z4","id":"81rx1h200rxz2z4"},"id":"r3z2jau2w5nqyuh","previousOperationId":"zgd75ooxuxvf7wh"}
{"type":"operationEnd","operationId":"zgd75ooxuxvf7wh","timestamp":1684648375498,"id":"04zymednf4trq4b","previousEventId":"7qymnwpu0a36zb7","previousOperationId":"zgd75ooxuxvf7wh"}
{"type":"log","timestamp":1684648375498,"level":"debug","message":"Skipping storing report.","meta":{"rootId":"81rx1h200rxz2z4","id":"81rx1h200rxz2z4"},"id":"k8kbz3lc98ubx8h","previousOperationId":"zgd75ooxuxvf7wh"}
{"type":"log","timestamp":1684648375498,"level":"info","message":"Rendering request 55 finished in 376 ms","meta":{"rootId":"81rx1h200rxz2z4","id":"81rx1h200rxz2z4"},"id":"icxvrmvhw4vl46h","previousOperationId":"zgd75ooxuxvf7wh"}
{"type":"operationEnd","subtype":"render","operationId":"sbh37h77t2woowk","timestamp":1684648375498,"id":"rf4ylcy8td9n6e7","previousEventId":"04zymednf4trq4b","previousOperationId":"zgd75ooxuxvf7wh"}
{"type":"operationEnd","doDiffs":false,"previousEventId":"2z1a8gku03xq83d","previousOperationId":"gye5nypeni1gtr0","operationId":"gye5nypeni1gtr0","timestamp":1684648375502,"id":"3k4c0i01nrk2sxe"}
