{"type":"operationStart","subtype":"profile","data":{"_id":"oybS9LPK9D6yBNAs","timestamp":"2023-05-21T11:16:17.575Z","state":"queued","mode":"standard","creationDate":"2023-05-21T11:16:17.578Z","modificationDate":"2023-05-21T11:16:17.578Z","shortid":"yImaiNS","$entitySet":"profiles"},"doDiffs":false,"timestamp":1684667777577,"id":"kspvt9f8f70imun","previousOperationId":null,"operationId":"2rzehrm7eg35vat"}
{"type":"log","level":"info","message":"Render request 152 queued for execution and waiting for available worker","previousOperationId":"2rzehrm7eg35vat","timestamp":1684667777577,"id":"4o3f2l3x48651oc"}
{"type":"operationStart","subtype":"render","name":"invoice-js","previousOperationId":"2rzehrm7eg35vat","timestamp":1684667777588,"id":"znb05857toy5cuh","previousEventId":"kspvt9f8f70imun","operationId":"fydb23sh2erxm8r"}
{"type":"log","timestamp":1684667777588,"level":"info","message":"Starting rendering request 152","meta":{"rootId":"8rws4ixlsf78hqa","id":"8rws4ixlsf78hqa"},"id":"qseyffd11r52rlr","previousOperationId":"fydb23sh2erxm8r"}
{"type":"log","timestamp":1684667777588,"level":"info","message":"Rendering template { name: invoice-js, recipe: chrome-pdf, engine: handlebars, preview: false }","meta":{"rootId":"8rws4ixlsf78hqa","id":"8rws4ixlsf78hqa"},"id":"2a33mxl48g8q6h9","previousOperationId":"fydb23sh2erxm8r"}
{"type":"log","timestamp":1684667777592,"level":"debug","message":"Inline data specified.","meta":{"rootId":"8rws4ixlsf78hqa","id":"8rws4ixlsf78hqa"},"id":"ith6fl5ez0s76do","previousOperationId":"fydb23sh2erxm8r"}
{"type":"log","timestamp":1684667777597,"level":"debug","message":"Base url not specified, skipping its injection.","meta":{"rootId":"8rws4ixlsf78hqa","id":"8rws4ixlsf78hqa"},"id":"ws393488e8sjjqx","previousOperationId":"fydb23sh2erxm8r"}
{"type":"operationStart","subtype":"engine","name":"handlebars","timestamp":1684667777597,"id":"ues36qv1otr03ch","previousEventId":"znb05857toy5cuh","operationId":"6ahdbw4ceqrq4sc","previousOperationId":"fydb23sh2erxm8r"}
{"type":"log","timestamp":1684667777597,"level":"debug","message":"Rendering engine handlebars","meta":{"rootId":"8rws4ixlsf78hqa","id":"8rws4ixlsf78hqa"},"id":"xadnvxe5lvtjhn5","previousOperationId":"6ahdbw4ceqrq4sc"}
{"type":"operationEnd","operationId":"6ahdbw4ceqrq4sc","timestamp":1684667777623,"id":"0rhii1098zrpslb","previousEventId":"ues36qv1otr03ch","previousOperationId":"6ahdbw4ceqrq4sc"}
{"type":"operationStart","subtype":"recipe","name":"chrome-pdf","timestamp":1684667777623,"id":"8rgk8icpwg6y09o","previousEventId":"0rhii1098zrpslb","operationId":"yfwqgrrd7l4rbxc","previousOperationId":"6ahdbw4ceqrq4sc"}
{"type":"log","timestamp":1684667777623,"level":"debug","message":"Executing recipe chrome-pdf","meta":{"rootId":"8rws4ixlsf78hqa","id":"8rws4ixlsf78hqa"},"id":"i8lq29r934zz9fl","previousOperationId":"yfwqgrrd7l4rbxc"}
{"type":"log","timestamp":1684667777628,"level":"debug","message":"Starting child request to render pdf footer","meta":{"rootId":"8rws4ixlsf78hqa","id":"8rws4ixlsf78hqa"},"id":"2wb2g9vfvtj08c1","previousOperationId":"yfwqgrrd7l4rbxc"}
{"type":"operationStart","subtype":"render","name":"anonymous","previousOperationId":"yfwqgrrd7l4rbxc","timestamp":1684667777628,"id":"nfxh6f8zx5p74km","previousEventId":"8rgk8icpwg6y09o","operationId":"sm83hg2i3t1305s"}
{"type":"log","timestamp":1684667777628,"level":"info","message":"Starting rendering (child) request","meta":{"rootId":"8rws4ixlsf78hqa","id":"pqllt8090crsox5"},"id":"wcev3itg70ell0b","previousOperationId":"sm83hg2i3t1305s"}
{"type":"log","timestamp":1684667777628,"level":"info","message":"Rendering anonymous template { recipe: html, engine: handlebars }","meta":{"rootId":"8rws4ixlsf78hqa","id":"pqllt8090crsox5"},"id":"jtjtgb67ax6h8bt","previousOperationId":"sm83hg2i3t1305s"}
{"type":"log","timestamp":1684667777628,"level":"debug","message":"Inline data specified.","meta":{"rootId":"8rws4ixlsf78hqa","id":"pqllt8090crsox5"},"id":"lefbvkm9ei9edzc","previousOperationId":"sm83hg2i3t1305s"}
{"type":"log","timestamp":1684667777630,"level":"debug","message":"Base url not specified, skipping its injection.","meta":{"rootId":"8rws4ixlsf78hqa","id":"pqllt8090crsox5"},"id":"ws5egh3lzwif8q2","previousOperationId":"sm83hg2i3t1305s"}
{"type":"operationStart","subtype":"engine","name":"handlebars","timestamp":1684667777631,"id":"k7t1dh2yxmiok84","previousEventId":"nfxh6f8zx5p74km","operationId":"lvx7n8ehc3evzmu","previousOperationId":"sm83hg2i3t1305s"}
{"type":"log","timestamp":1684667777631,"level":"debug","message":"Rendering engine handlebars","meta":{"rootId":"8rws4ixlsf78hqa","id":"pqllt8090crsox5"},"id":"xu4sudat2rq6q36","previousOperationId":"lvx7n8ehc3evzmu"}
{"type":"operationEnd","operationId":"lvx7n8ehc3evzmu","timestamp":1684667777647,"id":"gaaynr1kix2wvzh","previousEventId":"k7t1dh2yxmiok84","previousOperationId":"lvx7n8ehc3evzmu"}
{"type":"operationStart","subtype":"recipe","name":"html","timestamp":1684667777647,"id":"m1taoiri2oh4epa","previousEventId":"gaaynr1kix2wvzh","operationId":"3iy6038vyomjdpl","previousOperationId":"lvx7n8ehc3evzmu"}
{"type":"log","timestamp":1684667777647,"level":"debug","message":"Executing recipe html","meta":{"rootId":"8rws4ixlsf78hqa","id":"pqllt8090crsox5"},"id":"try0qh8869qq7nq","previousOperationId":"3iy6038vyomjdpl"}
{"type":"operationEnd","operationId":"3iy6038vyomjdpl","timestamp":1684667777647,"id":"5re4n7wiu6buar9","previousEventId":"m1taoiri2oh4epa","previousOperationId":"3iy6038vyomjdpl"}
{"type":"log","timestamp":1684667777647,"level":"debug","message":"Skipping storing report.","meta":{"rootId":"8rws4ixlsf78hqa","id":"pqllt8090crsox5"},"id":"cb8zog5u8o8ed7l","previousOperationId":"3iy6038vyomjdpl"}
{"type":"log","timestamp":1684667777647,"level":"info","message":"Rendering (child) request finished in 72 ms","meta":{"rootId":"8rws4ixlsf78hqa","id":"pqllt8090crsox5"},"id":"lh2g7hhg38kfp0b","previousOperationId":"3iy6038vyomjdpl"}
{"type":"operationEnd","subtype":"render","operationId":"sm83hg2i3t1305s","timestamp":1684667777647,"id":"uz7fg8m51b8jv0i","previousEventId":"5re4n7wiu6buar9","previousOperationId":"3iy6038vyomjdpl"}
{"type":"log","timestamp":1684667777650,"level":"debug","message":"Converting with chrome HeadlessChrome/105.0.5173.0 using chrome-pool strategy","meta":{"rootId":"8rws4ixlsf78hqa","id":"8rws4ixlsf78hqa"},"id":"yzjhqwu9y4tu4wg","previousOperationId":"yfwqgrrd7l4rbxc"}
{"type":"log","timestamp":1684667777823,"level":"debug","message":"Page request: GET (document) file:///C:/Users/Adebayo/AppData/Local/Temp/jsreport/autocleanup/fe756910-db76-4caf-93e4-b0f222b349be-chrome-pdf.html","meta":{"rootId":"8rws4ixlsf78hqa","id":"8rws4ixlsf78hqa"},"id":"uw8btnm2kgicwu3","previousOperationId":"yfwqgrrd7l4rbxc"}
{"type":"log","timestamp":1684667777846,"level":"debug","message":"Page request finished: GET (document) 200 file:///C:/Users/Adebayo/AppData/Local/Temp/jsreport/autocleanup/fe756910-db76-4caf-93e4-b0f222b349be-chrome-pdf.html","meta":{"rootId":"8rws4ixlsf78hqa","id":"8rws4ixlsf78hqa"},"id":"l93xcnp4juc66br","previousOperationId":"yfwqgrrd7l4rbxc"}
{"type":"log","timestamp":1684667777846,"level":"debug","message":"Page request: GET (script) https://cdnjs.cloudflare.com/ajax/libs/Chart.js/2.1.6/Chart.min.js","meta":{"rootId":"8rws4ixlsf78hqa","id":"8rws4ixlsf78hqa"},"id":"10gynh1p48at0cw","previousOperationId":"yfwqgrrd7l4rbxc"}
{"type":"log","timestamp":1684667777857,"level":"debug","message":"Page request finished: GET (script) 200 https://cdnjs.cloudflare.com/ajax/libs/Chart.js/2.1.6/Chart.min.js","meta":{"rootId":"8rws4ixlsf78hqa","id":"8rws4ixlsf78hqa"},"id":"p0p8hinusnkkpso","previousOperationId":"yfwqgrrd7l4rbxc"}
{"type":"log","timestamp":1684667777866,"level":"warn","message":"Page error: SyntaxError: Unexpected token ','","meta":{"rootId":"8rws4ixlsf78hqa","id":"8rws4ixlsf78hqa"},"id":"wpr6q1nbvoeexuw","previousOperationId":"yfwqgrrd7l4rbxc"}
{"type":"log","timestamp":1684667777896,"level":"debug","message":"Running chrome with params {\"printBackground\":true,\"marginTop\":\"2cm\",\"marginRight\":\"1cm\",\"marginBottom\":\"2cm\",\"marginLeft\":\"1cm\",\"landscape\":false,\"format\":\"A4\",\"displayHeaderFooter\":true,\"footerTemplate\":\"...\",\"timeout\":59928,\"margin\":{\"top\":\"2cm\",\"right\":\"1cm\",\"bottom\":\"2cm\",\"left\":\"1cm\"}}","meta":{"rootId":"8rws4ixlsf78hqa","id":"8rws4ixlsf78hqa"},"id":"52m847ag699t7s5","previousOperationId":"yfwqgrrd7l4rbxc"}
{"type":"operationEnd","operationId":"yfwqgrrd7l4rbxc","timestamp":1684667778100,"id":"xk8l16wtylf38g0","previousEventId":"8rgk8icpwg6y09o","previousOperationId":"yfwqgrrd7l4rbxc"}
{"type":"log","timestamp":1684667778101,"level":"debug","message":"Skipping storing report.","meta":{"rootId":"8rws4ixlsf78hqa","id":"8rws4ixlsf78hqa"},"id":"aor7yaqil3ftrsm","previousOperationId":"yfwqgrrd7l4rbxc"}
{"type":"log","timestamp":1684667778101,"level":"info","message":"Rendering request 152 finished in 526 ms","meta":{"rootId":"8rws4ixlsf78hqa","id":"8rws4ixlsf78hqa"},"id":"c15kpqeaumpxm4q","previousOperationId":"yfwqgrrd7l4rbxc"}
{"type":"operationEnd","subtype":"render","operationId":"fydb23sh2erxm8r","timestamp":1684667778101,"id":"bh437qjvainxlnn","previousEventId":"xk8l16wtylf38g0","previousOperationId":"yfwqgrrd7l4rbxc"}
{"type":"operationEnd","doDiffs":false,"previousEventId":"kspvt9f8f70imun","previousOperationId":"2rzehrm7eg35vat","operationId":"2rzehrm7eg35vat","timestamp":1684667778108,"id":"ydl8e33lr33ia66"}
