{"type":"operationStart","subtype":"profile","data":{"_id":"zZRnj6A75j3zlNoP","timestamp":"2023-05-21T07:04:11.495Z","state":"queued","mode":"standard","creationDate":"2023-05-21T07:04:11.498Z","modificationDate":"2023-05-21T07:04:11.498Z","shortid":"6zVwsNl","$entitySet":"profiles"},"doDiffs":false,"timestamp":1684652651496,"id":"ryngwa9w02xf7x8","previousOperationId":null,"operationId":"pi5ydxb0c3yj7su"}
{"type":"log","level":"info","message":"Render request 96 queued for execution and waiting for available worker","previousOperationId":"pi5ydxb0c3yj7su","timestamp":1684652651496,"id":"k18a09pk4tcl5ym"}
{"type":"operationStart","subtype":"render","name":"invoice-js","previousOperationId":"pi5ydxb0c3yj7su","timestamp":1684652651510,"id":"k9wko160aorilx6","previousEventId":"ryngwa9w02xf7x8","operationId":"of6uk0txbld996i"}
{"type":"log","timestamp":1684652651511,"level":"info","message":"Starting rendering request 96","meta":{"rootId":"977bd21vs06ilzv","id":"977bd21vs06ilzv"},"id":"lfm01ntnvadbjrw","previousOperationId":"of6uk0txbld996i"}
{"type":"log","timestamp":1684652651511,"level":"info","message":"Rendering template { name: invoice-js, recipe: chrome-pdf, engine: handlebars, preview: false }","meta":{"rootId":"977bd21vs06ilzv","id":"977bd21vs06ilzv"},"id":"1uwdh48dd1tordo","previousOperationId":"of6uk0txbld996i"}
{"type":"log","timestamp":1684652651513,"level":"debug","message":"Inline data specified.","meta":{"rootId":"977bd21vs06ilzv","id":"977bd21vs06ilzv"},"id":"osl2xs4rxbvwm9c","previousOperationId":"of6uk0txbld996i"}
{"type":"log","timestamp":1684652651517,"level":"debug","message":"Base url not specified, skipping its injection.","meta":{"rootId":"977bd21vs06ilzv","id":"977bd21vs06ilzv"},"id":"jf6054j7pn5xl8o","previousOperationId":"of6uk0txbld996i"}
{"type":"operationStart","subtype":"engine","name":"handlebars","timestamp":1684652651517,"id":"z8xsnzmbf5q04sm","previousEventId":"k9wko160aorilx6","operationId":"thb5lqbj310rb98","previousOperationId":"of6uk0txbld996i"}
{"type":"log","timestamp":1684652651517,"level":"debug","message":"Rendering engine handlebars","meta":{"rootId":"977bd21vs06ilzv","id":"977bd21vs06ilzv"},"id":"l424imm1epv8zi7","previousOperationId":"thb5lqbj310rb98"}
{"type":"operationEnd","operationId":"thb5lqbj310rb98","timestamp":1684652651538,"id":"39xw8lkdjkulu32","previousEventId":"z8xsnzmbf5q04sm","previousOperationId":"thb5lqbj310rb98"}
{"type":"operationStart","subtype":"recipe","name":"chrome-pdf","timestamp":1684652651538,"id":"fqt4s3q3pt1nmbl","previousEventId":"39xw8lkdjkulu32","operationId":"hsnj6057afhx4qf","previousOperationId":"thb5lqbj310rb98"}
{"type":"log","timestamp":1684652651539,"level":"debug","message":"Executing recipe chrome-pdf","meta":{"rootId":"977bd21vs06ilzv","id":"977bd21vs06ilzv"},"id":"cvevdaigtfw5tcd","previousOperationId":"hsnj6057afhx4qf"}
{"type":"log","timestamp":1684652651543,"level":"debug","message":"Starting child request to render pdf footer","meta":{"rootId":"977bd21vs06ilzv","id":"977bd21vs06ilzv"},"id":"l8ozwnuw58xqr1c","previousOperationId":"hsnj6057afhx4qf"}
{"type":"operationStart","subtype":"render","name":"anonymous","previousOperationId":"hsnj6057afhx4qf","timestamp":1684652651543,"id":"kpixo1n959ftmzt","previousEventId":"fqt4s3q3pt1nmbl","operationId":"54vb7n6is3grqw6"}
{"type":"log","timestamp":1684652651543,"level":"info","message":"Starting rendering (child) request","meta":{"rootId":"977bd21vs06ilzv","id":"s83r4ajoler9bt0"},"id":"z06sqt1ejmb4vni","previousOperationId":"54vb7n6is3grqw6"}
{"type":"log","timestamp":1684652651544,"level":"info","message":"Rendering anonymous template { recipe: html, engine: handlebars }","meta":{"rootId":"977bd21vs06ilzv","id":"s83r4ajoler9bt0"},"id":"p1gvct545kzolc6","previousOperationId":"54vb7n6is3grqw6"}
{"type":"log","timestamp":1684652651544,"level":"debug","message":"Inline data specified.","meta":{"rootId":"977bd21vs06ilzv","id":"s83r4ajoler9bt0"},"id":"7fw5wgpo66fd4ft","previousOperationId":"54vb7n6is3grqw6"}
{"type":"log","timestamp":1684652651545,"level":"debug","message":"Base url not specified, skipping its injection.","meta":{"rootId":"977bd21vs06ilzv","id":"s83r4ajoler9bt0"},"id":"cifh1whqoty7bj5","previousOperationId":"54vb7n6is3grqw6"}
{"type":"operationStart","subtype":"engine","name":"handlebars","timestamp":1684652651545,"id":"0ha1bshodnfh1nb","previousEventId":"kpixo1n959ftmzt","operationId":"fuh4lkf0jes2b1f","previousOperationId":"54vb7n6is3grqw6"}
{"type":"log","timestamp":1684652651545,"level":"debug","message":"Rendering engine handlebars","meta":{"rootId":"977bd21vs06ilzv","id":"s83r4ajoler9bt0"},"id":"bl458atvh1ufubr","previousOperationId":"fuh4lkf0jes2b1f"}
{"type":"operationEnd","operationId":"fuh4lkf0jes2b1f","timestamp":1684652651568,"id":"a2u6viqb1gzym0j","previousEventId":"0ha1bshodnfh1nb","previousOperationId":"fuh4lkf0jes2b1f"}
{"type":"operationStart","subtype":"recipe","name":"html","timestamp":1684652651568,"id":"1d979q0dn6ke8ky","previousEventId":"a2u6viqb1gzym0j","operationId":"ypkguyu91yjoxh3","previousOperationId":"fuh4lkf0jes2b1f"}
{"type":"log","timestamp":1684652651568,"level":"debug","message":"Executing recipe html","meta":{"rootId":"977bd21vs06ilzv","id":"s83r4ajoler9bt0"},"id":"mpdsqqq16rek2zn","previousOperationId":"ypkguyu91yjoxh3"}
{"type":"operationEnd","operationId":"ypkguyu91yjoxh3","timestamp":1684652651568,"id":"89lsn9s6j6w4p3c","previousEventId":"1d979q0dn6ke8ky","previousOperationId":"ypkguyu91yjoxh3"}
{"type":"log","timestamp":1684652651568,"level":"debug","message":"Skipping storing report.","meta":{"rootId":"977bd21vs06ilzv","id":"s83r4ajoler9bt0"},"id":"35hvwsd30vht5hu","previousOperationId":"ypkguyu91yjoxh3"}
{"type":"log","timestamp":1684652651569,"level":"info","message":"Rendering (child) request finished in 75 ms","meta":{"rootId":"977bd21vs06ilzv","id":"s83r4ajoler9bt0"},"id":"uxtt2su5p4y6rkn","previousOperationId":"ypkguyu91yjoxh3"}
{"type":"operationEnd","subtype":"render","operationId":"54vb7n6is3grqw6","timestamp":1684652651569,"id":"bmye2wvprkejesj","previousEventId":"89lsn9s6j6w4p3c","previousOperationId":"ypkguyu91yjoxh3"}
{"type":"log","timestamp":1684652651572,"level":"debug","message":"Converting with chrome HeadlessChrome/105.0.5173.0 using chrome-pool strategy","meta":{"rootId":"977bd21vs06ilzv","id":"977bd21vs06ilzv"},"id":"wcn51xouu0tmoal","previousOperationId":"hsnj6057afhx4qf"}
{"type":"log","timestamp":1684652651724,"level":"debug","message":"Page request: GET (document) file:///C:/Users/Adebayo/AppData/Local/Temp/jsreport/autocleanup/d4b25072-7068-4bc7-9bd0-1a0d7606c71b-chrome-pdf.html","meta":{"rootId":"977bd21vs06ilzv","id":"977bd21vs06ilzv"},"id":"g9fubn3qcy8fzbv","previousOperationId":"hsnj6057afhx4qf"}
{"type":"log","timestamp":1684652651741,"level":"debug","message":"Page request finished: GET (document) 200 file:///C:/Users/Adebayo/AppData/Local/Temp/jsreport/autocleanup/d4b25072-7068-4bc7-9bd0-1a0d7606c71b-chrome-pdf.html","meta":{"rootId":"977bd21vs06ilzv","id":"977bd21vs06ilzv"},"id":"hkawqvg0m2vwrcz","previousOperationId":"hsnj6057afhx4qf"}
{"type":"log","timestamp":1684652651742,"level":"debug","message":"Page request: GET (script) https://cdnjs.cloudflare.com/ajax/libs/Chart.js/2.1.6/Chart.min.js","meta":{"rootId":"977bd21vs06ilzv","id":"977bd21vs06ilzv"},"id":"3q4jey8p2s5sjdk","previousOperationId":"hsnj6057afhx4qf"}
{"type":"log","timestamp":1684652651751,"level":"debug","message":"Page request finished: GET (script) 200 https://cdnjs.cloudflare.com/ajax/libs/Chart.js/2.1.6/Chart.min.js","meta":{"rootId":"977bd21vs06ilzv","id":"977bd21vs06ilzv"},"id":"w9rfp55bqwj31hy","previousOperationId":"hsnj6057afhx4qf"}
{"type":"log","timestamp":1684652651755,"level":"warn","message":"Page error: SyntaxError: Unexpected token ','","meta":{"rootId":"977bd21vs06ilzv","id":"977bd21vs06ilzv"},"id":"xvl1v8w2fvwudi2","previousOperationId":"hsnj6057afhx4qf"}
{"type":"log","timestamp":1684652651761,"level":"debug","message":"Running chrome with params {\"printBackground\":true,\"marginTop\":\"2cm\",\"marginRight\":\"1cm\",\"marginBottom\":\"2cm\",\"marginLeft\":\"1cm\",\"landscape\":false,\"format\":\"A4\",\"displayHeaderFooter\":true,\"footerTemplate\":\"...\",\"timeout\":59925,\"margin\":{\"top\":\"2cm\",\"right\":\"1cm\",\"bottom\":\"2cm\",\"left\":\"1cm\"}}","meta":{"rootId":"977bd21vs06ilzv","id":"977bd21vs06ilzv"},"id":"48b6k61zmlj4dje","previousOperationId":"hsnj6057afhx4qf"}
{"type":"operationEnd","operationId":"hsnj6057afhx4qf","timestamp":1684652651846,"id":"8m5gxa06yag8yks","previousEventId":"fqt4s3q3pt1nmbl","previousOperationId":"hsnj6057afhx4qf"}
{"type":"log","timestamp":1684652651847,"level":"debug","message":"Skipping storing report.","meta":{"rootId":"977bd21vs06ilzv","id":"977bd21vs06ilzv"},"id":"gajp5tt0hx4i6d5","previousOperationId":"hsnj6057afhx4qf"}
{"type":"log","timestamp":1684652651847,"level":"info","message":"Rendering request 96 finished in 353 ms","meta":{"rootId":"977bd21vs06ilzv","id":"977bd21vs06ilzv"},"id":"x9qoou3tlktee7m","previousOperationId":"hsnj6057afhx4qf"}
{"type":"operationEnd","subtype":"render","operationId":"of6uk0txbld996i","timestamp":1684652651847,"id":"z76335lqvm2h4nb","previousEventId":"8m5gxa06yag8yks","previousOperationId":"hsnj6057afhx4qf"}
{"type":"operationEnd","doDiffs":false,"previousEventId":"ryngwa9w02xf7x8","previousOperationId":"pi5ydxb0c3yj7su","operationId":"pi5ydxb0c3yj7su","timestamp":1684652651851,"id":"jfom1kewok8a0az"}
