{"type":"operationStart","subtype":"profile","data":{"_id":"qFKkZATBhrmiaeCZ","timestamp":"2023-05-21T13:58:57.395Z","state":"queued","mode":"standard","creationDate":"2023-05-21T13:58:57.397Z","modificationDate":"2023-05-21T13:58:57.397Z","shortid":"7KpFCT-","$entitySet":"profiles"},"doDiffs":false,"timestamp":1684677537396,"id":"rhdthy4npyeue59","previousOperationId":null,"operationId":"2i7dfftfzcpcaxe"}
{"type":"log","level":"info","message":"Render request 183 queued for execution and waiting for available worker","previousOperationId":"2i7dfftfzcpcaxe","timestamp":1684677537396,"id":"bd78o7nas0t5nez"}
{"type":"operationStart","subtype":"render","name":"invoice-js","previousOperationId":"2i7dfftfzcpcaxe","timestamp":1684677537401,"id":"6977m7xr2hx0kwe","previousEventId":"rhdthy4npyeue59","operationId":"tfyss7qtp3t0gte"}
{"type":"log","timestamp":1684677537401,"level":"info","message":"Starting rendering request 183","meta":{"rootId":"9jh9ycgpj6zrx5s","id":"9jh9ycgpj6zrx5s"},"id":"33tg88lebc9o92j","previousOperationId":"tfyss7qtp3t0gte"}
{"type":"log","timestamp":1684677537401,"level":"info","message":"Rendering template { name: invoice-js, recipe: chrome-pdf, engine: handlebars, preview: false }","meta":{"rootId":"9jh9ycgpj6zrx5s","id":"9jh9ycgpj6zrx5s"},"id":"e5cmhvvwyg749z3","previousOperationId":"tfyss7qtp3t0gte"}
{"type":"log","timestamp":1684677537402,"level":"debug","message":"Inline data specified.","meta":{"rootId":"9jh9ycgpj6zrx5s","id":"9jh9ycgpj6zrx5s"},"id":"op1u5ik979mt0g0","previousOperationId":"tfyss7qtp3t0gte"}
{"type":"log","timestamp":1684677537404,"level":"debug","message":"Base url not specified, skipping its injection.","meta":{"rootId":"9jh9ycgpj6zrx5s","id":"9jh9ycgpj6zrx5s"},"id":"9a5i9yio0k8olib","previousOperationId":"tfyss7qtp3t0gte"}
{"type":"operationStart","subtype":"engine","name":"handlebars","timestamp":1684677537404,"id":"ymzk0fjoi61gm5e","previousEventId":"6977m7xr2hx0kwe","operationId":"m3yctzokqmiwvft","previousOperationId":"tfyss7qtp3t0gte"}
{"type":"log","timestamp":1684677537404,"level":"debug","message":"Rendering engine handlebars","meta":{"rootId":"9jh9ycgpj6zrx5s","id":"9jh9ycgpj6zrx5s"},"id":"5ip2nfmv5z570po","previousOperationId":"m3yctzokqmiwvft"}
{"type":"operationEnd","operationId":"m3yctzokqmiwvft","timestamp":1684677537414,"id":"hnaylu6c3kxvuxn","previousEventId":"ymzk0fjoi61gm5e","previousOperationId":"m3yctzokqmiwvft"}
{"type":"operationStart","subtype":"recipe","name":"chrome-pdf","timestamp":1684677537414,"id":"0k9lj2jik9397vq","previousEventId":"hnaylu6c3kxvuxn","operationId":"n5acwf62imc1dd8","previousOperationId":"m3yctzokqmiwvft"}
{"type":"log","timestamp":1684677537414,"level":"debug","message":"Executing recipe chrome-pdf","meta":{"rootId":"9jh9ycgpj6zrx5s","id":"9jh9ycgpj6zrx5s"},"id":"c03kj4shtimstly","previousOperationId":"n5acwf62imc1dd8"}
{"type":"log","timestamp":1684677537417,"level":"debug","message":"Starting child request to render pdf footer","meta":{"rootId":"9jh9ycgpj6zrx5s","id":"9jh9ycgpj6zrx5s"},"id":"ct1dkl2n4ovpa1q","previousOperationId":"n5acwf62imc1dd8"}
{"type":"operationStart","subtype":"render","name":"anonymous","previousOperationId":"n5acwf62imc1dd8","timestamp":1684677537417,"id":"s7ksxln6mglpkrz","previousEventId":"0k9lj2jik9397vq","operationId":"yp6nfobuhuuh7op"}
{"type":"log","timestamp":1684677537418,"level":"info","message":"Starting rendering (child) request","meta":{"rootId":"9jh9ycgpj6zrx5s","id":"23x2eah0ldzg3ew"},"id":"d2hirom71m4a9vs","previousOperationId":"yp6nfobuhuuh7op"}
{"type":"log","timestamp":1684677537418,"level":"info","message":"Rendering anonymous template { recipe: html, engine: handlebars }","meta":{"rootId":"9jh9ycgpj6zrx5s","id":"23x2eah0ldzg3ew"},"id":"tu0ghnmz0fsw7ed","previousOperationId":"yp6nfobuhuuh7op"}
{"type":"log","timestamp":1684677537418,"level":"debug","message":"Inline data specified.","meta":{"rootId":"9jh9ycgpj6zrx5s","id":"23x2eah0ldzg3ew"},"id":"c0ykpnd687w54et","previousOperationId":"yp6nfobuhuuh7op"}
{"type":"log","timestamp":1684677537418,"level":"debug","message":"Base url not specified, skipping its injection.","meta":{"rootId":"9jh9ycgpj6zrx5s","id":"23x2eah0ldzg3ew"},"id":"anz21ijrnx0ao1j","previousOperationId":"yp6nfobuhuuh7op"}
{"type":"operationStart","subtype":"engine","name":"handlebars","timestamp":1684677537419,"id":"q0w86zonvg6hjcu","previousEventId":"s7ksxln6mglpkrz","operationId":"jh4jz1gi9mu9ptn","previousOperationId":"yp6nfobuhuuh7op"}
{"type":"log","timestamp":1684677537419,"level":"debug","message":"Rendering engine handlebars","meta":{"rootId":"9jh9ycgpj6zrx5s","id":"23x2eah0ldzg3ew"},"id":"acb2jknf2ayvq85","previousOperationId":"jh4jz1gi9mu9ptn"}
{"type":"operationEnd","operationId":"jh4jz1gi9mu9ptn","timestamp":1684677537427,"id":"hp5uj73xxnxu7la","previousEventId":"q0w86zonvg6hjcu","previousOperationId":"jh4jz1gi9mu9ptn"}
{"type":"operationStart","subtype":"recipe","name":"html","timestamp":1684677537427,"id":"tewrc15z928cx8j","previousEventId":"hp5uj73xxnxu7la","operationId":"tk3mp4n0z9xxbz1","previousOperationId":"jh4jz1gi9mu9ptn"}
{"type":"log","timestamp":1684677537427,"level":"debug","message":"Executing recipe html","meta":{"rootId":"9jh9ycgpj6zrx5s","id":"23x2eah0ldzg3ew"},"id":"wctw2oxuxco4q3q","previousOperationId":"tk3mp4n0z9xxbz1"}
{"type":"operationEnd","operationId":"tk3mp4n0z9xxbz1","timestamp":1684677537427,"id":"w5te5ksozmn5bw4","previousEventId":"tewrc15z928cx8j","previousOperationId":"tk3mp4n0z9xxbz1"}
{"type":"log","timestamp":1684677537427,"level":"debug","message":"Skipping storing report.","meta":{"rootId":"9jh9ycgpj6zrx5s","id":"23x2eah0ldzg3ew"},"id":"vb2dzod9m5nb9s1","previousOperationId":"tk3mp4n0z9xxbz1"}
{"type":"log","timestamp":1684677537427,"level":"info","message":"Rendering (child) request finished in 32 ms","meta":{"rootId":"9jh9ycgpj6zrx5s","id":"23x2eah0ldzg3ew"},"id":"b90o4ttom9r2u8r","previousOperationId":"tk3mp4n0z9xxbz1"}
{"type":"operationEnd","subtype":"render","operationId":"yp6nfobuhuuh7op","timestamp":1684677537427,"id":"ep2kqt9ghgzt8xc","previousEventId":"w5te5ksozmn5bw4","previousOperationId":"tk3mp4n0z9xxbz1"}
{"type":"log","timestamp":1684677537428,"level":"debug","message":"Converting with chrome HeadlessChrome/105.0.5173.0 using chrome-pool strategy","meta":{"rootId":"9jh9ycgpj6zrx5s","id":"9jh9ycgpj6zrx5s"},"id":"5ikws389256pqio","previousOperationId":"n5acwf62imc1dd8"}
{"type":"log","timestamp":1684677537504,"level":"debug","message":"Page request: GET (document) file:///C:/Users/Adebayo/AppData/Local/Temp/jsreport/autocleanup/3645acd5-4512-455a-a3c7-7d06b45c3510-chrome-pdf.html","meta":{"rootId":"9jh9ycgpj6zrx5s","id":"9jh9ycgpj6zrx5s"},"id":"mrwpchxb8yz7exy","previousOperationId":"n5acwf62imc1dd8"}
{"type":"log","timestamp":1684677537516,"level":"debug","message":"Page request finished: GET (document) 200 file:///C:/Users/Adebayo/AppData/Local/Temp/jsreport/autocleanup/3645acd5-4512-455a-a3c7-7d06b45c3510-chrome-pdf.html","meta":{"rootId":"9jh9ycgpj6zrx5s","id":"9jh9ycgpj6zrx5s"},"id":"7ddarezb95bnnyt","previousOperationId":"n5acwf62imc1dd8"}
{"type":"log","timestamp":1684677537516,"level":"debug","message":"Page request: GET (script) https://cdnjs.cloudflare.com/ajax/libs/Chart.js/2.1.6/Chart.min.js","meta":{"rootId":"9jh9ycgpj6zrx5s","id":"9jh9ycgpj6zrx5s"},"id":"ecf44nnkhy5nj6i","previousOperationId":"n5acwf62imc1dd8"}
{"type":"log","timestamp":1684677537525,"level":"debug","message":"Page request finished: GET (script) 200 https://cdnjs.cloudflare.com/ajax/libs/Chart.js/2.1.6/Chart.min.js","meta":{"rootId":"9jh9ycgpj6zrx5s","id":"9jh9ycgpj6zrx5s"},"id":"2d8syn0b4hxfpdt","previousOperationId":"n5acwf62imc1dd8"}
{"type":"log","timestamp":1684677537567,"level":"debug","message":"Running chrome with params {\"printBackground\":true,\"marginTop\":\"2cm\",\"marginRight\":\"1cm\",\"marginBottom\":\"2cm\",\"marginLeft\":\"1cm\",\"landscape\":false,\"format\":\"A4\",\"displayHeaderFooter\":true,\"footerTemplate\":\"...\",\"timeout\":59968,\"margin\":{\"top\":\"2cm\",\"right\":\"1cm\",\"bottom\":\"2cm\",\"left\":\"1cm\"}}","meta":{"rootId":"9jh9ycgpj6zrx5s","id":"9jh9ycgpj6zrx5s"},"id":"6e3ssp6qnrh6s15","previousOperationId":"n5acwf62imc1dd8"}
{"type":"operationEnd","operationId":"n5acwf62imc1dd8","timestamp":1684677537614,"id":"bhr66xuih4z9ehn","previousEventId":"0k9lj2jik9397vq","previousOperationId":"n5acwf62imc1dd8"}
{"type":"log","timestamp":1684677537614,"level":"debug","message":"Skipping storing report.","meta":{"rootId":"9jh9ycgpj6zrx5s","id":"9jh9ycgpj6zrx5s"},"id":"cc2pgswsz5nyc16","previousOperationId":"n5acwf62imc1dd8"}
{"type":"log","timestamp":1684677537614,"level":"info","message":"Rendering request 183 finished in 219 ms","meta":{"rootId":"9jh9ycgpj6zrx5s","id":"9jh9ycgpj6zrx5s"},"id":"8esqiyxzf14bkxy","previousOperationId":"n5acwf62imc1dd8"}
{"type":"operationEnd","subtype":"render","operationId":"tfyss7qtp3t0gte","timestamp":1684677537614,"id":"5mp994dfrgzzun9","previousEventId":"bhr66xuih4z9ehn","previousOperationId":"n5acwf62imc1dd8"}
{"type":"operationEnd","doDiffs":false,"previousEventId":"rhdthy4npyeue59","previousOperationId":"2i7dfftfzcpcaxe","operationId":"2i7dfftfzcpcaxe","timestamp":1684677537616,"id":"vcuv3p5xrlt1l55"}
