{"type":"operationStart","subtype":"profile","data":{"_id":"AslOjj1SpoALisO7","timestamp":"2023-05-21T07:30:12.806Z","state":"queued","mode":"standard","creationDate":"2023-05-21T07:30:12.809Z","modificationDate":"2023-05-21T07:30:12.809Z","shortid":"yPc1aSK","$entitySet":"profiles"},"doDiffs":false,"timestamp":1684654212807,"id":"onyej9hktzsig7s","previousOperationId":null,"operationId":"p92m6fbumsu55c2"}
{"type":"log","level":"info","message":"Render request 137 queued for execution and waiting for available worker","previousOperationId":"p92m6fbumsu55c2","timestamp":1684654212808,"id":"y4k6ysyyaytcjtj"}
{"type":"operationStart","subtype":"render","name":"invoice-js","previousOperationId":"p92m6fbumsu55c2","timestamp":1684654212821,"id":"7cusszx5b5xu5u6","previousEventId":"onyej9hktzsig7s","operationId":"4g6u26gry9dlqg4"}
{"type":"log","timestamp":1684654212821,"level":"info","message":"Starting rendering request 137","meta":{"rootId":"9sk0u3gsqut7fp0","id":"9sk0u3gsqut7fp0"},"id":"znxf8b060vio3y7","previousOperationId":"4g6u26gry9dlqg4"}
{"type":"log","timestamp":1684654212822,"level":"info","message":"Rendering template { name: invoice-js, recipe: chrome-pdf, engine: handlebars, preview: true }","meta":{"rootId":"9sk0u3gsqut7fp0","id":"9sk0u3gsqut7fp0"},"id":"lf4xy0tlgozaf5q","previousOperationId":"4g6u26gry9dlqg4"}
{"type":"log","timestamp":1684654212824,"level":"debug","message":"Inline data specified.","meta":{"rootId":"9sk0u3gsqut7fp0","id":"9sk0u3gsqut7fp0"},"id":"ib2y0knxmr1dons","previousOperationId":"4g6u26gry9dlqg4"}
{"type":"log","timestamp":1684654212829,"level":"debug","message":"Base url not specified, skipping its injection.","meta":{"rootId":"9sk0u3gsqut7fp0","id":"9sk0u3gsqut7fp0"},"id":"5k2v903to317zf9","previousOperationId":"4g6u26gry9dlqg4"}
{"type":"operationStart","subtype":"engine","name":"handlebars","timestamp":1684654212830,"id":"x9p2dmyswlr85om","previousEventId":"7cusszx5b5xu5u6","operationId":"9lvb7k8a5w6kqre","previousOperationId":"4g6u26gry9dlqg4"}
{"type":"log","timestamp":1684654212830,"level":"debug","message":"Rendering engine handlebars","meta":{"rootId":"9sk0u3gsqut7fp0","id":"9sk0u3gsqut7fp0"},"id":"icvnqjuzv2nub38","previousOperationId":"9lvb7k8a5w6kqre"}
{"type":"operationEnd","operationId":"9lvb7k8a5w6kqre","timestamp":1684654212874,"id":"1g8s4tj512nz5ph","previousEventId":"x9p2dmyswlr85om","previousOperationId":"9lvb7k8a5w6kqre"}
{"type":"operationStart","subtype":"recipe","name":"chrome-pdf","timestamp":1684654212875,"id":"87jqosx8atxp0ym","previousEventId":"1g8s4tj512nz5ph","operationId":"iidk2facflxvqn7","previousOperationId":"9lvb7k8a5w6kqre"}
{"type":"log","timestamp":1684654212875,"level":"debug","message":"Executing recipe chrome-pdf","meta":{"rootId":"9sk0u3gsqut7fp0","id":"9sk0u3gsqut7fp0"},"id":"8uivmhehbv072dt","previousOperationId":"iidk2facflxvqn7"}
{"type":"log","timestamp":1684654212877,"level":"debug","message":"Starting child request to render pdf footer","meta":{"rootId":"9sk0u3gsqut7fp0","id":"9sk0u3gsqut7fp0"},"id":"l0r7z8v7o5zkfuu","previousOperationId":"iidk2facflxvqn7"}
{"type":"operationStart","subtype":"render","name":"anonymous","previousOperationId":"iidk2facflxvqn7","timestamp":1684654212877,"id":"18rhicny30sje0z","previousEventId":"87jqosx8atxp0ym","operationId":"o0ye0qil32cathc"}
{"type":"log","timestamp":1684654212877,"level":"info","message":"Starting rendering (child) request","meta":{"rootId":"9sk0u3gsqut7fp0","id":"67r80u0avrq2qoe"},"id":"gxzo7jizdevrvmb","previousOperationId":"o0ye0qil32cathc"}
{"type":"log","timestamp":1684654212878,"level":"info","message":"Rendering anonymous template { recipe: html, engine: handlebars }","meta":{"rootId":"9sk0u3gsqut7fp0","id":"67r80u0avrq2qoe"},"id":"jahrcz4b01999f8","previousOperationId":"o0ye0qil32cathc"}
{"type":"log","timestamp":1684654212878,"level":"debug","message":"Inline data specified.","meta":{"rootId":"9sk0u3gsqut7fp0","id":"67r80u0avrq2qoe"},"id":"m49xvfdfdu66wqd","previousOperationId":"o0ye0qil32cathc"}
{"type":"log","timestamp":1684654212879,"level":"debug","message":"Base url not specified, skipping its injection.","meta":{"rootId":"9sk0u3gsqut7fp0","id":"67r80u0avrq2qoe"},"id":"03vrarbrhcdh11d","previousOperationId":"o0ye0qil32cathc"}
{"type":"operationStart","subtype":"engine","name":"handlebars","timestamp":1684654212880,"id":"1o8295n9sy4y8cv","previousEventId":"18rhicny30sje0z","operationId":"5mpi6qf2j4vxu1a","previousOperationId":"o0ye0qil32cathc"}
{"type":"log","timestamp":1684654212880,"level":"debug","message":"Rendering engine handlebars","meta":{"rootId":"9sk0u3gsqut7fp0","id":"67r80u0avrq2qoe"},"id":"34008r18jqpgwuc","previousOperationId":"5mpi6qf2j4vxu1a"}
{"type":"operationEnd","operationId":"5mpi6qf2j4vxu1a","timestamp":1684654212916,"id":"te17f1lm85f09l1","previousEventId":"1o8295n9sy4y8cv","previousOperationId":"5mpi6qf2j4vxu1a"}
{"type":"operationStart","subtype":"recipe","name":"html","timestamp":1684654212916,"id":"djnfbfsbg9g61u8","previousEventId":"te17f1lm85f09l1","operationId":"auu9wodzyddz6w6","previousOperationId":"5mpi6qf2j4vxu1a"}
{"type":"log","timestamp":1684654212916,"level":"debug","message":"Executing recipe html","meta":{"rootId":"9sk0u3gsqut7fp0","id":"67r80u0avrq2qoe"},"id":"pld0kglzwnv4vzi","previousOperationId":"auu9wodzyddz6w6"}
{"type":"operationEnd","operationId":"auu9wodzyddz6w6","timestamp":1684654212916,"id":"3mc3oosdhm35eb4","previousEventId":"djnfbfsbg9g61u8","previousOperationId":"auu9wodzyddz6w6"}
{"type":"log","timestamp":1684654212916,"level":"debug","message":"Skipping storing report.","meta":{"rootId":"9sk0u3gsqut7fp0","id":"67r80u0avrq2qoe"},"id":"h7h1wim8u6xzw45","previousOperationId":"auu9wodzyddz6w6"}
{"type":"log","timestamp":1684654212916,"level":"info","message":"Rendering (child) request finished in 110 ms","meta":{"rootId":"9sk0u3gsqut7fp0","id":"67r80u0avrq2qoe"},"id":"668vh9z3p46a41i","previousOperationId":"auu9wodzyddz6w6"}
{"type":"operationEnd","subtype":"render","operationId":"o0ye0qil32cathc","timestamp":1684654212916,"id":"7pedhp9kj8s4p4q","previousEventId":"3mc3oosdhm35eb4","previousOperationId":"auu9wodzyddz6w6"}
{"type":"log","timestamp":1684654212919,"level":"debug","message":"Converting with chrome HeadlessChrome/105.0.5173.0 using chrome-pool strategy","meta":{"rootId":"9sk0u3gsqut7fp0","id":"9sk0u3gsqut7fp0"},"id":"p0lb3eu1k8co5fb","previousOperationId":"iidk2facflxvqn7"}
{"type":"log","timestamp":1684654213055,"level":"debug","message":"Page request: GET (document) file:///C:/Users/Adebayo/AppData/Local/Temp/jsreport/autocleanup/96a0ffdd-a046-4a5e-a46e-abfa51d10a13-chrome-pdf.html","meta":{"rootId":"9sk0u3gsqut7fp0","id":"9sk0u3gsqut7fp0"},"id":"ylxo8bf0vm46ouj","previousOperationId":"iidk2facflxvqn7"}
{"type":"log","timestamp":1684654213071,"level":"debug","message":"Page request: GET (script) https://cdnjs.cloudflare.com/ajax/libs/Chart.js/2.1.6/Chart.min.js","meta":{"rootId":"9sk0u3gsqut7fp0","id":"9sk0u3gsqut7fp0"},"id":"494nunqwx4mqthe","previousOperationId":"iidk2facflxvqn7"}
{"type":"log","timestamp":1684654213072,"level":"debug","message":"Page request finished: GET (document) 200 file:///C:/Users/Adebayo/AppData/Local/Temp/jsreport/autocleanup/96a0ffdd-a046-4a5e-a46e-abfa51d10a13-chrome-pdf.html","meta":{"rootId":"9sk0u3gsqut7fp0","id":"9sk0u3gsqut7fp0"},"id":"2xpultkrakvfu7t","previousOperationId":"iidk2facflxvqn7"}
{"type":"log","timestamp":1684654213079,"level":"debug","message":"Page request finished: GET (script) 200 https://cdnjs.cloudflare.com/ajax/libs/Chart.js/2.1.6/Chart.min.js","meta":{"rootId":"9sk0u3gsqut7fp0","id":"9sk0u3gsqut7fp0"},"id":"jtxl2v56a8gilz1","previousOperationId":"iidk2facflxvqn7"}
{"type":"log","timestamp":1684654213141,"level":"debug","message":"Running chrome with params {\"printBackground\":true,\"marginTop\":\"2cm\",\"marginRight\":\"1cm\",\"marginBottom\":\"2cm\",\"marginLeft\":\"1cm\",\"landscape\":false,\"format\":\"A4\",\"displayHeaderFooter\":true,\"footerTemplate\":\"...\",\"timeout\":59889,\"margin\":{\"top\":\"2cm\",\"right\":\"1cm\",\"bottom\":\"2cm\",\"left\":\"1cm\"}}","meta":{"rootId":"9sk0u3gsqut7fp0","id":"9sk0u3gsqut7fp0"},"id":"j5y6zvtn5y8nskb","previousOperationId":"iidk2facflxvqn7"}
{"type":"operationEnd","operationId":"iidk2facflxvqn7","timestamp":1684654213219,"id":"o02hzadhlo79k3o","previousEventId":"87jqosx8atxp0ym","previousOperationId":"iidk2facflxvqn7"}
{"type":"log","timestamp":1684654213219,"level":"debug","message":"Skipping storing report.","meta":{"rootId":"9sk0u3gsqut7fp0","id":"9sk0u3gsqut7fp0"},"id":"7knc2cdrte5hx2r","previousOperationId":"iidk2facflxvqn7"}
{"type":"log","timestamp":1684654213219,"level":"info","message":"Rendering request 137 finished in 413 ms","meta":{"rootId":"9sk0u3gsqut7fp0","id":"9sk0u3gsqut7fp0"},"id":"3kn1x0ccszb66zw","previousOperationId":"iidk2facflxvqn7"}
{"type":"operationEnd","subtype":"render","operationId":"4g6u26gry9dlqg4","timestamp":1684654213219,"id":"lkhulu4leqa5w3m","previousEventId":"o02hzadhlo79k3o","previousOperationId":"iidk2facflxvqn7"}
{"type":"operationEnd","doDiffs":false,"previousEventId":"onyej9hktzsig7s","previousOperationId":"p92m6fbumsu55c2","operationId":"p92m6fbumsu55c2","timestamp":1684654213231,"id":"ldzv5qw0vs2c0uv"}
