{"type":"operationStart","subtype":"profile","data":{"_id":"2xUQ0jFJRpOBf1Ho","timestamp":"2023-05-21T11:19:41.354Z","state":"queued","mode":"standard","creationDate":"2023-05-21T11:19:41.357Z","modificationDate":"2023-05-21T11:19:41.357Z","shortid":"Lt_untm","$entitySet":"profiles"},"doDiffs":false,"timestamp":1684667981356,"id":"q41a5n18i1hft2m","previousOperationId":null,"operationId":"jqnbfmecnbajf8s"}
{"type":"log","level":"info","message":"Render request 157 queued for execution and waiting for available worker","previousOperationId":"jqnbfmecnbajf8s","timestamp":1684667981356,"id":"udnzz9z3uxvxou0"}
{"type":"operationStart","subtype":"render","name":"invoice-js","previousOperationId":"jqnbfmecnbajf8s","timestamp":1684667981365,"id":"2t7ve83ixuxkj68","previousEventId":"q41a5n18i1hft2m","operationId":"zyhqag529n5rtu1"}
{"type":"log","timestamp":1684667981365,"level":"info","message":"Starting rendering request 157","meta":{"rootId":"a0hhvkvd9ts9xhk","id":"a0hhvkvd9ts9xhk"},"id":"jcpgu14db4o4unh","previousOperationId":"zyhqag529n5rtu1"}
{"type":"log","timestamp":1684667981365,"level":"info","message":"Rendering template { name: invoice-js, recipe: chrome-pdf, engine: handlebars, preview: false }","meta":{"rootId":"a0hhvkvd9ts9xhk","id":"a0hhvkvd9ts9xhk"},"id":"v0we5fn4sns3mje","previousOperationId":"zyhqag529n5rtu1"}
{"type":"log","timestamp":1684667981367,"level":"debug","message":"Inline data specified.","meta":{"rootId":"a0hhvkvd9ts9xhk","id":"a0hhvkvd9ts9xhk"},"id":"9jafiusqw0m7uhz","previousOperationId":"zyhqag529n5rtu1"}
{"type":"log","timestamp":1684667981380,"level":"debug","message":"Base url not specified, skipping its injection.","meta":{"rootId":"a0hhvkvd9ts9xhk","id":"a0hhvkvd9ts9xhk"},"id":"1y9xg8g7l21cjmr","previousOperationId":"zyhqag529n5rtu1"}
{"type":"operationStart","subtype":"engine","name":"handlebars","timestamp":1684667981380,"id":"m1917jetn3qbcd9","previousEventId":"2t7ve83ixuxkj68","operationId":"y9ssic2pzul7ugk","previousOperationId":"zyhqag529n5rtu1"}
{"type":"log","timestamp":1684667981380,"level":"debug","message":"Rendering engine handlebars","meta":{"rootId":"a0hhvkvd9ts9xhk","id":"a0hhvkvd9ts9xhk"},"id":"erqgbbpudlo14ou","previousOperationId":"y9ssic2pzul7ugk"}
{"type":"operationEnd","operationId":"y9ssic2pzul7ugk","timestamp":1684667981394,"id":"jqooovze85ticig","previousEventId":"m1917jetn3qbcd9","previousOperationId":"y9ssic2pzul7ugk"}
{"type":"operationStart","subtype":"recipe","name":"chrome-pdf","timestamp":1684667981395,"id":"6mcfmt07us3dxan","previousEventId":"jqooovze85ticig","operationId":"xwz51y9gjk8ylfh","previousOperationId":"y9ssic2pzul7ugk"}
{"type":"log","timestamp":1684667981395,"level":"debug","message":"Executing recipe chrome-pdf","meta":{"rootId":"a0hhvkvd9ts9xhk","id":"a0hhvkvd9ts9xhk"},"id":"ozmil9efbhwktjm","previousOperationId":"xwz51y9gjk8ylfh"}
{"type":"log","timestamp":1684667981397,"level":"debug","message":"Starting child request to render pdf footer","meta":{"rootId":"a0hhvkvd9ts9xhk","id":"a0hhvkvd9ts9xhk"},"id":"gxj062ujdmhodw4","previousOperationId":"xwz51y9gjk8ylfh"}
{"type":"operationStart","subtype":"render","name":"anonymous","previousOperationId":"xwz51y9gjk8ylfh","timestamp":1684667981397,"id":"nq9b3ir3615yml8","previousEventId":"6mcfmt07us3dxan","operationId":"e4sqitslcjydlw9"}
{"type":"log","timestamp":1684667981397,"level":"info","message":"Starting rendering (child) request","meta":{"rootId":"a0hhvkvd9ts9xhk","id":"uk1jv8sxd0lrsy3"},"id":"vba45ebjgbsfhvr","previousOperationId":"e4sqitslcjydlw9"}
{"type":"log","timestamp":1684667981397,"level":"info","message":"Rendering anonymous template { recipe: html, engine: handlebars }","meta":{"rootId":"a0hhvkvd9ts9xhk","id":"uk1jv8sxd0lrsy3"},"id":"h73jbdq7m7v3wkm","previousOperationId":"e4sqitslcjydlw9"}
{"type":"log","timestamp":1684667981397,"level":"debug","message":"Inline data specified.","meta":{"rootId":"a0hhvkvd9ts9xhk","id":"uk1jv8sxd0lrsy3"},"id":"cn15npk0sbypffe","previousOperationId":"e4sqitslcjydlw9"}
{"type":"log","timestamp":1684667981399,"level":"debug","message":"Base url not specified, skipping its injection.","meta":{"rootId":"a0hhvkvd9ts9xhk","id":"uk1jv8sxd0lrsy3"},"id":"e84m7wuxlsx4aqa","previousOperationId":"e4sqitslcjydlw9"}
{"type":"operationStart","subtype":"engine","name":"handlebars","timestamp":1684667981399,"id":"lzspoaqpya7nv1l","previousEventId":"nq9b3ir3615yml8","operationId":"8zbx6tkyj66brfc","previousOperationId":"e4sqitslcjydlw9"}
{"type":"log","timestamp":1684667981399,"level":"debug","message":"Rendering engine handlebars","meta":{"rootId":"a0hhvkvd9ts9xhk","id":"uk1jv8sxd0lrsy3"},"id":"4hua68bcwnk1q17","previousOperationId":"8zbx6tkyj66brfc"}
{"type":"operationEnd","operationId":"8zbx6tkyj66brfc","timestamp":1684667981416,"id":"98galngri9kypdn","previousEventId":"lzspoaqpya7nv1l","previousOperationId":"8zbx6tkyj66brfc"}
{"type":"operationStart","subtype":"recipe","name":"html","timestamp":1684667981416,"id":"8viphvkhpkkwzfj","previousEventId":"98galngri9kypdn","operationId":"mzrf6gbmoe0qixj","previousOperationId":"8zbx6tkyj66brfc"}
{"type":"log","timestamp":1684667981416,"level":"debug","message":"Executing recipe html","meta":{"rootId":"a0hhvkvd9ts9xhk","id":"uk1jv8sxd0lrsy3"},"id":"d7e5z80iycyfxwq","previousOperationId":"mzrf6gbmoe0qixj"}
{"type":"operationEnd","operationId":"mzrf6gbmoe0qixj","timestamp":1684667981416,"id":"q4g4qztxuv1lou0","previousEventId":"8viphvkhpkkwzfj","previousOperationId":"mzrf6gbmoe0qixj"}
{"type":"log","timestamp":1684667981416,"level":"debug","message":"Skipping storing report.","meta":{"rootId":"a0hhvkvd9ts9xhk","id":"uk1jv8sxd0lrsy3"},"id":"2q7v2dtqbeptvs4","previousOperationId":"mzrf6gbmoe0qixj"}
{"type":"log","timestamp":1684667981416,"level":"info","message":"Rendering (child) request finished in 62 ms","meta":{"rootId":"a0hhvkvd9ts9xhk","id":"uk1jv8sxd0lrsy3"},"id":"paq55gee9x0dk6j","previousOperationId":"mzrf6gbmoe0qixj"}
{"type":"operationEnd","subtype":"render","operationId":"e4sqitslcjydlw9","timestamp":1684667981416,"id":"smzlmtm1rmen6mk","previousEventId":"q4g4qztxuv1lou0","previousOperationId":"mzrf6gbmoe0qixj"}
{"type":"log","timestamp":1684667981423,"level":"debug","message":"Converting with chrome HeadlessChrome/105.0.5173.0 using chrome-pool strategy","meta":{"rootId":"a0hhvkvd9ts9xhk","id":"a0hhvkvd9ts9xhk"},"id":"zl8ak15m0vrb4vt","previousOperationId":"xwz51y9gjk8ylfh"}
{"type":"log","timestamp":1684667981580,"level":"debug","message":"Page request: GET (document) file:///C:/Users/Adebayo/AppData/Local/Temp/jsreport/autocleanup/0fe4eafe-d6b7-4394-84ef-4132176f3405-chrome-pdf.html","meta":{"rootId":"a0hhvkvd9ts9xhk","id":"a0hhvkvd9ts9xhk"},"id":"pwe9xtlti2e2yxs","previousOperationId":"xwz51y9gjk8ylfh"}
{"type":"log","timestamp":1684667981597,"level":"debug","message":"Page request finished: GET (document) 200 file:///C:/Users/Adebayo/AppData/Local/Temp/jsreport/autocleanup/0fe4eafe-d6b7-4394-84ef-4132176f3405-chrome-pdf.html","meta":{"rootId":"a0hhvkvd9ts9xhk","id":"a0hhvkvd9ts9xhk"},"id":"x1j2owvu0uyqh6z","previousOperationId":"xwz51y9gjk8ylfh"}
{"type":"log","timestamp":1684667981598,"level":"debug","message":"Page request: GET (script) https://cdnjs.cloudflare.com/ajax/libs/Chart.js/2.1.6/Chart.min.js","meta":{"rootId":"a0hhvkvd9ts9xhk","id":"a0hhvkvd9ts9xhk"},"id":"4i70ast3auh64ik","previousOperationId":"xwz51y9gjk8ylfh"}
{"type":"log","timestamp":1684667981611,"level":"debug","message":"Page request finished: GET (script) 200 https://cdnjs.cloudflare.com/ajax/libs/Chart.js/2.1.6/Chart.min.js","meta":{"rootId":"a0hhvkvd9ts9xhk","id":"a0hhvkvd9ts9xhk"},"id":"ehnfc7aj93xvpxd","previousOperationId":"xwz51y9gjk8ylfh"}
{"type":"log","timestamp":1684667981710,"level":"debug","message":"Running chrome with params {\"printBackground\":true,\"marginTop\":\"2cm\",\"marginRight\":\"1cm\",\"marginBottom\":\"2cm\",\"marginLeft\":\"1cm\",\"landscape\":false,\"format\":\"A4\",\"displayHeaderFooter\":true,\"footerTemplate\":\"...\",\"timeout\":59938,\"margin\":{\"top\":\"2cm\",\"right\":\"1cm\",\"bottom\":\"2cm\",\"left\":\"1cm\"}}","meta":{"rootId":"a0hhvkvd9ts9xhk","id":"a0hhvkvd9ts9xhk"},"id":"t9qyzthf4x1eagp","previousOperationId":"xwz51y9gjk8ylfh"}
{"type":"operationEnd","operationId":"xwz51y9gjk8ylfh","timestamp":1684667981841,"id":"eg4293oeeoyuytw","previousEventId":"6mcfmt07us3dxan","previousOperationId":"xwz51y9gjk8ylfh"}
{"type":"log","timestamp":1684667981841,"level":"debug","message":"Skipping storing report.","meta":{"rootId":"a0hhvkvd9ts9xhk","id":"a0hhvkvd9ts9xhk"},"id":"6i7beuynuyx19hj","previousOperationId":"xwz51y9gjk8ylfh"}
{"type":"log","timestamp":1684667981841,"level":"info","message":"Rendering request 157 finished in 487 ms","meta":{"rootId":"a0hhvkvd9ts9xhk","id":"a0hhvkvd9ts9xhk"},"id":"ghhkvskl9cm1q8j","previousOperationId":"xwz51y9gjk8ylfh"}
{"type":"operationEnd","subtype":"render","operationId":"zyhqag529n5rtu1","timestamp":1684667981841,"id":"z8kun0ho0vvgfmj","previousEventId":"eg4293oeeoyuytw","previousOperationId":"xwz51y9gjk8ylfh"}
{"type":"operationEnd","doDiffs":false,"previousEventId":"q41a5n18i1hft2m","previousOperationId":"jqnbfmecnbajf8s","operationId":"jqnbfmecnbajf8s","timestamp":1684667981847,"id":"526bqses19kiux9"}
