{"type":"operationStart","subtype":"profile","data":{"_id":"imKLnrUCPWZqFsbM","timestamp":"2023-05-21T05:45:56.203Z","state":"queued","mode":"standard","creationDate":"2023-05-21T05:45:56.204Z","modificationDate":"2023-05-21T05:45:56.204Z","shortid":"ilywi3s","$entitySet":"profiles"},"doDiffs":false,"timestamp":1684647956203,"id":"dqjo0mcvr7dq3yx","previousOperationId":null,"operationId":"s9o7tpomdum36ig"}
{"type":"log","level":"info","message":"Render request 49 queued for execution and waiting for available worker","previousOperationId":"s9o7tpomdum36ig","timestamp":1684647956204,"id":"f03rcxhftj6zvbe"}
{"type":"operationStart","subtype":"render","name":"invoice-js","previousOperationId":"s9o7tpomdum36ig","timestamp":1684647956213,"id":"rx16oiprhyslwk4","previousEventId":"dqjo0mcvr7dq3yx","operationId":"q1c0utmp8hpiks0"}
{"type":"log","timestamp":1684647956213,"level":"info","message":"Starting rendering request 49","meta":{"rootId":"a5bavp4refh897w","id":"a5bavp4refh897w"},"id":"a7iwab252wvqjuj","previousOperationId":"q1c0utmp8hpiks0"}
{"type":"log","timestamp":1684647956213,"level":"info","message":"Rendering template { name: invoice-js, recipe: chrome-pdf, engine: handlebars, preview: true }","meta":{"rootId":"a5bavp4refh897w","id":"a5bavp4refh897w"},"id":"65je8wyu98jgvki","previousOperationId":"q1c0utmp8hpiks0"}
{"type":"log","timestamp":1684647956215,"level":"debug","message":"Inline data specified.","meta":{"rootId":"a5bavp4refh897w","id":"a5bavp4refh897w"},"id":"a0oaqqe21ndylg9","previousOperationId":"q1c0utmp8hpiks0"}
{"type":"log","timestamp":1684647956220,"level":"debug","message":"Base url not specified, skipping its injection.","meta":{"rootId":"a5bavp4refh897w","id":"a5bavp4refh897w"},"id":"cwy6gsdbix0r2gj","previousOperationId":"q1c0utmp8hpiks0"}
{"type":"operationStart","subtype":"engine","name":"handlebars","timestamp":1684647956220,"id":"n7jvb7jzkq7d2b8","previousEventId":"rx16oiprhyslwk4","operationId":"btgw0dwkltg6yd2","previousOperationId":"q1c0utmp8hpiks0"}
{"type":"log","timestamp":1684647956220,"level":"debug","message":"Rendering engine handlebars","meta":{"rootId":"a5bavp4refh897w","id":"a5bavp4refh897w"},"id":"f533tim7e6lg4xk","previousOperationId":"btgw0dwkltg6yd2"}
{"type":"operationEnd","operationId":"btgw0dwkltg6yd2","timestamp":1684647956233,"id":"qva4v8ccrw5kfnv","previousEventId":"n7jvb7jzkq7d2b8","previousOperationId":"btgw0dwkltg6yd2"}
{"type":"operationStart","subtype":"recipe","name":"chrome-pdf","timestamp":1684647956234,"id":"5krnrob76oap1oj","previousEventId":"qva4v8ccrw5kfnv","operationId":"8j8702mz9cj1kh3","previousOperationId":"btgw0dwkltg6yd2"}
{"type":"log","timestamp":1684647956234,"level":"debug","message":"Executing recipe chrome-pdf","meta":{"rootId":"a5bavp4refh897w","id":"a5bavp4refh897w"},"id":"frfp8xrybr3mc0r","previousOperationId":"8j8702mz9cj1kh3"}
{"type":"log","timestamp":1684647956237,"level":"debug","message":"Converting with chrome HeadlessChrome/105.0.5173.0 using chrome-pool strategy","meta":{"rootId":"a5bavp4refh897w","id":"a5bavp4refh897w"},"id":"7f7uhzfcvvud2dx","previousOperationId":"8j8702mz9cj1kh3"}
{"type":"log","timestamp":1684647956343,"level":"debug","message":"Page request: GET (document) file:///C:/Users/Adebayo/AppData/Local/Temp/jsreport/autocleanup/fc5f995a-ae97-49ba-a39d-2e925562a43a-chrome-pdf.html","meta":{"rootId":"a5bavp4refh897w","id":"a5bavp4refh897w"},"id":"fmm9h04pcdt53ie","previousOperationId":"8j8702mz9cj1kh3"}
{"type":"log","timestamp":1684647956357,"level":"debug","message":"Page request finished: GET (document) 200 file:///C:/Users/Adebayo/AppData/Local/Temp/jsreport/autocleanup/fc5f995a-ae97-49ba-a39d-2e925562a43a-chrome-pdf.html","meta":{"rootId":"a5bavp4refh897w","id":"a5bavp4refh897w"},"id":"rtjpxaurbav03e8","previousOperationId":"8j8702mz9cj1kh3"}
{"type":"log","timestamp":1684647956357,"level":"debug","message":"Page request: GET (script) https://cdn.jsdelivr.net/npm/chart.js","meta":{"rootId":"a5bavp4refh897w","id":"a5bavp4refh897w"},"id":"cotrgxa0570xbhf","previousOperationId":"8j8702mz9cj1kh3"}
{"type":"log","timestamp":1684647956364,"level":"debug","message":"Page request finished: GET (script) 200 https://cdn.jsdelivr.net/npm/chart.js","meta":{"rootId":"a5bavp4refh897w","id":"a5bavp4refh897w"},"id":"hsuekuaomfumd49","previousOperationId":"8j8702mz9cj1kh3"}
{"type":"log","timestamp":1684647956448,"level":"debug","message":"Running chrome with params {\"printBackground\":true,\"marginTop\":\"2cm\",\"marginRight\":\"1cm\",\"marginBottom\":\"2cm\",\"marginLeft\":\"1cm\",\"landscape\":false,\"format\":\"A4\",\"displayHeaderFooter\":true,\"timeout\":59966,\"margin\":{\"top\":\"2cm\",\"right\":\"1cm\",\"bottom\":\"2cm\",\"left\":\"1cm\"}}","meta":{"rootId":"a5bavp4refh897w","id":"a5bavp4refh897w"},"id":"wr8prcfjwxs1alz","previousOperationId":"8j8702mz9cj1kh3"}
{"type":"operationEnd","operationId":"8j8702mz9cj1kh3","timestamp":1684647956519,"id":"arvkhvdyx22ws78","previousEventId":"5krnrob76oap1oj","previousOperationId":"8j8702mz9cj1kh3"}
{"type":"log","timestamp":1684647956519,"level":"debug","message":"Skipping storing report.","meta":{"rootId":"a5bavp4refh897w","id":"a5bavp4refh897w"},"id":"u0eybylzxut8ajw","previousOperationId":"8j8702mz9cj1kh3"}
{"type":"log","timestamp":1684647956519,"level":"info","message":"Rendering request 49 finished in 317 ms","meta":{"rootId":"a5bavp4refh897w","id":"a5bavp4refh897w"},"id":"jso8u01ljgzhbkl","previousOperationId":"8j8702mz9cj1kh3"}
{"type":"operationEnd","subtype":"render","operationId":"q1c0utmp8hpiks0","timestamp":1684647956519,"id":"j0ntuqelz0a3aq7","previousEventId":"arvkhvdyx22ws78","previousOperationId":"8j8702mz9cj1kh3"}
{"type":"operationEnd","doDiffs":false,"previousEventId":"dqjo0mcvr7dq3yx","previousOperationId":"s9o7tpomdum36ig","operationId":"s9o7tpomdum36ig","timestamp":1684647956525,"id":"r9sps1lum5ueduk"}
