{"type":"operationStart","subtype":"profile","data":{"_id":"sa6xQzI69RwRd4wB","timestamp":"2023-05-21T07:05:21.121Z","state":"queued","mode":"standard","creationDate":"2023-05-21T07:05:21.125Z","modificationDate":"2023-05-21T07:05:21.125Z","shortid":"sY0nIEd","$entitySet":"profiles"},"doDiffs":false,"timestamp":1684652721123,"id":"albz4krzl3djeo4","previousOperationId":null,"operationId":"dc7tfwzuui4bvc9"}
{"type":"log","level":"info","message":"Render request 97 queued for execution and waiting for available worker","previousOperationId":"dc7tfwzuui4bvc9","timestamp":1684652721123,"id":"ljd6z4y5p0qpa27"}
{"type":"operationStart","subtype":"render","name":"invoice-js","previousOperationId":"dc7tfwzuui4bvc9","timestamp":1684652721140,"id":"tl64zssg4y52xli","previousEventId":"albz4krzl3djeo4","operationId":"uj424r5uwamt1rf"}
{"type":"log","timestamp":1684652721140,"level":"info","message":"Starting rendering request 97","meta":{"rootId":"a8ve2p6tbgw0tdh","id":"a8ve2p6tbgw0tdh"},"id":"f8tnxk2q3mpv325","previousOperationId":"uj424r5uwamt1rf"}
{"type":"log","timestamp":1684652721140,"level":"info","message":"Rendering template { name: invoice-js, recipe: chrome-pdf, engine: handlebars, preview: false }","meta":{"rootId":"a8ve2p6tbgw0tdh","id":"a8ve2p6tbgw0tdh"},"id":"i4950jufhv540ge","previousOperationId":"uj424r5uwamt1rf"}
{"type":"log","timestamp":1684652721142,"level":"debug","message":"Inline data specified.","meta":{"rootId":"a8ve2p6tbgw0tdh","id":"a8ve2p6tbgw0tdh"},"id":"35racdy63hi5zev","previousOperationId":"uj424r5uwamt1rf"}
{"type":"log","timestamp":1684652721152,"level":"debug","message":"Base url not specified, skipping its injection.","meta":{"rootId":"a8ve2p6tbgw0tdh","id":"a8ve2p6tbgw0tdh"},"id":"fk0qj6wrmbkb46n","previousOperationId":"uj424r5uwamt1rf"}
{"type":"operationStart","subtype":"engine","name":"handlebars","timestamp":1684652721153,"id":"if2sqw0ia2z8pgi","previousEventId":"tl64zssg4y52xli","operationId":"ezw5hgjmo1ef2yh","previousOperationId":"uj424r5uwamt1rf"}
{"type":"log","timestamp":1684652721153,"level":"debug","message":"Rendering engine handlebars","meta":{"rootId":"a8ve2p6tbgw0tdh","id":"a8ve2p6tbgw0tdh"},"id":"hwoe5gnmy3pt4s5","previousOperationId":"ezw5hgjmo1ef2yh"}
{"type":"operationEnd","operationId":"ezw5hgjmo1ef2yh","timestamp":1684652721174,"id":"6aig0pfe25iv606","previousEventId":"if2sqw0ia2z8pgi","previousOperationId":"ezw5hgjmo1ef2yh"}
{"type":"operationStart","subtype":"recipe","name":"chrome-pdf","timestamp":1684652721177,"id":"7iedwab9m9vvrx0","previousEventId":"6aig0pfe25iv606","operationId":"1yo77xxjfb6ly22","previousOperationId":"ezw5hgjmo1ef2yh"}
{"type":"log","timestamp":1684652721177,"level":"debug","message":"Executing recipe chrome-pdf","meta":{"rootId":"a8ve2p6tbgw0tdh","id":"a8ve2p6tbgw0tdh"},"id":"9aetbagjnkmb2oz","previousOperationId":"1yo77xxjfb6ly22"}
{"type":"log","timestamp":1684652721179,"level":"debug","message":"Starting child request to render pdf footer","meta":{"rootId":"a8ve2p6tbgw0tdh","id":"a8ve2p6tbgw0tdh"},"id":"vityzybs6dkzoup","previousOperationId":"1yo77xxjfb6ly22"}
{"type":"operationStart","subtype":"render","name":"anonymous","previousOperationId":"1yo77xxjfb6ly22","timestamp":1684652721180,"id":"zox9y6m7yva8e0w","previousEventId":"7iedwab9m9vvrx0","operationId":"8jbx4eq6t4dz44y"}
{"type":"log","timestamp":1684652721180,"level":"info","message":"Starting rendering (child) request","meta":{"rootId":"a8ve2p6tbgw0tdh","id":"cn6j0pqflnfwzgr"},"id":"uccxgo3zuqplerp","previousOperationId":"8jbx4eq6t4dz44y"}
{"type":"log","timestamp":1684652721180,"level":"info","message":"Rendering anonymous template { recipe: html, engine: handlebars }","meta":{"rootId":"a8ve2p6tbgw0tdh","id":"cn6j0pqflnfwzgr"},"id":"i0qhfk8qfbwglio","previousOperationId":"8jbx4eq6t4dz44y"}
{"type":"log","timestamp":1684652721180,"level":"debug","message":"Inline data specified.","meta":{"rootId":"a8ve2p6tbgw0tdh","id":"cn6j0pqflnfwzgr"},"id":"va9ecw1amucinx1","previousOperationId":"8jbx4eq6t4dz44y"}
{"type":"log","timestamp":1684652721182,"level":"debug","message":"Base url not specified, skipping its injection.","meta":{"rootId":"a8ve2p6tbgw0tdh","id":"cn6j0pqflnfwzgr"},"id":"jlj3zycrkmjc7j5","previousOperationId":"8jbx4eq6t4dz44y"}
{"type":"operationStart","subtype":"engine","name":"handlebars","timestamp":1684652721183,"id":"m1sqed7sdnb7q6b","previousEventId":"zox9y6m7yva8e0w","operationId":"oel8uxpkrrs7ifb","previousOperationId":"8jbx4eq6t4dz44y"}
{"type":"log","timestamp":1684652721183,"level":"debug","message":"Rendering engine handlebars","meta":{"rootId":"a8ve2p6tbgw0tdh","id":"cn6j0pqflnfwzgr"},"id":"gmha1l807yynwi1","previousOperationId":"oel8uxpkrrs7ifb"}
{"type":"operationEnd","operationId":"oel8uxpkrrs7ifb","timestamp":1684652721203,"id":"pebvgsmrfbw13a8","previousEventId":"m1sqed7sdnb7q6b","previousOperationId":"oel8uxpkrrs7ifb"}
{"type":"operationStart","subtype":"recipe","name":"html","timestamp":1684652721204,"id":"via561afvhq1p4x","previousEventId":"pebvgsmrfbw13a8","operationId":"inj23rtvajl3xoe","previousOperationId":"oel8uxpkrrs7ifb"}
{"type":"log","timestamp":1684652721204,"level":"debug","message":"Executing recipe html","meta":{"rootId":"a8ve2p6tbgw0tdh","id":"cn6j0pqflnfwzgr"},"id":"6kd1yud0u5ev5vt","previousOperationId":"inj23rtvajl3xoe"}
{"type":"operationEnd","operationId":"inj23rtvajl3xoe","timestamp":1684652721204,"id":"6pmxqcpadc7levf","previousEventId":"via561afvhq1p4x","previousOperationId":"inj23rtvajl3xoe"}
{"type":"log","timestamp":1684652721204,"level":"debug","message":"Skipping storing report.","meta":{"rootId":"a8ve2p6tbgw0tdh","id":"cn6j0pqflnfwzgr"},"id":"otzbjst62dw6h1o","previousOperationId":"inj23rtvajl3xoe"}
{"type":"log","timestamp":1684652721204,"level":"info","message":"Rendering (child) request finished in 83 ms","meta":{"rootId":"a8ve2p6tbgw0tdh","id":"cn6j0pqflnfwzgr"},"id":"wisl5t1nzmul9ym","previousOperationId":"inj23rtvajl3xoe"}
{"type":"operationEnd","subtype":"render","operationId":"8jbx4eq6t4dz44y","timestamp":1684652721204,"id":"qk76h7e1o9mpeln","previousEventId":"6pmxqcpadc7levf","previousOperationId":"inj23rtvajl3xoe"}
{"type":"log","timestamp":1684652721206,"level":"debug","message":"Converting with chrome HeadlessChrome/105.0.5173.0 using chrome-pool strategy","meta":{"rootId":"a8ve2p6tbgw0tdh","id":"a8ve2p6tbgw0tdh"},"id":"6s92k1qyxfv2khv","previousOperationId":"1yo77xxjfb6ly22"}
{"type":"log","timestamp":1684652721349,"level":"debug","message":"Page request: GET (document) file:///C:/Users/Adebayo/AppData/Local/Temp/jsreport/autocleanup/6dd7cb0d-2ea7-4951-a121-12e4bea79420-chrome-pdf.html","meta":{"rootId":"a8ve2p6tbgw0tdh","id":"a8ve2p6tbgw0tdh"},"id":"nuo7wgidxxbz744","previousOperationId":"1yo77xxjfb6ly22"}
{"type":"log","timestamp":1684652721367,"level":"debug","message":"Page request finished: GET (document) 200 file:///C:/Users/Adebayo/AppData/Local/Temp/jsreport/autocleanup/6dd7cb0d-2ea7-4951-a121-12e4bea79420-chrome-pdf.html","meta":{"rootId":"a8ve2p6tbgw0tdh","id":"a8ve2p6tbgw0tdh"},"id":"y0myipc0u2rs51w","previousOperationId":"1yo77xxjfb6ly22"}
{"type":"log","timestamp":1684652721367,"level":"debug","message":"Page request: GET (script) https://cdnjs.cloudflare.com/ajax/libs/Chart.js/2.1.6/Chart.min.js","meta":{"rootId":"a8ve2p6tbgw0tdh","id":"a8ve2p6tbgw0tdh"},"id":"w800kc8qmav0jd8","previousOperationId":"1yo77xxjfb6ly22"}
{"type":"log","timestamp":1684652721375,"level":"debug","message":"Page request finished: GET (script) 200 https://cdnjs.cloudflare.com/ajax/libs/Chart.js/2.1.6/Chart.min.js","meta":{"rootId":"a8ve2p6tbgw0tdh","id":"a8ve2p6tbgw0tdh"},"id":"8cqih34mlzdz1kl","previousOperationId":"1yo77xxjfb6ly22"}
{"type":"log","timestamp":1684652721384,"level":"warn","message":"Page error: SyntaxError: Unexpected token ','","meta":{"rootId":"a8ve2p6tbgw0tdh","id":"a8ve2p6tbgw0tdh"},"id":"154fjnol19723ud","previousOperationId":"1yo77xxjfb6ly22"}
{"type":"log","timestamp":1684652721400,"level":"debug","message":"Running chrome with params {\"printBackground\":true,\"marginTop\":\"2cm\",\"marginRight\":\"1cm\",\"marginBottom\":\"2cm\",\"marginLeft\":\"1cm\",\"landscape\":false,\"format\":\"A4\",\"displayHeaderFooter\":true,\"footerTemplate\":\"...\",\"timeout\":59917,\"margin\":{\"top\":\"2cm\",\"right\":\"1cm\",\"bottom\":\"2cm\",\"left\":\"1cm\"}}","meta":{"rootId":"a8ve2p6tbgw0tdh","id":"a8ve2p6tbgw0tdh"},"id":"1lqq2ebk9l586n8","previousOperationId":"1yo77xxjfb6ly22"}
{"type":"operationEnd","operationId":"1yo77xxjfb6ly22","timestamp":1684652721491,"id":"atu21qf4grnvt9x","previousEventId":"7iedwab9m9vvrx0","previousOperationId":"1yo77xxjfb6ly22"}
{"type":"log","timestamp":1684652721491,"level":"debug","message":"Skipping storing report.","meta":{"rootId":"a8ve2p6tbgw0tdh","id":"a8ve2p6tbgw0tdh"},"id":"ihulqk0vl0t60nq","previousOperationId":"1yo77xxjfb6ly22"}
{"type":"log","timestamp":1684652721491,"level":"info","message":"Rendering request 97 finished in 370 ms","meta":{"rootId":"a8ve2p6tbgw0tdh","id":"a8ve2p6tbgw0tdh"},"id":"i7xgt4dqbcaqie2","previousOperationId":"1yo77xxjfb6ly22"}
{"type":"operationEnd","subtype":"render","operationId":"uj424r5uwamt1rf","timestamp":1684652721491,"id":"zjgqjwse0t84aok","previousEventId":"atu21qf4grnvt9x","previousOperationId":"1yo77xxjfb6ly22"}
{"type":"operationEnd","doDiffs":false,"previousEventId":"albz4krzl3djeo4","previousOperationId":"dc7tfwzuui4bvc9","operationId":"dc7tfwzuui4bvc9","timestamp":1684652721498,"id":"8fnylx0vslz0v7g"}
