{"type":"operationStart","subtype":"profile","data":{"_id":"ZtbZKYBPFtJI7XCX","timestamp":"2023-05-21T07:27:17.805Z","state":"queued","mode":"standard","creationDate":"2023-05-21T07:27:17.810Z","modificationDate":"2023-05-21T07:27:17.810Z","shortid":"uzWU52e","$entitySet":"profiles"},"doDiffs":false,"timestamp":1684654037807,"id":"bz1sk9o7z3wjy4y","previousOperationId":null,"operationId":"7bfjyaxbux5l00t"}
{"type":"log","level":"info","message":"Render request 134 queued for execution and waiting for available worker","previousOperationId":"7bfjyaxbux5l00t","timestamp":1684654037809,"id":"u03f4s3eykkpf4r"}
{"type":"operationStart","subtype":"render","name":"invoice-js","previousOperationId":"7bfjyaxbux5l00t","timestamp":1684654037835,"id":"gzcc0olpye3lanq","previousEventId":"bz1sk9o7z3wjy4y","operationId":"ps3islxdmfqgy6m"}
{"type":"log","timestamp":1684654037836,"level":"info","message":"Starting rendering request 134","meta":{"rootId":"aetciwxd5l1oxe6","id":"aetciwxd5l1oxe6"},"id":"v8nuuhk5hfm2p7p","previousOperationId":"ps3islxdmfqgy6m"}
{"type":"log","timestamp":1684654037836,"level":"info","message":"Rendering template { name: invoice-js, recipe: chrome-pdf, engine: handlebars, preview: true }","meta":{"rootId":"aetciwxd5l1oxe6","id":"aetciwxd5l1oxe6"},"id":"2jd95ea9a304qeo","previousOperationId":"ps3islxdmfqgy6m"}
{"type":"log","timestamp":1684654037837,"level":"debug","message":"Inline data specified.","meta":{"rootId":"aetciwxd5l1oxe6","id":"aetciwxd5l1oxe6"},"id":"ow0aklzejvwlokw","previousOperationId":"ps3islxdmfqgy6m"}
{"type":"log","timestamp":1684654037840,"level":"debug","message":"Base url not specified, skipping its injection.","meta":{"rootId":"aetciwxd5l1oxe6","id":"aetciwxd5l1oxe6"},"id":"gj9ynabobj2nmut","previousOperationId":"ps3islxdmfqgy6m"}
{"type":"operationStart","subtype":"engine","name":"handlebars","timestamp":1684654037840,"id":"u8wwwb1kkksgiqy","previousEventId":"gzcc0olpye3lanq","operationId":"dbbmzkwoms6dc20","previousOperationId":"ps3islxdmfqgy6m"}
{"type":"log","timestamp":1684654037840,"level":"debug","message":"Rendering engine handlebars","meta":{"rootId":"aetciwxd5l1oxe6","id":"aetciwxd5l1oxe6"},"id":"74s9b5k01qjrt94","previousOperationId":"dbbmzkwoms6dc20"}
{"type":"operationEnd","operationId":"dbbmzkwoms6dc20","timestamp":1684654037917,"id":"w659th3d14qhmd1","previousEventId":"u8wwwb1kkksgiqy","previousOperationId":"dbbmzkwoms6dc20"}
{"type":"operationStart","subtype":"recipe","name":"chrome-pdf","timestamp":1684654037918,"id":"k3b28lz51uovupv","previousEventId":"w659th3d14qhmd1","operationId":"8tc659ruy3cr2ll","previousOperationId":"dbbmzkwoms6dc20"}
{"type":"log","timestamp":1684654037918,"level":"debug","message":"Executing recipe chrome-pdf","meta":{"rootId":"aetciwxd5l1oxe6","id":"aetciwxd5l1oxe6"},"id":"nq2x1dp49drmlua","previousOperationId":"8tc659ruy3cr2ll"}
{"type":"log","timestamp":1684654037935,"level":"debug","message":"Starting child request to render pdf footer","meta":{"rootId":"aetciwxd5l1oxe6","id":"aetciwxd5l1oxe6"},"id":"rhygl4ikav1b4pj","previousOperationId":"8tc659ruy3cr2ll"}
{"type":"operationStart","subtype":"render","name":"anonymous","previousOperationId":"8tc659ruy3cr2ll","timestamp":1684654037936,"id":"3y3dte5grt7y6cp","previousEventId":"k3b28lz51uovupv","operationId":"vq8epnshcdga5vc"}
{"type":"log","timestamp":1684654037936,"level":"info","message":"Starting rendering (child) request","meta":{"rootId":"aetciwxd5l1oxe6","id":"sb2s7v1nrewxbe7"},"id":"6l332qo7falorvl","previousOperationId":"vq8epnshcdga5vc"}
{"type":"log","timestamp":1684654037936,"level":"info","message":"Rendering anonymous template { recipe: html, engine: handlebars }","meta":{"rootId":"aetciwxd5l1oxe6","id":"sb2s7v1nrewxbe7"},"id":"q42537jurklh9qk","previousOperationId":"vq8epnshcdga5vc"}
{"type":"log","timestamp":1684654037936,"level":"debug","message":"Inline data specified.","meta":{"rootId":"aetciwxd5l1oxe6","id":"sb2s7v1nrewxbe7"},"id":"oau433ovovohp9i","previousOperationId":"vq8epnshcdga5vc"}
{"type":"log","timestamp":1684654037939,"level":"debug","message":"Base url not specified, skipping its injection.","meta":{"rootId":"aetciwxd5l1oxe6","id":"sb2s7v1nrewxbe7"},"id":"i0hj4c0mdbebwua","previousOperationId":"vq8epnshcdga5vc"}
{"type":"operationStart","subtype":"engine","name":"handlebars","timestamp":1684654037939,"id":"hohcul7p4gagi4y","previousEventId":"3y3dte5grt7y6cp","operationId":"pi4wg3cebo30o4q","previousOperationId":"vq8epnshcdga5vc"}
{"type":"log","timestamp":1684654037939,"level":"debug","message":"Rendering engine handlebars","meta":{"rootId":"aetciwxd5l1oxe6","id":"sb2s7v1nrewxbe7"},"id":"ohk84ueagfvq5pa","previousOperationId":"pi4wg3cebo30o4q"}
{"type":"operationEnd","operationId":"pi4wg3cebo30o4q","timestamp":1684654037976,"id":"zs77g287d4oxt7g","previousEventId":"hohcul7p4gagi4y","previousOperationId":"pi4wg3cebo30o4q"}
{"type":"operationStart","subtype":"recipe","name":"html","timestamp":1684654037976,"id":"mne12v1qjzw33qt","previousEventId":"zs77g287d4oxt7g","operationId":"99j3aqea15z1ho8","previousOperationId":"pi4wg3cebo30o4q"}
{"type":"log","timestamp":1684654037976,"level":"debug","message":"Executing recipe html","meta":{"rootId":"aetciwxd5l1oxe6","id":"sb2s7v1nrewxbe7"},"id":"1ojz2dzrekjqznu","previousOperationId":"99j3aqea15z1ho8"}
{"type":"operationEnd","operationId":"99j3aqea15z1ho8","timestamp":1684654037976,"id":"lgogxeskvu83ysb","previousEventId":"mne12v1qjzw33qt","previousOperationId":"99j3aqea15z1ho8"}
{"type":"log","timestamp":1684654037976,"level":"debug","message":"Skipping storing report.","meta":{"rootId":"aetciwxd5l1oxe6","id":"sb2s7v1nrewxbe7"},"id":"z7vfn72a3mabpm4","previousOperationId":"99j3aqea15z1ho8"}
{"type":"log","timestamp":1684654037977,"level":"info","message":"Rendering (child) request finished in 173 ms","meta":{"rootId":"aetciwxd5l1oxe6","id":"sb2s7v1nrewxbe7"},"id":"8odh8pz494a7ltc","previousOperationId":"99j3aqea15z1ho8"}
{"type":"operationEnd","subtype":"render","operationId":"vq8epnshcdga5vc","timestamp":1684654037977,"id":"efvpbqshjeytzix","previousEventId":"lgogxeskvu83ysb","previousOperationId":"99j3aqea15z1ho8"}
{"type":"log","timestamp":1684654037978,"level":"debug","message":"Converting with chrome HeadlessChrome/105.0.5173.0 using chrome-pool strategy","meta":{"rootId":"aetciwxd5l1oxe6","id":"aetciwxd5l1oxe6"},"id":"v2ttqym90z5169h","previousOperationId":"8tc659ruy3cr2ll"}
{"type":"log","timestamp":1684654038154,"level":"debug","message":"Page request: GET (document) file:///C:/Users/Adebayo/AppData/Local/Temp/jsreport/autocleanup/7da61c63-ea0d-4545-80c6-21614be4c95c-chrome-pdf.html","meta":{"rootId":"aetciwxd5l1oxe6","id":"aetciwxd5l1oxe6"},"id":"6b7bvqm4gug3pno","previousOperationId":"8tc659ruy3cr2ll"}
{"type":"log","timestamp":1684654038175,"level":"debug","message":"Page request finished: GET (document) 200 file:///C:/Users/Adebayo/AppData/Local/Temp/jsreport/autocleanup/7da61c63-ea0d-4545-80c6-21614be4c95c-chrome-pdf.html","meta":{"rootId":"aetciwxd5l1oxe6","id":"aetciwxd5l1oxe6"},"id":"su02xbvclb8tbuj","previousOperationId":"8tc659ruy3cr2ll"}
{"type":"log","timestamp":1684654038176,"level":"debug","message":"Page request: GET (script) https://cdnjs.cloudflare.com/ajax/libs/Chart.js/2.1.6/Chart.min.js","meta":{"rootId":"aetciwxd5l1oxe6","id":"aetciwxd5l1oxe6"},"id":"cww570853ggdjvf","previousOperationId":"8tc659ruy3cr2ll"}
{"type":"log","timestamp":1684654038186,"level":"debug","message":"Page request finished: GET (script) 200 https://cdnjs.cloudflare.com/ajax/libs/Chart.js/2.1.6/Chart.min.js","meta":{"rootId":"aetciwxd5l1oxe6","id":"aetciwxd5l1oxe6"},"id":"lkee978jtvz4ii6","previousOperationId":"8tc659ruy3cr2ll"}
{"type":"log","timestamp":1684654038255,"level":"debug","message":"Running chrome with params {\"printBackground\":true,\"marginTop\":\"2cm\",\"marginRight\":\"1cm\",\"marginBottom\":\"2cm\",\"marginLeft\":\"1cm\",\"landscape\":false,\"format\":\"A4\",\"displayHeaderFooter\":true,\"footerTemplate\":\"...\",\"timeout\":59827,\"margin\":{\"top\":\"2cm\",\"right\":\"1cm\",\"bottom\":\"2cm\",\"left\":\"1cm\"}}","meta":{"rootId":"aetciwxd5l1oxe6","id":"aetciwxd5l1oxe6"},"id":"6zqzxb7p2u0swe6","previousOperationId":"8tc659ruy3cr2ll"}
{"type":"operationEnd","operationId":"8tc659ruy3cr2ll","timestamp":1684654038345,"id":"ofsjf5vh75r0fyw","previousEventId":"k3b28lz51uovupv","previousOperationId":"8tc659ruy3cr2ll"}
{"type":"log","timestamp":1684654038345,"level":"debug","message":"Skipping storing report.","meta":{"rootId":"aetciwxd5l1oxe6","id":"aetciwxd5l1oxe6"},"id":"vwhp2cq7bm1h4wg","previousOperationId":"8tc659ruy3cr2ll"}
{"type":"log","timestamp":1684654038345,"level":"info","message":"Rendering request 134 finished in 541 ms","meta":{"rootId":"aetciwxd5l1oxe6","id":"aetciwxd5l1oxe6"},"id":"irwadw01sey07tw","previousOperationId":"8tc659ruy3cr2ll"}
{"type":"operationEnd","subtype":"render","operationId":"ps3islxdmfqgy6m","timestamp":1684654038345,"id":"z5xy57mwpelsqjm","previousEventId":"ofsjf5vh75r0fyw","previousOperationId":"8tc659ruy3cr2ll"}
{"type":"operationEnd","doDiffs":false,"previousEventId":"bz1sk9o7z3wjy4y","previousOperationId":"7bfjyaxbux5l00t","operationId":"7bfjyaxbux5l00t","timestamp":1684654038355,"id":"w93fb8q6v4k7lnf"}
