{"type":"operationStart","subtype":"profile","data":{"_id":"23o2UppIqud4A2RB","timestamp":"2023-05-21T07:27:34.164Z","state":"queued","mode":"standard","creationDate":"2023-05-21T07:27:34.169Z","modificationDate":"2023-05-21T07:27:34.169Z","shortid":"c0Rqf5y","$entitySet":"profiles"},"doDiffs":false,"timestamp":1684654054168,"id":"q9w79v7ec8i2j4t","previousOperationId":null,"operationId":"7miyubtw0q2zomx"}
{"type":"log","level":"info","message":"Render request 135 queued for execution and waiting for available worker","previousOperationId":"7miyubtw0q2zomx","timestamp":1684654054168,"id":"k0bbkbg3v2o4yts"}
{"type":"operationStart","subtype":"render","name":"invoice-js","previousOperationId":"7miyubtw0q2zomx","timestamp":1684654054181,"id":"novy8e4z7xiignf","previousEventId":"q9w79v7ec8i2j4t","operationId":"69lmgmz96h2qf8t"}
{"type":"log","timestamp":1684654054182,"level":"info","message":"Starting rendering request 135","meta":{"rootId":"au7u789z4f9r4np","id":"au7u789z4f9r4np"},"id":"axen256h8zk9vha","previousOperationId":"69lmgmz96h2qf8t"}
{"type":"log","timestamp":1684654054182,"level":"info","message":"Rendering template { name: invoice-js, recipe: chrome-pdf, engine: handlebars, preview: false }","meta":{"rootId":"au7u789z4f9r4np","id":"au7u789z4f9r4np"},"id":"10q7j34rwbncj10","previousOperationId":"69lmgmz96h2qf8t"}
{"type":"log","timestamp":1684654054186,"level":"debug","message":"Inline data specified.","meta":{"rootId":"au7u789z4f9r4np","id":"au7u789z4f9r4np"},"id":"ywd17kwx0jinyf9","previousOperationId":"69lmgmz96h2qf8t"}
{"type":"log","timestamp":1684654054190,"level":"debug","message":"Base url not specified, skipping its injection.","meta":{"rootId":"au7u789z4f9r4np","id":"au7u789z4f9r4np"},"id":"ew7k74fygm130dr","previousOperationId":"69lmgmz96h2qf8t"}
{"type":"operationStart","subtype":"engine","name":"handlebars","timestamp":1684654054191,"id":"vqhw7yxafic79ev","previousEventId":"novy8e4z7xiignf","operationId":"g7i8wgn3fv1q8ix","previousOperationId":"69lmgmz96h2qf8t"}
{"type":"log","timestamp":1684654054191,"level":"debug","message":"Rendering engine handlebars","meta":{"rootId":"au7u789z4f9r4np","id":"au7u789z4f9r4np"},"id":"cng45h6litw5z9o","previousOperationId":"g7i8wgn3fv1q8ix"}
{"type":"operationEnd","operationId":"g7i8wgn3fv1q8ix","timestamp":1684654054220,"id":"czymrpgvdi0ia0c","previousEventId":"vqhw7yxafic79ev","previousOperationId":"g7i8wgn3fv1q8ix"}
{"type":"operationStart","subtype":"recipe","name":"chrome-pdf","timestamp":1684654054220,"id":"x1gytu6umfeo44b","previousEventId":"czymrpgvdi0ia0c","operationId":"1ni6v9r14qv2i6e","previousOperationId":"g7i8wgn3fv1q8ix"}
{"type":"log","timestamp":1684654054220,"level":"debug","message":"Executing recipe chrome-pdf","meta":{"rootId":"au7u789z4f9r4np","id":"au7u789z4f9r4np"},"id":"kxh0e2l38qf9x03","previousOperationId":"1ni6v9r14qv2i6e"}
{"type":"log","timestamp":1684654054223,"level":"debug","message":"Starting child request to render pdf footer","meta":{"rootId":"au7u789z4f9r4np","id":"au7u789z4f9r4np"},"id":"5gj0y3oj8vjrxmd","previousOperationId":"1ni6v9r14qv2i6e"}
{"type":"operationStart","subtype":"render","name":"anonymous","previousOperationId":"1ni6v9r14qv2i6e","timestamp":1684654054223,"id":"2bjajlqtjt7x1na","previousEventId":"x1gytu6umfeo44b","operationId":"3d1x8ee4q6y9lpm"}
{"type":"log","timestamp":1684654054223,"level":"info","message":"Starting rendering (child) request","meta":{"rootId":"au7u789z4f9r4np","id":"b26e830luryvlqm"},"id":"0io9egwdo6ob4zh","previousOperationId":"3d1x8ee4q6y9lpm"}
{"type":"log","timestamp":1684654054223,"level":"info","message":"Rendering anonymous template { recipe: html, engine: handlebars }","meta":{"rootId":"au7u789z4f9r4np","id":"b26e830luryvlqm"},"id":"4oxijnk5usxug4n","previousOperationId":"3d1x8ee4q6y9lpm"}
{"type":"log","timestamp":1684654054223,"level":"debug","message":"Inline data specified.","meta":{"rootId":"au7u789z4f9r4np","id":"b26e830luryvlqm"},"id":"0djosq2624i9ylp","previousOperationId":"3d1x8ee4q6y9lpm"}
{"type":"log","timestamp":1684654054225,"level":"debug","message":"Base url not specified, skipping its injection.","meta":{"rootId":"au7u789z4f9r4np","id":"b26e830luryvlqm"},"id":"x3wjc6ww0g8vk33","previousOperationId":"3d1x8ee4q6y9lpm"}
{"type":"operationStart","subtype":"engine","name":"handlebars","timestamp":1684654054225,"id":"751zw0b99a36vp4","previousEventId":"2bjajlqtjt7x1na","operationId":"7agvjheav4fj606","previousOperationId":"3d1x8ee4q6y9lpm"}
{"type":"log","timestamp":1684654054225,"level":"debug","message":"Rendering engine handlebars","meta":{"rootId":"au7u789z4f9r4np","id":"b26e830luryvlqm"},"id":"a4ggluwre2fsprd","previousOperationId":"7agvjheav4fj606"}
{"type":"operationEnd","operationId":"7agvjheav4fj606","timestamp":1684654054247,"id":"q3dxu2lin95hvv8","previousEventId":"751zw0b99a36vp4","previousOperationId":"7agvjheav4fj606"}
{"type":"operationStart","subtype":"recipe","name":"html","timestamp":1684654054248,"id":"pt6ae8qdw45ov3c","previousEventId":"q3dxu2lin95hvv8","operationId":"quhg5au096z9sqd","previousOperationId":"7agvjheav4fj606"}
{"type":"log","timestamp":1684654054248,"level":"debug","message":"Executing recipe html","meta":{"rootId":"au7u789z4f9r4np","id":"b26e830luryvlqm"},"id":"w753sc3c7am8keg","previousOperationId":"quhg5au096z9sqd"}
{"type":"operationEnd","operationId":"quhg5au096z9sqd","timestamp":1684654054248,"id":"llj7yp2owk82ha5","previousEventId":"pt6ae8qdw45ov3c","previousOperationId":"quhg5au096z9sqd"}
{"type":"log","timestamp":1684654054248,"level":"debug","message":"Skipping storing report.","meta":{"rootId":"au7u789z4f9r4np","id":"b26e830luryvlqm"},"id":"parctxhlk9wry3s","previousOperationId":"quhg5au096z9sqd"}
{"type":"log","timestamp":1684654054248,"level":"info","message":"Rendering (child) request finished in 86 ms","meta":{"rootId":"au7u789z4f9r4np","id":"b26e830luryvlqm"},"id":"uhf5foq7ozyqbgh","previousOperationId":"quhg5au096z9sqd"}
{"type":"operationEnd","subtype":"render","operationId":"3d1x8ee4q6y9lpm","timestamp":1684654054248,"id":"b9ekurpb52a910w","previousEventId":"llj7yp2owk82ha5","previousOperationId":"quhg5au096z9sqd"}
{"type":"log","timestamp":1684654054253,"level":"debug","message":"Converting with chrome HeadlessChrome/105.0.5173.0 using chrome-pool strategy","meta":{"rootId":"au7u789z4f9r4np","id":"au7u789z4f9r4np"},"id":"x4z4xewufkd1553","previousOperationId":"1ni6v9r14qv2i6e"}
{"type":"log","timestamp":1684654054390,"level":"debug","message":"Page request: GET (document) file:///C:/Users/Adebayo/AppData/Local/Temp/jsreport/autocleanup/bc93696d-6c7d-4539-96d4-12b208dc5470-chrome-pdf.html","meta":{"rootId":"au7u789z4f9r4np","id":"au7u789z4f9r4np"},"id":"j45v8g983vfyuyp","previousOperationId":"1ni6v9r14qv2i6e"}
{"type":"log","timestamp":1684654054413,"level":"debug","message":"Page request finished: GET (document) 200 file:///C:/Users/Adebayo/AppData/Local/Temp/jsreport/autocleanup/bc93696d-6c7d-4539-96d4-12b208dc5470-chrome-pdf.html","meta":{"rootId":"au7u789z4f9r4np","id":"au7u789z4f9r4np"},"id":"7ikm9xed67v8d9q","previousOperationId":"1ni6v9r14qv2i6e"}
{"type":"log","timestamp":1684654054413,"level":"debug","message":"Page request: GET (script) https://cdnjs.cloudflare.com/ajax/libs/Chart.js/2.1.6/Chart.min.js","meta":{"rootId":"au7u789z4f9r4np","id":"au7u789z4f9r4np"},"id":"gy9nxpxamqlayjl","previousOperationId":"1ni6v9r14qv2i6e"}
{"type":"log","timestamp":1684654054423,"level":"debug","message":"Page request finished: GET (script) 200 https://cdnjs.cloudflare.com/ajax/libs/Chart.js/2.1.6/Chart.min.js","meta":{"rootId":"au7u789z4f9r4np","id":"au7u789z4f9r4np"},"id":"x90nh2oejjwq6lv","previousOperationId":"1ni6v9r14qv2i6e"}
{"type":"log","timestamp":1684654054429,"level":"warn","message":"Page error: SyntaxError: Unexpected token ','","meta":{"rootId":"au7u789z4f9r4np","id":"au7u789z4f9r4np"},"id":"bwvsyqb3cx5rmny","previousOperationId":"1ni6v9r14qv2i6e"}
{"type":"log","timestamp":1684654054435,"level":"debug","message":"Running chrome with params {\"printBackground\":true,\"marginTop\":\"2cm\",\"marginRight\":\"1cm\",\"marginBottom\":\"2cm\",\"marginLeft\":\"1cm\",\"landscape\":false,\"format\":\"A4\",\"displayHeaderFooter\":true,\"footerTemplate\":\"...\",\"timeout\":59913,\"margin\":{\"top\":\"2cm\",\"right\":\"1cm\",\"bottom\":\"2cm\",\"left\":\"1cm\"}}","meta":{"rootId":"au7u789z4f9r4np","id":"au7u789z4f9r4np"},"id":"7abzvz3oik0mu2x","previousOperationId":"1ni6v9r14qv2i6e"}
{"type":"operationEnd","operationId":"1ni6v9r14qv2i6e","timestamp":1684654054538,"id":"m0ceq0smv2g38ag","previousEventId":"x1gytu6umfeo44b","previousOperationId":"1ni6v9r14qv2i6e"}
{"type":"log","timestamp":1684654054538,"level":"debug","message":"Skipping storing report.","meta":{"rootId":"au7u789z4f9r4np","id":"au7u789z4f9r4np"},"id":"op9wwheb5xta0ho","previousOperationId":"1ni6v9r14qv2i6e"}
{"type":"log","timestamp":1684654054538,"level":"info","message":"Rendering request 135 finished in 376 ms","meta":{"rootId":"au7u789z4f9r4np","id":"au7u789z4f9r4np"},"id":"00web4l6lcyyou9","previousOperationId":"1ni6v9r14qv2i6e"}
{"type":"operationEnd","subtype":"render","operationId":"69lmgmz96h2qf8t","timestamp":1684654054538,"id":"02f6urj0vfsuqk4","previousEventId":"m0ceq0smv2g38ag","previousOperationId":"1ni6v9r14qv2i6e"}
{"type":"operationEnd","doDiffs":false,"previousEventId":"q9w79v7ec8i2j4t","previousOperationId":"7miyubtw0q2zomx","operationId":"7miyubtw0q2zomx","timestamp":1684654054542,"id":"z205mrujoe419d1"}
