{"type":"operationStart","subtype":"profile","data":{"_id":"CgMqq0qv1Bda30cs","timestamp":"2023-05-21T07:20:06.070Z","state":"queued","mode":"standard","creationDate":"2023-05-21T07:20:06.075Z","modificationDate":"2023-05-21T07:20:06.075Z","shortid":"yjViDEc","$entitySet":"profiles"},"doDiffs":false,"timestamp":1684653606073,"id":"rtdhzflcz5xbozv","previousOperationId":null,"operationId":"v49arzuog298xpe"}
{"type":"log","level":"info","message":"Render request 116 queued for execution and waiting for available worker","previousOperationId":"v49arzuog298xpe","timestamp":1684653606073,"id":"m522q5tyd1cooea"}
{"type":"operationStart","subtype":"render","name":"invoice-js","previousOperationId":"v49arzuog298xpe","timestamp":1684653606090,"id":"osmjxmyxxz74f21","previousEventId":"rtdhzflcz5xbozv","operationId":"koccxnsgwpvxakc"}
{"type":"log","timestamp":1684653606090,"level":"info","message":"Starting rendering request 116","meta":{"rootId":"ax26quld7shy8pt","id":"ax26quld7shy8pt"},"id":"tbgdrbi1n5fpl2e","previousOperationId":"koccxnsgwpvxakc"}
{"type":"log","timestamp":1684653606090,"level":"info","message":"Rendering template { name: invoice-js, recipe: chrome-pdf, engine: handlebars, preview: false }","meta":{"rootId":"ax26quld7shy8pt","id":"ax26quld7shy8pt"},"id":"z761d87in163rol","previousOperationId":"koccxnsgwpvxakc"}
{"type":"log","timestamp":1684653606092,"level":"debug","message":"Inline data specified.","meta":{"rootId":"ax26quld7shy8pt","id":"ax26quld7shy8pt"},"id":"4sbbz6bxc41qn49","previousOperationId":"koccxnsgwpvxakc"}
{"type":"log","timestamp":1684653606100,"level":"debug","message":"Base url not specified, skipping its injection.","meta":{"rootId":"ax26quld7shy8pt","id":"ax26quld7shy8pt"},"id":"onkq7h09p08m76d","previousOperationId":"koccxnsgwpvxakc"}
{"type":"operationStart","subtype":"engine","name":"handlebars","timestamp":1684653606100,"id":"u9h1lavpact4eue","previousEventId":"osmjxmyxxz74f21","operationId":"yseknxv5rsdrh1q","previousOperationId":"koccxnsgwpvxakc"}
{"type":"log","timestamp":1684653606100,"level":"debug","message":"Rendering engine handlebars","meta":{"rootId":"ax26quld7shy8pt","id":"ax26quld7shy8pt"},"id":"83q4qs098u0hurs","previousOperationId":"yseknxv5rsdrh1q"}
{"type":"operationEnd","operationId":"yseknxv5rsdrh1q","timestamp":1684653606123,"id":"c3qld3pwd5uph1f","previousEventId":"u9h1lavpact4eue","previousOperationId":"yseknxv5rsdrh1q"}
{"type":"operationStart","subtype":"recipe","name":"chrome-pdf","timestamp":1684653606123,"id":"iqmysua4drdd7zo","previousEventId":"c3qld3pwd5uph1f","operationId":"ocg5k0z4z59vkou","previousOperationId":"yseknxv5rsdrh1q"}
{"type":"log","timestamp":1684653606123,"level":"debug","message":"Executing recipe chrome-pdf","meta":{"rootId":"ax26quld7shy8pt","id":"ax26quld7shy8pt"},"id":"7bmk15smkgdf3aj","previousOperationId":"ocg5k0z4z59vkou"}
{"type":"log","timestamp":1684653606128,"level":"debug","message":"Starting child request to render pdf footer","meta":{"rootId":"ax26quld7shy8pt","id":"ax26quld7shy8pt"},"id":"jyujtsqjo881cj7","previousOperationId":"ocg5k0z4z59vkou"}
{"type":"operationStart","subtype":"render","name":"anonymous","previousOperationId":"ocg5k0z4z59vkou","timestamp":1684653606128,"id":"1jglmw79jnsj9bf","previousEventId":"iqmysua4drdd7zo","operationId":"186pawycjkpf0gk"}
{"type":"log","timestamp":1684653606128,"level":"info","message":"Starting rendering (child) request","meta":{"rootId":"ax26quld7shy8pt","id":"kyrcvm94copg2k0"},"id":"aj53t6hgr1ezubx","previousOperationId":"186pawycjkpf0gk"}
{"type":"log","timestamp":1684653606128,"level":"info","message":"Rendering anonymous template { recipe: html, engine: handlebars }","meta":{"rootId":"ax26quld7shy8pt","id":"kyrcvm94copg2k0"},"id":"1mr2zvion1npyf5","previousOperationId":"186pawycjkpf0gk"}
{"type":"log","timestamp":1684653606128,"level":"debug","message":"Inline data specified.","meta":{"rootId":"ax26quld7shy8pt","id":"kyrcvm94copg2k0"},"id":"iffghns66a3bgu7","previousOperationId":"186pawycjkpf0gk"}
{"type":"log","timestamp":1684653606130,"level":"debug","message":"Base url not specified, skipping its injection.","meta":{"rootId":"ax26quld7shy8pt","id":"kyrcvm94copg2k0"},"id":"8havcxh9qwx0ywy","previousOperationId":"186pawycjkpf0gk"}
{"type":"operationStart","subtype":"engine","name":"handlebars","timestamp":1684653606130,"id":"jv6ao54kwpqjagc","previousEventId":"1jglmw79jnsj9bf","operationId":"ycdmf6ue65a6upv","previousOperationId":"186pawycjkpf0gk"}
{"type":"log","timestamp":1684653606130,"level":"debug","message":"Rendering engine handlebars","meta":{"rootId":"ax26quld7shy8pt","id":"kyrcvm94copg2k0"},"id":"gk373lrl9xtbrz9","previousOperationId":"ycdmf6ue65a6upv"}
{"type":"operationEnd","operationId":"ycdmf6ue65a6upv","timestamp":1684653606149,"id":"xk522tden7ki54v","previousEventId":"jv6ao54kwpqjagc","previousOperationId":"ycdmf6ue65a6upv"}
{"type":"operationStart","subtype":"recipe","name":"html","timestamp":1684653606150,"id":"4s0caora67whvg0","previousEventId":"xk522tden7ki54v","operationId":"pvygw6h44xes99c","previousOperationId":"ycdmf6ue65a6upv"}
{"type":"log","timestamp":1684653606150,"level":"debug","message":"Executing recipe html","meta":{"rootId":"ax26quld7shy8pt","id":"kyrcvm94copg2k0"},"id":"v74b3kbl8f0pms2","previousOperationId":"pvygw6h44xes99c"}
{"type":"operationEnd","operationId":"pvygw6h44xes99c","timestamp":1684653606150,"id":"7phiq8wa1v9zfuj","previousEventId":"4s0caora67whvg0","previousOperationId":"pvygw6h44xes99c"}
{"type":"log","timestamp":1684653606150,"level":"debug","message":"Skipping storing report.","meta":{"rootId":"ax26quld7shy8pt","id":"kyrcvm94copg2k0"},"id":"bml5n9io6zgo3bz","previousOperationId":"pvygw6h44xes99c"}
{"type":"log","timestamp":1684653606150,"level":"info","message":"Rendering (child) request finished in 82 ms","meta":{"rootId":"ax26quld7shy8pt","id":"kyrcvm94copg2k0"},"id":"7ya5ipnzjm72k3f","previousOperationId":"pvygw6h44xes99c"}
{"type":"operationEnd","subtype":"render","operationId":"186pawycjkpf0gk","timestamp":1684653606150,"id":"f5smjrwd15qxc5j","previousEventId":"7phiq8wa1v9zfuj","previousOperationId":"pvygw6h44xes99c"}
{"type":"log","timestamp":1684653606152,"level":"debug","message":"Converting with chrome HeadlessChrome/105.0.5173.0 using chrome-pool strategy","meta":{"rootId":"ax26quld7shy8pt","id":"ax26quld7shy8pt"},"id":"fld2dm6dfujrmf5","previousOperationId":"ocg5k0z4z59vkou"}
{"type":"log","timestamp":1684653606317,"level":"debug","message":"Page request: GET (document) file:///C:/Users/Adebayo/AppData/Local/Temp/jsreport/autocleanup/e1484e08-2f60-4ee3-9f1f-d03b0cec488e-chrome-pdf.html","meta":{"rootId":"ax26quld7shy8pt","id":"ax26quld7shy8pt"},"id":"jgn170d2jimr92j","previousOperationId":"ocg5k0z4z59vkou"}
{"type":"log","timestamp":1684653606341,"level":"debug","message":"Page request finished: GET (document) 200 file:///C:/Users/Adebayo/AppData/Local/Temp/jsreport/autocleanup/e1484e08-2f60-4ee3-9f1f-d03b0cec488e-chrome-pdf.html","meta":{"rootId":"ax26quld7shy8pt","id":"ax26quld7shy8pt"},"id":"4a8mtldco3ha14q","previousOperationId":"ocg5k0z4z59vkou"}
{"type":"log","timestamp":1684653606342,"level":"debug","message":"Page request: GET (script) https://cdnjs.cloudflare.com/ajax/libs/Chart.js/2.1.6/Chart.min.js","meta":{"rootId":"ax26quld7shy8pt","id":"ax26quld7shy8pt"},"id":"b5ygcxv1vlm2izd","previousOperationId":"ocg5k0z4z59vkou"}
{"type":"log","timestamp":1684653606350,"level":"debug","message":"Page request finished: GET (script) 200 https://cdnjs.cloudflare.com/ajax/libs/Chart.js/2.1.6/Chart.min.js","meta":{"rootId":"ax26quld7shy8pt","id":"ax26quld7shy8pt"},"id":"o4jlnd27669ycwu","previousOperationId":"ocg5k0z4z59vkou"}
{"type":"log","timestamp":1684653606359,"level":"warn","message":"Page error: SyntaxError: Unexpected token ','","meta":{"rootId":"ax26quld7shy8pt","id":"ax26quld7shy8pt"},"id":"hpr6bzvo8vefdxv","previousOperationId":"ocg5k0z4z59vkou"}
{"type":"log","timestamp":1684653606362,"level":"debug","message":"Running chrome with params {\"printBackground\":true,\"marginTop\":\"2cm\",\"marginRight\":\"1cm\",\"marginBottom\":\"2cm\",\"marginLeft\":\"1cm\",\"landscape\":false,\"format\":\"A4\",\"displayHeaderFooter\":true,\"footerTemplate\":\"...\",\"timeout\":59918,\"margin\":{\"top\":\"2cm\",\"right\":\"1cm\",\"bottom\":\"2cm\",\"left\":\"1cm\"}}","meta":{"rootId":"ax26quld7shy8pt","id":"ax26quld7shy8pt"},"id":"d8g2v2h183twn6r","previousOperationId":"ocg5k0z4z59vkou"}
{"type":"operationEnd","operationId":"ocg5k0z4z59vkou","timestamp":1684653606465,"id":"vklpu1lz6lg0c1f","previousEventId":"iqmysua4drdd7zo","previousOperationId":"ocg5k0z4z59vkou"}
{"type":"log","timestamp":1684653606465,"level":"debug","message":"Skipping storing report.","meta":{"rootId":"ax26quld7shy8pt","id":"ax26quld7shy8pt"},"id":"zui7lxhokjmiz5s","previousOperationId":"ocg5k0z4z59vkou"}
{"type":"log","timestamp":1684653606465,"level":"info","message":"Rendering request 116 finished in 397 ms","meta":{"rootId":"ax26quld7shy8pt","id":"ax26quld7shy8pt"},"id":"te7i4fgomsm4wre","previousOperationId":"ocg5k0z4z59vkou"}
{"type":"operationEnd","subtype":"render","operationId":"koccxnsgwpvxakc","timestamp":1684653606465,"id":"4szh9hd9bbpdf4f","previousEventId":"vklpu1lz6lg0c1f","previousOperationId":"ocg5k0z4z59vkou"}
{"type":"operationEnd","doDiffs":false,"previousEventId":"rtdhzflcz5xbozv","previousOperationId":"v49arzuog298xpe","operationId":"v49arzuog298xpe","timestamp":1684653606473,"id":"3awleakcnm20ldp"}
