{"type":"operationStart","subtype":"profile","data":{"_id":"K1gfNIEVAKRQspjt","timestamp":"2023-05-21T07:07:17.053Z","state":"queued","mode":"standard","creationDate":"2023-05-21T07:07:17.058Z","modificationDate":"2023-05-21T07:07:17.058Z","shortid":"7ZlI9P4","$entitySet":"profiles"},"doDiffs":false,"timestamp":1684652837055,"id":"8a3de8quqcc6y25","previousOperationId":null,"operationId":"krfu6hn68yfr2a5"}
{"type":"log","level":"info","message":"Render request 101 queued for execution and waiting for available worker","previousOperationId":"krfu6hn68yfr2a5","timestamp":1684652837056,"id":"4i0fje3jg3ssafb"}
{"type":"operationStart","subtype":"render","name":"invoice-js","previousOperationId":"krfu6hn68yfr2a5","timestamp":1684652837077,"id":"q3oi8h66l7uj2hw","previousEventId":"8a3de8quqcc6y25","operationId":"6a5tanu9tt97eu9"}
{"type":"log","timestamp":1684652837077,"level":"info","message":"Starting rendering request 101","meta":{"rootId":"bihwee8ri6720kv","id":"bihwee8ri6720kv"},"id":"0wkj9nmnl9x9bue","previousOperationId":"6a5tanu9tt97eu9"}
{"type":"log","timestamp":1684652837078,"level":"info","message":"Rendering template { name: invoice-js, recipe: chrome-pdf, engine: handlebars, preview: false }","meta":{"rootId":"bihwee8ri6720kv","id":"bihwee8ri6720kv"},"id":"f9bipcztma356dw","previousOperationId":"6a5tanu9tt97eu9"}
{"type":"log","timestamp":1684652837084,"level":"debug","message":"Inline data specified.","meta":{"rootId":"bihwee8ri6720kv","id":"bihwee8ri6720kv"},"id":"301mqs92p7ilge9","previousOperationId":"6a5tanu9tt97eu9"}
{"type":"log","timestamp":1684652837090,"level":"debug","message":"Base url not specified, skipping its injection.","meta":{"rootId":"bihwee8ri6720kv","id":"bihwee8ri6720kv"},"id":"gizyumgt4syzpn3","previousOperationId":"6a5tanu9tt97eu9"}
{"type":"operationStart","subtype":"engine","name":"handlebars","timestamp":1684652837093,"id":"k2udrqw9pl4lzq0","previousEventId":"q3oi8h66l7uj2hw","operationId":"vi5chun4pgvsvbw","previousOperationId":"6a5tanu9tt97eu9"}
{"type":"log","timestamp":1684652837093,"level":"debug","message":"Rendering engine handlebars","meta":{"rootId":"bihwee8ri6720kv","id":"bihwee8ri6720kv"},"id":"dzrvlhjhwljp3u7","previousOperationId":"vi5chun4pgvsvbw"}
{"type":"operationEnd","operationId":"vi5chun4pgvsvbw","timestamp":1684652837115,"id":"f7d6ymezutawcpz","previousEventId":"k2udrqw9pl4lzq0","previousOperationId":"vi5chun4pgvsvbw"}
{"type":"operationStart","subtype":"recipe","name":"chrome-pdf","timestamp":1684652837115,"id":"o42y5rtgdzt1at0","previousEventId":"f7d6ymezutawcpz","operationId":"r16umnc9419yu4m","previousOperationId":"vi5chun4pgvsvbw"}
{"type":"log","timestamp":1684652837115,"level":"debug","message":"Executing recipe chrome-pdf","meta":{"rootId":"bihwee8ri6720kv","id":"bihwee8ri6720kv"},"id":"rzjk8phfrx5isrc","previousOperationId":"r16umnc9419yu4m"}
{"type":"log","timestamp":1684652837118,"level":"debug","message":"Starting child request to render pdf footer","meta":{"rootId":"bihwee8ri6720kv","id":"bihwee8ri6720kv"},"id":"n76oy80jynrdw8h","previousOperationId":"r16umnc9419yu4m"}
{"type":"operationStart","subtype":"render","name":"anonymous","previousOperationId":"r16umnc9419yu4m","timestamp":1684652837119,"id":"igfrzd6mbyhk71c","previousEventId":"o42y5rtgdzt1at0","operationId":"2egfnwwqpz0r6i8"}
{"type":"log","timestamp":1684652837119,"level":"info","message":"Starting rendering (child) request","meta":{"rootId":"bihwee8ri6720kv","id":"0pxdec014s7zp4b"},"id":"oakhyhr3ex2tmug","previousOperationId":"2egfnwwqpz0r6i8"}
{"type":"log","timestamp":1684652837119,"level":"info","message":"Rendering anonymous template { recipe: html, engine: handlebars }","meta":{"rootId":"bihwee8ri6720kv","id":"0pxdec014s7zp4b"},"id":"ptbdfl5fafz5vxh","previousOperationId":"2egfnwwqpz0r6i8"}
{"type":"log","timestamp":1684652837120,"level":"debug","message":"Inline data specified.","meta":{"rootId":"bihwee8ri6720kv","id":"0pxdec014s7zp4b"},"id":"0zxp1ga2287xl6l","previousOperationId":"2egfnwwqpz0r6i8"}
{"type":"log","timestamp":1684652837121,"level":"debug","message":"Base url not specified, skipping its injection.","meta":{"rootId":"bihwee8ri6720kv","id":"0pxdec014s7zp4b"},"id":"vfspvhmikaaneb3","previousOperationId":"2egfnwwqpz0r6i8"}
{"type":"operationStart","subtype":"engine","name":"handlebars","timestamp":1684652837121,"id":"ktchkib5e1j0znt","previousEventId":"igfrzd6mbyhk71c","operationId":"ignq5jcmayoq2hc","previousOperationId":"2egfnwwqpz0r6i8"}
{"type":"log","timestamp":1684652837121,"level":"debug","message":"Rendering engine handlebars","meta":{"rootId":"bihwee8ri6720kv","id":"0pxdec014s7zp4b"},"id":"0evi8u7hk0nf45y","previousOperationId":"ignq5jcmayoq2hc"}
{"type":"operationEnd","operationId":"ignq5jcmayoq2hc","timestamp":1684652837148,"id":"se2c4oceeleb08x","previousEventId":"ktchkib5e1j0znt","previousOperationId":"ignq5jcmayoq2hc"}
{"type":"operationStart","subtype":"recipe","name":"html","timestamp":1684652837148,"id":"spd948yz9qo0w03","previousEventId":"se2c4oceeleb08x","operationId":"uzgn337v7fd47wi","previousOperationId":"ignq5jcmayoq2hc"}
{"type":"log","timestamp":1684652837148,"level":"debug","message":"Executing recipe html","meta":{"rootId":"bihwee8ri6720kv","id":"0pxdec014s7zp4b"},"id":"bbul3x8vphy6oqi","previousOperationId":"uzgn337v7fd47wi"}
{"type":"operationEnd","operationId":"uzgn337v7fd47wi","timestamp":1684652837148,"id":"whvwl4tt1qbowq1","previousEventId":"spd948yz9qo0w03","previousOperationId":"uzgn337v7fd47wi"}
{"type":"log","timestamp":1684652837148,"level":"debug","message":"Skipping storing report.","meta":{"rootId":"bihwee8ri6720kv","id":"0pxdec014s7zp4b"},"id":"4temy7wl2gh2ew4","previousOperationId":"uzgn337v7fd47wi"}
{"type":"log","timestamp":1684652837148,"level":"info","message":"Rendering (child) request finished in 95 ms","meta":{"rootId":"bihwee8ri6720kv","id":"0pxdec014s7zp4b"},"id":"vcn8ws03cehuusy","previousOperationId":"uzgn337v7fd47wi"}
{"type":"operationEnd","subtype":"render","operationId":"2egfnwwqpz0r6i8","timestamp":1684652837148,"id":"daq1wqdiw86i3qg","previousEventId":"whvwl4tt1qbowq1","previousOperationId":"uzgn337v7fd47wi"}
{"type":"log","timestamp":1684652837150,"level":"debug","message":"Converting with chrome HeadlessChrome/105.0.5173.0 using chrome-pool strategy","meta":{"rootId":"bihwee8ri6720kv","id":"bihwee8ri6720kv"},"id":"o2mhhxbk5ll372t","previousOperationId":"r16umnc9419yu4m"}
{"type":"log","timestamp":1684652837281,"level":"debug","message":"Page request: GET (document) file:///C:/Users/Adebayo/AppData/Local/Temp/jsreport/autocleanup/2dd32372-5640-4097-bc6a-ff659aa72466-chrome-pdf.html","meta":{"rootId":"bihwee8ri6720kv","id":"bihwee8ri6720kv"},"id":"09fki3eflvvht8w","previousOperationId":"r16umnc9419yu4m"}
{"type":"log","timestamp":1684652837299,"level":"debug","message":"Page request: GET (script) https://cdnjs.cloudflare.com/ajax/libs/Chart.js/2.1.6/Chart.min.js","meta":{"rootId":"bihwee8ri6720kv","id":"bihwee8ri6720kv"},"id":"i8i08z3rqub9c1q","previousOperationId":"r16umnc9419yu4m"}
{"type":"log","timestamp":1684652837300,"level":"debug","message":"Page request finished: GET (document) 200 file:///C:/Users/Adebayo/AppData/Local/Temp/jsreport/autocleanup/2dd32372-5640-4097-bc6a-ff659aa72466-chrome-pdf.html","meta":{"rootId":"bihwee8ri6720kv","id":"bihwee8ri6720kv"},"id":"egra2u1bi6az1xt","previousOperationId":"r16umnc9419yu4m"}
{"type":"log","timestamp":1684652837307,"level":"debug","message":"Page request finished: GET (script) 200 https://cdnjs.cloudflare.com/ajax/libs/Chart.js/2.1.6/Chart.min.js","meta":{"rootId":"bihwee8ri6720kv","id":"bihwee8ri6720kv"},"id":"88r9dbjxijjz9gt","previousOperationId":"r16umnc9419yu4m"}
{"type":"log","timestamp":1684652837315,"level":"warn","message":"Page error: SyntaxError: Unexpected token ','","meta":{"rootId":"bihwee8ri6720kv","id":"bihwee8ri6720kv"},"id":"t3d4hg3fj2xnb1o","previousOperationId":"r16umnc9419yu4m"}
{"type":"log","timestamp":1684652837318,"level":"debug","message":"Running chrome with params {\"printBackground\":true,\"marginTop\":\"2cm\",\"marginRight\":\"1cm\",\"marginBottom\":\"2cm\",\"marginLeft\":\"1cm\",\"landscape\":false,\"format\":\"A4\",\"displayHeaderFooter\":true,\"footerTemplate\":\"...\",\"timeout\":59905,\"margin\":{\"top\":\"2cm\",\"right\":\"1cm\",\"bottom\":\"2cm\",\"left\":\"1cm\"}}","meta":{"rootId":"bihwee8ri6720kv","id":"bihwee8ri6720kv"},"id":"h8nlz5ybkui7k20","previousOperationId":"r16umnc9419yu4m"}
{"type":"operationEnd","operationId":"r16umnc9419yu4m","timestamp":1684652837410,"id":"bpc25jbyjxzep4k","previousEventId":"o42y5rtgdzt1at0","previousOperationId":"r16umnc9419yu4m"}
{"type":"log","timestamp":1684652837411,"level":"debug","message":"Skipping storing report.","meta":{"rootId":"bihwee8ri6720kv","id":"bihwee8ri6720kv"},"id":"r6n99yw4lfhmt94","previousOperationId":"r16umnc9419yu4m"}
{"type":"log","timestamp":1684652837411,"level":"info","message":"Rendering request 101 finished in 358 ms","meta":{"rootId":"bihwee8ri6720kv","id":"bihwee8ri6720kv"},"id":"n4htl6wskzgmf8w","previousOperationId":"r16umnc9419yu4m"}
{"type":"operationEnd","subtype":"render","operationId":"6a5tanu9tt97eu9","timestamp":1684652837411,"id":"req81ltk5qm1055","previousEventId":"bpc25jbyjxzep4k","previousOperationId":"r16umnc9419yu4m"}
{"type":"operationEnd","doDiffs":false,"previousEventId":"8a3de8quqcc6y25","previousOperationId":"krfu6hn68yfr2a5","operationId":"krfu6hn68yfr2a5","timestamp":1684652837461,"id":"858tgo2sigzji1p"}
