{"type":"operationStart","subtype":"profile","data":{"_id":"1WPpeGRdn45X2s9x","timestamp":"2023-05-21T11:39:20.397Z","state":"queued","mode":"standard","creationDate":"2023-05-21T11:39:20.401Z","modificationDate":"2023-05-21T11:39:20.401Z","shortid":"ZOqhHOo","$entitySet":"profiles"},"doDiffs":false,"timestamp":1684669160399,"id":"sokq7sehoulrvvg","previousOperationId":null,"operationId":"njjljut3sl1x89i"}
{"type":"log","level":"info","message":"Render request 179 queued for execution and waiting for available worker","previousOperationId":"njjljut3sl1x89i","timestamp":1684669160399,"id":"2w0s5aogh70fmgk"}
{"type":"operationStart","subtype":"render","name":"invoice-js","previousOperationId":"njjljut3sl1x89i","timestamp":1684669160421,"id":"fmw5irioqmenrcz","previousEventId":"sokq7sehoulrvvg","operationId":"cfmgvc1ao9z4wvy"}
{"type":"log","timestamp":1684669160421,"level":"info","message":"Starting rendering request 179","meta":{"rootId":"blghwa0rark4s9g","id":"blghwa0rark4s9g"},"id":"rji578qlb2hc05m","previousOperationId":"cfmgvc1ao9z4wvy"}
{"type":"log","timestamp":1684669160422,"level":"info","message":"Rendering template { name: invoice-js, recipe: chrome-pdf, engine: handlebars, preview: false }","meta":{"rootId":"blghwa0rark4s9g","id":"blghwa0rark4s9g"},"id":"q39ktxda9cgcye8","previousOperationId":"cfmgvc1ao9z4wvy"}
{"type":"log","timestamp":1684669160425,"level":"debug","message":"Inline data specified.","meta":{"rootId":"blghwa0rark4s9g","id":"blghwa0rark4s9g"},"id":"ogzx1ds322474v0","previousOperationId":"cfmgvc1ao9z4wvy"}
{"type":"log","timestamp":1684669160430,"level":"debug","message":"Base url not specified, skipping its injection.","meta":{"rootId":"blghwa0rark4s9g","id":"blghwa0rark4s9g"},"id":"6dlfd6n8eqgupyx","previousOperationId":"cfmgvc1ao9z4wvy"}
{"type":"operationStart","subtype":"engine","name":"handlebars","timestamp":1684669160431,"id":"du0d21psd0cbdrl","previousEventId":"fmw5irioqmenrcz","operationId":"yxk5n2f4zmbpul8","previousOperationId":"cfmgvc1ao9z4wvy"}
{"type":"log","timestamp":1684669160431,"level":"debug","message":"Rendering engine handlebars","meta":{"rootId":"blghwa0rark4s9g","id":"blghwa0rark4s9g"},"id":"dulgp46pxj6i4b6","previousOperationId":"yxk5n2f4zmbpul8"}
{"type":"operationEnd","operationId":"yxk5n2f4zmbpul8","timestamp":1684669160471,"id":"xz8rldu253plfe7","previousEventId":"du0d21psd0cbdrl","previousOperationId":"yxk5n2f4zmbpul8"}
{"type":"operationStart","subtype":"recipe","name":"chrome-pdf","timestamp":1684669160472,"id":"1i5m2ky6rh5iqaq","previousEventId":"xz8rldu253plfe7","operationId":"m8mzmyxafpn43st","previousOperationId":"yxk5n2f4zmbpul8"}
{"type":"log","timestamp":1684669160472,"level":"debug","message":"Executing recipe chrome-pdf","meta":{"rootId":"blghwa0rark4s9g","id":"blghwa0rark4s9g"},"id":"2ak1xisx062cpwy","previousOperationId":"m8mzmyxafpn43st"}
{"type":"log","timestamp":1684669160479,"level":"debug","message":"Starting child request to render pdf footer","meta":{"rootId":"blghwa0rark4s9g","id":"blghwa0rark4s9g"},"id":"qxcu97jsgmx2530","previousOperationId":"m8mzmyxafpn43st"}
{"type":"operationStart","subtype":"render","name":"anonymous","previousOperationId":"m8mzmyxafpn43st","timestamp":1684669160480,"id":"jxop2pg6ehuuip5","previousEventId":"1i5m2ky6rh5iqaq","operationId":"5atbyjpazj4e3sg"}
{"type":"log","timestamp":1684669160480,"level":"info","message":"Starting rendering (child) request","meta":{"rootId":"blghwa0rark4s9g","id":"p9d042m69ouu9p4"},"id":"cpw7l15nc8tpo8g","previousOperationId":"5atbyjpazj4e3sg"}
{"type":"log","timestamp":1684669160481,"level":"info","message":"Rendering anonymous template { recipe: html, engine: handlebars }","meta":{"rootId":"blghwa0rark4s9g","id":"p9d042m69ouu9p4"},"id":"dvotpxu2st9vncf","previousOperationId":"5atbyjpazj4e3sg"}
{"type":"log","timestamp":1684669160481,"level":"debug","message":"Inline data specified.","meta":{"rootId":"blghwa0rark4s9g","id":"p9d042m69ouu9p4"},"id":"4augllqfaouxluw","previousOperationId":"5atbyjpazj4e3sg"}
{"type":"log","timestamp":1684669160484,"level":"debug","message":"Base url not specified, skipping its injection.","meta":{"rootId":"blghwa0rark4s9g","id":"p9d042m69ouu9p4"},"id":"m3phgpmm1me3orz","previousOperationId":"5atbyjpazj4e3sg"}
{"type":"operationStart","subtype":"engine","name":"handlebars","timestamp":1684669160484,"id":"qfjul08nm8qntgx","previousEventId":"jxop2pg6ehuuip5","operationId":"y9f2rsma2uylspi","previousOperationId":"5atbyjpazj4e3sg"}
{"type":"log","timestamp":1684669160484,"level":"debug","message":"Rendering engine handlebars","meta":{"rootId":"blghwa0rark4s9g","id":"p9d042m69ouu9p4"},"id":"7qkrndsfi1du6li","previousOperationId":"y9f2rsma2uylspi"}
{"type":"operationEnd","operationId":"y9f2rsma2uylspi","timestamp":1684669160516,"id":"058tg3v4wk8aa6y","previousEventId":"qfjul08nm8qntgx","previousOperationId":"y9f2rsma2uylspi"}
{"type":"operationStart","subtype":"recipe","name":"html","timestamp":1684669160517,"id":"6sh9o23vxcorhrn","previousEventId":"058tg3v4wk8aa6y","operationId":"u15x2zczs240n14","previousOperationId":"y9f2rsma2uylspi"}
{"type":"log","timestamp":1684669160517,"level":"debug","message":"Executing recipe html","meta":{"rootId":"blghwa0rark4s9g","id":"p9d042m69ouu9p4"},"id":"2g8bdra472ifjtm","previousOperationId":"u15x2zczs240n14"}
{"type":"operationEnd","operationId":"u15x2zczs240n14","timestamp":1684669160517,"id":"awkogq55bq4bgjp","previousEventId":"6sh9o23vxcorhrn","previousOperationId":"u15x2zczs240n14"}
{"type":"log","timestamp":1684669160517,"level":"debug","message":"Skipping storing report.","meta":{"rootId":"blghwa0rark4s9g","id":"p9d042m69ouu9p4"},"id":"dyl0ykmv9kzagbm","previousOperationId":"u15x2zczs240n14"}
{"type":"log","timestamp":1684669160517,"level":"info","message":"Rendering (child) request finished in 120 ms","meta":{"rootId":"blghwa0rark4s9g","id":"p9d042m69ouu9p4"},"id":"wfwjuhdwnclsdxm","previousOperationId":"u15x2zczs240n14"}
{"type":"operationEnd","subtype":"render","operationId":"5atbyjpazj4e3sg","timestamp":1684669160517,"id":"vwctmjndaiudq8h","previousEventId":"awkogq55bq4bgjp","previousOperationId":"u15x2zczs240n14"}
{"type":"log","timestamp":1684669160522,"level":"debug","message":"Converting with chrome HeadlessChrome/105.0.5173.0 using chrome-pool strategy","meta":{"rootId":"blghwa0rark4s9g","id":"blghwa0rark4s9g"},"id":"c8z061ar9etia51","previousOperationId":"m8mzmyxafpn43st"}
{"type":"log","timestamp":1684669160779,"level":"debug","message":"Page request: GET (document) file:///C:/Users/Adebayo/AppData/Local/Temp/jsreport/autocleanup/9d05d46f-0c4a-4838-8e5e-b3d258889928-chrome-pdf.html","meta":{"rootId":"blghwa0rark4s9g","id":"blghwa0rark4s9g"},"id":"q4lvtfe8bmly5t2","previousOperationId":"m8mzmyxafpn43st"}
{"type":"log","timestamp":1684669160808,"level":"debug","message":"Page request finished: GET (document) 200 file:///C:/Users/Adebayo/AppData/Local/Temp/jsreport/autocleanup/9d05d46f-0c4a-4838-8e5e-b3d258889928-chrome-pdf.html","meta":{"rootId":"blghwa0rark4s9g","id":"blghwa0rark4s9g"},"id":"9rag4102j2egh6l","previousOperationId":"m8mzmyxafpn43st"}
{"type":"log","timestamp":1684669160808,"level":"debug","message":"Page request: GET (script) https://cdnjs.cloudflare.com/ajax/libs/Chart.js/2.1.6/Chart.min.js","meta":{"rootId":"blghwa0rark4s9g","id":"blghwa0rark4s9g"},"id":"6c395dclhrdcbyw","previousOperationId":"m8mzmyxafpn43st"}
{"type":"log","timestamp":1684669160821,"level":"debug","message":"Page request finished: GET (script) 200 https://cdnjs.cloudflare.com/ajax/libs/Chart.js/2.1.6/Chart.min.js","meta":{"rootId":"blghwa0rark4s9g","id":"blghwa0rark4s9g"},"id":"lkkopxvk8nxrodu","previousOperationId":"m8mzmyxafpn43st"}
{"type":"log","timestamp":1684669160947,"level":"debug","message":"Running chrome with params {\"printBackground\":true,\"marginTop\":\"2cm\",\"marginRight\":\"1cm\",\"marginBottom\":\"2cm\",\"marginLeft\":\"1cm\",\"landscape\":false,\"format\":\"A4\",\"displayHeaderFooter\":true,\"footerTemplate\":\"...\",\"timeout\":59880,\"margin\":{\"top\":\"2cm\",\"right\":\"1cm\",\"bottom\":\"2cm\",\"left\":\"1cm\"}}","meta":{"rootId":"blghwa0rark4s9g","id":"blghwa0rark4s9g"},"id":"0l1ipnq3iluk2ga","previousOperationId":"m8mzmyxafpn43st"}
{"type":"operationEnd","operationId":"m8mzmyxafpn43st","timestamp":1684669161137,"id":"w4vbblxqaodj3hz","previousEventId":"1i5m2ky6rh5iqaq","previousOperationId":"m8mzmyxafpn43st"}
{"type":"log","timestamp":1684669161137,"level":"debug","message":"Skipping storing report.","meta":{"rootId":"blghwa0rark4s9g","id":"blghwa0rark4s9g"},"id":"wqneh1d1nfu83a2","previousOperationId":"m8mzmyxafpn43st"}
{"type":"log","timestamp":1684669161137,"level":"info","message":"Rendering request 179 finished in 740 ms","meta":{"rootId":"blghwa0rark4s9g","id":"blghwa0rark4s9g"},"id":"5zsv9znycgznuof","previousOperationId":"m8mzmyxafpn43st"}
{"type":"operationEnd","subtype":"render","operationId":"cfmgvc1ao9z4wvy","timestamp":1684669161137,"id":"d0w3nlnjp0yo87r","previousEventId":"w4vbblxqaodj3hz","previousOperationId":"m8mzmyxafpn43st"}
{"type":"operationEnd","doDiffs":false,"previousEventId":"sokq7sehoulrvvg","previousOperationId":"njjljut3sl1x89i","operationId":"njjljut3sl1x89i","timestamp":1684669161149,"id":"g4ujwn31nc05gu9"}
