{"type":"operationStart","subtype":"profile","data":{"_id":"GjAUHzQvVQZAz7zw","timestamp":"2023-05-21T07:24:06.530Z","state":"queued","mode":"standard","creationDate":"2023-05-21T07:24:06.533Z","modificationDate":"2023-05-21T07:24:06.533Z","shortid":"5gZH19A","$entitySet":"profiles"},"doDiffs":false,"timestamp":1684653846531,"id":"kribkdch4h0r4m2","previousOperationId":null,"operationId":"ify8pnnaer8zgmv"}
{"type":"log","level":"info","message":"Render request 125 queued for execution and waiting for available worker","previousOperationId":"ify8pnnaer8zgmv","timestamp":1684653846532,"id":"303s492a0hmf8ps"}
{"type":"operationStart","subtype":"render","name":"invoice-js","previousOperationId":"ify8pnnaer8zgmv","timestamp":1684653846546,"id":"eu7uh0ji99f3u1j","previousEventId":"kribkdch4h0r4m2","operationId":"dxc6zb38tfydhz8"}
{"type":"log","timestamp":1684653846546,"level":"info","message":"Starting rendering request 125","meta":{"rootId":"bp6n4wweextz4c2","id":"bp6n4wweextz4c2"},"id":"kcszy8ovkvffvmk","previousOperationId":"dxc6zb38tfydhz8"}
{"type":"log","timestamp":1684653846547,"level":"info","message":"Rendering template { name: invoice-js, recipe: chrome-pdf, engine: handlebars, preview: true }","meta":{"rootId":"bp6n4wweextz4c2","id":"bp6n4wweextz4c2"},"id":"6rqhvp3196t2rb1","previousOperationId":"dxc6zb38tfydhz8"}
{"type":"log","timestamp":1684653846549,"level":"debug","message":"Inline data specified.","meta":{"rootId":"bp6n4wweextz4c2","id":"bp6n4wweextz4c2"},"id":"3qgc9hka0unhphf","previousOperationId":"dxc6zb38tfydhz8"}
{"type":"log","timestamp":1684653846554,"level":"debug","message":"Base url not specified, skipping its injection.","meta":{"rootId":"bp6n4wweextz4c2","id":"bp6n4wweextz4c2"},"id":"nx6nupbeyw9gw3b","previousOperationId":"dxc6zb38tfydhz8"}
{"type":"operationStart","subtype":"engine","name":"handlebars","timestamp":1684653846554,"id":"uy4hbzc3omekum7","previousEventId":"eu7uh0ji99f3u1j","operationId":"8bobz63gkgxmvcw","previousOperationId":"dxc6zb38tfydhz8"}
{"type":"log","timestamp":1684653846554,"level":"debug","message":"Rendering engine handlebars","meta":{"rootId":"bp6n4wweextz4c2","id":"bp6n4wweextz4c2"},"id":"whxcdsjj06l4c0u","previousOperationId":"8bobz63gkgxmvcw"}
{"type":"operationEnd","operationId":"8bobz63gkgxmvcw","timestamp":1684653846584,"id":"5fs9vd1kg45uxl7","previousEventId":"uy4hbzc3omekum7","previousOperationId":"8bobz63gkgxmvcw"}
{"type":"operationStart","subtype":"recipe","name":"chrome-pdf","timestamp":1684653846584,"id":"mqyzdfkudec8rjf","previousEventId":"5fs9vd1kg45uxl7","operationId":"ot8o4obsjtoty8x","previousOperationId":"8bobz63gkgxmvcw"}
{"type":"log","timestamp":1684653846584,"level":"debug","message":"Executing recipe chrome-pdf","meta":{"rootId":"bp6n4wweextz4c2","id":"bp6n4wweextz4c2"},"id":"m2gi2o1cmr9cutz","previousOperationId":"ot8o4obsjtoty8x"}
{"type":"log","timestamp":1684653846587,"level":"debug","message":"Starting child request to render pdf footer","meta":{"rootId":"bp6n4wweextz4c2","id":"bp6n4wweextz4c2"},"id":"01gm1ipir7r3hqh","previousOperationId":"ot8o4obsjtoty8x"}
{"type":"operationStart","subtype":"render","name":"anonymous","previousOperationId":"ot8o4obsjtoty8x","timestamp":1684653846587,"id":"t53m3fvob5ljw5n","previousEventId":"mqyzdfkudec8rjf","operationId":"paj3s0g2svanyts"}
{"type":"log","timestamp":1684653846587,"level":"info","message":"Starting rendering (child) request","meta":{"rootId":"bp6n4wweextz4c2","id":"jzjej1s79e1cd6r"},"id":"cyzd50cpb81z5ry","previousOperationId":"paj3s0g2svanyts"}
{"type":"log","timestamp":1684653846587,"level":"info","message":"Rendering anonymous template { recipe: html, engine: handlebars }","meta":{"rootId":"bp6n4wweextz4c2","id":"jzjej1s79e1cd6r"},"id":"wvre8505cdxslyi","previousOperationId":"paj3s0g2svanyts"}
{"type":"log","timestamp":1684653846587,"level":"debug","message":"Inline data specified.","meta":{"rootId":"bp6n4wweextz4c2","id":"jzjej1s79e1cd6r"},"id":"tknktw5dpxiwis6","previousOperationId":"paj3s0g2svanyts"}
{"type":"log","timestamp":1684653846589,"level":"debug","message":"Base url not specified, skipping its injection.","meta":{"rootId":"bp6n4wweextz4c2","id":"jzjej1s79e1cd6r"},"id":"uohii0prydharq8","previousOperationId":"paj3s0g2svanyts"}
{"type":"operationStart","subtype":"engine","name":"handlebars","timestamp":1684653846590,"id":"8o38msj8addmj1k","previousEventId":"t53m3fvob5ljw5n","operationId":"mo5nqmzizrzmna0","previousOperationId":"paj3s0g2svanyts"}
{"type":"log","timestamp":1684653846590,"level":"debug","message":"Rendering engine handlebars","meta":{"rootId":"bp6n4wweextz4c2","id":"jzjej1s79e1cd6r"},"id":"703w6jhsno0m5my","previousOperationId":"mo5nqmzizrzmna0"}
{"type":"operationEnd","operationId":"mo5nqmzizrzmna0","timestamp":1684653846635,"id":"tr1vogx4815b80c","previousEventId":"8o38msj8addmj1k","previousOperationId":"mo5nqmzizrzmna0"}
{"type":"operationStart","subtype":"recipe","name":"html","timestamp":1684653846635,"id":"6k7v8rs9pqoilri","previousEventId":"tr1vogx4815b80c","operationId":"ddgg6570qb75yye","previousOperationId":"mo5nqmzizrzmna0"}
{"type":"log","timestamp":1684653846635,"level":"debug","message":"Executing recipe html","meta":{"rootId":"bp6n4wweextz4c2","id":"jzjej1s79e1cd6r"},"id":"xvk72bdh7494rbp","previousOperationId":"ddgg6570qb75yye"}
{"type":"operationEnd","operationId":"ddgg6570qb75yye","timestamp":1684653846635,"id":"c33rc7l8g8hz2wp","previousEventId":"6k7v8rs9pqoilri","previousOperationId":"ddgg6570qb75yye"}
{"type":"log","timestamp":1684653846635,"level":"debug","message":"Skipping storing report.","meta":{"rootId":"bp6n4wweextz4c2","id":"jzjej1s79e1cd6r"},"id":"x4eypaxa0wrkjgm","previousOperationId":"ddgg6570qb75yye"}
{"type":"log","timestamp":1684653846635,"level":"info","message":"Rendering (child) request finished in 105 ms","meta":{"rootId":"bp6n4wweextz4c2","id":"jzjej1s79e1cd6r"},"id":"trjp9dwfzpop0ww","previousOperationId":"ddgg6570qb75yye"}
{"type":"operationEnd","subtype":"render","operationId":"paj3s0g2svanyts","timestamp":1684653846635,"id":"dv1jytjntpqea1i","previousEventId":"c33rc7l8g8hz2wp","previousOperationId":"ddgg6570qb75yye"}
{"type":"log","timestamp":1684653846637,"level":"debug","message":"Converting with chrome HeadlessChrome/105.0.5173.0 using chrome-pool strategy","meta":{"rootId":"bp6n4wweextz4c2","id":"bp6n4wweextz4c2"},"id":"4gdzc85qqlei06e","previousOperationId":"ot8o4obsjtoty8x"}
{"type":"log","timestamp":1684653846774,"level":"debug","message":"Page request: GET (document) file:///C:/Users/Adebayo/AppData/Local/Temp/jsreport/autocleanup/05fe4fe4-a0db-4e2a-8506-1b6b22ec50d7-chrome-pdf.html","meta":{"rootId":"bp6n4wweextz4c2","id":"bp6n4wweextz4c2"},"id":"xhwxvwt44cnkodd","previousOperationId":"ot8o4obsjtoty8x"}
{"type":"log","timestamp":1684653846797,"level":"debug","message":"Page request finished: GET (document) 200 file:///C:/Users/Adebayo/AppData/Local/Temp/jsreport/autocleanup/05fe4fe4-a0db-4e2a-8506-1b6b22ec50d7-chrome-pdf.html","meta":{"rootId":"bp6n4wweextz4c2","id":"bp6n4wweextz4c2"},"id":"2tza21qes1dysup","previousOperationId":"ot8o4obsjtoty8x"}
{"type":"log","timestamp":1684653846797,"level":"debug","message":"Page request: GET (script) https://cdnjs.cloudflare.com/ajax/libs/Chart.js/2.1.6/Chart.min.js","meta":{"rootId":"bp6n4wweextz4c2","id":"bp6n4wweextz4c2"},"id":"f83mj9y3ttjyum2","previousOperationId":"ot8o4obsjtoty8x"}
{"type":"log","timestamp":1684653846805,"level":"debug","message":"Page request finished: GET (script) 200 https://cdnjs.cloudflare.com/ajax/libs/Chart.js/2.1.6/Chart.min.js","meta":{"rootId":"bp6n4wweextz4c2","id":"bp6n4wweextz4c2"},"id":"tk3mtucexwr93qz","previousOperationId":"ot8o4obsjtoty8x"}
{"type":"log","timestamp":1684653846813,"level":"warn","message":"Page error: SyntaxError: Unexpected token ','","meta":{"rootId":"bp6n4wweextz4c2","id":"bp6n4wweextz4c2"},"id":"36ic0qyhyvro7kz","previousOperationId":"ot8o4obsjtoty8x"}
{"type":"log","timestamp":1684653846820,"level":"debug","message":"Running chrome with params {\"printBackground\":true,\"marginTop\":\"2cm\",\"marginRight\":\"1cm\",\"marginBottom\":\"2cm\",\"marginLeft\":\"1cm\",\"landscape\":false,\"format\":\"A4\",\"displayHeaderFooter\":true,\"footerTemplate\":\"...\",\"timeout\":59895,\"margin\":{\"top\":\"2cm\",\"right\":\"1cm\",\"bottom\":\"2cm\",\"left\":\"1cm\"}}","meta":{"rootId":"bp6n4wweextz4c2","id":"bp6n4wweextz4c2"},"id":"rfrcw3zm0qm87v1","previousOperationId":"ot8o4obsjtoty8x"}
{"type":"operationEnd","operationId":"ot8o4obsjtoty8x","timestamp":1684653846917,"id":"pnbe0wglgfrtn65","previousEventId":"mqyzdfkudec8rjf","previousOperationId":"ot8o4obsjtoty8x"}
{"type":"log","timestamp":1684653846917,"level":"debug","message":"Skipping storing report.","meta":{"rootId":"bp6n4wweextz4c2","id":"bp6n4wweextz4c2"},"id":"eomklqxyjguiojy","previousOperationId":"ot8o4obsjtoty8x"}
{"type":"log","timestamp":1684653846917,"level":"info","message":"Rendering request 125 finished in 387 ms","meta":{"rootId":"bp6n4wweextz4c2","id":"bp6n4wweextz4c2"},"id":"t14l6j0xxb9idb5","previousOperationId":"ot8o4obsjtoty8x"}
{"type":"operationEnd","subtype":"render","operationId":"dxc6zb38tfydhz8","timestamp":1684653846917,"id":"exmyp1pps9u0qmv","previousEventId":"pnbe0wglgfrtn65","previousOperationId":"ot8o4obsjtoty8x"}
{"type":"operationEnd","doDiffs":false,"previousEventId":"kribkdch4h0r4m2","previousOperationId":"ify8pnnaer8zgmv","operationId":"ify8pnnaer8zgmv","timestamp":1684653846925,"id":"k64wigdythslu4s"}
