{"type":"operationStart","subtype":"profile","data":{"_id":"Ky3e3pFVEx0GYt37","timestamp":"2023-05-21T07:11:45.588Z","state":"queued","mode":"standard","creationDate":"2023-05-21T07:11:45.591Z","modificationDate":"2023-05-21T07:11:45.592Z","shortid":"a8ahLU9","$entitySet":"profiles"},"doDiffs":false,"timestamp":1684653105589,"id":"vpebo061js04hj8","previousOperationId":null,"operationId":"td550mzo99d4bl7"}
{"type":"log","level":"info","message":"Render request 105 queued for execution and waiting for available worker","previousOperationId":"td550mzo99d4bl7","timestamp":1684653105589,"id":"7k8my9yraa3ol7n"}
{"type":"operationStart","subtype":"render","name":"invoice-js","previousOperationId":"td550mzo99d4bl7","timestamp":1684653105606,"id":"q31gensd0q3pwje","previousEventId":"vpebo061js04hj8","operationId":"xdfk0h0w5y3ya98"}
{"type":"log","timestamp":1684653105606,"level":"info","message":"Starting rendering request 105","meta":{"rootId":"bsqux0abzc345g5","id":"bsqux0abzc345g5"},"id":"u3qj2hjm0rlpxp6","previousOperationId":"xdfk0h0w5y3ya98"}
{"type":"log","timestamp":1684653105606,"level":"info","message":"Rendering template { name: invoice-js, recipe: chrome-pdf, engine: handlebars, preview: false }","meta":{"rootId":"bsqux0abzc345g5","id":"bsqux0abzc345g5"},"id":"qhxk2xzhrkm29fw","previousOperationId":"xdfk0h0w5y3ya98"}
{"type":"log","timestamp":1684653105608,"level":"debug","message":"Inline data specified.","meta":{"rootId":"bsqux0abzc345g5","id":"bsqux0abzc345g5"},"id":"jy7h9ioweblgpuc","previousOperationId":"xdfk0h0w5y3ya98"}
{"type":"log","timestamp":1684653105612,"level":"debug","message":"Base url not specified, skipping its injection.","meta":{"rootId":"bsqux0abzc345g5","id":"bsqux0abzc345g5"},"id":"3ak5quv9zjlmbis","previousOperationId":"xdfk0h0w5y3ya98"}
{"type":"operationStart","subtype":"engine","name":"handlebars","timestamp":1684653105613,"id":"dsbrlvt1l8iugt2","previousEventId":"q31gensd0q3pwje","operationId":"spxf39znct72rs8","previousOperationId":"xdfk0h0w5y3ya98"}
{"type":"log","timestamp":1684653105613,"level":"debug","message":"Rendering engine handlebars","meta":{"rootId":"bsqux0abzc345g5","id":"bsqux0abzc345g5"},"id":"flael5a4kgbsimb","previousOperationId":"spxf39znct72rs8"}
{"type":"operationEnd","operationId":"spxf39znct72rs8","timestamp":1684653105637,"id":"a80fnxtoutp9lk9","previousEventId":"dsbrlvt1l8iugt2","previousOperationId":"spxf39znct72rs8"}
{"type":"operationStart","subtype":"recipe","name":"chrome-pdf","timestamp":1684653105638,"id":"ka1v4vyjvvh4nno","previousEventId":"a80fnxtoutp9lk9","operationId":"kn2qus8vjkx7dfg","previousOperationId":"spxf39znct72rs8"}
{"type":"log","timestamp":1684653105638,"level":"debug","message":"Executing recipe chrome-pdf","meta":{"rootId":"bsqux0abzc345g5","id":"bsqux0abzc345g5"},"id":"utj50nfdna9dgpt","previousOperationId":"kn2qus8vjkx7dfg"}
{"type":"log","timestamp":1684653105645,"level":"debug","message":"Starting child request to render pdf footer","meta":{"rootId":"bsqux0abzc345g5","id":"bsqux0abzc345g5"},"id":"q6opdq6gnweso5z","previousOperationId":"kn2qus8vjkx7dfg"}
{"type":"operationStart","subtype":"render","name":"anonymous","previousOperationId":"kn2qus8vjkx7dfg","timestamp":1684653105645,"id":"3cfm3ltqe8gfx30","previousEventId":"ka1v4vyjvvh4nno","operationId":"otscgs9ctfzhh92"}
{"type":"log","timestamp":1684653105645,"level":"info","message":"Starting rendering (child) request","meta":{"rootId":"bsqux0abzc345g5","id":"3gr5fjpk3vknkbk"},"id":"la343q11f3at5h7","previousOperationId":"otscgs9ctfzhh92"}
{"type":"log","timestamp":1684653105645,"level":"info","message":"Rendering anonymous template { recipe: html, engine: handlebars }","meta":{"rootId":"bsqux0abzc345g5","id":"3gr5fjpk3vknkbk"},"id":"n2n5wdupcih2t4n","previousOperationId":"otscgs9ctfzhh92"}
{"type":"log","timestamp":1684653105645,"level":"debug","message":"Inline data specified.","meta":{"rootId":"bsqux0abzc345g5","id":"3gr5fjpk3vknkbk"},"id":"gvtvydfzez9yzxu","previousOperationId":"otscgs9ctfzhh92"}
{"type":"log","timestamp":1684653105647,"level":"debug","message":"Base url not specified, skipping its injection.","meta":{"rootId":"bsqux0abzc345g5","id":"3gr5fjpk3vknkbk"},"id":"ftyxlnzgk3xqbts","previousOperationId":"otscgs9ctfzhh92"}
{"type":"operationStart","subtype":"engine","name":"handlebars","timestamp":1684653105648,"id":"1m4efaxp72q4i1y","previousEventId":"3cfm3ltqe8gfx30","operationId":"t2uv3aia07oggw1","previousOperationId":"otscgs9ctfzhh92"}
{"type":"log","timestamp":1684653105648,"level":"debug","message":"Rendering engine handlebars","meta":{"rootId":"bsqux0abzc345g5","id":"3gr5fjpk3vknkbk"},"id":"ll5pisvanhjrhm7","previousOperationId":"t2uv3aia07oggw1"}
{"type":"operationEnd","operationId":"t2uv3aia07oggw1","timestamp":1684653105675,"id":"llvzboaw9dpa08y","previousEventId":"1m4efaxp72q4i1y","previousOperationId":"t2uv3aia07oggw1"}
{"type":"operationStart","subtype":"recipe","name":"html","timestamp":1684653105676,"id":"7onb9twnw84nuim","previousEventId":"llvzboaw9dpa08y","operationId":"kqp0nutupi75r3z","previousOperationId":"t2uv3aia07oggw1"}
{"type":"log","timestamp":1684653105676,"level":"debug","message":"Executing recipe html","meta":{"rootId":"bsqux0abzc345g5","id":"3gr5fjpk3vknkbk"},"id":"vhp4myxtnc1st5u","previousOperationId":"kqp0nutupi75r3z"}
{"type":"operationEnd","operationId":"kqp0nutupi75r3z","timestamp":1684653105676,"id":"l7unpzoda4g6rxk","previousEventId":"7onb9twnw84nuim","previousOperationId":"kqp0nutupi75r3z"}
{"type":"log","timestamp":1684653105676,"level":"debug","message":"Skipping storing report.","meta":{"rootId":"bsqux0abzc345g5","id":"3gr5fjpk3vknkbk"},"id":"nbxuu8moaqkwwsq","previousOperationId":"kqp0nutupi75r3z"}
{"type":"log","timestamp":1684653105676,"level":"info","message":"Rendering (child) request finished in 89 ms","meta":{"rootId":"bsqux0abzc345g5","id":"3gr5fjpk3vknkbk"},"id":"8fs7vog4m15u9tk","previousOperationId":"kqp0nutupi75r3z"}
{"type":"operationEnd","subtype":"render","operationId":"otscgs9ctfzhh92","timestamp":1684653105677,"id":"l9q1647m7c7jlai","previousEventId":"l7unpzoda4g6rxk","previousOperationId":"kqp0nutupi75r3z"}
{"type":"log","timestamp":1684653105679,"level":"debug","message":"Converting with chrome HeadlessChrome/105.0.5173.0 using chrome-pool strategy","meta":{"rootId":"bsqux0abzc345g5","id":"bsqux0abzc345g5"},"id":"lyvnetgkobcgus5","previousOperationId":"kn2qus8vjkx7dfg"}
{"type":"log","timestamp":1684653105999,"level":"debug","message":"Page request: GET (document) file:///C:/Users/Adebayo/AppData/Local/Temp/jsreport/autocleanup/04713300-8fc7-48c6-8578-94dad681e739-chrome-pdf.html","meta":{"rootId":"bsqux0abzc345g5","id":"bsqux0abzc345g5"},"id":"nvt670hshm3r72a","previousOperationId":"kn2qus8vjkx7dfg"}
{"type":"log","timestamp":1684653106023,"level":"debug","message":"Page request finished: GET (document) 200 file:///C:/Users/Adebayo/AppData/Local/Temp/jsreport/autocleanup/04713300-8fc7-48c6-8578-94dad681e739-chrome-pdf.html","meta":{"rootId":"bsqux0abzc345g5","id":"bsqux0abzc345g5"},"id":"47a8oj1wocqlza8","previousOperationId":"kn2qus8vjkx7dfg"}
{"type":"log","timestamp":1684653106024,"level":"debug","message":"Page request: GET (script) https://cdnjs.cloudflare.com/ajax/libs/Chart.js/2.1.6/Chart.min.js","meta":{"rootId":"bsqux0abzc345g5","id":"bsqux0abzc345g5"},"id":"pncd9p1ee7k601t","previousOperationId":"kn2qus8vjkx7dfg"}
{"type":"log","timestamp":1684653106033,"level":"debug","message":"Page request finished: GET (script) 200 https://cdnjs.cloudflare.com/ajax/libs/Chart.js/2.1.6/Chart.min.js","meta":{"rootId":"bsqux0abzc345g5","id":"bsqux0abzc345g5"},"id":"76uv4s3asq47jyz","previousOperationId":"kn2qus8vjkx7dfg"}
{"type":"log","timestamp":1684653106047,"level":"warn","message":"Page error: SyntaxError: Unexpected token ','","meta":{"rootId":"bsqux0abzc345g5","id":"bsqux0abzc345g5"},"id":"xljat4934ubr6zm","previousOperationId":"kn2qus8vjkx7dfg"}
{"type":"log","timestamp":1684653106050,"level":"debug","message":"Running chrome with params {\"printBackground\":true,\"marginTop\":\"2cm\",\"marginRight\":\"1cm\",\"marginBottom\":\"2cm\",\"marginLeft\":\"1cm\",\"landscape\":false,\"format\":\"A4\",\"displayHeaderFooter\":true,\"footerTemplate\":\"...\",\"timeout\":59910,\"margin\":{\"top\":\"2cm\",\"right\":\"1cm\",\"bottom\":\"2cm\",\"left\":\"1cm\"}}","meta":{"rootId":"bsqux0abzc345g5","id":"bsqux0abzc345g5"},"id":"asdqwtpip9xu8bi","previousOperationId":"kn2qus8vjkx7dfg"}
{"type":"operationEnd","operationId":"kn2qus8vjkx7dfg","timestamp":1684653106155,"id":"6ii0iwadcx12ay3","previousEventId":"ka1v4vyjvvh4nno","previousOperationId":"kn2qus8vjkx7dfg"}
{"type":"log","timestamp":1684653106155,"level":"debug","message":"Skipping storing report.","meta":{"rootId":"bsqux0abzc345g5","id":"bsqux0abzc345g5"},"id":"3ya6fmfrskqqao3","previousOperationId":"kn2qus8vjkx7dfg"}
{"type":"log","timestamp":1684653106155,"level":"info","message":"Rendering request 105 finished in 568 ms","meta":{"rootId":"bsqux0abzc345g5","id":"bsqux0abzc345g5"},"id":"09xsdqyzxd68jk0","previousOperationId":"kn2qus8vjkx7dfg"}
{"type":"operationEnd","subtype":"render","operationId":"xdfk0h0w5y3ya98","timestamp":1684653106155,"id":"xihu027xfrt9cmz","previousEventId":"6ii0iwadcx12ay3","previousOperationId":"kn2qus8vjkx7dfg"}
{"type":"operationEnd","doDiffs":false,"previousEventId":"vpebo061js04hj8","previousOperationId":"td550mzo99d4bl7","operationId":"td550mzo99d4bl7","timestamp":1684653106159,"id":"2wrwkklhcxwl0yk"}
