{"type":"operationStart","subtype":"profile","data":{"_id":"5VMf5PXzAwM8V3VI","timestamp":"2023-05-21T06:55:00.367Z","state":"queued","mode":"standard","creationDate":"2023-05-21T06:55:00.375Z","modificationDate":"2023-05-21T06:55:00.375Z","shortid":"AjDF2_-","$entitySet":"profiles"},"doDiffs":false,"timestamp":1684652100370,"id":"q9zrh7k71n8hlfl","previousOperationId":null,"operationId":"ajo8xh8zxx7xubo"}
{"type":"log","level":"info","message":"Render request 93 queued for execution and waiting for available worker","previousOperationId":"ajo8xh8zxx7xubo","timestamp":1684652100370,"id":"uzml5pteq3z5avq"}
{"type":"operationStart","subtype":"render","name":"invoice-js","previousOperationId":"ajo8xh8zxx7xubo","timestamp":1684652100390,"id":"752dh0keidqbrfl","previousEventId":"q9zrh7k71n8hlfl","operationId":"5kz13ld09oecw21"}
{"type":"log","timestamp":1684652100390,"level":"info","message":"Starting rendering request 93","meta":{"rootId":"bwqm9l864kk81dm","id":"bwqm9l864kk81dm"},"id":"ct6vrejjvc1gjsv","previousOperationId":"5kz13ld09oecw21"}
{"type":"log","timestamp":1684652100391,"level":"info","message":"Rendering template { name: invoice-js, recipe: chrome-pdf, engine: handlebars, preview: false }","meta":{"rootId":"bwqm9l864kk81dm","id":"bwqm9l864kk81dm"},"id":"ev0qvjq1xskn1ob","previousOperationId":"5kz13ld09oecw21"}
{"type":"log","timestamp":1684652100393,"level":"debug","message":"Inline data specified.","meta":{"rootId":"bwqm9l864kk81dm","id":"bwqm9l864kk81dm"},"id":"ra349jz6ctd2bql","previousOperationId":"5kz13ld09oecw21"}
{"type":"log","timestamp":1684652100397,"level":"debug","message":"Base url not specified, skipping its injection.","meta":{"rootId":"bwqm9l864kk81dm","id":"bwqm9l864kk81dm"},"id":"fx18ol8674tuxeg","previousOperationId":"5kz13ld09oecw21"}
{"type":"operationStart","subtype":"engine","name":"handlebars","timestamp":1684652100398,"id":"3fm10k6oxxgpc8c","previousEventId":"752dh0keidqbrfl","operationId":"pnb9qfv3r2dipes","previousOperationId":"5kz13ld09oecw21"}
{"type":"log","timestamp":1684652100398,"level":"debug","message":"Rendering engine handlebars","meta":{"rootId":"bwqm9l864kk81dm","id":"bwqm9l864kk81dm"},"id":"nylnoxxvluyumd8","previousOperationId":"pnb9qfv3r2dipes"}
{"type":"operationEnd","operationId":"pnb9qfv3r2dipes","timestamp":1684652100435,"id":"v4rq811c4cnwdu5","previousEventId":"3fm10k6oxxgpc8c","previousOperationId":"pnb9qfv3r2dipes"}
{"type":"operationStart","subtype":"recipe","name":"chrome-pdf","timestamp":1684652100435,"id":"ktardk2lbym4t9t","previousEventId":"v4rq811c4cnwdu5","operationId":"mll4ij7gt21k7je","previousOperationId":"pnb9qfv3r2dipes"}
{"type":"log","timestamp":1684652100435,"level":"debug","message":"Executing recipe chrome-pdf","meta":{"rootId":"bwqm9l864kk81dm","id":"bwqm9l864kk81dm"},"id":"umqph3sf2sx9y49","previousOperationId":"mll4ij7gt21k7je"}
{"type":"log","timestamp":1684652100437,"level":"debug","message":"Starting child request to render pdf footer","meta":{"rootId":"bwqm9l864kk81dm","id":"bwqm9l864kk81dm"},"id":"umxtjump3c78g2w","previousOperationId":"mll4ij7gt21k7je"}
{"type":"operationStart","subtype":"render","name":"anonymous","previousOperationId":"mll4ij7gt21k7je","timestamp":1684652100438,"id":"pu2p20y14l2ywze","previousEventId":"ktardk2lbym4t9t","operationId":"kz3967t19ysyukb"}
{"type":"log","timestamp":1684652100438,"level":"info","message":"Starting rendering (child) request","meta":{"rootId":"bwqm9l864kk81dm","id":"cafk6h56lb7p3bl"},"id":"ye75sufktj384gk","previousOperationId":"kz3967t19ysyukb"}
{"type":"log","timestamp":1684652100438,"level":"info","message":"Rendering anonymous template { recipe: html, engine: handlebars }","meta":{"rootId":"bwqm9l864kk81dm","id":"cafk6h56lb7p3bl"},"id":"dm30220fl8lfcpa","previousOperationId":"kz3967t19ysyukb"}
{"type":"log","timestamp":1684652100438,"level":"debug","message":"Inline data specified.","meta":{"rootId":"bwqm9l864kk81dm","id":"cafk6h56lb7p3bl"},"id":"8z9jxr7scyxkk3t","previousOperationId":"kz3967t19ysyukb"}
{"type":"log","timestamp":1684652100439,"level":"debug","message":"Base url not specified, skipping its injection.","meta":{"rootId":"bwqm9l864kk81dm","id":"cafk6h56lb7p3bl"},"id":"2u1s3ptsgqm4y5u","previousOperationId":"kz3967t19ysyukb"}
{"type":"operationStart","subtype":"engine","name":"handlebars","timestamp":1684652100439,"id":"s1u6dh4sazfv0ve","previousEventId":"pu2p20y14l2ywze","operationId":"l6huc2zui1wo87v","previousOperationId":"kz3967t19ysyukb"}
{"type":"log","timestamp":1684652100439,"level":"debug","message":"Rendering engine handlebars","meta":{"rootId":"bwqm9l864kk81dm","id":"cafk6h56lb7p3bl"},"id":"nwso65n3bhmroat","previousOperationId":"l6huc2zui1wo87v"}
{"type":"operationEnd","operationId":"l6huc2zui1wo87v","timestamp":1684652100465,"id":"ueodhpbahe6txad","previousEventId":"s1u6dh4sazfv0ve","previousOperationId":"l6huc2zui1wo87v"}
{"type":"operationStart","subtype":"recipe","name":"html","timestamp":1684652100466,"id":"m1icq98p9dm0won","previousEventId":"ueodhpbahe6txad","operationId":"ye11eb7f2vpczh8","previousOperationId":"l6huc2zui1wo87v"}
{"type":"log","timestamp":1684652100466,"level":"debug","message":"Executing recipe html","meta":{"rootId":"bwqm9l864kk81dm","id":"cafk6h56lb7p3bl"},"id":"ohmz8sg2d6v74k4","previousOperationId":"ye11eb7f2vpczh8"}
{"type":"operationEnd","operationId":"ye11eb7f2vpczh8","timestamp":1684652100466,"id":"5zz80wbuejua5rl","previousEventId":"m1icq98p9dm0won","previousOperationId":"ye11eb7f2vpczh8"}
{"type":"log","timestamp":1684652100466,"level":"debug","message":"Skipping storing report.","meta":{"rootId":"bwqm9l864kk81dm","id":"cafk6h56lb7p3bl"},"id":"pl5ovvegob4rh8x","previousOperationId":"ye11eb7f2vpczh8"}
{"type":"log","timestamp":1684652100467,"level":"info","message":"Rendering (child) request finished in 102 ms","meta":{"rootId":"bwqm9l864kk81dm","id":"cafk6h56lb7p3bl"},"id":"ju1pk5guk2gd4ys","previousOperationId":"ye11eb7f2vpczh8"}
{"type":"operationEnd","subtype":"render","operationId":"kz3967t19ysyukb","timestamp":1684652100467,"id":"5gal78f5i2qrcq5","previousEventId":"5zz80wbuejua5rl","previousOperationId":"ye11eb7f2vpczh8"}
{"type":"log","timestamp":1684652100470,"level":"debug","message":"Converting with chrome HeadlessChrome/105.0.5173.0 using chrome-pool strategy","meta":{"rootId":"bwqm9l864kk81dm","id":"bwqm9l864kk81dm"},"id":"w28ow8l8rbl3ata","previousOperationId":"mll4ij7gt21k7je"}
{"type":"log","timestamp":1684652100611,"level":"debug","message":"Page request: GET (document) file:///C:/Users/Adebayo/AppData/Local/Temp/jsreport/autocleanup/cbccff95-8533-44bd-bfcb-bfe2b8d3fadc-chrome-pdf.html","meta":{"rootId":"bwqm9l864kk81dm","id":"bwqm9l864kk81dm"},"id":"sn2s57anrgefdzn","previousOperationId":"mll4ij7gt21k7je"}
{"type":"log","timestamp":1684652100630,"level":"debug","message":"Page request finished: GET (document) 200 file:///C:/Users/Adebayo/AppData/Local/Temp/jsreport/autocleanup/cbccff95-8533-44bd-bfcb-bfe2b8d3fadc-chrome-pdf.html","meta":{"rootId":"bwqm9l864kk81dm","id":"bwqm9l864kk81dm"},"id":"lj5qmwlbzjijh0s","previousOperationId":"mll4ij7gt21k7je"}
{"type":"log","timestamp":1684652100631,"level":"debug","message":"Page request: GET (script) https://cdnjs.cloudflare.com/ajax/libs/Chart.js/2.1.6/Chart.min.js","meta":{"rootId":"bwqm9l864kk81dm","id":"bwqm9l864kk81dm"},"id":"vwcgizq9hy1y4vy","previousOperationId":"mll4ij7gt21k7je"}
{"type":"log","timestamp":1684652100644,"level":"debug","message":"Page request finished: GET (script) 200 https://cdnjs.cloudflare.com/ajax/libs/Chart.js/2.1.6/Chart.min.js","meta":{"rootId":"bwqm9l864kk81dm","id":"bwqm9l864kk81dm"},"id":"17j8m8buxg8vi48","previousOperationId":"mll4ij7gt21k7je"}
{"type":"log","timestamp":1684652100648,"level":"warn","message":"Page error: SyntaxError: Unexpected token ','","meta":{"rootId":"bwqm9l864kk81dm","id":"bwqm9l864kk81dm"},"id":"qfc9ieuglgoopp2","previousOperationId":"mll4ij7gt21k7je"}
{"type":"log","timestamp":1684652100654,"level":"debug","message":"Running chrome with params {\"printBackground\":true,\"marginTop\":\"2cm\",\"marginRight\":\"1cm\",\"marginBottom\":\"2cm\",\"marginLeft\":\"1cm\",\"landscape\":false,\"format\":\"A4\",\"displayHeaderFooter\":true,\"footerTemplate\":\"...\",\"timeout\":59898,\"margin\":{\"top\":\"2cm\",\"right\":\"1cm\",\"bottom\":\"2cm\",\"left\":\"1cm\"}}","meta":{"rootId":"bwqm9l864kk81dm","id":"bwqm9l864kk81dm"},"id":"2uekh7hn4fu3lmq","previousOperationId":"mll4ij7gt21k7je"}
{"type":"operationEnd","operationId":"mll4ij7gt21k7je","timestamp":1684652100760,"id":"hki5aoy8ifmrgkq","previousEventId":"ktardk2lbym4t9t","previousOperationId":"mll4ij7gt21k7je"}
{"type":"log","timestamp":1684652100760,"level":"debug","message":"Skipping storing report.","meta":{"rootId":"bwqm9l864kk81dm","id":"bwqm9l864kk81dm"},"id":"jzm1gm3ur6pqsi7","previousOperationId":"mll4ij7gt21k7je"}
{"type":"log","timestamp":1684652100760,"level":"info","message":"Rendering request 93 finished in 395 ms","meta":{"rootId":"bwqm9l864kk81dm","id":"bwqm9l864kk81dm"},"id":"i7k7t0fvk25x555","previousOperationId":"mll4ij7gt21k7je"}
{"type":"operationEnd","subtype":"render","operationId":"5kz13ld09oecw21","timestamp":1684652100760,"id":"03k0srsvflm2trg","previousEventId":"hki5aoy8ifmrgkq","previousOperationId":"mll4ij7gt21k7je"}
{"type":"operationEnd","doDiffs":false,"previousEventId":"q9zrh7k71n8hlfl","previousOperationId":"ajo8xh8zxx7xubo","operationId":"ajo8xh8zxx7xubo","timestamp":1684652100770,"id":"ttmnhpden0qaije"}
