{"type":"operationStart","subtype":"profile","data":{"_id":"SY4i8ny3Xj3qcGQC","timestamp":"2023-05-21T07:27:06.831Z","state":"queued","mode":"standard","creationDate":"2023-05-21T07:27:06.834Z","modificationDate":"2023-05-21T07:27:06.834Z","shortid":"I54MyHA","$entitySet":"profiles"},"doDiffs":false,"timestamp":1684654026832,"id":"19b7kqpp2akbir5","previousOperationId":null,"operationId":"xafnn5nfmzmg9sa"}
{"type":"log","level":"info","message":"Render request 132 queued for execution and waiting for available worker","previousOperationId":"xafnn5nfmzmg9sa","timestamp":1684654026832,"id":"whqzyzfcdo0omz8"}
{"type":"operationStart","subtype":"render","name":"invoice-js","previousOperationId":"xafnn5nfmzmg9sa","timestamp":1684654026849,"id":"txhu5egnm5cds15","previousEventId":"19b7kqpp2akbir5","operationId":"oprvvm92219u0sx"}
{"type":"log","timestamp":1684654026849,"level":"info","message":"Starting rendering request 132","meta":{"rootId":"bwxd2sxe73041io","id":"bwxd2sxe73041io"},"id":"6nt03oh6dxxs5hn","previousOperationId":"oprvvm92219u0sx"}
{"type":"log","timestamp":1684654026850,"level":"info","message":"Rendering template { name: invoice-js, recipe: chrome-pdf, engine: handlebars, preview: true }","meta":{"rootId":"bwxd2sxe73041io","id":"bwxd2sxe73041io"},"id":"1be1eorosz5ha89","previousOperationId":"oprvvm92219u0sx"}
{"type":"log","timestamp":1684654026851,"level":"debug","message":"Inline data specified.","meta":{"rootId":"bwxd2sxe73041io","id":"bwxd2sxe73041io"},"id":"mcjxf6ith3ef5e6","previousOperationId":"oprvvm92219u0sx"}
{"type":"log","timestamp":1684654026856,"level":"debug","message":"Base url not specified, skipping its injection.","meta":{"rootId":"bwxd2sxe73041io","id":"bwxd2sxe73041io"},"id":"aywc4ju221dppdi","previousOperationId":"oprvvm92219u0sx"}
{"type":"operationStart","subtype":"engine","name":"handlebars","timestamp":1684654026856,"id":"ng8jjkjkmd6ktox","previousEventId":"txhu5egnm5cds15","operationId":"e8g4ibjuntpg0j0","previousOperationId":"oprvvm92219u0sx"}
{"type":"log","timestamp":1684654026856,"level":"debug","message":"Rendering engine handlebars","meta":{"rootId":"bwxd2sxe73041io","id":"bwxd2sxe73041io"},"id":"0uc7icm59td5839","previousOperationId":"e8g4ibjuntpg0j0"}
{"type":"operationEnd","operationId":"e8g4ibjuntpg0j0","timestamp":1684654026886,"id":"ru22tn92t72ei2g","previousEventId":"ng8jjkjkmd6ktox","previousOperationId":"e8g4ibjuntpg0j0"}
{"type":"operationStart","subtype":"recipe","name":"chrome-pdf","timestamp":1684654026886,"id":"z6wpeqwsepcje52","previousEventId":"ru22tn92t72ei2g","operationId":"13a8n8k06pxg1t1","previousOperationId":"e8g4ibjuntpg0j0"}
{"type":"log","timestamp":1684654026886,"level":"debug","message":"Executing recipe chrome-pdf","meta":{"rootId":"bwxd2sxe73041io","id":"bwxd2sxe73041io"},"id":"l682ujw8gl6r04v","previousOperationId":"13a8n8k06pxg1t1"}
{"type":"log","timestamp":1684654026889,"level":"debug","message":"Starting child request to render pdf footer","meta":{"rootId":"bwxd2sxe73041io","id":"bwxd2sxe73041io"},"id":"3o4brt6qps3f5xy","previousOperationId":"13a8n8k06pxg1t1"}
{"type":"operationStart","subtype":"render","name":"anonymous","previousOperationId":"13a8n8k06pxg1t1","timestamp":1684654026890,"id":"nnwy4lm4mn6jpfw","previousEventId":"z6wpeqwsepcje52","operationId":"la4wq29t6vtm2d9"}
{"type":"log","timestamp":1684654026890,"level":"info","message":"Starting rendering (child) request","meta":{"rootId":"bwxd2sxe73041io","id":"8tuhch5sj5sq4pr"},"id":"mevidgnlg8vphc9","previousOperationId":"la4wq29t6vtm2d9"}
{"type":"log","timestamp":1684654026890,"level":"info","message":"Rendering anonymous template { recipe: html, engine: handlebars }","meta":{"rootId":"bwxd2sxe73041io","id":"8tuhch5sj5sq4pr"},"id":"q7b5klduc3jqmnh","previousOperationId":"la4wq29t6vtm2d9"}
{"type":"log","timestamp":1684654026890,"level":"debug","message":"Inline data specified.","meta":{"rootId":"bwxd2sxe73041io","id":"8tuhch5sj5sq4pr"},"id":"4ebxstms0samo6q","previousOperationId":"la4wq29t6vtm2d9"}
{"type":"log","timestamp":1684654026892,"level":"debug","message":"Base url not specified, skipping its injection.","meta":{"rootId":"bwxd2sxe73041io","id":"8tuhch5sj5sq4pr"},"id":"ekuvkyw374dzhva","previousOperationId":"la4wq29t6vtm2d9"}
{"type":"operationStart","subtype":"engine","name":"handlebars","timestamp":1684654026892,"id":"q3g3hmwgh1huepj","previousEventId":"nnwy4lm4mn6jpfw","operationId":"5g72abe80bqgb04","previousOperationId":"la4wq29t6vtm2d9"}
{"type":"log","timestamp":1684654026892,"level":"debug","message":"Rendering engine handlebars","meta":{"rootId":"bwxd2sxe73041io","id":"8tuhch5sj5sq4pr"},"id":"ygx2aevfggk8uv7","previousOperationId":"5g72abe80bqgb04"}
{"type":"operationEnd","operationId":"5g72abe80bqgb04","timestamp":1684654026917,"id":"p5ttn5uybja4ld4","previousEventId":"q3g3hmwgh1huepj","previousOperationId":"5g72abe80bqgb04"}
{"type":"operationStart","subtype":"recipe","name":"html","timestamp":1684654026917,"id":"mb4u49eomrq1d6c","previousEventId":"p5ttn5uybja4ld4","operationId":"6e5njyc409465sy","previousOperationId":"5g72abe80bqgb04"}
{"type":"log","timestamp":1684654026917,"level":"debug","message":"Executing recipe html","meta":{"rootId":"bwxd2sxe73041io","id":"8tuhch5sj5sq4pr"},"id":"er98vholgevr1cq","previousOperationId":"6e5njyc409465sy"}
{"type":"operationEnd","operationId":"6e5njyc409465sy","timestamp":1684654026917,"id":"x4d8yetmwni9iva","previousEventId":"mb4u49eomrq1d6c","previousOperationId":"6e5njyc409465sy"}
{"type":"log","timestamp":1684654026917,"level":"debug","message":"Skipping storing report.","meta":{"rootId":"bwxd2sxe73041io","id":"8tuhch5sj5sq4pr"},"id":"xjue0pb42ud8zjg","previousOperationId":"6e5njyc409465sy"}
{"type":"log","timestamp":1684654026917,"level":"info","message":"Rendering (child) request finished in 86 ms","meta":{"rootId":"bwxd2sxe73041io","id":"8tuhch5sj5sq4pr"},"id":"k3vkj65dgwehvkk","previousOperationId":"6e5njyc409465sy"}
{"type":"operationEnd","subtype":"render","operationId":"la4wq29t6vtm2d9","timestamp":1684654026917,"id":"qmf8q2smdd15wrv","previousEventId":"x4d8yetmwni9iva","previousOperationId":"6e5njyc409465sy"}
{"type":"log","timestamp":1684654026919,"level":"debug","message":"Converting with chrome HeadlessChrome/105.0.5173.0 using chrome-pool strategy","meta":{"rootId":"bwxd2sxe73041io","id":"bwxd2sxe73041io"},"id":"xa912jf136riiag","previousOperationId":"13a8n8k06pxg1t1"}
{"type":"log","timestamp":1684654027107,"level":"debug","message":"Page request: GET (document) file:///C:/Users/Adebayo/AppData/Local/Temp/jsreport/autocleanup/d568452d-0272-44ee-a9c7-cb546004d187-chrome-pdf.html","meta":{"rootId":"bwxd2sxe73041io","id":"bwxd2sxe73041io"},"id":"mb1tahl2hrxft69","previousOperationId":"13a8n8k06pxg1t1"}
{"type":"log","timestamp":1684654027127,"level":"debug","message":"Page request finished: GET (document) 200 file:///C:/Users/Adebayo/AppData/Local/Temp/jsreport/autocleanup/d568452d-0272-44ee-a9c7-cb546004d187-chrome-pdf.html","meta":{"rootId":"bwxd2sxe73041io","id":"bwxd2sxe73041io"},"id":"u7sm5h79w4b7vmc","previousOperationId":"13a8n8k06pxg1t1"}
{"type":"log","timestamp":1684654027127,"level":"debug","message":"Page request: GET (script) https://cdnjs.cloudflare.com/ajax/libs/Chart.js/2.1.6/Chart.min.js","meta":{"rootId":"bwxd2sxe73041io","id":"bwxd2sxe73041io"},"id":"dx1k0d1f27yyc0v","previousOperationId":"13a8n8k06pxg1t1"}
{"type":"log","timestamp":1684654027139,"level":"debug","message":"Page request finished: GET (script) 200 https://cdnjs.cloudflare.com/ajax/libs/Chart.js/2.1.6/Chart.min.js","meta":{"rootId":"bwxd2sxe73041io","id":"bwxd2sxe73041io"},"id":"zyadlezm3iuavyc","previousOperationId":"13a8n8k06pxg1t1"}
{"type":"log","timestamp":1684654027146,"level":"warn","message":"Page error: SyntaxError: Unexpected token ','","meta":{"rootId":"bwxd2sxe73041io","id":"bwxd2sxe73041io"},"id":"ab67tb725jpcsce","previousOperationId":"13a8n8k06pxg1t1"}
{"type":"log","timestamp":1684654027151,"level":"debug","message":"Running chrome with params {\"printBackground\":true,\"marginTop\":\"2cm\",\"marginRight\":\"1cm\",\"marginBottom\":\"2cm\",\"marginLeft\":\"1cm\",\"landscape\":false,\"format\":\"A4\",\"displayHeaderFooter\":true,\"footerTemplate\":\"...\",\"timeout\":59914,\"margin\":{\"top\":\"2cm\",\"right\":\"1cm\",\"bottom\":\"2cm\",\"left\":\"1cm\"}}","meta":{"rootId":"bwxd2sxe73041io","id":"bwxd2sxe73041io"},"id":"vj46e3ky3xa9m6v","previousOperationId":"13a8n8k06pxg1t1"}
{"type":"operationEnd","operationId":"13a8n8k06pxg1t1","timestamp":1684654027257,"id":"sjbugizghegqpp1","previousEventId":"z6wpeqwsepcje52","previousOperationId":"13a8n8k06pxg1t1"}
{"type":"log","timestamp":1684654027257,"level":"debug","message":"Skipping storing report.","meta":{"rootId":"bwxd2sxe73041io","id":"bwxd2sxe73041io"},"id":"ydnt05c3nwwyw8r","previousOperationId":"13a8n8k06pxg1t1"}
{"type":"log","timestamp":1684654027257,"level":"info","message":"Rendering request 132 finished in 426 ms","meta":{"rootId":"bwxd2sxe73041io","id":"bwxd2sxe73041io"},"id":"nkhf3s3mrirgp82","previousOperationId":"13a8n8k06pxg1t1"}
{"type":"operationEnd","subtype":"render","operationId":"oprvvm92219u0sx","timestamp":1684654027257,"id":"kep2aev4tws6ly4","previousEventId":"sjbugizghegqpp1","previousOperationId":"13a8n8k06pxg1t1"}
{"type":"operationEnd","doDiffs":false,"previousEventId":"19b7kqpp2akbir5","previousOperationId":"xafnn5nfmzmg9sa","operationId":"xafnn5nfmzmg9sa","timestamp":1684654027268,"id":"cnggfcut07i5px2"}
