{"type":"operationStart","subtype":"profile","data":{"_id":"UhlDjqT6g7DKEjtf","timestamp":"2023-05-21T11:25:56.141Z","state":"queued","mode":"standard","creationDate":"2023-05-21T11:25:56.146Z","modificationDate":"2023-05-21T11:25:56.146Z","shortid":"vqzwHcC","$entitySet":"profiles"},"doDiffs":false,"timestamp":1684668356145,"id":"6of5dogaqkt165a","previousOperationId":null,"operationId":"efr8c1zcm1zc7lv"}
{"type":"log","level":"info","message":"Render request 168 queued for execution and waiting for available worker","previousOperationId":"efr8c1zcm1zc7lv","timestamp":1684668356145,"id":"l7jl25dszposjkc"}
{"type":"operationStart","subtype":"render","name":"invoice-js","previousOperationId":"efr8c1zcm1zc7lv","timestamp":1684668356168,"id":"y33hp0mp5wkuhv4","previousEventId":"6of5dogaqkt165a","operationId":"vc5wklnubrjynrw"}
{"type":"log","timestamp":1684668356169,"level":"info","message":"Starting rendering request 168","meta":{"rootId":"c3zzlh6rg5grizb","id":"c3zzlh6rg5grizb"},"id":"79cf78aab6fwj8o","previousOperationId":"vc5wklnubrjynrw"}
{"type":"log","timestamp":1684668356169,"level":"info","message":"Rendering template { name: invoice-js, recipe: chrome-pdf, engine: handlebars, preview: false }","meta":{"rootId":"c3zzlh6rg5grizb","id":"c3zzlh6rg5grizb"},"id":"fsoms2lp5kz4zs9","previousOperationId":"vc5wklnubrjynrw"}
{"type":"log","timestamp":1684668356173,"level":"debug","message":"Inline data specified.","meta":{"rootId":"c3zzlh6rg5grizb","id":"c3zzlh6rg5grizb"},"id":"iz93bxs2qgzlpfs","previousOperationId":"vc5wklnubrjynrw"}
{"type":"log","timestamp":1684668356186,"level":"debug","message":"Base url not specified, skipping its injection.","meta":{"rootId":"c3zzlh6rg5grizb","id":"c3zzlh6rg5grizb"},"id":"tugqxx9u30tibf5","previousOperationId":"vc5wklnubrjynrw"}
{"type":"operationStart","subtype":"engine","name":"handlebars","timestamp":1684668356186,"id":"35sn4118uviy0f7","previousEventId":"y33hp0mp5wkuhv4","operationId":"pnaznj826dm6j6v","previousOperationId":"vc5wklnubrjynrw"}
{"type":"log","timestamp":1684668356186,"level":"debug","message":"Rendering engine handlebars","meta":{"rootId":"c3zzlh6rg5grizb","id":"c3zzlh6rg5grizb"},"id":"fmscnym04nwrxdm","previousOperationId":"pnaznj826dm6j6v"}
{"type":"operationEnd","operationId":"pnaznj826dm6j6v","timestamp":1684668356236,"id":"cgihro5lqzs89yv","previousEventId":"35sn4118uviy0f7","previousOperationId":"pnaznj826dm6j6v"}
{"type":"operationStart","subtype":"recipe","name":"chrome-pdf","timestamp":1684668356236,"id":"eftedq4wc0quc0k","previousEventId":"cgihro5lqzs89yv","operationId":"jdh8ua4wj2mant7","previousOperationId":"pnaznj826dm6j6v"}
{"type":"log","timestamp":1684668356236,"level":"debug","message":"Executing recipe chrome-pdf","meta":{"rootId":"c3zzlh6rg5grizb","id":"c3zzlh6rg5grizb"},"id":"7891v4081oevhiz","previousOperationId":"jdh8ua4wj2mant7"}
{"type":"log","timestamp":1684668356248,"level":"debug","message":"Starting child request to render pdf footer","meta":{"rootId":"c3zzlh6rg5grizb","id":"c3zzlh6rg5grizb"},"id":"e6bwm95nsidob1i","previousOperationId":"jdh8ua4wj2mant7"}
{"type":"operationStart","subtype":"render","name":"anonymous","previousOperationId":"jdh8ua4wj2mant7","timestamp":1684668356248,"id":"4ahchmiv6tsfib4","previousEventId":"eftedq4wc0quc0k","operationId":"bh10d2ddjtz6qko"}
{"type":"log","timestamp":1684668356248,"level":"info","message":"Starting rendering (child) request","meta":{"rootId":"c3zzlh6rg5grizb","id":"ap8zq3inlphgmaq"},"id":"jb3c2m16oersmlx","previousOperationId":"bh10d2ddjtz6qko"}
{"type":"log","timestamp":1684668356249,"level":"info","message":"Rendering anonymous template { recipe: html, engine: handlebars }","meta":{"rootId":"c3zzlh6rg5grizb","id":"ap8zq3inlphgmaq"},"id":"c9tgwx9y1ynk3wb","previousOperationId":"bh10d2ddjtz6qko"}
{"type":"log","timestamp":1684668356249,"level":"debug","message":"Inline data specified.","meta":{"rootId":"c3zzlh6rg5grizb","id":"ap8zq3inlphgmaq"},"id":"s71ydjinu093jyp","previousOperationId":"bh10d2ddjtz6qko"}
{"type":"log","timestamp":1684668356251,"level":"debug","message":"Base url not specified, skipping its injection.","meta":{"rootId":"c3zzlh6rg5grizb","id":"ap8zq3inlphgmaq"},"id":"xgjzpzq3dk3fz71","previousOperationId":"bh10d2ddjtz6qko"}
{"type":"operationStart","subtype":"engine","name":"handlebars","timestamp":1684668356251,"id":"ihhjcqabwp1xt6f","previousEventId":"4ahchmiv6tsfib4","operationId":"sldmk83xq52jjos","previousOperationId":"bh10d2ddjtz6qko"}
{"type":"log","timestamp":1684668356252,"level":"debug","message":"Rendering engine handlebars","meta":{"rootId":"c3zzlh6rg5grizb","id":"ap8zq3inlphgmaq"},"id":"cuhoxedr74zgpsh","previousOperationId":"sldmk83xq52jjos"}
{"type":"operationEnd","operationId":"sldmk83xq52jjos","timestamp":1684668356296,"id":"pxorqdttymurxgo","previousEventId":"ihhjcqabwp1xt6f","previousOperationId":"sldmk83xq52jjos"}
{"type":"operationStart","subtype":"recipe","name":"html","timestamp":1684668356296,"id":"gvzvmelhj9m2r11","previousEventId":"pxorqdttymurxgo","operationId":"k2f887lcxqs4a74","previousOperationId":"sldmk83xq52jjos"}
{"type":"log","timestamp":1684668356296,"level":"debug","message":"Executing recipe html","meta":{"rootId":"c3zzlh6rg5grizb","id":"ap8zq3inlphgmaq"},"id":"aic9hbbadhhl2yj","previousOperationId":"k2f887lcxqs4a74"}
{"type":"operationEnd","operationId":"k2f887lcxqs4a74","timestamp":1684668356296,"id":"wu34ax2c9sn72w7","previousEventId":"gvzvmelhj9m2r11","previousOperationId":"k2f887lcxqs4a74"}
{"type":"log","timestamp":1684668356296,"level":"debug","message":"Skipping storing report.","meta":{"rootId":"c3zzlh6rg5grizb","id":"ap8zq3inlphgmaq"},"id":"nsyea536s7yeaum","previousOperationId":"k2f887lcxqs4a74"}
{"type":"log","timestamp":1684668356296,"level":"info","message":"Rendering (child) request finished in 156 ms","meta":{"rootId":"c3zzlh6rg5grizb","id":"ap8zq3inlphgmaq"},"id":"uste4m086uxsvca","previousOperationId":"k2f887lcxqs4a74"}
{"type":"operationEnd","subtype":"render","operationId":"bh10d2ddjtz6qko","timestamp":1684668356296,"id":"finsasdzb9o4urp","previousEventId":"wu34ax2c9sn72w7","previousOperationId":"k2f887lcxqs4a74"}
{"type":"log","timestamp":1684668356298,"level":"debug","message":"Converting with chrome HeadlessChrome/105.0.5173.0 using chrome-pool strategy","meta":{"rootId":"c3zzlh6rg5grizb","id":"c3zzlh6rg5grizb"},"id":"mvctlninntqobrp","previousOperationId":"jdh8ua4wj2mant7"}
{"type":"log","timestamp":1684668356486,"level":"debug","message":"Page request: GET (document) file:///C:/Users/Adebayo/AppData/Local/Temp/jsreport/autocleanup/8d133f8c-5038-4dc8-8455-f7fea21cb7f4-chrome-pdf.html","meta":{"rootId":"c3zzlh6rg5grizb","id":"c3zzlh6rg5grizb"},"id":"8xdjxekof436m6n","previousOperationId":"jdh8ua4wj2mant7"}
{"type":"log","timestamp":1684668356507,"level":"debug","message":"Page request: GET (script) https://cdnjs.cloudflare.com/ajax/libs/Chart.js/2.1.6/Chart.min.js","meta":{"rootId":"c3zzlh6rg5grizb","id":"c3zzlh6rg5grizb"},"id":"m8ecw3rl7f1mfzb","previousOperationId":"jdh8ua4wj2mant7"}
{"type":"log","timestamp":1684668356509,"level":"debug","message":"Page request finished: GET (document) 200 file:///C:/Users/Adebayo/AppData/Local/Temp/jsreport/autocleanup/8d133f8c-5038-4dc8-8455-f7fea21cb7f4-chrome-pdf.html","meta":{"rootId":"c3zzlh6rg5grizb","id":"c3zzlh6rg5grizb"},"id":"c7is8q8e7e7u2k7","previousOperationId":"jdh8ua4wj2mant7"}
{"type":"log","timestamp":1684668356519,"level":"debug","message":"Page request finished: GET (script) 200 https://cdnjs.cloudflare.com/ajax/libs/Chart.js/2.1.6/Chart.min.js","meta":{"rootId":"c3zzlh6rg5grizb","id":"c3zzlh6rg5grizb"},"id":"fu57fdzkdgy1rkb","previousOperationId":"jdh8ua4wj2mant7"}
{"type":"log","timestamp":1684668356617,"level":"debug","message":"Running chrome with params {\"printBackground\":true,\"marginTop\":\"2cm\",\"marginRight\":\"1cm\",\"marginBottom\":\"2cm\",\"marginLeft\":\"1cm\",\"landscape\":false,\"format\":\"A4\",\"displayHeaderFooter\":true,\"footerTemplate\":\"...\",\"timeout\":59844,\"margin\":{\"top\":\"2cm\",\"right\":\"1cm\",\"bottom\":\"2cm\",\"left\":\"1cm\"}}","meta":{"rootId":"c3zzlh6rg5grizb","id":"c3zzlh6rg5grizb"},"id":"0l1c0nwtx0glp15","previousOperationId":"jdh8ua4wj2mant7"}
{"type":"operationEnd","operationId":"jdh8ua4wj2mant7","timestamp":1684668356774,"id":"t4c55xy6wod5e0z","previousEventId":"eftedq4wc0quc0k","previousOperationId":"jdh8ua4wj2mant7"}
{"type":"log","timestamp":1684668356775,"level":"debug","message":"Skipping storing report.","meta":{"rootId":"c3zzlh6rg5grizb","id":"c3zzlh6rg5grizb"},"id":"tedhj5erukhhylv","previousOperationId":"jdh8ua4wj2mant7"}
{"type":"log","timestamp":1684668356775,"level":"info","message":"Rendering request 168 finished in 635 ms","meta":{"rootId":"c3zzlh6rg5grizb","id":"c3zzlh6rg5grizb"},"id":"0o5e9ui01pd4yqk","previousOperationId":"jdh8ua4wj2mant7"}
{"type":"operationEnd","subtype":"render","operationId":"vc5wklnubrjynrw","timestamp":1684668356775,"id":"7usbzzbbdxfb8xw","previousEventId":"t4c55xy6wod5e0z","previousOperationId":"jdh8ua4wj2mant7"}
{"type":"operationEnd","doDiffs":false,"previousEventId":"6of5dogaqkt165a","previousOperationId":"efr8c1zcm1zc7lv","operationId":"efr8c1zcm1zc7lv","timestamp":1684668356786,"id":"gakzr8vew1l8l2p"}
