{"type":"operationStart","subtype":"profile","data":{"_id":"0CEDnWxXl75O3wZi","timestamp":"2023-05-21T14:02:26.138Z","state":"queued","mode":"standard","creationDate":"2023-05-21T14:02:26.139Z","modificationDate":"2023-05-21T14:02:26.139Z","shortid":"tWvHU0a","$entitySet":"profiles"},"doDiffs":false,"timestamp":1684677746138,"id":"xajmmb0rb41s2ng","previousOperationId":null,"operationId":"hfobhn2qapzddam"}
{"type":"log","level":"info","message":"Render request 186 queued for execution and waiting for available worker","previousOperationId":"hfobhn2qapzddam","timestamp":1684677746138,"id":"4oy1bpg99i31ayq"}
{"type":"operationStart","subtype":"render","name":"invoice-js","previousOperationId":"hfobhn2qapzddam","timestamp":1684677746146,"id":"gcknty13ob0ocm1","previousEventId":"xajmmb0rb41s2ng","operationId":"wo2aiomnd4l91uh"}
{"type":"log","timestamp":1684677746146,"level":"info","message":"Starting rendering request 186","meta":{"rootId":"c55tajn45s3pe78","id":"c55tajn45s3pe78"},"id":"ud4exxf1mzbn4ks","previousOperationId":"wo2aiomnd4l91uh"}
{"type":"log","timestamp":1684677746146,"level":"info","message":"Rendering template { name: invoice-js, recipe: chrome-pdf, engine: handlebars, preview: false }","meta":{"rootId":"c55tajn45s3pe78","id":"c55tajn45s3pe78"},"id":"p4w136ky28f01ri","previousOperationId":"wo2aiomnd4l91uh"}
{"type":"log","timestamp":1684677746150,"level":"debug","message":"Inline data specified.","meta":{"rootId":"c55tajn45s3pe78","id":"c55tajn45s3pe78"},"id":"3fx1lomanoikqpx","previousOperationId":"wo2aiomnd4l91uh"}
{"type":"log","timestamp":1684677746153,"level":"debug","message":"Base url not specified, skipping its injection.","meta":{"rootId":"c55tajn45s3pe78","id":"c55tajn45s3pe78"},"id":"j90k10bs6d6wamm","previousOperationId":"wo2aiomnd4l91uh"}
{"type":"operationStart","subtype":"engine","name":"handlebars","timestamp":1684677746154,"id":"493hlxp6zvan7nw","previousEventId":"gcknty13ob0ocm1","operationId":"fnv4ot94dsiudc1","previousOperationId":"wo2aiomnd4l91uh"}
{"type":"log","timestamp":1684677746154,"level":"debug","message":"Rendering engine handlebars","meta":{"rootId":"c55tajn45s3pe78","id":"c55tajn45s3pe78"},"id":"pvehxgfp3pzynsy","previousOperationId":"fnv4ot94dsiudc1"}
{"type":"operationEnd","operationId":"fnv4ot94dsiudc1","timestamp":1684677746167,"id":"crr4gvkf5e120nf","previousEventId":"493hlxp6zvan7nw","previousOperationId":"fnv4ot94dsiudc1"}
{"type":"operationStart","subtype":"recipe","name":"chrome-pdf","timestamp":1684677746167,"id":"0orqhh9buxgf2bn","previousEventId":"crr4gvkf5e120nf","operationId":"c74wce3dw1wakec","previousOperationId":"fnv4ot94dsiudc1"}
{"type":"log","timestamp":1684677746167,"level":"debug","message":"Executing recipe chrome-pdf","meta":{"rootId":"c55tajn45s3pe78","id":"c55tajn45s3pe78"},"id":"vddyccygci7b0xv","previousOperationId":"c74wce3dw1wakec"}
{"type":"log","timestamp":1684677746169,"level":"debug","message":"Starting child request to render pdf footer","meta":{"rootId":"c55tajn45s3pe78","id":"c55tajn45s3pe78"},"id":"rt41ccx5rc72s9f","previousOperationId":"c74wce3dw1wakec"}
{"type":"operationStart","subtype":"render","name":"anonymous","previousOperationId":"c74wce3dw1wakec","timestamp":1684677746169,"id":"q7xb3pqhj2bkvc9","previousEventId":"0orqhh9buxgf2bn","operationId":"rcbf9zbzwosohbd"}
{"type":"log","timestamp":1684677746169,"level":"info","message":"Starting rendering (child) request","meta":{"rootId":"c55tajn45s3pe78","id":"pq6v684l0sydf2t"},"id":"rwcj0k9sfd6536m","previousOperationId":"rcbf9zbzwosohbd"}
{"type":"log","timestamp":1684677746169,"level":"info","message":"Rendering anonymous template { recipe: html, engine: handlebars }","meta":{"rootId":"c55tajn45s3pe78","id":"pq6v684l0sydf2t"},"id":"ze6s3mspuvexzcb","previousOperationId":"rcbf9zbzwosohbd"}
{"type":"log","timestamp":1684677746169,"level":"debug","message":"Inline data specified.","meta":{"rootId":"c55tajn45s3pe78","id":"pq6v684l0sydf2t"},"id":"om1rzq7a84m0stv","previousOperationId":"rcbf9zbzwosohbd"}
{"type":"log","timestamp":1684677746170,"level":"debug","message":"Base url not specified, skipping its injection.","meta":{"rootId":"c55tajn45s3pe78","id":"pq6v684l0sydf2t"},"id":"c4umlv21lssgv3a","previousOperationId":"rcbf9zbzwosohbd"}
{"type":"operationStart","subtype":"engine","name":"handlebars","timestamp":1684677746170,"id":"99fxdrgr60r2blk","previousEventId":"q7xb3pqhj2bkvc9","operationId":"8cy0x6o46z9diwp","previousOperationId":"rcbf9zbzwosohbd"}
{"type":"log","timestamp":1684677746170,"level":"debug","message":"Rendering engine handlebars","meta":{"rootId":"c55tajn45s3pe78","id":"pq6v684l0sydf2t"},"id":"69n5zupz62x95g1","previousOperationId":"8cy0x6o46z9diwp"}
{"type":"operationEnd","operationId":"8cy0x6o46z9diwp","timestamp":1684677746181,"id":"7wuiynnuklkrvdu","previousEventId":"99fxdrgr60r2blk","previousOperationId":"8cy0x6o46z9diwp"}
{"type":"operationStart","subtype":"recipe","name":"html","timestamp":1684677746181,"id":"pdbccsmq9eas45d","previousEventId":"7wuiynnuklkrvdu","operationId":"pjjq4lckag97h1k","previousOperationId":"8cy0x6o46z9diwp"}
{"type":"log","timestamp":1684677746181,"level":"debug","message":"Executing recipe html","meta":{"rootId":"c55tajn45s3pe78","id":"pq6v684l0sydf2t"},"id":"bww6zqx5kkin7km","previousOperationId":"pjjq4lckag97h1k"}
{"type":"operationEnd","operationId":"pjjq4lckag97h1k","timestamp":1684677746181,"id":"df3xx5jraeudi4i","previousEventId":"pdbccsmq9eas45d","previousOperationId":"pjjq4lckag97h1k"}
{"type":"log","timestamp":1684677746181,"level":"debug","message":"Skipping storing report.","meta":{"rootId":"c55tajn45s3pe78","id":"pq6v684l0sydf2t"},"id":"7ku7bi0z7qjryzl","previousOperationId":"pjjq4lckag97h1k"}
{"type":"log","timestamp":1684677746181,"level":"info","message":"Rendering (child) request finished in 43 ms","meta":{"rootId":"c55tajn45s3pe78","id":"pq6v684l0sydf2t"},"id":"mi9u9guzh4hg03m","previousOperationId":"pjjq4lckag97h1k"}
{"type":"operationEnd","subtype":"render","operationId":"rcbf9zbzwosohbd","timestamp":1684677746181,"id":"lfu39wwrdeibw6i","previousEventId":"df3xx5jraeudi4i","previousOperationId":"pjjq4lckag97h1k"}
{"type":"log","timestamp":1684677746182,"level":"debug","message":"Converting with chrome HeadlessChrome/105.0.5173.0 using chrome-pool strategy","meta":{"rootId":"c55tajn45s3pe78","id":"c55tajn45s3pe78"},"id":"8l3s2wp41x9k38p","previousOperationId":"c74wce3dw1wakec"}
{"type":"log","timestamp":1684677746258,"level":"debug","message":"Page request: GET (document) file:///C:/Users/Adebayo/AppData/Local/Temp/jsreport/autocleanup/c8a6e410-a35f-4624-9521-d404126f5df2-chrome-pdf.html","meta":{"rootId":"c55tajn45s3pe78","id":"c55tajn45s3pe78"},"id":"8surpetky81wa37","previousOperationId":"c74wce3dw1wakec"}
{"type":"log","timestamp":1684677746286,"level":"debug","message":"Page request finished: GET (document) 200 file:///C:/Users/Adebayo/AppData/Local/Temp/jsreport/autocleanup/c8a6e410-a35f-4624-9521-d404126f5df2-chrome-pdf.html","meta":{"rootId":"c55tajn45s3pe78","id":"c55tajn45s3pe78"},"id":"ihan5lmupue9vx0","previousOperationId":"c74wce3dw1wakec"}
{"type":"log","timestamp":1684677746287,"level":"debug","message":"Page request: GET (script) https://cdnjs.cloudflare.com/ajax/libs/Chart.js/2.1.6/Chart.min.js","meta":{"rootId":"c55tajn45s3pe78","id":"c55tajn45s3pe78"},"id":"d01s0b5ng1fjmym","previousOperationId":"c74wce3dw1wakec"}
{"type":"log","timestamp":1684677746293,"level":"debug","message":"Page request finished: GET (script) 200 https://cdnjs.cloudflare.com/ajax/libs/Chart.js/2.1.6/Chart.min.js","meta":{"rootId":"c55tajn45s3pe78","id":"c55tajn45s3pe78"},"id":"z4f3aib4isrxdqw","previousOperationId":"c74wce3dw1wakec"}
{"type":"log","timestamp":1684677746299,"level":"warn","message":"Page error: SyntaxError: Unexpected token ','","meta":{"rootId":"c55tajn45s3pe78","id":"c55tajn45s3pe78"},"id":"rvp0sodxpxcjb9l","previousOperationId":"c74wce3dw1wakec"}
{"type":"log","timestamp":1684677746301,"level":"debug","message":"Running chrome with params {\"printBackground\":true,\"marginTop\":\"2cm\",\"marginRight\":\"1cm\",\"marginBottom\":\"2cm\",\"marginLeft\":\"1cm\",\"landscape\":false,\"format\":\"A4\",\"displayHeaderFooter\":true,\"footerTemplate\":\"...\",\"timeout\":59957,\"margin\":{\"top\":\"2cm\",\"right\":\"1cm\",\"bottom\":\"2cm\",\"left\":\"1cm\"}}","meta":{"rootId":"c55tajn45s3pe78","id":"c55tajn45s3pe78"},"id":"rd1t5nwroykfwbe","previousOperationId":"c74wce3dw1wakec"}
{"type":"operationEnd","operationId":"c74wce3dw1wakec","timestamp":1684677746349,"id":"txafyocdc79vpia","previousEventId":"0orqhh9buxgf2bn","previousOperationId":"c74wce3dw1wakec"}
{"type":"log","timestamp":1684677746349,"level":"debug","message":"Skipping storing report.","meta":{"rootId":"c55tajn45s3pe78","id":"c55tajn45s3pe78"},"id":"ikpm2ae5fan7tia","previousOperationId":"c74wce3dw1wakec"}
{"type":"log","timestamp":1684677746349,"level":"info","message":"Rendering request 186 finished in 211 ms","meta":{"rootId":"c55tajn45s3pe78","id":"c55tajn45s3pe78"},"id":"axw9xdparkbovoh","previousOperationId":"c74wce3dw1wakec"}
{"type":"operationEnd","subtype":"render","operationId":"wo2aiomnd4l91uh","timestamp":1684677746349,"id":"7h8n0txk1r2ow34","previousEventId":"txafyocdc79vpia","previousOperationId":"c74wce3dw1wakec"}
{"type":"operationEnd","doDiffs":false,"previousEventId":"xajmmb0rb41s2ng","previousOperationId":"hfobhn2qapzddam","operationId":"hfobhn2qapzddam","timestamp":1684677746355,"id":"9iu8r0vztepc1ak"}
