{"type":"operationStart","subtype":"profile","data":{"_id":"fkPTPYqfmAeAmxNg","timestamp":"2023-05-21T05:34:30.629Z","state":"queued","mode":"standard","creationDate":"2023-05-21T05:34:30.631Z","modificationDate":"2023-05-21T05:34:30.631Z","shortid":"ggKf1PV","$entitySet":"profiles"},"doDiffs":false,"timestamp":1684647270630,"id":"d3t9c3rhoknssvv","previousOperationId":null,"operationId":"a8osid2rntz7dej"}
{"type":"log","level":"info","message":"Render request 37 queued for execution and waiting for available worker","previousOperationId":"a8osid2rntz7dej","timestamp":1684647270630,"id":"2t5myvxz2bqz902"}
{"type":"operationStart","subtype":"render","name":"invoice-js","previousOperationId":"a8osid2rntz7dej","timestamp":1684647270641,"id":"a7zh6x2808ucfvp","previousEventId":"d3t9c3rhoknssvv","operationId":"0daop7pegmqjyyv"}
{"type":"log","timestamp":1684647270641,"level":"info","message":"Starting rendering request 37","meta":{"rootId":"cj90zlag0sn7cz7","id":"cj90zlag0sn7cz7"},"id":"a7tcrjjcdpqknta","previousOperationId":"0daop7pegmqjyyv"}
{"type":"log","timestamp":1684647270641,"level":"info","message":"Rendering template { name: invoice-js, recipe: chrome-pdf, engine: handlebars, preview: true }","meta":{"rootId":"cj90zlag0sn7cz7","id":"cj90zlag0sn7cz7"},"id":"iwvmhrzsahha3e3","previousOperationId":"0daop7pegmqjyyv"}
{"type":"log","timestamp":1684647270643,"level":"debug","message":"Inline data specified.","meta":{"rootId":"cj90zlag0sn7cz7","id":"cj90zlag0sn7cz7"},"id":"fr4orvgy4z2uft3","previousOperationId":"0daop7pegmqjyyv"}
{"type":"log","timestamp":1684647270646,"level":"debug","message":"Base url not specified, skipping its injection.","meta":{"rootId":"cj90zlag0sn7cz7","id":"cj90zlag0sn7cz7"},"id":"gttingyyprhyn8n","previousOperationId":"0daop7pegmqjyyv"}
{"type":"operationStart","subtype":"engine","name":"handlebars","timestamp":1684647270647,"id":"beekqsll8u8yhxo","previousEventId":"a7zh6x2808ucfvp","operationId":"rk7w4d4io56hk53","previousOperationId":"0daop7pegmqjyyv"}
{"type":"log","timestamp":1684647270647,"level":"debug","message":"Rendering engine handlebars","meta":{"rootId":"cj90zlag0sn7cz7","id":"cj90zlag0sn7cz7"},"id":"x3vmjqq31ulu0xn","previousOperationId":"rk7w4d4io56hk53"}
{"type":"operationEnd","operationId":"rk7w4d4io56hk53","timestamp":1684647270697,"id":"pfx9t4pkmembiaj","previousEventId":"beekqsll8u8yhxo","previousOperationId":"rk7w4d4io56hk53"}
{"type":"operationStart","subtype":"recipe","name":"chrome-pdf","timestamp":1684647270697,"id":"zyel6w2rb7modkl","previousEventId":"pfx9t4pkmembiaj","operationId":"03x16mcmcyn5ndg","previousOperationId":"rk7w4d4io56hk53"}
{"type":"log","timestamp":1684647270697,"level":"debug","message":"Executing recipe chrome-pdf","meta":{"rootId":"cj90zlag0sn7cz7","id":"cj90zlag0sn7cz7"},"id":"txvkspfkuyccao7","previousOperationId":"03x16mcmcyn5ndg"}
{"type":"log","timestamp":1684647270700,"level":"debug","message":"Converting with chrome HeadlessChrome/105.0.5173.0 using chrome-pool strategy","meta":{"rootId":"cj90zlag0sn7cz7","id":"cj90zlag0sn7cz7"},"id":"23moh9ucbbndkcv","previousOperationId":"03x16mcmcyn5ndg"}
{"type":"log","timestamp":1684647270803,"level":"debug","message":"Page request: GET (document) file:///C:/Users/Adebayo/AppData/Local/Temp/jsreport/autocleanup/9574302a-7611-41dd-9315-fdd3333b59f8-chrome-pdf.html","meta":{"rootId":"cj90zlag0sn7cz7","id":"cj90zlag0sn7cz7"},"id":"qiafjn83bsrg48h","previousOperationId":"03x16mcmcyn5ndg"}
{"type":"log","timestamp":1684647270816,"level":"debug","message":"Page request finished: GET (document) 200 file:///C:/Users/Adebayo/AppData/Local/Temp/jsreport/autocleanup/9574302a-7611-41dd-9315-fdd3333b59f8-chrome-pdf.html","meta":{"rootId":"cj90zlag0sn7cz7","id":"cj90zlag0sn7cz7"},"id":"wglkchvx2c4e21h","previousOperationId":"03x16mcmcyn5ndg"}
{"type":"log","timestamp":1684647270816,"level":"debug","message":"Page request: GET (script) https://cdnjs.cloudflare.com/ajax/libs/Chart.js/2.1.6/Chart.min.js","meta":{"rootId":"cj90zlag0sn7cz7","id":"cj90zlag0sn7cz7"},"id":"uc5gqq4xklpnl7i","previousOperationId":"03x16mcmcyn5ndg"}
{"type":"log","timestamp":1684647270820,"level":"debug","message":"Page request finished: GET (script) 200 https://cdnjs.cloudflare.com/ajax/libs/Chart.js/2.1.6/Chart.min.js","meta":{"rootId":"cj90zlag0sn7cz7","id":"cj90zlag0sn7cz7"},"id":"ta4ocn2nkikwxxf","previousOperationId":"03x16mcmcyn5ndg"}
{"type":"log","timestamp":1684647270829,"level":"warn","message":"Page error: TypeError: Cannot read properties of null (reading 'length')\n    at new t (https://cdnjs.cloudflare.com/ajax/libs/Chart.js/2.1.6/Chart.min.js:12:15749)\n    at file:///C:/Users/Adebayo/AppData/Local/Temp/jsreport/autocleanup/9574302a-7611-41dd-9315-fdd3333b59f8-chrome-pdf.html:12:19","meta":{"rootId":"cj90zlag0sn7cz7","id":"cj90zlag0sn7cz7"},"id":"cqqoeshtju94m4e","previousOperationId":"03x16mcmcyn5ndg"}
{"type":"log","timestamp":1684647270831,"level":"debug","message":"Running chrome with params {\"printBackground\":true,\"marginTop\":\"2cm\",\"marginRight\":\"1cm\",\"marginBottom\":\"2cm\",\"marginLeft\":\"1cm\",\"landscape\":false,\"format\":\"A4\",\"displayHeaderFooter\":true,\"timeout\":59930,\"margin\":{\"top\":\"2cm\",\"right\":\"1cm\",\"bottom\":\"2cm\",\"left\":\"1cm\"}}","meta":{"rootId":"cj90zlag0sn7cz7","id":"cj90zlag0sn7cz7"},"id":"i7tpxxnk3awleon","previousOperationId":"03x16mcmcyn5ndg"}
{"type":"operationEnd","operationId":"03x16mcmcyn5ndg","timestamp":1684647270936,"id":"3s122vbrjc2856g","previousEventId":"zyel6w2rb7modkl","previousOperationId":"03x16mcmcyn5ndg"}
{"type":"log","timestamp":1684647270936,"level":"debug","message":"Skipping storing report.","meta":{"rootId":"cj90zlag0sn7cz7","id":"cj90zlag0sn7cz7"},"id":"1fes0wl1dbuza5d","previousOperationId":"03x16mcmcyn5ndg"}
{"type":"log","timestamp":1684647270936,"level":"info","message":"Rendering request 37 finished in 307 ms","meta":{"rootId":"cj90zlag0sn7cz7","id":"cj90zlag0sn7cz7"},"id":"kbwijf7zoooxguq","previousOperationId":"03x16mcmcyn5ndg"}
{"type":"operationEnd","subtype":"render","operationId":"0daop7pegmqjyyv","timestamp":1684647270938,"id":"hqhxvl6amzf6zc0","previousEventId":"3s122vbrjc2856g","previousOperationId":"03x16mcmcyn5ndg"}
{"type":"operationEnd","doDiffs":false,"previousEventId":"d3t9c3rhoknssvv","previousOperationId":"a8osid2rntz7dej","operationId":"a8osid2rntz7dej","timestamp":1684647270944,"id":"asihf3c3re54ffp"}
