{"type":"operationStart","subtype":"profile","data":{"_id":"Il42Ta7T2apr7xLm","timestamp":"2023-05-21T07:27:50.961Z","state":"queued","mode":"standard","creationDate":"2023-05-21T07:27:50.964Z","modificationDate":"2023-05-21T07:27:50.964Z","shortid":"RDa98xM","$entitySet":"profiles"},"doDiffs":false,"timestamp":1684654070962,"id":"0izhn3al0fjclsv","previousOperationId":null,"operationId":"fwijinv90a5791g"}
{"type":"log","level":"info","message":"Render request 136 queued for execution and waiting for available worker","previousOperationId":"fwijinv90a5791g","timestamp":1684654070962,"id":"jvsodtwo7emodkr"}
{"type":"operationStart","subtype":"render","name":"invoice-js","previousOperationId":"fwijinv90a5791g","timestamp":1684654070980,"id":"2irar0aata727wj","previousEventId":"0izhn3al0fjclsv","operationId":"d3rt20lpchajidy"}
{"type":"log","timestamp":1684654070980,"level":"info","message":"Starting rendering request 136","meta":{"rootId":"ctayrnsi9f04dpn","id":"ctayrnsi9f04dpn"},"id":"bdihprzaf8yrfhb","previousOperationId":"d3rt20lpchajidy"}
{"type":"log","timestamp":1684654070980,"level":"info","message":"Rendering template { name: invoice-js, recipe: chrome-pdf, engine: handlebars, preview: false }","meta":{"rootId":"ctayrnsi9f04dpn","id":"ctayrnsi9f04dpn"},"id":"ip59lb4nkbcutyz","previousOperationId":"d3rt20lpchajidy"}
{"type":"log","timestamp":1684654070985,"level":"debug","message":"Inline data specified.","meta":{"rootId":"ctayrnsi9f04dpn","id":"ctayrnsi9f04dpn"},"id":"l7yjrsewe6xghms","previousOperationId":"d3rt20lpchajidy"}
{"type":"log","timestamp":1684654070992,"level":"debug","message":"Base url not specified, skipping its injection.","meta":{"rootId":"ctayrnsi9f04dpn","id":"ctayrnsi9f04dpn"},"id":"ytvec68j8lw81io","previousOperationId":"d3rt20lpchajidy"}
{"type":"operationStart","subtype":"engine","name":"handlebars","timestamp":1684654070992,"id":"rt2bi0902cp5l3c","previousEventId":"2irar0aata727wj","operationId":"nped009t8br2bmw","previousOperationId":"d3rt20lpchajidy"}
{"type":"log","timestamp":1684654070992,"level":"debug","message":"Rendering engine handlebars","meta":{"rootId":"ctayrnsi9f04dpn","id":"ctayrnsi9f04dpn"},"id":"cnk5gkjmlmoh3o0","previousOperationId":"nped009t8br2bmw"}
{"type":"operationEnd","operationId":"nped009t8br2bmw","timestamp":1684654071022,"id":"iql2efmwddn1ng1","previousEventId":"rt2bi0902cp5l3c","previousOperationId":"nped009t8br2bmw"}
{"type":"operationStart","subtype":"recipe","name":"chrome-pdf","timestamp":1684654071022,"id":"ddbp2tz2eg7mpsw","previousEventId":"iql2efmwddn1ng1","operationId":"kpm3zehfozhz0lq","previousOperationId":"nped009t8br2bmw"}
{"type":"log","timestamp":1684654071022,"level":"debug","message":"Executing recipe chrome-pdf","meta":{"rootId":"ctayrnsi9f04dpn","id":"ctayrnsi9f04dpn"},"id":"oz5l188k5g96biu","previousOperationId":"kpm3zehfozhz0lq"}
{"type":"log","timestamp":1684654071026,"level":"debug","message":"Starting child request to render pdf footer","meta":{"rootId":"ctayrnsi9f04dpn","id":"ctayrnsi9f04dpn"},"id":"htwplse5sij34a8","previousOperationId":"kpm3zehfozhz0lq"}
{"type":"operationStart","subtype":"render","name":"anonymous","previousOperationId":"kpm3zehfozhz0lq","timestamp":1684654071026,"id":"by57rmrt3ov7vmu","previousEventId":"ddbp2tz2eg7mpsw","operationId":"388un6hpqtsl5fq"}
{"type":"log","timestamp":1684654071026,"level":"info","message":"Starting rendering (child) request","meta":{"rootId":"ctayrnsi9f04dpn","id":"5ruj3c572g9yh84"},"id":"9jbuz26anaykpl9","previousOperationId":"388un6hpqtsl5fq"}
{"type":"log","timestamp":1684654071027,"level":"info","message":"Rendering anonymous template { recipe: html, engine: handlebars }","meta":{"rootId":"ctayrnsi9f04dpn","id":"5ruj3c572g9yh84"},"id":"5jra60uxxvz3bcz","previousOperationId":"388un6hpqtsl5fq"}
{"type":"log","timestamp":1684654071027,"level":"debug","message":"Inline data specified.","meta":{"rootId":"ctayrnsi9f04dpn","id":"5ruj3c572g9yh84"},"id":"l73iiufpabr1vqv","previousOperationId":"388un6hpqtsl5fq"}
{"type":"log","timestamp":1684654071029,"level":"debug","message":"Base url not specified, skipping its injection.","meta":{"rootId":"ctayrnsi9f04dpn","id":"5ruj3c572g9yh84"},"id":"yth2sqlya101esm","previousOperationId":"388un6hpqtsl5fq"}
{"type":"operationStart","subtype":"engine","name":"handlebars","timestamp":1684654071029,"id":"gb73o8nngixoz2a","previousEventId":"by57rmrt3ov7vmu","operationId":"kkevl9plsws2u0a","previousOperationId":"388un6hpqtsl5fq"}
{"type":"log","timestamp":1684654071029,"level":"debug","message":"Rendering engine handlebars","meta":{"rootId":"ctayrnsi9f04dpn","id":"5ruj3c572g9yh84"},"id":"ujmsv6y8ywsm3oa","previousOperationId":"kkevl9plsws2u0a"}
{"type":"operationEnd","operationId":"kkevl9plsws2u0a","timestamp":1684654071055,"id":"0x9emtrpvvxut4c","previousEventId":"gb73o8nngixoz2a","previousOperationId":"kkevl9plsws2u0a"}
{"type":"operationStart","subtype":"recipe","name":"html","timestamp":1684654071055,"id":"k2jeie5gzvmoplh","previousEventId":"0x9emtrpvvxut4c","operationId":"5dywr8fwwhur0jp","previousOperationId":"kkevl9plsws2u0a"}
{"type":"log","timestamp":1684654071055,"level":"debug","message":"Executing recipe html","meta":{"rootId":"ctayrnsi9f04dpn","id":"5ruj3c572g9yh84"},"id":"wvaxryaktb6pkr3","previousOperationId":"5dywr8fwwhur0jp"}
{"type":"operationEnd","operationId":"5dywr8fwwhur0jp","timestamp":1684654071056,"id":"tb8vvknfszn6opa","previousEventId":"k2jeie5gzvmoplh","previousOperationId":"5dywr8fwwhur0jp"}
{"type":"log","timestamp":1684654071056,"level":"debug","message":"Skipping storing report.","meta":{"rootId":"ctayrnsi9f04dpn","id":"5ruj3c572g9yh84"},"id":"qdzbihd4aewzypk","previousOperationId":"5dywr8fwwhur0jp"}
{"type":"log","timestamp":1684654071056,"level":"info","message":"Rendering (child) request finished in 97 ms","meta":{"rootId":"ctayrnsi9f04dpn","id":"5ruj3c572g9yh84"},"id":"3cohb2mklpt5laz","previousOperationId":"5dywr8fwwhur0jp"}
{"type":"operationEnd","subtype":"render","operationId":"388un6hpqtsl5fq","timestamp":1684654071056,"id":"2mosp9s87q545ro","previousEventId":"tb8vvknfszn6opa","previousOperationId":"5dywr8fwwhur0jp"}
{"type":"log","timestamp":1684654071057,"level":"debug","message":"Converting with chrome HeadlessChrome/105.0.5173.0 using chrome-pool strategy","meta":{"rootId":"ctayrnsi9f04dpn","id":"ctayrnsi9f04dpn"},"id":"4rc2ov2t0u961yg","previousOperationId":"kpm3zehfozhz0lq"}
{"type":"log","timestamp":1684654071205,"level":"debug","message":"Page request: GET (document) file:///C:/Users/Adebayo/AppData/Local/Temp/jsreport/autocleanup/1e2b3334-37fd-4a29-a889-39dba0614503-chrome-pdf.html","meta":{"rootId":"ctayrnsi9f04dpn","id":"ctayrnsi9f04dpn"},"id":"3dv6mrpyne5ti98","previousOperationId":"kpm3zehfozhz0lq"}
{"type":"log","timestamp":1684654071228,"level":"debug","message":"Page request finished: GET (document) 200 file:///C:/Users/Adebayo/AppData/Local/Temp/jsreport/autocleanup/1e2b3334-37fd-4a29-a889-39dba0614503-chrome-pdf.html","meta":{"rootId":"ctayrnsi9f04dpn","id":"ctayrnsi9f04dpn"},"id":"jjr40zwojuo917s","previousOperationId":"kpm3zehfozhz0lq"}
{"type":"log","timestamp":1684654071228,"level":"debug","message":"Page request: GET (script) https://cdnjs.cloudflare.com/ajax/libs/Chart.js/2.1.6/Chart.min.js","meta":{"rootId":"ctayrnsi9f04dpn","id":"ctayrnsi9f04dpn"},"id":"49ooswdle814mw1","previousOperationId":"kpm3zehfozhz0lq"}
{"type":"log","timestamp":1684654071240,"level":"debug","message":"Page request finished: GET (script) 200 https://cdnjs.cloudflare.com/ajax/libs/Chart.js/2.1.6/Chart.min.js","meta":{"rootId":"ctayrnsi9f04dpn","id":"ctayrnsi9f04dpn"},"id":"jk8r6utg3zjl657","previousOperationId":"kpm3zehfozhz0lq"}
{"type":"log","timestamp":1684654071245,"level":"warn","message":"Page error: SyntaxError: Unexpected token ','","meta":{"rootId":"ctayrnsi9f04dpn","id":"ctayrnsi9f04dpn"},"id":"gvjygjij0vsrkom","previousOperationId":"kpm3zehfozhz0lq"}
{"type":"log","timestamp":1684654071249,"level":"debug","message":"Running chrome with params {\"printBackground\":true,\"marginTop\":\"2cm\",\"marginRight\":\"1cm\",\"marginBottom\":\"2cm\",\"marginLeft\":\"1cm\",\"landscape\":false,\"format\":\"A4\",\"displayHeaderFooter\":true,\"footerTemplate\":\"...\",\"timeout\":59903,\"margin\":{\"top\":\"2cm\",\"right\":\"1cm\",\"bottom\":\"2cm\",\"left\":\"1cm\"}}","meta":{"rootId":"ctayrnsi9f04dpn","id":"ctayrnsi9f04dpn"},"id":"dh69c5tup8km989","previousOperationId":"kpm3zehfozhz0lq"}
{"type":"operationEnd","operationId":"kpm3zehfozhz0lq","timestamp":1684654071345,"id":"0sckl5kr2t2ycmk","previousEventId":"ddbp2tz2eg7mpsw","previousOperationId":"kpm3zehfozhz0lq"}
{"type":"log","timestamp":1684654071345,"level":"debug","message":"Skipping storing report.","meta":{"rootId":"ctayrnsi9f04dpn","id":"ctayrnsi9f04dpn"},"id":"8pdt8oxphfqlxya","previousOperationId":"kpm3zehfozhz0lq"}
{"type":"log","timestamp":1684654071346,"level":"info","message":"Rendering request 136 finished in 387 ms","meta":{"rootId":"ctayrnsi9f04dpn","id":"ctayrnsi9f04dpn"},"id":"fpj5y7cwr88rwlz","previousOperationId":"kpm3zehfozhz0lq"}
{"type":"operationEnd","subtype":"render","operationId":"d3rt20lpchajidy","timestamp":1684654071346,"id":"vwjew38h0ixpr9v","previousEventId":"0sckl5kr2t2ycmk","previousOperationId":"kpm3zehfozhz0lq"}
{"type":"operationEnd","doDiffs":false,"previousEventId":"0izhn3al0fjclsv","previousOperationId":"fwijinv90a5791g","operationId":"fwijinv90a5791g","timestamp":1684654071353,"id":"8dcg950jjtxui1j"}
