{"type":"operationStart","subtype":"profile","data":{"_id":"rLOUBuF5V6Fhh5QB","timestamp":"2023-05-21T05:32:35.261Z","state":"queued","mode":"standard","creationDate":"2023-05-21T05:32:35.264Z","modificationDate":"2023-05-21T05:32:35.264Z","shortid":"kqmX3f2","$entitySet":"profiles"},"doDiffs":false,"timestamp":1684647155262,"id":"0emy2uocha4aae5","previousOperationId":null,"operationId":"jd3xkh7fa1s4nay"}
{"type":"log","level":"info","message":"Render request 33 queued for execution and waiting for available worker","previousOperationId":"jd3xkh7fa1s4nay","timestamp":1684647155263,"id":"sb0d7vibncavf8f"}
{"type":"operationStart","subtype":"render","name":"invoice-js","previousOperationId":"jd3xkh7fa1s4nay","timestamp":1684647155273,"id":"u1a9wei3iongbzy","previousEventId":"0emy2uocha4aae5","operationId":"d4eq9kiihy7cl1j"}
{"type":"log","timestamp":1684647155273,"level":"info","message":"Starting rendering request 33","meta":{"rootId":"d4mt1c7o8ybqup7","id":"d4mt1c7o8ybqup7"},"id":"ew5pg9c423fh95r","previousOperationId":"d4eq9kiihy7cl1j"}
{"type":"log","timestamp":1684647155273,"level":"info","message":"Rendering template { name: invoice-js, recipe: chrome-pdf, engine: handlebars, preview: true }","meta":{"rootId":"d4mt1c7o8ybqup7","id":"d4mt1c7o8ybqup7"},"id":"ygcf03hhcl8nznk","previousOperationId":"d4eq9kiihy7cl1j"}
{"type":"log","timestamp":1684647155275,"level":"debug","message":"Inline data specified.","meta":{"rootId":"d4mt1c7o8ybqup7","id":"d4mt1c7o8ybqup7"},"id":"gbggt6fl22waesi","previousOperationId":"d4eq9kiihy7cl1j"}
{"type":"log","timestamp":1684647155308,"level":"debug","message":"Base url not specified, skipping its injection.","meta":{"rootId":"d4mt1c7o8ybqup7","id":"d4mt1c7o8ybqup7"},"id":"jn00axxh35a3ieb","previousOperationId":"d4eq9kiihy7cl1j"}
{"type":"operationStart","subtype":"engine","name":"handlebars","timestamp":1684647155308,"id":"ibl3556rurxk3s4","previousEventId":"u1a9wei3iongbzy","operationId":"6mw4pa1ckrpq7zl","previousOperationId":"d4eq9kiihy7cl1j"}
{"type":"log","timestamp":1684647155308,"level":"debug","message":"Rendering engine handlebars","meta":{"rootId":"d4mt1c7o8ybqup7","id":"d4mt1c7o8ybqup7"},"id":"5eu67mby2o5zoi2","previousOperationId":"6mw4pa1ckrpq7zl"}
{"type":"operationEnd","operationId":"6mw4pa1ckrpq7zl","timestamp":1684647155394,"id":"5yf68ymo0ni1pfc","previousEventId":"ibl3556rurxk3s4","previousOperationId":"6mw4pa1ckrpq7zl"}
{"type":"operationStart","subtype":"recipe","name":"chrome-pdf","timestamp":1684647155394,"id":"767vy70bralmlwv","previousEventId":"5yf68ymo0ni1pfc","operationId":"n2olk1or4k2p145","previousOperationId":"6mw4pa1ckrpq7zl"}
{"type":"log","timestamp":1684647155394,"level":"debug","message":"Executing recipe chrome-pdf","meta":{"rootId":"d4mt1c7o8ybqup7","id":"d4mt1c7o8ybqup7"},"id":"llbwi2ekpjd1x6m","previousOperationId":"n2olk1or4k2p145"}
{"type":"log","timestamp":1684647155406,"level":"debug","message":"Converting with chrome HeadlessChrome/105.0.5173.0 using chrome-pool strategy","meta":{"rootId":"d4mt1c7o8ybqup7","id":"d4mt1c7o8ybqup7"},"id":"9fhjflz93bjtvh4","previousOperationId":"n2olk1or4k2p145"}
{"type":"log","timestamp":1684647155538,"level":"debug","message":"Page request: GET (document) file:///C:/Users/Adebayo/AppData/Local/Temp/jsreport/autocleanup/0fa3cce8-16c4-422b-8193-96e71dc770e7-chrome-pdf.html","meta":{"rootId":"d4mt1c7o8ybqup7","id":"d4mt1c7o8ybqup7"},"id":"dglwvs8pdhpsq9m","previousOperationId":"n2olk1or4k2p145"}
{"type":"log","timestamp":1684647155564,"level":"debug","message":"Page request finished: GET (document) 200 file:///C:/Users/Adebayo/AppData/Local/Temp/jsreport/autocleanup/0fa3cce8-16c4-422b-8193-96e71dc770e7-chrome-pdf.html","meta":{"rootId":"d4mt1c7o8ybqup7","id":"d4mt1c7o8ybqup7"},"id":"o3q6v226d4fofx4","previousOperationId":"n2olk1or4k2p145"}
{"type":"log","timestamp":1684647155565,"level":"debug","message":"Page request: GET (script) https://cdnjs.cloudflare.com/ajax/libs/Chart.js/2.1.6/Chart.min.js","meta":{"rootId":"d4mt1c7o8ybqup7","id":"d4mt1c7o8ybqup7"},"id":"trq706jwxghtq91","previousOperationId":"n2olk1or4k2p145"}
{"type":"log","timestamp":1684647155598,"level":"debug","message":"Page request finished: GET (script) 200 https://cdnjs.cloudflare.com/ajax/libs/Chart.js/2.1.6/Chart.min.js","meta":{"rootId":"d4mt1c7o8ybqup7","id":"d4mt1c7o8ybqup7"},"id":"sxfytgb9hqn8nm8","previousOperationId":"n2olk1or4k2p145"}
{"type":"log","timestamp":1684647155705,"level":"debug","message":"Running chrome with params {\"printBackground\":true,\"marginTop\":\"2cm\",\"marginRight\":\"1cm\",\"marginBottom\":\"2cm\",\"marginLeft\":\"1cm\",\"landscape\":false,\"format\":\"A4\",\"displayHeaderFooter\":true,\"timeout\":59861,\"margin\":{\"top\":\"2cm\",\"right\":\"1cm\",\"bottom\":\"2cm\",\"left\":\"1cm\"}}","meta":{"rootId":"d4mt1c7o8ybqup7","id":"d4mt1c7o8ybqup7"},"id":"xb5hyas5mbfd3s9","previousOperationId":"n2olk1or4k2p145"}
{"type":"operationEnd","operationId":"n2olk1or4k2p145","timestamp":1684647155805,"id":"32ohtfv67vjmos4","previousEventId":"767vy70bralmlwv","previousOperationId":"n2olk1or4k2p145"}
{"type":"log","timestamp":1684647155805,"level":"debug","message":"Skipping storing report.","meta":{"rootId":"d4mt1c7o8ybqup7","id":"d4mt1c7o8ybqup7"},"id":"ltmueiv0d4rv9jh","previousOperationId":"n2olk1or4k2p145"}
{"type":"log","timestamp":1684647155805,"level":"info","message":"Rendering request 33 finished in 544 ms","meta":{"rootId":"d4mt1c7o8ybqup7","id":"d4mt1c7o8ybqup7"},"id":"kk7qrm57zn3y8ui","previousOperationId":"n2olk1or4k2p145"}
{"type":"operationEnd","subtype":"render","operationId":"d4eq9kiihy7cl1j","timestamp":1684647155805,"id":"2hipanlwe5pyyvd","previousEventId":"32ohtfv67vjmos4","previousOperationId":"n2olk1or4k2p145"}
{"type":"operationEnd","doDiffs":false,"previousEventId":"0emy2uocha4aae5","previousOperationId":"jd3xkh7fa1s4nay","operationId":"jd3xkh7fa1s4nay","timestamp":1684647155812,"id":"d26agu4yhanx1hw"}
