{"type":"operationStart","subtype":"profile","data":{"_id":"bIEu2BGtTmSm0ibE","timestamp":"2023-05-21T14:02:34.604Z","state":"queued","mode":"standard","creationDate":"2023-05-21T14:02:34.605Z","modificationDate":"2023-05-21T14:02:34.605Z","shortid":"UJoRLo1","$entitySet":"profiles"},"doDiffs":false,"timestamp":1684677754604,"id":"tcbz7kjr9x95gkv","previousOperationId":null,"operationId":"ckyzcw6agly512t"}
{"type":"log","level":"info","message":"Render request 187 queued for execution and waiting for available worker","previousOperationId":"ckyzcw6agly512t","timestamp":1684677754604,"id":"ssgq9exw6urvtqj"}
{"type":"operationStart","subtype":"render","name":"invoice-js","previousOperationId":"ckyzcw6agly512t","timestamp":1684677754610,"id":"0iecm5cjcqmhmkj","previousEventId":"tcbz7kjr9x95gkv","operationId":"upqykz7yfj42sh9"}
{"type":"log","timestamp":1684677754610,"level":"info","message":"Starting rendering request 187","meta":{"rootId":"dh81sob9t378qis","id":"dh81sob9t378qis"},"id":"8s7i8r0283nt80s","previousOperationId":"upqykz7yfj42sh9"}
{"type":"log","timestamp":1684677754610,"level":"info","message":"Rendering template { name: invoice-js, recipe: chrome-pdf, engine: handlebars, preview: false }","meta":{"rootId":"dh81sob9t378qis","id":"dh81sob9t378qis"},"id":"6srt1132n6b1rk9","previousOperationId":"upqykz7yfj42sh9"}
{"type":"log","timestamp":1684677754610,"level":"debug","message":"Inline data specified.","meta":{"rootId":"dh81sob9t378qis","id":"dh81sob9t378qis"},"id":"6znxbvrd4fo6zfr","previousOperationId":"upqykz7yfj42sh9"}
{"type":"log","timestamp":1684677754613,"level":"debug","message":"Base url not specified, skipping its injection.","meta":{"rootId":"dh81sob9t378qis","id":"dh81sob9t378qis"},"id":"wt7a5y30hj7twji","previousOperationId":"upqykz7yfj42sh9"}
{"type":"operationStart","subtype":"engine","name":"handlebars","timestamp":1684677754613,"id":"cqiz3ftivygxb8e","previousEventId":"0iecm5cjcqmhmkj","operationId":"5rimno2xhfd395r","previousOperationId":"upqykz7yfj42sh9"}
{"type":"log","timestamp":1684677754613,"level":"debug","message":"Rendering engine handlebars","meta":{"rootId":"dh81sob9t378qis","id":"dh81sob9t378qis"},"id":"8mhrle5kf7ir029","previousOperationId":"5rimno2xhfd395r"}
{"type":"operationEnd","operationId":"5rimno2xhfd395r","timestamp":1684677754621,"id":"oobt9bdph90qt1n","previousEventId":"cqiz3ftivygxb8e","previousOperationId":"5rimno2xhfd395r"}
{"type":"operationStart","subtype":"recipe","name":"chrome-pdf","timestamp":1684677754621,"id":"gkjiotlvw9ruy60","previousEventId":"oobt9bdph90qt1n","operationId":"kgdzw2r14ig08na","previousOperationId":"5rimno2xhfd395r"}
{"type":"log","timestamp":1684677754621,"level":"debug","message":"Executing recipe chrome-pdf","meta":{"rootId":"dh81sob9t378qis","id":"dh81sob9t378qis"},"id":"nm8f9hlz659hslr","previousOperationId":"kgdzw2r14ig08na"}
{"type":"log","timestamp":1684677754622,"level":"debug","message":"Starting child request to render pdf footer","meta":{"rootId":"dh81sob9t378qis","id":"dh81sob9t378qis"},"id":"eo6a94jylnvdwjt","previousOperationId":"kgdzw2r14ig08na"}
{"type":"operationStart","subtype":"render","name":"anonymous","previousOperationId":"kgdzw2r14ig08na","timestamp":1684677754622,"id":"d9huhmt40mfctor","previousEventId":"gkjiotlvw9ruy60","operationId":"1y75iwta5e1c4as"}
{"type":"log","timestamp":1684677754622,"level":"info","message":"Starting rendering (child) request","meta":{"rootId":"dh81sob9t378qis","id":"ile4i4h9cdg2fat"},"id":"qu2g50ik1jka6bn","previousOperationId":"1y75iwta5e1c4as"}
{"type":"log","timestamp":1684677754622,"level":"info","message":"Rendering anonymous template { recipe: html, engine: handlebars }","meta":{"rootId":"dh81sob9t378qis","id":"ile4i4h9cdg2fat"},"id":"64v91pmahtcxquj","previousOperationId":"1y75iwta5e1c4as"}
{"type":"log","timestamp":1684677754622,"level":"debug","message":"Inline data specified.","meta":{"rootId":"dh81sob9t378qis","id":"ile4i4h9cdg2fat"},"id":"lg9tmtgr46740ks","previousOperationId":"1y75iwta5e1c4as"}
{"type":"log","timestamp":1684677754626,"level":"debug","message":"Base url not specified, skipping its injection.","meta":{"rootId":"dh81sob9t378qis","id":"ile4i4h9cdg2fat"},"id":"abx47n2ss1yeegh","previousOperationId":"1y75iwta5e1c4as"}
{"type":"operationStart","subtype":"engine","name":"handlebars","timestamp":1684677754626,"id":"ys1oza1ium0t6c3","previousEventId":"d9huhmt40mfctor","operationId":"2lmud3xotk008cs","previousOperationId":"1y75iwta5e1c4as"}
{"type":"log","timestamp":1684677754626,"level":"debug","message":"Rendering engine handlebars","meta":{"rootId":"dh81sob9t378qis","id":"ile4i4h9cdg2fat"},"id":"1v9tpwpwyog5iaf","previousOperationId":"2lmud3xotk008cs"}
{"type":"operationEnd","operationId":"2lmud3xotk008cs","timestamp":1684677754632,"id":"inelugsviybi0cr","previousEventId":"ys1oza1ium0t6c3","previousOperationId":"2lmud3xotk008cs"}
{"type":"operationStart","subtype":"recipe","name":"html","timestamp":1684677754632,"id":"50nowr56a4gmk9r","previousEventId":"inelugsviybi0cr","operationId":"g2fe1a4xd1goov0","previousOperationId":"2lmud3xotk008cs"}
{"type":"log","timestamp":1684677754632,"level":"debug","message":"Executing recipe html","meta":{"rootId":"dh81sob9t378qis","id":"ile4i4h9cdg2fat"},"id":"rmcvq2jk2r4t2pl","previousOperationId":"g2fe1a4xd1goov0"}
{"type":"operationEnd","operationId":"g2fe1a4xd1goov0","timestamp":1684677754632,"id":"a8j3j47cuilejrl","previousEventId":"50nowr56a4gmk9r","previousOperationId":"g2fe1a4xd1goov0"}
{"type":"log","timestamp":1684677754632,"level":"debug","message":"Skipping storing report.","meta":{"rootId":"dh81sob9t378qis","id":"ile4i4h9cdg2fat"},"id":"a91cz809wv8vnq0","previousOperationId":"g2fe1a4xd1goov0"}
{"type":"log","timestamp":1684677754632,"level":"info","message":"Rendering (child) request finished in 29 ms","meta":{"rootId":"dh81sob9t378qis","id":"ile4i4h9cdg2fat"},"id":"nvee80lp8aavtkm","previousOperationId":"g2fe1a4xd1goov0"}
{"type":"operationEnd","subtype":"render","operationId":"1y75iwta5e1c4as","timestamp":1684677754632,"id":"d7j4iug3qmx2125","previousEventId":"a8j3j47cuilejrl","previousOperationId":"g2fe1a4xd1goov0"}
{"type":"log","timestamp":1684677754633,"level":"debug","message":"Converting with chrome HeadlessChrome/105.0.5173.0 using chrome-pool strategy","meta":{"rootId":"dh81sob9t378qis","id":"dh81sob9t378qis"},"id":"xvgyll51o7ys3p4","previousOperationId":"kgdzw2r14ig08na"}
{"type":"log","timestamp":1684677754721,"level":"debug","message":"Page request: GET (document) file:///C:/Users/Adebayo/AppData/Local/Temp/jsreport/autocleanup/f9769581-b353-4a07-92fb-9e58842c7f0b-chrome-pdf.html","meta":{"rootId":"dh81sob9t378qis","id":"dh81sob9t378qis"},"id":"h7syw6bwvn8vwcx","previousOperationId":"kgdzw2r14ig08na"}
{"type":"log","timestamp":1684677754733,"level":"debug","message":"Page request finished: GET (document) 200 file:///C:/Users/Adebayo/AppData/Local/Temp/jsreport/autocleanup/f9769581-b353-4a07-92fb-9e58842c7f0b-chrome-pdf.html","meta":{"rootId":"dh81sob9t378qis","id":"dh81sob9t378qis"},"id":"gnjlgr26517rf0h","previousOperationId":"kgdzw2r14ig08na"}
{"type":"log","timestamp":1684677754733,"level":"debug","message":"Page request: GET (script) https://cdnjs.cloudflare.com/ajax/libs/Chart.js/2.1.6/Chart.min.js","meta":{"rootId":"dh81sob9t378qis","id":"dh81sob9t378qis"},"id":"8wx79vi3qzholl9","previousOperationId":"kgdzw2r14ig08na"}
{"type":"log","timestamp":1684677754737,"level":"debug","message":"Page request finished: GET (script) 200 https://cdnjs.cloudflare.com/ajax/libs/Chart.js/2.1.6/Chart.min.js","meta":{"rootId":"dh81sob9t378qis","id":"dh81sob9t378qis"},"id":"i5a634mw9xg98a1","previousOperationId":"kgdzw2r14ig08na"}
{"type":"log","timestamp":1684677754740,"level":"warn","message":"Page error: SyntaxError: Unexpected token ','","meta":{"rootId":"dh81sob9t378qis","id":"dh81sob9t378qis"},"id":"dqe1yfq623y2zl8","previousOperationId":"kgdzw2r14ig08na"}
{"type":"log","timestamp":1684677754742,"level":"debug","message":"Running chrome with params {\"printBackground\":true,\"marginTop\":\"2cm\",\"marginRight\":\"1cm\",\"marginBottom\":\"2cm\",\"marginLeft\":\"1cm\",\"landscape\":false,\"format\":\"A4\",\"displayHeaderFooter\":true,\"footerTemplate\":\"...\",\"timeout\":59971,\"margin\":{\"top\":\"2cm\",\"right\":\"1cm\",\"bottom\":\"2cm\",\"left\":\"1cm\"}}","meta":{"rootId":"dh81sob9t378qis","id":"dh81sob9t378qis"},"id":"u8zyx714czo5i8h","previousOperationId":"kgdzw2r14ig08na"}
{"type":"operationEnd","operationId":"kgdzw2r14ig08na","timestamp":1684677754793,"id":"btnbgrdgfmzh1my","previousEventId":"gkjiotlvw9ruy60","previousOperationId":"kgdzw2r14ig08na"}
{"type":"log","timestamp":1684677754793,"level":"debug","message":"Skipping storing report.","meta":{"rootId":"dh81sob9t378qis","id":"dh81sob9t378qis"},"id":"r2o4ml6c713db0t","previousOperationId":"kgdzw2r14ig08na"}
{"type":"log","timestamp":1684677754793,"level":"info","message":"Rendering request 187 finished in 190 ms","meta":{"rootId":"dh81sob9t378qis","id":"dh81sob9t378qis"},"id":"q80dnnrww93m3dw","previousOperationId":"kgdzw2r14ig08na"}
{"type":"operationEnd","subtype":"render","operationId":"upqykz7yfj42sh9","timestamp":1684677754793,"id":"fsr11n6a97jb1x9","previousEventId":"btnbgrdgfmzh1my","previousOperationId":"kgdzw2r14ig08na"}
{"type":"operationEnd","doDiffs":false,"previousEventId":"tcbz7kjr9x95gkv","previousOperationId":"ckyzcw6agly512t","operationId":"ckyzcw6agly512t","timestamp":1684677754801,"id":"tqtzkm3x38grtp1"}
