{"type":"operationStart","subtype":"profile","data":{"_id":"p1i3CGa1uIQSMdUM","timestamp":"2023-05-21T11:40:30.667Z","state":"queued","mode":"standard","creationDate":"2023-05-21T11:40:30.674Z","modificationDate":"2023-05-21T11:40:30.674Z","shortid":"DzoBYGv","$entitySet":"profiles"},"doDiffs":false,"timestamp":1684669230671,"id":"l0ae3kifcmifezw","previousOperationId":null,"operationId":"gz31vuxkvvz6sfl"}
{"type":"log","level":"info","message":"Render request 181 queued for execution and waiting for available worker","previousOperationId":"gz31vuxkvvz6sfl","timestamp":1684669230671,"id":"eixt1etlncoky79"}
{"type":"operationStart","subtype":"render","name":"invoice-js","previousOperationId":"gz31vuxkvvz6sfl","timestamp":1684669230695,"id":"y4hjbjoqej9d2j3","previousEventId":"l0ae3kifcmifezw","operationId":"6sr9hg1tuffw13j"}
{"type":"log","timestamp":1684669230695,"level":"info","message":"Starting rendering request 181","meta":{"rootId":"disdjzbkdnx5l92","id":"disdjzbkdnx5l92"},"id":"ad4n3zakwb2vniy","previousOperationId":"6sr9hg1tuffw13j"}
{"type":"log","timestamp":1684669230695,"level":"info","message":"Rendering template { name: invoice-js, recipe: chrome-pdf, engine: handlebars, preview: false }","meta":{"rootId":"disdjzbkdnx5l92","id":"disdjzbkdnx5l92"},"id":"d0zrvv3tm5lwegf","previousOperationId":"6sr9hg1tuffw13j"}
{"type":"log","timestamp":1684669230700,"level":"debug","message":"Inline data specified.","meta":{"rootId":"disdjzbkdnx5l92","id":"disdjzbkdnx5l92"},"id":"dpdxg4n5zi4ah4m","previousOperationId":"6sr9hg1tuffw13j"}
{"type":"log","timestamp":1684669230719,"level":"debug","message":"Base url not specified, skipping its injection.","meta":{"rootId":"disdjzbkdnx5l92","id":"disdjzbkdnx5l92"},"id":"5la0nbsv3ve9oqo","previousOperationId":"6sr9hg1tuffw13j"}
{"type":"operationStart","subtype":"engine","name":"handlebars","timestamp":1684669230720,"id":"mydrqkt16d7j6b7","previousEventId":"y4hjbjoqej9d2j3","operationId":"vurwpaywi581rom","previousOperationId":"6sr9hg1tuffw13j"}
{"type":"log","timestamp":1684669230720,"level":"debug","message":"Rendering engine handlebars","meta":{"rootId":"disdjzbkdnx5l92","id":"disdjzbkdnx5l92"},"id":"75qy1qei6iwp2zi","previousOperationId":"vurwpaywi581rom"}
{"type":"operationEnd","operationId":"vurwpaywi581rom","timestamp":1684669230775,"id":"wgxnmht6qr4edh3","previousEventId":"mydrqkt16d7j6b7","previousOperationId":"vurwpaywi581rom"}
{"type":"operationStart","subtype":"recipe","name":"chrome-pdf","timestamp":1684669230776,"id":"ixek75h1s9l2g5k","previousEventId":"wgxnmht6qr4edh3","operationId":"bl75lxaf9uor0gc","previousOperationId":"vurwpaywi581rom"}
{"type":"log","timestamp":1684669230776,"level":"debug","message":"Executing recipe chrome-pdf","meta":{"rootId":"disdjzbkdnx5l92","id":"disdjzbkdnx5l92"},"id":"whq0khyckxqkv5s","previousOperationId":"bl75lxaf9uor0gc"}
{"type":"log","timestamp":1684669230782,"level":"debug","message":"Starting child request to render pdf footer","meta":{"rootId":"disdjzbkdnx5l92","id":"disdjzbkdnx5l92"},"id":"v74412mwfl8q976","previousOperationId":"bl75lxaf9uor0gc"}
{"type":"operationStart","subtype":"render","name":"anonymous","previousOperationId":"bl75lxaf9uor0gc","timestamp":1684669230783,"id":"l3nuy93edxbh3vp","previousEventId":"ixek75h1s9l2g5k","operationId":"ke50er6llqesfvi"}
{"type":"log","timestamp":1684669230783,"level":"info","message":"Starting rendering (child) request","meta":{"rootId":"disdjzbkdnx5l92","id":"6untjye7y597ne2"},"id":"vahr69askkini66","previousOperationId":"ke50er6llqesfvi"}
{"type":"log","timestamp":1684669230783,"level":"info","message":"Rendering anonymous template { recipe: html, engine: handlebars }","meta":{"rootId":"disdjzbkdnx5l92","id":"6untjye7y597ne2"},"id":"y9ydquazfbmuxqw","previousOperationId":"ke50er6llqesfvi"}
{"type":"log","timestamp":1684669230783,"level":"debug","message":"Inline data specified.","meta":{"rootId":"disdjzbkdnx5l92","id":"6untjye7y597ne2"},"id":"6byhyfb60hodsmv","previousOperationId":"ke50er6llqesfvi"}
{"type":"log","timestamp":1684669230790,"level":"debug","message":"Base url not specified, skipping its injection.","meta":{"rootId":"disdjzbkdnx5l92","id":"6untjye7y597ne2"},"id":"wwcjyo7kktwql89","previousOperationId":"ke50er6llqesfvi"}
{"type":"operationStart","subtype":"engine","name":"handlebars","timestamp":1684669230790,"id":"icw452cgzjxuktu","previousEventId":"l3nuy93edxbh3vp","operationId":"ad0jgiyef7seqcp","previousOperationId":"ke50er6llqesfvi"}
{"type":"log","timestamp":1684669230790,"level":"debug","message":"Rendering engine handlebars","meta":{"rootId":"disdjzbkdnx5l92","id":"6untjye7y597ne2"},"id":"5b5gummfat1tkfg","previousOperationId":"ad0jgiyef7seqcp"}
{"type":"operationEnd","operationId":"ad0jgiyef7seqcp","timestamp":1684669230856,"id":"ksn610jlbkrzpqu","previousEventId":"icw452cgzjxuktu","previousOperationId":"ad0jgiyef7seqcp"}
{"type":"operationStart","subtype":"recipe","name":"html","timestamp":1684669230856,"id":"84r08r487ti06w7","previousEventId":"ksn610jlbkrzpqu","operationId":"4bzsg5u93ghvmmv","previousOperationId":"ad0jgiyef7seqcp"}
{"type":"log","timestamp":1684669230856,"level":"debug","message":"Executing recipe html","meta":{"rootId":"disdjzbkdnx5l92","id":"6untjye7y597ne2"},"id":"n9lfpvak9i5uot6","previousOperationId":"4bzsg5u93ghvmmv"}
{"type":"operationEnd","operationId":"4bzsg5u93ghvmmv","timestamp":1684669230857,"id":"ybdephzxvxk15fc","previousEventId":"84r08r487ti06w7","previousOperationId":"4bzsg5u93ghvmmv"}
{"type":"log","timestamp":1684669230857,"level":"debug","message":"Skipping storing report.","meta":{"rootId":"disdjzbkdnx5l92","id":"6untjye7y597ne2"},"id":"bhppfe6bz1s61o5","previousOperationId":"4bzsg5u93ghvmmv"}
{"type":"log","timestamp":1684669230857,"level":"info","message":"Rendering (child) request finished in 191 ms","meta":{"rootId":"disdjzbkdnx5l92","id":"6untjye7y597ne2"},"id":"l6yg52hl9xnk01u","previousOperationId":"4bzsg5u93ghvmmv"}
{"type":"operationEnd","subtype":"render","operationId":"ke50er6llqesfvi","timestamp":1684669230857,"id":"bgths06bccxh6zf","previousEventId":"ybdephzxvxk15fc","previousOperationId":"4bzsg5u93ghvmmv"}
{"type":"log","timestamp":1684669230860,"level":"debug","message":"Converting with chrome HeadlessChrome/105.0.5173.0 using chrome-pool strategy","meta":{"rootId":"disdjzbkdnx5l92","id":"disdjzbkdnx5l92"},"id":"qweyp749q6es7tj","previousOperationId":"bl75lxaf9uor0gc"}
{"type":"log","timestamp":1684669231203,"level":"debug","message":"Page request: GET (document) file:///C:/Users/Adebayo/AppData/Local/Temp/jsreport/autocleanup/452427be-bd3e-4694-80a4-45651d8574e3-chrome-pdf.html","meta":{"rootId":"disdjzbkdnx5l92","id":"disdjzbkdnx5l92"},"id":"m7m8imgty2988r8","previousOperationId":"bl75lxaf9uor0gc"}
{"type":"log","timestamp":1684669231238,"level":"debug","message":"Page request finished: GET (document) 200 file:///C:/Users/Adebayo/AppData/Local/Temp/jsreport/autocleanup/452427be-bd3e-4694-80a4-45651d8574e3-chrome-pdf.html","meta":{"rootId":"disdjzbkdnx5l92","id":"disdjzbkdnx5l92"},"id":"6wfnbras8tjzvmv","previousOperationId":"bl75lxaf9uor0gc"}
{"type":"log","timestamp":1684669231239,"level":"debug","message":"Page request: GET (script) https://cdnjs.cloudflare.com/ajax/libs/Chart.js/2.1.6/Chart.min.js","meta":{"rootId":"disdjzbkdnx5l92","id":"disdjzbkdnx5l92"},"id":"1vo1r9r3r6fazo8","previousOperationId":"bl75lxaf9uor0gc"}
{"type":"log","timestamp":1684669231252,"level":"debug","message":"Page request finished: GET (script) 200 https://cdnjs.cloudflare.com/ajax/libs/Chart.js/2.1.6/Chart.min.js","meta":{"rootId":"disdjzbkdnx5l92","id":"disdjzbkdnx5l92"},"id":"vtpfbq85pi2cci9","previousOperationId":"bl75lxaf9uor0gc"}
{"type":"log","timestamp":1684669231444,"level":"debug","message":"Running chrome with params {\"printBackground\":true,\"marginTop\":\"2cm\",\"marginRight\":\"1cm\",\"marginBottom\":\"2cm\",\"marginLeft\":\"1cm\",\"landscape\":false,\"format\":\"A4\",\"displayHeaderFooter\":true,\"footerTemplate\":\"...\",\"timeout\":59809,\"margin\":{\"top\":\"2cm\",\"right\":\"1cm\",\"bottom\":\"2cm\",\"left\":\"1cm\"}}","meta":{"rootId":"disdjzbkdnx5l92","id":"disdjzbkdnx5l92"},"id":"kas2kd9hfnnj101","previousOperationId":"bl75lxaf9uor0gc"}
{"type":"operationEnd","operationId":"bl75lxaf9uor0gc","timestamp":1684669231826,"id":"ttppb8xehixvd0r","previousEventId":"ixek75h1s9l2g5k","previousOperationId":"bl75lxaf9uor0gc"}
{"type":"log","timestamp":1684669231826,"level":"debug","message":"Skipping storing report.","meta":{"rootId":"disdjzbkdnx5l92","id":"disdjzbkdnx5l92"},"id":"hujx3gv9wguyz8m","previousOperationId":"bl75lxaf9uor0gc"}
{"type":"log","timestamp":1684669231826,"level":"info","message":"Rendering request 181 finished in 1160 ms","meta":{"rootId":"disdjzbkdnx5l92","id":"disdjzbkdnx5l92"},"id":"3vif3mfb401wa1r","previousOperationId":"bl75lxaf9uor0gc"}
{"type":"operationEnd","subtype":"render","operationId":"6sr9hg1tuffw13j","timestamp":1684669231826,"id":"fqrso79odq7yipp","previousEventId":"ttppb8xehixvd0r","previousOperationId":"bl75lxaf9uor0gc"}
{"type":"operationEnd","doDiffs":false,"previousEventId":"l0ae3kifcmifezw","previousOperationId":"gz31vuxkvvz6sfl","operationId":"gz31vuxkvvz6sfl","timestamp":1684669231839,"id":"8ufvzrefkts285o"}
