{"type":"operationStart","subtype":"profile","data":{"_id":"KzUPBrGc2xs6lcTy","timestamp":"2023-05-21T07:25:15.742Z","state":"queued","mode":"standard","creationDate":"2023-05-21T07:25:15.746Z","modificationDate":"2023-05-21T07:25:15.746Z","shortid":"ioU9Icw","$entitySet":"profiles"},"doDiffs":false,"timestamp":1684653915744,"id":"0vaxo2hjs0cusko","previousOperationId":null,"operationId":"ktsxxgzqs3sh7hv"}
{"type":"log","level":"info","message":"Render request 128 queued for execution and waiting for available worker","previousOperationId":"ktsxxgzqs3sh7hv","timestamp":1684653915744,"id":"9xxi3oexba4tv4h"}
{"type":"operationStart","subtype":"render","name":"invoice-js","previousOperationId":"ktsxxgzqs3sh7hv","timestamp":1684653915761,"id":"exiiejzse2vxq0b","previousEventId":"0vaxo2hjs0cusko","operationId":"dpt4uailvfmeegt"}
{"type":"log","timestamp":1684653915761,"level":"info","message":"Starting rendering request 128","meta":{"rootId":"dryx6003s636k9p","id":"dryx6003s636k9p"},"id":"qva716l4agqh7l3","previousOperationId":"dpt4uailvfmeegt"}
{"type":"log","timestamp":1684653915762,"level":"info","message":"Rendering template { name: invoice-js, recipe: chrome-pdf, engine: handlebars, preview: false }","meta":{"rootId":"dryx6003s636k9p","id":"dryx6003s636k9p"},"id":"2kc87tokwzv8kcd","previousOperationId":"dpt4uailvfmeegt"}
{"type":"log","timestamp":1684653915764,"level":"debug","message":"Inline data specified.","meta":{"rootId":"dryx6003s636k9p","id":"dryx6003s636k9p"},"id":"xh1rqui7zcd0x1f","previousOperationId":"dpt4uailvfmeegt"}
{"type":"log","timestamp":1684653915772,"level":"debug","message":"Base url not specified, skipping its injection.","meta":{"rootId":"dryx6003s636k9p","id":"dryx6003s636k9p"},"id":"u8m13agipp7byrc","previousOperationId":"dpt4uailvfmeegt"}
{"type":"operationStart","subtype":"engine","name":"handlebars","timestamp":1684653915772,"id":"tr2ppkgqqeozq4o","previousEventId":"exiiejzse2vxq0b","operationId":"ulq43xoisu3ip4v","previousOperationId":"dpt4uailvfmeegt"}
{"type":"log","timestamp":1684653915772,"level":"debug","message":"Rendering engine handlebars","meta":{"rootId":"dryx6003s636k9p","id":"dryx6003s636k9p"},"id":"mh1ssabqj62xc1u","previousOperationId":"ulq43xoisu3ip4v"}
{"type":"operationEnd","operationId":"ulq43xoisu3ip4v","timestamp":1684653915795,"id":"fd3pagk2sb6zjli","previousEventId":"tr2ppkgqqeozq4o","previousOperationId":"ulq43xoisu3ip4v"}
{"type":"operationStart","subtype":"recipe","name":"chrome-pdf","timestamp":1684653915796,"id":"0c01c540ozm9r1w","previousEventId":"fd3pagk2sb6zjli","operationId":"yk2hm01lxuqgsjd","previousOperationId":"ulq43xoisu3ip4v"}
{"type":"log","timestamp":1684653915796,"level":"debug","message":"Executing recipe chrome-pdf","meta":{"rootId":"dryx6003s636k9p","id":"dryx6003s636k9p"},"id":"uiai9w25fxxzrjr","previousOperationId":"yk2hm01lxuqgsjd"}
{"type":"log","timestamp":1684653915799,"level":"debug","message":"Starting child request to render pdf footer","meta":{"rootId":"dryx6003s636k9p","id":"dryx6003s636k9p"},"id":"t9hrlqarmjxv4hl","previousOperationId":"yk2hm01lxuqgsjd"}
{"type":"operationStart","subtype":"render","name":"anonymous","previousOperationId":"yk2hm01lxuqgsjd","timestamp":1684653915799,"id":"cpaag5c3z1duns7","previousEventId":"0c01c540ozm9r1w","operationId":"jlsyxwhjuvljc6u"}
{"type":"log","timestamp":1684653915799,"level":"info","message":"Starting rendering (child) request","meta":{"rootId":"dryx6003s636k9p","id":"wn5v4dqm887xi8s"},"id":"7w77za30x34tjnn","previousOperationId":"jlsyxwhjuvljc6u"}
{"type":"log","timestamp":1684653915799,"level":"info","message":"Rendering anonymous template { recipe: html, engine: handlebars }","meta":{"rootId":"dryx6003s636k9p","id":"wn5v4dqm887xi8s"},"id":"2tmzg0bynm37tw5","previousOperationId":"jlsyxwhjuvljc6u"}
{"type":"log","timestamp":1684653915799,"level":"debug","message":"Inline data specified.","meta":{"rootId":"dryx6003s636k9p","id":"wn5v4dqm887xi8s"},"id":"xo3jxmy9cgukdko","previousOperationId":"jlsyxwhjuvljc6u"}
{"type":"log","timestamp":1684653915809,"level":"debug","message":"Base url not specified, skipping its injection.","meta":{"rootId":"dryx6003s636k9p","id":"wn5v4dqm887xi8s"},"id":"9i56vpjqualhkmb","previousOperationId":"jlsyxwhjuvljc6u"}
{"type":"operationStart","subtype":"engine","name":"handlebars","timestamp":1684653915810,"id":"l55qkh5gx91vu8x","previousEventId":"cpaag5c3z1duns7","operationId":"9cagbdwln1ll5v5","previousOperationId":"jlsyxwhjuvljc6u"}
{"type":"log","timestamp":1684653915810,"level":"debug","message":"Rendering engine handlebars","meta":{"rootId":"dryx6003s636k9p","id":"wn5v4dqm887xi8s"},"id":"uyizv71v82je8hr","previousOperationId":"9cagbdwln1ll5v5"}
{"type":"operationEnd","operationId":"9cagbdwln1ll5v5","timestamp":1684653915822,"id":"kwjcvh7b5bja0n9","previousEventId":"l55qkh5gx91vu8x","previousOperationId":"9cagbdwln1ll5v5"}
{"type":"operationStart","subtype":"recipe","name":"html","timestamp":1684653915822,"id":"9pqin36a8sx5u2m","previousEventId":"kwjcvh7b5bja0n9","operationId":"ptwi57fz0yl5rxi","previousOperationId":"9cagbdwln1ll5v5"}
{"type":"log","timestamp":1684653915822,"level":"debug","message":"Executing recipe html","meta":{"rootId":"dryx6003s636k9p","id":"wn5v4dqm887xi8s"},"id":"y9079bca4bwacyj","previousOperationId":"ptwi57fz0yl5rxi"}
{"type":"operationEnd","operationId":"ptwi57fz0yl5rxi","timestamp":1684653915822,"id":"hb5dg7ikcf2mls5","previousEventId":"9pqin36a8sx5u2m","previousOperationId":"ptwi57fz0yl5rxi"}
{"type":"log","timestamp":1684653915822,"level":"debug","message":"Skipping storing report.","meta":{"rootId":"dryx6003s636k9p","id":"wn5v4dqm887xi8s"},"id":"s7fddkgt7m7ipf1","previousOperationId":"ptwi57fz0yl5rxi"}
{"type":"log","timestamp":1684653915823,"level":"info","message":"Rendering (child) request finished in 81 ms","meta":{"rootId":"dryx6003s636k9p","id":"wn5v4dqm887xi8s"},"id":"wyacyfqiaby5n97","previousOperationId":"ptwi57fz0yl5rxi"}
{"type":"operationEnd","subtype":"render","operationId":"jlsyxwhjuvljc6u","timestamp":1684653915823,"id":"ugwkt9jsvzmsfaj","previousEventId":"hb5dg7ikcf2mls5","previousOperationId":"ptwi57fz0yl5rxi"}
{"type":"log","timestamp":1684653915824,"level":"debug","message":"Converting with chrome HeadlessChrome/105.0.5173.0 using chrome-pool strategy","meta":{"rootId":"dryx6003s636k9p","id":"dryx6003s636k9p"},"id":"bdk6b7roeyb3tnh","previousOperationId":"yk2hm01lxuqgsjd"}
{"type":"log","timestamp":1684653915958,"level":"debug","message":"Page request: GET (document) file:///C:/Users/Adebayo/AppData/Local/Temp/jsreport/autocleanup/0965e4e1-21ec-45c5-a9d8-d42839ef800e-chrome-pdf.html","meta":{"rootId":"dryx6003s636k9p","id":"dryx6003s636k9p"},"id":"ysdmx3b5cgvqtvl","previousOperationId":"yk2hm01lxuqgsjd"}
{"type":"log","timestamp":1684653915977,"level":"debug","message":"Page request finished: GET (document) 200 file:///C:/Users/Adebayo/AppData/Local/Temp/jsreport/autocleanup/0965e4e1-21ec-45c5-a9d8-d42839ef800e-chrome-pdf.html","meta":{"rootId":"dryx6003s636k9p","id":"dryx6003s636k9p"},"id":"x5h5gzl1m6iqrex","previousOperationId":"yk2hm01lxuqgsjd"}
{"type":"log","timestamp":1684653915978,"level":"debug","message":"Page request: GET (script) https://cdnjs.cloudflare.com/ajax/libs/Chart.js/2.1.6/Chart.min.js","meta":{"rootId":"dryx6003s636k9p","id":"dryx6003s636k9p"},"id":"zx43ns4um8om22f","previousOperationId":"yk2hm01lxuqgsjd"}
{"type":"log","timestamp":1684653915988,"level":"debug","message":"Page request finished: GET (script) 200 https://cdnjs.cloudflare.com/ajax/libs/Chart.js/2.1.6/Chart.min.js","meta":{"rootId":"dryx6003s636k9p","id":"dryx6003s636k9p"},"id":"2265vk1cuvayawr","previousOperationId":"yk2hm01lxuqgsjd"}
{"type":"log","timestamp":1684653915994,"level":"warn","message":"Page error: SyntaxError: Unexpected token ','","meta":{"rootId":"dryx6003s636k9p","id":"dryx6003s636k9p"},"id":"09yzezsd8su5tgv","previousOperationId":"yk2hm01lxuqgsjd"}
{"type":"log","timestamp":1684653916002,"level":"debug","message":"Running chrome with params {\"printBackground\":true,\"marginTop\":\"2cm\",\"marginRight\":\"1cm\",\"marginBottom\":\"2cm\",\"marginLeft\":\"1cm\",\"landscape\":false,\"format\":\"A4\",\"displayHeaderFooter\":true,\"footerTemplate\":\"...\",\"timeout\":59919,\"margin\":{\"top\":\"2cm\",\"right\":\"1cm\",\"bottom\":\"2cm\",\"left\":\"1cm\"}}","meta":{"rootId":"dryx6003s636k9p","id":"dryx6003s636k9p"},"id":"2vntixmwtmi7dog","previousOperationId":"yk2hm01lxuqgsjd"}
{"type":"operationEnd","operationId":"yk2hm01lxuqgsjd","timestamp":1684653916085,"id":"y9rkz6twy455tt9","previousEventId":"0c01c540ozm9r1w","previousOperationId":"yk2hm01lxuqgsjd"}
{"type":"log","timestamp":1684653916085,"level":"debug","message":"Skipping storing report.","meta":{"rootId":"dryx6003s636k9p","id":"dryx6003s636k9p"},"id":"c39jbjb571z4l1u","previousOperationId":"yk2hm01lxuqgsjd"}
{"type":"log","timestamp":1684653916086,"level":"info","message":"Rendering request 128 finished in 344 ms","meta":{"rootId":"dryx6003s636k9p","id":"dryx6003s636k9p"},"id":"zhpgtu4lgzf0vwp","previousOperationId":"yk2hm01lxuqgsjd"}
{"type":"operationEnd","subtype":"render","operationId":"dpt4uailvfmeegt","timestamp":1684653916086,"id":"45aolveydef8c0j","previousEventId":"y9rkz6twy455tt9","previousOperationId":"yk2hm01lxuqgsjd"}
{"type":"operationEnd","doDiffs":false,"previousEventId":"0vaxo2hjs0cusko","previousOperationId":"ktsxxgzqs3sh7hv","operationId":"ktsxxgzqs3sh7hv","timestamp":1684653916093,"id":"70uicuw6vwcksob"}
