{"type":"operationStart","subtype":"profile","data":{"_id":"YlNKpWpMwXUty6VI","timestamp":"2023-05-21T07:25:16.651Z","state":"queued","mode":"standard","creationDate":"2023-05-21T07:25:16.654Z","modificationDate":"2023-05-21T07:25:16.654Z","shortid":"bOMqQcL","$entitySet":"profiles"},"doDiffs":false,"timestamp":1684653916653,"id":"jc2orerd8xgbth3","previousOperationId":null,"operationId":"fwep4bkxy68815z"}
{"type":"log","level":"info","message":"Render request 129 queued for execution and waiting for available worker","previousOperationId":"fwep4bkxy68815z","timestamp":1684653916653,"id":"ci0y2hxevi1sgf1"}
{"type":"operationStart","subtype":"render","name":"invoice-js","previousOperationId":"fwep4bkxy68815z","timestamp":1684653916666,"id":"i2wz3te9v3ffgwk","previousEventId":"jc2orerd8xgbth3","operationId":"ijwvsyz0dx85awd"}
{"type":"log","timestamp":1684653916666,"level":"info","message":"Starting rendering request 129","meta":{"rootId":"e1klekor16y5zuh","id":"e1klekor16y5zuh"},"id":"edylmhjvpdbslyd","previousOperationId":"ijwvsyz0dx85awd"}
{"type":"log","timestamp":1684653916668,"level":"info","message":"Rendering template { name: invoice-js, recipe: chrome-pdf, engine: handlebars, preview: false }","meta":{"rootId":"e1klekor16y5zuh","id":"e1klekor16y5zuh"},"id":"2dybj1xoyk45lbt","previousOperationId":"ijwvsyz0dx85awd"}
{"type":"log","timestamp":1684653916670,"level":"debug","message":"Inline data specified.","meta":{"rootId":"e1klekor16y5zuh","id":"e1klekor16y5zuh"},"id":"kpp0qikk1r6dvnf","previousOperationId":"ijwvsyz0dx85awd"}
{"type":"log","timestamp":1684653916674,"level":"debug","message":"Base url not specified, skipping its injection.","meta":{"rootId":"e1klekor16y5zuh","id":"e1klekor16y5zuh"},"id":"bvp6wwfeomtv31f","previousOperationId":"ijwvsyz0dx85awd"}
{"type":"operationStart","subtype":"engine","name":"handlebars","timestamp":1684653916674,"id":"r6oiblld2783uv9","previousEventId":"i2wz3te9v3ffgwk","operationId":"oq98mhd050yq3mg","previousOperationId":"ijwvsyz0dx85awd"}
{"type":"log","timestamp":1684653916674,"level":"debug","message":"Rendering engine handlebars","meta":{"rootId":"e1klekor16y5zuh","id":"e1klekor16y5zuh"},"id":"np4a6w0fzhc7ff5","previousOperationId":"oq98mhd050yq3mg"}
{"type":"operationEnd","operationId":"oq98mhd050yq3mg","timestamp":1684653916698,"id":"ntiwc9dculsju4z","previousEventId":"r6oiblld2783uv9","previousOperationId":"oq98mhd050yq3mg"}
{"type":"operationStart","subtype":"recipe","name":"chrome-pdf","timestamp":1684653916699,"id":"7se0exp8mu1luy7","previousEventId":"ntiwc9dculsju4z","operationId":"q6r4ymamuiyg50t","previousOperationId":"oq98mhd050yq3mg"}
{"type":"log","timestamp":1684653916699,"level":"debug","message":"Executing recipe chrome-pdf","meta":{"rootId":"e1klekor16y5zuh","id":"e1klekor16y5zuh"},"id":"9qqffhug290sr02","previousOperationId":"q6r4ymamuiyg50t"}
{"type":"log","timestamp":1684653916711,"level":"debug","message":"Starting child request to render pdf footer","meta":{"rootId":"e1klekor16y5zuh","id":"e1klekor16y5zuh"},"id":"rip3vi64yw514wr","previousOperationId":"q6r4ymamuiyg50t"}
{"type":"operationStart","subtype":"render","name":"anonymous","previousOperationId":"q6r4ymamuiyg50t","timestamp":1684653916712,"id":"btycxvjidkb5to9","previousEventId":"7se0exp8mu1luy7","operationId":"yzh0yl2zbxslb5m"}
{"type":"log","timestamp":1684653916712,"level":"info","message":"Starting rendering (child) request","meta":{"rootId":"e1klekor16y5zuh","id":"i0useqcoevhdfo8"},"id":"fr96iunckpah8q1","previousOperationId":"yzh0yl2zbxslb5m"}
{"type":"log","timestamp":1684653916712,"level":"info","message":"Rendering anonymous template { recipe: html, engine: handlebars }","meta":{"rootId":"e1klekor16y5zuh","id":"i0useqcoevhdfo8"},"id":"0xrmi85csxkqvne","previousOperationId":"yzh0yl2zbxslb5m"}
{"type":"log","timestamp":1684653916712,"level":"debug","message":"Inline data specified.","meta":{"rootId":"e1klekor16y5zuh","id":"i0useqcoevhdfo8"},"id":"8tlgt6dyrk1mm8g","previousOperationId":"yzh0yl2zbxslb5m"}
{"type":"log","timestamp":1684653916726,"level":"debug","message":"Base url not specified, skipping its injection.","meta":{"rootId":"e1klekor16y5zuh","id":"i0useqcoevhdfo8"},"id":"4j5ubi6sb0vnj74","previousOperationId":"yzh0yl2zbxslb5m"}
{"type":"operationStart","subtype":"engine","name":"handlebars","timestamp":1684653916727,"id":"c9l12678o1vwxmp","previousEventId":"btycxvjidkb5to9","operationId":"iv9ap0dmt80u9iu","previousOperationId":"yzh0yl2zbxslb5m"}
{"type":"log","timestamp":1684653916727,"level":"debug","message":"Rendering engine handlebars","meta":{"rootId":"e1klekor16y5zuh","id":"i0useqcoevhdfo8"},"id":"bqsstv8d6aeiqbo","previousOperationId":"iv9ap0dmt80u9iu"}
{"type":"operationEnd","operationId":"iv9ap0dmt80u9iu","timestamp":1684653916753,"id":"g8mxq8iril9ivx4","previousEventId":"c9l12678o1vwxmp","previousOperationId":"iv9ap0dmt80u9iu"}
{"type":"operationStart","subtype":"recipe","name":"html","timestamp":1684653916753,"id":"0xlt7s989s2nygw","previousEventId":"g8mxq8iril9ivx4","operationId":"k5wqmro32qegp8x","previousOperationId":"iv9ap0dmt80u9iu"}
{"type":"log","timestamp":1684653916753,"level":"debug","message":"Executing recipe html","meta":{"rootId":"e1klekor16y5zuh","id":"i0useqcoevhdfo8"},"id":"e842wj0nd3tk462","previousOperationId":"k5wqmro32qegp8x"}
{"type":"operationEnd","operationId":"k5wqmro32qegp8x","timestamp":1684653916753,"id":"bifwh2o1rjr90be","previousEventId":"0xlt7s989s2nygw","previousOperationId":"k5wqmro32qegp8x"}
{"type":"log","timestamp":1684653916753,"level":"debug","message":"Skipping storing report.","meta":{"rootId":"e1klekor16y5zuh","id":"i0useqcoevhdfo8"},"id":"7woyh9k4mmm1ojq","previousOperationId":"k5wqmro32qegp8x"}
{"type":"log","timestamp":1684653916754,"level":"info","message":"Rendering (child) request finished in 103 ms","meta":{"rootId":"e1klekor16y5zuh","id":"i0useqcoevhdfo8"},"id":"x7zm0yk6q7ysf9z","previousOperationId":"k5wqmro32qegp8x"}
{"type":"operationEnd","subtype":"render","operationId":"yzh0yl2zbxslb5m","timestamp":1684653916754,"id":"d19jm4d6stf5gzz","previousEventId":"bifwh2o1rjr90be","previousOperationId":"k5wqmro32qegp8x"}
{"type":"log","timestamp":1684653916756,"level":"debug","message":"Converting with chrome HeadlessChrome/105.0.5173.0 using chrome-pool strategy","meta":{"rootId":"e1klekor16y5zuh","id":"e1klekor16y5zuh"},"id":"3nl4yeng5rgp8le","previousOperationId":"q6r4ymamuiyg50t"}
{"type":"log","timestamp":1684653916876,"level":"debug","message":"Page request: GET (document) file:///C:/Users/Adebayo/AppData/Local/Temp/jsreport/autocleanup/9ff6eaab-c057-4bd3-b431-350465675582-chrome-pdf.html","meta":{"rootId":"e1klekor16y5zuh","id":"e1klekor16y5zuh"},"id":"3oss6x6s24xcncx","previousOperationId":"q6r4ymamuiyg50t"}
{"type":"log","timestamp":1684653916894,"level":"debug","message":"Page request finished: GET (document) 200 file:///C:/Users/Adebayo/AppData/Local/Temp/jsreport/autocleanup/9ff6eaab-c057-4bd3-b431-350465675582-chrome-pdf.html","meta":{"rootId":"e1klekor16y5zuh","id":"e1klekor16y5zuh"},"id":"j40yafbjcbzrjd7","previousOperationId":"q6r4ymamuiyg50t"}
{"type":"log","timestamp":1684653916895,"level":"debug","message":"Page request: GET (script) https://cdnjs.cloudflare.com/ajax/libs/Chart.js/2.1.6/Chart.min.js","meta":{"rootId":"e1klekor16y5zuh","id":"e1klekor16y5zuh"},"id":"tcodn681fhv8cyn","previousOperationId":"q6r4ymamuiyg50t"}
{"type":"log","timestamp":1684653916903,"level":"debug","message":"Page request finished: GET (script) 200 https://cdnjs.cloudflare.com/ajax/libs/Chart.js/2.1.6/Chart.min.js","meta":{"rootId":"e1klekor16y5zuh","id":"e1klekor16y5zuh"},"id":"3ehnkoyvtvu432y","previousOperationId":"q6r4ymamuiyg50t"}
{"type":"log","timestamp":1684653916914,"level":"warn","message":"Page error: SyntaxError: Unexpected token ','","meta":{"rootId":"e1klekor16y5zuh","id":"e1klekor16y5zuh"},"id":"peh3uq9ow9adco1","previousOperationId":"q6r4ymamuiyg50t"}
{"type":"log","timestamp":1684653916917,"level":"debug","message":"Running chrome with params {\"printBackground\":true,\"marginTop\":\"2cm\",\"marginRight\":\"1cm\",\"marginBottom\":\"2cm\",\"marginLeft\":\"1cm\",\"landscape\":false,\"format\":\"A4\",\"displayHeaderFooter\":true,\"footerTemplate\":\"...\",\"timeout\":59897,\"margin\":{\"top\":\"2cm\",\"right\":\"1cm\",\"bottom\":\"2cm\",\"left\":\"1cm\"}}","meta":{"rootId":"e1klekor16y5zuh","id":"e1klekor16y5zuh"},"id":"hzt8a2rpfh75194","previousOperationId":"q6r4ymamuiyg50t"}
{"type":"operationEnd","operationId":"q6r4ymamuiyg50t","timestamp":1684653917017,"id":"bipz7w70zfcbdqq","previousEventId":"7se0exp8mu1luy7","previousOperationId":"q6r4ymamuiyg50t"}
{"type":"log","timestamp":1684653917018,"level":"debug","message":"Skipping storing report.","meta":{"rootId":"e1klekor16y5zuh","id":"e1klekor16y5zuh"},"id":"n8fnfvlksq6wtq7","previousOperationId":"q6r4ymamuiyg50t"}
{"type":"log","timestamp":1684653917018,"level":"info","message":"Rendering request 129 finished in 367 ms","meta":{"rootId":"e1klekor16y5zuh","id":"e1klekor16y5zuh"},"id":"9iaedbazazhhzwd","previousOperationId":"q6r4ymamuiyg50t"}
{"type":"operationEnd","subtype":"render","operationId":"ijwvsyz0dx85awd","timestamp":1684653917018,"id":"z1v6klpbs27tgll","previousEventId":"bipz7w70zfcbdqq","previousOperationId":"q6r4ymamuiyg50t"}
{"type":"operationEnd","doDiffs":false,"previousEventId":"jc2orerd8xgbth3","previousOperationId":"fwep4bkxy68815z","operationId":"fwep4bkxy68815z","timestamp":1684653917023,"id":"k7gql7xs04wvubt"}
