{"type":"operationStart","subtype":"profile","data":{"_id":"4zspYYqngGWp4HHr","timestamp":"2023-05-21T14:03:55.254Z","state":"queued","mode":"standard","creationDate":"2023-05-21T14:03:55.257Z","modificationDate":"2023-05-21T14:03:55.257Z","shortid":"QEgc42I","$entitySet":"profiles"},"doDiffs":false,"timestamp":1684677835256,"id":"fyn4dyy79uyztgi","previousOperationId":null,"operationId":"3vfv6pn32ud3ncb"}
{"type":"log","level":"info","message":"Render request 189 queued for execution and waiting for available worker","previousOperationId":"3vfv6pn32ud3ncb","timestamp":1684677835256,"id":"5rs72vfj1y4ae6w"}
{"type":"operationStart","subtype":"render","name":"invoice-js","previousOperationId":"3vfv6pn32ud3ncb","timestamp":1684677835269,"id":"cw8ju1orv6lsdkc","previousEventId":"fyn4dyy79uyztgi","operationId":"chq8nxgtt2addv3"}
{"type":"log","timestamp":1684677835269,"level":"info","message":"Starting rendering request 189","meta":{"rootId":"f80e3034gnj9kbw","id":"f80e3034gnj9kbw"},"id":"sj3y8nds93d4hq3","previousOperationId":"chq8nxgtt2addv3"}
{"type":"log","timestamp":1684677835269,"level":"info","message":"Rendering template { name: invoice-js, recipe: chrome-pdf, engine: handlebars, preview: false }","meta":{"rootId":"f80e3034gnj9kbw","id":"f80e3034gnj9kbw"},"id":"k15pwq5s30c2uv0","previousOperationId":"chq8nxgtt2addv3"}
{"type":"log","timestamp":1684677835271,"level":"debug","message":"Inline data specified.","meta":{"rootId":"f80e3034gnj9kbw","id":"f80e3034gnj9kbw"},"id":"ytdp9for3r8gesf","previousOperationId":"chq8nxgtt2addv3"}
{"type":"log","timestamp":1684677835278,"level":"debug","message":"Base url not specified, skipping its injection.","meta":{"rootId":"f80e3034gnj9kbw","id":"f80e3034gnj9kbw"},"id":"xqxjadj7f3u7iuq","previousOperationId":"chq8nxgtt2addv3"}
{"type":"operationStart","subtype":"engine","name":"handlebars","timestamp":1684677835279,"id":"eugy68vw8o9g7h6","previousEventId":"cw8ju1orv6lsdkc","operationId":"wr46yc6hdefqizq","previousOperationId":"chq8nxgtt2addv3"}
{"type":"log","timestamp":1684677835279,"level":"debug","message":"Rendering engine handlebars","meta":{"rootId":"f80e3034gnj9kbw","id":"f80e3034gnj9kbw"},"id":"nncbxlucghx5e9e","previousOperationId":"wr46yc6hdefqizq"}
{"type":"operationEnd","operationId":"wr46yc6hdefqizq","timestamp":1684677835297,"id":"bjj5m45vr95mx8u","previousEventId":"eugy68vw8o9g7h6","previousOperationId":"wr46yc6hdefqizq"}
{"type":"operationStart","subtype":"recipe","name":"chrome-pdf","timestamp":1684677835297,"id":"wucxx496wdg4ubv","previousEventId":"bjj5m45vr95mx8u","operationId":"wafvf3uv6g73hnz","previousOperationId":"wr46yc6hdefqizq"}
{"type":"log","timestamp":1684677835297,"level":"debug","message":"Executing recipe chrome-pdf","meta":{"rootId":"f80e3034gnj9kbw","id":"f80e3034gnj9kbw"},"id":"z3yw43vowa880du","previousOperationId":"wafvf3uv6g73hnz"}
{"type":"log","timestamp":1684677835300,"level":"debug","message":"Starting child request to render pdf footer","meta":{"rootId":"f80e3034gnj9kbw","id":"f80e3034gnj9kbw"},"id":"tq9cx4wtecnvrpy","previousOperationId":"wafvf3uv6g73hnz"}
{"type":"operationStart","subtype":"render","name":"anonymous","previousOperationId":"wafvf3uv6g73hnz","timestamp":1684677835300,"id":"xr6xo7jzbaxep7u","previousEventId":"wucxx496wdg4ubv","operationId":"9w79sdfqetc9itl"}
{"type":"log","timestamp":1684677835300,"level":"info","message":"Starting rendering (child) request","meta":{"rootId":"f80e3034gnj9kbw","id":"hfsj6b3enqax2d3"},"id":"m9q8vj056nls5fh","previousOperationId":"9w79sdfqetc9itl"}
{"type":"log","timestamp":1684677835300,"level":"info","message":"Rendering anonymous template { recipe: html, engine: handlebars }","meta":{"rootId":"f80e3034gnj9kbw","id":"hfsj6b3enqax2d3"},"id":"4dm4kzpie6cnu8b","previousOperationId":"9w79sdfqetc9itl"}
{"type":"log","timestamp":1684677835300,"level":"debug","message":"Inline data specified.","meta":{"rootId":"f80e3034gnj9kbw","id":"hfsj6b3enqax2d3"},"id":"hrtmlqzmj18xmzu","previousOperationId":"9w79sdfqetc9itl"}
{"type":"log","timestamp":1684677835301,"level":"debug","message":"Base url not specified, skipping its injection.","meta":{"rootId":"f80e3034gnj9kbw","id":"hfsj6b3enqax2d3"},"id":"9snatn0jqo2o6ma","previousOperationId":"9w79sdfqetc9itl"}
{"type":"operationStart","subtype":"engine","name":"handlebars","timestamp":1684677835301,"id":"si2inycrp87cn1f","previousEventId":"xr6xo7jzbaxep7u","operationId":"kk39id83xmxya8i","previousOperationId":"9w79sdfqetc9itl"}
{"type":"log","timestamp":1684677835301,"level":"debug","message":"Rendering engine handlebars","meta":{"rootId":"f80e3034gnj9kbw","id":"hfsj6b3enqax2d3"},"id":"drs42trnowvh3zb","previousOperationId":"kk39id83xmxya8i"}
{"type":"operationEnd","operationId":"kk39id83xmxya8i","timestamp":1684677835317,"id":"xuh977te8nc1a78","previousEventId":"si2inycrp87cn1f","previousOperationId":"kk39id83xmxya8i"}
{"type":"operationStart","subtype":"recipe","name":"html","timestamp":1684677835317,"id":"0o82xsjd49iq2fk","previousEventId":"xuh977te8nc1a78","operationId":"lza3thg6l62zkh1","previousOperationId":"kk39id83xmxya8i"}
{"type":"log","timestamp":1684677835317,"level":"debug","message":"Executing recipe html","meta":{"rootId":"f80e3034gnj9kbw","id":"hfsj6b3enqax2d3"},"id":"pbnq41dmq7pnvlw","previousOperationId":"lza3thg6l62zkh1"}
{"type":"operationEnd","operationId":"lza3thg6l62zkh1","timestamp":1684677835317,"id":"2o3zpakczgbrorf","previousEventId":"0o82xsjd49iq2fk","previousOperationId":"lza3thg6l62zkh1"}
{"type":"log","timestamp":1684677835317,"level":"debug","message":"Skipping storing report.","meta":{"rootId":"f80e3034gnj9kbw","id":"hfsj6b3enqax2d3"},"id":"wrcw518ovns6j4m","previousOperationId":"lza3thg6l62zkh1"}
{"type":"log","timestamp":1684677835317,"level":"info","message":"Rendering (child) request finished in 63 ms","meta":{"rootId":"f80e3034gnj9kbw","id":"hfsj6b3enqax2d3"},"id":"i76tbg1kutw2o6z","previousOperationId":"lza3thg6l62zkh1"}
{"type":"operationEnd","subtype":"render","operationId":"9w79sdfqetc9itl","timestamp":1684677835317,"id":"4tt2bq0pastbpix","previousEventId":"2o3zpakczgbrorf","previousOperationId":"lza3thg6l62zkh1"}
{"type":"log","timestamp":1684677835319,"level":"debug","message":"Converting with chrome HeadlessChrome/105.0.5173.0 using chrome-pool strategy","meta":{"rootId":"f80e3034gnj9kbw","id":"f80e3034gnj9kbw"},"id":"s8qteou04pawd60","previousOperationId":"wafvf3uv6g73hnz"}
{"type":"log","timestamp":1684677835396,"level":"debug","message":"Page request: GET (document) file:///C:/Users/Adebayo/AppData/Local/Temp/jsreport/autocleanup/973c6d12-7dd5-4200-8c52-37107577cb4b-chrome-pdf.html","meta":{"rootId":"f80e3034gnj9kbw","id":"f80e3034gnj9kbw"},"id":"6rbpy5pmxkzvrxu","previousOperationId":"wafvf3uv6g73hnz"}
{"type":"log","timestamp":1684677835406,"level":"debug","message":"Page request: GET (script) https://cdnjs.cloudflare.com/ajax/libs/Chart.js/2.1.6/Chart.min.js","meta":{"rootId":"f80e3034gnj9kbw","id":"f80e3034gnj9kbw"},"id":"kwlnumbq7ghh9j6","previousOperationId":"wafvf3uv6g73hnz"}
{"type":"log","timestamp":1684677835407,"level":"debug","message":"Page request finished: GET (document) 200 file:///C:/Users/Adebayo/AppData/Local/Temp/jsreport/autocleanup/973c6d12-7dd5-4200-8c52-37107577cb4b-chrome-pdf.html","meta":{"rootId":"f80e3034gnj9kbw","id":"f80e3034gnj9kbw"},"id":"m66uzeote67ssbi","previousOperationId":"wafvf3uv6g73hnz"}
{"type":"log","timestamp":1684677835410,"level":"debug","message":"Page request finished: GET (script) 200 https://cdnjs.cloudflare.com/ajax/libs/Chart.js/2.1.6/Chart.min.js","meta":{"rootId":"f80e3034gnj9kbw","id":"f80e3034gnj9kbw"},"id":"cojz9z1hfvg9yco","previousOperationId":"wafvf3uv6g73hnz"}
{"type":"log","timestamp":1684677835448,"level":"debug","message":"Running chrome with params {\"printBackground\":true,\"marginTop\":\"2cm\",\"marginRight\":\"1cm\",\"marginBottom\":\"2cm\",\"marginLeft\":\"1cm\",\"landscape\":false,\"format\":\"A4\",\"displayHeaderFooter\":true,\"footerTemplate\":\"...\",\"timeout\":59936,\"margin\":{\"top\":\"2cm\",\"right\":\"1cm\",\"bottom\":\"2cm\",\"left\":\"1cm\"}}","meta":{"rootId":"f80e3034gnj9kbw","id":"f80e3034gnj9kbw"},"id":"2f9rat9dd2g7mip","previousOperationId":"wafvf3uv6g73hnz"}
{"type":"operationEnd","operationId":"wafvf3uv6g73hnz","timestamp":1684677835496,"id":"5y5bfgqp8s8gq4p","previousEventId":"wucxx496wdg4ubv","previousOperationId":"wafvf3uv6g73hnz"}
{"type":"log","timestamp":1684677835496,"level":"debug","message":"Skipping storing report.","meta":{"rootId":"f80e3034gnj9kbw","id":"f80e3034gnj9kbw"},"id":"d0wmsbb7ni9r5ky","previousOperationId":"wafvf3uv6g73hnz"}
{"type":"log","timestamp":1684677835496,"level":"info","message":"Rendering request 189 finished in 242 ms","meta":{"rootId":"f80e3034gnj9kbw","id":"f80e3034gnj9kbw"},"id":"kxib9mwrjj2rlhp","previousOperationId":"wafvf3uv6g73hnz"}
{"type":"operationEnd","subtype":"render","operationId":"chq8nxgtt2addv3","timestamp":1684677835496,"id":"py3fdg0f53fy9tp","previousEventId":"5y5bfgqp8s8gq4p","previousOperationId":"wafvf3uv6g73hnz"}
{"type":"operationEnd","doDiffs":false,"previousEventId":"fyn4dyy79uyztgi","previousOperationId":"3vfv6pn32ud3ncb","operationId":"3vfv6pn32ud3ncb","timestamp":1684677835498,"id":"ptrblfw0h1hxez1"}
