{"type":"operationStart","subtype":"profile","data":{"_id":"LcY83ij6yIBcH8v3","timestamp":"2023-05-21T07:23:12.062Z","state":"queued","mode":"standard","creationDate":"2023-05-21T07:23:12.066Z","modificationDate":"2023-05-21T07:23:12.066Z","shortid":"bBQVHte","$entitySet":"profiles"},"doDiffs":false,"timestamp":1684653792064,"id":"vysum65lemigmzj","previousOperationId":null,"operationId":"lm482yma2y19l9b"}
{"type":"log","level":"info","message":"Render request 123 queued for execution and waiting for available worker","previousOperationId":"lm482yma2y19l9b","timestamp":1684653792064,"id":"iys2lpee24bcnt9"}
{"type":"operationStart","subtype":"render","name":"invoice-js","previousOperationId":"lm482yma2y19l9b","timestamp":1684653792082,"id":"ht3mu9r5wj5f1j8","previousEventId":"vysum65lemigmzj","operationId":"w15v9rykjur4n1r"}
{"type":"log","timestamp":1684653792082,"level":"info","message":"Starting rendering request 123","meta":{"rootId":"fbjpc5w23fnbu6o","id":"fbjpc5w23fnbu6o"},"id":"buoy84uq60vrysk","previousOperationId":"w15v9rykjur4n1r"}
{"type":"log","timestamp":1684653792082,"level":"info","message":"Rendering template { name: invoice-js, recipe: chrome-pdf, engine: handlebars, preview: false }","meta":{"rootId":"fbjpc5w23fnbu6o","id":"fbjpc5w23fnbu6o"},"id":"eu1ka0bc7k0my97","previousOperationId":"w15v9rykjur4n1r"}
{"type":"log","timestamp":1684653792084,"level":"debug","message":"Inline data specified.","meta":{"rootId":"fbjpc5w23fnbu6o","id":"fbjpc5w23fnbu6o"},"id":"7nv8s3hmb5lw5ga","previousOperationId":"w15v9rykjur4n1r"}
{"type":"log","timestamp":1684653792089,"level":"debug","message":"Base url not specified, skipping its injection.","meta":{"rootId":"fbjpc5w23fnbu6o","id":"fbjpc5w23fnbu6o"},"id":"4ypkwuhoe8yscg1","previousOperationId":"w15v9rykjur4n1r"}
{"type":"operationStart","subtype":"engine","name":"handlebars","timestamp":1684653792090,"id":"tdmx7sfmdhyhlw4","previousEventId":"ht3mu9r5wj5f1j8","operationId":"a2trmz7j7o0mrdj","previousOperationId":"w15v9rykjur4n1r"}
{"type":"log","timestamp":1684653792090,"level":"debug","message":"Rendering engine handlebars","meta":{"rootId":"fbjpc5w23fnbu6o","id":"fbjpc5w23fnbu6o"},"id":"9grxe17ftvfidp5","previousOperationId":"a2trmz7j7o0mrdj"}
{"type":"operationEnd","operationId":"a2trmz7j7o0mrdj","timestamp":1684653792114,"id":"kp4ofras5gdwrhr","previousEventId":"tdmx7sfmdhyhlw4","previousOperationId":"a2trmz7j7o0mrdj"}
{"type":"operationStart","subtype":"recipe","name":"chrome-pdf","timestamp":1684653792115,"id":"9oigyngyydx4nls","previousEventId":"kp4ofras5gdwrhr","operationId":"jnudma6i22wcyh1","previousOperationId":"a2trmz7j7o0mrdj"}
{"type":"log","timestamp":1684653792115,"level":"debug","message":"Executing recipe chrome-pdf","meta":{"rootId":"fbjpc5w23fnbu6o","id":"fbjpc5w23fnbu6o"},"id":"5i6dd9kgjqe4xfd","previousOperationId":"jnudma6i22wcyh1"}
{"type":"log","timestamp":1684653792118,"level":"debug","message":"Starting child request to render pdf footer","meta":{"rootId":"fbjpc5w23fnbu6o","id":"fbjpc5w23fnbu6o"},"id":"rob4sfp8ogfh0sg","previousOperationId":"jnudma6i22wcyh1"}
{"type":"operationStart","subtype":"render","name":"anonymous","previousOperationId":"jnudma6i22wcyh1","timestamp":1684653792118,"id":"pn9d7ycbjkzdatk","previousEventId":"9oigyngyydx4nls","operationId":"2ib5bgcu6psanfq"}
{"type":"log","timestamp":1684653792118,"level":"info","message":"Starting rendering (child) request","meta":{"rootId":"fbjpc5w23fnbu6o","id":"p4326v7ayhco65g"},"id":"nkalwe3opgrvdbb","previousOperationId":"2ib5bgcu6psanfq"}
{"type":"log","timestamp":1684653792118,"level":"info","message":"Rendering anonymous template { recipe: html, engine: handlebars }","meta":{"rootId":"fbjpc5w23fnbu6o","id":"p4326v7ayhco65g"},"id":"09m025eeqh4kgk2","previousOperationId":"2ib5bgcu6psanfq"}
{"type":"log","timestamp":1684653792118,"level":"debug","message":"Inline data specified.","meta":{"rootId":"fbjpc5w23fnbu6o","id":"p4326v7ayhco65g"},"id":"z6x11p18k3i9vvu","previousOperationId":"2ib5bgcu6psanfq"}
{"type":"log","timestamp":1684653792123,"level":"debug","message":"Base url not specified, skipping its injection.","meta":{"rootId":"fbjpc5w23fnbu6o","id":"p4326v7ayhco65g"},"id":"lg4pf47h8la1pqe","previousOperationId":"2ib5bgcu6psanfq"}
{"type":"operationStart","subtype":"engine","name":"handlebars","timestamp":1684653792124,"id":"6n6q1sbtvrlz86u","previousEventId":"pn9d7ycbjkzdatk","operationId":"nx2yh27yjszie7q","previousOperationId":"2ib5bgcu6psanfq"}
{"type":"log","timestamp":1684653792124,"level":"debug","message":"Rendering engine handlebars","meta":{"rootId":"fbjpc5w23fnbu6o","id":"p4326v7ayhco65g"},"id":"7nmapikt6l9relg","previousOperationId":"nx2yh27yjszie7q"}
{"type":"operationEnd","operationId":"nx2yh27yjszie7q","timestamp":1684653792145,"id":"xhhwxb58lzwhl4r","previousEventId":"6n6q1sbtvrlz86u","previousOperationId":"nx2yh27yjszie7q"}
{"type":"operationStart","subtype":"recipe","name":"html","timestamp":1684653792145,"id":"dww3uzbcpt3t5gg","previousEventId":"xhhwxb58lzwhl4r","operationId":"7mec5n4a05cr9ub","previousOperationId":"nx2yh27yjszie7q"}
{"type":"log","timestamp":1684653792145,"level":"debug","message":"Executing recipe html","meta":{"rootId":"fbjpc5w23fnbu6o","id":"p4326v7ayhco65g"},"id":"yy1mn0kclr2h1fu","previousOperationId":"7mec5n4a05cr9ub"}
{"type":"operationEnd","operationId":"7mec5n4a05cr9ub","timestamp":1684653792146,"id":"zih8sgiabsahi9v","previousEventId":"dww3uzbcpt3t5gg","previousOperationId":"7mec5n4a05cr9ub"}
{"type":"log","timestamp":1684653792146,"level":"debug","message":"Skipping storing report.","meta":{"rootId":"fbjpc5w23fnbu6o","id":"p4326v7ayhco65g"},"id":"9whhgmwifwcjpjg","previousOperationId":"7mec5n4a05cr9ub"}
{"type":"log","timestamp":1684653792146,"level":"info","message":"Rendering (child) request finished in 85 ms","meta":{"rootId":"fbjpc5w23fnbu6o","id":"p4326v7ayhco65g"},"id":"dykhqw1r656cc2f","previousOperationId":"7mec5n4a05cr9ub"}
{"type":"operationEnd","subtype":"render","operationId":"2ib5bgcu6psanfq","timestamp":1684653792146,"id":"o53yimnwxsfr8mc","previousEventId":"zih8sgiabsahi9v","previousOperationId":"7mec5n4a05cr9ub"}
{"type":"log","timestamp":1684653792148,"level":"debug","message":"Converting with chrome HeadlessChrome/105.0.5173.0 using chrome-pool strategy","meta":{"rootId":"fbjpc5w23fnbu6o","id":"fbjpc5w23fnbu6o"},"id":"n7d4ra5fwd6n0jc","previousOperationId":"jnudma6i22wcyh1"}
{"type":"log","timestamp":1684653792332,"level":"debug","message":"Page request: GET (document) file:///C:/Users/Adebayo/AppData/Local/Temp/jsreport/autocleanup/2ba07b0a-5175-4874-9dc0-ab23701b9298-chrome-pdf.html","meta":{"rootId":"fbjpc5w23fnbu6o","id":"fbjpc5w23fnbu6o"},"id":"509wbfqymtatmb9","previousOperationId":"jnudma6i22wcyh1"}
{"type":"log","timestamp":1684653792353,"level":"debug","message":"Page request finished: GET (document) 200 file:///C:/Users/Adebayo/AppData/Local/Temp/jsreport/autocleanup/2ba07b0a-5175-4874-9dc0-ab23701b9298-chrome-pdf.html","meta":{"rootId":"fbjpc5w23fnbu6o","id":"fbjpc5w23fnbu6o"},"id":"ynuovm5zhbi8a5t","previousOperationId":"jnudma6i22wcyh1"}
{"type":"log","timestamp":1684653792353,"level":"debug","message":"Page request: GET (script) https://cdnjs.cloudflare.com/ajax/libs/Chart.js/2.1.6/Chart.min.js","meta":{"rootId":"fbjpc5w23fnbu6o","id":"fbjpc5w23fnbu6o"},"id":"s3d7bngw5dfhvyj","previousOperationId":"jnudma6i22wcyh1"}
{"type":"log","timestamp":1684653792363,"level":"debug","message":"Page request finished: GET (script) 200 https://cdnjs.cloudflare.com/ajax/libs/Chart.js/2.1.6/Chart.min.js","meta":{"rootId":"fbjpc5w23fnbu6o","id":"fbjpc5w23fnbu6o"},"id":"6sm5an3wtfe41um","previousOperationId":"jnudma6i22wcyh1"}
{"type":"log","timestamp":1684653792370,"level":"warn","message":"Page error: SyntaxError: Unexpected token ','","meta":{"rootId":"fbjpc5w23fnbu6o","id":"fbjpc5w23fnbu6o"},"id":"88q19za3iq4td20","previousOperationId":"jnudma6i22wcyh1"}
{"type":"log","timestamp":1684653792377,"level":"debug","message":"Running chrome with params {\"printBackground\":true,\"marginTop\":\"2cm\",\"marginRight\":\"1cm\",\"marginBottom\":\"2cm\",\"marginLeft\":\"1cm\",\"landscape\":false,\"format\":\"A4\",\"displayHeaderFooter\":true,\"footerTemplate\":\"...\",\"timeout\":59915,\"margin\":{\"top\":\"2cm\",\"right\":\"1cm\",\"bottom\":\"2cm\",\"left\":\"1cm\"}}","meta":{"rootId":"fbjpc5w23fnbu6o","id":"fbjpc5w23fnbu6o"},"id":"4i9fnhu5rx3o1l2","previousOperationId":"jnudma6i22wcyh1"}
{"type":"operationEnd","operationId":"jnudma6i22wcyh1","timestamp":1684653792580,"id":"g0uofunc44ovxk2","previousEventId":"9oigyngyydx4nls","previousOperationId":"jnudma6i22wcyh1"}
{"type":"log","timestamp":1684653792580,"level":"debug","message":"Skipping storing report.","meta":{"rootId":"fbjpc5w23fnbu6o","id":"fbjpc5w23fnbu6o"},"id":"oc0bdn7u8zj1jxb","previousOperationId":"jnudma6i22wcyh1"}
{"type":"log","timestamp":1684653792581,"level":"info","message":"Rendering request 123 finished in 520 ms","meta":{"rootId":"fbjpc5w23fnbu6o","id":"fbjpc5w23fnbu6o"},"id":"mrxbd729ytcx0ar","previousOperationId":"jnudma6i22wcyh1"}
{"type":"operationEnd","subtype":"render","operationId":"w15v9rykjur4n1r","timestamp":1684653792581,"id":"klppmzrq5vx4tj4","previousEventId":"g0uofunc44ovxk2","previousOperationId":"jnudma6i22wcyh1"}
{"type":"operationEnd","doDiffs":false,"previousEventId":"vysum65lemigmzj","previousOperationId":"lm482yma2y19l9b","operationId":"lm482yma2y19l9b","timestamp":1684653792586,"id":"ptrt7e2zgmawpp8"}
