{"type":"operationStart","subtype":"profile","data":{"_id":"aISZLNnf9hPwDsCI","timestamp":"2023-05-21T07:19:14.657Z","state":"queued","mode":"standard","creationDate":"2023-05-21T07:19:14.660Z","modificationDate":"2023-05-21T07:19:14.660Z","shortid":"7fPbfQy","$entitySet":"profiles"},"doDiffs":false,"timestamp":1684653554659,"id":"i8urpttjmuotn10","previousOperationId":null,"operationId":"qqto0ncxcdtez0k"}
{"type":"log","level":"info","message":"Render request 114 queued for execution and waiting for available worker","previousOperationId":"qqto0ncxcdtez0k","timestamp":1684653554659,"id":"ufdxs236axlx4e1"}
{"type":"operationStart","subtype":"render","name":"invoice-js","previousOperationId":"qqto0ncxcdtez0k","timestamp":1684653554671,"id":"4i83o3d6tyzgv9z","previousEventId":"i8urpttjmuotn10","operationId":"g9gtdah3gmlj3gz"}
{"type":"log","timestamp":1684653554671,"level":"info","message":"Starting rendering request 114","meta":{"rootId":"fd9h9lnaix9cni7","id":"fd9h9lnaix9cni7"},"id":"buhh6l9tfessq4m","previousOperationId":"g9gtdah3gmlj3gz"}
{"type":"log","timestamp":1684653554672,"level":"info","message":"Rendering template { name: invoice-js, recipe: chrome-pdf, engine: handlebars, preview: false }","meta":{"rootId":"fd9h9lnaix9cni7","id":"fd9h9lnaix9cni7"},"id":"rygo1pxvocg5bk7","previousOperationId":"g9gtdah3gmlj3gz"}
{"type":"log","timestamp":1684653554673,"level":"debug","message":"Inline data specified.","meta":{"rootId":"fd9h9lnaix9cni7","id":"fd9h9lnaix9cni7"},"id":"nawst8of0c5t5cl","previousOperationId":"g9gtdah3gmlj3gz"}
{"type":"log","timestamp":1684653554678,"level":"debug","message":"Base url not specified, skipping its injection.","meta":{"rootId":"fd9h9lnaix9cni7","id":"fd9h9lnaix9cni7"},"id":"7q7ynqy9ckfu4lw","previousOperationId":"g9gtdah3gmlj3gz"}
{"type":"operationStart","subtype":"engine","name":"handlebars","timestamp":1684653554678,"id":"lakjmzvqzxqweu0","previousEventId":"4i83o3d6tyzgv9z","operationId":"bfzsuxgvdam0en1","previousOperationId":"g9gtdah3gmlj3gz"}
{"type":"log","timestamp":1684653554678,"level":"debug","message":"Rendering engine handlebars","meta":{"rootId":"fd9h9lnaix9cni7","id":"fd9h9lnaix9cni7"},"id":"edygqfgmoue52xm","previousOperationId":"bfzsuxgvdam0en1"}
{"type":"operationEnd","operationId":"bfzsuxgvdam0en1","timestamp":1684653554707,"id":"x18z2ggix48j2wz","previousEventId":"lakjmzvqzxqweu0","previousOperationId":"bfzsuxgvdam0en1"}
{"type":"operationStart","subtype":"recipe","name":"chrome-pdf","timestamp":1684653554708,"id":"5i49x3f6ujjlsbx","previousEventId":"x18z2ggix48j2wz","operationId":"kk1zpny9y7i45k6","previousOperationId":"bfzsuxgvdam0en1"}
{"type":"log","timestamp":1684653554708,"level":"debug","message":"Executing recipe chrome-pdf","meta":{"rootId":"fd9h9lnaix9cni7","id":"fd9h9lnaix9cni7"},"id":"44q8bs3i6jhlzmx","previousOperationId":"kk1zpny9y7i45k6"}
{"type":"log","timestamp":1684653554710,"level":"debug","message":"Starting child request to render pdf footer","meta":{"rootId":"fd9h9lnaix9cni7","id":"fd9h9lnaix9cni7"},"id":"g7s2j5osjzn5kg1","previousOperationId":"kk1zpny9y7i45k6"}
{"type":"operationStart","subtype":"render","name":"anonymous","previousOperationId":"kk1zpny9y7i45k6","timestamp":1684653554711,"id":"w5581kk62ynyf4m","previousEventId":"5i49x3f6ujjlsbx","operationId":"qsxu0zipajrdezl"}
{"type":"log","timestamp":1684653554711,"level":"info","message":"Starting rendering (child) request","meta":{"rootId":"fd9h9lnaix9cni7","id":"5siflx2jcbl3wub"},"id":"pnmw2pveftwgaqr","previousOperationId":"qsxu0zipajrdezl"}
{"type":"log","timestamp":1684653554711,"level":"info","message":"Rendering anonymous template { recipe: html, engine: handlebars }","meta":{"rootId":"fd9h9lnaix9cni7","id":"5siflx2jcbl3wub"},"id":"s8r7sbij2tpkq0k","previousOperationId":"qsxu0zipajrdezl"}
{"type":"log","timestamp":1684653554711,"level":"debug","message":"Inline data specified.","meta":{"rootId":"fd9h9lnaix9cni7","id":"5siflx2jcbl3wub"},"id":"8es3mwuhwxl2mto","previousOperationId":"qsxu0zipajrdezl"}
{"type":"log","timestamp":1684653554712,"level":"debug","message":"Base url not specified, skipping its injection.","meta":{"rootId":"fd9h9lnaix9cni7","id":"5siflx2jcbl3wub"},"id":"k6bi82o7wyp6xnl","previousOperationId":"qsxu0zipajrdezl"}
{"type":"operationStart","subtype":"engine","name":"handlebars","timestamp":1684653554712,"id":"k4xc4of9kawqosf","previousEventId":"w5581kk62ynyf4m","operationId":"t6u497lmsi0o2q1","previousOperationId":"qsxu0zipajrdezl"}
{"type":"log","timestamp":1684653554712,"level":"debug","message":"Rendering engine handlebars","meta":{"rootId":"fd9h9lnaix9cni7","id":"5siflx2jcbl3wub"},"id":"h08rvia6y5y7j0w","previousOperationId":"t6u497lmsi0o2q1"}
{"type":"operationEnd","operationId":"t6u497lmsi0o2q1","timestamp":1684653554741,"id":"fqesfjzecog8df2","previousEventId":"k4xc4of9kawqosf","previousOperationId":"t6u497lmsi0o2q1"}
{"type":"operationStart","subtype":"recipe","name":"html","timestamp":1684653554742,"id":"30f6phx68re39dx","previousEventId":"fqesfjzecog8df2","operationId":"pxhgia3g53lqy8h","previousOperationId":"t6u497lmsi0o2q1"}
{"type":"log","timestamp":1684653554742,"level":"debug","message":"Executing recipe html","meta":{"rootId":"fd9h9lnaix9cni7","id":"5siflx2jcbl3wub"},"id":"3djzfiepbvpxidl","previousOperationId":"pxhgia3g53lqy8h"}
{"type":"operationEnd","operationId":"pxhgia3g53lqy8h","timestamp":1684653554742,"id":"5ngypngo45wt4vb","previousEventId":"30f6phx68re39dx","previousOperationId":"pxhgia3g53lqy8h"}
{"type":"log","timestamp":1684653554743,"level":"debug","message":"Skipping storing report.","meta":{"rootId":"fd9h9lnaix9cni7","id":"5siflx2jcbl3wub"},"id":"xdgxjzvpo5te9l4","previousOperationId":"pxhgia3g53lqy8h"}
{"type":"log","timestamp":1684653554743,"level":"info","message":"Rendering (child) request finished in 86 ms","meta":{"rootId":"fd9h9lnaix9cni7","id":"5siflx2jcbl3wub"},"id":"0dcv1bh6ccxjveo","previousOperationId":"pxhgia3g53lqy8h"}
{"type":"operationEnd","subtype":"render","operationId":"qsxu0zipajrdezl","timestamp":1684653554743,"id":"vyj7fqp425hk066","previousEventId":"5ngypngo45wt4vb","previousOperationId":"pxhgia3g53lqy8h"}
{"type":"log","timestamp":1684653554745,"level":"debug","message":"Converting with chrome HeadlessChrome/105.0.5173.0 using chrome-pool strategy","meta":{"rootId":"fd9h9lnaix9cni7","id":"fd9h9lnaix9cni7"},"id":"74hszoh047sqonr","previousOperationId":"kk1zpny9y7i45k6"}
{"type":"log","timestamp":1684653554904,"level":"debug","message":"Page request: GET (document) file:///C:/Users/Adebayo/AppData/Local/Temp/jsreport/autocleanup/ffd8f8fe-e33d-424c-bcc8-013729d296c8-chrome-pdf.html","meta":{"rootId":"fd9h9lnaix9cni7","id":"fd9h9lnaix9cni7"},"id":"sket201rrnj086f","previousOperationId":"kk1zpny9y7i45k6"}
{"type":"log","timestamp":1684653554922,"level":"debug","message":"Page request finished: GET (document) 200 file:///C:/Users/Adebayo/AppData/Local/Temp/jsreport/autocleanup/ffd8f8fe-e33d-424c-bcc8-013729d296c8-chrome-pdf.html","meta":{"rootId":"fd9h9lnaix9cni7","id":"fd9h9lnaix9cni7"},"id":"qepom14k6a5aq04","previousOperationId":"kk1zpny9y7i45k6"}
{"type":"log","timestamp":1684653554923,"level":"debug","message":"Page request: GET (script) https://cdnjs.cloudflare.com/ajax/libs/Chart.js/2.1.6/Chart.min.js","meta":{"rootId":"fd9h9lnaix9cni7","id":"fd9h9lnaix9cni7"},"id":"pafptfmdg6xtur9","previousOperationId":"kk1zpny9y7i45k6"}
{"type":"log","timestamp":1684653554934,"level":"debug","message":"Page request finished: GET (script) 200 https://cdnjs.cloudflare.com/ajax/libs/Chart.js/2.1.6/Chart.min.js","meta":{"rootId":"fd9h9lnaix9cni7","id":"fd9h9lnaix9cni7"},"id":"983r8bick34g0sq","previousOperationId":"kk1zpny9y7i45k6"}
{"type":"log","timestamp":1684653554939,"level":"warn","message":"Page error: SyntaxError: Unexpected token ','","meta":{"rootId":"fd9h9lnaix9cni7","id":"fd9h9lnaix9cni7"},"id":"2f644qqglt9rjvr","previousOperationId":"kk1zpny9y7i45k6"}
{"type":"log","timestamp":1684653554942,"level":"debug","message":"Running chrome with params {\"printBackground\":true,\"marginTop\":\"2cm\",\"marginRight\":\"1cm\",\"marginBottom\":\"2cm\",\"marginLeft\":\"1cm\",\"landscape\":false,\"format\":\"A4\",\"displayHeaderFooter\":true,\"footerTemplate\":\"...\",\"timeout\":59914,\"margin\":{\"top\":\"2cm\",\"right\":\"1cm\",\"bottom\":\"2cm\",\"left\":\"1cm\"}}","meta":{"rootId":"fd9h9lnaix9cni7","id":"fd9h9lnaix9cni7"},"id":"e9blyknfhcfrw9a","previousOperationId":"kk1zpny9y7i45k6"}
{"type":"operationEnd","operationId":"kk1zpny9y7i45k6","timestamp":1684653555035,"id":"4xd2umapuvd3ro5","previousEventId":"5i49x3f6ujjlsbx","previousOperationId":"kk1zpny9y7i45k6"}
{"type":"log","timestamp":1684653555035,"level":"debug","message":"Skipping storing report.","meta":{"rootId":"fd9h9lnaix9cni7","id":"fd9h9lnaix9cni7"},"id":"2dtn2wrowpsk66w","previousOperationId":"kk1zpny9y7i45k6"}
{"type":"log","timestamp":1684653555036,"level":"info","message":"Rendering request 114 finished in 379 ms","meta":{"rootId":"fd9h9lnaix9cni7","id":"fd9h9lnaix9cni7"},"id":"svfaefclyjhbn8y","previousOperationId":"kk1zpny9y7i45k6"}
{"type":"operationEnd","subtype":"render","operationId":"g9gtdah3gmlj3gz","timestamp":1684653555036,"id":"pjpuzy0kzm2uw9q","previousEventId":"4xd2umapuvd3ro5","previousOperationId":"kk1zpny9y7i45k6"}
{"type":"operationEnd","doDiffs":false,"previousEventId":"i8urpttjmuotn10","previousOperationId":"qqto0ncxcdtez0k","operationId":"qqto0ncxcdtez0k","timestamp":1684653555039,"id":"kpnopnyk2h2cc9d"}
