{"type":"operationStart","subtype":"profile","data":{"_id":"6AnVJkUJ8USWGsN7","timestamp":"2023-05-21T07:21:26.361Z","state":"queued","mode":"standard","creationDate":"2023-05-21T07:21:26.364Z","modificationDate":"2023-05-21T07:21:26.364Z","shortid":"t-KXavK","$entitySet":"profiles"},"doDiffs":false,"timestamp":1684653686362,"id":"2iy92sw28ab5ur7","previousOperationId":null,"operationId":"gnohxtcervsud2c"}
{"type":"log","level":"info","message":"Render request 121 queued for execution and waiting for available worker","previousOperationId":"gnohxtcervsud2c","timestamp":1684653686362,"id":"3uuh5hyt6zuqrdy"}
{"type":"operationStart","subtype":"render","name":"invoice-js","previousOperationId":"gnohxtcervsud2c","timestamp":1684653686376,"id":"22u66np0psyn4gx","previousEventId":"2iy92sw28ab5ur7","operationId":"5bxxlv87c3fomkz"}
{"type":"log","timestamp":1684653686377,"level":"info","message":"Starting rendering request 121","meta":{"rootId":"fdub49kujg6abbj","id":"fdub49kujg6abbj"},"id":"dn4fnwrrllspb1j","previousOperationId":"5bxxlv87c3fomkz"}
{"type":"log","timestamp":1684653686377,"level":"info","message":"Rendering template { name: invoice-js, recipe: chrome-pdf, engine: handlebars, preview: false }","meta":{"rootId":"fdub49kujg6abbj","id":"fdub49kujg6abbj"},"id":"brjy0xqdtgu8tmw","previousOperationId":"5bxxlv87c3fomkz"}
{"type":"log","timestamp":1684653686381,"level":"debug","message":"Inline data specified.","meta":{"rootId":"fdub49kujg6abbj","id":"fdub49kujg6abbj"},"id":"kmbsb76w2hbrtbp","previousOperationId":"5bxxlv87c3fomkz"}
{"type":"log","timestamp":1684653686386,"level":"debug","message":"Base url not specified, skipping its injection.","meta":{"rootId":"fdub49kujg6abbj","id":"fdub49kujg6abbj"},"id":"objq57czf8bm9yp","previousOperationId":"5bxxlv87c3fomkz"}
{"type":"operationStart","subtype":"engine","name":"handlebars","timestamp":1684653686387,"id":"fq8tycwjoy9yrhz","previousEventId":"22u66np0psyn4gx","operationId":"6galr3yo22uhaq7","previousOperationId":"5bxxlv87c3fomkz"}
{"type":"log","timestamp":1684653686387,"level":"debug","message":"Rendering engine handlebars","meta":{"rootId":"fdub49kujg6abbj","id":"fdub49kujg6abbj"},"id":"r1g7awsr3rfs2jr","previousOperationId":"6galr3yo22uhaq7"}
{"type":"operationEnd","operationId":"6galr3yo22uhaq7","timestamp":1684653686410,"id":"2r959wa0kvaamkq","previousEventId":"fq8tycwjoy9yrhz","previousOperationId":"6galr3yo22uhaq7"}
{"type":"operationStart","subtype":"recipe","name":"chrome-pdf","timestamp":1684653686412,"id":"oufacvww9ojrdx7","previousEventId":"2r959wa0kvaamkq","operationId":"xwx0h302d2usqvn","previousOperationId":"6galr3yo22uhaq7"}
{"type":"log","timestamp":1684653686412,"level":"debug","message":"Executing recipe chrome-pdf","meta":{"rootId":"fdub49kujg6abbj","id":"fdub49kujg6abbj"},"id":"25ofgjt1ol08crp","previousOperationId":"xwx0h302d2usqvn"}
{"type":"log","timestamp":1684653686416,"level":"debug","message":"Starting child request to render pdf footer","meta":{"rootId":"fdub49kujg6abbj","id":"fdub49kujg6abbj"},"id":"lf61lvbgt44z4k8","previousOperationId":"xwx0h302d2usqvn"}
{"type":"operationStart","subtype":"render","name":"anonymous","previousOperationId":"xwx0h302d2usqvn","timestamp":1684653686416,"id":"cvraul2uleiqglz","previousEventId":"oufacvww9ojrdx7","operationId":"pwkruc3gp2dsogt"}
{"type":"log","timestamp":1684653686416,"level":"info","message":"Starting rendering (child) request","meta":{"rootId":"fdub49kujg6abbj","id":"lzlp6kkrse9xveg"},"id":"88797gbuy1joigp","previousOperationId":"pwkruc3gp2dsogt"}
{"type":"log","timestamp":1684653686416,"level":"info","message":"Rendering anonymous template { recipe: html, engine: handlebars }","meta":{"rootId":"fdub49kujg6abbj","id":"lzlp6kkrse9xveg"},"id":"6ok952tt6aqbn4m","previousOperationId":"pwkruc3gp2dsogt"}
{"type":"log","timestamp":1684653686416,"level":"debug","message":"Inline data specified.","meta":{"rootId":"fdub49kujg6abbj","id":"lzlp6kkrse9xveg"},"id":"85t0flqtu445ahq","previousOperationId":"pwkruc3gp2dsogt"}
{"type":"log","timestamp":1684653686418,"level":"debug","message":"Base url not specified, skipping its injection.","meta":{"rootId":"fdub49kujg6abbj","id":"lzlp6kkrse9xveg"},"id":"0aqnyyin8evsftv","previousOperationId":"pwkruc3gp2dsogt"}
{"type":"operationStart","subtype":"engine","name":"handlebars","timestamp":1684653686418,"id":"63ciw6030lqdyr6","previousEventId":"cvraul2uleiqglz","operationId":"lnbtyx4zw9jysdu","previousOperationId":"pwkruc3gp2dsogt"}
{"type":"log","timestamp":1684653686418,"level":"debug","message":"Rendering engine handlebars","meta":{"rootId":"fdub49kujg6abbj","id":"lzlp6kkrse9xveg"},"id":"se4fr24ece5u9zk","previousOperationId":"lnbtyx4zw9jysdu"}
{"type":"operationEnd","operationId":"lnbtyx4zw9jysdu","timestamp":1684653686438,"id":"h4ftkk8650v8mjy","previousEventId":"63ciw6030lqdyr6","previousOperationId":"lnbtyx4zw9jysdu"}
{"type":"operationStart","subtype":"recipe","name":"html","timestamp":1684653686439,"id":"aua2q4ji9wpkpnm","previousEventId":"h4ftkk8650v8mjy","operationId":"c00rtb0ufi116i9","previousOperationId":"lnbtyx4zw9jysdu"}
{"type":"log","timestamp":1684653686439,"level":"debug","message":"Executing recipe html","meta":{"rootId":"fdub49kujg6abbj","id":"lzlp6kkrse9xveg"},"id":"5zaqsmmg3ttgpp2","previousOperationId":"c00rtb0ufi116i9"}
{"type":"operationEnd","operationId":"c00rtb0ufi116i9","timestamp":1684653686439,"id":"6npw1aas84xu7o9","previousEventId":"aua2q4ji9wpkpnm","previousOperationId":"c00rtb0ufi116i9"}
{"type":"log","timestamp":1684653686439,"level":"debug","message":"Skipping storing report.","meta":{"rootId":"fdub49kujg6abbj","id":"lzlp6kkrse9xveg"},"id":"7phiozclh1gv921","previousOperationId":"c00rtb0ufi116i9"}
{"type":"log","timestamp":1684653686439,"level":"info","message":"Rendering (child) request finished in 79 ms","meta":{"rootId":"fdub49kujg6abbj","id":"lzlp6kkrse9xveg"},"id":"20yphh46awyok43","previousOperationId":"c00rtb0ufi116i9"}
{"type":"operationEnd","subtype":"render","operationId":"pwkruc3gp2dsogt","timestamp":1684653686439,"id":"fp8y2w87webb8er","previousEventId":"6npw1aas84xu7o9","previousOperationId":"c00rtb0ufi116i9"}
{"type":"log","timestamp":1684653686441,"level":"debug","message":"Converting with chrome HeadlessChrome/105.0.5173.0 using chrome-pool strategy","meta":{"rootId":"fdub49kujg6abbj","id":"fdub49kujg6abbj"},"id":"xdgol8w54h8ewyy","previousOperationId":"xwx0h302d2usqvn"}
{"type":"log","timestamp":1684653686586,"level":"debug","message":"Page request: GET (document) file:///C:/Users/Adebayo/AppData/Local/Temp/jsreport/autocleanup/b9e9a927-beca-437b-8c33-32525044270c-chrome-pdf.html","meta":{"rootId":"fdub49kujg6abbj","id":"fdub49kujg6abbj"},"id":"ht6gg7e2cu26s74","previousOperationId":"xwx0h302d2usqvn"}
{"type":"log","timestamp":1684653686606,"level":"debug","message":"Page request finished: GET (document) 200 file:///C:/Users/Adebayo/AppData/Local/Temp/jsreport/autocleanup/b9e9a927-beca-437b-8c33-32525044270c-chrome-pdf.html","meta":{"rootId":"fdub49kujg6abbj","id":"fdub49kujg6abbj"},"id":"7xaqw2x7p0biblx","previousOperationId":"xwx0h302d2usqvn"}
{"type":"log","timestamp":1684653686607,"level":"debug","message":"Page request: GET (script) https://cdnjs.cloudflare.com/ajax/libs/Chart.js/2.1.6/Chart.min.js","meta":{"rootId":"fdub49kujg6abbj","id":"fdub49kujg6abbj"},"id":"g3nl87obb0fx97d","previousOperationId":"xwx0h302d2usqvn"}
{"type":"log","timestamp":1684653686620,"level":"debug","message":"Page request finished: GET (script) 200 https://cdnjs.cloudflare.com/ajax/libs/Chart.js/2.1.6/Chart.min.js","meta":{"rootId":"fdub49kujg6abbj","id":"fdub49kujg6abbj"},"id":"dsjrzm3o1949na1","previousOperationId":"xwx0h302d2usqvn"}
{"type":"log","timestamp":1684653686626,"level":"warn","message":"Page error: SyntaxError: Unexpected token ','","meta":{"rootId":"fdub49kujg6abbj","id":"fdub49kujg6abbj"},"id":"7npfl03r12jhvuw","previousOperationId":"xwx0h302d2usqvn"}
{"type":"log","timestamp":1684653686633,"level":"debug","message":"Running chrome with params {\"printBackground\":true,\"marginTop\":\"2cm\",\"marginRight\":\"1cm\",\"marginBottom\":\"2cm\",\"marginLeft\":\"1cm\",\"landscape\":false,\"format\":\"A4\",\"displayHeaderFooter\":true,\"footerTemplate\":\"...\",\"timeout\":59921,\"margin\":{\"top\":\"2cm\",\"right\":\"1cm\",\"bottom\":\"2cm\",\"left\":\"1cm\"}}","meta":{"rootId":"fdub49kujg6abbj","id":"fdub49kujg6abbj"},"id":"t1gb6kk8d7wl7hl","previousOperationId":"xwx0h302d2usqvn"}
{"type":"operationEnd","operationId":"xwx0h302d2usqvn","timestamp":1684653686735,"id":"hkwjswchv0gdxb1","previousEventId":"oufacvww9ojrdx7","previousOperationId":"xwx0h302d2usqvn"}
{"type":"log","timestamp":1684653686735,"level":"debug","message":"Skipping storing report.","meta":{"rootId":"fdub49kujg6abbj","id":"fdub49kujg6abbj"},"id":"lu0dwc0yc786o6j","previousOperationId":"xwx0h302d2usqvn"}
{"type":"log","timestamp":1684653686735,"level":"info","message":"Rendering request 121 finished in 375 ms","meta":{"rootId":"fdub49kujg6abbj","id":"fdub49kujg6abbj"},"id":"l27abglp4d5qr1a","previousOperationId":"xwx0h302d2usqvn"}
{"type":"operationEnd","subtype":"render","operationId":"5bxxlv87c3fomkz","timestamp":1684653686735,"id":"eqan7tyrfquzoad","previousEventId":"hkwjswchv0gdxb1","previousOperationId":"xwx0h302d2usqvn"}
{"type":"operationEnd","doDiffs":false,"previousEventId":"2iy92sw28ab5ur7","previousOperationId":"gnohxtcervsud2c","operationId":"gnohxtcervsud2c","timestamp":1684653686741,"id":"xnj948srcsgo9ev"}
