{"type":"operationStart","subtype":"profile","data":{"_id":"t1lSmKCJagztbPLC","timestamp":"2023-05-21T14:05:10.647Z","state":"queued","mode":"standard","creationDate":"2023-05-21T14:05:10.650Z","modificationDate":"2023-05-21T14:05:10.650Z","shortid":"F54N3Kg","$entitySet":"profiles"},"doDiffs":false,"timestamp":1684677910648,"id":"hbzwb4jdfk6ikfl","previousOperationId":null,"operationId":"s8igosrl4k3dvzh"}
{"type":"log","level":"info","message":"Render request 190 queued for execution and waiting for available worker","previousOperationId":"s8igosrl4k3dvzh","timestamp":1684677910649,"id":"7q4n8p5xcltsbgb"}
{"type":"operationStart","subtype":"render","name":"invoice-js","previousOperationId":"s8igosrl4k3dvzh","timestamp":1684677910664,"id":"1jpntktzsd3h6kb","previousEventId":"hbzwb4jdfk6ikfl","operationId":"r0lsmg8n2y6m4dw"}
{"type":"log","timestamp":1684677910664,"level":"info","message":"Starting rendering request 190","meta":{"rootId":"fn8di2gppf66f5n","id":"fn8di2gppf66f5n"},"id":"63ip9gglu52bdiq","previousOperationId":"r0lsmg8n2y6m4dw"}
{"type":"log","timestamp":1684677910665,"level":"info","message":"Rendering template { name: invoice-js, recipe: chrome-pdf, engine: handlebars, preview: false }","meta":{"rootId":"fn8di2gppf66f5n","id":"fn8di2gppf66f5n"},"id":"ldcrrswt5o0hllf","previousOperationId":"r0lsmg8n2y6m4dw"}
{"type":"log","timestamp":1684677910667,"level":"debug","message":"Inline data specified.","meta":{"rootId":"fn8di2gppf66f5n","id":"fn8di2gppf66f5n"},"id":"o09zf7av5zv8u6e","previousOperationId":"r0lsmg8n2y6m4dw"}
{"type":"log","timestamp":1684677910672,"level":"debug","message":"Base url not specified, skipping its injection.","meta":{"rootId":"fn8di2gppf66f5n","id":"fn8di2gppf66f5n"},"id":"s36gty3a26nl2dw","previousOperationId":"r0lsmg8n2y6m4dw"}
{"type":"operationStart","subtype":"engine","name":"handlebars","timestamp":1684677910672,"id":"d71rkswrwpjgxmn","previousEventId":"1jpntktzsd3h6kb","operationId":"lyslo4x0jl1cojg","previousOperationId":"r0lsmg8n2y6m4dw"}
{"type":"log","timestamp":1684677910672,"level":"debug","message":"Rendering engine handlebars","meta":{"rootId":"fn8di2gppf66f5n","id":"fn8di2gppf66f5n"},"id":"j3lv7tfibyubhz2","previousOperationId":"lyslo4x0jl1cojg"}
{"type":"operationEnd","operationId":"lyslo4x0jl1cojg","timestamp":1684677910702,"id":"8luem2b5ezooocx","previousEventId":"d71rkswrwpjgxmn","previousOperationId":"lyslo4x0jl1cojg"}
{"type":"operationStart","subtype":"recipe","name":"chrome-pdf","timestamp":1684677910703,"id":"2wvs8shdorn816j","previousEventId":"8luem2b5ezooocx","operationId":"dwu5azwcimw423z","previousOperationId":"lyslo4x0jl1cojg"}
{"type":"log","timestamp":1684677910703,"level":"debug","message":"Executing recipe chrome-pdf","meta":{"rootId":"fn8di2gppf66f5n","id":"fn8di2gppf66f5n"},"id":"jacur9idjldpy6g","previousOperationId":"dwu5azwcimw423z"}
{"type":"log","timestamp":1684677910706,"level":"debug","message":"Starting child request to render pdf footer","meta":{"rootId":"fn8di2gppf66f5n","id":"fn8di2gppf66f5n"},"id":"mbhjcndbj193zdz","previousOperationId":"dwu5azwcimw423z"}
{"type":"operationStart","subtype":"render","name":"anonymous","previousOperationId":"dwu5azwcimw423z","timestamp":1684677910706,"id":"6wsfg2rc9upscgt","previousEventId":"2wvs8shdorn816j","operationId":"oyqw0cmno1hs8mt"}
{"type":"log","timestamp":1684677910706,"level":"info","message":"Starting rendering (child) request","meta":{"rootId":"fn8di2gppf66f5n","id":"8yb0jc47frmz0vb"},"id":"04uln64dza9yqmd","previousOperationId":"oyqw0cmno1hs8mt"}
{"type":"log","timestamp":1684677910706,"level":"info","message":"Rendering anonymous template { recipe: html, engine: handlebars }","meta":{"rootId":"fn8di2gppf66f5n","id":"8yb0jc47frmz0vb"},"id":"cjv8aq7fc8nxa7q","previousOperationId":"oyqw0cmno1hs8mt"}
{"type":"log","timestamp":1684677910706,"level":"debug","message":"Inline data specified.","meta":{"rootId":"fn8di2gppf66f5n","id":"8yb0jc47frmz0vb"},"id":"gz98r372ew26ho1","previousOperationId":"oyqw0cmno1hs8mt"}
{"type":"log","timestamp":1684677910708,"level":"debug","message":"Base url not specified, skipping its injection.","meta":{"rootId":"fn8di2gppf66f5n","id":"8yb0jc47frmz0vb"},"id":"vm3s4e00xbkh3oy","previousOperationId":"oyqw0cmno1hs8mt"}
{"type":"operationStart","subtype":"engine","name":"handlebars","timestamp":1684677910709,"id":"asevj77qnackcxr","previousEventId":"6wsfg2rc9upscgt","operationId":"lg8jkagho75kpro","previousOperationId":"oyqw0cmno1hs8mt"}
{"type":"log","timestamp":1684677910709,"level":"debug","message":"Rendering engine handlebars","meta":{"rootId":"fn8di2gppf66f5n","id":"8yb0jc47frmz0vb"},"id":"ucfynls169b9z7d","previousOperationId":"lg8jkagho75kpro"}
{"type":"operationEnd","operationId":"lg8jkagho75kpro","timestamp":1684677910727,"id":"g8xhyv3ikkso2x4","previousEventId":"asevj77qnackcxr","previousOperationId":"lg8jkagho75kpro"}
{"type":"operationStart","subtype":"recipe","name":"html","timestamp":1684677910727,"id":"cmrf189m3dzyubt","previousEventId":"g8xhyv3ikkso2x4","operationId":"zafxzjana8v49o2","previousOperationId":"lg8jkagho75kpro"}
{"type":"log","timestamp":1684677910727,"level":"debug","message":"Executing recipe html","meta":{"rootId":"fn8di2gppf66f5n","id":"8yb0jc47frmz0vb"},"id":"kpsbt0048oezpm9","previousOperationId":"zafxzjana8v49o2"}
{"type":"operationEnd","operationId":"zafxzjana8v49o2","timestamp":1684677910728,"id":"d0bl01frwze520r","previousEventId":"cmrf189m3dzyubt","previousOperationId":"zafxzjana8v49o2"}
{"type":"log","timestamp":1684677910728,"level":"debug","message":"Skipping storing report.","meta":{"rootId":"fn8di2gppf66f5n","id":"8yb0jc47frmz0vb"},"id":"t2yenp6r59pi9is","previousOperationId":"zafxzjana8v49o2"}
{"type":"log","timestamp":1684677910728,"level":"info","message":"Rendering (child) request finished in 82 ms","meta":{"rootId":"fn8di2gppf66f5n","id":"8yb0jc47frmz0vb"},"id":"jg3fn3x8p3liwk4","previousOperationId":"zafxzjana8v49o2"}
{"type":"operationEnd","subtype":"render","operationId":"oyqw0cmno1hs8mt","timestamp":1684677910728,"id":"dxzcf9sx42rt5af","previousEventId":"d0bl01frwze520r","previousOperationId":"zafxzjana8v49o2"}
{"type":"log","timestamp":1684677910731,"level":"debug","message":"Converting with chrome HeadlessChrome/105.0.5173.0 using chrome-pool strategy","meta":{"rootId":"fn8di2gppf66f5n","id":"fn8di2gppf66f5n"},"id":"ncezgyfeux6qklq","previousOperationId":"dwu5azwcimw423z"}
{"type":"log","timestamp":1684677910818,"level":"debug","message":"Page request: GET (document) file:///C:/Users/Adebayo/AppData/Local/Temp/jsreport/autocleanup/3ec0d8e6-8106-4607-b65a-3505664d1355-chrome-pdf.html","meta":{"rootId":"fn8di2gppf66f5n","id":"fn8di2gppf66f5n"},"id":"ghb5kwad43lrk29","previousOperationId":"dwu5azwcimw423z"}
{"type":"log","timestamp":1684677910830,"level":"debug","message":"Page request finished: GET (document) 200 file:///C:/Users/Adebayo/AppData/Local/Temp/jsreport/autocleanup/3ec0d8e6-8106-4607-b65a-3505664d1355-chrome-pdf.html","meta":{"rootId":"fn8di2gppf66f5n","id":"fn8di2gppf66f5n"},"id":"7x1fqheirf1j2iy","previousOperationId":"dwu5azwcimw423z"}
{"type":"log","timestamp":1684677910830,"level":"debug","message":"Page request: GET (script) https://cdnjs.cloudflare.com/ajax/libs/Chart.js/2.1.6/Chart.min.js","meta":{"rootId":"fn8di2gppf66f5n","id":"fn8di2gppf66f5n"},"id":"0isf3vb2n5u45m1","previousOperationId":"dwu5azwcimw423z"}
{"type":"log","timestamp":1684677910835,"level":"debug","message":"Page request finished: GET (script) 200 https://cdnjs.cloudflare.com/ajax/libs/Chart.js/2.1.6/Chart.min.js","meta":{"rootId":"fn8di2gppf66f5n","id":"fn8di2gppf66f5n"},"id":"rfih5pvzcpkpzv0","previousOperationId":"dwu5azwcimw423z"}
{"type":"log","timestamp":1684677910854,"level":"warn","message":"Page error: TypeError: e.chart.data.labels.slice is not a function\n    at a.buildTicks (https://cdnjs.cloudflare.com/ajax/libs/Chart.js/2.1.6/Chart.min.js:13:22878)\n    at a.update (https://cdnjs.cloudflare.com/ajax/libs/Chart.js/2.1.6/Chart.min.js:12:26226)\n    at n (https://cdnjs.cloudflare.com/ajax/libs/Chart.js/2.1.6/Chart.min.js:12:17609)\n    at o.each (https://cdnjs.cloudflare.com/ajax/libs/Chart.js/2.1.6/Chart.min.js:12:3698)\n    at Object.update (https://cdnjs.cloudflare.com/ajax/libs/Chart.js/2.1.6/Chart.min.js:12:18885)\n    at t.Controller.updateLayout (https://cdnjs.cloudflare.com/ajax/libs/Chart.js/2.1.6/Chart.min.js:11:25708)\n    at t.Controller.initialize (https://cdnjs.cloudflare.com/ajax/libs/Chart.js/2.1.6/Chart.min.js:11:24226)\n    at new t.Controller (https://cdnjs.cloudflare.com/ajax/libs/Chart.js/2.1.6/Chart.min.js:11:24013)\n    at new t (https://cdnjs.cloudflare.com/ajax/libs/Chart.js/2.1.6/Chart.min.js:12:16367)\n    at file:///C:/Users/Adebayo/AppData/Local/Temp/...","meta":{"rootId":"fn8di2gppf66f5n","id":"fn8di2gppf66f5n"},"id":"qjwgpvhgoi5pzho","previousOperationId":"dwu5azwcimw423z"}
{"type":"log","timestamp":1684677910855,"level":"debug","message":"Running chrome with params {\"printBackground\":true,\"marginTop\":\"2cm\",\"marginRight\":\"1cm\",\"marginBottom\":\"2cm\",\"marginLeft\":\"1cm\",\"landscape\":false,\"format\":\"A4\",\"displayHeaderFooter\":true,\"footerTemplate\":\"...\",\"timeout\":59918,\"margin\":{\"top\":\"2cm\",\"right\":\"1cm\",\"bottom\":\"2cm\",\"left\":\"1cm\"}}","meta":{"rootId":"fn8di2gppf66f5n","id":"fn8di2gppf66f5n"},"id":"5bistq43ar1mv73","previousOperationId":"dwu5azwcimw423z"}
{"type":"operationEnd","operationId":"dwu5azwcimw423z","timestamp":1684677910886,"id":"192gh6t1qhuii5n","previousEventId":"2wvs8shdorn816j","previousOperationId":"dwu5azwcimw423z"}
{"type":"log","timestamp":1684677910886,"level":"debug","message":"Skipping storing report.","meta":{"rootId":"fn8di2gppf66f5n","id":"fn8di2gppf66f5n"},"id":"11q8568h4j8ictk","previousOperationId":"dwu5azwcimw423z"}
{"type":"log","timestamp":1684677910886,"level":"info","message":"Rendering request 190 finished in 240 ms","meta":{"rootId":"fn8di2gppf66f5n","id":"fn8di2gppf66f5n"},"id":"olnpe9tmb2r4kzz","previousOperationId":"dwu5azwcimw423z"}
{"type":"operationEnd","subtype":"render","operationId":"r0lsmg8n2y6m4dw","timestamp":1684677910886,"id":"q67jlwtb8a7n06g","previousEventId":"192gh6t1qhuii5n","previousOperationId":"dwu5azwcimw423z"}
{"type":"operationEnd","doDiffs":false,"previousEventId":"hbzwb4jdfk6ikfl","previousOperationId":"s8igosrl4k3dvzh","operationId":"s8igosrl4k3dvzh","timestamp":1684677910895,"id":"1vf4n2zya71khu3"}
