{"type":"operationStart","subtype":"profile","data":{"_id":"sezH9MaX2WS9vn8c","timestamp":"2023-05-21T07:16:38.432Z","state":"queued","mode":"standard","creationDate":"2023-05-21T07:16:38.436Z","modificationDate":"2023-05-21T07:16:38.436Z","shortid":"cU_yNiF","$entitySet":"profiles"},"doDiffs":false,"timestamp":1684653398435,"id":"cu1tfwrvo16b4b3","previousOperationId":null,"operationId":"njl5va3ssu7uem9"}
{"type":"log","level":"info","message":"Render request 111 queued for execution and waiting for available worker","previousOperationId":"njl5va3ssu7uem9","timestamp":1684653398435,"id":"0mayk2f709xoo0w"}
{"type":"operationStart","subtype":"render","name":"invoice-js","previousOperationId":"njl5va3ssu7uem9","timestamp":1684653398453,"id":"nz9jn97jqqoui6n","previousEventId":"cu1tfwrvo16b4b3","operationId":"rdrcf3fs4firtqe"}
{"type":"log","timestamp":1684653398453,"level":"info","message":"Starting rendering request 111","meta":{"rootId":"fpxavd3itd7uaae","id":"fpxavd3itd7uaae"},"id":"mtkb7fq9dwsca8f","previousOperationId":"rdrcf3fs4firtqe"}
{"type":"log","timestamp":1684653398453,"level":"info","message":"Rendering template { name: invoice-js, recipe: chrome-pdf, engine: handlebars, preview: false }","meta":{"rootId":"fpxavd3itd7uaae","id":"fpxavd3itd7uaae"},"id":"p0bd1fj2aahnft8","previousOperationId":"rdrcf3fs4firtqe"}
{"type":"log","timestamp":1684653398455,"level":"debug","message":"Inline data specified.","meta":{"rootId":"fpxavd3itd7uaae","id":"fpxavd3itd7uaae"},"id":"rkw4t6eo64w46dk","previousOperationId":"rdrcf3fs4firtqe"}
{"type":"log","timestamp":1684653398463,"level":"debug","message":"Base url not specified, skipping its injection.","meta":{"rootId":"fpxavd3itd7uaae","id":"fpxavd3itd7uaae"},"id":"nt1fp0103vzpifo","previousOperationId":"rdrcf3fs4firtqe"}
{"type":"operationStart","subtype":"engine","name":"handlebars","timestamp":1684653398463,"id":"wbxsxp8lcm9fmex","previousEventId":"nz9jn97jqqoui6n","operationId":"efui7vqy7bc0os8","previousOperationId":"rdrcf3fs4firtqe"}
{"type":"log","timestamp":1684653398463,"level":"debug","message":"Rendering engine handlebars","meta":{"rootId":"fpxavd3itd7uaae","id":"fpxavd3itd7uaae"},"id":"sn7ij7p88d8tc0r","previousOperationId":"efui7vqy7bc0os8"}
{"type":"operationEnd","operationId":"efui7vqy7bc0os8","timestamp":1684653398489,"id":"93rtw4wrzi5ds6v","previousEventId":"wbxsxp8lcm9fmex","previousOperationId":"efui7vqy7bc0os8"}
{"type":"operationStart","subtype":"recipe","name":"chrome-pdf","timestamp":1684653398489,"id":"ayy19zjw953t5z5","previousEventId":"93rtw4wrzi5ds6v","operationId":"jym5e4r3vuls4y7","previousOperationId":"efui7vqy7bc0os8"}
{"type":"log","timestamp":1684653398489,"level":"debug","message":"Executing recipe chrome-pdf","meta":{"rootId":"fpxavd3itd7uaae","id":"fpxavd3itd7uaae"},"id":"54cgeg5l85em4u3","previousOperationId":"jym5e4r3vuls4y7"}
{"type":"log","timestamp":1684653398492,"level":"debug","message":"Starting child request to render pdf footer","meta":{"rootId":"fpxavd3itd7uaae","id":"fpxavd3itd7uaae"},"id":"o9akc78bi6zo5dq","previousOperationId":"jym5e4r3vuls4y7"}
{"type":"operationStart","subtype":"render","name":"anonymous","previousOperationId":"jym5e4r3vuls4y7","timestamp":1684653398492,"id":"uwnguu6xs18d1vl","previousEventId":"ayy19zjw953t5z5","operationId":"as81xc051b25gk5"}
{"type":"log","timestamp":1684653398492,"level":"info","message":"Starting rendering (child) request","meta":{"rootId":"fpxavd3itd7uaae","id":"5eu4q8cb721xyx5"},"id":"yw0whspfca6rzro","previousOperationId":"as81xc051b25gk5"}
{"type":"log","timestamp":1684653398492,"level":"info","message":"Rendering anonymous template { recipe: html, engine: handlebars }","meta":{"rootId":"fpxavd3itd7uaae","id":"5eu4q8cb721xyx5"},"id":"dxuvkk63oja8eqx","previousOperationId":"as81xc051b25gk5"}
{"type":"log","timestamp":1684653398492,"level":"debug","message":"Inline data specified.","meta":{"rootId":"fpxavd3itd7uaae","id":"5eu4q8cb721xyx5"},"id":"0cnjpml0whmxkga","previousOperationId":"as81xc051b25gk5"}
{"type":"log","timestamp":1684653398494,"level":"debug","message":"Base url not specified, skipping its injection.","meta":{"rootId":"fpxavd3itd7uaae","id":"5eu4q8cb721xyx5"},"id":"jswrlxl94kflkl4","previousOperationId":"as81xc051b25gk5"}
{"type":"operationStart","subtype":"engine","name":"handlebars","timestamp":1684653398495,"id":"ydladhaheoqwbu1","previousEventId":"uwnguu6xs18d1vl","operationId":"o0xzebzzmzev3lh","previousOperationId":"as81xc051b25gk5"}
{"type":"log","timestamp":1684653398495,"level":"debug","message":"Rendering engine handlebars","meta":{"rootId":"fpxavd3itd7uaae","id":"5eu4q8cb721xyx5"},"id":"q4vk87bp0c4fbuv","previousOperationId":"o0xzebzzmzev3lh"}
{"type":"operationEnd","operationId":"o0xzebzzmzev3lh","timestamp":1684653398514,"id":"em1zfrzjxppgtd7","previousEventId":"ydladhaheoqwbu1","previousOperationId":"o0xzebzzmzev3lh"}
{"type":"operationStart","subtype":"recipe","name":"html","timestamp":1684653398517,"id":"wmffapopaoznrlu","previousEventId":"em1zfrzjxppgtd7","operationId":"df62do5yckw2tpd","previousOperationId":"o0xzebzzmzev3lh"}
{"type":"log","timestamp":1684653398517,"level":"debug","message":"Executing recipe html","meta":{"rootId":"fpxavd3itd7uaae","id":"5eu4q8cb721xyx5"},"id":"i82d6ny2e0srhj7","previousOperationId":"df62do5yckw2tpd"}
{"type":"operationEnd","operationId":"df62do5yckw2tpd","timestamp":1684653398517,"id":"2rgemxxtajnutlf","previousEventId":"wmffapopaoznrlu","previousOperationId":"df62do5yckw2tpd"}
{"type":"log","timestamp":1684653398517,"level":"debug","message":"Skipping storing report.","meta":{"rootId":"fpxavd3itd7uaae","id":"5eu4q8cb721xyx5"},"id":"276ertcu45zt3jc","previousOperationId":"df62do5yckw2tpd"}
{"type":"log","timestamp":1684653398517,"level":"info","message":"Rendering (child) request finished in 86 ms","meta":{"rootId":"fpxavd3itd7uaae","id":"5eu4q8cb721xyx5"},"id":"4fvhh8j37e9lzzw","previousOperationId":"df62do5yckw2tpd"}
{"type":"operationEnd","subtype":"render","operationId":"as81xc051b25gk5","timestamp":1684653398520,"id":"tca2w8v2vt5v3oo","previousEventId":"2rgemxxtajnutlf","previousOperationId":"df62do5yckw2tpd"}
{"type":"log","timestamp":1684653398523,"level":"debug","message":"Converting with chrome HeadlessChrome/105.0.5173.0 using chrome-pool strategy","meta":{"rootId":"fpxavd3itd7uaae","id":"fpxavd3itd7uaae"},"id":"kftfwnicn7o8yf0","previousOperationId":"jym5e4r3vuls4y7"}
{"type":"log","timestamp":1684653398662,"level":"debug","message":"Page request: GET (document) file:///C:/Users/Adebayo/AppData/Local/Temp/jsreport/autocleanup/49e5027b-557a-440c-ad2c-8d8b88401d1b-chrome-pdf.html","meta":{"rootId":"fpxavd3itd7uaae","id":"fpxavd3itd7uaae"},"id":"hse86q4ewhszgmg","previousOperationId":"jym5e4r3vuls4y7"}
{"type":"log","timestamp":1684653398685,"level":"debug","message":"Page request finished: GET (document) 200 file:///C:/Users/Adebayo/AppData/Local/Temp/jsreport/autocleanup/49e5027b-557a-440c-ad2c-8d8b88401d1b-chrome-pdf.html","meta":{"rootId":"fpxavd3itd7uaae","id":"fpxavd3itd7uaae"},"id":"mgbax8ay45q5xec","previousOperationId":"jym5e4r3vuls4y7"}
{"type":"log","timestamp":1684653398685,"level":"debug","message":"Page request: GET (script) https://cdnjs.cloudflare.com/ajax/libs/Chart.js/2.1.6/Chart.min.js","meta":{"rootId":"fpxavd3itd7uaae","id":"fpxavd3itd7uaae"},"id":"p7s4led5xmftvkk","previousOperationId":"jym5e4r3vuls4y7"}
{"type":"log","timestamp":1684653398696,"level":"debug","message":"Page request finished: GET (script) 200 https://cdnjs.cloudflare.com/ajax/libs/Chart.js/2.1.6/Chart.min.js","meta":{"rootId":"fpxavd3itd7uaae","id":"fpxavd3itd7uaae"},"id":"ta0wwt8i89mtdzx","previousOperationId":"jym5e4r3vuls4y7"}
{"type":"log","timestamp":1684653398703,"level":"warn","message":"Page error: SyntaxError: Unexpected token ','","meta":{"rootId":"fpxavd3itd7uaae","id":"fpxavd3itd7uaae"},"id":"hojmpe1u2j1ilzg","previousOperationId":"jym5e4r3vuls4y7"}
{"type":"log","timestamp":1684653398706,"level":"debug","message":"Running chrome with params {\"printBackground\":true,\"marginTop\":\"2cm\",\"marginRight\":\"1cm\",\"marginBottom\":\"2cm\",\"marginLeft\":\"1cm\",\"landscape\":false,\"format\":\"A4\",\"displayHeaderFooter\":true,\"footerTemplate\":\"...\",\"timeout\":59911,\"margin\":{\"top\":\"2cm\",\"right\":\"1cm\",\"bottom\":\"2cm\",\"left\":\"1cm\"}}","meta":{"rootId":"fpxavd3itd7uaae","id":"fpxavd3itd7uaae"},"id":"rg5du6pznwre8hx","previousOperationId":"jym5e4r3vuls4y7"}
{"type":"operationEnd","operationId":"jym5e4r3vuls4y7","timestamp":1684653398811,"id":"s1j8nc3ogl0je3e","previousEventId":"ayy19zjw953t5z5","previousOperationId":"jym5e4r3vuls4y7"}
{"type":"log","timestamp":1684653398812,"level":"debug","message":"Skipping storing report.","meta":{"rootId":"fpxavd3itd7uaae","id":"fpxavd3itd7uaae"},"id":"vwt2gacw8ubf32i","previousOperationId":"jym5e4r3vuls4y7"}
{"type":"log","timestamp":1684653398812,"level":"info","message":"Rendering request 111 finished in 381 ms","meta":{"rootId":"fpxavd3itd7uaae","id":"fpxavd3itd7uaae"},"id":"ja7v9b2g0jav8eg","previousOperationId":"jym5e4r3vuls4y7"}
{"type":"operationEnd","subtype":"render","operationId":"rdrcf3fs4firtqe","timestamp":1684653398812,"id":"r7ueph023r8tuny","previousEventId":"s1j8nc3ogl0je3e","previousOperationId":"jym5e4r3vuls4y7"}
{"type":"operationEnd","doDiffs":false,"previousEventId":"cu1tfwrvo16b4b3","previousOperationId":"njl5va3ssu7uem9","operationId":"njl5va3ssu7uem9","timestamp":1684653398821,"id":"lu10m2gurkam26g"}
