{"type":"operationStart","subtype":"profile","data":{"_id":"NnT6YEBUdCxw4yEp","timestamp":"2023-05-21T11:17:07.186Z","state":"queued","mode":"standard","creationDate":"2023-05-21T11:17:07.191Z","modificationDate":"2023-05-21T11:17:07.191Z","shortid":"yXlfiy0","$entitySet":"profiles"},"doDiffs":false,"timestamp":1684667827187,"id":"fiiefcs5cbauva0","previousOperationId":null,"operationId":"1pez43lgoj4ampc"}
{"type":"log","level":"info","message":"Render request 154 queued for execution and waiting for available worker","previousOperationId":"1pez43lgoj4ampc","timestamp":1684667827188,"id":"j8xdy1xkuirldww"}
{"type":"operationStart","subtype":"render","name":"invoice-js","previousOperationId":"1pez43lgoj4ampc","timestamp":1684667827244,"id":"q21ueets7djf5ts","previousEventId":"fiiefcs5cbauva0","operationId":"9x4qlkvron84y9r"}
{"type":"log","timestamp":1684667827245,"level":"info","message":"Starting rendering request 154","meta":{"rootId":"fr7z6rx561unw6w","id":"fr7z6rx561unw6w"},"id":"13xl74v69qto4ap","previousOperationId":"9x4qlkvron84y9r"}
{"type":"log","timestamp":1684667827245,"level":"info","message":"Rendering template { name: invoice-js, recipe: chrome-pdf, engine: handlebars, preview: true }","meta":{"rootId":"fr7z6rx561unw6w","id":"fr7z6rx561unw6w"},"id":"ncb7yhmvw0z7enk","previousOperationId":"9x4qlkvron84y9r"}
{"type":"log","timestamp":1684667827250,"level":"debug","message":"Inline data specified.","meta":{"rootId":"fr7z6rx561unw6w","id":"fr7z6rx561unw6w"},"id":"6rje3aj6q8s79tb","previousOperationId":"9x4qlkvron84y9r"}
{"type":"log","timestamp":1684667827255,"level":"debug","message":"Base url not specified, skipping its injection.","meta":{"rootId":"fr7z6rx561unw6w","id":"fr7z6rx561unw6w"},"id":"fi41cucujisgl3f","previousOperationId":"9x4qlkvron84y9r"}
{"type":"operationStart","subtype":"engine","name":"handlebars","timestamp":1684667827256,"id":"m5sabhajf0d3t0d","previousEventId":"q21ueets7djf5ts","operationId":"4z5c31m7g5x1q1w","previousOperationId":"9x4qlkvron84y9r"}
{"type":"log","timestamp":1684667827256,"level":"debug","message":"Rendering engine handlebars","meta":{"rootId":"fr7z6rx561unw6w","id":"fr7z6rx561unw6w"},"id":"2lto8cdnuilf3xh","previousOperationId":"4z5c31m7g5x1q1w"}
{"type":"operationEnd","operationId":"4z5c31m7g5x1q1w","timestamp":1684667827300,"id":"3wwa5jmre5azln7","previousEventId":"m5sabhajf0d3t0d","previousOperationId":"4z5c31m7g5x1q1w"}
{"type":"operationStart","subtype":"recipe","name":"chrome-pdf","timestamp":1684667827301,"id":"hbmw1uumpj6a8dl","previousEventId":"3wwa5jmre5azln7","operationId":"1ti962nl01rfe2n","previousOperationId":"4z5c31m7g5x1q1w"}
{"type":"log","timestamp":1684667827301,"level":"debug","message":"Executing recipe chrome-pdf","meta":{"rootId":"fr7z6rx561unw6w","id":"fr7z6rx561unw6w"},"id":"dmjmtgn13xqy6pe","previousOperationId":"1ti962nl01rfe2n"}
{"type":"log","timestamp":1684667827303,"level":"debug","message":"Starting child request to render pdf footer","meta":{"rootId":"fr7z6rx561unw6w","id":"fr7z6rx561unw6w"},"id":"3e9l2l7gfkhwr7o","previousOperationId":"1ti962nl01rfe2n"}
{"type":"operationStart","subtype":"render","name":"anonymous","previousOperationId":"1ti962nl01rfe2n","timestamp":1684667827304,"id":"ue09v1de6izr5h7","previousEventId":"hbmw1uumpj6a8dl","operationId":"cy12jqy3on9pxku"}
{"type":"log","timestamp":1684667827304,"level":"info","message":"Starting rendering (child) request","meta":{"rootId":"fr7z6rx561unw6w","id":"87chdlbe0zsx204"},"id":"bh6ox3hgewvjq9y","previousOperationId":"cy12jqy3on9pxku"}
{"type":"log","timestamp":1684667827304,"level":"info","message":"Rendering anonymous template { recipe: html, engine: handlebars }","meta":{"rootId":"fr7z6rx561unw6w","id":"87chdlbe0zsx204"},"id":"eq31f3gfgyvtush","previousOperationId":"cy12jqy3on9pxku"}
{"type":"log","timestamp":1684667827304,"level":"debug","message":"Inline data specified.","meta":{"rootId":"fr7z6rx561unw6w","id":"87chdlbe0zsx204"},"id":"s8ykrwhphzmldz4","previousOperationId":"cy12jqy3on9pxku"}
{"type":"log","timestamp":1684667827306,"level":"debug","message":"Base url not specified, skipping its injection.","meta":{"rootId":"fr7z6rx561unw6w","id":"87chdlbe0zsx204"},"id":"u0w1a2s60umjpbg","previousOperationId":"cy12jqy3on9pxku"}
{"type":"operationStart","subtype":"engine","name":"handlebars","timestamp":1684667827307,"id":"cjkqinwkyni75rv","previousEventId":"ue09v1de6izr5h7","operationId":"b2mh0nsd34li5hw","previousOperationId":"cy12jqy3on9pxku"}
{"type":"log","timestamp":1684667827307,"level":"debug","message":"Rendering engine handlebars","meta":{"rootId":"fr7z6rx561unw6w","id":"87chdlbe0zsx204"},"id":"qgezd3yrpne9ah8","previousOperationId":"b2mh0nsd34li5hw"}
{"type":"operationEnd","operationId":"b2mh0nsd34li5hw","timestamp":1684667827331,"id":"1l380l2kzxypg30","previousEventId":"cjkqinwkyni75rv","previousOperationId":"b2mh0nsd34li5hw"}
{"type":"operationStart","subtype":"recipe","name":"html","timestamp":1684667827332,"id":"chn3htffjehxs2l","previousEventId":"1l380l2kzxypg30","operationId":"0krlll9fdu645ua","previousOperationId":"b2mh0nsd34li5hw"}
{"type":"log","timestamp":1684667827332,"level":"debug","message":"Executing recipe html","meta":{"rootId":"fr7z6rx561unw6w","id":"87chdlbe0zsx204"},"id":"0w62fv70jho5k2q","previousOperationId":"0krlll9fdu645ua"}
{"type":"operationEnd","operationId":"0krlll9fdu645ua","timestamp":1684667827332,"id":"317303a43jx0q4w","previousEventId":"chn3htffjehxs2l","previousOperationId":"0krlll9fdu645ua"}
{"type":"log","timestamp":1684667827332,"level":"debug","message":"Skipping storing report.","meta":{"rootId":"fr7z6rx561unw6w","id":"87chdlbe0zsx204"},"id":"irq787e7qkg81v8","previousOperationId":"0krlll9fdu645ua"}
{"type":"log","timestamp":1684667827332,"level":"info","message":"Rendering (child) request finished in 146 ms","meta":{"rootId":"fr7z6rx561unw6w","id":"87chdlbe0zsx204"},"id":"to1mzfk0dyk64qq","previousOperationId":"0krlll9fdu645ua"}
{"type":"operationEnd","subtype":"render","operationId":"cy12jqy3on9pxku","timestamp":1684667827332,"id":"cm2dos5nj5x4tk1","previousEventId":"317303a43jx0q4w","previousOperationId":"0krlll9fdu645ua"}
{"type":"log","timestamp":1684667827334,"level":"debug","message":"Converting with chrome HeadlessChrome/105.0.5173.0 using chrome-pool strategy","meta":{"rootId":"fr7z6rx561unw6w","id":"fr7z6rx561unw6w"},"id":"e4sobwyuchtx1ey","previousOperationId":"1ti962nl01rfe2n"}
{"type":"log","timestamp":1684667827523,"level":"debug","message":"Page request: GET (document) file:///C:/Users/Adebayo/AppData/Local/Temp/jsreport/autocleanup/6f156b6b-d68c-4f6c-aac4-7aca7ef6571c-chrome-pdf.html","meta":{"rootId":"fr7z6rx561unw6w","id":"fr7z6rx561unw6w"},"id":"glr96w8795z4ksm","previousOperationId":"1ti962nl01rfe2n"}
{"type":"log","timestamp":1684667827548,"level":"debug","message":"Page request finished: GET (document) 200 file:///C:/Users/Adebayo/AppData/Local/Temp/jsreport/autocleanup/6f156b6b-d68c-4f6c-aac4-7aca7ef6571c-chrome-pdf.html","meta":{"rootId":"fr7z6rx561unw6w","id":"fr7z6rx561unw6w"},"id":"9lenv8f2kzngprh","previousOperationId":"1ti962nl01rfe2n"}
{"type":"log","timestamp":1684667827548,"level":"debug","message":"Page request: GET (script) https://cdnjs.cloudflare.com/ajax/libs/Chart.js/2.1.6/Chart.min.js","meta":{"rootId":"fr7z6rx561unw6w","id":"fr7z6rx561unw6w"},"id":"8j0ytwrgfn4xr5z","previousOperationId":"1ti962nl01rfe2n"}
{"type":"log","timestamp":1684667827560,"level":"debug","message":"Page request finished: GET (script) 200 https://cdnjs.cloudflare.com/ajax/libs/Chart.js/2.1.6/Chart.min.js","meta":{"rootId":"fr7z6rx561unw6w","id":"fr7z6rx561unw6w"},"id":"1lace87plp22ev8","previousOperationId":"1ti962nl01rfe2n"}
{"type":"log","timestamp":1684667827569,"level":"warn","message":"Page error: SyntaxError: Unexpected token ','","meta":{"rootId":"fr7z6rx561unw6w","id":"fr7z6rx561unw6w"},"id":"ps4jhvm8s9cragb","previousOperationId":"1ti962nl01rfe2n"}
{"type":"log","timestamp":1684667827575,"level":"debug","message":"Running chrome with params {\"printBackground\":true,\"marginTop\":\"2cm\",\"marginRight\":\"1cm\",\"marginBottom\":\"2cm\",\"marginLeft\":\"1cm\",\"landscape\":false,\"format\":\"A4\",\"displayHeaderFooter\":true,\"footerTemplate\":\"...\",\"timeout\":59854,\"margin\":{\"top\":\"2cm\",\"right\":\"1cm\",\"bottom\":\"2cm\",\"left\":\"1cm\"}}","meta":{"rootId":"fr7z6rx561unw6w","id":"fr7z6rx561unw6w"},"id":"fv9t2bd35q2os13","previousOperationId":"1ti962nl01rfe2n"}
{"type":"operationEnd","operationId":"1ti962nl01rfe2n","timestamp":1684667827704,"id":"26iy9ub7sxck1pk","previousEventId":"hbmw1uumpj6a8dl","previousOperationId":"1ti962nl01rfe2n"}
{"type":"log","timestamp":1684667827704,"level":"debug","message":"Skipping storing report.","meta":{"rootId":"fr7z6rx561unw6w","id":"fr7z6rx561unw6w"},"id":"8iddz67awzcgbdb","previousOperationId":"1ti962nl01rfe2n"}
{"type":"log","timestamp":1684667827704,"level":"info","message":"Rendering request 154 finished in 518 ms","meta":{"rootId":"fr7z6rx561unw6w","id":"fr7z6rx561unw6w"},"id":"9dj9vvcbhv3coy1","previousOperationId":"1ti962nl01rfe2n"}
{"type":"operationEnd","subtype":"render","operationId":"9x4qlkvron84y9r","timestamp":1684667827704,"id":"gk1ozdp64ekg7c1","previousEventId":"26iy9ub7sxck1pk","previousOperationId":"1ti962nl01rfe2n"}
{"type":"operationEnd","doDiffs":false,"previousEventId":"fiiefcs5cbauva0","previousOperationId":"1pez43lgoj4ampc","operationId":"1pez43lgoj4ampc","timestamp":1684667827713,"id":"8fhfmfqp36mjzrh"}
