{"type":"operationStart","subtype":"profile","data":{"_id":"LZFppp2vLYGGESEY","timestamp":"2023-05-21T06:31:23.368Z","state":"queued","mode":"standard","creationDate":"2023-05-21T06:31:23.371Z","modificationDate":"2023-05-21T06:31:23.371Z","shortid":"tKnxwLA","$entitySet":"profiles"},"doDiffs":false,"timestamp":1684650683369,"id":"g22i8wwog4jhbdf","previousOperationId":null,"operationId":"79scz74fjjgt141"}
{"type":"log","level":"info","message":"Render request 80 queued for execution and waiting for available worker","previousOperationId":"79scz74fjjgt141","timestamp":1684650683370,"id":"wesar864durgtre"}
{"type":"operationStart","subtype":"render","name":"invoice-js","previousOperationId":"79scz74fjjgt141","timestamp":1684650683383,"id":"8t5l208alqj3gsj","previousEventId":"g22i8wwog4jhbdf","operationId":"1ztsj6edff538kw"}
{"type":"log","timestamp":1684650683383,"level":"info","message":"Starting rendering request 80","meta":{"rootId":"g7nrs0b95nkx6bj","id":"g7nrs0b95nkx6bj"},"id":"gzr83uoi7zwh3pc","previousOperationId":"1ztsj6edff538kw"}
{"type":"log","timestamp":1684650683384,"level":"info","message":"Rendering template { name: invoice-js, recipe: chrome-pdf, engine: handlebars, preview: true }","meta":{"rootId":"g7nrs0b95nkx6bj","id":"g7nrs0b95nkx6bj"},"id":"2xji7x0lwmvhz6x","previousOperationId":"1ztsj6edff538kw"}
{"type":"log","timestamp":1684650683386,"level":"debug","message":"Adding sample data YnJQL_aQg","meta":{"rootId":"g7nrs0b95nkx6bj","id":"g7nrs0b95nkx6bj"},"id":"fe93e95bl21ewaf","previousOperationId":"1ztsj6edff538kw"}
{"type":"log","timestamp":1684650683392,"level":"debug","message":"Base url not specified, skipping its injection.","meta":{"rootId":"g7nrs0b95nkx6bj","id":"g7nrs0b95nkx6bj"},"id":"b8j93z7xq5byy4i","previousOperationId":"1ztsj6edff538kw"}
{"type":"operationStart","subtype":"engine","name":"handlebars","timestamp":1684650683392,"id":"mpk4ofwf3ufycx7","previousEventId":"8t5l208alqj3gsj","operationId":"g14dcqbswkkjv2w","previousOperationId":"1ztsj6edff538kw"}
{"type":"log","timestamp":1684650683393,"level":"debug","message":"Rendering engine handlebars","meta":{"rootId":"g7nrs0b95nkx6bj","id":"g7nrs0b95nkx6bj"},"id":"9vak5gx4yuhx6pc","previousOperationId":"g14dcqbswkkjv2w"}
{"type":"operationEnd","operationId":"g14dcqbswkkjv2w","timestamp":1684650683418,"id":"dtqk23h0ywg57kh","previousEventId":"mpk4ofwf3ufycx7","previousOperationId":"g14dcqbswkkjv2w"}
{"type":"operationStart","subtype":"recipe","name":"chrome-pdf","timestamp":1684650683419,"id":"l43cder3cno3cav","previousEventId":"dtqk23h0ywg57kh","operationId":"yx6dfvpoxpwdiby","previousOperationId":"g14dcqbswkkjv2w"}
{"type":"log","timestamp":1684650683419,"level":"debug","message":"Executing recipe chrome-pdf","meta":{"rootId":"g7nrs0b95nkx6bj","id":"g7nrs0b95nkx6bj"},"id":"cl91ikpixrrtt33","previousOperationId":"yx6dfvpoxpwdiby"}
{"type":"log","timestamp":1684650683422,"level":"debug","message":"Starting child request to render pdf footer","meta":{"rootId":"g7nrs0b95nkx6bj","id":"g7nrs0b95nkx6bj"},"id":"j5qwm0ukdh8vkao","previousOperationId":"yx6dfvpoxpwdiby"}
{"type":"operationStart","subtype":"render","name":"anonymous","previousOperationId":"yx6dfvpoxpwdiby","timestamp":1684650683422,"id":"8pnm778f2r8ho7w","previousEventId":"l43cder3cno3cav","operationId":"luzt45q97xbaod0"}
{"type":"log","timestamp":1684650683422,"level":"info","message":"Starting rendering (child) request","meta":{"rootId":"g7nrs0b95nkx6bj","id":"xr77g8l7efk4wl6"},"id":"o7rnbfsxq8pvw0q","previousOperationId":"luzt45q97xbaod0"}
{"type":"log","timestamp":1684650683422,"level":"info","message":"Rendering anonymous template { recipe: html, engine: handlebars }","meta":{"rootId":"g7nrs0b95nkx6bj","id":"xr77g8l7efk4wl6"},"id":"dln3f86nzzks4z0","previousOperationId":"luzt45q97xbaod0"}
{"type":"log","timestamp":1684650683422,"level":"debug","message":"Inline data specified.","meta":{"rootId":"g7nrs0b95nkx6bj","id":"xr77g8l7efk4wl6"},"id":"2li7y0syoicsoyp","previousOperationId":"luzt45q97xbaod0"}
{"type":"log","timestamp":1684650683425,"level":"debug","message":"Base url not specified, skipping its injection.","meta":{"rootId":"g7nrs0b95nkx6bj","id":"xr77g8l7efk4wl6"},"id":"2p1lqqb5f4d2tja","previousOperationId":"luzt45q97xbaod0"}
{"type":"operationStart","subtype":"engine","name":"handlebars","timestamp":1684650683425,"id":"fh26ny9pijh0ukc","previousEventId":"8pnm778f2r8ho7w","operationId":"n3nme7ozk9ptz6a","previousOperationId":"luzt45q97xbaod0"}
{"type":"log","timestamp":1684650683425,"level":"debug","message":"Rendering engine handlebars","meta":{"rootId":"g7nrs0b95nkx6bj","id":"xr77g8l7efk4wl6"},"id":"9txjsz4szisve0m","previousOperationId":"n3nme7ozk9ptz6a"}
{"type":"operationEnd","operationId":"n3nme7ozk9ptz6a","timestamp":1684650683445,"id":"3ap8ljvvs2uilsq","previousEventId":"fh26ny9pijh0ukc","previousOperationId":"n3nme7ozk9ptz6a"}
{"type":"operationStart","subtype":"recipe","name":"html","timestamp":1684650683445,"id":"q0bor4h54s990ni","previousEventId":"3ap8ljvvs2uilsq","operationId":"kxtw7llrkpb5uke","previousOperationId":"n3nme7ozk9ptz6a"}
{"type":"log","timestamp":1684650683445,"level":"debug","message":"Executing recipe html","meta":{"rootId":"g7nrs0b95nkx6bj","id":"xr77g8l7efk4wl6"},"id":"zkfgzm2fjdlee2y","previousOperationId":"kxtw7llrkpb5uke"}
{"type":"operationEnd","operationId":"kxtw7llrkpb5uke","timestamp":1684650683445,"id":"yh947oxg6cca5j7","previousEventId":"q0bor4h54s990ni","previousOperationId":"kxtw7llrkpb5uke"}
{"type":"log","timestamp":1684650683445,"level":"debug","message":"Skipping storing report.","meta":{"rootId":"g7nrs0b95nkx6bj","id":"xr77g8l7efk4wl6"},"id":"jbph483tpajrmy9","previousOperationId":"kxtw7llrkpb5uke"}
{"type":"log","timestamp":1684650683446,"level":"info","message":"Rendering (child) request finished in 78 ms","meta":{"rootId":"g7nrs0b95nkx6bj","id":"xr77g8l7efk4wl6"},"id":"3grtr6tstfp0i4r","previousOperationId":"kxtw7llrkpb5uke"}
{"type":"operationEnd","subtype":"render","operationId":"luzt45q97xbaod0","timestamp":1684650683446,"id":"w2zvrd7pwniopak","previousEventId":"yh947oxg6cca5j7","previousOperationId":"kxtw7llrkpb5uke"}
{"type":"log","timestamp":1684650683448,"level":"debug","message":"Converting with chrome HeadlessChrome/105.0.5173.0 using chrome-pool strategy","meta":{"rootId":"g7nrs0b95nkx6bj","id":"g7nrs0b95nkx6bj"},"id":"yvqywpglca0zwli","previousOperationId":"yx6dfvpoxpwdiby"}
{"type":"log","timestamp":1684650683581,"level":"debug","message":"Page request: GET (document) file:///C:/Users/Adebayo/AppData/Local/Temp/jsreport/autocleanup/2a273c24-5ec9-42c4-9023-cbbdd37468a7-chrome-pdf.html","meta":{"rootId":"g7nrs0b95nkx6bj","id":"g7nrs0b95nkx6bj"},"id":"413lvfme6gqw6rn","previousOperationId":"yx6dfvpoxpwdiby"}
{"type":"log","timestamp":1684650683598,"level":"debug","message":"Page request finished: GET (document) 200 file:///C:/Users/Adebayo/AppData/Local/Temp/jsreport/autocleanup/2a273c24-5ec9-42c4-9023-cbbdd37468a7-chrome-pdf.html","meta":{"rootId":"g7nrs0b95nkx6bj","id":"g7nrs0b95nkx6bj"},"id":"xn4nokp9zgh82js","previousOperationId":"yx6dfvpoxpwdiby"}
{"type":"log","timestamp":1684650683599,"level":"debug","message":"Page request: GET (script) https://cdnjs.cloudflare.com/ajax/libs/Chart.js/2.1.6/Chart.min.js","meta":{"rootId":"g7nrs0b95nkx6bj","id":"g7nrs0b95nkx6bj"},"id":"tmxq6tx8w41jhgc","previousOperationId":"yx6dfvpoxpwdiby"}
{"type":"log","timestamp":1684650683608,"level":"debug","message":"Page request finished: GET (script) 200 https://cdnjs.cloudflare.com/ajax/libs/Chart.js/2.1.6/Chart.min.js","meta":{"rootId":"g7nrs0b95nkx6bj","id":"g7nrs0b95nkx6bj"},"id":"h1s5p1vlwo3iatc","previousOperationId":"yx6dfvpoxpwdiby"}
{"type":"log","timestamp":1684650683665,"level":"debug","message":"Running chrome with params {\"printBackground\":true,\"marginTop\":\"2cm\",\"marginRight\":\"1cm\",\"marginBottom\":\"2cm\",\"marginLeft\":\"1cm\",\"landscape\":false,\"format\":\"A4\",\"displayHeaderFooter\":true,\"footerTemplate\":\"...\",\"timeout\":59922,\"margin\":{\"top\":\"2cm\",\"right\":\"1cm\",\"bottom\":\"2cm\",\"left\":\"1cm\"}}","meta":{"rootId":"g7nrs0b95nkx6bj","id":"g7nrs0b95nkx6bj"},"id":"a40h81oad0rk3ya","previousOperationId":"yx6dfvpoxpwdiby"}
{"type":"operationEnd","operationId":"yx6dfvpoxpwdiby","timestamp":1684650683749,"id":"sry5n8c0gbzgea0","previousEventId":"l43cder3cno3cav","previousOperationId":"yx6dfvpoxpwdiby"}
{"type":"log","timestamp":1684650683750,"level":"debug","message":"Skipping storing report.","meta":{"rootId":"g7nrs0b95nkx6bj","id":"g7nrs0b95nkx6bj"},"id":"jg2nymhzyq0ha6p","previousOperationId":"yx6dfvpoxpwdiby"}
{"type":"log","timestamp":1684650683750,"level":"info","message":"Rendering request 80 finished in 382 ms","meta":{"rootId":"g7nrs0b95nkx6bj","id":"g7nrs0b95nkx6bj"},"id":"s1utcdv3zlvqx6g","previousOperationId":"yx6dfvpoxpwdiby"}
{"type":"operationEnd","subtype":"render","operationId":"1ztsj6edff538kw","timestamp":1684650683750,"id":"7q6tkd85d9gf9fc","previousEventId":"sry5n8c0gbzgea0","previousOperationId":"yx6dfvpoxpwdiby"}
{"type":"operationEnd","doDiffs":false,"previousEventId":"g22i8wwog4jhbdf","previousOperationId":"79scz74fjjgt141","operationId":"79scz74fjjgt141","timestamp":1684650683758,"id":"rjrawsa7b563alt"}
