{"type":"operationStart","subtype":"profile","data":{"_id":"OxCQBjmnx1O1P4rW","timestamp":"2023-05-21T11:28:51.460Z","state":"queued","mode":"standard","creationDate":"2023-05-21T11:28:51.464Z","modificationDate":"2023-05-21T11:28:51.464Z","shortid":"iSBc0tR","$entitySet":"profiles"},"doDiffs":false,"timestamp":1684668531462,"id":"p12h52fcsv66295","previousOperationId":null,"operationId":"xajfveh2kuuwbng"}
{"type":"log","level":"info","message":"Render request 172 queued for execution and waiting for available worker","previousOperationId":"xajfveh2kuuwbng","timestamp":1684668531462,"id":"z6kwynxmihai6p2"}
{"type":"operationStart","subtype":"render","name":"invoice-js","previousOperationId":"xajfveh2kuuwbng","timestamp":1684668531474,"id":"37vxwyz17ualyu4","previousEventId":"p12h52fcsv66295","operationId":"ck0xai3gxn0evzs"}
{"type":"log","timestamp":1684668531475,"level":"info","message":"Starting rendering request 172","meta":{"rootId":"g9t8tgyl806j50g","id":"g9t8tgyl806j50g"},"id":"i68nlj7e4wfvel5","previousOperationId":"ck0xai3gxn0evzs"}
{"type":"log","timestamp":1684668531475,"level":"info","message":"Rendering template { name: invoice-js, recipe: chrome-pdf, engine: handlebars, preview: false }","meta":{"rootId":"g9t8tgyl806j50g","id":"g9t8tgyl806j50g"},"id":"s73iip1ay46excy","previousOperationId":"ck0xai3gxn0evzs"}
{"type":"log","timestamp":1684668531478,"level":"debug","message":"Inline data specified.","meta":{"rootId":"g9t8tgyl806j50g","id":"g9t8tgyl806j50g"},"id":"t1wj0asu5ql9jx2","previousOperationId":"ck0xai3gxn0evzs"}
{"type":"log","timestamp":1684668531486,"level":"debug","message":"Base url not specified, skipping its injection.","meta":{"rootId":"g9t8tgyl806j50g","id":"g9t8tgyl806j50g"},"id":"94yl9zlba3h093n","previousOperationId":"ck0xai3gxn0evzs"}
{"type":"operationStart","subtype":"engine","name":"handlebars","timestamp":1684668531487,"id":"r2xy9ilh2kse5wo","previousEventId":"37vxwyz17ualyu4","operationId":"e84hw1nn3ppgbka","previousOperationId":"ck0xai3gxn0evzs"}
{"type":"log","timestamp":1684668531487,"level":"debug","message":"Rendering engine handlebars","meta":{"rootId":"g9t8tgyl806j50g","id":"g9t8tgyl806j50g"},"id":"mawkuj3ssteuq21","previousOperationId":"e84hw1nn3ppgbka"}
{"type":"operationEnd","operationId":"e84hw1nn3ppgbka","timestamp":1684668531522,"id":"a40s56czwkmx5im","previousEventId":"r2xy9ilh2kse5wo","previousOperationId":"e84hw1nn3ppgbka"}
{"type":"operationStart","subtype":"recipe","name":"chrome-pdf","timestamp":1684668531524,"id":"171glxc991wsr04","previousEventId":"a40s56czwkmx5im","operationId":"l292gg76m0dpecf","previousOperationId":"e84hw1nn3ppgbka"}
{"type":"log","timestamp":1684668531524,"level":"debug","message":"Executing recipe chrome-pdf","meta":{"rootId":"g9t8tgyl806j50g","id":"g9t8tgyl806j50g"},"id":"0fx20nk1ntbcz9k","previousOperationId":"l292gg76m0dpecf"}
{"type":"log","timestamp":1684668531529,"level":"debug","message":"Starting child request to render pdf footer","meta":{"rootId":"g9t8tgyl806j50g","id":"g9t8tgyl806j50g"},"id":"dt6jcc00jjoa7mp","previousOperationId":"l292gg76m0dpecf"}
{"type":"operationStart","subtype":"render","name":"anonymous","previousOperationId":"l292gg76m0dpecf","timestamp":1684668531530,"id":"65nzou4bpedpssq","previousEventId":"171glxc991wsr04","operationId":"63qpi06oe8tnt3i"}
{"type":"log","timestamp":1684668531530,"level":"info","message":"Starting rendering (child) request","meta":{"rootId":"g9t8tgyl806j50g","id":"pd1dw7w3e09a41t"},"id":"9hi8usatzjq07jj","previousOperationId":"63qpi06oe8tnt3i"}
{"type":"log","timestamp":1684668531530,"level":"info","message":"Rendering anonymous template { recipe: html, engine: handlebars }","meta":{"rootId":"g9t8tgyl806j50g","id":"pd1dw7w3e09a41t"},"id":"a45g8mxn95snvzw","previousOperationId":"63qpi06oe8tnt3i"}
{"type":"log","timestamp":1684668531530,"level":"debug","message":"Inline data specified.","meta":{"rootId":"g9t8tgyl806j50g","id":"pd1dw7w3e09a41t"},"id":"tctq859py30hz94","previousOperationId":"63qpi06oe8tnt3i"}
{"type":"log","timestamp":1684668531532,"level":"debug","message":"Base url not specified, skipping its injection.","meta":{"rootId":"g9t8tgyl806j50g","id":"pd1dw7w3e09a41t"},"id":"9spzwp05nlrlewo","previousOperationId":"63qpi06oe8tnt3i"}
{"type":"operationStart","subtype":"engine","name":"handlebars","timestamp":1684668531533,"id":"tywva6w5g5hd30t","previousEventId":"65nzou4bpedpssq","operationId":"j41djq3262kqaa9","previousOperationId":"63qpi06oe8tnt3i"}
{"type":"log","timestamp":1684668531533,"level":"debug","message":"Rendering engine handlebars","meta":{"rootId":"g9t8tgyl806j50g","id":"pd1dw7w3e09a41t"},"id":"4ikneuyflf69zg4","previousOperationId":"j41djq3262kqaa9"}
{"type":"operationEnd","operationId":"j41djq3262kqaa9","timestamp":1684668531567,"id":"ue4zdpm7tkwo6uc","previousEventId":"tywva6w5g5hd30t","previousOperationId":"j41djq3262kqaa9"}
{"type":"operationStart","subtype":"recipe","name":"html","timestamp":1684668531568,"id":"o2c2vljy74sk7dh","previousEventId":"ue4zdpm7tkwo6uc","operationId":"blh46y7k9f0xadg","previousOperationId":"j41djq3262kqaa9"}
{"type":"log","timestamp":1684668531568,"level":"debug","message":"Executing recipe html","meta":{"rootId":"g9t8tgyl806j50g","id":"pd1dw7w3e09a41t"},"id":"ubdhhkhrdcadhne","previousOperationId":"blh46y7k9f0xadg"}
{"type":"operationEnd","operationId":"blh46y7k9f0xadg","timestamp":1684668531568,"id":"ylrb46gx38jlfn1","previousEventId":"o2c2vljy74sk7dh","previousOperationId":"blh46y7k9f0xadg"}
{"type":"log","timestamp":1684668531568,"level":"debug","message":"Skipping storing report.","meta":{"rootId":"g9t8tgyl806j50g","id":"pd1dw7w3e09a41t"},"id":"7tg5zf9ifd07ihi","previousOperationId":"blh46y7k9f0xadg"}
{"type":"log","timestamp":1684668531568,"level":"info","message":"Rendering (child) request finished in 108 ms","meta":{"rootId":"g9t8tgyl806j50g","id":"pd1dw7w3e09a41t"},"id":"rett1bf45twy6uy","previousOperationId":"blh46y7k9f0xadg"}
{"type":"operationEnd","subtype":"render","operationId":"63qpi06oe8tnt3i","timestamp":1684668531568,"id":"g3k377emehuyi9v","previousEventId":"ylrb46gx38jlfn1","previousOperationId":"blh46y7k9f0xadg"}
{"type":"log","timestamp":1684668531570,"level":"debug","message":"Converting with chrome HeadlessChrome/105.0.5173.0 using chrome-pool strategy","meta":{"rootId":"g9t8tgyl806j50g","id":"g9t8tgyl806j50g"},"id":"gfuo5c5hb0drngy","previousOperationId":"l292gg76m0dpecf"}
{"type":"log","timestamp":1684668531770,"level":"debug","message":"Page request: GET (document) file:///C:/Users/Adebayo/AppData/Local/Temp/jsreport/autocleanup/9a5fd703-adbc-425c-ad9c-9cf6ce7ea470-chrome-pdf.html","meta":{"rootId":"g9t8tgyl806j50g","id":"g9t8tgyl806j50g"},"id":"fy0pb5rk4mnmx5a","previousOperationId":"l292gg76m0dpecf"}
{"type":"log","timestamp":1684668531801,"level":"debug","message":"Page request finished: GET (document) 200 file:///C:/Users/Adebayo/AppData/Local/Temp/jsreport/autocleanup/9a5fd703-adbc-425c-ad9c-9cf6ce7ea470-chrome-pdf.html","meta":{"rootId":"g9t8tgyl806j50g","id":"g9t8tgyl806j50g"},"id":"0pkdt43er88xvap","previousOperationId":"l292gg76m0dpecf"}
{"type":"log","timestamp":1684668531802,"level":"debug","message":"Page request: GET (script) https://cdnjs.cloudflare.com/ajax/libs/Chart.js/2.1.6/Chart.min.js","meta":{"rootId":"g9t8tgyl806j50g","id":"g9t8tgyl806j50g"},"id":"ofetzmrjvrszrh4","previousOperationId":"l292gg76m0dpecf"}
{"type":"log","timestamp":1684668531813,"level":"debug","message":"Page request finished: GET (script) 200 https://cdnjs.cloudflare.com/ajax/libs/Chart.js/2.1.6/Chart.min.js","meta":{"rootId":"g9t8tgyl806j50g","id":"g9t8tgyl806j50g"},"id":"lnsi8qtzxtdco8c","previousOperationId":"l292gg76m0dpecf"}
{"type":"log","timestamp":1684668531939,"level":"debug","message":"Running chrome with params {\"printBackground\":true,\"marginTop\":\"2cm\",\"marginRight\":\"1cm\",\"marginBottom\":\"2cm\",\"marginLeft\":\"1cm\",\"landscape\":false,\"format\":\"A4\",\"displayHeaderFooter\":true,\"footerTemplate\":\"...\",\"timeout\":59892,\"margin\":{\"top\":\"2cm\",\"right\":\"1cm\",\"bottom\":\"2cm\",\"left\":\"1cm\"}}","meta":{"rootId":"g9t8tgyl806j50g","id":"g9t8tgyl806j50g"},"id":"exy6v1u2eeoxvdy","previousOperationId":"l292gg76m0dpecf"}
{"type":"operationEnd","operationId":"l292gg76m0dpecf","timestamp":1684668532094,"id":"060i8i7psxcjz8p","previousEventId":"171glxc991wsr04","previousOperationId":"l292gg76m0dpecf"}
{"type":"log","timestamp":1684668532094,"level":"debug","message":"Skipping storing report.","meta":{"rootId":"g9t8tgyl806j50g","id":"g9t8tgyl806j50g"},"id":"bj01jsz94ur68aq","previousOperationId":"l292gg76m0dpecf"}
{"type":"log","timestamp":1684668532096,"level":"info","message":"Rendering request 172 finished in 636 ms","meta":{"rootId":"g9t8tgyl806j50g","id":"g9t8tgyl806j50g"},"id":"j5r5eg2zj95r9us","previousOperationId":"l292gg76m0dpecf"}
{"type":"operationEnd","subtype":"render","operationId":"ck0xai3gxn0evzs","timestamp":1684668532096,"id":"4shmmlm75rioom1","previousEventId":"060i8i7psxcjz8p","previousOperationId":"l292gg76m0dpecf"}
{"type":"operationEnd","doDiffs":false,"previousEventId":"p12h52fcsv66295","previousOperationId":"xajfveh2kuuwbng","operationId":"xajfveh2kuuwbng","timestamp":1684668532102,"id":"9q44kcqsgqxf7ak"}
