{"type":"operationStart","subtype":"profile","data":{"_id":"VrIGZiM63yZuSzGl","timestamp":"2023-05-21T07:21:01.654Z","state":"queued","mode":"standard","creationDate":"2023-05-21T07:21:01.658Z","modificationDate":"2023-05-21T07:21:01.658Z","shortid":"R6RNHel","$entitySet":"profiles"},"doDiffs":false,"timestamp":1684653661656,"id":"lhcii26ntiq7ffv","previousOperationId":null,"operationId":"jwirjou0o0yhmhu"}
{"type":"log","level":"info","message":"Render request 120 queued for execution and waiting for available worker","previousOperationId":"jwirjou0o0yhmhu","timestamp":1684653661656,"id":"o6db4n9cufdfx6y"}
{"type":"operationStart","subtype":"render","name":"invoice-js","previousOperationId":"jwirjou0o0yhmhu","timestamp":1684653661670,"id":"x599dvd45kocfig","previousEventId":"lhcii26ntiq7ffv","operationId":"stynzi72gix8e93"}
{"type":"log","timestamp":1684653661671,"level":"info","message":"Starting rendering request 120","meta":{"rootId":"gntwenyakymf8tm","id":"gntwenyakymf8tm"},"id":"faz12yi3jelkwjy","previousOperationId":"stynzi72gix8e93"}
{"type":"log","timestamp":1684653661671,"level":"info","message":"Rendering template { name: invoice-js, recipe: chrome-pdf, engine: handlebars, preview: false }","meta":{"rootId":"gntwenyakymf8tm","id":"gntwenyakymf8tm"},"id":"ciisqdrb99fapdt","previousOperationId":"stynzi72gix8e93"}
{"type":"log","timestamp":1684653661673,"level":"debug","message":"Inline data specified.","meta":{"rootId":"gntwenyakymf8tm","id":"gntwenyakymf8tm"},"id":"eddfjtkgjmjb9vq","previousOperationId":"stynzi72gix8e93"}
{"type":"log","timestamp":1684653661681,"level":"debug","message":"Base url not specified, skipping its injection.","meta":{"rootId":"gntwenyakymf8tm","id":"gntwenyakymf8tm"},"id":"a25jqlr4stjuena","previousOperationId":"stynzi72gix8e93"}
{"type":"operationStart","subtype":"engine","name":"handlebars","timestamp":1684653661682,"id":"e8t5aguoii1vrjy","previousEventId":"x599dvd45kocfig","operationId":"w423yjlqfrrwrxm","previousOperationId":"stynzi72gix8e93"}
{"type":"log","timestamp":1684653661682,"level":"debug","message":"Rendering engine handlebars","meta":{"rootId":"gntwenyakymf8tm","id":"gntwenyakymf8tm"},"id":"y9ilf7i92k3zvid","previousOperationId":"w423yjlqfrrwrxm"}
{"type":"operationEnd","operationId":"w423yjlqfrrwrxm","timestamp":1684653661704,"id":"zhwaa73vn7wybvp","previousEventId":"e8t5aguoii1vrjy","previousOperationId":"w423yjlqfrrwrxm"}
{"type":"operationStart","subtype":"recipe","name":"chrome-pdf","timestamp":1684653661704,"id":"5ibnjwe99t1nycm","previousEventId":"zhwaa73vn7wybvp","operationId":"0bqz8vq9u0x93s6","previousOperationId":"w423yjlqfrrwrxm"}
{"type":"log","timestamp":1684653661704,"level":"debug","message":"Executing recipe chrome-pdf","meta":{"rootId":"gntwenyakymf8tm","id":"gntwenyakymf8tm"},"id":"uz285fpc0xmayfw","previousOperationId":"0bqz8vq9u0x93s6"}
{"type":"log","timestamp":1684653661707,"level":"debug","message":"Starting child request to render pdf footer","meta":{"rootId":"gntwenyakymf8tm","id":"gntwenyakymf8tm"},"id":"qune8su9txobhtq","previousOperationId":"0bqz8vq9u0x93s6"}
{"type":"operationStart","subtype":"render","name":"anonymous","previousOperationId":"0bqz8vq9u0x93s6","timestamp":1684653661708,"id":"vi5tzd4l52r9342","previousEventId":"5ibnjwe99t1nycm","operationId":"ukksx2ofuhvw38c"}
{"type":"log","timestamp":1684653661708,"level":"info","message":"Starting rendering (child) request","meta":{"rootId":"gntwenyakymf8tm","id":"31osj3stf2i28z6"},"id":"hzxkibppxxhx5xu","previousOperationId":"ukksx2ofuhvw38c"}
{"type":"log","timestamp":1684653661708,"level":"info","message":"Rendering anonymous template { recipe: html, engine: handlebars }","meta":{"rootId":"gntwenyakymf8tm","id":"31osj3stf2i28z6"},"id":"yj35hk9crumyhxi","previousOperationId":"ukksx2ofuhvw38c"}
{"type":"log","timestamp":1684653661708,"level":"debug","message":"Inline data specified.","meta":{"rootId":"gntwenyakymf8tm","id":"31osj3stf2i28z6"},"id":"1926yiqdy7gie43","previousOperationId":"ukksx2ofuhvw38c"}
{"type":"log","timestamp":1684653661712,"level":"debug","message":"Base url not specified, skipping its injection.","meta":{"rootId":"gntwenyakymf8tm","id":"31osj3stf2i28z6"},"id":"1f1902kj8wbleow","previousOperationId":"ukksx2ofuhvw38c"}
{"type":"operationStart","subtype":"engine","name":"handlebars","timestamp":1684653661712,"id":"lviz2fc5q6l0c9n","previousEventId":"vi5tzd4l52r9342","operationId":"c44e6h1hoph0bpa","previousOperationId":"ukksx2ofuhvw38c"}
{"type":"log","timestamp":1684653661712,"level":"debug","message":"Rendering engine handlebars","meta":{"rootId":"gntwenyakymf8tm","id":"31osj3stf2i28z6"},"id":"hhmyw6hnbvaazi5","previousOperationId":"c44e6h1hoph0bpa"}
{"type":"operationEnd","operationId":"c44e6h1hoph0bpa","timestamp":1684653661730,"id":"pu3x8l32wcui6d8","previousEventId":"lviz2fc5q6l0c9n","previousOperationId":"c44e6h1hoph0bpa"}
{"type":"operationStart","subtype":"recipe","name":"html","timestamp":1684653661731,"id":"kl9urm7bytr4u2d","previousEventId":"pu3x8l32wcui6d8","operationId":"aop765y3duncfll","previousOperationId":"c44e6h1hoph0bpa"}
{"type":"log","timestamp":1684653661731,"level":"debug","message":"Executing recipe html","meta":{"rootId":"gntwenyakymf8tm","id":"31osj3stf2i28z6"},"id":"hvm58wb1u9ga0r1","previousOperationId":"aop765y3duncfll"}
{"type":"operationEnd","operationId":"aop765y3duncfll","timestamp":1684653661731,"id":"b7ak3vqm7b4oaby","previousEventId":"kl9urm7bytr4u2d","previousOperationId":"aop765y3duncfll"}
{"type":"log","timestamp":1684653661731,"level":"debug","message":"Skipping storing report.","meta":{"rootId":"gntwenyakymf8tm","id":"31osj3stf2i28z6"},"id":"166qkcwcfp5w0mz","previousOperationId":"aop765y3duncfll"}
{"type":"log","timestamp":1684653661733,"level":"info","message":"Rendering (child) request finished in 79 ms","meta":{"rootId":"gntwenyakymf8tm","id":"31osj3stf2i28z6"},"id":"427eow6w8eiofan","previousOperationId":"aop765y3duncfll"}
{"type":"operationEnd","subtype":"render","operationId":"ukksx2ofuhvw38c","timestamp":1684653661733,"id":"gbtkmb8o621rbgq","previousEventId":"b7ak3vqm7b4oaby","previousOperationId":"aop765y3duncfll"}
{"type":"log","timestamp":1684653661735,"level":"debug","message":"Converting with chrome HeadlessChrome/105.0.5173.0 using chrome-pool strategy","meta":{"rootId":"gntwenyakymf8tm","id":"gntwenyakymf8tm"},"id":"b0tc8j9xmfa7evj","previousOperationId":"0bqz8vq9u0x93s6"}
{"type":"log","timestamp":1684653661847,"level":"debug","message":"Page request: GET (document) file:///C:/Users/Adebayo/AppData/Local/Temp/jsreport/autocleanup/f777a57c-9629-4e82-bfb0-ac01dc3e540f-chrome-pdf.html","meta":{"rootId":"gntwenyakymf8tm","id":"gntwenyakymf8tm"},"id":"jrbiv0giyiwatmy","previousOperationId":"0bqz8vq9u0x93s6"}
{"type":"log","timestamp":1684653661868,"level":"debug","message":"Page request finished: GET (document) 200 file:///C:/Users/Adebayo/AppData/Local/Temp/jsreport/autocleanup/f777a57c-9629-4e82-bfb0-ac01dc3e540f-chrome-pdf.html","meta":{"rootId":"gntwenyakymf8tm","id":"gntwenyakymf8tm"},"id":"90mpnlbsl2rq2r0","previousOperationId":"0bqz8vq9u0x93s6"}
{"type":"log","timestamp":1684653661869,"level":"debug","message":"Page request: GET (script) https://cdnjs.cloudflare.com/ajax/libs/Chart.js/2.1.6/Chart.min.js","meta":{"rootId":"gntwenyakymf8tm","id":"gntwenyakymf8tm"},"id":"roe61oxb4g9b140","previousOperationId":"0bqz8vq9u0x93s6"}
{"type":"log","timestamp":1684653661880,"level":"debug","message":"Page request finished: GET (script) 200 https://cdnjs.cloudflare.com/ajax/libs/Chart.js/2.1.6/Chart.min.js","meta":{"rootId":"gntwenyakymf8tm","id":"gntwenyakymf8tm"},"id":"n8z5qotol4wgptw","previousOperationId":"0bqz8vq9u0x93s6"}
{"type":"log","timestamp":1684653661883,"level":"warn","message":"Page error: SyntaxError: Unexpected token ','","meta":{"rootId":"gntwenyakymf8tm","id":"gntwenyakymf8tm"},"id":"fb9faausnskzc4r","previousOperationId":"0bqz8vq9u0x93s6"}
{"type":"log","timestamp":1684653661885,"level":"debug","message":"Running chrome with params {\"printBackground\":true,\"marginTop\":\"2cm\",\"marginRight\":\"1cm\",\"marginBottom\":\"2cm\",\"marginLeft\":\"1cm\",\"landscape\":false,\"format\":\"A4\",\"displayHeaderFooter\":true,\"footerTemplate\":\"...\",\"timeout\":59921,\"margin\":{\"top\":\"2cm\",\"right\":\"1cm\",\"bottom\":\"2cm\",\"left\":\"1cm\"}}","meta":{"rootId":"gntwenyakymf8tm","id":"gntwenyakymf8tm"},"id":"eeed4iut5jz39ev","previousOperationId":"0bqz8vq9u0x93s6"}
{"type":"operationEnd","operationId":"0bqz8vq9u0x93s6","timestamp":1684653661971,"id":"q8hdrb1mavfitxa","previousEventId":"5ibnjwe99t1nycm","previousOperationId":"0bqz8vq9u0x93s6"}
{"type":"log","timestamp":1684653661972,"level":"debug","message":"Skipping storing report.","meta":{"rootId":"gntwenyakymf8tm","id":"gntwenyakymf8tm"},"id":"oqvglde2s5848dd","previousOperationId":"0bqz8vq9u0x93s6"}
{"type":"log","timestamp":1684653661972,"level":"info","message":"Rendering request 120 finished in 318 ms","meta":{"rootId":"gntwenyakymf8tm","id":"gntwenyakymf8tm"},"id":"seq34p058o15ltl","previousOperationId":"0bqz8vq9u0x93s6"}
{"type":"operationEnd","subtype":"render","operationId":"stynzi72gix8e93","timestamp":1684653661972,"id":"yr0b52bf96ls4my","previousEventId":"q8hdrb1mavfitxa","previousOperationId":"0bqz8vq9u0x93s6"}
{"type":"operationEnd","doDiffs":false,"previousEventId":"lhcii26ntiq7ffv","previousOperationId":"jwirjou0o0yhmhu","operationId":"jwirjou0o0yhmhu","timestamp":1684653661984,"id":"vxtbo60xy2nzkbm"}
