{"type":"operationStart","subtype":"profile","data":{"_id":"zGFrGtvyelGD57g1","timestamp":"2023-05-21T14:05:18.875Z","state":"queued","mode":"standard","creationDate":"2023-05-21T14:05:18.877Z","modificationDate":"2023-05-21T14:05:18.877Z","shortid":"-gsA7oG","$entitySet":"profiles"},"doDiffs":false,"timestamp":1684677918876,"id":"7ajt6qs3g6l9k1h","previousOperationId":null,"operationId":"vaumsljwq7cktkk"}
{"type":"log","level":"info","message":"Render request 191 queued for execution and waiting for available worker","previousOperationId":"vaumsljwq7cktkk","timestamp":1684677918876,"id":"30djawn7ezgwmay"}
{"type":"operationStart","subtype":"render","name":"invoice-js","previousOperationId":"vaumsljwq7cktkk","timestamp":1684677918883,"id":"gsz8lp75ec93jjm","previousEventId":"7ajt6qs3g6l9k1h","operationId":"s4uzyllv6msicdg"}
{"type":"log","timestamp":1684677918883,"level":"info","message":"Starting rendering request 191","meta":{"rootId":"gogvvg044srzzkg","id":"gogvvg044srzzkg"},"id":"xrad8nu1w0csos4","previousOperationId":"s4uzyllv6msicdg"}
{"type":"log","timestamp":1684677918884,"level":"info","message":"Rendering template { name: invoice-js, recipe: chrome-pdf, engine: handlebars, preview: false }","meta":{"rootId":"gogvvg044srzzkg","id":"gogvvg044srzzkg"},"id":"ki8xnqaq2cet8sw","previousOperationId":"s4uzyllv6msicdg"}
{"type":"log","timestamp":1684677918885,"level":"debug","message":"Inline data specified.","meta":{"rootId":"gogvvg044srzzkg","id":"gogvvg044srzzkg"},"id":"wg486gp62lykpjb","previousOperationId":"s4uzyllv6msicdg"}
{"type":"log","timestamp":1684677918887,"level":"debug","message":"Base url not specified, skipping its injection.","meta":{"rootId":"gogvvg044srzzkg","id":"gogvvg044srzzkg"},"id":"mtmqhokv50xj5e4","previousOperationId":"s4uzyllv6msicdg"}
{"type":"operationStart","subtype":"engine","name":"handlebars","timestamp":1684677918887,"id":"2atyndo0gb9pikp","previousEventId":"gsz8lp75ec93jjm","operationId":"q636k3zo5i2x1ah","previousOperationId":"s4uzyllv6msicdg"}
{"type":"log","timestamp":1684677918887,"level":"debug","message":"Rendering engine handlebars","meta":{"rootId":"gogvvg044srzzkg","id":"gogvvg044srzzkg"},"id":"hjsm0rqpujduk5l","previousOperationId":"q636k3zo5i2x1ah"}
{"type":"operationEnd","operationId":"q636k3zo5i2x1ah","timestamp":1684677918901,"id":"t3snmkzt8vtn9gl","previousEventId":"2atyndo0gb9pikp","previousOperationId":"q636k3zo5i2x1ah"}
{"type":"operationStart","subtype":"recipe","name":"chrome-pdf","timestamp":1684677918901,"id":"d3uz9qpyrn61mmh","previousEventId":"t3snmkzt8vtn9gl","operationId":"iy28z37e8gjgvg1","previousOperationId":"q636k3zo5i2x1ah"}
{"type":"log","timestamp":1684677918901,"level":"debug","message":"Executing recipe chrome-pdf","meta":{"rootId":"gogvvg044srzzkg","id":"gogvvg044srzzkg"},"id":"tn57hrggnv3pl9f","previousOperationId":"iy28z37e8gjgvg1"}
{"type":"log","timestamp":1684677918902,"level":"debug","message":"Starting child request to render pdf footer","meta":{"rootId":"gogvvg044srzzkg","id":"gogvvg044srzzkg"},"id":"anw8mqhx1xsvr50","previousOperationId":"iy28z37e8gjgvg1"}
{"type":"operationStart","subtype":"render","name":"anonymous","previousOperationId":"iy28z37e8gjgvg1","timestamp":1684677918902,"id":"mjbuvx78oc7xc8y","previousEventId":"d3uz9qpyrn61mmh","operationId":"wvge2oky7iyinc0"}
{"type":"log","timestamp":1684677918902,"level":"info","message":"Starting rendering (child) request","meta":{"rootId":"gogvvg044srzzkg","id":"jmh2z2tqv8ms54m"},"id":"94usfhnoch7zulw","previousOperationId":"wvge2oky7iyinc0"}
{"type":"log","timestamp":1684677918902,"level":"info","message":"Rendering anonymous template { recipe: html, engine: handlebars }","meta":{"rootId":"gogvvg044srzzkg","id":"jmh2z2tqv8ms54m"},"id":"mktg1rmkgll1uwu","previousOperationId":"wvge2oky7iyinc0"}
{"type":"log","timestamp":1684677918902,"level":"debug","message":"Inline data specified.","meta":{"rootId":"gogvvg044srzzkg","id":"jmh2z2tqv8ms54m"},"id":"42a82wto3pk4wpo","previousOperationId":"wvge2oky7iyinc0"}
{"type":"log","timestamp":1684677918903,"level":"debug","message":"Base url not specified, skipping its injection.","meta":{"rootId":"gogvvg044srzzkg","id":"jmh2z2tqv8ms54m"},"id":"u2653zvcn4qu1tj","previousOperationId":"wvge2oky7iyinc0"}
{"type":"operationStart","subtype":"engine","name":"handlebars","timestamp":1684677918903,"id":"5yjd144axu6ocsy","previousEventId":"mjbuvx78oc7xc8y","operationId":"2hz7a0ikx64rbc8","previousOperationId":"wvge2oky7iyinc0"}
{"type":"log","timestamp":1684677918903,"level":"debug","message":"Rendering engine handlebars","meta":{"rootId":"gogvvg044srzzkg","id":"jmh2z2tqv8ms54m"},"id":"wiqjwchkybchs8m","previousOperationId":"2hz7a0ikx64rbc8"}
{"type":"operationEnd","operationId":"2hz7a0ikx64rbc8","timestamp":1684677918915,"id":"gq053te7e653kyv","previousEventId":"5yjd144axu6ocsy","previousOperationId":"2hz7a0ikx64rbc8"}
{"type":"operationStart","subtype":"recipe","name":"html","timestamp":1684677918915,"id":"f17x4x1q107ee7f","previousEventId":"gq053te7e653kyv","operationId":"b9obx4f7f5l30y6","previousOperationId":"2hz7a0ikx64rbc8"}
{"type":"log","timestamp":1684677918915,"level":"debug","message":"Executing recipe html","meta":{"rootId":"gogvvg044srzzkg","id":"jmh2z2tqv8ms54m"},"id":"y6irng8lwvk82ns","previousOperationId":"b9obx4f7f5l30y6"}
{"type":"operationEnd","operationId":"b9obx4f7f5l30y6","timestamp":1684677918915,"id":"fdth21sq3hrn5st","previousEventId":"f17x4x1q107ee7f","previousOperationId":"b9obx4f7f5l30y6"}
{"type":"log","timestamp":1684677918915,"level":"debug","message":"Skipping storing report.","meta":{"rootId":"gogvvg044srzzkg","id":"jmh2z2tqv8ms54m"},"id":"cilyai57pwqwmei","previousOperationId":"b9obx4f7f5l30y6"}
{"type":"log","timestamp":1684677918915,"level":"info","message":"Rendering (child) request finished in 40 ms","meta":{"rootId":"gogvvg044srzzkg","id":"jmh2z2tqv8ms54m"},"id":"gzo2njiarbbf59c","previousOperationId":"b9obx4f7f5l30y6"}
{"type":"operationEnd","subtype":"render","operationId":"wvge2oky7iyinc0","timestamp":1684677918915,"id":"hei2t2lat5lfjfn","previousEventId":"fdth21sq3hrn5st","previousOperationId":"b9obx4f7f5l30y6"}
{"type":"log","timestamp":1684677918916,"level":"debug","message":"Converting with chrome HeadlessChrome/105.0.5173.0 using chrome-pool strategy","meta":{"rootId":"gogvvg044srzzkg","id":"gogvvg044srzzkg"},"id":"48so0zkrnw8arnk","previousOperationId":"iy28z37e8gjgvg1"}
{"type":"log","timestamp":1684677918986,"level":"debug","message":"Page request: GET (document) file:///C:/Users/Adebayo/AppData/Local/Temp/jsreport/autocleanup/8657705e-6815-4e21-b407-daa67340d0e9-chrome-pdf.html","meta":{"rootId":"gogvvg044srzzkg","id":"gogvvg044srzzkg"},"id":"zipyq0lh6fnakhp","previousOperationId":"iy28z37e8gjgvg1"}
{"type":"log","timestamp":1684677918996,"level":"debug","message":"Page request finished: GET (document) 200 file:///C:/Users/Adebayo/AppData/Local/Temp/jsreport/autocleanup/8657705e-6815-4e21-b407-daa67340d0e9-chrome-pdf.html","meta":{"rootId":"gogvvg044srzzkg","id":"gogvvg044srzzkg"},"id":"kvvtjn859yff32i","previousOperationId":"iy28z37e8gjgvg1"}
{"type":"log","timestamp":1684677918996,"level":"debug","message":"Page request: GET (script) https://cdnjs.cloudflare.com/ajax/libs/Chart.js/2.1.6/Chart.min.js","meta":{"rootId":"gogvvg044srzzkg","id":"gogvvg044srzzkg"},"id":"tp8jpiwdw3fmlu8","previousOperationId":"iy28z37e8gjgvg1"}
{"type":"log","timestamp":1684677919001,"level":"debug","message":"Page request finished: GET (script) 200 https://cdnjs.cloudflare.com/ajax/libs/Chart.js/2.1.6/Chart.min.js","meta":{"rootId":"gogvvg044srzzkg","id":"gogvvg044srzzkg"},"id":"zgwuygc6zl3h7tp","previousOperationId":"iy28z37e8gjgvg1"}
{"type":"log","timestamp":1684677919033,"level":"debug","message":"Running chrome with params {\"printBackground\":true,\"marginTop\":\"2cm\",\"marginRight\":\"1cm\",\"marginBottom\":\"2cm\",\"marginLeft\":\"1cm\",\"landscape\":false,\"format\":\"A4\",\"displayHeaderFooter\":true,\"footerTemplate\":\"...\",\"timeout\":59960,\"margin\":{\"top\":\"2cm\",\"right\":\"1cm\",\"bottom\":\"2cm\",\"left\":\"1cm\"}}","meta":{"rootId":"gogvvg044srzzkg","id":"gogvvg044srzzkg"},"id":"3itdesmjybqvdeb","previousOperationId":"iy28z37e8gjgvg1"}
{"type":"operationEnd","operationId":"iy28z37e8gjgvg1","timestamp":1684677919074,"id":"hae5c7ahxxa5v48","previousEventId":"d3uz9qpyrn61mmh","previousOperationId":"iy28z37e8gjgvg1"}
{"type":"log","timestamp":1684677919074,"level":"debug","message":"Skipping storing report.","meta":{"rootId":"gogvvg044srzzkg","id":"gogvvg044srzzkg"},"id":"3bof33cw5vse1if","previousOperationId":"iy28z37e8gjgvg1"}
{"type":"log","timestamp":1684677919074,"level":"info","message":"Rendering request 191 finished in 199 ms","meta":{"rootId":"gogvvg044srzzkg","id":"gogvvg044srzzkg"},"id":"ojh2ogb21iw781z","previousOperationId":"iy28z37e8gjgvg1"}
{"type":"operationEnd","subtype":"render","operationId":"s4uzyllv6msicdg","timestamp":1684677919074,"id":"uezigxf41gm4lne","previousEventId":"hae5c7ahxxa5v48","previousOperationId":"iy28z37e8gjgvg1"}
{"type":"operationEnd","doDiffs":false,"previousEventId":"7ajt6qs3g6l9k1h","previousOperationId":"vaumsljwq7cktkk","operationId":"vaumsljwq7cktkk","timestamp":1684677919080,"id":"bwlgssje02kj3k3"}
