{"type":"operationStart","subtype":"profile","data":{"_id":"zYEDGrAIbxoSrLHt","timestamp":"2023-05-21T06:05:48.950Z","state":"queued","mode":"standard","creationDate":"2023-05-21T06:05:48.952Z","modificationDate":"2023-05-21T06:05:48.952Z","shortid":"xlj5Nw1","$entitySet":"profiles"},"doDiffs":false,"timestamp":1684649148951,"id":"3mz1sxxdvdcffrw","previousOperationId":null,"operationId":"zeneqruj10q522s"}
{"type":"log","level":"info","message":"Render request 60 queued for execution and waiting for available worker","previousOperationId":"zeneqruj10q522s","timestamp":1684649148951,"id":"7tl7d7t69sfh2cp"}
{"type":"operationStart","subtype":"render","name":"invoice-js","previousOperationId":"zeneqruj10q522s","timestamp":1684649148964,"id":"r8aw32dh584xoqf","previousEventId":"3mz1sxxdvdcffrw","operationId":"s3eivoggyg9gd9c"}
{"type":"log","timestamp":1684649148964,"level":"info","message":"Starting rendering request 60","meta":{"rootId":"grqthkjjieqce2q","id":"grqthkjjieqce2q"},"id":"vstbf6n60bjdc5i","previousOperationId":"s3eivoggyg9gd9c"}
{"type":"log","timestamp":1684649148964,"level":"info","message":"Rendering template { name: invoice-js, recipe: chrome-pdf, engine: handlebars, preview: true }","meta":{"rootId":"grqthkjjieqce2q","id":"grqthkjjieqce2q"},"id":"asdhpmryhk2ejo5","previousOperationId":"s3eivoggyg9gd9c"}
{"type":"log","timestamp":1684649148965,"level":"debug","message":"Inline data specified.","meta":{"rootId":"grqthkjjieqce2q","id":"grqthkjjieqce2q"},"id":"glfl7im9q0q71b6","previousOperationId":"s3eivoggyg9gd9c"}
{"type":"log","timestamp":1684649148968,"level":"debug","message":"Base url not specified, skipping its injection.","meta":{"rootId":"grqthkjjieqce2q","id":"grqthkjjieqce2q"},"id":"i6hoy5wqegofn5e","previousOperationId":"s3eivoggyg9gd9c"}
{"type":"operationStart","subtype":"engine","name":"handlebars","timestamp":1684649148968,"id":"h1y1bhk8jjg4vq8","previousEventId":"r8aw32dh584xoqf","operationId":"9vodn6gto32b20m","previousOperationId":"s3eivoggyg9gd9c"}
{"type":"log","timestamp":1684649148968,"level":"debug","message":"Rendering engine handlebars","meta":{"rootId":"grqthkjjieqce2q","id":"grqthkjjieqce2q"},"id":"tpv8yo3romq2tst","previousOperationId":"9vodn6gto32b20m"}
{"type":"operationEnd","operationId":"9vodn6gto32b20m","timestamp":1684649148978,"id":"zbe2rvch6ztfacv","previousEventId":"h1y1bhk8jjg4vq8","previousOperationId":"9vodn6gto32b20m"}
{"type":"operationStart","subtype":"recipe","name":"chrome-pdf","timestamp":1684649148978,"id":"7ghkuhi697p4bsz","previousEventId":"zbe2rvch6ztfacv","operationId":"olpo7drd0499v8e","previousOperationId":"9vodn6gto32b20m"}
{"type":"log","timestamp":1684649148978,"level":"debug","message":"Executing recipe chrome-pdf","meta":{"rootId":"grqthkjjieqce2q","id":"grqthkjjieqce2q"},"id":"5fgfewvja914p36","previousOperationId":"olpo7drd0499v8e"}
{"type":"log","timestamp":1684649148979,"level":"debug","message":"Starting child request to render pdf footer","meta":{"rootId":"grqthkjjieqce2q","id":"grqthkjjieqce2q"},"id":"anroq12mcw21nvv","previousOperationId":"olpo7drd0499v8e"}
{"type":"operationStart","subtype":"render","name":"anonymous","previousOperationId":"olpo7drd0499v8e","timestamp":1684649148979,"id":"a1kqfmpoysbz8ku","previousEventId":"7ghkuhi697p4bsz","operationId":"titlfeogewdawfv"}
{"type":"log","timestamp":1684649148979,"level":"info","message":"Starting rendering (child) request","meta":{"rootId":"grqthkjjieqce2q","id":"lhzw73fehmvqtcd"},"id":"i7ync5d29wqrbvd","previousOperationId":"titlfeogewdawfv"}
{"type":"log","timestamp":1684649148980,"level":"info","message":"Rendering anonymous template { recipe: html, engine: handlebars }","meta":{"rootId":"grqthkjjieqce2q","id":"lhzw73fehmvqtcd"},"id":"mnvgjoanpw55lmu","previousOperationId":"titlfeogewdawfv"}
{"type":"log","timestamp":1684649148980,"level":"debug","message":"Inline data specified.","meta":{"rootId":"grqthkjjieqce2q","id":"lhzw73fehmvqtcd"},"id":"3tdx2bhd02mc81q","previousOperationId":"titlfeogewdawfv"}
{"type":"log","timestamp":1684649148983,"level":"debug","message":"Base url not specified, skipping its injection.","meta":{"rootId":"grqthkjjieqce2q","id":"lhzw73fehmvqtcd"},"id":"ea8ka07ldd8gzys","previousOperationId":"titlfeogewdawfv"}
{"type":"operationStart","subtype":"engine","name":"handlebars","timestamp":1684649148983,"id":"k6gtpk0ra2kt62i","previousEventId":"a1kqfmpoysbz8ku","operationId":"uxghqen6pd8qwa1","previousOperationId":"titlfeogewdawfv"}
{"type":"log","timestamp":1684649148983,"level":"debug","message":"Rendering engine handlebars","meta":{"rootId":"grqthkjjieqce2q","id":"lhzw73fehmvqtcd"},"id":"fcve9yqnwa1e65q","previousOperationId":"uxghqen6pd8qwa1"}
{"type":"operationEnd","operationId":"uxghqen6pd8qwa1","timestamp":1684649148994,"id":"8fyq01323mj9hfx","previousEventId":"k6gtpk0ra2kt62i","previousOperationId":"uxghqen6pd8qwa1"}
{"type":"operationStart","subtype":"recipe","name":"html","timestamp":1684649148995,"id":"dxdbwxry6kzm469","previousEventId":"8fyq01323mj9hfx","operationId":"qaygkxdu85u76wv","previousOperationId":"uxghqen6pd8qwa1"}
{"type":"log","timestamp":1684649148995,"level":"debug","message":"Executing recipe html","meta":{"rootId":"grqthkjjieqce2q","id":"lhzw73fehmvqtcd"},"id":"w9p7hwf2oge7b15","previousOperationId":"qaygkxdu85u76wv"}
{"type":"operationEnd","operationId":"qaygkxdu85u76wv","timestamp":1684649148995,"id":"eivwd9lmtr7das3","previousEventId":"dxdbwxry6kzm469","previousOperationId":"qaygkxdu85u76wv"}
{"type":"log","timestamp":1684649148995,"level":"debug","message":"Skipping storing report.","meta":{"rootId":"grqthkjjieqce2q","id":"lhzw73fehmvqtcd"},"id":"e9bguvgz40tx1sd","previousOperationId":"qaygkxdu85u76wv"}
{"type":"log","timestamp":1684649148995,"level":"info","message":"Rendering (child) request finished in 45 ms","meta":{"rootId":"grqthkjjieqce2q","id":"lhzw73fehmvqtcd"},"id":"8cuud3ytiix50w3","previousOperationId":"qaygkxdu85u76wv"}
{"type":"operationEnd","subtype":"render","operationId":"titlfeogewdawfv","timestamp":1684649148995,"id":"9r3no6dmycrmxwd","previousEventId":"eivwd9lmtr7das3","previousOperationId":"qaygkxdu85u76wv"}
{"type":"log","timestamp":1684649148996,"level":"debug","message":"Converting with chrome HeadlessChrome/105.0.5173.0 using chrome-pool strategy","meta":{"rootId":"grqthkjjieqce2q","id":"grqthkjjieqce2q"},"id":"gila4orgbo5r6k9","previousOperationId":"olpo7drd0499v8e"}
{"type":"log","timestamp":1684649149106,"level":"debug","message":"Page request: GET (document) file:///C:/Users/Adebayo/AppData/Local/Temp/jsreport/autocleanup/378f2079-ef05-4986-92e5-3a324ce1587f-chrome-pdf.html","meta":{"rootId":"grqthkjjieqce2q","id":"grqthkjjieqce2q"},"id":"2y0qghb9jflcdio","previousOperationId":"olpo7drd0499v8e"}
{"type":"log","timestamp":1684649149119,"level":"debug","message":"Page request finished: GET (document) 200 file:///C:/Users/Adebayo/AppData/Local/Temp/jsreport/autocleanup/378f2079-ef05-4986-92e5-3a324ce1587f-chrome-pdf.html","meta":{"rootId":"grqthkjjieqce2q","id":"grqthkjjieqce2q"},"id":"b2yvhk62b67i89t","previousOperationId":"olpo7drd0499v8e"}
{"type":"log","timestamp":1684649149120,"level":"debug","message":"Page request: GET (script) https://cdn.jsdelivr.net/npm/chart.js","meta":{"rootId":"grqthkjjieqce2q","id":"grqthkjjieqce2q"},"id":"6fzja9923kfddzb","previousOperationId":"olpo7drd0499v8e"}
{"type":"log","timestamp":1684649149125,"level":"debug","message":"Page request finished: GET (script) 200 https://cdn.jsdelivr.net/npm/chart.js","meta":{"rootId":"grqthkjjieqce2q","id":"grqthkjjieqce2q"},"id":"pl4gc55h54z0260","previousOperationId":"olpo7drd0499v8e"}
{"type":"log","timestamp":1684649149214,"level":"debug","message":"Running chrome with params {\"printBackground\":true,\"marginTop\":\"2cm\",\"marginRight\":\"1cm\",\"marginBottom\":\"2cm\",\"marginLeft\":\"1cm\",\"footerTemplate\":\"...\",\"landscape\":false,\"format\":\"A4\",\"displayHeaderFooter\":true,\"timeout\":59955,\"margin\":{\"top\":\"2cm\",\"right\":\"1cm\",\"bottom\":\"2cm\",\"left\":\"1cm\"}}","meta":{"rootId":"grqthkjjieqce2q","id":"grqthkjjieqce2q"},"id":"wru4iyykh7uuce8","previousOperationId":"olpo7drd0499v8e"}
{"type":"operationEnd","operationId":"olpo7drd0499v8e","timestamp":1684649149273,"id":"3q8oi5ok94vsccq","previousEventId":"7ghkuhi697p4bsz","previousOperationId":"olpo7drd0499v8e"}
{"type":"log","timestamp":1684649149273,"level":"debug","message":"Skipping storing report.","meta":{"rootId":"grqthkjjieqce2q","id":"grqthkjjieqce2q"},"id":"b5l7hhlhomkh9g3","previousOperationId":"olpo7drd0499v8e"}
{"type":"log","timestamp":1684649149273,"level":"info","message":"Rendering request 60 finished in 323 ms","meta":{"rootId":"grqthkjjieqce2q","id":"grqthkjjieqce2q"},"id":"5cfngivul7xof54","previousOperationId":"olpo7drd0499v8e"}
{"type":"operationEnd","subtype":"render","operationId":"s3eivoggyg9gd9c","timestamp":1684649149273,"id":"vatrw87013ty5jc","previousEventId":"3q8oi5ok94vsccq","previousOperationId":"olpo7drd0499v8e"}
{"type":"operationEnd","doDiffs":false,"previousEventId":"3mz1sxxdvdcffrw","previousOperationId":"zeneqruj10q522s","operationId":"zeneqruj10q522s","timestamp":1684649149280,"id":"z73rw3stxcbidw8"}
