{"type":"operationStart","subtype":"profile","data":{"_id":"LGcC55P6in4zKWD7","timestamp":"2023-05-21T08:09:17.676Z","state":"queued","mode":"standard","creationDate":"2023-05-21T08:09:17.680Z","modificationDate":"2023-05-21T08:09:17.680Z","shortid":"pVQcizp","$entitySet":"profiles"},"doDiffs":false,"timestamp":1684656557678,"id":"xrrcnf5k5n7eofg","previousOperationId":null,"operationId":"2jf0qhnfda5g27u"}
{"type":"log","level":"info","message":"Render request 146 queued for execution and waiting for available worker","previousOperationId":"2jf0qhnfda5g27u","timestamp":1684656557678,"id":"qo8rmlmnd462p0o"}
{"type":"operationStart","subtype":"render","name":"invoice-js","previousOperationId":"2jf0qhnfda5g27u","timestamp":1684656557697,"id":"bhxbcqpdnvflqyz","previousEventId":"xrrcnf5k5n7eofg","operationId":"94r5umirlhggx79"}
{"type":"log","timestamp":1684656557698,"level":"info","message":"Starting rendering request 146","meta":{"rootId":"h5n7uft2711as88","id":"h5n7uft2711as88"},"id":"lqkkfy5m146unjy","previousOperationId":"94r5umirlhggx79"}
{"type":"log","timestamp":1684656557698,"level":"info","message":"Rendering template { name: invoice-js, recipe: chrome-pdf, engine: handlebars, preview: false }","meta":{"rootId":"h5n7uft2711as88","id":"h5n7uft2711as88"},"id":"yk1ny0xowonud25","previousOperationId":"94r5umirlhggx79"}
{"type":"log","timestamp":1684656557700,"level":"debug","message":"Inline data specified.","meta":{"rootId":"h5n7uft2711as88","id":"h5n7uft2711as88"},"id":"4y4r7im7mt0shs6","previousOperationId":"94r5umirlhggx79"}
{"type":"log","timestamp":1684656557705,"level":"debug","message":"Base url not specified, skipping its injection.","meta":{"rootId":"h5n7uft2711as88","id":"h5n7uft2711as88"},"id":"bx1aqmxkomomzfv","previousOperationId":"94r5umirlhggx79"}
{"type":"operationStart","subtype":"engine","name":"handlebars","timestamp":1684656557708,"id":"ljypeks815vw2a9","previousEventId":"bhxbcqpdnvflqyz","operationId":"ztdz1xd1v8vcchq","previousOperationId":"94r5umirlhggx79"}
{"type":"log","timestamp":1684656557708,"level":"debug","message":"Rendering engine handlebars","meta":{"rootId":"h5n7uft2711as88","id":"h5n7uft2711as88"},"id":"jsxnxsrupj7to6m","previousOperationId":"ztdz1xd1v8vcchq"}
{"type":"operationEnd","operationId":"ztdz1xd1v8vcchq","timestamp":1684656557736,"id":"m8yo1otrz2njlu7","previousEventId":"ljypeks815vw2a9","previousOperationId":"ztdz1xd1v8vcchq"}
{"type":"operationStart","subtype":"recipe","name":"chrome-pdf","timestamp":1684656557737,"id":"5p14whh1fl18zkc","previousEventId":"m8yo1otrz2njlu7","operationId":"zu9r2kebbux9b33","previousOperationId":"ztdz1xd1v8vcchq"}
{"type":"log","timestamp":1684656557737,"level":"debug","message":"Executing recipe chrome-pdf","meta":{"rootId":"h5n7uft2711as88","id":"h5n7uft2711as88"},"id":"2nxfkg5pk0k8isc","previousOperationId":"zu9r2kebbux9b33"}
{"type":"log","timestamp":1684656557742,"level":"debug","message":"Starting child request to render pdf footer","meta":{"rootId":"h5n7uft2711as88","id":"h5n7uft2711as88"},"id":"4eezq436bq0t6cu","previousOperationId":"zu9r2kebbux9b33"}
{"type":"operationStart","subtype":"render","name":"anonymous","previousOperationId":"zu9r2kebbux9b33","timestamp":1684656557743,"id":"cv1ruqv7ujh8wvo","previousEventId":"5p14whh1fl18zkc","operationId":"g8h1ncapy6b3la7"}
{"type":"log","timestamp":1684656557743,"level":"info","message":"Starting rendering (child) request","meta":{"rootId":"h5n7uft2711as88","id":"ueaczfskyau0g2b"},"id":"l6j58h02vsoi1ac","previousOperationId":"g8h1ncapy6b3la7"}
{"type":"log","timestamp":1684656557743,"level":"info","message":"Rendering anonymous template { recipe: html, engine: handlebars }","meta":{"rootId":"h5n7uft2711as88","id":"ueaczfskyau0g2b"},"id":"a6e9sue32d3u0gu","previousOperationId":"g8h1ncapy6b3la7"}
{"type":"log","timestamp":1684656557743,"level":"debug","message":"Inline data specified.","meta":{"rootId":"h5n7uft2711as88","id":"ueaczfskyau0g2b"},"id":"vr3amkh0rpmod7z","previousOperationId":"g8h1ncapy6b3la7"}
{"type":"log","timestamp":1684656557752,"level":"debug","message":"Base url not specified, skipping its injection.","meta":{"rootId":"h5n7uft2711as88","id":"ueaczfskyau0g2b"},"id":"r838umnr7aoskjt","previousOperationId":"g8h1ncapy6b3la7"}
{"type":"operationStart","subtype":"engine","name":"handlebars","timestamp":1684656557753,"id":"kye5zetjjh98n4m","previousEventId":"cv1ruqv7ujh8wvo","operationId":"ehhzmtl44vxogmn","previousOperationId":"g8h1ncapy6b3la7"}
{"type":"log","timestamp":1684656557753,"level":"debug","message":"Rendering engine handlebars","meta":{"rootId":"h5n7uft2711as88","id":"ueaczfskyau0g2b"},"id":"xg63qngfptmkls4","previousOperationId":"ehhzmtl44vxogmn"}
{"type":"operationEnd","operationId":"ehhzmtl44vxogmn","timestamp":1684656557767,"id":"tv8izb9j0tcngsh","previousEventId":"kye5zetjjh98n4m","previousOperationId":"ehhzmtl44vxogmn"}
{"type":"operationStart","subtype":"recipe","name":"html","timestamp":1684656557768,"id":"paapwisnyluhajq","previousEventId":"tv8izb9j0tcngsh","operationId":"aeamh5r2byrw6rm","previousOperationId":"ehhzmtl44vxogmn"}
{"type":"log","timestamp":1684656557768,"level":"debug","message":"Executing recipe html","meta":{"rootId":"h5n7uft2711as88","id":"ueaczfskyau0g2b"},"id":"riuphhp2di3tmlh","previousOperationId":"aeamh5r2byrw6rm"}
{"type":"operationEnd","operationId":"aeamh5r2byrw6rm","timestamp":1684656557768,"id":"8x5phy663ow0bhz","previousEventId":"paapwisnyluhajq","previousOperationId":"aeamh5r2byrw6rm"}
{"type":"log","timestamp":1684656557768,"level":"debug","message":"Skipping storing report.","meta":{"rootId":"h5n7uft2711as88","id":"ueaczfskyau0g2b"},"id":"g9jdfdjhigct6bw","previousOperationId":"aeamh5r2byrw6rm"}
{"type":"log","timestamp":1684656557768,"level":"info","message":"Rendering (child) request finished in 92 ms","meta":{"rootId":"h5n7uft2711as88","id":"ueaczfskyau0g2b"},"id":"e5d9awqw6x74yy5","previousOperationId":"aeamh5r2byrw6rm"}
{"type":"operationEnd","subtype":"render","operationId":"g8h1ncapy6b3la7","timestamp":1684656557768,"id":"2ydqjfro9ddbo5o","previousEventId":"8x5phy663ow0bhz","previousOperationId":"aeamh5r2byrw6rm"}
{"type":"log","timestamp":1684656557985,"level":"debug","message":"Converting with chrome HeadlessChrome/105.0.5173.0 using chrome-pool strategy","meta":{"rootId":"h5n7uft2711as88","id":"h5n7uft2711as88"},"id":"49ya3ku7s224izd","previousOperationId":"zu9r2kebbux9b33"}
{"type":"log","timestamp":1684656558150,"level":"debug","message":"Page request: GET (document) file:///C:/Users/Adebayo/AppData/Local/Temp/jsreport/autocleanup/21b27e0d-f85b-4b44-b05c-a6506f122d44-chrome-pdf.html","meta":{"rootId":"h5n7uft2711as88","id":"h5n7uft2711as88"},"id":"auocns8auh806vo","previousOperationId":"zu9r2kebbux9b33"}
{"type":"log","timestamp":1684656558169,"level":"debug","message":"Page request finished: GET (document) 200 file:///C:/Users/Adebayo/AppData/Local/Temp/jsreport/autocleanup/21b27e0d-f85b-4b44-b05c-a6506f122d44-chrome-pdf.html","meta":{"rootId":"h5n7uft2711as88","id":"h5n7uft2711as88"},"id":"d2iyujhlv74sznx","previousOperationId":"zu9r2kebbux9b33"}
{"type":"log","timestamp":1684656558169,"level":"debug","message":"Page request: GET (script) https://cdnjs.cloudflare.com/ajax/libs/Chart.js/2.1.6/Chart.min.js","meta":{"rootId":"h5n7uft2711as88","id":"h5n7uft2711as88"},"id":"agmy4jinrjxb949","previousOperationId":"zu9r2kebbux9b33"}
{"type":"log","timestamp":1684656562824,"level":"debug","message":"Page request finished: GET (script) 200 https://cdnjs.cloudflare.com/ajax/libs/Chart.js/2.1.6/Chart.min.js","meta":{"rootId":"h5n7uft2711as88","id":"h5n7uft2711as88"},"id":"n84j0s4rgi2yrvw","previousOperationId":"zu9r2kebbux9b33"}
{"type":"log","timestamp":1684656562836,"level":"warn","message":"Page error: SyntaxError: Unexpected token ','","meta":{"rootId":"h5n7uft2711as88","id":"h5n7uft2711as88"},"id":"c52jkyoef2ypzee","previousOperationId":"zu9r2kebbux9b33"}
{"type":"log","timestamp":1684656562840,"level":"debug","message":"Running chrome with params {\"printBackground\":true,\"marginTop\":\"2cm\",\"marginRight\":\"1cm\",\"marginBottom\":\"2cm\",\"marginLeft\":\"1cm\",\"landscape\":false,\"format\":\"A4\",\"displayHeaderFooter\":true,\"footerTemplate\":\"...\",\"timeout\":59908,\"margin\":{\"top\":\"2cm\",\"right\":\"1cm\",\"bottom\":\"2cm\",\"left\":\"1cm\"}}","meta":{"rootId":"h5n7uft2711as88","id":"h5n7uft2711as88"},"id":"3x04ijoyp2embcv","previousOperationId":"zu9r2kebbux9b33"}
{"type":"operationEnd","operationId":"zu9r2kebbux9b33","timestamp":1684656562911,"id":"xr137npzc6qvkio","previousEventId":"5p14whh1fl18zkc","previousOperationId":"zu9r2kebbux9b33"}
{"type":"log","timestamp":1684656562911,"level":"debug","message":"Skipping storing report.","meta":{"rootId":"h5n7uft2711as88","id":"h5n7uft2711as88"},"id":"ep47o31c5nuhx3z","previousOperationId":"zu9r2kebbux9b33"}
{"type":"log","timestamp":1684656562911,"level":"info","message":"Rendering request 146 finished in 5235 ms","meta":{"rootId":"h5n7uft2711as88","id":"h5n7uft2711as88"},"id":"zbp4cdo6g80yiaa","previousOperationId":"zu9r2kebbux9b33"}
{"type":"operationEnd","subtype":"render","operationId":"94r5umirlhggx79","timestamp":1684656562911,"id":"yz82wcrmp07bfpp","previousEventId":"xr137npzc6qvkio","previousOperationId":"zu9r2kebbux9b33"}
{"type":"operationEnd","doDiffs":false,"previousEventId":"xrrcnf5k5n7eofg","previousOperationId":"2jf0qhnfda5g27u","operationId":"2jf0qhnfda5g27u","timestamp":1684656562916,"id":"wy3lby86kms3ghd"}
