{"type":"operationStart","subtype":"profile","data":{"_id":"V0QlM4mHnBJKVEjS","timestamp":"2023-05-21T11:36:13.189Z","state":"queued","mode":"standard","creationDate":"2023-05-21T11:36:13.193Z","modificationDate":"2023-05-21T11:36:13.193Z","shortid":"UmVQ1lz","$entitySet":"profiles"},"doDiffs":false,"timestamp":1684668973191,"id":"gza7j0baiqzgq8l","previousOperationId":null,"operationId":"u1gkksx4d529372"}
{"type":"log","level":"info","message":"Render request 174 queued for execution and waiting for available worker","previousOperationId":"u1gkksx4d529372","timestamp":1684668973191,"id":"c4frvipaj38xnkj"}
{"type":"operationStart","subtype":"render","name":"invoice-js","previousOperationId":"u1gkksx4d529372","timestamp":1684668973218,"id":"tw3wdmiaob6dops","previousEventId":"gza7j0baiqzgq8l","operationId":"6fx0ae6k9suyunv"}
{"type":"log","timestamp":1684668973219,"level":"info","message":"Starting rendering request 174","meta":{"rootId":"h89t8ozi1c4gp95","id":"h89t8ozi1c4gp95"},"id":"wftnuso4wgoj01a","previousOperationId":"6fx0ae6k9suyunv"}
{"type":"log","timestamp":1684668973221,"level":"info","message":"Rendering template { name: invoice-js, recipe: chrome-pdf, engine: handlebars, preview: true }","meta":{"rootId":"h89t8ozi1c4gp95","id":"h89t8ozi1c4gp95"},"id":"77ruuwhyb9981w6","previousOperationId":"6fx0ae6k9suyunv"}
{"type":"log","timestamp":1684668973229,"level":"debug","message":"Inline data specified.","meta":{"rootId":"h89t8ozi1c4gp95","id":"h89t8ozi1c4gp95"},"id":"eqceki4m99r75i1","previousOperationId":"6fx0ae6k9suyunv"}
{"type":"log","timestamp":1684668973238,"level":"debug","message":"Base url not specified, skipping its injection.","meta":{"rootId":"h89t8ozi1c4gp95","id":"h89t8ozi1c4gp95"},"id":"0kmczjfj9b1peg1","previousOperationId":"6fx0ae6k9suyunv"}
{"type":"operationStart","subtype":"engine","name":"handlebars","timestamp":1684668973239,"id":"51hjdilxag7jrew","previousEventId":"tw3wdmiaob6dops","operationId":"gq29hf379zc39yt","previousOperationId":"6fx0ae6k9suyunv"}
{"type":"log","timestamp":1684668973239,"level":"debug","message":"Rendering engine handlebars","meta":{"rootId":"h89t8ozi1c4gp95","id":"h89t8ozi1c4gp95"},"id":"arx9bkb1ia1jfz5","previousOperationId":"gq29hf379zc39yt"}
{"type":"operationEnd","operationId":"gq29hf379zc39yt","timestamp":1684668973363,"id":"map1wop7cy9srnu","previousEventId":"51hjdilxag7jrew","previousOperationId":"gq29hf379zc39yt"}
{"type":"operationStart","subtype":"recipe","name":"chrome-pdf","timestamp":1684668973363,"id":"u9v17u8y6rx530i","previousEventId":"map1wop7cy9srnu","operationId":"tqlhf3o1di300zh","previousOperationId":"gq29hf379zc39yt"}
{"type":"log","timestamp":1684668973363,"level":"debug","message":"Executing recipe chrome-pdf","meta":{"rootId":"h89t8ozi1c4gp95","id":"h89t8ozi1c4gp95"},"id":"suurkgwdfnc89qy","previousOperationId":"tqlhf3o1di300zh"}
{"type":"log","timestamp":1684668973367,"level":"debug","message":"Starting child request to render pdf footer","meta":{"rootId":"h89t8ozi1c4gp95","id":"h89t8ozi1c4gp95"},"id":"a1x4mp9j0vhnbw3","previousOperationId":"tqlhf3o1di300zh"}
{"type":"operationStart","subtype":"render","name":"anonymous","previousOperationId":"tqlhf3o1di300zh","timestamp":1684668973368,"id":"am4ezyw3511kqtz","previousEventId":"u9v17u8y6rx530i","operationId":"dypm2ddo0sw1u8i"}
{"type":"log","timestamp":1684668973368,"level":"info","message":"Starting rendering (child) request","meta":{"rootId":"h89t8ozi1c4gp95","id":"v0c8qmql1djhfef"},"id":"ghx68vn1hwzzb6y","previousOperationId":"dypm2ddo0sw1u8i"}
{"type":"log","timestamp":1684668973368,"level":"info","message":"Rendering anonymous template { recipe: html, engine: handlebars }","meta":{"rootId":"h89t8ozi1c4gp95","id":"v0c8qmql1djhfef"},"id":"14jz5n7akwgmacj","previousOperationId":"dypm2ddo0sw1u8i"}
{"type":"log","timestamp":1684668973368,"level":"debug","message":"Inline data specified.","meta":{"rootId":"h89t8ozi1c4gp95","id":"v0c8qmql1djhfef"},"id":"xtqv31snkh5u8se","previousOperationId":"dypm2ddo0sw1u8i"}
{"type":"log","timestamp":1684668973372,"level":"debug","message":"Base url not specified, skipping its injection.","meta":{"rootId":"h89t8ozi1c4gp95","id":"v0c8qmql1djhfef"},"id":"rf2xqchdw10qwtm","previousOperationId":"dypm2ddo0sw1u8i"}
{"type":"operationStart","subtype":"engine","name":"handlebars","timestamp":1684668973372,"id":"3ytr0cywuth7nbj","previousEventId":"am4ezyw3511kqtz","operationId":"cobpmdyp4a5gpx8","previousOperationId":"dypm2ddo0sw1u8i"}
{"type":"log","timestamp":1684668973372,"level":"debug","message":"Rendering engine handlebars","meta":{"rootId":"h89t8ozi1c4gp95","id":"v0c8qmql1djhfef"},"id":"f3ftfk2i5x4ribf","previousOperationId":"cobpmdyp4a5gpx8"}
{"type":"operationEnd","operationId":"cobpmdyp4a5gpx8","timestamp":1684668973432,"id":"471utlr4lwzq9jd","previousEventId":"3ytr0cywuth7nbj","previousOperationId":"cobpmdyp4a5gpx8"}
{"type":"operationStart","subtype":"recipe","name":"html","timestamp":1684668973432,"id":"hyzaniol1t2zhiz","previousEventId":"471utlr4lwzq9jd","operationId":"3zflp54pqavekla","previousOperationId":"cobpmdyp4a5gpx8"}
{"type":"log","timestamp":1684668973432,"level":"debug","message":"Executing recipe html","meta":{"rootId":"h89t8ozi1c4gp95","id":"v0c8qmql1djhfef"},"id":"124npuw14r7kpcx","previousOperationId":"3zflp54pqavekla"}
{"type":"operationEnd","operationId":"3zflp54pqavekla","timestamp":1684668973432,"id":"45fsm0jqkxm9hc3","previousEventId":"hyzaniol1t2zhiz","previousOperationId":"3zflp54pqavekla"}
{"type":"log","timestamp":1684668973433,"level":"debug","message":"Skipping storing report.","meta":{"rootId":"h89t8ozi1c4gp95","id":"v0c8qmql1djhfef"},"id":"0n510sossu6py5f","previousOperationId":"3zflp54pqavekla"}
{"type":"log","timestamp":1684668973433,"level":"info","message":"Rendering (child) request finished in 244 ms","meta":{"rootId":"h89t8ozi1c4gp95","id":"v0c8qmql1djhfef"},"id":"7vec8aqdjvm0mde","previousOperationId":"3zflp54pqavekla"}
{"type":"operationEnd","subtype":"render","operationId":"dypm2ddo0sw1u8i","timestamp":1684668973433,"id":"z77aqm53pjrsb0b","previousEventId":"45fsm0jqkxm9hc3","previousOperationId":"3zflp54pqavekla"}
{"type":"log","timestamp":1684668973435,"level":"debug","message":"Converting with chrome HeadlessChrome/105.0.5173.0 using chrome-pool strategy","meta":{"rootId":"h89t8ozi1c4gp95","id":"h89t8ozi1c4gp95"},"id":"gb5s3kc3f9nb1t4","previousOperationId":"tqlhf3o1di300zh"}
{"type":"log","timestamp":1684668973934,"level":"debug","message":"Page request: GET (document) file:///C:/Users/Adebayo/AppData/Local/Temp/jsreport/autocleanup/509e030a-e3d8-4643-a582-72f393e2f219-chrome-pdf.html","meta":{"rootId":"h89t8ozi1c4gp95","id":"h89t8ozi1c4gp95"},"id":"ioxnffh20pjz1w9","previousOperationId":"tqlhf3o1di300zh"}
{"type":"log","timestamp":1684668973963,"level":"debug","message":"Page request finished: GET (document) 200 file:///C:/Users/Adebayo/AppData/Local/Temp/jsreport/autocleanup/509e030a-e3d8-4643-a582-72f393e2f219-chrome-pdf.html","meta":{"rootId":"h89t8ozi1c4gp95","id":"h89t8ozi1c4gp95"},"id":"dh491yn3ogq6l3h","previousOperationId":"tqlhf3o1di300zh"}
{"type":"log","timestamp":1684668973964,"level":"debug","message":"Page request: GET (script) https://cdnjs.cloudflare.com/ajax/libs/Chart.js/2.1.6/Chart.min.js","meta":{"rootId":"h89t8ozi1c4gp95","id":"h89t8ozi1c4gp95"},"id":"sqfobaxiv51ic8k","previousOperationId":"tqlhf3o1di300zh"}
{"type":"log","timestamp":1684668973976,"level":"debug","message":"Page request finished: GET (script) 200 https://cdnjs.cloudflare.com/ajax/libs/Chart.js/2.1.6/Chart.min.js","meta":{"rootId":"h89t8ozi1c4gp95","id":"h89t8ozi1c4gp95"},"id":"xa5z1jkpcmicyme","previousOperationId":"tqlhf3o1di300zh"}
{"type":"log","timestamp":1684668973990,"level":"warn","message":"Page error: SyntaxError: Unexpected token ','","meta":{"rootId":"h89t8ozi1c4gp95","id":"h89t8ozi1c4gp95"},"id":"5talflm4l43l9u5","previousOperationId":"tqlhf3o1di300zh"}
{"type":"log","timestamp":1684668974000,"level":"debug","message":"Running chrome with params {\"printBackground\":true,\"marginTop\":\"2cm\",\"marginRight\":\"1cm\",\"marginBottom\":\"2cm\",\"marginLeft\":\"1cm\",\"landscape\":false,\"format\":\"A4\",\"displayHeaderFooter\":true,\"footerTemplate\":\"...\",\"timeout\":59756,\"margin\":{\"top\":\"2cm\",\"right\":\"1cm\",\"bottom\":\"2cm\",\"left\":\"1cm\"}}","meta":{"rootId":"h89t8ozi1c4gp95","id":"h89t8ozi1c4gp95"},"id":"qda2sc2ezgz4ta5","previousOperationId":"tqlhf3o1di300zh"}
{"type":"operationEnd","operationId":"tqlhf3o1di300zh","timestamp":1684668974202,"id":"8ywglxq9a9yl2ac","previousEventId":"u9v17u8y6rx530i","previousOperationId":"tqlhf3o1di300zh"}
{"type":"log","timestamp":1684668974202,"level":"debug","message":"Skipping storing report.","meta":{"rootId":"h89t8ozi1c4gp95","id":"h89t8ozi1c4gp95"},"id":"y5ohvo0e9dkv4ea","previousOperationId":"tqlhf3o1di300zh"}
{"type":"log","timestamp":1684668974202,"level":"info","message":"Rendering request 174 finished in 1013 ms","meta":{"rootId":"h89t8ozi1c4gp95","id":"h89t8ozi1c4gp95"},"id":"s6dzdrqdywciv22","previousOperationId":"tqlhf3o1di300zh"}
{"type":"operationEnd","subtype":"render","operationId":"6fx0ae6k9suyunv","timestamp":1684668974202,"id":"791zikt9i4g5wej","previousEventId":"8ywglxq9a9yl2ac","previousOperationId":"tqlhf3o1di300zh"}
{"type":"operationEnd","doDiffs":false,"previousEventId":"gza7j0baiqzgq8l","previousOperationId":"u1gkksx4d529372","operationId":"u1gkksx4d529372","timestamp":1684668974224,"id":"zluu19iyi3ag528"}
