{"type":"operationStart","subtype":"profile","data":{"_id":"H9Jkjk2xG3UkymvB","timestamp":"2023-05-21T11:17:22.010Z","state":"queued","mode":"standard","creationDate":"2023-05-21T11:17:22.012Z","modificationDate":"2023-05-21T11:17:22.012Z","shortid":"II9md4s","$entitySet":"profiles"},"doDiffs":false,"timestamp":1684667842011,"id":"kujwi6kjduxohcs","previousOperationId":null,"operationId":"5g7py8afn26apmn"}
{"type":"log","level":"info","message":"Render request 155 queued for execution and waiting for available worker","previousOperationId":"5g7py8afn26apmn","timestamp":1684667842011,"id":"p3440xo8xefotih"}
{"type":"operationStart","subtype":"render","name":"invoice-js","previousOperationId":"5g7py8afn26apmn","timestamp":1684667842026,"id":"8uaek0pfxkuvipy","previousEventId":"kujwi6kjduxohcs","operationId":"im4o5eum933tzir"}
{"type":"log","timestamp":1684667842026,"level":"info","message":"Starting rendering request 155","meta":{"rootId":"hhvbycobj787324","id":"hhvbycobj787324"},"id":"kt0ozy3c11t2gu7","previousOperationId":"im4o5eum933tzir"}
{"type":"log","timestamp":1684667842027,"level":"info","message":"Rendering template { name: invoice-js, recipe: chrome-pdf, engine: handlebars, preview: false }","meta":{"rootId":"hhvbycobj787324","id":"hhvbycobj787324"},"id":"2jzfy4q7ruvao3l","previousOperationId":"im4o5eum933tzir"}
{"type":"log","timestamp":1684667842028,"level":"debug","message":"Inline data specified.","meta":{"rootId":"hhvbycobj787324","id":"hhvbycobj787324"},"id":"mmzk5jufvlbd5ln","previousOperationId":"im4o5eum933tzir"}
{"type":"log","timestamp":1684667842035,"level":"debug","message":"Base url not specified, skipping its injection.","meta":{"rootId":"hhvbycobj787324","id":"hhvbycobj787324"},"id":"5re6nxr3lutu8ot","previousOperationId":"im4o5eum933tzir"}
{"type":"operationStart","subtype":"engine","name":"handlebars","timestamp":1684667842036,"id":"9ft8ojvy6rv9xey","previousEventId":"8uaek0pfxkuvipy","operationId":"s26lfh4yxn0cxau","previousOperationId":"im4o5eum933tzir"}
{"type":"log","timestamp":1684667842036,"level":"debug","message":"Rendering engine handlebars","meta":{"rootId":"hhvbycobj787324","id":"hhvbycobj787324"},"id":"i743vceifj4eqt4","previousOperationId":"s26lfh4yxn0cxau"}
{"type":"operationEnd","operationId":"s26lfh4yxn0cxau","timestamp":1684667842060,"id":"jpg2y5yz0v89yyz","previousEventId":"9ft8ojvy6rv9xey","previousOperationId":"s26lfh4yxn0cxau"}
{"type":"operationStart","subtype":"recipe","name":"chrome-pdf","timestamp":1684667842061,"id":"kyolsisakwgoqwa","previousEventId":"jpg2y5yz0v89yyz","operationId":"ydfp1aa094wonj3","previousOperationId":"s26lfh4yxn0cxau"}
{"type":"log","timestamp":1684667842061,"level":"debug","message":"Executing recipe chrome-pdf","meta":{"rootId":"hhvbycobj787324","id":"hhvbycobj787324"},"id":"6ziy06mo7h2u6sr","previousOperationId":"ydfp1aa094wonj3"}
{"type":"log","timestamp":1684667842064,"level":"debug","message":"Starting child request to render pdf footer","meta":{"rootId":"hhvbycobj787324","id":"hhvbycobj787324"},"id":"x801mziq2zhf5fo","previousOperationId":"ydfp1aa094wonj3"}
{"type":"operationStart","subtype":"render","name":"anonymous","previousOperationId":"ydfp1aa094wonj3","timestamp":1684667842064,"id":"39r3oljdjv9934z","previousEventId":"kyolsisakwgoqwa","operationId":"3v5zc9s6ew0gxm6"}
{"type":"log","timestamp":1684667842064,"level":"info","message":"Starting rendering (child) request","meta":{"rootId":"hhvbycobj787324","id":"hf2u4nczazpqkmf"},"id":"1z0skf5k05jgakj","previousOperationId":"3v5zc9s6ew0gxm6"}
{"type":"log","timestamp":1684667842064,"level":"info","message":"Rendering anonymous template { recipe: html, engine: handlebars }","meta":{"rootId":"hhvbycobj787324","id":"hf2u4nczazpqkmf"},"id":"zqzldcoydo3644j","previousOperationId":"3v5zc9s6ew0gxm6"}
{"type":"log","timestamp":1684667842064,"level":"debug","message":"Inline data specified.","meta":{"rootId":"hhvbycobj787324","id":"hf2u4nczazpqkmf"},"id":"5p9chkfo62ulsx4","previousOperationId":"3v5zc9s6ew0gxm6"}
{"type":"log","timestamp":1684667842066,"level":"debug","message":"Base url not specified, skipping its injection.","meta":{"rootId":"hhvbycobj787324","id":"hf2u4nczazpqkmf"},"id":"rxknrptblwgwcfg","previousOperationId":"3v5zc9s6ew0gxm6"}
{"type":"operationStart","subtype":"engine","name":"handlebars","timestamp":1684667842066,"id":"5x12641lf9h9ss8","previousEventId":"39r3oljdjv9934z","operationId":"4xjbk3po1madoiw","previousOperationId":"3v5zc9s6ew0gxm6"}
{"type":"log","timestamp":1684667842066,"level":"debug","message":"Rendering engine handlebars","meta":{"rootId":"hhvbycobj787324","id":"hf2u4nczazpqkmf"},"id":"yuf3rupkg8g9m4c","previousOperationId":"4xjbk3po1madoiw"}
{"type":"operationEnd","operationId":"4xjbk3po1madoiw","timestamp":1684667842084,"id":"pi3h0d8comaar35","previousEventId":"5x12641lf9h9ss8","previousOperationId":"4xjbk3po1madoiw"}
{"type":"operationStart","subtype":"recipe","name":"html","timestamp":1684667842085,"id":"rkgzf5p95dzfzhs","previousEventId":"pi3h0d8comaar35","operationId":"hk0nvawai8coi0i","previousOperationId":"4xjbk3po1madoiw"}
{"type":"log","timestamp":1684667842085,"level":"debug","message":"Executing recipe html","meta":{"rootId":"hhvbycobj787324","id":"hf2u4nczazpqkmf"},"id":"ct7ndrwgrswq8f4","previousOperationId":"hk0nvawai8coi0i"}
{"type":"operationEnd","operationId":"hk0nvawai8coi0i","timestamp":1684667842085,"id":"m6kl66uoixmmv1p","previousEventId":"rkgzf5p95dzfzhs","previousOperationId":"hk0nvawai8coi0i"}
{"type":"log","timestamp":1684667842085,"level":"debug","message":"Skipping storing report.","meta":{"rootId":"hhvbycobj787324","id":"hf2u4nczazpqkmf"},"id":"c4sueyo2e9goyov","previousOperationId":"hk0nvawai8coi0i"}
{"type":"log","timestamp":1684667842085,"level":"info","message":"Rendering (child) request finished in 76 ms","meta":{"rootId":"hhvbycobj787324","id":"hf2u4nczazpqkmf"},"id":"nxwubeoazhn9t0d","previousOperationId":"hk0nvawai8coi0i"}
{"type":"operationEnd","subtype":"render","operationId":"3v5zc9s6ew0gxm6","timestamp":1684667842085,"id":"l6lspgxbgxrr76j","previousEventId":"m6kl66uoixmmv1p","previousOperationId":"hk0nvawai8coi0i"}
{"type":"log","timestamp":1684667842087,"level":"debug","message":"Converting with chrome HeadlessChrome/105.0.5173.0 using chrome-pool strategy","meta":{"rootId":"hhvbycobj787324","id":"hhvbycobj787324"},"id":"k91h7t7z9x9s5zj","previousOperationId":"ydfp1aa094wonj3"}
{"type":"log","timestamp":1684667842257,"level":"debug","message":"Page request: GET (document) file:///C:/Users/Adebayo/AppData/Local/Temp/jsreport/autocleanup/297ec4dc-2191-43e6-b96b-4a893ab152d0-chrome-pdf.html","meta":{"rootId":"hhvbycobj787324","id":"hhvbycobj787324"},"id":"1aj4ubjlcx1xfk9","previousOperationId":"ydfp1aa094wonj3"}
{"type":"log","timestamp":1684667842279,"level":"debug","message":"Page request finished: GET (document) 200 file:///C:/Users/Adebayo/AppData/Local/Temp/jsreport/autocleanup/297ec4dc-2191-43e6-b96b-4a893ab152d0-chrome-pdf.html","meta":{"rootId":"hhvbycobj787324","id":"hhvbycobj787324"},"id":"xegr04noyj3xn7y","previousOperationId":"ydfp1aa094wonj3"}
{"type":"log","timestamp":1684667842279,"level":"debug","message":"Page request: GET (script) https://cdnjs.cloudflare.com/ajax/libs/Chart.js/2.1.6/Chart.min.js","meta":{"rootId":"hhvbycobj787324","id":"hhvbycobj787324"},"id":"ggdxu9zgby28ktq","previousOperationId":"ydfp1aa094wonj3"}
{"type":"log","timestamp":1684667842289,"level":"debug","message":"Page request finished: GET (script) 200 https://cdnjs.cloudflare.com/ajax/libs/Chart.js/2.1.6/Chart.min.js","meta":{"rootId":"hhvbycobj787324","id":"hhvbycobj787324"},"id":"p8b7po0q9f8iu4r","previousOperationId":"ydfp1aa094wonj3"}
{"type":"log","timestamp":1684667842396,"level":"debug","message":"Running chrome with params {\"printBackground\":true,\"marginTop\":\"2cm\",\"marginRight\":\"1cm\",\"marginBottom\":\"2cm\",\"marginLeft\":\"1cm\",\"landscape\":false,\"format\":\"A4\",\"displayHeaderFooter\":true,\"footerTemplate\":\"...\",\"timeout\":59924,\"margin\":{\"top\":\"2cm\",\"right\":\"1cm\",\"bottom\":\"2cm\",\"left\":\"1cm\"}}","meta":{"rootId":"hhvbycobj787324","id":"hhvbycobj787324"},"id":"tlbfldbsq7k5bh6","previousOperationId":"ydfp1aa094wonj3"}
{"type":"operationEnd","operationId":"ydfp1aa094wonj3","timestamp":1684667842545,"id":"gqk1byzhpg5h9kn","previousEventId":"kyolsisakwgoqwa","previousOperationId":"ydfp1aa094wonj3"}
{"type":"log","timestamp":1684667842545,"level":"debug","message":"Skipping storing report.","meta":{"rootId":"hhvbycobj787324","id":"hhvbycobj787324"},"id":"9m18g02qhcvmyu7","previousOperationId":"ydfp1aa094wonj3"}
{"type":"log","timestamp":1684667842545,"level":"info","message":"Rendering request 155 finished in 536 ms","meta":{"rootId":"hhvbycobj787324","id":"hhvbycobj787324"},"id":"tyqfu7i92yrn94s","previousOperationId":"ydfp1aa094wonj3"}
{"type":"operationEnd","subtype":"render","operationId":"im4o5eum933tzir","timestamp":1684667842545,"id":"th5koxpk37fsumt","previousEventId":"gqk1byzhpg5h9kn","previousOperationId":"ydfp1aa094wonj3"}
{"type":"operationEnd","doDiffs":false,"previousEventId":"kujwi6kjduxohcs","previousOperationId":"5g7py8afn26apmn","operationId":"5g7py8afn26apmn","timestamp":1684667842550,"id":"eyb3681zt2pd7j7"}
