{"type":"operationStart","subtype":"profile","data":{"_id":"k1WuFvF5Ii2mKKIC","timestamp":"2023-05-21T07:22:31.687Z","state":"queued","mode":"standard","creationDate":"2023-05-21T07:22:31.690Z","modificationDate":"2023-05-21T07:22:31.690Z","shortid":"kUSLyrE","$entitySet":"profiles"},"doDiffs":false,"timestamp":1684653751688,"id":"keope1l9xqwxc76","previousOperationId":null,"operationId":"cqmhk10hrm3hsxu"}
{"type":"log","level":"info","message":"Render request 122 queued for execution and waiting for available worker","previousOperationId":"cqmhk10hrm3hsxu","timestamp":1684653751688,"id":"dt8gzm0dlm41q3q"}
{"type":"operationStart","subtype":"render","name":"invoice-js","previousOperationId":"cqmhk10hrm3hsxu","timestamp":1684653751705,"id":"j8kvlcprhcwzw6j","previousEventId":"keope1l9xqwxc76","operationId":"fzpyiax7jd31ceq"}
{"type":"log","timestamp":1684653751705,"level":"info","message":"Starting rendering request 122","meta":{"rootId":"hj5s78k5rcclzt4","id":"hj5s78k5rcclzt4"},"id":"ejqegmm2cghon41","previousOperationId":"fzpyiax7jd31ceq"}
{"type":"log","timestamp":1684653751707,"level":"info","message":"Rendering template { name: invoice-js, recipe: chrome-pdf, engine: handlebars, preview: false }","meta":{"rootId":"hj5s78k5rcclzt4","id":"hj5s78k5rcclzt4"},"id":"qz5mnx06v5itiv0","previousOperationId":"fzpyiax7jd31ceq"}
{"type":"log","timestamp":1684653751709,"level":"debug","message":"Inline data specified.","meta":{"rootId":"hj5s78k5rcclzt4","id":"hj5s78k5rcclzt4"},"id":"23x1b4lgbw7d45h","previousOperationId":"fzpyiax7jd31ceq"}
{"type":"log","timestamp":1684653751714,"level":"debug","message":"Base url not specified, skipping its injection.","meta":{"rootId":"hj5s78k5rcclzt4","id":"hj5s78k5rcclzt4"},"id":"xy2spnn2aj4pz21","previousOperationId":"fzpyiax7jd31ceq"}
{"type":"operationStart","subtype":"engine","name":"handlebars","timestamp":1684653751714,"id":"5njtdrhofcbb0w6","previousEventId":"j8kvlcprhcwzw6j","operationId":"d699clq4pm7pl9z","previousOperationId":"fzpyiax7jd31ceq"}
{"type":"log","timestamp":1684653751714,"level":"debug","message":"Rendering engine handlebars","meta":{"rootId":"hj5s78k5rcclzt4","id":"hj5s78k5rcclzt4"},"id":"mgojqhcfhfkip9b","previousOperationId":"d699clq4pm7pl9z"}
{"type":"operationEnd","operationId":"d699clq4pm7pl9z","timestamp":1684653751739,"id":"3268ieh3q0jiuy2","previousEventId":"5njtdrhofcbb0w6","previousOperationId":"d699clq4pm7pl9z"}
{"type":"operationStart","subtype":"recipe","name":"chrome-pdf","timestamp":1684653751740,"id":"h0o3qcvfb3xqcp3","previousEventId":"3268ieh3q0jiuy2","operationId":"8lh2eccsoev2o56","previousOperationId":"d699clq4pm7pl9z"}
{"type":"log","timestamp":1684653751740,"level":"debug","message":"Executing recipe chrome-pdf","meta":{"rootId":"hj5s78k5rcclzt4","id":"hj5s78k5rcclzt4"},"id":"u37cdg5ax3wlwks","previousOperationId":"8lh2eccsoev2o56"}
{"type":"log","timestamp":1684653751742,"level":"debug","message":"Starting child request to render pdf footer","meta":{"rootId":"hj5s78k5rcclzt4","id":"hj5s78k5rcclzt4"},"id":"1cidd8z3b2lessx","previousOperationId":"8lh2eccsoev2o56"}
{"type":"operationStart","subtype":"render","name":"anonymous","previousOperationId":"8lh2eccsoev2o56","timestamp":1684653751743,"id":"8o7jlwylaqxunrz","previousEventId":"h0o3qcvfb3xqcp3","operationId":"2nzd76pesxngce1"}
{"type":"log","timestamp":1684653751743,"level":"info","message":"Starting rendering (child) request","meta":{"rootId":"hj5s78k5rcclzt4","id":"g886njf9n100sie"},"id":"pjkh5liq10gidbr","previousOperationId":"2nzd76pesxngce1"}
{"type":"log","timestamp":1684653751743,"level":"info","message":"Rendering anonymous template { recipe: html, engine: handlebars }","meta":{"rootId":"hj5s78k5rcclzt4","id":"g886njf9n100sie"},"id":"aca7u7pfzk01z6e","previousOperationId":"2nzd76pesxngce1"}
{"type":"log","timestamp":1684653751743,"level":"debug","message":"Inline data specified.","meta":{"rootId":"hj5s78k5rcclzt4","id":"g886njf9n100sie"},"id":"1bbndgbdbtci8p6","previousOperationId":"2nzd76pesxngce1"}
{"type":"log","timestamp":1684653751745,"level":"debug","message":"Base url not specified, skipping its injection.","meta":{"rootId":"hj5s78k5rcclzt4","id":"g886njf9n100sie"},"id":"pd4cstqyefo6pb3","previousOperationId":"2nzd76pesxngce1"}
{"type":"operationStart","subtype":"engine","name":"handlebars","timestamp":1684653751745,"id":"7vfo87z3lw8n4ni","previousEventId":"8o7jlwylaqxunrz","operationId":"eprcj9ibxftuomy","previousOperationId":"2nzd76pesxngce1"}
{"type":"log","timestamp":1684653751745,"level":"debug","message":"Rendering engine handlebars","meta":{"rootId":"hj5s78k5rcclzt4","id":"g886njf9n100sie"},"id":"a1w7nmjsptvjf08","previousOperationId":"eprcj9ibxftuomy"}
{"type":"operationEnd","operationId":"eprcj9ibxftuomy","timestamp":1684653751771,"id":"ocmhzwhlq9h1wiv","previousEventId":"7vfo87z3lw8n4ni","previousOperationId":"eprcj9ibxftuomy"}
{"type":"operationStart","subtype":"recipe","name":"html","timestamp":1684653751771,"id":"uur3c7hk4c0o6zd","previousEventId":"ocmhzwhlq9h1wiv","operationId":"z70nzp7fmhy6kjf","previousOperationId":"eprcj9ibxftuomy"}
{"type":"log","timestamp":1684653751771,"level":"debug","message":"Executing recipe html","meta":{"rootId":"hj5s78k5rcclzt4","id":"g886njf9n100sie"},"id":"piewebx81fj0c9s","previousOperationId":"z70nzp7fmhy6kjf"}
{"type":"operationEnd","operationId":"z70nzp7fmhy6kjf","timestamp":1684653751771,"id":"m9dz2gsp6ajc0m0","previousEventId":"uur3c7hk4c0o6zd","previousOperationId":"z70nzp7fmhy6kjf"}
{"type":"log","timestamp":1684653751771,"level":"debug","message":"Skipping storing report.","meta":{"rootId":"hj5s78k5rcclzt4","id":"g886njf9n100sie"},"id":"9pfavnntvk58686","previousOperationId":"z70nzp7fmhy6kjf"}
{"type":"log","timestamp":1684653751772,"level":"info","message":"Rendering (child) request finished in 85 ms","meta":{"rootId":"hj5s78k5rcclzt4","id":"g886njf9n100sie"},"id":"cyd3dkdwko281tq","previousOperationId":"z70nzp7fmhy6kjf"}
{"type":"operationEnd","subtype":"render","operationId":"2nzd76pesxngce1","timestamp":1684653751772,"id":"3mv745af0ddhvs2","previousEventId":"m9dz2gsp6ajc0m0","previousOperationId":"z70nzp7fmhy6kjf"}
{"type":"log","timestamp":1684653751774,"level":"debug","message":"Converting with chrome HeadlessChrome/105.0.5173.0 using chrome-pool strategy","meta":{"rootId":"hj5s78k5rcclzt4","id":"hj5s78k5rcclzt4"},"id":"qepot699yjsk6dl","previousOperationId":"8lh2eccsoev2o56"}
{"type":"log","timestamp":1684653751911,"level":"debug","message":"Page request: GET (document) file:///C:/Users/Adebayo/AppData/Local/Temp/jsreport/autocleanup/54e7de37-f265-4422-84e3-0fc99142c02b-chrome-pdf.html","meta":{"rootId":"hj5s78k5rcclzt4","id":"hj5s78k5rcclzt4"},"id":"fzpcr82zbua0uod","previousOperationId":"8lh2eccsoev2o56"}
{"type":"log","timestamp":1684653751930,"level":"debug","message":"Page request: GET (script) https://cdnjs.cloudflare.com/ajax/libs/Chart.js/2.1.6/Chart.min.js","meta":{"rootId":"hj5s78k5rcclzt4","id":"hj5s78k5rcclzt4"},"id":"t6jnaffvn06lcwh","previousOperationId":"8lh2eccsoev2o56"}
{"type":"log","timestamp":1684653751931,"level":"debug","message":"Page request finished: GET (document) 200 file:///C:/Users/Adebayo/AppData/Local/Temp/jsreport/autocleanup/54e7de37-f265-4422-84e3-0fc99142c02b-chrome-pdf.html","meta":{"rootId":"hj5s78k5rcclzt4","id":"hj5s78k5rcclzt4"},"id":"9fbaf15wss6z7b8","previousOperationId":"8lh2eccsoev2o56"}
{"type":"log","timestamp":1684653751940,"level":"debug","message":"Page request finished: GET (script) 200 https://cdnjs.cloudflare.com/ajax/libs/Chart.js/2.1.6/Chart.min.js","meta":{"rootId":"hj5s78k5rcclzt4","id":"hj5s78k5rcclzt4"},"id":"bu3dp4ixfdl2x7x","previousOperationId":"8lh2eccsoev2o56"}
{"type":"log","timestamp":1684653751945,"level":"warn","message":"Page error: SyntaxError: Unexpected token ','","meta":{"rootId":"hj5s78k5rcclzt4","id":"hj5s78k5rcclzt4"},"id":"ejsczhzcj7o86p7","previousOperationId":"8lh2eccsoev2o56"}
{"type":"log","timestamp":1684653751948,"level":"debug","message":"Running chrome with params {\"printBackground\":true,\"marginTop\":\"2cm\",\"marginRight\":\"1cm\",\"marginBottom\":\"2cm\",\"marginLeft\":\"1cm\",\"landscape\":false,\"format\":\"A4\",\"displayHeaderFooter\":true,\"footerTemplate\":\"...\",\"timeout\":59914,\"margin\":{\"top\":\"2cm\",\"right\":\"1cm\",\"bottom\":\"2cm\",\"left\":\"1cm\"}}","meta":{"rootId":"hj5s78k5rcclzt4","id":"hj5s78k5rcclzt4"},"id":"m43sb8px62vb48i","previousOperationId":"8lh2eccsoev2o56"}
{"type":"operationEnd","operationId":"8lh2eccsoev2o56","timestamp":1684653752040,"id":"qha0ilpp6kb6rpj","previousEventId":"h0o3qcvfb3xqcp3","previousOperationId":"8lh2eccsoev2o56"}
{"type":"log","timestamp":1684653752040,"level":"debug","message":"Skipping storing report.","meta":{"rootId":"hj5s78k5rcclzt4","id":"hj5s78k5rcclzt4"},"id":"qf56qe7yosn9cdv","previousOperationId":"8lh2eccsoev2o56"}
{"type":"log","timestamp":1684653752040,"level":"info","message":"Rendering request 122 finished in 354 ms","meta":{"rootId":"hj5s78k5rcclzt4","id":"hj5s78k5rcclzt4"},"id":"ujg5zkgjk7orobw","previousOperationId":"8lh2eccsoev2o56"}
{"type":"operationEnd","subtype":"render","operationId":"fzpyiax7jd31ceq","timestamp":1684653752040,"id":"1mu1inadfyt6wt9","previousEventId":"qha0ilpp6kb6rpj","previousOperationId":"8lh2eccsoev2o56"}
{"type":"operationEnd","doDiffs":false,"previousEventId":"keope1l9xqwxc76","previousOperationId":"cqmhk10hrm3hsxu","operationId":"cqmhk10hrm3hsxu","timestamp":1684653752044,"id":"o02w3a7jjom6o8a"}
