{"type":"operationStart","subtype":"profile","data":{"_id":"KusHh9u33EBvzl49","timestamp":"2023-05-21T07:15:47.824Z","state":"queued","mode":"standard","creationDate":"2023-05-21T07:15:47.830Z","modificationDate":"2023-05-21T07:15:47.830Z","shortid":"dN69Wyj","$entitySet":"profiles"},"doDiffs":false,"timestamp":1684653347827,"id":"0hvk2g64j8pl65r","previousOperationId":null,"operationId":"f8h9xed7i42saq3"}
{"type":"log","level":"info","message":"Render request 110 queued for execution and waiting for available worker","previousOperationId":"f8h9xed7i42saq3","timestamp":1684653347828,"id":"l5747dt7vozzhp2"}
{"type":"operationStart","subtype":"render","name":"invoice-js","previousOperationId":"f8h9xed7i42saq3","timestamp":1684653347839,"id":"xgttc30zvcxpie6","previousEventId":"0hvk2g64j8pl65r","operationId":"1aa8nwok8yuprqn"}
{"type":"log","timestamp":1684653347839,"level":"info","message":"Starting rendering request 110","meta":{"rootId":"i17yre1hwgm8wx2","id":"i17yre1hwgm8wx2"},"id":"ov2z0ru44e7jj7q","previousOperationId":"1aa8nwok8yuprqn"}
{"type":"log","timestamp":1684653347839,"level":"info","message":"Rendering template { name: invoice-js, recipe: chrome-pdf, engine: handlebars, preview: false }","meta":{"rootId":"i17yre1hwgm8wx2","id":"i17yre1hwgm8wx2"},"id":"tshycp49fxbbyll","previousOperationId":"1aa8nwok8yuprqn"}
{"type":"log","timestamp":1684653347841,"level":"debug","message":"Inline data specified.","meta":{"rootId":"i17yre1hwgm8wx2","id":"i17yre1hwgm8wx2"},"id":"k5h3d8k7vyvdy1u","previousOperationId":"1aa8nwok8yuprqn"}
{"type":"log","timestamp":1684653347853,"level":"debug","message":"Base url not specified, skipping its injection.","meta":{"rootId":"i17yre1hwgm8wx2","id":"i17yre1hwgm8wx2"},"id":"g9yia8qqx47djzw","previousOperationId":"1aa8nwok8yuprqn"}
{"type":"operationStart","subtype":"engine","name":"handlebars","timestamp":1684653347853,"id":"sxc56cz0c1lfqlh","previousEventId":"xgttc30zvcxpie6","operationId":"6n4a1pmj4cjoahp","previousOperationId":"1aa8nwok8yuprqn"}
{"type":"log","timestamp":1684653347853,"level":"debug","message":"Rendering engine handlebars","meta":{"rootId":"i17yre1hwgm8wx2","id":"i17yre1hwgm8wx2"},"id":"2s2or1x6zahfuno","previousOperationId":"6n4a1pmj4cjoahp"}
{"type":"operationEnd","operationId":"6n4a1pmj4cjoahp","timestamp":1684653347875,"id":"gahqovrnl5a0rb8","previousEventId":"sxc56cz0c1lfqlh","previousOperationId":"6n4a1pmj4cjoahp"}
{"type":"operationStart","subtype":"recipe","name":"chrome-pdf","timestamp":1684653347877,"id":"5dniicjlskpfauj","previousEventId":"gahqovrnl5a0rb8","operationId":"fzgnka4op4f7e7d","previousOperationId":"6n4a1pmj4cjoahp"}
{"type":"log","timestamp":1684653347877,"level":"debug","message":"Executing recipe chrome-pdf","meta":{"rootId":"i17yre1hwgm8wx2","id":"i17yre1hwgm8wx2"},"id":"qebpeqm84d7z81d","previousOperationId":"fzgnka4op4f7e7d"}
{"type":"log","timestamp":1684653347883,"level":"debug","message":"Starting child request to render pdf footer","meta":{"rootId":"i17yre1hwgm8wx2","id":"i17yre1hwgm8wx2"},"id":"6xtqg1ooz4hjtjn","previousOperationId":"fzgnka4op4f7e7d"}
{"type":"operationStart","subtype":"render","name":"anonymous","previousOperationId":"fzgnka4op4f7e7d","timestamp":1684653347884,"id":"ergmrszkluj1tpz","previousEventId":"5dniicjlskpfauj","operationId":"rwnflte97ye9o82"}
{"type":"log","timestamp":1684653347884,"level":"info","message":"Starting rendering (child) request","meta":{"rootId":"i17yre1hwgm8wx2","id":"sxphz0ylme4weja"},"id":"qfdlxfrexnpz1lu","previousOperationId":"rwnflte97ye9o82"}
{"type":"log","timestamp":1684653347884,"level":"info","message":"Rendering anonymous template { recipe: html, engine: handlebars }","meta":{"rootId":"i17yre1hwgm8wx2","id":"sxphz0ylme4weja"},"id":"eou6o2914f17986","previousOperationId":"rwnflte97ye9o82"}
{"type":"log","timestamp":1684653347884,"level":"debug","message":"Inline data specified.","meta":{"rootId":"i17yre1hwgm8wx2","id":"sxphz0ylme4weja"},"id":"x29rktkv0tf8wia","previousOperationId":"rwnflte97ye9o82"}
{"type":"log","timestamp":1684653347886,"level":"debug","message":"Base url not specified, skipping its injection.","meta":{"rootId":"i17yre1hwgm8wx2","id":"sxphz0ylme4weja"},"id":"44peqioevps2nuy","previousOperationId":"rwnflte97ye9o82"}
{"type":"operationStart","subtype":"engine","name":"handlebars","timestamp":1684653347886,"id":"miafm8w0ockki00","previousEventId":"ergmrszkluj1tpz","operationId":"uusthqz1g3kch29","previousOperationId":"rwnflte97ye9o82"}
{"type":"log","timestamp":1684653347886,"level":"debug","message":"Rendering engine handlebars","meta":{"rootId":"i17yre1hwgm8wx2","id":"sxphz0ylme4weja"},"id":"ylunf66ymgxv7rh","previousOperationId":"uusthqz1g3kch29"}
{"type":"operationEnd","operationId":"uusthqz1g3kch29","timestamp":1684653347906,"id":"tirgrbbj6lkr6ug","previousEventId":"miafm8w0ockki00","previousOperationId":"uusthqz1g3kch29"}
{"type":"operationStart","subtype":"recipe","name":"html","timestamp":1684653347906,"id":"xd8di6znnh1g6jq","previousEventId":"tirgrbbj6lkr6ug","operationId":"q187p9v3dvhhpv8","previousOperationId":"uusthqz1g3kch29"}
{"type":"log","timestamp":1684653347906,"level":"debug","message":"Executing recipe html","meta":{"rootId":"i17yre1hwgm8wx2","id":"sxphz0ylme4weja"},"id":"mgkak0qtr3y4wyp","previousOperationId":"q187p9v3dvhhpv8"}
{"type":"operationEnd","operationId":"q187p9v3dvhhpv8","timestamp":1684653347906,"id":"3ludpzzn2nib5bv","previousEventId":"xd8di6znnh1g6jq","previousOperationId":"q187p9v3dvhhpv8"}
{"type":"log","timestamp":1684653347906,"level":"debug","message":"Skipping storing report.","meta":{"rootId":"i17yre1hwgm8wx2","id":"sxphz0ylme4weja"},"id":"x6e1xokkgwozs81","previousOperationId":"q187p9v3dvhhpv8"}
{"type":"log","timestamp":1684653347906,"level":"info","message":"Rendering (child) request finished in 82 ms","meta":{"rootId":"i17yre1hwgm8wx2","id":"sxphz0ylme4weja"},"id":"hjximd5enk0zn7p","previousOperationId":"q187p9v3dvhhpv8"}
{"type":"operationEnd","subtype":"render","operationId":"rwnflte97ye9o82","timestamp":1684653347906,"id":"dchluyc88na97ty","previousEventId":"3ludpzzn2nib5bv","previousOperationId":"q187p9v3dvhhpv8"}
{"type":"log","timestamp":1684653347908,"level":"debug","message":"Converting with chrome HeadlessChrome/105.0.5173.0 using chrome-pool strategy","meta":{"rootId":"i17yre1hwgm8wx2","id":"i17yre1hwgm8wx2"},"id":"64rhy0g1eul5pwj","previousOperationId":"fzgnka4op4f7e7d"}
{"type":"log","timestamp":1684653348073,"level":"debug","message":"Page request: GET (document) file:///C:/Users/Adebayo/AppData/Local/Temp/jsreport/autocleanup/ec411e2e-d7f6-4962-bfdc-06a56d6b2136-chrome-pdf.html","meta":{"rootId":"i17yre1hwgm8wx2","id":"i17yre1hwgm8wx2"},"id":"8wfx3gv6z81ojv9","previousOperationId":"fzgnka4op4f7e7d"}
{"type":"log","timestamp":1684653348097,"level":"debug","message":"Page request finished: GET (document) 200 file:///C:/Users/Adebayo/AppData/Local/Temp/jsreport/autocleanup/ec411e2e-d7f6-4962-bfdc-06a56d6b2136-chrome-pdf.html","meta":{"rootId":"i17yre1hwgm8wx2","id":"i17yre1hwgm8wx2"},"id":"k2g58an7iqxe9sx","previousOperationId":"fzgnka4op4f7e7d"}
{"type":"log","timestamp":1684653348097,"level":"debug","message":"Page request: GET (script) https://cdnjs.cloudflare.com/ajax/libs/Chart.js/2.1.6/Chart.min.js","meta":{"rootId":"i17yre1hwgm8wx2","id":"i17yre1hwgm8wx2"},"id":"tdrvqxfrx56meq2","previousOperationId":"fzgnka4op4f7e7d"}
{"type":"log","timestamp":1684653348106,"level":"debug","message":"Page request finished: GET (script) 200 https://cdnjs.cloudflare.com/ajax/libs/Chart.js/2.1.6/Chart.min.js","meta":{"rootId":"i17yre1hwgm8wx2","id":"i17yre1hwgm8wx2"},"id":"zt1dfxxn8n1z1ah","previousOperationId":"fzgnka4op4f7e7d"}
{"type":"log","timestamp":1684653348114,"level":"warn","message":"Page error: SyntaxError: Unexpected token ','","meta":{"rootId":"i17yre1hwgm8wx2","id":"i17yre1hwgm8wx2"},"id":"vdtm1vwsxwt3tkc","previousOperationId":"fzgnka4op4f7e7d"}
{"type":"log","timestamp":1684653348120,"level":"debug","message":"Running chrome with params {\"printBackground\":true,\"marginTop\":\"2cm\",\"marginRight\":\"1cm\",\"marginBottom\":\"2cm\",\"marginLeft\":\"1cm\",\"landscape\":false,\"format\":\"A4\",\"displayHeaderFooter\":true,\"footerTemplate\":\"...\",\"timeout\":59918,\"margin\":{\"top\":\"2cm\",\"right\":\"1cm\",\"bottom\":\"2cm\",\"left\":\"1cm\"}}","meta":{"rootId":"i17yre1hwgm8wx2","id":"i17yre1hwgm8wx2"},"id":"85evm5dherzjwqv","previousOperationId":"fzgnka4op4f7e7d"}
{"type":"operationEnd","operationId":"fzgnka4op4f7e7d","timestamp":1684653348223,"id":"ojcc101fyeo5ln6","previousEventId":"5dniicjlskpfauj","previousOperationId":"fzgnka4op4f7e7d"}
{"type":"log","timestamp":1684653348223,"level":"debug","message":"Skipping storing report.","meta":{"rootId":"i17yre1hwgm8wx2","id":"i17yre1hwgm8wx2"},"id":"bmljvepvhdgmdky","previousOperationId":"fzgnka4op4f7e7d"}
{"type":"log","timestamp":1684653348223,"level":"info","message":"Rendering request 110 finished in 399 ms","meta":{"rootId":"i17yre1hwgm8wx2","id":"i17yre1hwgm8wx2"},"id":"4dmv974b2zw88zt","previousOperationId":"fzgnka4op4f7e7d"}
{"type":"operationEnd","subtype":"render","operationId":"1aa8nwok8yuprqn","timestamp":1684653348224,"id":"u18readgqtw4yc9","previousEventId":"ojcc101fyeo5ln6","previousOperationId":"fzgnka4op4f7e7d"}
{"type":"operationEnd","doDiffs":false,"previousEventId":"0hvk2g64j8pl65r","previousOperationId":"f8h9xed7i42saq3","operationId":"f8h9xed7i42saq3","timestamp":1684653348233,"id":"zncxa8be0quck39"}
