{"type":"operationStart","subtype":"profile","data":{"_id":"Lqe6t0HIBfcuHIzZ","timestamp":"2023-05-21T05:45:46.637Z","state":"queued","mode":"standard","creationDate":"2023-05-21T05:45:46.639Z","modificationDate":"2023-05-21T05:45:46.639Z","shortid":"gvZ8PmJ","$entitySet":"profiles"},"doDiffs":false,"timestamp":1684647946638,"id":"7fx7oj23bst112z","previousOperationId":null,"operationId":"xy392hoe96pi7b2"}
{"type":"log","level":"info","message":"Render request 48 queued for execution and waiting for available worker","previousOperationId":"xy392hoe96pi7b2","timestamp":1684647946639,"id":"22mhsf1zldavcdb"}
{"type":"operationStart","subtype":"render","name":"invoice-js","previousOperationId":"xy392hoe96pi7b2","timestamp":1684647946653,"id":"p44g5fihduf0x3v","previousEventId":"7fx7oj23bst112z","operationId":"8xhj9stnfclxht3"}
{"type":"log","timestamp":1684647946653,"level":"info","message":"Starting rendering request 48","meta":{"rootId":"i32bn2uzsl5mo2s","id":"i32bn2uzsl5mo2s"},"id":"ly37kaeyq51nvql","previousOperationId":"8xhj9stnfclxht3"}
{"type":"log","timestamp":1684647946654,"level":"info","message":"Rendering template { name: invoice-js, recipe: chrome-pdf, engine: handlebars, preview: true }","meta":{"rootId":"i32bn2uzsl5mo2s","id":"i32bn2uzsl5mo2s"},"id":"7o8vk038u4rag2z","previousOperationId":"8xhj9stnfclxht3"}
{"type":"log","timestamp":1684647946655,"level":"debug","message":"Inline data specified.","meta":{"rootId":"i32bn2uzsl5mo2s","id":"i32bn2uzsl5mo2s"},"id":"gycnl843qp00wbx","previousOperationId":"8xhj9stnfclxht3"}
{"type":"log","timestamp":1684647946662,"level":"debug","message":"Base url not specified, skipping its injection.","meta":{"rootId":"i32bn2uzsl5mo2s","id":"i32bn2uzsl5mo2s"},"id":"t3wbfzk6eplbg88","previousOperationId":"8xhj9stnfclxht3"}
{"type":"operationStart","subtype":"engine","name":"handlebars","timestamp":1684647946662,"id":"ajlo2cuko9i4ccg","previousEventId":"p44g5fihduf0x3v","operationId":"1gb4o49ky32qjji","previousOperationId":"8xhj9stnfclxht3"}
{"type":"log","timestamp":1684647946662,"level":"debug","message":"Rendering engine handlebars","meta":{"rootId":"i32bn2uzsl5mo2s","id":"i32bn2uzsl5mo2s"},"id":"gr6rzvdy88ngqbc","previousOperationId":"1gb4o49ky32qjji"}
{"type":"operationEnd","operationId":"1gb4o49ky32qjji","timestamp":1684647946706,"id":"y3tplkbtqxhiji8","previousEventId":"ajlo2cuko9i4ccg","previousOperationId":"1gb4o49ky32qjji"}
{"type":"operationStart","subtype":"recipe","name":"chrome-pdf","timestamp":1684647946706,"id":"uvps5c8t2ewv15l","previousEventId":"y3tplkbtqxhiji8","operationId":"sv4qufyb2eqs41z","previousOperationId":"1gb4o49ky32qjji"}
{"type":"log","timestamp":1684647946706,"level":"debug","message":"Executing recipe chrome-pdf","meta":{"rootId":"i32bn2uzsl5mo2s","id":"i32bn2uzsl5mo2s"},"id":"v7krzcl2u4wpjcr","previousOperationId":"sv4qufyb2eqs41z"}
{"type":"log","timestamp":1684647946711,"level":"debug","message":"Converting with chrome HeadlessChrome/105.0.5173.0 using chrome-pool strategy","meta":{"rootId":"i32bn2uzsl5mo2s","id":"i32bn2uzsl5mo2s"},"id":"0b9kfbohjckew2g","previousOperationId":"sv4qufyb2eqs41z"}
{"type":"log","timestamp":1684647946824,"level":"debug","message":"Page request: GET (document) file:///C:/Users/Adebayo/AppData/Local/Temp/jsreport/autocleanup/50d6ac76-59d2-4d38-a32e-0b44034b901a-chrome-pdf.html","meta":{"rootId":"i32bn2uzsl5mo2s","id":"i32bn2uzsl5mo2s"},"id":"g2h6tfqvezk1zh3","previousOperationId":"sv4qufyb2eqs41z"}
{"type":"log","timestamp":1684647946839,"level":"debug","message":"Page request finished: GET (document) 200 file:///C:/Users/Adebayo/AppData/Local/Temp/jsreport/autocleanup/50d6ac76-59d2-4d38-a32e-0b44034b901a-chrome-pdf.html","meta":{"rootId":"i32bn2uzsl5mo2s","id":"i32bn2uzsl5mo2s"},"id":"1iqrrs56wihatum","previousOperationId":"sv4qufyb2eqs41z"}
{"type":"log","timestamp":1684647946840,"level":"debug","message":"Page request: GET (script) https://cdn.jsdelivr.net/npm/chart.js","meta":{"rootId":"i32bn2uzsl5mo2s","id":"i32bn2uzsl5mo2s"},"id":"1zdajqkqdf8f8p0","previousOperationId":"sv4qufyb2eqs41z"}
{"type":"log","timestamp":1684647946846,"level":"debug","message":"Page request finished: GET (script) 200 https://cdn.jsdelivr.net/npm/chart.js","meta":{"rootId":"i32bn2uzsl5mo2s","id":"i32bn2uzsl5mo2s"},"id":"r1ke9ae1vmjrzyo","previousOperationId":"sv4qufyb2eqs41z"}
{"type":"log","timestamp":1684647946934,"level":"debug","message":"Running chrome with params {\"printBackground\":true,\"marginTop\":\"2cm\",\"marginRight\":\"1cm\",\"marginBottom\":\"2cm\",\"marginLeft\":\"1cm\",\"landscape\":false,\"format\":\"A4\",\"displayHeaderFooter\":true,\"timeout\":59929,\"margin\":{\"top\":\"2cm\",\"right\":\"1cm\",\"bottom\":\"2cm\",\"left\":\"1cm\"}}","meta":{"rootId":"i32bn2uzsl5mo2s","id":"i32bn2uzsl5mo2s"},"id":"cm4wuqvrpxz0kl5","previousOperationId":"sv4qufyb2eqs41z"}
{"type":"operationEnd","operationId":"sv4qufyb2eqs41z","timestamp":1684647947003,"id":"i8m4al7socx5ak5","previousEventId":"uvps5c8t2ewv15l","previousOperationId":"sv4qufyb2eqs41z"}
{"type":"log","timestamp":1684647947003,"level":"debug","message":"Skipping storing report.","meta":{"rootId":"i32bn2uzsl5mo2s","id":"i32bn2uzsl5mo2s"},"id":"2a6z6kiyup9u44w","previousOperationId":"sv4qufyb2eqs41z"}
{"type":"log","timestamp":1684647947003,"level":"info","message":"Rendering request 48 finished in 366 ms","meta":{"rootId":"i32bn2uzsl5mo2s","id":"i32bn2uzsl5mo2s"},"id":"7bk5en4m2yk21ev","previousOperationId":"sv4qufyb2eqs41z"}
{"type":"operationEnd","subtype":"render","operationId":"8xhj9stnfclxht3","timestamp":1684647947003,"id":"mjjm0mgc38vkgxn","previousEventId":"i8m4al7socx5ak5","previousOperationId":"sv4qufyb2eqs41z"}
{"type":"operationEnd","doDiffs":false,"previousEventId":"7fx7oj23bst112z","previousOperationId":"xy392hoe96pi7b2","operationId":"xy392hoe96pi7b2","timestamp":1684647947008,"id":"sahd6u798tcmb01"}
