{"type":"operationStart","subtype":"profile","data":{"_id":"7xe9PuBPnziwvw9X","timestamp":"2023-05-21T05:46:39.633Z","state":"queued","mode":"standard","creationDate":"2023-05-21T05:46:39.635Z","modificationDate":"2023-05-21T05:46:39.635Z","shortid":"-rrmsNF","$entitySet":"profiles"},"doDiffs":false,"timestamp":1684647999634,"id":"uefqn5gpz1rxdp6","previousOperationId":null,"operationId":"ta3pgnfq3unwoh0"}
{"type":"log","level":"info","message":"Render request 51 queued for execution and waiting for available worker","previousOperationId":"ta3pgnfq3unwoh0","timestamp":1684647999634,"id":"ssfgbf11r7z13qt"}
{"type":"operationStart","subtype":"render","name":"invoice-js","previousOperationId":"ta3pgnfq3unwoh0","timestamp":1684647999647,"id":"xvfllxpijbpvni2","previousEventId":"uefqn5gpz1rxdp6","operationId":"42u7idk6e8xu52f"}
{"type":"log","timestamp":1684647999647,"level":"info","message":"Starting rendering request 51","meta":{"rootId":"j1zvqvjno5ppunm","id":"j1zvqvjno5ppunm"},"id":"otdhjpl2awth2b9","previousOperationId":"42u7idk6e8xu52f"}
{"type":"log","timestamp":1684647999647,"level":"info","message":"Rendering template { name: invoice-js, recipe: chrome-pdf, engine: handlebars, preview: true }","meta":{"rootId":"j1zvqvjno5ppunm","id":"j1zvqvjno5ppunm"},"id":"yksu3ikubcop6nb","previousOperationId":"42u7idk6e8xu52f"}
{"type":"log","timestamp":1684647999649,"level":"debug","message":"Inline data specified.","meta":{"rootId":"j1zvqvjno5ppunm","id":"j1zvqvjno5ppunm"},"id":"850y2s11mme7mhz","previousOperationId":"42u7idk6e8xu52f"}
{"type":"log","timestamp":1684647999651,"level":"debug","message":"Base url not specified, skipping its injection.","meta":{"rootId":"j1zvqvjno5ppunm","id":"j1zvqvjno5ppunm"},"id":"r0u9znqs7afuzd7","previousOperationId":"42u7idk6e8xu52f"}
{"type":"operationStart","subtype":"engine","name":"handlebars","timestamp":1684647999652,"id":"c6lrge8bhfmj1jx","previousEventId":"xvfllxpijbpvni2","operationId":"2da258g1uju76q7","previousOperationId":"42u7idk6e8xu52f"}
{"type":"log","timestamp":1684647999652,"level":"debug","message":"Rendering engine handlebars","meta":{"rootId":"j1zvqvjno5ppunm","id":"j1zvqvjno5ppunm"},"id":"a4xx86dwky6qfr9","previousOperationId":"2da258g1uju76q7"}
{"type":"operationEnd","operationId":"2da258g1uju76q7","timestamp":1684647999665,"id":"w4zfr51yomxf9ud","previousEventId":"c6lrge8bhfmj1jx","previousOperationId":"2da258g1uju76q7"}
{"type":"operationStart","subtype":"recipe","name":"chrome-pdf","timestamp":1684647999665,"id":"mq4rnr7asz92csz","previousEventId":"w4zfr51yomxf9ud","operationId":"2yhb4bl4l9i9wqa","previousOperationId":"2da258g1uju76q7"}
{"type":"log","timestamp":1684647999665,"level":"debug","message":"Executing recipe chrome-pdf","meta":{"rootId":"j1zvqvjno5ppunm","id":"j1zvqvjno5ppunm"},"id":"y1cos1lj74b0fnt","previousOperationId":"2yhb4bl4l9i9wqa"}
{"type":"log","timestamp":1684647999668,"level":"debug","message":"Converting with chrome HeadlessChrome/105.0.5173.0 using chrome-pool strategy","meta":{"rootId":"j1zvqvjno5ppunm","id":"j1zvqvjno5ppunm"},"id":"q0qbbizes16l9uw","previousOperationId":"2yhb4bl4l9i9wqa"}
{"type":"log","timestamp":1684647999789,"level":"debug","message":"Page request: GET (document) file:///C:/Users/Adebayo/AppData/Local/Temp/jsreport/autocleanup/a700a43b-45ec-4050-968c-f66ff8b0ee1c-chrome-pdf.html","meta":{"rootId":"j1zvqvjno5ppunm","id":"j1zvqvjno5ppunm"},"id":"dc45few3ai6r835","previousOperationId":"2yhb4bl4l9i9wqa"}
{"type":"log","timestamp":1684647999804,"level":"debug","message":"Page request finished: GET (document) 200 file:///C:/Users/Adebayo/AppData/Local/Temp/jsreport/autocleanup/a700a43b-45ec-4050-968c-f66ff8b0ee1c-chrome-pdf.html","meta":{"rootId":"j1zvqvjno5ppunm","id":"j1zvqvjno5ppunm"},"id":"n296zm9ias13d7t","previousOperationId":"2yhb4bl4l9i9wqa"}
{"type":"log","timestamp":1684647999804,"level":"debug","message":"Page request: GET (script) https://cdn.jsdelivr.net/npm/chart.js","meta":{"rootId":"j1zvqvjno5ppunm","id":"j1zvqvjno5ppunm"},"id":"vg0qzddecmj4i1f","previousOperationId":"2yhb4bl4l9i9wqa"}
{"type":"log","timestamp":1684647999809,"level":"debug","message":"Page request finished: GET (script) 200 https://cdn.jsdelivr.net/npm/chart.js","meta":{"rootId":"j1zvqvjno5ppunm","id":"j1zvqvjno5ppunm"},"id":"rf25bwyh4ohj5cb","previousOperationId":"2yhb4bl4l9i9wqa"}
{"type":"log","timestamp":1684647999906,"level":"debug","message":"Running chrome with params {\"printBackground\":true,\"marginTop\":\"2cm\",\"marginRight\":\"1cm\",\"marginBottom\":\"2cm\",\"marginLeft\":\"1cm\",\"landscape\":false,\"format\":\"A4\",\"displayHeaderFooter\":true,\"timeout\":59966,\"margin\":{\"top\":\"2cm\",\"right\":\"1cm\",\"bottom\":\"2cm\",\"left\":\"1cm\"}}","meta":{"rootId":"j1zvqvjno5ppunm","id":"j1zvqvjno5ppunm"},"id":"euk8o0jgg0kr0o9","previousOperationId":"2yhb4bl4l9i9wqa"}
{"type":"operationEnd","operationId":"2yhb4bl4l9i9wqa","timestamp":1684647999983,"id":"pikj2xpdjcy4fin","previousEventId":"mq4rnr7asz92csz","previousOperationId":"2yhb4bl4l9i9wqa"}
{"type":"log","timestamp":1684647999983,"level":"debug","message":"Skipping storing report.","meta":{"rootId":"j1zvqvjno5ppunm","id":"j1zvqvjno5ppunm"},"id":"hjei2lhvw200wr6","previousOperationId":"2yhb4bl4l9i9wqa"}
{"type":"log","timestamp":1684647999984,"level":"info","message":"Rendering request 51 finished in 351 ms","meta":{"rootId":"j1zvqvjno5ppunm","id":"j1zvqvjno5ppunm"},"id":"wydp5b00lzs2nsi","previousOperationId":"2yhb4bl4l9i9wqa"}
{"type":"operationEnd","subtype":"render","operationId":"42u7idk6e8xu52f","timestamp":1684647999984,"id":"r0eey9zm8x81sbf","previousEventId":"pikj2xpdjcy4fin","previousOperationId":"2yhb4bl4l9i9wqa"}
{"type":"operationEnd","doDiffs":false,"previousEventId":"uefqn5gpz1rxdp6","previousOperationId":"ta3pgnfq3unwoh0","operationId":"ta3pgnfq3unwoh0","timestamp":1684647999987,"id":"8ccft45flqdkjgi"}
