{"type":"operationStart","subtype":"profile","data":{"_id":"DpoK3D94xWRVyTlL","timestamp":"2023-05-21T04:41:05.333Z","state":"queued","mode":"standard","creationDate":"2023-05-21T04:41:05.335Z","modificationDate":"2023-05-21T04:41:05.335Z","shortid":"f7R3yGj","$entitySet":"profiles"},"doDiffs":false,"timestamp":1684644065334,"id":"llbht95wmgk672h","previousOperationId":null,"operationId":"nk1w37o7suprxns"}
{"type":"log","level":"info","message":"Render request 29 queued for execution and waiting for available worker","previousOperationId":"nk1w37o7suprxns","timestamp":1684644065334,"id":"bcqc7x7e219qfxw"}
{"type":"operationStart","subtype":"render","name":"invoice-js","previousOperationId":"nk1w37o7suprxns","timestamp":1684644065343,"id":"6po2um2z3foa9r0","previousEventId":"llbht95wmgk672h","operationId":"e2wb357n3ibjufp"}
{"type":"log","timestamp":1684644065343,"level":"info","message":"Starting rendering request 29","meta":{"rootId":"j8kttiqxoamwx1w","id":"j8kttiqxoamwx1w"},"id":"i8g0db3mnworxip","previousOperationId":"e2wb357n3ibjufp"}
{"type":"log","timestamp":1684644065344,"level":"info","message":"Rendering template { name: invoice-js, recipe: chrome-pdf, engine: handlebars, preview: true }","meta":{"rootId":"j8kttiqxoamwx1w","id":"j8kttiqxoamwx1w"},"id":"qa3vjqm655qhdl7","previousOperationId":"e2wb357n3ibjufp"}
{"type":"log","timestamp":1684644065345,"level":"debug","message":"Inline data specified.","meta":{"rootId":"j8kttiqxoamwx1w","id":"j8kttiqxoamwx1w"},"id":"t4h7fkyo4vvveeq","previousOperationId":"e2wb357n3ibjufp"}
{"type":"log","timestamp":1684644065347,"level":"debug","message":"Base url not specified, skipping its injection.","meta":{"rootId":"j8kttiqxoamwx1w","id":"j8kttiqxoamwx1w"},"id":"xh6tw6eg2benj1v","previousOperationId":"e2wb357n3ibjufp"}
{"type":"operationStart","subtype":"engine","name":"handlebars","timestamp":1684644065347,"id":"nfly2jbcrb2anep","previousEventId":"6po2um2z3foa9r0","operationId":"t78iso5bckrev3p","previousOperationId":"e2wb357n3ibjufp"}
{"type":"log","timestamp":1684644065347,"level":"debug","message":"Rendering engine handlebars","meta":{"rootId":"j8kttiqxoamwx1w","id":"j8kttiqxoamwx1w"},"id":"cfeeyjkzfmb0w0y","previousOperationId":"t78iso5bckrev3p"}
{"type":"operationEnd","operationId":"t78iso5bckrev3p","timestamp":1684644065403,"id":"ls251xyfgjkb9pk","previousEventId":"nfly2jbcrb2anep","previousOperationId":"t78iso5bckrev3p"}
{"type":"operationStart","subtype":"recipe","name":"chrome-pdf","timestamp":1684644065404,"id":"sg9jclejo4df4xw","previousEventId":"ls251xyfgjkb9pk","operationId":"83d4c25kru7e5x9","previousOperationId":"t78iso5bckrev3p"}
{"type":"log","timestamp":1684644065404,"level":"debug","message":"Executing recipe chrome-pdf","meta":{"rootId":"j8kttiqxoamwx1w","id":"j8kttiqxoamwx1w"},"id":"7i2ddba11dg87j5","previousOperationId":"83d4c25kru7e5x9"}
{"type":"log","timestamp":1684644065408,"level":"debug","message":"Converting with chrome HeadlessChrome/105.0.5173.0 using chrome-pool strategy","meta":{"rootId":"j8kttiqxoamwx1w","id":"j8kttiqxoamwx1w"},"id":"cr0b7ykmmvyeo5h","previousOperationId":"83d4c25kru7e5x9"}
{"type":"log","timestamp":1684644065491,"level":"debug","message":"Page request: GET (document) file:///C:/Users/Adebayo/AppData/Local/Temp/jsreport/autocleanup/cdd5e83c-aedc-472f-a11f-12a3bcb2b6d2-chrome-pdf.html","meta":{"rootId":"j8kttiqxoamwx1w","id":"j8kttiqxoamwx1w"},"id":"gxhz7qnjfhtwqbd","previousOperationId":"83d4c25kru7e5x9"}
{"type":"log","timestamp":1684644065502,"level":"debug","message":"Page request finished: GET (document) 200 file:///C:/Users/Adebayo/AppData/Local/Temp/jsreport/autocleanup/cdd5e83c-aedc-472f-a11f-12a3bcb2b6d2-chrome-pdf.html","meta":{"rootId":"j8kttiqxoamwx1w","id":"j8kttiqxoamwx1w"},"id":"o7h98zhqvveyxeu","previousOperationId":"83d4c25kru7e5x9"}
{"type":"log","timestamp":1684644065502,"level":"debug","message":"Page request: GET (script) https://cdnjs.cloudflare.com/ajax/libs/Chart.js/2.1.6/Chart.min.js","meta":{"rootId":"j8kttiqxoamwx1w","id":"j8kttiqxoamwx1w"},"id":"53usyvlm5ih3x7n","previousOperationId":"83d4c25kru7e5x9"}
{"type":"log","timestamp":1684644065508,"level":"debug","message":"Page request finished: GET (script) 200 https://cdnjs.cloudflare.com/ajax/libs/Chart.js/2.1.6/Chart.min.js","meta":{"rootId":"j8kttiqxoamwx1w","id":"j8kttiqxoamwx1w"},"id":"mrq0tvvvfuyhi1g","previousOperationId":"83d4c25kru7e5x9"}
{"type":"log","timestamp":1684644065546,"level":"debug","message":"Running chrome with params {\"printBackground\":true,\"marginTop\":\"2cm\",\"marginRight\":\"1cm\",\"marginBottom\":\"2cm\",\"marginLeft\":\"1cm\",\"timeout\":59927,\"margin\":{\"top\":\"2cm\",\"right\":\"1cm\",\"bottom\":\"2cm\",\"left\":\"1cm\"}}","meta":{"rootId":"j8kttiqxoamwx1w","id":"j8kttiqxoamwx1w"},"id":"hocld9jol8s0e3g","previousOperationId":"83d4c25kru7e5x9"}
{"type":"operationEnd","operationId":"83d4c25kru7e5x9","timestamp":1684644065570,"id":"zq4k4ii8w3zlzhf","previousEventId":"sg9jclejo4df4xw","previousOperationId":"83d4c25kru7e5x9"}
{"type":"log","timestamp":1684644065570,"level":"debug","message":"Skipping storing report.","meta":{"rootId":"j8kttiqxoamwx1w","id":"j8kttiqxoamwx1w"},"id":"7dn70xzwguguzs1","previousOperationId":"83d4c25kru7e5x9"}
{"type":"log","timestamp":1684644065570,"level":"info","message":"Rendering request 29 finished in 237 ms","meta":{"rootId":"j8kttiqxoamwx1w","id":"j8kttiqxoamwx1w"},"id":"nloysdbvj22421q","previousOperationId":"83d4c25kru7e5x9"}
{"type":"operationEnd","subtype":"render","operationId":"e2wb357n3ibjufp","timestamp":1684644065570,"id":"0p9p1jiemftkqv4","previousEventId":"zq4k4ii8w3zlzhf","previousOperationId":"83d4c25kru7e5x9"}
{"type":"operationEnd","doDiffs":false,"previousEventId":"llbht95wmgk672h","previousOperationId":"nk1w37o7suprxns","operationId":"nk1w37o7suprxns","timestamp":1684644065580,"id":"z3kbgzifstk99ix"}
