{"type":"operationStart","subtype":"profile","data":{"_id":"sArjSu1gjRFknYUN","timestamp":"2023-05-21T11:20:02.809Z","state":"queued","mode":"standard","creationDate":"2023-05-21T11:20:02.811Z","modificationDate":"2023-05-21T11:20:02.811Z","shortid":"KDbXAsk","$entitySet":"profiles"},"doDiffs":false,"timestamp":1684668002810,"id":"6l5v7i2jdceaim8","previousOperationId":null,"operationId":"pnu1q2buv3et7xp"}
{"type":"log","level":"info","message":"Render request 158 queued for execution and waiting for available worker","previousOperationId":"pnu1q2buv3et7xp","timestamp":1684668002810,"id":"o0x89b4c0s22ytk"}
{"type":"operationStart","subtype":"render","name":"invoice-js","previousOperationId":"pnu1q2buv3et7xp","timestamp":1684668002828,"id":"1chwmcxksou6ey1","previousEventId":"6l5v7i2jdceaim8","operationId":"ov1d7ejtvod9g9s"}
{"type":"log","timestamp":1684668002828,"level":"info","message":"Starting rendering request 158","meta":{"rootId":"jllgawqlbjrbpzo","id":"jllgawqlbjrbpzo"},"id":"9twepe6gxk3vvq3","previousOperationId":"ov1d7ejtvod9g9s"}
{"type":"log","timestamp":1684668002829,"level":"info","message":"Rendering template { name: invoice-js, recipe: chrome-pdf, engine: handlebars, preview: true }","meta":{"rootId":"jllgawqlbjrbpzo","id":"jllgawqlbjrbpzo"},"id":"trcl6u8ugo5yfn0","previousOperationId":"ov1d7ejtvod9g9s"}
{"type":"log","timestamp":1684668002831,"level":"debug","message":"Inline data specified.","meta":{"rootId":"jllgawqlbjrbpzo","id":"jllgawqlbjrbpzo"},"id":"42dltggt1metxvv","previousOperationId":"ov1d7ejtvod9g9s"}
{"type":"log","timestamp":1684668002834,"level":"debug","message":"Base url not specified, skipping its injection.","meta":{"rootId":"jllgawqlbjrbpzo","id":"jllgawqlbjrbpzo"},"id":"kpf0nv66ngoaff5","previousOperationId":"ov1d7ejtvod9g9s"}
{"type":"operationStart","subtype":"engine","name":"handlebars","timestamp":1684668002834,"id":"zqchjtuqkgcgbyx","previousEventId":"1chwmcxksou6ey1","operationId":"0saxz51m217sjnd","previousOperationId":"ov1d7ejtvod9g9s"}
{"type":"log","timestamp":1684668002834,"level":"debug","message":"Rendering engine handlebars","meta":{"rootId":"jllgawqlbjrbpzo","id":"jllgawqlbjrbpzo"},"id":"9rgrvk9xnhyegg1","previousOperationId":"0saxz51m217sjnd"}
{"type":"operationEnd","operationId":"0saxz51m217sjnd","timestamp":1684668002900,"id":"840br2nxv9qifix","previousEventId":"zqchjtuqkgcgbyx","previousOperationId":"0saxz51m217sjnd"}
{"type":"operationStart","subtype":"recipe","name":"chrome-pdf","timestamp":1684668002900,"id":"rgs3yhkpvgn65yg","previousEventId":"840br2nxv9qifix","operationId":"wurj1kl27tcejgz","previousOperationId":"0saxz51m217sjnd"}
{"type":"log","timestamp":1684668002900,"level":"debug","message":"Executing recipe chrome-pdf","meta":{"rootId":"jllgawqlbjrbpzo","id":"jllgawqlbjrbpzo"},"id":"cazgu1l7bmgznd9","previousOperationId":"wurj1kl27tcejgz"}
{"type":"log","timestamp":1684668002909,"level":"debug","message":"Starting child request to render pdf footer","meta":{"rootId":"jllgawqlbjrbpzo","id":"jllgawqlbjrbpzo"},"id":"v0p1r4iqbx4du85","previousOperationId":"wurj1kl27tcejgz"}
{"type":"operationStart","subtype":"render","name":"anonymous","previousOperationId":"wurj1kl27tcejgz","timestamp":1684668002910,"id":"tvmqezu0x8lum0b","previousEventId":"rgs3yhkpvgn65yg","operationId":"a3qx7i9bzp2o2cc"}
{"type":"log","timestamp":1684668002910,"level":"info","message":"Starting rendering (child) request","meta":{"rootId":"jllgawqlbjrbpzo","id":"a204b3wjzk1mpkf"},"id":"tbtdetnjfolon49","previousOperationId":"a3qx7i9bzp2o2cc"}
{"type":"log","timestamp":1684668002910,"level":"info","message":"Rendering anonymous template { recipe: html, engine: handlebars }","meta":{"rootId":"jllgawqlbjrbpzo","id":"a204b3wjzk1mpkf"},"id":"fy55noy859efpb6","previousOperationId":"a3qx7i9bzp2o2cc"}
{"type":"log","timestamp":1684668002910,"level":"debug","message":"Inline data specified.","meta":{"rootId":"jllgawqlbjrbpzo","id":"a204b3wjzk1mpkf"},"id":"bgjeq0bmtrqmxxe","previousOperationId":"a3qx7i9bzp2o2cc"}
{"type":"log","timestamp":1684668002912,"level":"debug","message":"Base url not specified, skipping its injection.","meta":{"rootId":"jllgawqlbjrbpzo","id":"a204b3wjzk1mpkf"},"id":"uwvcxxeo52eh7eu","previousOperationId":"a3qx7i9bzp2o2cc"}
{"type":"operationStart","subtype":"engine","name":"handlebars","timestamp":1684668002913,"id":"q1j1igrzxrrwe1g","previousEventId":"tvmqezu0x8lum0b","operationId":"mw6wh321ziaksq6","previousOperationId":"a3qx7i9bzp2o2cc"}
{"type":"log","timestamp":1684668002913,"level":"debug","message":"Rendering engine handlebars","meta":{"rootId":"jllgawqlbjrbpzo","id":"a204b3wjzk1mpkf"},"id":"eyppsi889pu0ewu","previousOperationId":"mw6wh321ziaksq6"}
{"type":"operationEnd","operationId":"mw6wh321ziaksq6","timestamp":1684668002951,"id":"tdbgnwvqndzq8jg","previousEventId":"q1j1igrzxrrwe1g","previousOperationId":"mw6wh321ziaksq6"}
{"type":"operationStart","subtype":"recipe","name":"html","timestamp":1684668002951,"id":"wz2c84ptiew3d6f","previousEventId":"tdbgnwvqndzq8jg","operationId":"8lsdgtorq4yswq2","previousOperationId":"mw6wh321ziaksq6"}
{"type":"log","timestamp":1684668002951,"level":"debug","message":"Executing recipe html","meta":{"rootId":"jllgawqlbjrbpzo","id":"a204b3wjzk1mpkf"},"id":"pf4sy9q23yhnf1b","previousOperationId":"8lsdgtorq4yswq2"}
{"type":"operationEnd","operationId":"8lsdgtorq4yswq2","timestamp":1684668002951,"id":"2hs9006pabwo2tb","previousEventId":"wz2c84ptiew3d6f","previousOperationId":"8lsdgtorq4yswq2"}
{"type":"log","timestamp":1684668002951,"level":"debug","message":"Skipping storing report.","meta":{"rootId":"jllgawqlbjrbpzo","id":"a204b3wjzk1mpkf"},"id":"s57zavv9xnk2ykv","previousOperationId":"8lsdgtorq4yswq2"}
{"type":"log","timestamp":1684668002951,"level":"info","message":"Rendering (child) request finished in 142 ms","meta":{"rootId":"jllgawqlbjrbpzo","id":"a204b3wjzk1mpkf"},"id":"djrcsskbnxkgjaq","previousOperationId":"8lsdgtorq4yswq2"}
{"type":"operationEnd","subtype":"render","operationId":"a3qx7i9bzp2o2cc","timestamp":1684668002951,"id":"26karkcywlg0od4","previousEventId":"2hs9006pabwo2tb","previousOperationId":"8lsdgtorq4yswq2"}
{"type":"log","timestamp":1684668002953,"level":"debug","message":"Converting with chrome HeadlessChrome/105.0.5173.0 using chrome-pool strategy","meta":{"rootId":"jllgawqlbjrbpzo","id":"jllgawqlbjrbpzo"},"id":"9yjvjqwmzk959d3","previousOperationId":"wurj1kl27tcejgz"}
{"type":"log","timestamp":1684668003122,"level":"debug","message":"Page request: GET (document) file:///C:/Users/Adebayo/AppData/Local/Temp/jsreport/autocleanup/682888cc-f8fb-4721-9ebb-23b7d7ed9ec0-chrome-pdf.html","meta":{"rootId":"jllgawqlbjrbpzo","id":"jllgawqlbjrbpzo"},"id":"ec5zl035v7wexl8","previousOperationId":"wurj1kl27tcejgz"}
{"type":"log","timestamp":1684668003143,"level":"debug","message":"Page request finished: GET (document) 200 file:///C:/Users/Adebayo/AppData/Local/Temp/jsreport/autocleanup/682888cc-f8fb-4721-9ebb-23b7d7ed9ec0-chrome-pdf.html","meta":{"rootId":"jllgawqlbjrbpzo","id":"jllgawqlbjrbpzo"},"id":"2ctylkcs7av64la","previousOperationId":"wurj1kl27tcejgz"}
{"type":"log","timestamp":1684668003143,"level":"debug","message":"Page request: GET (script) https://cdnjs.cloudflare.com/ajax/libs/Chart.js/2.1.6/Chart.min.js","meta":{"rootId":"jllgawqlbjrbpzo","id":"jllgawqlbjrbpzo"},"id":"6gkmgk6yx6rhhiw","previousOperationId":"wurj1kl27tcejgz"}
{"type":"log","timestamp":1684668003153,"level":"debug","message":"Page request finished: GET (script) 200 https://cdnjs.cloudflare.com/ajax/libs/Chart.js/2.1.6/Chart.min.js","meta":{"rootId":"jllgawqlbjrbpzo","id":"jllgawqlbjrbpzo"},"id":"gx806mpdqwkeb5g","previousOperationId":"wurj1kl27tcejgz"}
{"type":"log","timestamp":1684668003164,"level":"warn","message":"Page error: SyntaxError: Unexpected token ','","meta":{"rootId":"jllgawqlbjrbpzo","id":"jllgawqlbjrbpzo"},"id":"tspllw4hzz3t52q","previousOperationId":"wurj1kl27tcejgz"}
{"type":"log","timestamp":1684668003169,"level":"debug","message":"Running chrome with params {\"printBackground\":true,\"marginTop\":\"2cm\",\"marginRight\":\"1cm\",\"marginBottom\":\"2cm\",\"marginLeft\":\"1cm\",\"landscape\":false,\"format\":\"A4\",\"displayHeaderFooter\":true,\"footerTemplate\":\"...\",\"timeout\":59858,\"margin\":{\"top\":\"2cm\",\"right\":\"1cm\",\"bottom\":\"2cm\",\"left\":\"1cm\"}}","meta":{"rootId":"jllgawqlbjrbpzo","id":"jllgawqlbjrbpzo"},"id":"rtypfixd06rhl7g","previousOperationId":"wurj1kl27tcejgz"}
{"type":"operationEnd","operationId":"wurj1kl27tcejgz","timestamp":1684668003293,"id":"cimt2smkk167c62","previousEventId":"rgs3yhkpvgn65yg","previousOperationId":"wurj1kl27tcejgz"}
{"type":"log","timestamp":1684668003293,"level":"debug","message":"Skipping storing report.","meta":{"rootId":"jllgawqlbjrbpzo","id":"jllgawqlbjrbpzo"},"id":"17bldpt1739lnjd","previousOperationId":"wurj1kl27tcejgz"}
{"type":"log","timestamp":1684668003293,"level":"info","message":"Rendering request 158 finished in 484 ms","meta":{"rootId":"jllgawqlbjrbpzo","id":"jllgawqlbjrbpzo"},"id":"c5514507w9m9zef","previousOperationId":"wurj1kl27tcejgz"}
{"type":"operationEnd","subtype":"render","operationId":"ov1d7ejtvod9g9s","timestamp":1684668003294,"id":"rlp1p18946azda6","previousEventId":"cimt2smkk167c62","previousOperationId":"wurj1kl27tcejgz"}
{"type":"operationEnd","doDiffs":false,"previousEventId":"6l5v7i2jdceaim8","previousOperationId":"pnu1q2buv3et7xp","operationId":"pnu1q2buv3et7xp","timestamp":1684668003302,"id":"jcz3ovh76cxs098"}
