{"type":"operationStart","subtype":"profile","data":{"_id":"PQXRcmTgV8lBrarx","timestamp":"2023-05-21T06:24:18.491Z","state":"queued","mode":"standard","creationDate":"2023-05-21T06:24:18.495Z","modificationDate":"2023-05-21T06:24:18.495Z","shortid":"7j_rDVz","$entitySet":"profiles"},"doDiffs":false,"timestamp":1684650258493,"id":"3tu1vp16h6ytzu1","previousOperationId":null,"operationId":"tyrzf5iw5ceydwh"}
{"type":"log","level":"info","message":"Render request 66 queued for execution and waiting for available worker","previousOperationId":"tyrzf5iw5ceydwh","timestamp":1684650258493,"id":"89bfte34yujkkic"}
{"type":"operationStart","subtype":"render","name":"invoice-js","previousOperationId":"tyrzf5iw5ceydwh","timestamp":1684650258511,"id":"kcxn3m7qm4dovxx","previousEventId":"3tu1vp16h6ytzu1","operationId":"i4lrpvin4dqdyzr"}
{"type":"log","timestamp":1684650258511,"level":"info","message":"Starting rendering request 66","meta":{"rootId":"jz6i5b3fc6h7rsj","id":"jz6i5b3fc6h7rsj"},"id":"i707h3r3c4k37l4","previousOperationId":"i4lrpvin4dqdyzr"}
{"type":"log","timestamp":1684650258512,"level":"info","message":"Rendering template { name: invoice-js, recipe: chrome-pdf, engine: handlebars, preview: true }","meta":{"rootId":"jz6i5b3fc6h7rsj","id":"jz6i5b3fc6h7rsj"},"id":"lxb7hj7oc5f6dp4","previousOperationId":"i4lrpvin4dqdyzr"}
{"type":"log","timestamp":1684650258515,"level":"debug","message":"Adding sample data YnJQL_aQg","meta":{"rootId":"jz6i5b3fc6h7rsj","id":"jz6i5b3fc6h7rsj"},"id":"9a7dbgkka3leq35","previousOperationId":"i4lrpvin4dqdyzr"}
{"type":"log","timestamp":1684650258518,"level":"debug","message":"Base url not specified, skipping its injection.","meta":{"rootId":"jz6i5b3fc6h7rsj","id":"jz6i5b3fc6h7rsj"},"id":"29cqjrjhwe8wfp7","previousOperationId":"i4lrpvin4dqdyzr"}
{"type":"operationStart","subtype":"engine","name":"handlebars","timestamp":1684650258518,"id":"gip0qo7n9dbccl8","previousEventId":"kcxn3m7qm4dovxx","operationId":"ozjt75ucbkd7n6r","previousOperationId":"i4lrpvin4dqdyzr"}
{"type":"log","timestamp":1684650258518,"level":"debug","message":"Rendering engine handlebars","meta":{"rootId":"jz6i5b3fc6h7rsj","id":"jz6i5b3fc6h7rsj"},"id":"6azyy35x72t1z0g","previousOperationId":"ozjt75ucbkd7n6r"}
{"type":"operationEnd","operationId":"ozjt75ucbkd7n6r","timestamp":1684650258537,"id":"lob1sc7u7lm5n91","previousEventId":"gip0qo7n9dbccl8","previousOperationId":"ozjt75ucbkd7n6r"}
{"type":"operationStart","subtype":"recipe","name":"chrome-pdf","timestamp":1684650258538,"id":"co6fow2cas5bri7","previousEventId":"lob1sc7u7lm5n91","operationId":"195rtauas6ejlu9","previousOperationId":"ozjt75ucbkd7n6r"}
{"type":"log","timestamp":1684650258538,"level":"debug","message":"Executing recipe chrome-pdf","meta":{"rootId":"jz6i5b3fc6h7rsj","id":"jz6i5b3fc6h7rsj"},"id":"4zxtd0s9yrl05n5","previousOperationId":"195rtauas6ejlu9"}
{"type":"log","timestamp":1684650258540,"level":"debug","message":"Starting child request to render pdf footer","meta":{"rootId":"jz6i5b3fc6h7rsj","id":"jz6i5b3fc6h7rsj"},"id":"d2ckopfuivs9e7c","previousOperationId":"195rtauas6ejlu9"}
{"type":"operationStart","subtype":"render","name":"anonymous","previousOperationId":"195rtauas6ejlu9","timestamp":1684650258541,"id":"e5y4sbjhbc6tlqu","previousEventId":"co6fow2cas5bri7","operationId":"8zok02m64htwufs"}
{"type":"log","timestamp":1684650258541,"level":"info","message":"Starting rendering (child) request","meta":{"rootId":"jz6i5b3fc6h7rsj","id":"8ju23zxl2pkx0ju"},"id":"jsth0rqmahoh2q6","previousOperationId":"8zok02m64htwufs"}
{"type":"log","timestamp":1684650258541,"level":"info","message":"Rendering anonymous template { recipe: html, engine: handlebars }","meta":{"rootId":"jz6i5b3fc6h7rsj","id":"8ju23zxl2pkx0ju"},"id":"wps3mx71udnp7ci","previousOperationId":"8zok02m64htwufs"}
{"type":"log","timestamp":1684650258541,"level":"debug","message":"Inline data specified.","meta":{"rootId":"jz6i5b3fc6h7rsj","id":"8ju23zxl2pkx0ju"},"id":"ojwa3pvmzjbrp3h","previousOperationId":"8zok02m64htwufs"}
{"type":"log","timestamp":1684650258542,"level":"debug","message":"Base url not specified, skipping its injection.","meta":{"rootId":"jz6i5b3fc6h7rsj","id":"8ju23zxl2pkx0ju"},"id":"bwvz84fey40wl5p","previousOperationId":"8zok02m64htwufs"}
{"type":"operationStart","subtype":"engine","name":"handlebars","timestamp":1684650258543,"id":"6ywg9nmcdna28ax","previousEventId":"e5y4sbjhbc6tlqu","operationId":"xd1ffpphyi26y20","previousOperationId":"8zok02m64htwufs"}
{"type":"log","timestamp":1684650258543,"level":"debug","message":"Rendering engine handlebars","meta":{"rootId":"jz6i5b3fc6h7rsj","id":"8ju23zxl2pkx0ju"},"id":"vam7b373wtw21qy","previousOperationId":"xd1ffpphyi26y20"}
{"type":"operationEnd","operationId":"xd1ffpphyi26y20","timestamp":1684650258633,"id":"4r6cq15fgs5zja3","previousEventId":"6ywg9nmcdna28ax","previousOperationId":"xd1ffpphyi26y20"}
{"type":"operationStart","subtype":"recipe","name":"html","timestamp":1684650258633,"id":"q3tp9d88pptndct","previousEventId":"4r6cq15fgs5zja3","operationId":"1ywpwhj3icux3eq","previousOperationId":"xd1ffpphyi26y20"}
{"type":"log","timestamp":1684650258633,"level":"debug","message":"Executing recipe html","meta":{"rootId":"jz6i5b3fc6h7rsj","id":"8ju23zxl2pkx0ju"},"id":"zbspvhn17d9s0fb","previousOperationId":"1ywpwhj3icux3eq"}
{"type":"operationEnd","operationId":"1ywpwhj3icux3eq","timestamp":1684650258633,"id":"u3xytelev7dr3em","previousEventId":"q3tp9d88pptndct","previousOperationId":"1ywpwhj3icux3eq"}
{"type":"log","timestamp":1684650258633,"level":"debug","message":"Skipping storing report.","meta":{"rootId":"jz6i5b3fc6h7rsj","id":"8ju23zxl2pkx0ju"},"id":"dll96i444xaaet4","previousOperationId":"1ywpwhj3icux3eq"}
{"type":"log","timestamp":1684650258633,"level":"info","message":"Rendering (child) request finished in 142 ms","meta":{"rootId":"jz6i5b3fc6h7rsj","id":"8ju23zxl2pkx0ju"},"id":"derp4db57xsnbfk","previousOperationId":"1ywpwhj3icux3eq"}
{"type":"operationEnd","subtype":"render","operationId":"8zok02m64htwufs","timestamp":1684650258633,"id":"q8doa1l4ka4p5p5","previousEventId":"u3xytelev7dr3em","previousOperationId":"1ywpwhj3icux3eq"}
{"type":"log","timestamp":1684650258824,"level":"debug","message":"Converting with chrome HeadlessChrome/105.0.5173.0 using chrome-pool strategy","meta":{"rootId":"jz6i5b3fc6h7rsj","id":"jz6i5b3fc6h7rsj"},"id":"m0ha4bkbqsg14fv","previousOperationId":"195rtauas6ejlu9"}
{"type":"log","timestamp":1684650258987,"level":"debug","message":"Page request: GET (document) file:///C:/Users/Adebayo/AppData/Local/Temp/jsreport/autocleanup/51b07048-1430-465f-944e-3262b6973ad2-chrome-pdf.html","meta":{"rootId":"jz6i5b3fc6h7rsj","id":"jz6i5b3fc6h7rsj"},"id":"a1xtcu36am3xw2o","previousOperationId":"195rtauas6ejlu9"}
{"type":"log","timestamp":1684650259007,"level":"debug","message":"Page request finished: GET (document) 200 file:///C:/Users/Adebayo/AppData/Local/Temp/jsreport/autocleanup/51b07048-1430-465f-944e-3262b6973ad2-chrome-pdf.html","meta":{"rootId":"jz6i5b3fc6h7rsj","id":"jz6i5b3fc6h7rsj"},"id":"evm9xlol5sid562","previousOperationId":"195rtauas6ejlu9"}
{"type":"log","timestamp":1684650259007,"level":"debug","message":"Page request: GET (script) https://cdn.jsdelivr.net/npm/chart.js","meta":{"rootId":"jz6i5b3fc6h7rsj","id":"jz6i5b3fc6h7rsj"},"id":"42tefqvwi9sf0uz","previousOperationId":"195rtauas6ejlu9"}
{"type":"log","timestamp":1684650263705,"level":"debug","message":"Page request finished: GET (script) 200 https://cdn.jsdelivr.net/npm/chart.js","meta":{"rootId":"jz6i5b3fc6h7rsj","id":"jz6i5b3fc6h7rsj"},"id":"pnnovw0e7oo4r1l","previousOperationId":"195rtauas6ejlu9"}
{"type":"log","timestamp":1684650263710,"level":"warn","message":"Page error: SyntaxError: Unexpected token ','","meta":{"rootId":"jz6i5b3fc6h7rsj","id":"jz6i5b3fc6h7rsj"},"id":"nss9r4jaiwyaewv","previousOperationId":"195rtauas6ejlu9"}
{"type":"log","timestamp":1684650263717,"level":"debug","message":"Running chrome with params {\"printBackground\":true,\"marginTop\":\"2cm\",\"marginRight\":\"1cm\",\"marginBottom\":\"2cm\",\"marginLeft\":\"1cm\",\"landscape\":false,\"format\":\"A4\",\"displayHeaderFooter\":true,\"footerTemplate\":\"...\",\"timeout\":59857,\"margin\":{\"top\":\"2cm\",\"right\":\"1cm\",\"bottom\":\"2cm\",\"left\":\"1cm\"}}","meta":{"rootId":"jz6i5b3fc6h7rsj","id":"jz6i5b3fc6h7rsj"},"id":"5r1s69chu192zr1","previousOperationId":"195rtauas6ejlu9"}
{"type":"operationEnd","operationId":"195rtauas6ejlu9","timestamp":1684650263789,"id":"jxslqccig6noqau","previousEventId":"co6fow2cas5bri7","previousOperationId":"195rtauas6ejlu9"}
{"type":"log","timestamp":1684650263789,"level":"debug","message":"Skipping storing report.","meta":{"rootId":"jz6i5b3fc6h7rsj","id":"jz6i5b3fc6h7rsj"},"id":"6qpz6w5obu68tmv","previousOperationId":"195rtauas6ejlu9"}
{"type":"log","timestamp":1684650263789,"level":"info","message":"Rendering request 66 finished in 5298 ms","meta":{"rootId":"jz6i5b3fc6h7rsj","id":"jz6i5b3fc6h7rsj"},"id":"v6gahfa3orxiums","previousOperationId":"195rtauas6ejlu9"}
{"type":"operationEnd","subtype":"render","operationId":"i4lrpvin4dqdyzr","timestamp":1684650263789,"id":"fcxcz7hr2gqt665","previousEventId":"jxslqccig6noqau","previousOperationId":"195rtauas6ejlu9"}
{"type":"operationEnd","doDiffs":false,"previousEventId":"3tu1vp16h6ytzu1","previousOperationId":"tyrzf5iw5ceydwh","operationId":"tyrzf5iw5ceydwh","timestamp":1684650263801,"id":"flvtr6nbn7bniz6"}
