{"type":"operationStart","subtype":"profile","data":{"_id":"qNdI2V8nWSG7jBmH","timestamp":"2023-05-21T13:57:00.136Z","state":"queued","mode":"standard","creationDate":"2023-05-21T13:57:00.138Z","modificationDate":"2023-05-21T13:57:00.138Z","shortid":"IiLvLo0","$entitySet":"profiles"},"doDiffs":false,"timestamp":1684677420137,"id":"nvf9lv5dezgdolb","previousOperationId":null,"operationId":"weymokum75mzaqk"}
{"type":"log","level":"info","message":"Render request 182 queued for execution and waiting for available worker","previousOperationId":"weymokum75mzaqk","timestamp":1684677420137,"id":"an870unmuhnz6yn"}
{"type":"operationStart","subtype":"render","name":"invoice-js","previousOperationId":"weymokum75mzaqk","timestamp":1684677420146,"id":"ypomhbjkf4xa1k7","previousEventId":"nvf9lv5dezgdolb","operationId":"i5rwdfdutgxzqfq"}
{"type":"log","timestamp":1684677420146,"level":"info","message":"Starting rendering request 182","meta":{"rootId":"k0iomckalbm86fh","id":"k0iomckalbm86fh"},"id":"7lzgcgizyks7oxf","previousOperationId":"i5rwdfdutgxzqfq"}
{"type":"log","timestamp":1684677420146,"level":"info","message":"Rendering template { name: invoice-js, recipe: chrome-pdf, engine: handlebars, preview: false }","meta":{"rootId":"k0iomckalbm86fh","id":"k0iomckalbm86fh"},"id":"d2o542jefcnea2p","previousOperationId":"i5rwdfdutgxzqfq"}
{"type":"log","timestamp":1684677420147,"level":"debug","message":"Inline data specified.","meta":{"rootId":"k0iomckalbm86fh","id":"k0iomckalbm86fh"},"id":"di2k3ano4eqx95q","previousOperationId":"i5rwdfdutgxzqfq"}
{"type":"log","timestamp":1684677420149,"level":"debug","message":"Base url not specified, skipping its injection.","meta":{"rootId":"k0iomckalbm86fh","id":"k0iomckalbm86fh"},"id":"ynnbr3c5crb4ym0","previousOperationId":"i5rwdfdutgxzqfq"}
{"type":"operationStart","subtype":"engine","name":"handlebars","timestamp":1684677420149,"id":"nxva7q4acqt40ib","previousEventId":"ypomhbjkf4xa1k7","operationId":"fzlv1i7ymr50daa","previousOperationId":"i5rwdfdutgxzqfq"}
{"type":"log","timestamp":1684677420149,"level":"debug","message":"Rendering engine handlebars","meta":{"rootId":"k0iomckalbm86fh","id":"k0iomckalbm86fh"},"id":"mv144dh5y4q4210","previousOperationId":"fzlv1i7ymr50daa"}
{"type":"operationEnd","operationId":"fzlv1i7ymr50daa","timestamp":1684677420158,"id":"okhlhjkrsyuclhp","previousEventId":"nxva7q4acqt40ib","previousOperationId":"fzlv1i7ymr50daa"}
{"type":"operationStart","subtype":"recipe","name":"chrome-pdf","timestamp":1684677420158,"id":"vg4qj2djgnep6z1","previousEventId":"okhlhjkrsyuclhp","operationId":"eepodin73odqace","previousOperationId":"fzlv1i7ymr50daa"}
{"type":"log","timestamp":1684677420158,"level":"debug","message":"Executing recipe chrome-pdf","meta":{"rootId":"k0iomckalbm86fh","id":"k0iomckalbm86fh"},"id":"b1nk9x084nwbycu","previousOperationId":"eepodin73odqace"}
{"type":"log","timestamp":1684677420163,"level":"debug","message":"Starting child request to render pdf footer","meta":{"rootId":"k0iomckalbm86fh","id":"k0iomckalbm86fh"},"id":"rh1sqrbejtptmfm","previousOperationId":"eepodin73odqace"}
{"type":"operationStart","subtype":"render","name":"anonymous","previousOperationId":"eepodin73odqace","timestamp":1684677420163,"id":"0axtgrwgr4iueb8","previousEventId":"vg4qj2djgnep6z1","operationId":"ryrw2monl1nztm7"}
{"type":"log","timestamp":1684677420163,"level":"info","message":"Starting rendering (child) request","meta":{"rootId":"k0iomckalbm86fh","id":"ujyp9bpc05e1wos"},"id":"qm8f66j2zlcw3qi","previousOperationId":"ryrw2monl1nztm7"}
{"type":"log","timestamp":1684677420163,"level":"info","message":"Rendering anonymous template { recipe: html, engine: handlebars }","meta":{"rootId":"k0iomckalbm86fh","id":"ujyp9bpc05e1wos"},"id":"1uwh8c9ugiql9of","previousOperationId":"ryrw2monl1nztm7"}
{"type":"log","timestamp":1684677420163,"level":"debug","message":"Inline data specified.","meta":{"rootId":"k0iomckalbm86fh","id":"ujyp9bpc05e1wos"},"id":"4mbpg8nrnt6qnrm","previousOperationId":"ryrw2monl1nztm7"}
{"type":"log","timestamp":1684677420188,"level":"debug","message":"Base url not specified, skipping its injection.","meta":{"rootId":"k0iomckalbm86fh","id":"ujyp9bpc05e1wos"},"id":"dquskb634v8gaai","previousOperationId":"ryrw2monl1nztm7"}
{"type":"operationStart","subtype":"engine","name":"handlebars","timestamp":1684677420188,"id":"kx991n0h7lpfc4x","previousEventId":"0axtgrwgr4iueb8","operationId":"bulcgo79a3j18hh","previousOperationId":"ryrw2monl1nztm7"}
{"type":"log","timestamp":1684677420188,"level":"debug","message":"Rendering engine handlebars","meta":{"rootId":"k0iomckalbm86fh","id":"ujyp9bpc05e1wos"},"id":"m70u2usuez0ls5g","previousOperationId":"bulcgo79a3j18hh"}
{"type":"operationEnd","operationId":"bulcgo79a3j18hh","timestamp":1684677420199,"id":"jligk1d04wiq4nc","previousEventId":"kx991n0h7lpfc4x","previousOperationId":"bulcgo79a3j18hh"}
{"type":"operationStart","subtype":"recipe","name":"html","timestamp":1684677420199,"id":"ft5ut0c3l4h2tyo","previousEventId":"jligk1d04wiq4nc","operationId":"k1pg4phpusy68lt","previousOperationId":"bulcgo79a3j18hh"}
{"type":"log","timestamp":1684677420199,"level":"debug","message":"Executing recipe html","meta":{"rootId":"k0iomckalbm86fh","id":"ujyp9bpc05e1wos"},"id":"vroa5ynzhr8izc4","previousOperationId":"k1pg4phpusy68lt"}
{"type":"operationEnd","operationId":"k1pg4phpusy68lt","timestamp":1684677420199,"id":"n3w4h5qfe1y4e03","previousEventId":"ft5ut0c3l4h2tyo","previousOperationId":"k1pg4phpusy68lt"}
{"type":"log","timestamp":1684677420199,"level":"debug","message":"Skipping storing report.","meta":{"rootId":"k0iomckalbm86fh","id":"ujyp9bpc05e1wos"},"id":"ve9pjadyw0g7mfr","previousOperationId":"k1pg4phpusy68lt"}
{"type":"log","timestamp":1684677420199,"level":"info","message":"Rendering (child) request finished in 63 ms","meta":{"rootId":"k0iomckalbm86fh","id":"ujyp9bpc05e1wos"},"id":"kb7jagnjd6kcqqg","previousOperationId":"k1pg4phpusy68lt"}
{"type":"operationEnd","subtype":"render","operationId":"ryrw2monl1nztm7","timestamp":1684677420199,"id":"gfohlebnk64hyji","previousEventId":"n3w4h5qfe1y4e03","previousOperationId":"k1pg4phpusy68lt"}
{"type":"log","timestamp":1684677420326,"level":"debug","message":"Converting with chrome HeadlessChrome/105.0.5173.0 using chrome-pool strategy","meta":{"rootId":"k0iomckalbm86fh","id":"k0iomckalbm86fh"},"id":"4ioppc4t8ayca3r","previousOperationId":"eepodin73odqace"}
{"type":"log","timestamp":1684677420486,"level":"debug","message":"Page request: GET (document) file:///C:/Users/Adebayo/AppData/Local/Temp/jsreport/autocleanup/96b0e398-1236-4e70-8210-714082c0e366-chrome-pdf.html","meta":{"rootId":"k0iomckalbm86fh","id":"k0iomckalbm86fh"},"id":"hsew2l8t1a9e6pb","previousOperationId":"eepodin73odqace"}
{"type":"log","timestamp":1684677420496,"level":"debug","message":"Page request finished: GET (document) 200 file:///C:/Users/Adebayo/AppData/Local/Temp/jsreport/autocleanup/96b0e398-1236-4e70-8210-714082c0e366-chrome-pdf.html","meta":{"rootId":"k0iomckalbm86fh","id":"k0iomckalbm86fh"},"id":"mie40fajnzm6u23","previousOperationId":"eepodin73odqace"}
{"type":"log","timestamp":1684677420496,"level":"debug","message":"Page request: GET (script) https://cdnjs.cloudflare.com/ajax/libs/Chart.js/2.1.6/Chart.min.js","meta":{"rootId":"k0iomckalbm86fh","id":"k0iomckalbm86fh"},"id":"1yzjfot9gj5a0ys","previousOperationId":"eepodin73odqace"}
{"type":"log","timestamp":1684677421912,"level":"debug","message":"Page request finished: GET (script) 200 https://cdnjs.cloudflare.com/ajax/libs/Chart.js/2.1.6/Chart.min.js","meta":{"rootId":"k0iomckalbm86fh","id":"k0iomckalbm86fh"},"id":"v4ptl4gqae13hf7","previousOperationId":"eepodin73odqace"}
{"type":"log","timestamp":1684677421955,"level":"debug","message":"Running chrome with params {\"printBackground\":true,\"marginTop\":\"2cm\",\"marginRight\":\"1cm\",\"marginBottom\":\"2cm\",\"marginLeft\":\"1cm\",\"landscape\":false,\"format\":\"A4\",\"displayHeaderFooter\":true,\"footerTemplate\":\"...\",\"timeout\":59937,\"margin\":{\"top\":\"2cm\",\"right\":\"1cm\",\"bottom\":\"2cm\",\"left\":\"1cm\"}}","meta":{"rootId":"k0iomckalbm86fh","id":"k0iomckalbm86fh"},"id":"lubezxp08lzuo5y","previousOperationId":"eepodin73odqace"}
{"type":"operationEnd","operationId":"eepodin73odqace","timestamp":1684677422016,"id":"l5u75j5iqpi15bt","previousEventId":"vg4qj2djgnep6z1","previousOperationId":"eepodin73odqace"}
{"type":"log","timestamp":1684677422016,"level":"debug","message":"Skipping storing report.","meta":{"rootId":"k0iomckalbm86fh","id":"k0iomckalbm86fh"},"id":"d7wcio9ojllou8x","previousOperationId":"eepodin73odqace"}
{"type":"log","timestamp":1684677422016,"level":"info","message":"Rendering request 182 finished in 1880 ms","meta":{"rootId":"k0iomckalbm86fh","id":"k0iomckalbm86fh"},"id":"2jqxby9zcoguj92","previousOperationId":"eepodin73odqace"}
{"type":"operationEnd","subtype":"render","operationId":"i5rwdfdutgxzqfq","timestamp":1684677422016,"id":"81y5sjtne8ulflk","previousEventId":"l5u75j5iqpi15bt","previousOperationId":"eepodin73odqace"}
{"type":"operationEnd","doDiffs":false,"previousEventId":"nvf9lv5dezgdolb","previousOperationId":"weymokum75mzaqk","operationId":"weymokum75mzaqk","timestamp":1684677422021,"id":"vw8hmfrc68q2ymx"}
