{"type":"operationStart","subtype":"profile","data":{"_id":"R6IHHz9cUAR2x4bV","timestamp":"2023-05-21T05:44:06.019Z","state":"queued","mode":"standard","creationDate":"2023-05-21T05:44:06.020Z","modificationDate":"2023-05-21T05:44:06.020Z","shortid":"pTfF-BC","$entitySet":"profiles"},"doDiffs":false,"timestamp":1684647846019,"id":"iotc5oxz4fu9rpq","previousOperationId":null,"operationId":"26oitub2l6a5ril"}
{"type":"log","level":"info","message":"Render request 45 queued for execution and waiting for available worker","previousOperationId":"26oitub2l6a5ril","timestamp":1684647846019,"id":"2ycwas97u3vdzpl"}
{"type":"operationStart","subtype":"render","name":"invoice-js","previousOperationId":"26oitub2l6a5ril","timestamp":1684647846031,"id":"3wsprb93e83e0tj","previousEventId":"iotc5oxz4fu9rpq","operationId":"p0kz0xvio77ygov"}
{"type":"log","timestamp":1684647846031,"level":"info","message":"Starting rendering request 45","meta":{"rootId":"koav8hz7kw42kz6","id":"koav8hz7kw42kz6"},"id":"w30o5hpi7382xoo","previousOperationId":"p0kz0xvio77ygov"}
{"type":"log","timestamp":1684647846031,"level":"info","message":"Rendering template { name: invoice-js, recipe: chrome-pdf, engine: handlebars, preview: true }","meta":{"rootId":"koav8hz7kw42kz6","id":"koav8hz7kw42kz6"},"id":"2ga4n3t08ghn9c3","previousOperationId":"p0kz0xvio77ygov"}
{"type":"log","timestamp":1684647846032,"level":"debug","message":"Inline data specified.","meta":{"rootId":"koav8hz7kw42kz6","id":"koav8hz7kw42kz6"},"id":"wtlnsxz46iwm9cm","previousOperationId":"p0kz0xvio77ygov"}
{"type":"log","timestamp":1684647846036,"level":"debug","message":"Base url not specified, skipping its injection.","meta":{"rootId":"koav8hz7kw42kz6","id":"koav8hz7kw42kz6"},"id":"kthq8ktxxjlpgd6","previousOperationId":"p0kz0xvio77ygov"}
{"type":"operationStart","subtype":"engine","name":"handlebars","timestamp":1684647846036,"id":"0g3kn4cj2p2jr4b","previousEventId":"3wsprb93e83e0tj","operationId":"m6k0id5fb4ojsln","previousOperationId":"p0kz0xvio77ygov"}
{"type":"log","timestamp":1684647846036,"level":"debug","message":"Rendering engine handlebars","meta":{"rootId":"koav8hz7kw42kz6","id":"koav8hz7kw42kz6"},"id":"qmme5kmm78fayjc","previousOperationId":"m6k0id5fb4ojsln"}
{"type":"operationEnd","operationId":"m6k0id5fb4ojsln","timestamp":1684647846050,"id":"h3tny4igmuh40jt","previousEventId":"0g3kn4cj2p2jr4b","previousOperationId":"m6k0id5fb4ojsln"}
{"type":"operationStart","subtype":"recipe","name":"chrome-pdf","timestamp":1684647846051,"id":"pfu8q91bitprzx5","previousEventId":"h3tny4igmuh40jt","operationId":"8hagr7vw218l6oh","previousOperationId":"m6k0id5fb4ojsln"}
{"type":"log","timestamp":1684647846051,"level":"debug","message":"Executing recipe chrome-pdf","meta":{"rootId":"koav8hz7kw42kz6","id":"koav8hz7kw42kz6"},"id":"a8r6uh06c207woy","previousOperationId":"8hagr7vw218l6oh"}
{"type":"log","timestamp":1684647846053,"level":"debug","message":"Converting with chrome HeadlessChrome/105.0.5173.0 using chrome-pool strategy","meta":{"rootId":"koav8hz7kw42kz6","id":"koav8hz7kw42kz6"},"id":"4ce675jhxks3izp","previousOperationId":"8hagr7vw218l6oh"}
{"type":"log","timestamp":1684647846184,"level":"debug","message":"Page request: GET (document) file:///C:/Users/Adebayo/AppData/Local/Temp/jsreport/autocleanup/73e55435-3cd4-4a7b-9cb9-03078107c133-chrome-pdf.html","meta":{"rootId":"koav8hz7kw42kz6","id":"koav8hz7kw42kz6"},"id":"qwnlj9i8zzgeav3","previousOperationId":"8hagr7vw218l6oh"}
{"type":"log","timestamp":1684647846197,"level":"debug","message":"Page request finished: GET (document) 200 file:///C:/Users/Adebayo/AppData/Local/Temp/jsreport/autocleanup/73e55435-3cd4-4a7b-9cb9-03078107c133-chrome-pdf.html","meta":{"rootId":"koav8hz7kw42kz6","id":"koav8hz7kw42kz6"},"id":"3hy2oc15de7com1","previousOperationId":"8hagr7vw218l6oh"}
{"type":"log","timestamp":1684647846197,"level":"debug","message":"Page request: GET (script) https://cdn.jsdelivr.net/npm/chart.js","meta":{"rootId":"koav8hz7kw42kz6","id":"koav8hz7kw42kz6"},"id":"qkznflmc9tlqjjv","previousOperationId":"8hagr7vw218l6oh"}
{"type":"log","timestamp":1684647846205,"level":"debug","message":"Page request finished: GET (script) 200 https://cdn.jsdelivr.net/npm/chart.js","meta":{"rootId":"koav8hz7kw42kz6","id":"koav8hz7kw42kz6"},"id":"aadsc7h3doq8zi8","previousOperationId":"8hagr7vw218l6oh"}
{"type":"log","timestamp":1684647846289,"level":"debug","message":"Running chrome with params {\"printBackground\":true,\"marginTop\":\"2cm\",\"marginRight\":\"1cm\",\"marginBottom\":\"2cm\",\"marginLeft\":\"1cm\",\"landscape\":false,\"format\":\"A4\",\"displayHeaderFooter\":true,\"timeout\":59966,\"margin\":{\"top\":\"2cm\",\"right\":\"1cm\",\"bottom\":\"2cm\",\"left\":\"1cm\"}}","meta":{"rootId":"koav8hz7kw42kz6","id":"koav8hz7kw42kz6"},"id":"4ehvviw8mnp7t25","previousOperationId":"8hagr7vw218l6oh"}
{"type":"operationEnd","operationId":"8hagr7vw218l6oh","timestamp":1684647846363,"id":"7d5qkm9nze9z6fb","previousEventId":"pfu8q91bitprzx5","previousOperationId":"8hagr7vw218l6oh"}
{"type":"log","timestamp":1684647846363,"level":"debug","message":"Skipping storing report.","meta":{"rootId":"koav8hz7kw42kz6","id":"koav8hz7kw42kz6"},"id":"a6jr8o45lffq9zy","previousOperationId":"8hagr7vw218l6oh"}
{"type":"log","timestamp":1684647846363,"level":"info","message":"Rendering request 45 finished in 345 ms","meta":{"rootId":"koav8hz7kw42kz6","id":"koav8hz7kw42kz6"},"id":"71afobefj4npumn","previousOperationId":"8hagr7vw218l6oh"}
{"type":"operationEnd","subtype":"render","operationId":"p0kz0xvio77ygov","timestamp":1684647846363,"id":"9cshtb51hqgeaq9","previousEventId":"7d5qkm9nze9z6fb","previousOperationId":"8hagr7vw218l6oh"}
{"type":"operationEnd","doDiffs":false,"previousEventId":"iotc5oxz4fu9rpq","previousOperationId":"26oitub2l6a5ril","operationId":"26oitub2l6a5ril","timestamp":1684647846369,"id":"n6sdqsnnoqsx2d3"}
