{"type":"operationStart","subtype":"profile","data":{"_id":"tiW24OQG0sh9CMCz","timestamp":"2023-05-21T07:04:00.641Z","state":"queued","mode":"standard","creationDate":"2023-05-21T07:04:00.645Z","modificationDate":"2023-05-21T07:04:00.645Z","shortid":"fFYN0-U","$entitySet":"profiles"},"doDiffs":false,"timestamp":1684652640642,"id":"l7uve4bpbtq1ab0","previousOperationId":null,"operationId":"02zh5hkwcmh1xtq"}
{"type":"log","level":"info","message":"Render request 95 queued for execution and waiting for available worker","previousOperationId":"02zh5hkwcmh1xtq","timestamp":1684652640642,"id":"38s1up8g0d3cipp"}
{"type":"operationStart","subtype":"render","name":"invoice-js","previousOperationId":"02zh5hkwcmh1xtq","timestamp":1684652640658,"id":"do1j0d8un6j8u4w","previousEventId":"l7uve4bpbtq1ab0","operationId":"z38xp459t7dtmxx"}
{"type":"log","timestamp":1684652640658,"level":"info","message":"Starting rendering request 95","meta":{"rootId":"kr8dn26emblqjcb","id":"kr8dn26emblqjcb"},"id":"6ucc8s6z2ggj49z","previousOperationId":"z38xp459t7dtmxx"}
{"type":"log","timestamp":1684652640659,"level":"info","message":"Rendering template { name: invoice-js, recipe: chrome-pdf, engine: handlebars, preview: false }","meta":{"rootId":"kr8dn26emblqjcb","id":"kr8dn26emblqjcb"},"id":"4tikmkwguy1sveh","previousOperationId":"z38xp459t7dtmxx"}
{"type":"log","timestamp":1684652640661,"level":"debug","message":"Inline data specified.","meta":{"rootId":"kr8dn26emblqjcb","id":"kr8dn26emblqjcb"},"id":"43pmalbtjkg8jcw","previousOperationId":"z38xp459t7dtmxx"}
{"type":"log","timestamp":1684652640666,"level":"debug","message":"Base url not specified, skipping its injection.","meta":{"rootId":"kr8dn26emblqjcb","id":"kr8dn26emblqjcb"},"id":"tj2gsstbmrv6xfh","previousOperationId":"z38xp459t7dtmxx"}
{"type":"operationStart","subtype":"engine","name":"handlebars","timestamp":1684652640666,"id":"n2ft2ba7wtrd8kd","previousEventId":"do1j0d8un6j8u4w","operationId":"mtmb9izfyr55u6y","previousOperationId":"z38xp459t7dtmxx"}
{"type":"log","timestamp":1684652640666,"level":"debug","message":"Rendering engine handlebars","meta":{"rootId":"kr8dn26emblqjcb","id":"kr8dn26emblqjcb"},"id":"30kx8zdf39m6h0d","previousOperationId":"mtmb9izfyr55u6y"}
{"type":"operationEnd","operationId":"mtmb9izfyr55u6y","timestamp":1684652640693,"id":"1ualp1ma9cqxmz1","previousEventId":"n2ft2ba7wtrd8kd","previousOperationId":"mtmb9izfyr55u6y"}
{"type":"operationStart","subtype":"recipe","name":"chrome-pdf","timestamp":1684652640694,"id":"22kz3h0w0d394lx","previousEventId":"1ualp1ma9cqxmz1","operationId":"lmqcy1v7y0ilalz","previousOperationId":"mtmb9izfyr55u6y"}
{"type":"log","timestamp":1684652640694,"level":"debug","message":"Executing recipe chrome-pdf","meta":{"rootId":"kr8dn26emblqjcb","id":"kr8dn26emblqjcb"},"id":"my3ypb1pdolm5qm","previousOperationId":"lmqcy1v7y0ilalz"}
{"type":"log","timestamp":1684652640698,"level":"debug","message":"Starting child request to render pdf footer","meta":{"rootId":"kr8dn26emblqjcb","id":"kr8dn26emblqjcb"},"id":"ogbl0rwcmrf4ns0","previousOperationId":"lmqcy1v7y0ilalz"}
{"type":"operationStart","subtype":"render","name":"anonymous","previousOperationId":"lmqcy1v7y0ilalz","timestamp":1684652640700,"id":"71a1gclxx80b1tl","previousEventId":"22kz3h0w0d394lx","operationId":"eru5np870zq1l42"}
{"type":"log","timestamp":1684652640700,"level":"info","message":"Starting rendering (child) request","meta":{"rootId":"kr8dn26emblqjcb","id":"bcv6vlrh760vst4"},"id":"bzus5p8bxr64zsd","previousOperationId":"eru5np870zq1l42"}
{"type":"log","timestamp":1684652640701,"level":"info","message":"Rendering anonymous template { recipe: html, engine: handlebars }","meta":{"rootId":"kr8dn26emblqjcb","id":"bcv6vlrh760vst4"},"id":"38csudi0zi5tpjn","previousOperationId":"eru5np870zq1l42"}
{"type":"log","timestamp":1684652640701,"level":"debug","message":"Inline data specified.","meta":{"rootId":"kr8dn26emblqjcb","id":"bcv6vlrh760vst4"},"id":"3reklx9q6ok6dtd","previousOperationId":"eru5np870zq1l42"}
{"type":"log","timestamp":1684652640707,"level":"debug","message":"Base url not specified, skipping its injection.","meta":{"rootId":"kr8dn26emblqjcb","id":"bcv6vlrh760vst4"},"id":"f88y5sefk118dtt","previousOperationId":"eru5np870zq1l42"}
{"type":"operationStart","subtype":"engine","name":"handlebars","timestamp":1684652640707,"id":"zzotpwb5dq8iopn","previousEventId":"71a1gclxx80b1tl","operationId":"5qcjcm3q2vn8vsw","previousOperationId":"eru5np870zq1l42"}
{"type":"log","timestamp":1684652640707,"level":"debug","message":"Rendering engine handlebars","meta":{"rootId":"kr8dn26emblqjcb","id":"bcv6vlrh760vst4"},"id":"v421i16baocrvis","previousOperationId":"5qcjcm3q2vn8vsw"}
{"type":"operationEnd","operationId":"5qcjcm3q2vn8vsw","timestamp":1684652640728,"id":"470yippp4uilxp0","previousEventId":"zzotpwb5dq8iopn","previousOperationId":"5qcjcm3q2vn8vsw"}
{"type":"operationStart","subtype":"recipe","name":"html","timestamp":1684652640728,"id":"pnliknyyyfymblv","previousEventId":"470yippp4uilxp0","operationId":"48j8hzmmwb3b9fp","previousOperationId":"5qcjcm3q2vn8vsw"}
{"type":"log","timestamp":1684652640728,"level":"debug","message":"Executing recipe html","meta":{"rootId":"kr8dn26emblqjcb","id":"bcv6vlrh760vst4"},"id":"ffe5eaqk29xc0tr","previousOperationId":"48j8hzmmwb3b9fp"}
{"type":"operationEnd","operationId":"48j8hzmmwb3b9fp","timestamp":1684652640728,"id":"29tw4l7dnvygurx","previousEventId":"pnliknyyyfymblv","previousOperationId":"48j8hzmmwb3b9fp"}
{"type":"log","timestamp":1684652640728,"level":"debug","message":"Skipping storing report.","meta":{"rootId":"kr8dn26emblqjcb","id":"bcv6vlrh760vst4"},"id":"uv1hy5u2zy2qebg","previousOperationId":"48j8hzmmwb3b9fp"}
{"type":"log","timestamp":1684652640729,"level":"info","message":"Rendering (child) request finished in 89 ms","meta":{"rootId":"kr8dn26emblqjcb","id":"bcv6vlrh760vst4"},"id":"ft79bjwcxhdbq4o","previousOperationId":"48j8hzmmwb3b9fp"}
{"type":"operationEnd","subtype":"render","operationId":"eru5np870zq1l42","timestamp":1684652640729,"id":"iaitahrjllm125i","previousEventId":"29tw4l7dnvygurx","previousOperationId":"48j8hzmmwb3b9fp"}
{"type":"log","timestamp":1684652640731,"level":"debug","message":"Converting with chrome HeadlessChrome/105.0.5173.0 using chrome-pool strategy","meta":{"rootId":"kr8dn26emblqjcb","id":"kr8dn26emblqjcb"},"id":"7bm7v0csj4fcovd","previousOperationId":"lmqcy1v7y0ilalz"}
{"type":"log","timestamp":1684652640877,"level":"debug","message":"Page request: GET (document) file:///C:/Users/Adebayo/AppData/Local/Temp/jsreport/autocleanup/5689c116-c726-4dfd-a457-52b1003805fa-chrome-pdf.html","meta":{"rootId":"kr8dn26emblqjcb","id":"kr8dn26emblqjcb"},"id":"c8fnyqcb0kk1ilg","previousOperationId":"lmqcy1v7y0ilalz"}
{"type":"log","timestamp":1684652640899,"level":"debug","message":"Page request finished: GET (document) 200 file:///C:/Users/Adebayo/AppData/Local/Temp/jsreport/autocleanup/5689c116-c726-4dfd-a457-52b1003805fa-chrome-pdf.html","meta":{"rootId":"kr8dn26emblqjcb","id":"kr8dn26emblqjcb"},"id":"2hsgchd8595sp0r","previousOperationId":"lmqcy1v7y0ilalz"}
{"type":"log","timestamp":1684652640900,"level":"debug","message":"Page request: GET (script) https://cdnjs.cloudflare.com/ajax/libs/Chart.js/2.1.6/Chart.min.js","meta":{"rootId":"kr8dn26emblqjcb","id":"kr8dn26emblqjcb"},"id":"ps4vfcsb8us423n","previousOperationId":"lmqcy1v7y0ilalz"}
{"type":"log","timestamp":1684652640909,"level":"debug","message":"Page request finished: GET (script) 200 https://cdnjs.cloudflare.com/ajax/libs/Chart.js/2.1.6/Chart.min.js","meta":{"rootId":"kr8dn26emblqjcb","id":"kr8dn26emblqjcb"},"id":"knhxkbn6smaxwjh","previousOperationId":"lmqcy1v7y0ilalz"}
{"type":"log","timestamp":1684652640914,"level":"warn","message":"Page error: SyntaxError: Unexpected token ','","meta":{"rootId":"kr8dn26emblqjcb","id":"kr8dn26emblqjcb"},"id":"i0780743wnlta1e","previousOperationId":"lmqcy1v7y0ilalz"}
{"type":"log","timestamp":1684652640918,"level":"debug","message":"Running chrome with params {\"printBackground\":true,\"marginTop\":\"2cm\",\"marginRight\":\"1cm\",\"marginBottom\":\"2cm\",\"marginLeft\":\"1cm\",\"landscape\":false,\"format\":\"A4\",\"displayHeaderFooter\":true,\"footerTemplate\":\"...\",\"timeout\":59911,\"margin\":{\"top\":\"2cm\",\"right\":\"1cm\",\"bottom\":\"2cm\",\"left\":\"1cm\"}}","meta":{"rootId":"kr8dn26emblqjcb","id":"kr8dn26emblqjcb"},"id":"1ddxs3qrwb7xv0z","previousOperationId":"lmqcy1v7y0ilalz"}
{"type":"operationEnd","operationId":"lmqcy1v7y0ilalz","timestamp":1684652641009,"id":"jt03uburaf8iwqv","previousEventId":"22kz3h0w0d394lx","previousOperationId":"lmqcy1v7y0ilalz"}
{"type":"log","timestamp":1684652641009,"level":"debug","message":"Skipping storing report.","meta":{"rootId":"kr8dn26emblqjcb","id":"kr8dn26emblqjcb"},"id":"7tkmd9xfiwb25qs","previousOperationId":"lmqcy1v7y0ilalz"}
{"type":"log","timestamp":1684652641009,"level":"info","message":"Rendering request 95 finished in 369 ms","meta":{"rootId":"kr8dn26emblqjcb","id":"kr8dn26emblqjcb"},"id":"oz0mtiz8xjg8gg9","previousOperationId":"lmqcy1v7y0ilalz"}
{"type":"operationEnd","subtype":"render","operationId":"z38xp459t7dtmxx","timestamp":1684652641009,"id":"9z3eami1o2shjjf","previousEventId":"jt03uburaf8iwqv","previousOperationId":"lmqcy1v7y0ilalz"}
{"type":"operationEnd","doDiffs":false,"previousEventId":"l7uve4bpbtq1ab0","previousOperationId":"02zh5hkwcmh1xtq","operationId":"02zh5hkwcmh1xtq","timestamp":1684652641015,"id":"1sjcwrj4z4a2199"}
