{"type":"operationStart","subtype":"profile","data":{"_id":"Vgsqyguaddfo5oWV","timestamp":"2023-05-21T05:31:41.959Z","state":"queued","mode":"standard","creationDate":"2023-05-21T05:31:41.962Z","modificationDate":"2023-05-21T05:31:41.962Z","shortid":"oNtHfZ2","$entitySet":"profiles"},"doDiffs":false,"timestamp":1684647101961,"id":"wm00eub9nn1l2ew","previousOperationId":null,"operationId":"s8wjx0k5s7eu04a"}
{"type":"log","level":"info","message":"Render request 32 queued for execution and waiting for available worker","previousOperationId":"s8wjx0k5s7eu04a","timestamp":1684647101961,"id":"dioapbwo0vmg18n"}
{"type":"operationStart","subtype":"render","name":"invoice-js","previousOperationId":"s8wjx0k5s7eu04a","timestamp":1684647101974,"id":"evkma19kxeanv69","previousEventId":"wm00eub9nn1l2ew","operationId":"edktqqiloh5tju9"}
{"type":"log","timestamp":1684647101974,"level":"info","message":"Starting rendering request 32","meta":{"rootId":"l7qwo6ox4nz59tr","id":"l7qwo6ox4nz59tr"},"id":"qpcayt8e54d7xtg","previousOperationId":"edktqqiloh5tju9"}
{"type":"log","timestamp":1684647101974,"level":"info","message":"Rendering template { name: invoice-js, recipe: chrome-pdf, engine: handlebars, preview: true }","meta":{"rootId":"l7qwo6ox4nz59tr","id":"l7qwo6ox4nz59tr"},"id":"rybr1qz1j5mv6wu","previousOperationId":"edktqqiloh5tju9"}
{"type":"log","timestamp":1684647101975,"level":"debug","message":"Inline data specified.","meta":{"rootId":"l7qwo6ox4nz59tr","id":"l7qwo6ox4nz59tr"},"id":"q08e9z9xvnlgdti","previousOperationId":"edktqqiloh5tju9"}
{"type":"log","timestamp":1684647101979,"level":"debug","message":"Base url not specified, skipping its injection.","meta":{"rootId":"l7qwo6ox4nz59tr","id":"l7qwo6ox4nz59tr"},"id":"ldvacj1zkl06z5p","previousOperationId":"edktqqiloh5tju9"}
{"type":"operationStart","subtype":"engine","name":"handlebars","timestamp":1684647101979,"id":"glv3m2dta8zcv8x","previousEventId":"evkma19kxeanv69","operationId":"v05sf1wq25jeqt8","previousOperationId":"edktqqiloh5tju9"}
{"type":"log","timestamp":1684647101979,"level":"debug","message":"Rendering engine handlebars","meta":{"rootId":"l7qwo6ox4nz59tr","id":"l7qwo6ox4nz59tr"},"id":"l6rhrd9x65iur9o","previousOperationId":"v05sf1wq25jeqt8"}
{"type":"operationEnd","operationId":"v05sf1wq25jeqt8","timestamp":1684647102050,"id":"5pd7yn6oq53ct2t","previousEventId":"glv3m2dta8zcv8x","previousOperationId":"v05sf1wq25jeqt8"}
{"type":"operationStart","subtype":"recipe","name":"chrome-pdf","timestamp":1684647102050,"id":"st0c849ro2un13t","previousEventId":"5pd7yn6oq53ct2t","operationId":"qjgwdnr8w4snhjy","previousOperationId":"v05sf1wq25jeqt8"}
{"type":"log","timestamp":1684647102050,"level":"debug","message":"Executing recipe chrome-pdf","meta":{"rootId":"l7qwo6ox4nz59tr","id":"l7qwo6ox4nz59tr"},"id":"h6c8r0m4gg1asrq","previousOperationId":"qjgwdnr8w4snhjy"}
{"type":"log","timestamp":1684647102054,"level":"debug","message":"Converting with chrome HeadlessChrome/105.0.5173.0 using chrome-pool strategy","meta":{"rootId":"l7qwo6ox4nz59tr","id":"l7qwo6ox4nz59tr"},"id":"v7dm1bsbt4unbhi","previousOperationId":"qjgwdnr8w4snhjy"}
{"type":"log","timestamp":1684647102157,"level":"debug","message":"Page request: GET (document) file:///C:/Users/Adebayo/AppData/Local/Temp/jsreport/autocleanup/b15d723a-835b-45e0-9b6e-60aed9b5406f-chrome-pdf.html","meta":{"rootId":"l7qwo6ox4nz59tr","id":"l7qwo6ox4nz59tr"},"id":"bx8zr8tpacy0i1a","previousOperationId":"qjgwdnr8w4snhjy"}
{"type":"log","timestamp":1684647102174,"level":"debug","message":"Page request finished: GET (document) 200 file:///C:/Users/Adebayo/AppData/Local/Temp/jsreport/autocleanup/b15d723a-835b-45e0-9b6e-60aed9b5406f-chrome-pdf.html","meta":{"rootId":"l7qwo6ox4nz59tr","id":"l7qwo6ox4nz59tr"},"id":"mifc573c3jicmg6","previousOperationId":"qjgwdnr8w4snhjy"}
{"type":"log","timestamp":1684647102175,"level":"debug","message":"Page request: GET (script) https://cdnjs.cloudflare.com/ajax/libs/Chart.js/2.1.6/Chart.min.js","meta":{"rootId":"l7qwo6ox4nz59tr","id":"l7qwo6ox4nz59tr"},"id":"usoa11uc4qempnq","previousOperationId":"qjgwdnr8w4snhjy"}
{"type":"log","timestamp":1684647105279,"level":"debug","message":"Page request finished: GET (script) 200 https://cdnjs.cloudflare.com/ajax/libs/Chart.js/2.1.6/Chart.min.js","meta":{"rootId":"l7qwo6ox4nz59tr","id":"l7qwo6ox4nz59tr"},"id":"s96n1i51orlh401","previousOperationId":"qjgwdnr8w4snhjy"}
{"type":"log","timestamp":1684647105333,"level":"debug","message":"Running chrome with params {\"printBackground\":true,\"marginTop\":\"2cm\",\"marginRight\":\"1cm\",\"marginBottom\":\"2cm\",\"marginLeft\":\"1cm\",\"landscape\":false,\"format\":\"A4\",\"displayHeaderFooter\":true,\"timeout\":59907,\"margin\":{\"top\":\"2cm\",\"right\":\"1cm\",\"bottom\":\"2cm\",\"left\":\"1cm\"}}","meta":{"rootId":"l7qwo6ox4nz59tr","id":"l7qwo6ox4nz59tr"},"id":"ex9cqkucbj7q9gk","previousOperationId":"qjgwdnr8w4snhjy"}
{"type":"operationEnd","operationId":"qjgwdnr8w4snhjy","timestamp":1684647105442,"id":"avbc6625i8ftfr1","previousEventId":"st0c849ro2un13t","previousOperationId":"qjgwdnr8w4snhjy"}
{"type":"log","timestamp":1684647105442,"level":"debug","message":"Skipping storing report.","meta":{"rootId":"l7qwo6ox4nz59tr","id":"l7qwo6ox4nz59tr"},"id":"0c4clsnf22yh658","previousOperationId":"qjgwdnr8w4snhjy"}
{"type":"log","timestamp":1684647105443,"level":"info","message":"Rendering request 32 finished in 3484 ms","meta":{"rootId":"l7qwo6ox4nz59tr","id":"l7qwo6ox4nz59tr"},"id":"ixfy3lockj4czhb","previousOperationId":"qjgwdnr8w4snhjy"}
{"type":"operationEnd","subtype":"render","operationId":"edktqqiloh5tju9","timestamp":1684647105443,"id":"58la4btfdkcmo2p","previousEventId":"avbc6625i8ftfr1","previousOperationId":"qjgwdnr8w4snhjy"}
{"type":"operationEnd","doDiffs":false,"previousEventId":"wm00eub9nn1l2ew","previousOperationId":"s8wjx0k5s7eu04a","operationId":"s8wjx0k5s7eu04a","timestamp":1684647105447,"id":"6p3dtk5amp8ijky"}
