{"type":"operationStart","subtype":"profile","data":{"_id":"1P3l2LDIAU7Ve801","timestamp":"2023-05-21T14:02:07.496Z","state":"queued","mode":"standard","creationDate":"2023-05-21T14:02:07.498Z","modificationDate":"2023-05-21T14:02:07.498Z","shortid":"ZiwwaHX","$entitySet":"profiles"},"doDiffs":false,"timestamp":1684677727497,"id":"2usf47qssutloau","previousOperationId":null,"operationId":"0rg8l4cidoam98z"}
{"type":"log","level":"info","message":"Render request 184 queued for execution and waiting for available worker","previousOperationId":"0rg8l4cidoam98z","timestamp":1684677727497,"id":"qkmrc1k8xa64uyq"}
{"type":"operationStart","subtype":"render","name":"invoice-js","previousOperationId":"0rg8l4cidoam98z","timestamp":1684677727510,"id":"2pwvj0v9a2eqyvo","previousEventId":"2usf47qssutloau","operationId":"sbmjobekrvmx3gb"}
{"type":"log","timestamp":1684677727511,"level":"info","message":"Starting rendering request 184","meta":{"rootId":"l9r8asz0y0vwpl2","id":"l9r8asz0y0vwpl2"},"id":"dvnfsso6b8awvej","previousOperationId":"sbmjobekrvmx3gb"}
{"type":"log","timestamp":1684677727511,"level":"info","message":"Rendering template { name: invoice-js, recipe: chrome-pdf, engine: handlebars, preview: false }","meta":{"rootId":"l9r8asz0y0vwpl2","id":"l9r8asz0y0vwpl2"},"id":"s8fy1ntb19vwkbg","previousOperationId":"sbmjobekrvmx3gb"}
{"type":"log","timestamp":1684677727513,"level":"debug","message":"Inline data specified.","meta":{"rootId":"l9r8asz0y0vwpl2","id":"l9r8asz0y0vwpl2"},"id":"9fzpt5fhryxme2h","previousOperationId":"sbmjobekrvmx3gb"}
{"type":"log","timestamp":1684677727522,"level":"debug","message":"Base url not specified, skipping its injection.","meta":{"rootId":"l9r8asz0y0vwpl2","id":"l9r8asz0y0vwpl2"},"id":"1lk826rg6lv47yx","previousOperationId":"sbmjobekrvmx3gb"}
{"type":"operationStart","subtype":"engine","name":"handlebars","timestamp":1684677727522,"id":"twnrgu527cwzi7r","previousEventId":"2pwvj0v9a2eqyvo","operationId":"x3lw5kpav1xurej","previousOperationId":"sbmjobekrvmx3gb"}
{"type":"log","timestamp":1684677727522,"level":"debug","message":"Rendering engine handlebars","meta":{"rootId":"l9r8asz0y0vwpl2","id":"l9r8asz0y0vwpl2"},"id":"vakp4ecgi5eq63z","previousOperationId":"x3lw5kpav1xurej"}
{"type":"operationEnd","operationId":"x3lw5kpav1xurej","timestamp":1684677727543,"id":"csb469ujpee9nqa","previousEventId":"twnrgu527cwzi7r","previousOperationId":"x3lw5kpav1xurej"}
{"type":"operationStart","subtype":"recipe","name":"chrome-pdf","timestamp":1684677727544,"id":"j77gtp1f8blnh8y","previousEventId":"csb469ujpee9nqa","operationId":"8xp6wgorqdnde3h","previousOperationId":"x3lw5kpav1xurej"}
{"type":"log","timestamp":1684677727544,"level":"debug","message":"Executing recipe chrome-pdf","meta":{"rootId":"l9r8asz0y0vwpl2","id":"l9r8asz0y0vwpl2"},"id":"937cs2xcsytxsvq","previousOperationId":"8xp6wgorqdnde3h"}
{"type":"log","timestamp":1684677727545,"level":"debug","message":"Starting child request to render pdf footer","meta":{"rootId":"l9r8asz0y0vwpl2","id":"l9r8asz0y0vwpl2"},"id":"4p55crht9q3mwv1","previousOperationId":"8xp6wgorqdnde3h"}
{"type":"operationStart","subtype":"render","name":"anonymous","previousOperationId":"8xp6wgorqdnde3h","timestamp":1684677727546,"id":"9x8kauy07dlt2e8","previousEventId":"j77gtp1f8blnh8y","operationId":"nd661bqjijjmkx5"}
{"type":"log","timestamp":1684677727546,"level":"info","message":"Starting rendering (child) request","meta":{"rootId":"l9r8asz0y0vwpl2","id":"567b0fw2u8k9a1b"},"id":"qb7su6a7l15as4w","previousOperationId":"nd661bqjijjmkx5"}
{"type":"log","timestamp":1684677727546,"level":"info","message":"Rendering anonymous template { recipe: html, engine: handlebars }","meta":{"rootId":"l9r8asz0y0vwpl2","id":"567b0fw2u8k9a1b"},"id":"iotfmw6q513nsum","previousOperationId":"nd661bqjijjmkx5"}
{"type":"log","timestamp":1684677727546,"level":"debug","message":"Inline data specified.","meta":{"rootId":"l9r8asz0y0vwpl2","id":"567b0fw2u8k9a1b"},"id":"1qql40inq78xp3x","previousOperationId":"nd661bqjijjmkx5"}
{"type":"log","timestamp":1684677727547,"level":"debug","message":"Base url not specified, skipping its injection.","meta":{"rootId":"l9r8asz0y0vwpl2","id":"567b0fw2u8k9a1b"},"id":"0ufxm5ncj7rzqg1","previousOperationId":"nd661bqjijjmkx5"}
{"type":"operationStart","subtype":"engine","name":"handlebars","timestamp":1684677727548,"id":"oblapue1mdp62zo","previousEventId":"9x8kauy07dlt2e8","operationId":"dio5sov4nnfx2dh","previousOperationId":"nd661bqjijjmkx5"}
{"type":"log","timestamp":1684677727548,"level":"debug","message":"Rendering engine handlebars","meta":{"rootId":"l9r8asz0y0vwpl2","id":"567b0fw2u8k9a1b"},"id":"vu8l4n1t1fx35d7","previousOperationId":"dio5sov4nnfx2dh"}
{"type":"operationEnd","operationId":"dio5sov4nnfx2dh","timestamp":1684677727564,"id":"gtmr8imxxn8btol","previousEventId":"oblapue1mdp62zo","previousOperationId":"dio5sov4nnfx2dh"}
{"type":"operationStart","subtype":"recipe","name":"html","timestamp":1684677727564,"id":"x1fhkz4a84burwi","previousEventId":"gtmr8imxxn8btol","operationId":"gorjhchrkozuije","previousOperationId":"dio5sov4nnfx2dh"}
{"type":"log","timestamp":1684677727564,"level":"debug","message":"Executing recipe html","meta":{"rootId":"l9r8asz0y0vwpl2","id":"567b0fw2u8k9a1b"},"id":"o45le01uozlholg","previousOperationId":"gorjhchrkozuije"}
{"type":"operationEnd","operationId":"gorjhchrkozuije","timestamp":1684677727564,"id":"1pm5ki7d293dfut","previousEventId":"x1fhkz4a84burwi","previousOperationId":"gorjhchrkozuije"}
{"type":"log","timestamp":1684677727564,"level":"debug","message":"Skipping storing report.","meta":{"rootId":"l9r8asz0y0vwpl2","id":"567b0fw2u8k9a1b"},"id":"fj6akaexxgwzt1d","previousOperationId":"gorjhchrkozuije"}
{"type":"log","timestamp":1684677727564,"level":"info","message":"Rendering (child) request finished in 69 ms","meta":{"rootId":"l9r8asz0y0vwpl2","id":"567b0fw2u8k9a1b"},"id":"1aftfppjm4grnoh","previousOperationId":"gorjhchrkozuije"}
{"type":"operationEnd","subtype":"render","operationId":"nd661bqjijjmkx5","timestamp":1684677727564,"id":"onjjwlgvibvsbp4","previousEventId":"1pm5ki7d293dfut","previousOperationId":"gorjhchrkozuije"}
{"type":"log","timestamp":1684677727566,"level":"debug","message":"Converting with chrome HeadlessChrome/105.0.5173.0 using chrome-pool strategy","meta":{"rootId":"l9r8asz0y0vwpl2","id":"l9r8asz0y0vwpl2"},"id":"chtkee44w7um0ph","previousOperationId":"8xp6wgorqdnde3h"}
{"type":"log","timestamp":1684677727651,"level":"debug","message":"Page request: GET (document) file:///C:/Users/Adebayo/AppData/Local/Temp/jsreport/autocleanup/aab5f8d4-9c3b-46a6-a989-7d4a67cd071d-chrome-pdf.html","meta":{"rootId":"l9r8asz0y0vwpl2","id":"l9r8asz0y0vwpl2"},"id":"vy7mzx0gjqln4fj","previousOperationId":"8xp6wgorqdnde3h"}
{"type":"log","timestamp":1684677727665,"level":"debug","message":"Page request finished: GET (document) 200 file:///C:/Users/Adebayo/AppData/Local/Temp/jsreport/autocleanup/aab5f8d4-9c3b-46a6-a989-7d4a67cd071d-chrome-pdf.html","meta":{"rootId":"l9r8asz0y0vwpl2","id":"l9r8asz0y0vwpl2"},"id":"zpkemdqzjxg5x10","previousOperationId":"8xp6wgorqdnde3h"}
{"type":"log","timestamp":1684677727666,"level":"debug","message":"Page request: GET (script) https://cdnjs.cloudflare.com/ajax/libs/Chart.js/2.1.6/Chart.min.js","meta":{"rootId":"l9r8asz0y0vwpl2","id":"l9r8asz0y0vwpl2"},"id":"5yqth5t72y7cthk","previousOperationId":"8xp6wgorqdnde3h"}
{"type":"log","timestamp":1684677727671,"level":"debug","message":"Page request finished: GET (script) 200 https://cdnjs.cloudflare.com/ajax/libs/Chart.js/2.1.6/Chart.min.js","meta":{"rootId":"l9r8asz0y0vwpl2","id":"l9r8asz0y0vwpl2"},"id":"g1ckbmvp3xwvucs","previousOperationId":"8xp6wgorqdnde3h"}
{"type":"log","timestamp":1684677727674,"level":"warn","message":"Page error: SyntaxError: Unexpected token ','","meta":{"rootId":"l9r8asz0y0vwpl2","id":"l9r8asz0y0vwpl2"},"id":"u1218trr4rvyyjb","previousOperationId":"8xp6wgorqdnde3h"}
{"type":"log","timestamp":1684677727678,"level":"debug","message":"Running chrome with params {\"printBackground\":true,\"marginTop\":\"2cm\",\"marginRight\":\"1cm\",\"marginBottom\":\"2cm\",\"marginLeft\":\"1cm\",\"landscape\":false,\"format\":\"A4\",\"displayHeaderFooter\":true,\"footerTemplate\":\"...\",\"timeout\":59931,\"margin\":{\"top\":\"2cm\",\"right\":\"1cm\",\"bottom\":\"2cm\",\"left\":\"1cm\"}}","meta":{"rootId":"l9r8asz0y0vwpl2","id":"l9r8asz0y0vwpl2"},"id":"38f2kzj01i5w079","previousOperationId":"8xp6wgorqdnde3h"}
{"type":"operationEnd","operationId":"8xp6wgorqdnde3h","timestamp":1684677727734,"id":"nfrq1p3tlkmxsrj","previousEventId":"j77gtp1f8blnh8y","previousOperationId":"8xp6wgorqdnde3h"}
{"type":"log","timestamp":1684677727734,"level":"debug","message":"Skipping storing report.","meta":{"rootId":"l9r8asz0y0vwpl2","id":"l9r8asz0y0vwpl2"},"id":"ywukysii0nb1dz1","previousOperationId":"8xp6wgorqdnde3h"}
{"type":"log","timestamp":1684677727734,"level":"info","message":"Rendering request 184 finished in 239 ms","meta":{"rootId":"l9r8asz0y0vwpl2","id":"l9r8asz0y0vwpl2"},"id":"dd4fj1mer8i2xtw","previousOperationId":"8xp6wgorqdnde3h"}
{"type":"operationEnd","subtype":"render","operationId":"sbmjobekrvmx3gb","timestamp":1684677727734,"id":"qnkvv0fudd1xkvk","previousEventId":"nfrq1p3tlkmxsrj","previousOperationId":"8xp6wgorqdnde3h"}
{"type":"operationEnd","doDiffs":false,"previousEventId":"2usf47qssutloau","previousOperationId":"0rg8l4cidoam98z","operationId":"0rg8l4cidoam98z","timestamp":1684677727741,"id":"tpqjrb8pnxa0zi3"}
