{"type":"operationStart","subtype":"profile","data":{"_id":"rr9CqT0rmMfqk6Nq","timestamp":"2023-05-21T07:27:09.901Z","state":"queued","mode":"standard","creationDate":"2023-05-21T07:27:09.904Z","modificationDate":"2023-05-21T07:27:09.904Z","shortid":"lBuHh8E","$entitySet":"profiles"},"doDiffs":false,"timestamp":1684654029902,"id":"nn9d53vx7y3rnkf","previousOperationId":null,"operationId":"f0xu3ubh0rht7si"}
{"type":"log","level":"info","message":"Render request 133 queued for execution and waiting for available worker","previousOperationId":"f0xu3ubh0rht7si","timestamp":1684654029903,"id":"j64jbhea6o9dxv1"}
{"type":"operationStart","subtype":"render","name":"invoice-js","previousOperationId":"f0xu3ubh0rht7si","timestamp":1684654029921,"id":"ngxo4yj5y5ykpiz","previousEventId":"nn9d53vx7y3rnkf","operationId":"yh8dpjsisar3icj"}
{"type":"log","timestamp":1684654029921,"level":"info","message":"Starting rendering request 133","meta":{"rootId":"lci7lwco5qxhkzw","id":"lci7lwco5qxhkzw"},"id":"uj1eelqu1qghpnt","previousOperationId":"yh8dpjsisar3icj"}
{"type":"log","timestamp":1684654029921,"level":"info","message":"Rendering template { name: invoice-js, recipe: chrome-pdf, engine: handlebars, preview: true }","meta":{"rootId":"lci7lwco5qxhkzw","id":"lci7lwco5qxhkzw"},"id":"c7get7qjy6oa2la","previousOperationId":"yh8dpjsisar3icj"}
{"type":"log","timestamp":1684654029923,"level":"debug","message":"Inline data specified.","meta":{"rootId":"lci7lwco5qxhkzw","id":"lci7lwco5qxhkzw"},"id":"4knmc1q0iif94rm","previousOperationId":"yh8dpjsisar3icj"}
{"type":"log","timestamp":1684654029927,"level":"debug","message":"Base url not specified, skipping its injection.","meta":{"rootId":"lci7lwco5qxhkzw","id":"lci7lwco5qxhkzw"},"id":"xb0e99zm1hoqrxf","previousOperationId":"yh8dpjsisar3icj"}
{"type":"operationStart","subtype":"engine","name":"handlebars","timestamp":1684654029927,"id":"rc6qojlyc2fidnc","previousEventId":"ngxo4yj5y5ykpiz","operationId":"gqe8ts6m8nfb2b2","previousOperationId":"yh8dpjsisar3icj"}
{"type":"log","timestamp":1684654029927,"level":"debug","message":"Rendering engine handlebars","meta":{"rootId":"lci7lwco5qxhkzw","id":"lci7lwco5qxhkzw"},"id":"c0aaha3sdfu70h7","previousOperationId":"gqe8ts6m8nfb2b2"}
{"type":"operationEnd","operationId":"gqe8ts6m8nfb2b2","timestamp":1684654030108,"id":"vk2fgjx78nxdj5u","previousEventId":"rc6qojlyc2fidnc","previousOperationId":"gqe8ts6m8nfb2b2"}
{"type":"operationStart","subtype":"recipe","name":"chrome-pdf","timestamp":1684654030108,"id":"794sph77kvr0nz0","previousEventId":"vk2fgjx78nxdj5u","operationId":"1yot44jg5knyoyd","previousOperationId":"gqe8ts6m8nfb2b2"}
{"type":"log","timestamp":1684654030108,"level":"debug","message":"Executing recipe chrome-pdf","meta":{"rootId":"lci7lwco5qxhkzw","id":"lci7lwco5qxhkzw"},"id":"u49oca2na6oezn9","previousOperationId":"1yot44jg5knyoyd"}
{"type":"log","timestamp":1684654030112,"level":"debug","message":"Starting child request to render pdf footer","meta":{"rootId":"lci7lwco5qxhkzw","id":"lci7lwco5qxhkzw"},"id":"mqhu3k6nscrv8dh","previousOperationId":"1yot44jg5knyoyd"}
{"type":"operationStart","subtype":"render","name":"anonymous","previousOperationId":"1yot44jg5knyoyd","timestamp":1684654030112,"id":"5i8idlgp4uq75tf","previousEventId":"794sph77kvr0nz0","operationId":"weo81vhr9hnvfrj"}
{"type":"log","timestamp":1684654030112,"level":"info","message":"Starting rendering (child) request","meta":{"rootId":"lci7lwco5qxhkzw","id":"h2sdiir452zm4qm"},"id":"44kwtpmitvcs637","previousOperationId":"weo81vhr9hnvfrj"}
{"type":"log","timestamp":1684654030113,"level":"info","message":"Rendering anonymous template { recipe: html, engine: handlebars }","meta":{"rootId":"lci7lwco5qxhkzw","id":"h2sdiir452zm4qm"},"id":"5pzlnn2uh2gytav","previousOperationId":"weo81vhr9hnvfrj"}
{"type":"log","timestamp":1684654030113,"level":"debug","message":"Inline data specified.","meta":{"rootId":"lci7lwco5qxhkzw","id":"h2sdiir452zm4qm"},"id":"exabolyg4n2hhpv","previousOperationId":"weo81vhr9hnvfrj"}
{"type":"log","timestamp":1684654030140,"level":"debug","message":"Base url not specified, skipping its injection.","meta":{"rootId":"lci7lwco5qxhkzw","id":"h2sdiir452zm4qm"},"id":"e30vuudx5c5b011","previousOperationId":"weo81vhr9hnvfrj"}
{"type":"operationStart","subtype":"engine","name":"handlebars","timestamp":1684654030141,"id":"h71hpmy07f8oqer","previousEventId":"5i8idlgp4uq75tf","operationId":"sf4bmhao2u3cjza","previousOperationId":"weo81vhr9hnvfrj"}
{"type":"log","timestamp":1684654030141,"level":"debug","message":"Rendering engine handlebars","meta":{"rootId":"lci7lwco5qxhkzw","id":"h2sdiir452zm4qm"},"id":"qaoez3patom2zjd","previousOperationId":"sf4bmhao2u3cjza"}
{"type":"operationEnd","operationId":"sf4bmhao2u3cjza","timestamp":1684654030206,"id":"8ef9kmao7zetatz","previousEventId":"h71hpmy07f8oqer","previousOperationId":"sf4bmhao2u3cjza"}
{"type":"operationStart","subtype":"recipe","name":"html","timestamp":1684654030207,"id":"abm9al0sammkiek","previousEventId":"8ef9kmao7zetatz","operationId":"g2disf41ah6urch","previousOperationId":"sf4bmhao2u3cjza"}
{"type":"log","timestamp":1684654030207,"level":"debug","message":"Executing recipe html","meta":{"rootId":"lci7lwco5qxhkzw","id":"h2sdiir452zm4qm"},"id":"cshibr30l3e1jmo","previousOperationId":"g2disf41ah6urch"}
{"type":"operationEnd","operationId":"g2disf41ah6urch","timestamp":1684654030207,"id":"ek7lt0qb5i8ltfo","previousEventId":"abm9al0sammkiek","previousOperationId":"g2disf41ah6urch"}
{"type":"log","timestamp":1684654030207,"level":"debug","message":"Skipping storing report.","meta":{"rootId":"lci7lwco5qxhkzw","id":"h2sdiir452zm4qm"},"id":"letplwss1u0j04l","previousOperationId":"g2disf41ah6urch"}
{"type":"log","timestamp":1684654030207,"level":"info","message":"Rendering (child) request finished in 306 ms","meta":{"rootId":"lci7lwco5qxhkzw","id":"h2sdiir452zm4qm"},"id":"2fmd6n9xyqe82ur","previousOperationId":"g2disf41ah6urch"}
{"type":"operationEnd","subtype":"render","operationId":"weo81vhr9hnvfrj","timestamp":1684654030207,"id":"vdo394vxvu7jayl","previousEventId":"ek7lt0qb5i8ltfo","previousOperationId":"g2disf41ah6urch"}
{"type":"log","timestamp":1684654030209,"level":"debug","message":"Converting with chrome HeadlessChrome/105.0.5173.0 using chrome-pool strategy","meta":{"rootId":"lci7lwco5qxhkzw","id":"lci7lwco5qxhkzw"},"id":"6yxw63d5kqxdxrn","previousOperationId":"1yot44jg5knyoyd"}
{"type":"log","timestamp":1684654030422,"level":"debug","message":"Page request: GET (document) file:///C:/Users/Adebayo/AppData/Local/Temp/jsreport/autocleanup/6304f9ab-9c04-4c86-b019-abe07eafb184-chrome-pdf.html","meta":{"rootId":"lci7lwco5qxhkzw","id":"lci7lwco5qxhkzw"},"id":"e1vk71gcg9dcqwm","previousOperationId":"1yot44jg5knyoyd"}
{"type":"log","timestamp":1684654030443,"level":"debug","message":"Page request finished: GET (document) 200 file:///C:/Users/Adebayo/AppData/Local/Temp/jsreport/autocleanup/6304f9ab-9c04-4c86-b019-abe07eafb184-chrome-pdf.html","meta":{"rootId":"lci7lwco5qxhkzw","id":"lci7lwco5qxhkzw"},"id":"hjp6y7hinpujus6","previousOperationId":"1yot44jg5knyoyd"}
{"type":"log","timestamp":1684654030443,"level":"debug","message":"Page request: GET (script) https://cdnjs.cloudflare.com/ajax/libs/Chart.js/2.1.6/Chart.min.js","meta":{"rootId":"lci7lwco5qxhkzw","id":"lci7lwco5qxhkzw"},"id":"ujfnxjcrdzgwdum","previousOperationId":"1yot44jg5knyoyd"}
{"type":"log","timestamp":1684654030455,"level":"debug","message":"Page request finished: GET (script) 200 https://cdnjs.cloudflare.com/ajax/libs/Chart.js/2.1.6/Chart.min.js","meta":{"rootId":"lci7lwco5qxhkzw","id":"lci7lwco5qxhkzw"},"id":"mr1hcnvt37p7f9h","previousOperationId":"1yot44jg5knyoyd"}
{"type":"log","timestamp":1684654030461,"level":"warn","message":"Page error: SyntaxError: Unexpected token ','","meta":{"rootId":"lci7lwco5qxhkzw","id":"lci7lwco5qxhkzw"},"id":"06jm9w9x5zxhb6r","previousOperationId":"1yot44jg5knyoyd"}
{"type":"log","timestamp":1684654030468,"level":"debug","message":"Running chrome with params {\"printBackground\":true,\"marginTop\":\"2cm\",\"marginRight\":\"1cm\",\"marginBottom\":\"2cm\",\"marginLeft\":\"1cm\",\"landscape\":false,\"format\":\"A4\",\"displayHeaderFooter\":true,\"footerTemplate\":\"...\",\"timeout\":59694,\"margin\":{\"top\":\"2cm\",\"right\":\"1cm\",\"bottom\":\"2cm\",\"left\":\"1cm\"}}","meta":{"rootId":"lci7lwco5qxhkzw","id":"lci7lwco5qxhkzw"},"id":"p050s1zssy8affh","previousOperationId":"1yot44jg5knyoyd"}
{"type":"operationEnd","operationId":"1yot44jg5knyoyd","timestamp":1684654030567,"id":"03pf0ueek4li3d2","previousEventId":"794sph77kvr0nz0","previousOperationId":"1yot44jg5knyoyd"}
{"type":"log","timestamp":1684654030567,"level":"debug","message":"Skipping storing report.","meta":{"rootId":"lci7lwco5qxhkzw","id":"lci7lwco5qxhkzw"},"id":"hbj1ddkemzvstnw","previousOperationId":"1yot44jg5knyoyd"}
{"type":"log","timestamp":1684654030567,"level":"info","message":"Rendering request 133 finished in 666 ms","meta":{"rootId":"lci7lwco5qxhkzw","id":"lci7lwco5qxhkzw"},"id":"w3qcs307tny286a","previousOperationId":"1yot44jg5knyoyd"}
{"type":"operationEnd","subtype":"render","operationId":"yh8dpjsisar3icj","timestamp":1684654030568,"id":"ssfgwfa3ahxbqdv","previousEventId":"03pf0ueek4li3d2","previousOperationId":"1yot44jg5knyoyd"}
{"type":"operationEnd","doDiffs":false,"previousEventId":"nn9d53vx7y3rnkf","previousOperationId":"f0xu3ubh0rht7si","operationId":"f0xu3ubh0rht7si","timestamp":1684654030577,"id":"4y657yel48qwo0k"}
