{"type":"operationStart","subtype":"profile","data":{"_id":"zsys0P3n6dnRlZVs","timestamp":"2023-05-21T05:44:55.125Z","state":"queued","mode":"standard","creationDate":"2023-05-21T05:44:55.127Z","modificationDate":"2023-05-21T05:44:55.127Z","shortid":"L3Czbaw","$entitySet":"profiles"},"doDiffs":false,"timestamp":1684647895126,"id":"t8p4kwndiy7fb53","previousOperationId":null,"operationId":"70y61znrewfayqn"}
{"type":"log","level":"info","message":"Render request 46 queued for execution and waiting for available worker","previousOperationId":"70y61znrewfayqn","timestamp":1684647895126,"id":"pkfiiqi5sy7ypwh"}
{"type":"operationStart","subtype":"render","name":"invoice-js","previousOperationId":"70y61znrewfayqn","timestamp":1684647895137,"id":"6dcy6zp0f4s3s2e","previousEventId":"t8p4kwndiy7fb53","operationId":"lh2lpmiakdie5h5"}
{"type":"log","timestamp":1684647895137,"level":"info","message":"Starting rendering request 46","meta":{"rootId":"llfgfefumuapr0o","id":"llfgfefumuapr0o"},"id":"tjrkohup92zbqui","previousOperationId":"lh2lpmiakdie5h5"}
{"type":"log","timestamp":1684647895138,"level":"info","message":"Rendering template { name: invoice-js, recipe: chrome-pdf, engine: handlebars, preview: true }","meta":{"rootId":"llfgfefumuapr0o","id":"llfgfefumuapr0o"},"id":"enpeb8utqxwr83o","previousOperationId":"lh2lpmiakdie5h5"}
{"type":"log","timestamp":1684647895141,"level":"debug","message":"Inline data specified.","meta":{"rootId":"llfgfefumuapr0o","id":"llfgfefumuapr0o"},"id":"l9e01o4y5igdqsh","previousOperationId":"lh2lpmiakdie5h5"}
{"type":"log","timestamp":1684647895143,"level":"debug","message":"Base url not specified, skipping its injection.","meta":{"rootId":"llfgfefumuapr0o","id":"llfgfefumuapr0o"},"id":"ptxwqgl229y1roi","previousOperationId":"lh2lpmiakdie5h5"}
{"type":"operationStart","subtype":"engine","name":"handlebars","timestamp":1684647895143,"id":"mxp9z2man4emhuq","previousEventId":"6dcy6zp0f4s3s2e","operationId":"gw5im0af6zxgz82","previousOperationId":"lh2lpmiakdie5h5"}
{"type":"log","timestamp":1684647895143,"level":"debug","message":"Rendering engine handlebars","meta":{"rootId":"llfgfefumuapr0o","id":"llfgfefumuapr0o"},"id":"0cmtapdrxrfgow9","previousOperationId":"gw5im0af6zxgz82"}
{"type":"operationEnd","operationId":"gw5im0af6zxgz82","timestamp":1684647895157,"id":"oy39xjzksjparut","previousEventId":"mxp9z2man4emhuq","previousOperationId":"gw5im0af6zxgz82"}
{"type":"operationStart","subtype":"recipe","name":"chrome-pdf","timestamp":1684647895157,"id":"d0uxev7sn65ofye","previousEventId":"oy39xjzksjparut","operationId":"sqz3mbieau94gau","previousOperationId":"gw5im0af6zxgz82"}
{"type":"log","timestamp":1684647895157,"level":"debug","message":"Executing recipe chrome-pdf","meta":{"rootId":"llfgfefumuapr0o","id":"llfgfefumuapr0o"},"id":"6g8frxneahlrz16","previousOperationId":"sqz3mbieau94gau"}
{"type":"log","timestamp":1684647895160,"level":"debug","message":"Converting with chrome HeadlessChrome/105.0.5173.0 using chrome-pool strategy","meta":{"rootId":"llfgfefumuapr0o","id":"llfgfefumuapr0o"},"id":"pei35ikesht9loc","previousOperationId":"sqz3mbieau94gau"}
{"type":"log","timestamp":1684647895268,"level":"debug","message":"Page request: GET (document) file:///C:/Users/Adebayo/AppData/Local/Temp/jsreport/autocleanup/d517f118-abf1-4474-beb6-3d7c244fe74b-chrome-pdf.html","meta":{"rootId":"llfgfefumuapr0o","id":"llfgfefumuapr0o"},"id":"qqvhh8629ckhnbf","previousOperationId":"sqz3mbieau94gau"}
{"type":"log","timestamp":1684647895283,"level":"debug","message":"Page request finished: GET (document) 200 file:///C:/Users/Adebayo/AppData/Local/Temp/jsreport/autocleanup/d517f118-abf1-4474-beb6-3d7c244fe74b-chrome-pdf.html","meta":{"rootId":"llfgfefumuapr0o","id":"llfgfefumuapr0o"},"id":"llqbygyx8dcxqmb","previousOperationId":"sqz3mbieau94gau"}
{"type":"log","timestamp":1684647895283,"level":"debug","message":"Page request: GET (script) https://cdn.jsdelivr.net/npm/chart.js","meta":{"rootId":"llfgfefumuapr0o","id":"llfgfefumuapr0o"},"id":"7423flznk1oxs5c","previousOperationId":"sqz3mbieau94gau"}
{"type":"log","timestamp":1684647895291,"level":"debug","message":"Page request finished: GET (script) 200 https://cdn.jsdelivr.net/npm/chart.js","meta":{"rootId":"llfgfefumuapr0o","id":"llfgfefumuapr0o"},"id":"jx8zviyd60fsedr","previousOperationId":"sqz3mbieau94gau"}
{"type":"log","timestamp":1684647895296,"level":"warn","message":"Page error: SyntaxError: Unexpected identifier","meta":{"rootId":"llfgfefumuapr0o","id":"llfgfefumuapr0o"},"id":"4jsg7kil6isk7zc","previousOperationId":"sqz3mbieau94gau"}
{"type":"log","timestamp":1684647895300,"level":"debug","message":"Running chrome with params {\"printBackground\":true,\"marginTop\":\"2cm\",\"marginRight\":\"1cm\",\"marginBottom\":\"2cm\",\"marginLeft\":\"1cm\",\"landscape\":false,\"format\":\"A4\",\"displayHeaderFooter\":true,\"timeout\":59966,\"margin\":{\"top\":\"2cm\",\"right\":\"1cm\",\"bottom\":\"2cm\",\"left\":\"1cm\"}}","meta":{"rootId":"llfgfefumuapr0o","id":"llfgfefumuapr0o"},"id":"ojr6n3ov5pz64me","previousOperationId":"sqz3mbieau94gau"}
{"type":"operationEnd","operationId":"sqz3mbieau94gau","timestamp":1684647895409,"id":"8ijx5m1z8r07z8i","previousEventId":"d0uxev7sn65ofye","previousOperationId":"sqz3mbieau94gau"}
{"type":"log","timestamp":1684647895409,"level":"debug","message":"Skipping storing report.","meta":{"rootId":"llfgfefumuapr0o","id":"llfgfefumuapr0o"},"id":"mwmcfvl6p7akiqg","previousOperationId":"sqz3mbieau94gau"}
{"type":"log","timestamp":1684647895409,"level":"info","message":"Rendering request 46 finished in 284 ms","meta":{"rootId":"llfgfefumuapr0o","id":"llfgfefumuapr0o"},"id":"ciwgqxjnvtm8s6k","previousOperationId":"sqz3mbieau94gau"}
{"type":"operationEnd","subtype":"render","operationId":"lh2lpmiakdie5h5","timestamp":1684647895409,"id":"4nf7blsp9dclro6","previousEventId":"8ijx5m1z8r07z8i","previousOperationId":"sqz3mbieau94gau"}
{"type":"operationEnd","doDiffs":false,"previousEventId":"t8p4kwndiy7fb53","previousOperationId":"70y61znrewfayqn","operationId":"70y61znrewfayqn","timestamp":1684647895413,"id":"x386ix8keuji28v"}
