{"type":"operationStart","subtype":"profile","data":{"_id":"msKXr5okGJREmkpW","timestamp":"2023-05-21T07:15:12.411Z","state":"queued","mode":"standard","creationDate":"2023-05-21T07:15:12.414Z","modificationDate":"2023-05-21T07:15:12.414Z","shortid":"xjShYWg","$entitySet":"profiles"},"doDiffs":false,"timestamp":1684653312412,"id":"4hi81koho6tmgkt","previousOperationId":null,"operationId":"ly788wext6m1pga"}
{"type":"log","level":"info","message":"Render request 109 queued for execution and waiting for available worker","previousOperationId":"ly788wext6m1pga","timestamp":1684653312412,"id":"z72jemxi5rcgf0n"}
{"type":"operationStart","subtype":"render","name":"invoice-js","previousOperationId":"ly788wext6m1pga","timestamp":1684653312427,"id":"1mqa7j00lkpajkp","previousEventId":"4hi81koho6tmgkt","operationId":"3h3wd3m9wgtrwtr"}
{"type":"log","timestamp":1684653312428,"level":"info","message":"Starting rendering request 109","meta":{"rootId":"m215diwefk7qqid","id":"m215diwefk7qqid"},"id":"59h11y8fiz8g6ly","previousOperationId":"3h3wd3m9wgtrwtr"}
{"type":"log","timestamp":1684653312428,"level":"info","message":"Rendering template { name: invoice-js, recipe: chrome-pdf, engine: handlebars, preview: false }","meta":{"rootId":"m215diwefk7qqid","id":"m215diwefk7qqid"},"id":"5obwk2s0sb040w5","previousOperationId":"3h3wd3m9wgtrwtr"}
{"type":"log","timestamp":1684653312431,"level":"debug","message":"Inline data specified.","meta":{"rootId":"m215diwefk7qqid","id":"m215diwefk7qqid"},"id":"tb3k55dp8v4hr8y","previousOperationId":"3h3wd3m9wgtrwtr"}
{"type":"log","timestamp":1684653312447,"level":"debug","message":"Base url not specified, skipping its injection.","meta":{"rootId":"m215diwefk7qqid","id":"m215diwefk7qqid"},"id":"1qqedls84ypg4a9","previousOperationId":"3h3wd3m9wgtrwtr"}
{"type":"operationStart","subtype":"engine","name":"handlebars","timestamp":1684653312448,"id":"dv2t93hhgcsyaem","previousEventId":"1mqa7j00lkpajkp","operationId":"7hcaqoi8yj5ahqs","previousOperationId":"3h3wd3m9wgtrwtr"}
{"type":"log","timestamp":1684653312448,"level":"debug","message":"Rendering engine handlebars","meta":{"rootId":"m215diwefk7qqid","id":"m215diwefk7qqid"},"id":"z65rv6ggzeguz4d","previousOperationId":"7hcaqoi8yj5ahqs"}
{"type":"operationEnd","operationId":"7hcaqoi8yj5ahqs","timestamp":1684653312477,"id":"80o4nuc0qclivd9","previousEventId":"dv2t93hhgcsyaem","previousOperationId":"7hcaqoi8yj5ahqs"}
{"type":"operationStart","subtype":"recipe","name":"chrome-pdf","timestamp":1684653312478,"id":"fw8rehzgybsr2nf","previousEventId":"80o4nuc0qclivd9","operationId":"iqdgcbgn3iaocgw","previousOperationId":"7hcaqoi8yj5ahqs"}
{"type":"log","timestamp":1684653312478,"level":"debug","message":"Executing recipe chrome-pdf","meta":{"rootId":"m215diwefk7qqid","id":"m215diwefk7qqid"},"id":"ad7y4het7ehhwgz","previousOperationId":"iqdgcbgn3iaocgw"}
{"type":"log","timestamp":1684653312482,"level":"debug","message":"Starting child request to render pdf footer","meta":{"rootId":"m215diwefk7qqid","id":"m215diwefk7qqid"},"id":"if8uzj00r2a02sz","previousOperationId":"iqdgcbgn3iaocgw"}
{"type":"operationStart","subtype":"render","name":"anonymous","previousOperationId":"iqdgcbgn3iaocgw","timestamp":1684653312483,"id":"8a74mv58yyx52v6","previousEventId":"fw8rehzgybsr2nf","operationId":"7g17bz1zf3y4clg"}
{"type":"log","timestamp":1684653312483,"level":"info","message":"Starting rendering (child) request","meta":{"rootId":"m215diwefk7qqid","id":"vco07p4pvby4q1r"},"id":"no3geqj8faxa257","previousOperationId":"7g17bz1zf3y4clg"}
{"type":"log","timestamp":1684653312483,"level":"info","message":"Rendering anonymous template { recipe: html, engine: handlebars }","meta":{"rootId":"m215diwefk7qqid","id":"vco07p4pvby4q1r"},"id":"pqn3bfq5l16ngrr","previousOperationId":"7g17bz1zf3y4clg"}
{"type":"log","timestamp":1684653312483,"level":"debug","message":"Inline data specified.","meta":{"rootId":"m215diwefk7qqid","id":"vco07p4pvby4q1r"},"id":"2ls164veileueug","previousOperationId":"7g17bz1zf3y4clg"}
{"type":"log","timestamp":1684653312485,"level":"debug","message":"Base url not specified, skipping its injection.","meta":{"rootId":"m215diwefk7qqid","id":"vco07p4pvby4q1r"},"id":"q554dxaexytiyco","previousOperationId":"7g17bz1zf3y4clg"}
{"type":"operationStart","subtype":"engine","name":"handlebars","timestamp":1684653312485,"id":"12azm29nbzqe4wu","previousEventId":"8a74mv58yyx52v6","operationId":"yueth3i6s0xmpbw","previousOperationId":"7g17bz1zf3y4clg"}
{"type":"log","timestamp":1684653312485,"level":"debug","message":"Rendering engine handlebars","meta":{"rootId":"m215diwefk7qqid","id":"vco07p4pvby4q1r"},"id":"0l5jxen1eu1pw2g","previousOperationId":"yueth3i6s0xmpbw"}
{"type":"operationEnd","operationId":"yueth3i6s0xmpbw","timestamp":1684653312506,"id":"hivzq9aq7u5bypl","previousEventId":"12azm29nbzqe4wu","previousOperationId":"yueth3i6s0xmpbw"}
{"type":"operationStart","subtype":"recipe","name":"html","timestamp":1684653312507,"id":"sr0vlakbwhm62sr","previousEventId":"hivzq9aq7u5bypl","operationId":"6xoxgbqsp1m3lxg","previousOperationId":"yueth3i6s0xmpbw"}
{"type":"log","timestamp":1684653312507,"level":"debug","message":"Executing recipe html","meta":{"rootId":"m215diwefk7qqid","id":"vco07p4pvby4q1r"},"id":"icrhd1d1l91qpxk","previousOperationId":"6xoxgbqsp1m3lxg"}
{"type":"operationEnd","operationId":"6xoxgbqsp1m3lxg","timestamp":1684653312508,"id":"uqvul1hft7gan3o","previousEventId":"sr0vlakbwhm62sr","previousOperationId":"6xoxgbqsp1m3lxg"}
{"type":"log","timestamp":1684653312508,"level":"debug","message":"Skipping storing report.","meta":{"rootId":"m215diwefk7qqid","id":"vco07p4pvby4q1r"},"id":"zllkl0s94y931yt","previousOperationId":"6xoxgbqsp1m3lxg"}
{"type":"log","timestamp":1684653312508,"level":"info","message":"Rendering (child) request finished in 98 ms","meta":{"rootId":"m215diwefk7qqid","id":"vco07p4pvby4q1r"},"id":"pcd96oulqs5ro47","previousOperationId":"6xoxgbqsp1m3lxg"}
{"type":"operationEnd","subtype":"render","operationId":"7g17bz1zf3y4clg","timestamp":1684653312509,"id":"8ddypqbxov6m8a0","previousEventId":"uqvul1hft7gan3o","previousOperationId":"6xoxgbqsp1m3lxg"}
{"type":"log","timestamp":1684653312510,"level":"debug","message":"Converting with chrome HeadlessChrome/105.0.5173.0 using chrome-pool strategy","meta":{"rootId":"m215diwefk7qqid","id":"m215diwefk7qqid"},"id":"pai3my1f8yk746b","previousOperationId":"iqdgcbgn3iaocgw"}
{"type":"log","timestamp":1684653312654,"level":"debug","message":"Page request: GET (document) file:///C:/Users/Adebayo/AppData/Local/Temp/jsreport/autocleanup/03993ce1-3119-4c0a-97db-6c6a338cbd13-chrome-pdf.html","meta":{"rootId":"m215diwefk7qqid","id":"m215diwefk7qqid"},"id":"38lcyl2qew265ye","previousOperationId":"iqdgcbgn3iaocgw"}
{"type":"log","timestamp":1684653312683,"level":"debug","message":"Page request finished: GET (document) 200 file:///C:/Users/Adebayo/AppData/Local/Temp/jsreport/autocleanup/03993ce1-3119-4c0a-97db-6c6a338cbd13-chrome-pdf.html","meta":{"rootId":"m215diwefk7qqid","id":"m215diwefk7qqid"},"id":"pbsyuwkctnxbnkh","previousOperationId":"iqdgcbgn3iaocgw"}
{"type":"log","timestamp":1684653312683,"level":"debug","message":"Page request: GET (script) https://cdnjs.cloudflare.com/ajax/libs/Chart.js/2.1.6/Chart.min.js","meta":{"rootId":"m215diwefk7qqid","id":"m215diwefk7qqid"},"id":"zq5dqfxi8dcp6ww","previousOperationId":"iqdgcbgn3iaocgw"}
{"type":"log","timestamp":1684653312695,"level":"debug","message":"Page request finished: GET (script) 200 https://cdnjs.cloudflare.com/ajax/libs/Chart.js/2.1.6/Chart.min.js","meta":{"rootId":"m215diwefk7qqid","id":"m215diwefk7qqid"},"id":"f2jzm62zjnxdie5","previousOperationId":"iqdgcbgn3iaocgw"}
{"type":"log","timestamp":1684653312702,"level":"warn","message":"Page error: SyntaxError: Unexpected token ','","meta":{"rootId":"m215diwefk7qqid","id":"m215diwefk7qqid"},"id":"ma67cml0cilnfid","previousOperationId":"iqdgcbgn3iaocgw"}
{"type":"log","timestamp":1684653312710,"level":"debug","message":"Running chrome with params {\"printBackground\":true,\"marginTop\":\"2cm\",\"marginRight\":\"1cm\",\"marginBottom\":\"2cm\",\"marginLeft\":\"1cm\",\"landscape\":false,\"format\":\"A4\",\"displayHeaderFooter\":true,\"footerTemplate\":\"...\",\"timeout\":59901,\"margin\":{\"top\":\"2cm\",\"right\":\"1cm\",\"bottom\":\"2cm\",\"left\":\"1cm\"}}","meta":{"rootId":"m215diwefk7qqid","id":"m215diwefk7qqid"},"id":"et8deqd2c1vnn7w","previousOperationId":"iqdgcbgn3iaocgw"}
{"type":"operationEnd","operationId":"iqdgcbgn3iaocgw","timestamp":1684653312808,"id":"qodpiezb1qzo564","previousEventId":"fw8rehzgybsr2nf","previousOperationId":"iqdgcbgn3iaocgw"}
{"type":"log","timestamp":1684653312808,"level":"debug","message":"Skipping storing report.","meta":{"rootId":"m215diwefk7qqid","id":"m215diwefk7qqid"},"id":"dm3uc4q22i5lg0c","previousOperationId":"iqdgcbgn3iaocgw"}
{"type":"log","timestamp":1684653312808,"level":"info","message":"Rendering request 109 finished in 398 ms","meta":{"rootId":"m215diwefk7qqid","id":"m215diwefk7qqid"},"id":"lrquy7y32r6oubz","previousOperationId":"iqdgcbgn3iaocgw"}
{"type":"operationEnd","subtype":"render","operationId":"3h3wd3m9wgtrwtr","timestamp":1684653312808,"id":"q1a0kzw13ghjesn","previousEventId":"qodpiezb1qzo564","previousOperationId":"iqdgcbgn3iaocgw"}
{"type":"operationEnd","doDiffs":false,"previousEventId":"4hi81koho6tmgkt","previousOperationId":"ly788wext6m1pga","operationId":"ly788wext6m1pga","timestamp":1684653312814,"id":"sv1axvjyihs22jo"}
