{"type":"operationStart","subtype":"profile","data":{"_id":"5qDTrVgWRCmjudU1","timestamp":"2023-05-21T07:09:37.560Z","state":"queued","mode":"standard","creationDate":"2023-05-21T07:09:37.564Z","modificationDate":"2023-05-21T07:09:37.564Z","shortid":"iF6eDDc","$entitySet":"profiles"},"doDiffs":false,"timestamp":1684652977562,"id":"78hgrry3j6i0t86","previousOperationId":null,"operationId":"oxlnhm462fcle8x"}
{"type":"log","level":"info","message":"Render request 102 queued for execution and waiting for available worker","previousOperationId":"oxlnhm462fcle8x","timestamp":1684652977562,"id":"ljoiyuku0kh99dd"}
{"type":"operationStart","subtype":"render","name":"invoice-js","previousOperationId":"oxlnhm462fcle8x","timestamp":1684652977578,"id":"po668ou6q84t1l0","previousEventId":"78hgrry3j6i0t86","operationId":"bzjdcdaxev5j9v8"}
{"type":"log","timestamp":1684652977578,"level":"info","message":"Starting rendering request 102","meta":{"rootId":"m5n98rxtnq8vqvx","id":"m5n98rxtnq8vqvx"},"id":"zgrsh97852udrgb","previousOperationId":"bzjdcdaxev5j9v8"}
{"type":"log","timestamp":1684652977578,"level":"info","message":"Rendering template { name: invoice-js, recipe: chrome-pdf, engine: handlebars, preview: false }","meta":{"rootId":"m5n98rxtnq8vqvx","id":"m5n98rxtnq8vqvx"},"id":"puuctriqyyd2rnm","previousOperationId":"bzjdcdaxev5j9v8"}
{"type":"log","timestamp":1684652977581,"level":"debug","message":"Inline data specified.","meta":{"rootId":"m5n98rxtnq8vqvx","id":"m5n98rxtnq8vqvx"},"id":"km3i0ul763466iw","previousOperationId":"bzjdcdaxev5j9v8"}
{"type":"log","timestamp":1684652977586,"level":"debug","message":"Base url not specified, skipping its injection.","meta":{"rootId":"m5n98rxtnq8vqvx","id":"m5n98rxtnq8vqvx"},"id":"9y7hf34velok645","previousOperationId":"bzjdcdaxev5j9v8"}
{"type":"operationStart","subtype":"engine","name":"handlebars","timestamp":1684652977587,"id":"x1pcywqa46zbxzx","previousEventId":"po668ou6q84t1l0","operationId":"m4omt6mqhf4jovv","previousOperationId":"bzjdcdaxev5j9v8"}
{"type":"log","timestamp":1684652977587,"level":"debug","message":"Rendering engine handlebars","meta":{"rootId":"m5n98rxtnq8vqvx","id":"m5n98rxtnq8vqvx"},"id":"az2dfzscm0yzwci","previousOperationId":"m4omt6mqhf4jovv"}
{"type":"operationEnd","operationId":"m4omt6mqhf4jovv","timestamp":1684652977614,"id":"x9cusc0mk8cm187","previousEventId":"x1pcywqa46zbxzx","previousOperationId":"m4omt6mqhf4jovv"}
{"type":"operationStart","subtype":"recipe","name":"chrome-pdf","timestamp":1684652977615,"id":"89i7kovw6ay2wcl","previousEventId":"x9cusc0mk8cm187","operationId":"ejzkigm7oaleund","previousOperationId":"m4omt6mqhf4jovv"}
{"type":"log","timestamp":1684652977615,"level":"debug","message":"Executing recipe chrome-pdf","meta":{"rootId":"m5n98rxtnq8vqvx","id":"m5n98rxtnq8vqvx"},"id":"p2zxz0ae11yh8r3","previousOperationId":"ejzkigm7oaleund"}
{"type":"log","timestamp":1684652977619,"level":"debug","message":"Starting child request to render pdf footer","meta":{"rootId":"m5n98rxtnq8vqvx","id":"m5n98rxtnq8vqvx"},"id":"nrystlyi7gtrba6","previousOperationId":"ejzkigm7oaleund"}
{"type":"operationStart","subtype":"render","name":"anonymous","previousOperationId":"ejzkigm7oaleund","timestamp":1684652977619,"id":"seqrl1suirvevum","previousEventId":"89i7kovw6ay2wcl","operationId":"3mx39w8d7xqqzvr"}
{"type":"log","timestamp":1684652977619,"level":"info","message":"Starting rendering (child) request","meta":{"rootId":"m5n98rxtnq8vqvx","id":"ameie2e2ayrq1aq"},"id":"0qyjbd7pmkq7gks","previousOperationId":"3mx39w8d7xqqzvr"}
{"type":"log","timestamp":1684652977619,"level":"info","message":"Rendering anonymous template { recipe: html, engine: handlebars }","meta":{"rootId":"m5n98rxtnq8vqvx","id":"ameie2e2ayrq1aq"},"id":"q17yxdosbgy2he9","previousOperationId":"3mx39w8d7xqqzvr"}
{"type":"log","timestamp":1684652977619,"level":"debug","message":"Inline data specified.","meta":{"rootId":"m5n98rxtnq8vqvx","id":"ameie2e2ayrq1aq"},"id":"wwj6n8obk3ku8s0","previousOperationId":"3mx39w8d7xqqzvr"}
{"type":"log","timestamp":1684652977624,"level":"debug","message":"Base url not specified, skipping its injection.","meta":{"rootId":"m5n98rxtnq8vqvx","id":"ameie2e2ayrq1aq"},"id":"sm52co05619t6pw","previousOperationId":"3mx39w8d7xqqzvr"}
{"type":"operationStart","subtype":"engine","name":"handlebars","timestamp":1684652977625,"id":"1lpjn268zlra94q","previousEventId":"seqrl1suirvevum","operationId":"5xosh0ma2zk73m5","previousOperationId":"3mx39w8d7xqqzvr"}
{"type":"log","timestamp":1684652977625,"level":"debug","message":"Rendering engine handlebars","meta":{"rootId":"m5n98rxtnq8vqvx","id":"ameie2e2ayrq1aq"},"id":"x4dpzf3sodrdto2","previousOperationId":"5xosh0ma2zk73m5"}
{"type":"operationEnd","operationId":"5xosh0ma2zk73m5","timestamp":1684652977646,"id":"isckcjsll6jvm9s","previousEventId":"1lpjn268zlra94q","previousOperationId":"5xosh0ma2zk73m5"}
{"type":"operationStart","subtype":"recipe","name":"html","timestamp":1684652977646,"id":"jyxxyw82leozmep","previousEventId":"isckcjsll6jvm9s","operationId":"ocve9k2rue820r9","previousOperationId":"5xosh0ma2zk73m5"}
{"type":"log","timestamp":1684652977646,"level":"debug","message":"Executing recipe html","meta":{"rootId":"m5n98rxtnq8vqvx","id":"ameie2e2ayrq1aq"},"id":"3s4socpl0k22nbc","previousOperationId":"ocve9k2rue820r9"}
{"type":"operationEnd","operationId":"ocve9k2rue820r9","timestamp":1684652977646,"id":"mt6gie1zjwtrtty","previousEventId":"jyxxyw82leozmep","previousOperationId":"ocve9k2rue820r9"}
{"type":"log","timestamp":1684652977646,"level":"debug","message":"Skipping storing report.","meta":{"rootId":"m5n98rxtnq8vqvx","id":"ameie2e2ayrq1aq"},"id":"bwztij2e5n46uib","previousOperationId":"ocve9k2rue820r9"}
{"type":"log","timestamp":1684652977647,"level":"info","message":"Rendering (child) request finished in 87 ms","meta":{"rootId":"m5n98rxtnq8vqvx","id":"ameie2e2ayrq1aq"},"id":"ak6lgqi1hmsrbkm","previousOperationId":"ocve9k2rue820r9"}
{"type":"operationEnd","subtype":"render","operationId":"3mx39w8d7xqqzvr","timestamp":1684652977647,"id":"2q3lkauus5ufsbn","previousEventId":"mt6gie1zjwtrtty","previousOperationId":"ocve9k2rue820r9"}
{"type":"log","timestamp":1684652977650,"level":"debug","message":"Converting with chrome HeadlessChrome/105.0.5173.0 using chrome-pool strategy","meta":{"rootId":"m5n98rxtnq8vqvx","id":"m5n98rxtnq8vqvx"},"id":"753ynbklw7rjql2","previousOperationId":"ejzkigm7oaleund"}
{"type":"log","timestamp":1684652977796,"level":"debug","message":"Page request: GET (document) file:///C:/Users/Adebayo/AppData/Local/Temp/jsreport/autocleanup/b96de15e-a9ac-4969-ab9e-78cab48e577a-chrome-pdf.html","meta":{"rootId":"m5n98rxtnq8vqvx","id":"m5n98rxtnq8vqvx"},"id":"9rnqo73mc5lsvue","previousOperationId":"ejzkigm7oaleund"}
{"type":"log","timestamp":1684652977817,"level":"debug","message":"Page request finished: GET (document) 200 file:///C:/Users/Adebayo/AppData/Local/Temp/jsreport/autocleanup/b96de15e-a9ac-4969-ab9e-78cab48e577a-chrome-pdf.html","meta":{"rootId":"m5n98rxtnq8vqvx","id":"m5n98rxtnq8vqvx"},"id":"v0aqnzy0vqa8tzc","previousOperationId":"ejzkigm7oaleund"}
{"type":"log","timestamp":1684652977817,"level":"debug","message":"Page request: GET (script) https://cdnjs.cloudflare.com/ajax/libs/Chart.js/2.1.6/Chart.min.js","meta":{"rootId":"m5n98rxtnq8vqvx","id":"m5n98rxtnq8vqvx"},"id":"8uu359xk5zf5h3c","previousOperationId":"ejzkigm7oaleund"}
{"type":"log","timestamp":1684652977825,"level":"debug","message":"Page request finished: GET (script) 200 https://cdnjs.cloudflare.com/ajax/libs/Chart.js/2.1.6/Chart.min.js","meta":{"rootId":"m5n98rxtnq8vqvx","id":"m5n98rxtnq8vqvx"},"id":"r7vnj75avw8wnqb","previousOperationId":"ejzkigm7oaleund"}
{"type":"log","timestamp":1684652977831,"level":"warn","message":"Page error: SyntaxError: Unexpected token ','","meta":{"rootId":"m5n98rxtnq8vqvx","id":"m5n98rxtnq8vqvx"},"id":"1jgzw9714nwjpxf","previousOperationId":"ejzkigm7oaleund"}
{"type":"log","timestamp":1684652977835,"level":"debug","message":"Running chrome with params {\"printBackground\":true,\"marginTop\":\"2cm\",\"marginRight\":\"1cm\",\"marginBottom\":\"2cm\",\"marginLeft\":\"1cm\",\"landscape\":false,\"format\":\"A4\",\"displayHeaderFooter\":true,\"footerTemplate\":\"...\",\"timeout\":59913,\"margin\":{\"top\":\"2cm\",\"right\":\"1cm\",\"bottom\":\"2cm\",\"left\":\"1cm\"}}","meta":{"rootId":"m5n98rxtnq8vqvx","id":"m5n98rxtnq8vqvx"},"id":"7nn9jbhx8ly6jn5","previousOperationId":"ejzkigm7oaleund"}
{"type":"operationEnd","operationId":"ejzkigm7oaleund","timestamp":1684652977932,"id":"l26t5380x93q6k0","previousEventId":"89i7kovw6ay2wcl","previousOperationId":"ejzkigm7oaleund"}
{"type":"log","timestamp":1684652977932,"level":"debug","message":"Skipping storing report.","meta":{"rootId":"m5n98rxtnq8vqvx","id":"m5n98rxtnq8vqvx"},"id":"8qh1uhx9povx1kk","previousOperationId":"ejzkigm7oaleund"}
{"type":"log","timestamp":1684652977932,"level":"info","message":"Rendering request 102 finished in 372 ms","meta":{"rootId":"m5n98rxtnq8vqvx","id":"m5n98rxtnq8vqvx"},"id":"jb5qfw8eslstuy3","previousOperationId":"ejzkigm7oaleund"}
{"type":"operationEnd","subtype":"render","operationId":"bzjdcdaxev5j9v8","timestamp":1684652977932,"id":"f0ldl2yjgn4lzgp","previousEventId":"l26t5380x93q6k0","previousOperationId":"ejzkigm7oaleund"}
{"type":"operationEnd","doDiffs":false,"previousEventId":"78hgrry3j6i0t86","previousOperationId":"oxlnhm462fcle8x","operationId":"oxlnhm462fcle8x","timestamp":1684652977939,"id":"cepduvhyt8fwen0"}
