{"type":"operationStart","subtype":"profile","data":{"_id":"uzteJwA0qX3utjBC","timestamp":"2023-05-21T06:26:13.511Z","state":"queued","mode":"standard","creationDate":"2023-05-21T06:26:13.513Z","modificationDate":"2023-05-21T06:26:13.513Z","shortid":"EkW_ToI","$entitySet":"profiles"},"doDiffs":false,"timestamp":1684650373512,"id":"mdqsulemursbjlo","previousOperationId":null,"operationId":"zvkkffcd7i5g4xn"}
{"type":"log","level":"info","message":"Render request 67 queued for execution and waiting for available worker","previousOperationId":"zvkkffcd7i5g4xn","timestamp":1684650373512,"id":"x22rof0u9gan5q1"}
{"type":"operationStart","subtype":"render","name":"invoice-js","previousOperationId":"zvkkffcd7i5g4xn","timestamp":1684650373528,"id":"w164uu0e3yy2jww","previousEventId":"mdqsulemursbjlo","operationId":"jovjkrincf35vjp"}
{"type":"log","timestamp":1684650373528,"level":"info","message":"Starting rendering request 67","meta":{"rootId":"mdw6shj3w8vbsum","id":"mdw6shj3w8vbsum"},"id":"fn37g381i7xz2rq","previousOperationId":"jovjkrincf35vjp"}
{"type":"log","timestamp":1684650373528,"level":"info","message":"Rendering template { name: invoice-js, recipe: chrome-pdf, engine: handlebars, preview: true }","meta":{"rootId":"mdw6shj3w8vbsum","id":"mdw6shj3w8vbsum"},"id":"1vdctywnmwk2xwc","previousOperationId":"jovjkrincf35vjp"}
{"type":"log","timestamp":1684650373530,"level":"debug","message":"Inline data specified.","meta":{"rootId":"mdw6shj3w8vbsum","id":"mdw6shj3w8vbsum"},"id":"fbp5oetf4vpe6dk","previousOperationId":"jovjkrincf35vjp"}
{"type":"log","timestamp":1684650373535,"level":"debug","message":"Base url not specified, skipping its injection.","meta":{"rootId":"mdw6shj3w8vbsum","id":"mdw6shj3w8vbsum"},"id":"9k5co5e5mhbhza6","previousOperationId":"jovjkrincf35vjp"}
{"type":"operationStart","subtype":"engine","name":"handlebars","timestamp":1684650373535,"id":"22fkvvr2wznw1ot","previousEventId":"w164uu0e3yy2jww","operationId":"ysib732dwh8o1mj","previousOperationId":"jovjkrincf35vjp"}
{"type":"log","timestamp":1684650373535,"level":"debug","message":"Rendering engine handlebars","meta":{"rootId":"mdw6shj3w8vbsum","id":"mdw6shj3w8vbsum"},"id":"l0w973ewt26hm46","previousOperationId":"ysib732dwh8o1mj"}
{"type":"operationEnd","operationId":"ysib732dwh8o1mj","timestamp":1684650373561,"id":"q0zc59ksz0261o5","previousEventId":"22fkvvr2wznw1ot","previousOperationId":"ysib732dwh8o1mj"}
{"type":"operationStart","subtype":"recipe","name":"chrome-pdf","timestamp":1684650373561,"id":"5bci3picm9pcjix","previousEventId":"q0zc59ksz0261o5","operationId":"s0gc34iac8vb1c8","previousOperationId":"ysib732dwh8o1mj"}
{"type":"log","timestamp":1684650373561,"level":"debug","message":"Executing recipe chrome-pdf","meta":{"rootId":"mdw6shj3w8vbsum","id":"mdw6shj3w8vbsum"},"id":"mvimp9l6hr2dwvb","previousOperationId":"s0gc34iac8vb1c8"}
{"type":"log","timestamp":1684650373563,"level":"debug","message":"Starting child request to render pdf footer","meta":{"rootId":"mdw6shj3w8vbsum","id":"mdw6shj3w8vbsum"},"id":"4nwx0v0hqvr6qf8","previousOperationId":"s0gc34iac8vb1c8"}
{"type":"operationStart","subtype":"render","name":"anonymous","previousOperationId":"s0gc34iac8vb1c8","timestamp":1684650373564,"id":"rma0ymokkm1vymn","previousEventId":"5bci3picm9pcjix","operationId":"is425gd20l7glpu"}
{"type":"log","timestamp":1684650373564,"level":"info","message":"Starting rendering (child) request","meta":{"rootId":"mdw6shj3w8vbsum","id":"7irmeh1cyy061n5"},"id":"p63j2843z6zn6ne","previousOperationId":"is425gd20l7glpu"}
{"type":"log","timestamp":1684650373564,"level":"info","message":"Rendering anonymous template { recipe: html, engine: handlebars }","meta":{"rootId":"mdw6shj3w8vbsum","id":"7irmeh1cyy061n5"},"id":"yqkrj1lgqv7pgf7","previousOperationId":"is425gd20l7glpu"}
{"type":"log","timestamp":1684650373564,"level":"debug","message":"Inline data specified.","meta":{"rootId":"mdw6shj3w8vbsum","id":"7irmeh1cyy061n5"},"id":"k3xj0otwa13k04q","previousOperationId":"is425gd20l7glpu"}
{"type":"log","timestamp":1684650373566,"level":"debug","message":"Base url not specified, skipping its injection.","meta":{"rootId":"mdw6shj3w8vbsum","id":"7irmeh1cyy061n5"},"id":"ko9dj4i55r71zj1","previousOperationId":"is425gd20l7glpu"}
{"type":"operationStart","subtype":"engine","name":"handlebars","timestamp":1684650373567,"id":"fw2vcou7c14dvjj","previousEventId":"rma0ymokkm1vymn","operationId":"7stfr2ta8zstfft","previousOperationId":"is425gd20l7glpu"}
{"type":"log","timestamp":1684650373567,"level":"debug","message":"Rendering engine handlebars","meta":{"rootId":"mdw6shj3w8vbsum","id":"7irmeh1cyy061n5"},"id":"j3fj1oyrhofins7","previousOperationId":"7stfr2ta8zstfft"}
{"type":"operationEnd","operationId":"7stfr2ta8zstfft","timestamp":1684650373585,"id":"l8p5g9xsc2k59eu","previousEventId":"fw2vcou7c14dvjj","previousOperationId":"7stfr2ta8zstfft"}
{"type":"operationStart","subtype":"recipe","name":"html","timestamp":1684650373585,"id":"jd8yq96hhzhlnfr","previousEventId":"l8p5g9xsc2k59eu","operationId":"xfzrzx0g4q4ai78","previousOperationId":"7stfr2ta8zstfft"}
{"type":"log","timestamp":1684650373585,"level":"debug","message":"Executing recipe html","meta":{"rootId":"mdw6shj3w8vbsum","id":"7irmeh1cyy061n5"},"id":"qklmh8znakwbpf8","previousOperationId":"xfzrzx0g4q4ai78"}
{"type":"operationEnd","operationId":"xfzrzx0g4q4ai78","timestamp":1684650373585,"id":"6fdernvf0rhpova","previousEventId":"jd8yq96hhzhlnfr","previousOperationId":"xfzrzx0g4q4ai78"}
{"type":"log","timestamp":1684650373585,"level":"debug","message":"Skipping storing report.","meta":{"rootId":"mdw6shj3w8vbsum","id":"7irmeh1cyy061n5"},"id":"buw6otkdzay54ov","previousOperationId":"xfzrzx0g4q4ai78"}
{"type":"log","timestamp":1684650373585,"level":"info","message":"Rendering (child) request finished in 74 ms","meta":{"rootId":"mdw6shj3w8vbsum","id":"7irmeh1cyy061n5"},"id":"by58ziba7qrqvmi","previousOperationId":"xfzrzx0g4q4ai78"}
{"type":"operationEnd","subtype":"render","operationId":"is425gd20l7glpu","timestamp":1684650373585,"id":"fw8elna1tqqutn6","previousEventId":"6fdernvf0rhpova","previousOperationId":"xfzrzx0g4q4ai78"}
{"type":"log","timestamp":1684650373586,"level":"debug","message":"Converting with chrome HeadlessChrome/105.0.5173.0 using chrome-pool strategy","meta":{"rootId":"mdw6shj3w8vbsum","id":"mdw6shj3w8vbsum"},"id":"p6akwpv74i6x5bq","previousOperationId":"s0gc34iac8vb1c8"}
{"type":"log","timestamp":1684650373710,"level":"debug","message":"Page request: GET (document) file:///C:/Users/Adebayo/AppData/Local/Temp/jsreport/autocleanup/ba767f79-5588-4c2f-98a1-ed09bc167d43-chrome-pdf.html","meta":{"rootId":"mdw6shj3w8vbsum","id":"mdw6shj3w8vbsum"},"id":"n7syrl0l56fm6hi","previousOperationId":"s0gc34iac8vb1c8"}
{"type":"log","timestamp":1684650373727,"level":"debug","message":"Page request finished: GET (document) 200 file:///C:/Users/Adebayo/AppData/Local/Temp/jsreport/autocleanup/ba767f79-5588-4c2f-98a1-ed09bc167d43-chrome-pdf.html","meta":{"rootId":"mdw6shj3w8vbsum","id":"mdw6shj3w8vbsum"},"id":"pjfd4kqv5di8zbn","previousOperationId":"s0gc34iac8vb1c8"}
{"type":"log","timestamp":1684650373728,"level":"debug","message":"Page request: GET (script) https://cdnjs.cloudflare.com/ajax/libs/Chart.js/2.1.6/Chart.min.js","meta":{"rootId":"mdw6shj3w8vbsum","id":"mdw6shj3w8vbsum"},"id":"yo2uoido7nquxmk","previousOperationId":"s0gc34iac8vb1c8"}
{"type":"log","timestamp":1684650374037,"level":"debug","message":"Page request finished: GET (script) 200 https://cdnjs.cloudflare.com/ajax/libs/Chart.js/2.1.6/Chart.min.js","meta":{"rootId":"mdw6shj3w8vbsum","id":"mdw6shj3w8vbsum"},"id":"6vvebcf4ej6y4ej","previousOperationId":"s0gc34iac8vb1c8"}
{"type":"log","timestamp":1684650374051,"level":"warn","message":"Page error: SyntaxError: Unexpected token ','","meta":{"rootId":"mdw6shj3w8vbsum","id":"mdw6shj3w8vbsum"},"id":"cjw4bqdhvdwhyfp","previousOperationId":"s0gc34iac8vb1c8"}
{"type":"log","timestamp":1684650374055,"level":"debug","message":"Running chrome with params {\"printBackground\":true,\"marginTop\":\"2cm\",\"marginRight\":\"1cm\",\"marginBottom\":\"2cm\",\"marginLeft\":\"1cm\",\"landscape\":false,\"format\":\"A4\",\"displayHeaderFooter\":true,\"footerTemplate\":\"...\",\"timeout\":59926,\"margin\":{\"top\":\"2cm\",\"right\":\"1cm\",\"bottom\":\"2cm\",\"left\":\"1cm\"}}","meta":{"rootId":"mdw6shj3w8vbsum","id":"mdw6shj3w8vbsum"},"id":"3imstyg20ppijqa","previousOperationId":"s0gc34iac8vb1c8"}
{"type":"operationEnd","operationId":"s0gc34iac8vb1c8","timestamp":1684650374160,"id":"z7yosizv7y4399r","previousEventId":"5bci3picm9pcjix","previousOperationId":"s0gc34iac8vb1c8"}
{"type":"log","timestamp":1684650374160,"level":"debug","message":"Skipping storing report.","meta":{"rootId":"mdw6shj3w8vbsum","id":"mdw6shj3w8vbsum"},"id":"e9vew8kov516fcy","previousOperationId":"s0gc34iac8vb1c8"}
{"type":"log","timestamp":1684650374160,"level":"info","message":"Rendering request 67 finished in 649 ms","meta":{"rootId":"mdw6shj3w8vbsum","id":"mdw6shj3w8vbsum"},"id":"n1ua0be6px2yw4s","previousOperationId":"s0gc34iac8vb1c8"}
{"type":"operationEnd","subtype":"render","operationId":"jovjkrincf35vjp","timestamp":1684650374160,"id":"ywna4aquss3zczt","previousEventId":"z7yosizv7y4399r","previousOperationId":"s0gc34iac8vb1c8"}
{"type":"operationEnd","doDiffs":false,"previousEventId":"mdqsulemursbjlo","previousOperationId":"zvkkffcd7i5g4xn","operationId":"zvkkffcd7i5g4xn","timestamp":1684650374168,"id":"yot1jsr6sawi480"}
