{"type":"operationStart","subtype":"profile","data":{"_id":"chdtumnyOaY3zpIG","timestamp":"2023-05-21T06:12:47.998Z","state":"queued","mode":"standard","creationDate":"2023-05-21T06:12:48.000Z","modificationDate":"2023-05-21T06:12:48.000Z","shortid":"wIBgwER","$entitySet":"profiles"},"doDiffs":false,"timestamp":1684649567999,"id":"8wjrpjter5plpc3","previousOperationId":null,"operationId":"io07mb27migzpx0"}
{"type":"log","level":"info","message":"Render request 64 queued for execution and waiting for available worker","previousOperationId":"io07mb27migzpx0","timestamp":1684649567999,"id":"ftmmztzjji8uti5"}
{"type":"operationStart","subtype":"render","name":"invoice-js","previousOperationId":"io07mb27migzpx0","timestamp":1684649568015,"id":"bb2el6olrg16alp","previousEventId":"8wjrpjter5plpc3","operationId":"8dco0v1xnwiil9d"}
{"type":"log","timestamp":1684649568015,"level":"info","message":"Starting rendering request 64","meta":{"rootId":"mfpqljql0qwyu7u","id":"mfpqljql0qwyu7u"},"id":"3rog1dhq0nl1sef","previousOperationId":"8dco0v1xnwiil9d"}
{"type":"log","timestamp":1684649568015,"level":"info","message":"Rendering template { name: invoice-js, recipe: chrome-pdf, engine: handlebars, preview: true }","meta":{"rootId":"mfpqljql0qwyu7u","id":"mfpqljql0qwyu7u"},"id":"7gnww60715ij0m0","previousOperationId":"8dco0v1xnwiil9d"}
{"type":"log","timestamp":1684649568017,"level":"debug","message":"Adding sample data YnJQL_aQg","meta":{"rootId":"mfpqljql0qwyu7u","id":"mfpqljql0qwyu7u"},"id":"vktoiswrk9yav3d","previousOperationId":"8dco0v1xnwiil9d"}
{"type":"log","timestamp":1684649568026,"level":"debug","message":"Base url not specified, skipping its injection.","meta":{"rootId":"mfpqljql0qwyu7u","id":"mfpqljql0qwyu7u"},"id":"kb76yp9npgv5hr3","previousOperationId":"8dco0v1xnwiil9d"}
{"type":"operationStart","subtype":"engine","name":"handlebars","timestamp":1684649568026,"id":"waxnuquxhei0fhv","previousEventId":"bb2el6olrg16alp","operationId":"41ey9936jwnpdrv","previousOperationId":"8dco0v1xnwiil9d"}
{"type":"log","timestamp":1684649568026,"level":"debug","message":"Rendering engine handlebars","meta":{"rootId":"mfpqljql0qwyu7u","id":"mfpqljql0qwyu7u"},"id":"kpzg5ldegsaybz1","previousOperationId":"41ey9936jwnpdrv"}
{"type":"operationEnd","operationId":"41ey9936jwnpdrv","timestamp":1684649568050,"id":"crsuzpkl4v8tbge","previousEventId":"waxnuquxhei0fhv","previousOperationId":"41ey9936jwnpdrv"}
{"type":"operationStart","subtype":"recipe","name":"chrome-pdf","timestamp":1684649568050,"id":"o4aapv32v3q5n81","previousEventId":"crsuzpkl4v8tbge","operationId":"1dtgky0j2g2tf5b","previousOperationId":"41ey9936jwnpdrv"}
{"type":"log","timestamp":1684649568050,"level":"debug","message":"Executing recipe chrome-pdf","meta":{"rootId":"mfpqljql0qwyu7u","id":"mfpqljql0qwyu7u"},"id":"v1ozpjvsjd4xi86","previousOperationId":"1dtgky0j2g2tf5b"}
{"type":"log","timestamp":1684649568052,"level":"debug","message":"Starting child request to render pdf footer","meta":{"rootId":"mfpqljql0qwyu7u","id":"mfpqljql0qwyu7u"},"id":"jnrxovv2m7zqcmy","previousOperationId":"1dtgky0j2g2tf5b"}
{"type":"operationStart","subtype":"render","name":"anonymous","previousOperationId":"1dtgky0j2g2tf5b","timestamp":1684649568053,"id":"wm7gaeafwo1sa40","previousEventId":"o4aapv32v3q5n81","operationId":"qzytw7frfqxzscl"}
{"type":"log","timestamp":1684649568053,"level":"info","message":"Starting rendering (child) request","meta":{"rootId":"mfpqljql0qwyu7u","id":"khttp7y9k6div3z"},"id":"nc8t72gqwjqe2w5","previousOperationId":"qzytw7frfqxzscl"}
{"type":"log","timestamp":1684649568053,"level":"info","message":"Rendering anonymous template { recipe: html, engine: handlebars }","meta":{"rootId":"mfpqljql0qwyu7u","id":"khttp7y9k6div3z"},"id":"kubf5mj8dnvuy5v","previousOperationId":"qzytw7frfqxzscl"}
{"type":"log","timestamp":1684649568053,"level":"debug","message":"Inline data specified.","meta":{"rootId":"mfpqljql0qwyu7u","id":"khttp7y9k6div3z"},"id":"y0wvfcq2s6wxq1o","previousOperationId":"qzytw7frfqxzscl"}
{"type":"log","timestamp":1684649568056,"level":"debug","message":"Base url not specified, skipping its injection.","meta":{"rootId":"mfpqljql0qwyu7u","id":"khttp7y9k6div3z"},"id":"av6h5klhv86ldzh","previousOperationId":"qzytw7frfqxzscl"}
{"type":"operationStart","subtype":"engine","name":"handlebars","timestamp":1684649568060,"id":"i36vk2qu1knx34o","previousEventId":"wm7gaeafwo1sa40","operationId":"t6vsb3jllyijeba","previousOperationId":"qzytw7frfqxzscl"}
{"type":"log","timestamp":1684649568060,"level":"debug","message":"Rendering engine handlebars","meta":{"rootId":"mfpqljql0qwyu7u","id":"khttp7y9k6div3z"},"id":"hlj5b8ariit7reu","previousOperationId":"t6vsb3jllyijeba"}
{"type":"operationEnd","operationId":"t6vsb3jllyijeba","timestamp":1684649568078,"id":"7aeg21i3pk3l0z9","previousEventId":"i36vk2qu1knx34o","previousOperationId":"t6vsb3jllyijeba"}
{"type":"operationStart","subtype":"recipe","name":"html","timestamp":1684649568078,"id":"17r0et9da5td752","previousEventId":"7aeg21i3pk3l0z9","operationId":"fpo3a4c1e41937w","previousOperationId":"t6vsb3jllyijeba"}
{"type":"log","timestamp":1684649568078,"level":"debug","message":"Executing recipe html","meta":{"rootId":"mfpqljql0qwyu7u","id":"khttp7y9k6div3z"},"id":"2qfks33n3ec814v","previousOperationId":"fpo3a4c1e41937w"}
{"type":"operationEnd","operationId":"fpo3a4c1e41937w","timestamp":1684649568078,"id":"gn1nzioqrblff0n","previousEventId":"17r0et9da5td752","previousOperationId":"fpo3a4c1e41937w"}
{"type":"log","timestamp":1684649568078,"level":"debug","message":"Skipping storing report.","meta":{"rootId":"mfpqljql0qwyu7u","id":"khttp7y9k6div3z"},"id":"7i4wuc7upq88do8","previousOperationId":"fpo3a4c1e41937w"}
{"type":"log","timestamp":1684649568078,"level":"info","message":"Rendering (child) request finished in 80 ms","meta":{"rootId":"mfpqljql0qwyu7u","id":"khttp7y9k6div3z"},"id":"2duxdhqm3qov1tk","previousOperationId":"fpo3a4c1e41937w"}
{"type":"operationEnd","subtype":"render","operationId":"qzytw7frfqxzscl","timestamp":1684649568079,"id":"sk26n1l8hrzryn5","previousEventId":"gn1nzioqrblff0n","previousOperationId":"fpo3a4c1e41937w"}
{"type":"log","timestamp":1684649568081,"level":"debug","message":"Converting with chrome HeadlessChrome/105.0.5173.0 using chrome-pool strategy","meta":{"rootId":"mfpqljql0qwyu7u","id":"mfpqljql0qwyu7u"},"id":"ubqrofg20klw9bx","previousOperationId":"1dtgky0j2g2tf5b"}
{"type":"log","timestamp":1684649568202,"level":"debug","message":"Page request: GET (document) file:///C:/Users/Adebayo/AppData/Local/Temp/jsreport/autocleanup/9e1eb7c4-cc5c-4465-a1b1-7aecf7d1a780-chrome-pdf.html","meta":{"rootId":"mfpqljql0qwyu7u","id":"mfpqljql0qwyu7u"},"id":"bbnv9c6z7sn32d3","previousOperationId":"1dtgky0j2g2tf5b"}
{"type":"log","timestamp":1684649568220,"level":"debug","message":"Page request finished: GET (document) 200 file:///C:/Users/Adebayo/AppData/Local/Temp/jsreport/autocleanup/9e1eb7c4-cc5c-4465-a1b1-7aecf7d1a780-chrome-pdf.html","meta":{"rootId":"mfpqljql0qwyu7u","id":"mfpqljql0qwyu7u"},"id":"yfk4gezeddwl9z6","previousOperationId":"1dtgky0j2g2tf5b"}
{"type":"log","timestamp":1684649568221,"level":"debug","message":"Page request: GET (script) https://cdn.jsdelivr.net/npm/chart.js","meta":{"rootId":"mfpqljql0qwyu7u","id":"mfpqljql0qwyu7u"},"id":"fs2sf2gtlcgzmpm","previousOperationId":"1dtgky0j2g2tf5b"}
{"type":"log","timestamp":1684649568228,"level":"debug","message":"Page request finished: GET (script) 200 https://cdn.jsdelivr.net/npm/chart.js","meta":{"rootId":"mfpqljql0qwyu7u","id":"mfpqljql0qwyu7u"},"id":"5lerbjujsslk5oc","previousOperationId":"1dtgky0j2g2tf5b"}
{"type":"log","timestamp":1684649568233,"level":"warn","message":"Page error: SyntaxError: Unexpected token ','","meta":{"rootId":"mfpqljql0qwyu7u","id":"mfpqljql0qwyu7u"},"id":"34tz4yzqo232xfg","previousOperationId":"1dtgky0j2g2tf5b"}
{"type":"log","timestamp":1684649568237,"level":"debug","message":"Running chrome with params {\"printBackground\":true,\"marginTop\":\"2cm\",\"marginRight\":\"1cm\",\"marginBottom\":\"2cm\",\"marginLeft\":\"1cm\",\"footerTemplate\":\"...\",\"landscape\":false,\"format\":\"A4\",\"displayHeaderFooter\":true,\"timeout\":59919,\"margin\":{\"top\":\"2cm\",\"right\":\"1cm\",\"bottom\":\"2cm\",\"left\":\"1cm\"}}","meta":{"rootId":"mfpqljql0qwyu7u","id":"mfpqljql0qwyu7u"},"id":"k9qwn1oohgb7mo0","previousOperationId":"1dtgky0j2g2tf5b"}
{"type":"operationEnd","operationId":"1dtgky0j2g2tf5b","timestamp":1684649568332,"id":"pv8pc517clffp4l","previousEventId":"o4aapv32v3q5n81","previousOperationId":"1dtgky0j2g2tf5b"}
{"type":"log","timestamp":1684649568332,"level":"debug","message":"Skipping storing report.","meta":{"rootId":"mfpqljql0qwyu7u","id":"mfpqljql0qwyu7u"},"id":"d55p7cwileiieib","previousOperationId":"1dtgky0j2g2tf5b"}
{"type":"log","timestamp":1684649568332,"level":"info","message":"Rendering request 64 finished in 334 ms","meta":{"rootId":"mfpqljql0qwyu7u","id":"mfpqljql0qwyu7u"},"id":"7bkcxfse41725pv","previousOperationId":"1dtgky0j2g2tf5b"}
{"type":"operationEnd","subtype":"render","operationId":"8dco0v1xnwiil9d","timestamp":1684649568332,"id":"doiewh3fch3smvy","previousEventId":"pv8pc517clffp4l","previousOperationId":"1dtgky0j2g2tf5b"}
{"type":"operationEnd","doDiffs":false,"previousEventId":"8wjrpjter5plpc3","previousOperationId":"io07mb27migzpx0","operationId":"io07mb27migzpx0","timestamp":1684649568339,"id":"uki8kptxq4ol5o7"}
