{"type":"operationStart","subtype":"profile","data":{"_id":"ImKZJu9VF3x5KeDB","timestamp":"2023-05-21T07:34:13.332Z","state":"queued","mode":"standard","creationDate":"2023-05-21T07:34:13.335Z","modificationDate":"2023-05-21T07:34:13.335Z","shortid":"830XfEL","$entitySet":"profiles"},"doDiffs":false,"timestamp":1684654453333,"id":"wrl2wj2ik2f7kzp","previousOperationId":null,"operationId":"zp8hiub37tbv4jk"}
{"type":"log","level":"info","message":"Render request 145 queued for execution and waiting for available worker","previousOperationId":"zp8hiub37tbv4jk","timestamp":1684654453333,"id":"xd070adedfssqa4"}
{"type":"operationStart","subtype":"render","name":"invoice-js","previousOperationId":"zp8hiub37tbv4jk","timestamp":1684654453348,"id":"yk8mh1haqgu3w4r","previousEventId":"wrl2wj2ik2f7kzp","operationId":"i2gxclwu0z82n5h"}
{"type":"log","timestamp":1684654453348,"level":"info","message":"Starting rendering request 145","meta":{"rootId":"mmsk6jxqc7aev1c","id":"mmsk6jxqc7aev1c"},"id":"4fyp971xnghms1n","previousOperationId":"i2gxclwu0z82n5h"}
{"type":"log","timestamp":1684654453348,"level":"info","message":"Rendering template { name: invoice-js, recipe: chrome-pdf, engine: handlebars, preview: false }","meta":{"rootId":"mmsk6jxqc7aev1c","id":"mmsk6jxqc7aev1c"},"id":"8allmpk6ugb7d6d","previousOperationId":"i2gxclwu0z82n5h"}
{"type":"log","timestamp":1684654453350,"level":"debug","message":"Inline data specified.","meta":{"rootId":"mmsk6jxqc7aev1c","id":"mmsk6jxqc7aev1c"},"id":"pcidbrhtk0ti202","previousOperationId":"i2gxclwu0z82n5h"}
{"type":"log","timestamp":1684654453359,"level":"debug","message":"Base url not specified, skipping its injection.","meta":{"rootId":"mmsk6jxqc7aev1c","id":"mmsk6jxqc7aev1c"},"id":"nw97eibh3mavycu","previousOperationId":"i2gxclwu0z82n5h"}
{"type":"operationStart","subtype":"engine","name":"handlebars","timestamp":1684654453359,"id":"uu7tqxypaiyd3uj","previousEventId":"yk8mh1haqgu3w4r","operationId":"o471aj9lio84uwp","previousOperationId":"i2gxclwu0z82n5h"}
{"type":"log","timestamp":1684654453359,"level":"debug","message":"Rendering engine handlebars","meta":{"rootId":"mmsk6jxqc7aev1c","id":"mmsk6jxqc7aev1c"},"id":"19azkbo64gcbuss","previousOperationId":"o471aj9lio84uwp"}
{"type":"operationEnd","operationId":"o471aj9lio84uwp","timestamp":1684654453383,"id":"6zbkkb6gycboc4d","previousEventId":"uu7tqxypaiyd3uj","previousOperationId":"o471aj9lio84uwp"}
{"type":"operationStart","subtype":"recipe","name":"chrome-pdf","timestamp":1684654453384,"id":"itt6z983ug2n0iq","previousEventId":"6zbkkb6gycboc4d","operationId":"dxiaakpm494is4o","previousOperationId":"o471aj9lio84uwp"}
{"type":"log","timestamp":1684654453384,"level":"debug","message":"Executing recipe chrome-pdf","meta":{"rootId":"mmsk6jxqc7aev1c","id":"mmsk6jxqc7aev1c"},"id":"zyi2435tm6u7g8r","previousOperationId":"dxiaakpm494is4o"}
{"type":"log","timestamp":1684654453386,"level":"debug","message":"Starting child request to render pdf footer","meta":{"rootId":"mmsk6jxqc7aev1c","id":"mmsk6jxqc7aev1c"},"id":"6320jl4s7ccpht8","previousOperationId":"dxiaakpm494is4o"}
{"type":"operationStart","subtype":"render","name":"anonymous","previousOperationId":"dxiaakpm494is4o","timestamp":1684654453386,"id":"gajw68oqj8zbtcn","previousEventId":"itt6z983ug2n0iq","operationId":"ecda1q1cgpjshjy"}
{"type":"log","timestamp":1684654453386,"level":"info","message":"Starting rendering (child) request","meta":{"rootId":"mmsk6jxqc7aev1c","id":"f31sxiqo69owl4u"},"id":"alcosadkyf4yg8n","previousOperationId":"ecda1q1cgpjshjy"}
{"type":"log","timestamp":1684654453386,"level":"info","message":"Rendering anonymous template { recipe: html, engine: handlebars }","meta":{"rootId":"mmsk6jxqc7aev1c","id":"f31sxiqo69owl4u"},"id":"vh2f35p4g1mk664","previousOperationId":"ecda1q1cgpjshjy"}
{"type":"log","timestamp":1684654453386,"level":"debug","message":"Inline data specified.","meta":{"rootId":"mmsk6jxqc7aev1c","id":"f31sxiqo69owl4u"},"id":"tcwqu2mxwvfk80y","previousOperationId":"ecda1q1cgpjshjy"}
{"type":"log","timestamp":1684654453388,"level":"debug","message":"Base url not specified, skipping its injection.","meta":{"rootId":"mmsk6jxqc7aev1c","id":"f31sxiqo69owl4u"},"id":"xve2skfknwtwvg9","previousOperationId":"ecda1q1cgpjshjy"}
{"type":"operationStart","subtype":"engine","name":"handlebars","timestamp":1684654453388,"id":"s3v6weaz6kjmczc","previousEventId":"gajw68oqj8zbtcn","operationId":"n2s8v67bl4skvba","previousOperationId":"ecda1q1cgpjshjy"}
{"type":"log","timestamp":1684654453388,"level":"debug","message":"Rendering engine handlebars","meta":{"rootId":"mmsk6jxqc7aev1c","id":"f31sxiqo69owl4u"},"id":"426ofwwrb0sx61c","previousOperationId":"n2s8v67bl4skvba"}
{"type":"operationEnd","operationId":"n2s8v67bl4skvba","timestamp":1684654453407,"id":"pvoduy56upe5d0e","previousEventId":"s3v6weaz6kjmczc","previousOperationId":"n2s8v67bl4skvba"}
{"type":"operationStart","subtype":"recipe","name":"html","timestamp":1684654453407,"id":"crn4aoli6hn7gz7","previousEventId":"pvoduy56upe5d0e","operationId":"u7e4qvw48ak1gh3","previousOperationId":"n2s8v67bl4skvba"}
{"type":"log","timestamp":1684654453407,"level":"debug","message":"Executing recipe html","meta":{"rootId":"mmsk6jxqc7aev1c","id":"f31sxiqo69owl4u"},"id":"z2vxdc2oky9hju2","previousOperationId":"u7e4qvw48ak1gh3"}
{"type":"operationEnd","operationId":"u7e4qvw48ak1gh3","timestamp":1684654453407,"id":"z3tnae55ss4u1yw","previousEventId":"crn4aoli6hn7gz7","previousOperationId":"u7e4qvw48ak1gh3"}
{"type":"log","timestamp":1684654453407,"level":"debug","message":"Skipping storing report.","meta":{"rootId":"mmsk6jxqc7aev1c","id":"f31sxiqo69owl4u"},"id":"5dhfjmyj0kqf4l4","previousOperationId":"u7e4qvw48ak1gh3"}
{"type":"log","timestamp":1684654453407,"level":"info","message":"Rendering (child) request finished in 76 ms","meta":{"rootId":"mmsk6jxqc7aev1c","id":"f31sxiqo69owl4u"},"id":"u258afxxzpzbd0u","previousOperationId":"u7e4qvw48ak1gh3"}
{"type":"operationEnd","subtype":"render","operationId":"ecda1q1cgpjshjy","timestamp":1684654453408,"id":"euprhm53n55vrz4","previousEventId":"z3tnae55ss4u1yw","previousOperationId":"u7e4qvw48ak1gh3"}
{"type":"log","timestamp":1684654453412,"level":"debug","message":"Converting with chrome HeadlessChrome/105.0.5173.0 using chrome-pool strategy","meta":{"rootId":"mmsk6jxqc7aev1c","id":"mmsk6jxqc7aev1c"},"id":"kuf6800jam79ab7","previousOperationId":"dxiaakpm494is4o"}
{"type":"log","timestamp":1684654453559,"level":"debug","message":"Page request: GET (document) file:///C:/Users/Adebayo/AppData/Local/Temp/jsreport/autocleanup/1ff3d831-79af-49b7-810d-a84d628dc26b-chrome-pdf.html","meta":{"rootId":"mmsk6jxqc7aev1c","id":"mmsk6jxqc7aev1c"},"id":"3u515x38d4z1hk7","previousOperationId":"dxiaakpm494is4o"}
{"type":"log","timestamp":1684654453578,"level":"debug","message":"Page request finished: GET (document) 200 file:///C:/Users/Adebayo/AppData/Local/Temp/jsreport/autocleanup/1ff3d831-79af-49b7-810d-a84d628dc26b-chrome-pdf.html","meta":{"rootId":"mmsk6jxqc7aev1c","id":"mmsk6jxqc7aev1c"},"id":"qq81u1010yfknuo","previousOperationId":"dxiaakpm494is4o"}
{"type":"log","timestamp":1684654453579,"level":"debug","message":"Page request: GET (script) https://cdnjs.cloudflare.com/ajax/libs/Chart.js/2.1.6/Chart.min.js","meta":{"rootId":"mmsk6jxqc7aev1c","id":"mmsk6jxqc7aev1c"},"id":"8nxkjgwif4gkxi2","previousOperationId":"dxiaakpm494is4o"}
{"type":"log","timestamp":1684654453589,"level":"debug","message":"Page request finished: GET (script) 200 https://cdnjs.cloudflare.com/ajax/libs/Chart.js/2.1.6/Chart.min.js","meta":{"rootId":"mmsk6jxqc7aev1c","id":"mmsk6jxqc7aev1c"},"id":"6d7pl5fnpjkibbr","previousOperationId":"dxiaakpm494is4o"}
{"type":"log","timestamp":1684654453597,"level":"warn","message":"Page error: SyntaxError: Unexpected token ','","meta":{"rootId":"mmsk6jxqc7aev1c","id":"mmsk6jxqc7aev1c"},"id":"8q7ag90vx35xwlb","previousOperationId":"dxiaakpm494is4o"}
{"type":"log","timestamp":1684654453601,"level":"debug","message":"Running chrome with params {\"printBackground\":true,\"marginTop\":\"2cm\",\"marginRight\":\"1cm\",\"marginBottom\":\"2cm\",\"marginLeft\":\"1cm\",\"landscape\":false,\"format\":\"A4\",\"displayHeaderFooter\":true,\"footerTemplate\":\"...\",\"timeout\":59923,\"margin\":{\"top\":\"2cm\",\"right\":\"1cm\",\"bottom\":\"2cm\",\"left\":\"1cm\"}}","meta":{"rootId":"mmsk6jxqc7aev1c","id":"mmsk6jxqc7aev1c"},"id":"rmcmmjrpk9gx2af","previousOperationId":"dxiaakpm494is4o"}
{"type":"operationEnd","operationId":"dxiaakpm494is4o","timestamp":1684654453717,"id":"10rlz0docg33ye0","previousEventId":"itt6z983ug2n0iq","previousOperationId":"dxiaakpm494is4o"}
{"type":"log","timestamp":1684654453717,"level":"debug","message":"Skipping storing report.","meta":{"rootId":"mmsk6jxqc7aev1c","id":"mmsk6jxqc7aev1c"},"id":"d6kclkkab5yrnq4","previousOperationId":"dxiaakpm494is4o"}
{"type":"log","timestamp":1684654453717,"level":"info","message":"Rendering request 145 finished in 386 ms","meta":{"rootId":"mmsk6jxqc7aev1c","id":"mmsk6jxqc7aev1c"},"id":"kfnfnfll0l3itpp","previousOperationId":"dxiaakpm494is4o"}
{"type":"operationEnd","subtype":"render","operationId":"i2gxclwu0z82n5h","timestamp":1684654453717,"id":"968mb4jnp1bd18s","previousEventId":"10rlz0docg33ye0","previousOperationId":"dxiaakpm494is4o"}
{"type":"operationEnd","doDiffs":false,"previousEventId":"wrl2wj2ik2f7kzp","previousOperationId":"zp8hiub37tbv4jk","operationId":"zp8hiub37tbv4jk","timestamp":1684654453723,"id":"dmn1l6xklmnngnk"}
