{"type":"operationStart","subtype":"profile","data":{"_id":"SxEo0xyiV4vDWnfQ","timestamp":"2023-05-21T07:30:51.400Z","state":"queued","mode":"standard","creationDate":"2023-05-21T07:30:51.405Z","modificationDate":"2023-05-21T07:30:51.405Z","shortid":"Yu1Mxh-","$entitySet":"profiles"},"doDiffs":false,"timestamp":1684654251403,"id":"2nlecb2t5zruhod","previousOperationId":null,"operationId":"kgj6rh78xxf0n3o"}
{"type":"log","level":"info","message":"Render request 139 queued for execution and waiting for available worker","previousOperationId":"kgj6rh78xxf0n3o","timestamp":1684654251404,"id":"6zoifbkso17gzfg"}
{"type":"operationStart","subtype":"render","name":"invoice-js","previousOperationId":"kgj6rh78xxf0n3o","timestamp":1684654251421,"id":"8irvyl4c21jc1ad","previousEventId":"2nlecb2t5zruhod","operationId":"npcpkklxv6124bj"}
{"type":"log","timestamp":1684654251422,"level":"info","message":"Starting rendering request 139","meta":{"rootId":"n4of0dhblcx5ofd","id":"n4of0dhblcx5ofd"},"id":"5gvcxqvtrvsfl05","previousOperationId":"npcpkklxv6124bj"}
{"type":"log","timestamp":1684654251422,"level":"info","message":"Rendering template { name: invoice-js, recipe: chrome-pdf, engine: handlebars, preview: false }","meta":{"rootId":"n4of0dhblcx5ofd","id":"n4of0dhblcx5ofd"},"id":"yyqjyc9yhf0jvxl","previousOperationId":"npcpkklxv6124bj"}
{"type":"log","timestamp":1684654251427,"level":"debug","message":"Inline data specified.","meta":{"rootId":"n4of0dhblcx5ofd","id":"n4of0dhblcx5ofd"},"id":"4nnpz0lrv98j61y","previousOperationId":"npcpkklxv6124bj"}
{"type":"log","timestamp":1684654251432,"level":"debug","message":"Base url not specified, skipping its injection.","meta":{"rootId":"n4of0dhblcx5ofd","id":"n4of0dhblcx5ofd"},"id":"xe4jkvag5awwrgy","previousOperationId":"npcpkklxv6124bj"}
{"type":"operationStart","subtype":"engine","name":"handlebars","timestamp":1684654251433,"id":"080gvtuaiwoxcv6","previousEventId":"8irvyl4c21jc1ad","operationId":"fzsnxw25hn2ebqm","previousOperationId":"npcpkklxv6124bj"}
{"type":"log","timestamp":1684654251433,"level":"debug","message":"Rendering engine handlebars","meta":{"rootId":"n4of0dhblcx5ofd","id":"n4of0dhblcx5ofd"},"id":"2yhjjw4fhvzaxx6","previousOperationId":"fzsnxw25hn2ebqm"}
{"type":"operationEnd","operationId":"fzsnxw25hn2ebqm","timestamp":1684654251459,"id":"8beynfga3yzf4iu","previousEventId":"080gvtuaiwoxcv6","previousOperationId":"fzsnxw25hn2ebqm"}
{"type":"operationStart","subtype":"recipe","name":"chrome-pdf","timestamp":1684654251459,"id":"4yvtoq829yz13fh","previousEventId":"8beynfga3yzf4iu","operationId":"8phlettwnevwx5y","previousOperationId":"fzsnxw25hn2ebqm"}
{"type":"log","timestamp":1684654251459,"level":"debug","message":"Executing recipe chrome-pdf","meta":{"rootId":"n4of0dhblcx5ofd","id":"n4of0dhblcx5ofd"},"id":"4ccwa6j1gehbo1g","previousOperationId":"8phlettwnevwx5y"}
{"type":"log","timestamp":1684654251463,"level":"debug","message":"Starting child request to render pdf footer","meta":{"rootId":"n4of0dhblcx5ofd","id":"n4of0dhblcx5ofd"},"id":"qdkcui3m2wvjhvh","previousOperationId":"8phlettwnevwx5y"}
{"type":"operationStart","subtype":"render","name":"anonymous","previousOperationId":"8phlettwnevwx5y","timestamp":1684654251463,"id":"k72wg4btfx52j4k","previousEventId":"4yvtoq829yz13fh","operationId":"6olxz5w3c3i9uqg"}
{"type":"log","timestamp":1684654251463,"level":"info","message":"Starting rendering (child) request","meta":{"rootId":"n4of0dhblcx5ofd","id":"nlgt51042mpfcnj"},"id":"cafoxd517ahw2al","previousOperationId":"6olxz5w3c3i9uqg"}
{"type":"log","timestamp":1684654251463,"level":"info","message":"Rendering anonymous template { recipe: html, engine: handlebars }","meta":{"rootId":"n4of0dhblcx5ofd","id":"nlgt51042mpfcnj"},"id":"nos4vir1aouu1cd","previousOperationId":"6olxz5w3c3i9uqg"}
{"type":"log","timestamp":1684654251463,"level":"debug","message":"Inline data specified.","meta":{"rootId":"n4of0dhblcx5ofd","id":"nlgt51042mpfcnj"},"id":"n6cbutccise1vy9","previousOperationId":"6olxz5w3c3i9uqg"}
{"type":"log","timestamp":1684654251466,"level":"debug","message":"Base url not specified, skipping its injection.","meta":{"rootId":"n4of0dhblcx5ofd","id":"nlgt51042mpfcnj"},"id":"o0m3xmaoe4hwukx","previousOperationId":"6olxz5w3c3i9uqg"}
{"type":"operationStart","subtype":"engine","name":"handlebars","timestamp":1684654251466,"id":"zc3mgx16ix74dy4","previousEventId":"k72wg4btfx52j4k","operationId":"6i20jwfkw4bxyuh","previousOperationId":"6olxz5w3c3i9uqg"}
{"type":"log","timestamp":1684654251466,"level":"debug","message":"Rendering engine handlebars","meta":{"rootId":"n4of0dhblcx5ofd","id":"nlgt51042mpfcnj"},"id":"a7uxnkwkelvbglb","previousOperationId":"6i20jwfkw4bxyuh"}
{"type":"operationEnd","operationId":"6i20jwfkw4bxyuh","timestamp":1684654251488,"id":"ckxdw5p79gcth0g","previousEventId":"zc3mgx16ix74dy4","previousOperationId":"6i20jwfkw4bxyuh"}
{"type":"operationStart","subtype":"recipe","name":"html","timestamp":1684654251488,"id":"3ver4chmjbcdn1a","previousEventId":"ckxdw5p79gcth0g","operationId":"idg4u1q3vhzlopd","previousOperationId":"6i20jwfkw4bxyuh"}
{"type":"log","timestamp":1684654251488,"level":"debug","message":"Executing recipe html","meta":{"rootId":"n4of0dhblcx5ofd","id":"nlgt51042mpfcnj"},"id":"m2gvp41aj04nuxj","previousOperationId":"idg4u1q3vhzlopd"}
{"type":"operationEnd","operationId":"idg4u1q3vhzlopd","timestamp":1684654251488,"id":"4j5arsh1jt2vsou","previousEventId":"3ver4chmjbcdn1a","previousOperationId":"idg4u1q3vhzlopd"}
{"type":"log","timestamp":1684654251489,"level":"debug","message":"Skipping storing report.","meta":{"rootId":"n4of0dhblcx5ofd","id":"nlgt51042mpfcnj"},"id":"ecxq8ro5i04i7nl","previousOperationId":"idg4u1q3vhzlopd"}
{"type":"log","timestamp":1684654251489,"level":"info","message":"Rendering (child) request finished in 89 ms","meta":{"rootId":"n4of0dhblcx5ofd","id":"nlgt51042mpfcnj"},"id":"ct65uk0xbssg17l","previousOperationId":"idg4u1q3vhzlopd"}
{"type":"operationEnd","subtype":"render","operationId":"6olxz5w3c3i9uqg","timestamp":1684654251489,"id":"rknf402hfusajgx","previousEventId":"4j5arsh1jt2vsou","previousOperationId":"idg4u1q3vhzlopd"}
{"type":"log","timestamp":1684654251491,"level":"debug","message":"Converting with chrome HeadlessChrome/105.0.5173.0 using chrome-pool strategy","meta":{"rootId":"n4of0dhblcx5ofd","id":"n4of0dhblcx5ofd"},"id":"1fk7mooc6tym7d1","previousOperationId":"8phlettwnevwx5y"}
{"type":"log","timestamp":1684654251640,"level":"debug","message":"Page request: GET (document) file:///C:/Users/Adebayo/AppData/Local/Temp/jsreport/autocleanup/ed845bd0-57fb-4cea-841d-68d340d1d62a-chrome-pdf.html","meta":{"rootId":"n4of0dhblcx5ofd","id":"n4of0dhblcx5ofd"},"id":"9cae8c2z60rphxv","previousOperationId":"8phlettwnevwx5y"}
{"type":"log","timestamp":1684654251662,"level":"debug","message":"Page request finished: GET (document) 200 file:///C:/Users/Adebayo/AppData/Local/Temp/jsreport/autocleanup/ed845bd0-57fb-4cea-841d-68d340d1d62a-chrome-pdf.html","meta":{"rootId":"n4of0dhblcx5ofd","id":"n4of0dhblcx5ofd"},"id":"ejsgg4wl6x88x4m","previousOperationId":"8phlettwnevwx5y"}
{"type":"log","timestamp":1684654251662,"level":"debug","message":"Page request: GET (script) https://cdnjs.cloudflare.com/ajax/libs/Chart.js/2.1.6/Chart.min.js","meta":{"rootId":"n4of0dhblcx5ofd","id":"n4of0dhblcx5ofd"},"id":"pvty7n8cqrykyze","previousOperationId":"8phlettwnevwx5y"}
{"type":"log","timestamp":1684654251673,"level":"debug","message":"Page request finished: GET (script) 200 https://cdnjs.cloudflare.com/ajax/libs/Chart.js/2.1.6/Chart.min.js","meta":{"rootId":"n4of0dhblcx5ofd","id":"n4of0dhblcx5ofd"},"id":"y9b74as06ublt2u","previousOperationId":"8phlettwnevwx5y"}
{"type":"log","timestamp":1684654251680,"level":"warn","message":"Page error: SyntaxError: Unexpected token ','","meta":{"rootId":"n4of0dhblcx5ofd","id":"n4of0dhblcx5ofd"},"id":"zloomr6cy2od10t","previousOperationId":"8phlettwnevwx5y"}
{"type":"log","timestamp":1684654251684,"level":"debug","message":"Running chrome with params {\"printBackground\":true,\"marginTop\":\"2cm\",\"marginRight\":\"1cm\",\"marginBottom\":\"2cm\",\"marginLeft\":\"1cm\",\"landscape\":false,\"format\":\"A4\",\"displayHeaderFooter\":true,\"footerTemplate\":\"...\",\"timeout\":59911,\"margin\":{\"top\":\"2cm\",\"right\":\"1cm\",\"bottom\":\"2cm\",\"left\":\"1cm\"}}","meta":{"rootId":"n4of0dhblcx5ofd","id":"n4of0dhblcx5ofd"},"id":"xswcfyd33efvngv","previousOperationId":"8phlettwnevwx5y"}
{"type":"operationEnd","operationId":"8phlettwnevwx5y","timestamp":1684654251775,"id":"f1skhe52dcaz0am","previousEventId":"4yvtoq829yz13fh","previousOperationId":"8phlettwnevwx5y"}
{"type":"log","timestamp":1684654251777,"level":"debug","message":"Skipping storing report.","meta":{"rootId":"n4of0dhblcx5ofd","id":"n4of0dhblcx5ofd"},"id":"wkk7zvherznvt63","previousOperationId":"8phlettwnevwx5y"}
{"type":"log","timestamp":1684654251777,"level":"info","message":"Rendering request 139 finished in 377 ms","meta":{"rootId":"n4of0dhblcx5ofd","id":"n4of0dhblcx5ofd"},"id":"dhze6dszyzs8vfa","previousOperationId":"8phlettwnevwx5y"}
{"type":"operationEnd","subtype":"render","operationId":"npcpkklxv6124bj","timestamp":1684654251778,"id":"5h7xghiiqhb7anv","previousEventId":"f1skhe52dcaz0am","previousOperationId":"8phlettwnevwx5y"}
{"type":"operationEnd","doDiffs":false,"previousEventId":"2nlecb2t5zruhod","previousOperationId":"kgj6rh78xxf0n3o","operationId":"kgj6rh78xxf0n3o","timestamp":1684654251783,"id":"ysrnfnrdo3acv6s"}
