{"type":"operationStart","subtype":"profile","data":{"_id":"c9JONs2pySCFHRlJ","timestamp":"2023-05-21T08:09:43.925Z","state":"queued","mode":"standard","creationDate":"2023-05-21T08:09:43.930Z","modificationDate":"2023-05-21T08:09:43.930Z","shortid":"phD_oWr","$entitySet":"profiles"},"doDiffs":false,"timestamp":1684656583928,"id":"nguwect1m3jpukz","previousOperationId":null,"operationId":"yc23k7dy73z9avi"}
{"type":"log","level":"info","message":"Render request 147 queued for execution and waiting for available worker","previousOperationId":"yc23k7dy73z9avi","timestamp":1684656583928,"id":"zr1uhusmrcobjm4"}
{"type":"operationStart","subtype":"render","name":"invoice-js","previousOperationId":"yc23k7dy73z9avi","timestamp":1684656583944,"id":"4t7ul5swavrbgo3","previousEventId":"nguwect1m3jpukz","operationId":"puhhj3i0rnkjbrn"}
{"type":"log","timestamp":1684656583945,"level":"info","message":"Starting rendering request 147","meta":{"rootId":"n5tzgokxh0xzes6","id":"n5tzgokxh0xzes6"},"id":"4dbzcg1l27euy9s","previousOperationId":"puhhj3i0rnkjbrn"}
{"type":"log","timestamp":1684656583945,"level":"info","message":"Rendering template { name: invoice-js, recipe: chrome-pdf, engine: handlebars, preview: false }","meta":{"rootId":"n5tzgokxh0xzes6","id":"n5tzgokxh0xzes6"},"id":"lv1ysus5yp454l3","previousOperationId":"puhhj3i0rnkjbrn"}
{"type":"log","timestamp":1684656583948,"level":"debug","message":"Inline data specified.","meta":{"rootId":"n5tzgokxh0xzes6","id":"n5tzgokxh0xzes6"},"id":"18evzr8pmt7moxg","previousOperationId":"puhhj3i0rnkjbrn"}
{"type":"log","timestamp":1684656583956,"level":"debug","message":"Base url not specified, skipping its injection.","meta":{"rootId":"n5tzgokxh0xzes6","id":"n5tzgokxh0xzes6"},"id":"62gocyi7o61uxi8","previousOperationId":"puhhj3i0rnkjbrn"}
{"type":"operationStart","subtype":"engine","name":"handlebars","timestamp":1684656583957,"id":"zzg69pl3vxp33j8","previousEventId":"4t7ul5swavrbgo3","operationId":"n6ialc9tx1xuufr","previousOperationId":"puhhj3i0rnkjbrn"}
{"type":"log","timestamp":1684656583957,"level":"debug","message":"Rendering engine handlebars","meta":{"rootId":"n5tzgokxh0xzes6","id":"n5tzgokxh0xzes6"},"id":"b79ssdgwna0mck5","previousOperationId":"n6ialc9tx1xuufr"}
{"type":"operationEnd","operationId":"n6ialc9tx1xuufr","timestamp":1684656583987,"id":"o4vmrkpmh0tb6sv","previousEventId":"zzg69pl3vxp33j8","previousOperationId":"n6ialc9tx1xuufr"}
{"type":"operationStart","subtype":"recipe","name":"chrome-pdf","timestamp":1684656583987,"id":"el10yoqf10i3uje","previousEventId":"o4vmrkpmh0tb6sv","operationId":"9f1je77wkmstqai","previousOperationId":"n6ialc9tx1xuufr"}
{"type":"log","timestamp":1684656583987,"level":"debug","message":"Executing recipe chrome-pdf","meta":{"rootId":"n5tzgokxh0xzes6","id":"n5tzgokxh0xzes6"},"id":"8u0gr3l75pgi7r2","previousOperationId":"9f1je77wkmstqai"}
{"type":"log","timestamp":1684656583989,"level":"debug","message":"Starting child request to render pdf footer","meta":{"rootId":"n5tzgokxh0xzes6","id":"n5tzgokxh0xzes6"},"id":"ficpucnhcfrbdcw","previousOperationId":"9f1je77wkmstqai"}
{"type":"operationStart","subtype":"render","name":"anonymous","previousOperationId":"9f1je77wkmstqai","timestamp":1684656583990,"id":"y5qn2vfg9gde3sr","previousEventId":"el10yoqf10i3uje","operationId":"herghvzh8iqqauy"}
{"type":"log","timestamp":1684656583990,"level":"info","message":"Starting rendering (child) request","meta":{"rootId":"n5tzgokxh0xzes6","id":"ifvg0ubfzzfpjya"},"id":"vbqos13nii4bwub","previousOperationId":"herghvzh8iqqauy"}
{"type":"log","timestamp":1684656583990,"level":"info","message":"Rendering anonymous template { recipe: html, engine: handlebars }","meta":{"rootId":"n5tzgokxh0xzes6","id":"ifvg0ubfzzfpjya"},"id":"c54sqnnj6aydc7d","previousOperationId":"herghvzh8iqqauy"}
{"type":"log","timestamp":1684656583990,"level":"debug","message":"Inline data specified.","meta":{"rootId":"n5tzgokxh0xzes6","id":"ifvg0ubfzzfpjya"},"id":"iyub3zl2fr0uamk","previousOperationId":"herghvzh8iqqauy"}
{"type":"log","timestamp":1684656583991,"level":"debug","message":"Base url not specified, skipping its injection.","meta":{"rootId":"n5tzgokxh0xzes6","id":"ifvg0ubfzzfpjya"},"id":"29vyvafusky5ba1","previousOperationId":"herghvzh8iqqauy"}
{"type":"operationStart","subtype":"engine","name":"handlebars","timestamp":1684656583992,"id":"5x9mznaluieutri","previousEventId":"y5qn2vfg9gde3sr","operationId":"2p2ud69xrwzu4up","previousOperationId":"herghvzh8iqqauy"}
{"type":"log","timestamp":1684656583993,"level":"debug","message":"Rendering engine handlebars","meta":{"rootId":"n5tzgokxh0xzes6","id":"ifvg0ubfzzfpjya"},"id":"544xgh1y1rv8yj7","previousOperationId":"2p2ud69xrwzu4up"}
{"type":"operationEnd","operationId":"2p2ud69xrwzu4up","timestamp":1684656584019,"id":"saw5ik7k48jrxfj","previousEventId":"5x9mznaluieutri","previousOperationId":"2p2ud69xrwzu4up"}
{"type":"operationStart","subtype":"recipe","name":"html","timestamp":1684656584019,"id":"b1skkf6b5fssvdc","previousEventId":"saw5ik7k48jrxfj","operationId":"gni8aw52gpnyf6l","previousOperationId":"2p2ud69xrwzu4up"}
{"type":"log","timestamp":1684656584019,"level":"debug","message":"Executing recipe html","meta":{"rootId":"n5tzgokxh0xzes6","id":"ifvg0ubfzzfpjya"},"id":"rt267391ls9gqz6","previousOperationId":"gni8aw52gpnyf6l"}
{"type":"operationEnd","operationId":"gni8aw52gpnyf6l","timestamp":1684656584019,"id":"n0tnslpdnhgip2f","previousEventId":"b1skkf6b5fssvdc","previousOperationId":"gni8aw52gpnyf6l"}
{"type":"log","timestamp":1684656584020,"level":"debug","message":"Skipping storing report.","meta":{"rootId":"n5tzgokxh0xzes6","id":"ifvg0ubfzzfpjya"},"id":"mmat5mgrkfxivw8","previousOperationId":"gni8aw52gpnyf6l"}
{"type":"log","timestamp":1684656584020,"level":"info","message":"Rendering (child) request finished in 96 ms","meta":{"rootId":"n5tzgokxh0xzes6","id":"ifvg0ubfzzfpjya"},"id":"fq6fkgfr7luzx50","previousOperationId":"gni8aw52gpnyf6l"}
{"type":"operationEnd","subtype":"render","operationId":"herghvzh8iqqauy","timestamp":1684656584020,"id":"vbsphckd02ilzjy","previousEventId":"n0tnslpdnhgip2f","previousOperationId":"gni8aw52gpnyf6l"}
{"type":"log","timestamp":1684656584025,"level":"debug","message":"Converting with chrome HeadlessChrome/105.0.5173.0 using chrome-pool strategy","meta":{"rootId":"n5tzgokxh0xzes6","id":"n5tzgokxh0xzes6"},"id":"zfd1n01q4z72y1w","previousOperationId":"9f1je77wkmstqai"}
{"type":"log","timestamp":1684656584190,"level":"debug","message":"Page request: GET (document) file:///C:/Users/Adebayo/AppData/Local/Temp/jsreport/autocleanup/cee0ba24-579c-4f23-b0ef-05d82b492b8d-chrome-pdf.html","meta":{"rootId":"n5tzgokxh0xzes6","id":"n5tzgokxh0xzes6"},"id":"gxhvlyl560yqpte","previousOperationId":"9f1je77wkmstqai"}
{"type":"log","timestamp":1684656584211,"level":"debug","message":"Page request finished: GET (document) 200 file:///C:/Users/Adebayo/AppData/Local/Temp/jsreport/autocleanup/cee0ba24-579c-4f23-b0ef-05d82b492b8d-chrome-pdf.html","meta":{"rootId":"n5tzgokxh0xzes6","id":"n5tzgokxh0xzes6"},"id":"vq7o32lkplvzi67","previousOperationId":"9f1je77wkmstqai"}
{"type":"log","timestamp":1684656584211,"level":"debug","message":"Page request: GET (script) https://cdnjs.cloudflare.com/ajax/libs/Chart.js/2.1.6/Chart.min.js","meta":{"rootId":"n5tzgokxh0xzes6","id":"n5tzgokxh0xzes6"},"id":"xad41ftwd1s2xay","previousOperationId":"9f1je77wkmstqai"}
{"type":"log","timestamp":1684656584229,"level":"debug","message":"Page request finished: GET (script) 200 https://cdnjs.cloudflare.com/ajax/libs/Chart.js/2.1.6/Chart.min.js","meta":{"rootId":"n5tzgokxh0xzes6","id":"n5tzgokxh0xzes6"},"id":"w19g2c1c0fsiz5o","previousOperationId":"9f1je77wkmstqai"}
{"type":"log","timestamp":1684656584248,"level":"warn","message":"Page error: SyntaxError: Unexpected token ','","meta":{"rootId":"n5tzgokxh0xzes6","id":"n5tzgokxh0xzes6"},"id":"gejef6zt7qpyezp","previousOperationId":"9f1je77wkmstqai"}
{"type":"log","timestamp":1684656584252,"level":"debug","message":"Running chrome with params {\"printBackground\":true,\"marginTop\":\"2cm\",\"marginRight\":\"1cm\",\"marginBottom\":\"2cm\",\"marginLeft\":\"1cm\",\"landscape\":false,\"format\":\"A4\",\"displayHeaderFooter\":true,\"footerTemplate\":\"...\",\"timeout\":59904,\"margin\":{\"top\":\"2cm\",\"right\":\"1cm\",\"bottom\":\"2cm\",\"left\":\"1cm\"}}","meta":{"rootId":"n5tzgokxh0xzes6","id":"n5tzgokxh0xzes6"},"id":"219e7p9z8o9wsn3","previousOperationId":"9f1je77wkmstqai"}
{"type":"operationEnd","operationId":"9f1je77wkmstqai","timestamp":1684656584358,"id":"5k39jmluktloaic","previousEventId":"el10yoqf10i3uje","previousOperationId":"9f1je77wkmstqai"}
{"type":"log","timestamp":1684656584359,"level":"debug","message":"Skipping storing report.","meta":{"rootId":"n5tzgokxh0xzes6","id":"n5tzgokxh0xzes6"},"id":"4zozu3ooo8wm7mr","previousOperationId":"9f1je77wkmstqai"}
{"type":"log","timestamp":1684656584359,"level":"info","message":"Rendering request 147 finished in 435 ms","meta":{"rootId":"n5tzgokxh0xzes6","id":"n5tzgokxh0xzes6"},"id":"t0pzs4h4m73bso1","previousOperationId":"9f1je77wkmstqai"}
{"type":"operationEnd","subtype":"render","operationId":"puhhj3i0rnkjbrn","timestamp":1684656584359,"id":"6dee6ukxdnzd2dg","previousEventId":"5k39jmluktloaic","previousOperationId":"9f1je77wkmstqai"}
{"type":"operationEnd","doDiffs":false,"previousEventId":"nguwect1m3jpukz","previousOperationId":"yc23k7dy73z9avi","operationId":"yc23k7dy73z9avi","timestamp":1684656584367,"id":"uej1k3lb4pum85i"}
