{"type":"operationStart","subtype":"profile","data":{"_id":"mA8RKBwXkQTjmsNb","timestamp":"2023-05-21T05:51:27.955Z","state":"queued","mode":"standard","creationDate":"2023-05-21T05:51:27.957Z","modificationDate":"2023-05-21T05:51:27.957Z","shortid":"C4bj5Wo","$entitySet":"profiles"},"doDiffs":false,"timestamp":1684648287956,"id":"pkkrwpta7od8stq","previousOperationId":null,"operationId":"ipyot7uf799pkdf"}
{"type":"log","level":"info","message":"Render request 53 queued for execution and waiting for available worker","previousOperationId":"ipyot7uf799pkdf","timestamp":1684648287956,"id":"0orte2255prg7rl"}
{"type":"operationStart","subtype":"render","name":"invoice-js","previousOperationId":"ipyot7uf799pkdf","timestamp":1684648287970,"id":"x077gq0twnnfko3","previousEventId":"pkkrwpta7od8stq","operationId":"rcw47vz0yk65v6l"}
{"type":"log","timestamp":1684648287970,"level":"info","message":"Starting rendering request 53","meta":{"rootId":"nfonpegd3n12ds5","id":"nfonpegd3n12ds5"},"id":"vgwal4v9rga4yhm","previousOperationId":"rcw47vz0yk65v6l"}
{"type":"log","timestamp":1684648287970,"level":"info","message":"Rendering template { name: invoice-js, recipe: chrome-pdf, engine: handlebars, preview: true }","meta":{"rootId":"nfonpegd3n12ds5","id":"nfonpegd3n12ds5"},"id":"nbzoi3k6517uweh","previousOperationId":"rcw47vz0yk65v6l"}
{"type":"log","timestamp":1684648287971,"level":"debug","message":"Inline data specified.","meta":{"rootId":"nfonpegd3n12ds5","id":"nfonpegd3n12ds5"},"id":"of0hwqukz0b7sab","previousOperationId":"rcw47vz0yk65v6l"}
{"type":"log","timestamp":1684648287973,"level":"debug","message":"Base url not specified, skipping its injection.","meta":{"rootId":"nfonpegd3n12ds5","id":"nfonpegd3n12ds5"},"id":"o6gkfc0i4mbbvox","previousOperationId":"rcw47vz0yk65v6l"}
{"type":"operationStart","subtype":"engine","name":"handlebars","timestamp":1684648287973,"id":"gj63kchmnvpxmm6","previousEventId":"x077gq0twnnfko3","operationId":"9yntp9q7viqgl7t","previousOperationId":"rcw47vz0yk65v6l"}
{"type":"log","timestamp":1684648287973,"level":"debug","message":"Rendering engine handlebars","meta":{"rootId":"nfonpegd3n12ds5","id":"nfonpegd3n12ds5"},"id":"e13q2vqztda25qm","previousOperationId":"9yntp9q7viqgl7t"}
{"type":"operationEnd","operationId":"9yntp9q7viqgl7t","timestamp":1684648288030,"id":"2cpgrm527m1qi53","previousEventId":"gj63kchmnvpxmm6","previousOperationId":"9yntp9q7viqgl7t"}
{"type":"operationStart","subtype":"recipe","name":"chrome-pdf","timestamp":1684648288030,"id":"z8l5j685y62tsry","previousEventId":"2cpgrm527m1qi53","operationId":"1xe2kl9jzs9nq2a","previousOperationId":"9yntp9q7viqgl7t"}
{"type":"log","timestamp":1684648288030,"level":"debug","message":"Executing recipe chrome-pdf","meta":{"rootId":"nfonpegd3n12ds5","id":"nfonpegd3n12ds5"},"id":"6lje79ahvdmudxk","previousOperationId":"1xe2kl9jzs9nq2a"}
{"type":"log","timestamp":1684648288034,"level":"debug","message":"Converting with chrome HeadlessChrome/105.0.5173.0 using chrome-pool strategy","meta":{"rootId":"nfonpegd3n12ds5","id":"nfonpegd3n12ds5"},"id":"ncea9zdch3gb13n","previousOperationId":"1xe2kl9jzs9nq2a"}
{"type":"log","timestamp":1684648288139,"level":"debug","message":"Page request: GET (document) file:///C:/Users/Adebayo/AppData/Local/Temp/jsreport/autocleanup/6caecab6-d1bf-43ff-92ac-ebdf50bbb7ca-chrome-pdf.html","meta":{"rootId":"nfonpegd3n12ds5","id":"nfonpegd3n12ds5"},"id":"00ecbuod6a3i16r","previousOperationId":"1xe2kl9jzs9nq2a"}
{"type":"log","timestamp":1684648288153,"level":"debug","message":"Page request finished: GET (document) 200 file:///C:/Users/Adebayo/AppData/Local/Temp/jsreport/autocleanup/6caecab6-d1bf-43ff-92ac-ebdf50bbb7ca-chrome-pdf.html","meta":{"rootId":"nfonpegd3n12ds5","id":"nfonpegd3n12ds5"},"id":"l0p3aij771nyume","previousOperationId":"1xe2kl9jzs9nq2a"}
{"type":"log","timestamp":1684648288154,"level":"debug","message":"Page request: GET (script) https://cdn.jsdelivr.net/npm/chart.js","meta":{"rootId":"nfonpegd3n12ds5","id":"nfonpegd3n12ds5"},"id":"viyddsem58zafct","previousOperationId":"1xe2kl9jzs9nq2a"}
{"type":"log","timestamp":1684648288160,"level":"debug","message":"Page request finished: GET (script) 200 https://cdn.jsdelivr.net/npm/chart.js","meta":{"rootId":"nfonpegd3n12ds5","id":"nfonpegd3n12ds5"},"id":"wfd69h5wupzzcsr","previousOperationId":"1xe2kl9jzs9nq2a"}
{"type":"log","timestamp":1684648288258,"level":"debug","message":"Running chrome with params {\"printBackground\":true,\"marginTop\":\"2cm\",\"marginRight\":\"1cm\",\"marginBottom\":\"2cm\",\"marginLeft\":\"1cm\",\"landscape\":false,\"format\":\"A4\",\"displayHeaderFooter\":true,\"timeout\":59922,\"margin\":{\"top\":\"2cm\",\"right\":\"1cm\",\"bottom\":\"2cm\",\"left\":\"1cm\"}}","meta":{"rootId":"nfonpegd3n12ds5","id":"nfonpegd3n12ds5"},"id":"knl1e0g5m3msoh0","previousOperationId":"1xe2kl9jzs9nq2a"}
{"type":"operationEnd","operationId":"1xe2kl9jzs9nq2a","timestamp":1684648288337,"id":"wjwk3hkw4iz0z4a","previousEventId":"z8l5j685y62tsry","previousOperationId":"1xe2kl9jzs9nq2a"}
{"type":"log","timestamp":1684648288337,"level":"debug","message":"Skipping storing report.","meta":{"rootId":"nfonpegd3n12ds5","id":"nfonpegd3n12ds5"},"id":"11dssqz7tnyjpuh","previousOperationId":"1xe2kl9jzs9nq2a"}
{"type":"log","timestamp":1684648288337,"level":"info","message":"Rendering request 53 finished in 382 ms","meta":{"rootId":"nfonpegd3n12ds5","id":"nfonpegd3n12ds5"},"id":"58a9c2tpwnvoh13","previousOperationId":"1xe2kl9jzs9nq2a"}
{"type":"operationEnd","subtype":"render","operationId":"rcw47vz0yk65v6l","timestamp":1684648288337,"id":"isndn56u9mmnhf7","previousEventId":"wjwk3hkw4iz0z4a","previousOperationId":"1xe2kl9jzs9nq2a"}
{"type":"operationEnd","doDiffs":false,"previousEventId":"pkkrwpta7od8stq","previousOperationId":"ipyot7uf799pkdf","operationId":"ipyot7uf799pkdf","timestamp":1684648288340,"id":"52z2tas55z5ma8i"}
