{"type":"operationStart","subtype":"profile","data":{"_id":"tfagGrCCiJhLeY4U","timestamp":"2023-05-21T11:15:30.478Z","state":"queued","mode":"standard","creationDate":"2023-05-21T11:15:30.482Z","modificationDate":"2023-05-21T11:15:30.482Z","shortid":"8yXdY4Z","$entitySet":"profiles"},"doDiffs":false,"timestamp":1684667730480,"id":"mozygoubdne1hcs","previousOperationId":null,"operationId":"zofvqfhx501a4ca"}
{"type":"log","level":"info","message":"Render request 151 queued for execution and waiting for available worker","previousOperationId":"zofvqfhx501a4ca","timestamp":1684667730481,"id":"8g57xyl0bxug6dv"}
{"type":"operationStart","subtype":"render","name":"invoice-js","previousOperationId":"zofvqfhx501a4ca","timestamp":1684667730498,"id":"tte3nbvv5mba3s6","previousEventId":"mozygoubdne1hcs","operationId":"vvcsg5u89t96kae"}
{"type":"log","timestamp":1684667730498,"level":"info","message":"Starting rendering request 151","meta":{"rootId":"nsf0dxogmp9pfxk","id":"nsf0dxogmp9pfxk"},"id":"hggozm5do3402nc","previousOperationId":"vvcsg5u89t96kae"}
{"type":"log","timestamp":1684667730501,"level":"info","message":"Rendering template { name: invoice-js, recipe: chrome-pdf, engine: handlebars, preview: false }","meta":{"rootId":"nsf0dxogmp9pfxk","id":"nsf0dxogmp9pfxk"},"id":"fcq7f5yejc732tj","previousOperationId":"vvcsg5u89t96kae"}
{"type":"log","timestamp":1684667730507,"level":"debug","message":"Inline data specified.","meta":{"rootId":"nsf0dxogmp9pfxk","id":"nsf0dxogmp9pfxk"},"id":"gopmzslcytu20sm","previousOperationId":"vvcsg5u89t96kae"}
{"type":"log","timestamp":1684667730514,"level":"debug","message":"Base url not specified, skipping its injection.","meta":{"rootId":"nsf0dxogmp9pfxk","id":"nsf0dxogmp9pfxk"},"id":"k17qcgu678dgqxn","previousOperationId":"vvcsg5u89t96kae"}
{"type":"operationStart","subtype":"engine","name":"handlebars","timestamp":1684667730519,"id":"ljie4dd0l7dhq7t","previousEventId":"tte3nbvv5mba3s6","operationId":"a5purwymbuo7lpy","previousOperationId":"vvcsg5u89t96kae"}
{"type":"log","timestamp":1684667730519,"level":"debug","message":"Rendering engine handlebars","meta":{"rootId":"nsf0dxogmp9pfxk","id":"nsf0dxogmp9pfxk"},"id":"2u87yvgelkm6wsh","previousOperationId":"a5purwymbuo7lpy"}
{"type":"operationEnd","operationId":"a5purwymbuo7lpy","timestamp":1684667730552,"id":"vdlmdl8a9h1m07a","previousEventId":"ljie4dd0l7dhq7t","previousOperationId":"a5purwymbuo7lpy"}
{"type":"operationStart","subtype":"recipe","name":"chrome-pdf","timestamp":1684667730552,"id":"y3gh2tpupcib141","previousEventId":"vdlmdl8a9h1m07a","operationId":"9rj2hv0n4hwhwax","previousOperationId":"a5purwymbuo7lpy"}
{"type":"log","timestamp":1684667730552,"level":"debug","message":"Executing recipe chrome-pdf","meta":{"rootId":"nsf0dxogmp9pfxk","id":"nsf0dxogmp9pfxk"},"id":"v8m78yb9isbeb8b","previousOperationId":"9rj2hv0n4hwhwax"}
{"type":"log","timestamp":1684667730558,"level":"debug","message":"Starting child request to render pdf footer","meta":{"rootId":"nsf0dxogmp9pfxk","id":"nsf0dxogmp9pfxk"},"id":"smdzjwffb5v4uxt","previousOperationId":"9rj2hv0n4hwhwax"}
{"type":"operationStart","subtype":"render","name":"anonymous","previousOperationId":"9rj2hv0n4hwhwax","timestamp":1684667730559,"id":"xu8rkucsh3vucgz","previousEventId":"y3gh2tpupcib141","operationId":"5zercuh1k3j3t60"}
{"type":"log","timestamp":1684667730559,"level":"info","message":"Starting rendering (child) request","meta":{"rootId":"nsf0dxogmp9pfxk","id":"jglazgu7175ndsp"},"id":"exrc8l5j5ya4mub","previousOperationId":"5zercuh1k3j3t60"}
{"type":"log","timestamp":1684667730559,"level":"info","message":"Rendering anonymous template { recipe: html, engine: handlebars }","meta":{"rootId":"nsf0dxogmp9pfxk","id":"jglazgu7175ndsp"},"id":"jstk6pb4x6m7o90","previousOperationId":"5zercuh1k3j3t60"}
{"type":"log","timestamp":1684667730559,"level":"debug","message":"Inline data specified.","meta":{"rootId":"nsf0dxogmp9pfxk","id":"jglazgu7175ndsp"},"id":"dsm8xl2hlhvvx7q","previousOperationId":"5zercuh1k3j3t60"}
{"type":"log","timestamp":1684667730565,"level":"debug","message":"Base url not specified, skipping its injection.","meta":{"rootId":"nsf0dxogmp9pfxk","id":"jglazgu7175ndsp"},"id":"zn18z897o2sbhhn","previousOperationId":"5zercuh1k3j3t60"}
{"type":"operationStart","subtype":"engine","name":"handlebars","timestamp":1684667730565,"id":"qmp53ur8y68pheu","previousEventId":"xu8rkucsh3vucgz","operationId":"34exctrf2d31jg0","previousOperationId":"5zercuh1k3j3t60"}
{"type":"log","timestamp":1684667730565,"level":"debug","message":"Rendering engine handlebars","meta":{"rootId":"nsf0dxogmp9pfxk","id":"jglazgu7175ndsp"},"id":"u49ce44yfm7tnlt","previousOperationId":"34exctrf2d31jg0"}
{"type":"operationEnd","operationId":"34exctrf2d31jg0","timestamp":1684667730589,"id":"k6du6nuptur80yr","previousEventId":"qmp53ur8y68pheu","previousOperationId":"34exctrf2d31jg0"}
{"type":"operationStart","subtype":"recipe","name":"html","timestamp":1684667730590,"id":"mysm9han1iwxq12","previousEventId":"k6du6nuptur80yr","operationId":"b8qyptan2uyq6tt","previousOperationId":"34exctrf2d31jg0"}
{"type":"log","timestamp":1684667730590,"level":"debug","message":"Executing recipe html","meta":{"rootId":"nsf0dxogmp9pfxk","id":"jglazgu7175ndsp"},"id":"w5nk4c31sca5yb0","previousOperationId":"b8qyptan2uyq6tt"}
{"type":"operationEnd","operationId":"b8qyptan2uyq6tt","timestamp":1684667730590,"id":"zi6jeeooyygglvt","previousEventId":"mysm9han1iwxq12","previousOperationId":"b8qyptan2uyq6tt"}
{"type":"log","timestamp":1684667730591,"level":"debug","message":"Skipping storing report.","meta":{"rootId":"nsf0dxogmp9pfxk","id":"jglazgu7175ndsp"},"id":"p6xvf41ocufj0hn","previousOperationId":"b8qyptan2uyq6tt"}
{"type":"log","timestamp":1684667730591,"level":"info","message":"Rendering (child) request finished in 113 ms","meta":{"rootId":"nsf0dxogmp9pfxk","id":"jglazgu7175ndsp"},"id":"grru72qjyhk6m8d","previousOperationId":"b8qyptan2uyq6tt"}
{"type":"operationEnd","subtype":"render","operationId":"5zercuh1k3j3t60","timestamp":1684667730591,"id":"87w2acqwbbwa2y0","previousEventId":"zi6jeeooyygglvt","previousOperationId":"b8qyptan2uyq6tt"}
{"type":"log","timestamp":1684667730594,"level":"debug","message":"Converting with chrome HeadlessChrome/105.0.5173.0 using chrome-pool strategy","meta":{"rootId":"nsf0dxogmp9pfxk","id":"nsf0dxogmp9pfxk"},"id":"l2jbrpas8fxnov3","previousOperationId":"9rj2hv0n4hwhwax"}
{"type":"log","timestamp":1684667730789,"level":"debug","message":"Page request: GET (document) file:///C:/Users/Adebayo/AppData/Local/Temp/jsreport/autocleanup/d2ef1547-5287-4eb4-b0ab-26307b2b3bb6-chrome-pdf.html","meta":{"rootId":"nsf0dxogmp9pfxk","id":"nsf0dxogmp9pfxk"},"id":"hwhhwm5ykj5zm7o","previousOperationId":"9rj2hv0n4hwhwax"}
{"type":"log","timestamp":1684667730822,"level":"debug","message":"Page request: GET (script) https://cdnjs.cloudflare.com/ajax/libs/Chart.js/2.1.6/Chart.min.js","meta":{"rootId":"nsf0dxogmp9pfxk","id":"nsf0dxogmp9pfxk"},"id":"5ozome62bwjn1v5","previousOperationId":"9rj2hv0n4hwhwax"}
{"type":"log","timestamp":1684667730823,"level":"debug","message":"Page request finished: GET (document) 200 file:///C:/Users/Adebayo/AppData/Local/Temp/jsreport/autocleanup/d2ef1547-5287-4eb4-b0ab-26307b2b3bb6-chrome-pdf.html","meta":{"rootId":"nsf0dxogmp9pfxk","id":"nsf0dxogmp9pfxk"},"id":"6mar4ugcx4ghmmk","previousOperationId":"9rj2hv0n4hwhwax"}
{"type":"log","timestamp":1684667730833,"level":"debug","message":"Page request finished: GET (script) 200 https://cdnjs.cloudflare.com/ajax/libs/Chart.js/2.1.6/Chart.min.js","meta":{"rootId":"nsf0dxogmp9pfxk","id":"nsf0dxogmp9pfxk"},"id":"nwnrxnax1w53mi2","previousOperationId":"9rj2hv0n4hwhwax"}
{"type":"log","timestamp":1684667730842,"level":"warn","message":"Page error: SyntaxError: Unexpected token ','","meta":{"rootId":"nsf0dxogmp9pfxk","id":"nsf0dxogmp9pfxk"},"id":"lddnetz2sne0gfl","previousOperationId":"9rj2hv0n4hwhwax"}
{"type":"log","timestamp":1684667730885,"level":"debug","message":"Running chrome with params {\"printBackground\":true,\"marginTop\":\"2cm\",\"marginRight\":\"1cm\",\"marginBottom\":\"2cm\",\"marginLeft\":\"1cm\",\"landscape\":false,\"format\":\"A4\",\"displayHeaderFooter\":true,\"footerTemplate\":\"...\",\"timeout\":59887,\"margin\":{\"top\":\"2cm\",\"right\":\"1cm\",\"bottom\":\"2cm\",\"left\":\"1cm\"}}","meta":{"rootId":"nsf0dxogmp9pfxk","id":"nsf0dxogmp9pfxk"},"id":"kz7n24oqb4zhzjs","previousOperationId":"9rj2hv0n4hwhwax"}
{"type":"operationEnd","operationId":"9rj2hv0n4hwhwax","timestamp":1684667731046,"id":"b88jxct44u3qq0h","previousEventId":"y3gh2tpupcib141","previousOperationId":"9rj2hv0n4hwhwax"}
{"type":"log","timestamp":1684667731047,"level":"debug","message":"Skipping storing report.","meta":{"rootId":"nsf0dxogmp9pfxk","id":"nsf0dxogmp9pfxk"},"id":"ax72dxxh8sa0cdw","previousOperationId":"9rj2hv0n4hwhwax"}
{"type":"log","timestamp":1684667731047,"level":"info","message":"Rendering request 151 finished in 569 ms","meta":{"rootId":"nsf0dxogmp9pfxk","id":"nsf0dxogmp9pfxk"},"id":"mzua7iqtovlykvt","previousOperationId":"9rj2hv0n4hwhwax"}
{"type":"operationEnd","subtype":"render","operationId":"vvcsg5u89t96kae","timestamp":1684667731047,"id":"4wid3k1nn812wjt","previousEventId":"b88jxct44u3qq0h","previousOperationId":"9rj2hv0n4hwhwax"}
{"type":"operationEnd","doDiffs":false,"previousEventId":"mozygoubdne1hcs","previousOperationId":"zofvqfhx501a4ca","operationId":"zofvqfhx501a4ca","timestamp":1684667731054,"id":"oc1i09tw4ee1swk"}
