{"type":"operationStart","subtype":"profile","data":{"_id":"MZErZMaEp6b419fM","timestamp":"2023-05-21T06:50:49.047Z","state":"queued","mode":"standard","creationDate":"2023-05-21T06:50:49.049Z","modificationDate":"2023-05-21T06:50:49.049Z","shortid":"zD28P9G","$entitySet":"profiles"},"doDiffs":false,"timestamp":1684651849048,"id":"5onrydab1lgetb9","previousOperationId":null,"operationId":"8ndz0ismp7dg9br"}
{"type":"log","level":"info","message":"Render request 91 queued for execution and waiting for available worker","previousOperationId":"8ndz0ismp7dg9br","timestamp":1684651849048,"id":"uaznfcimcw56yu6"}
{"type":"operationStart","subtype":"render","name":"invoice-js","previousOperationId":"8ndz0ismp7dg9br","timestamp":1684651849066,"id":"sghpa9c3em59tkk","previousEventId":"5onrydab1lgetb9","operationId":"ngwjh9g8344gr76"}
{"type":"log","timestamp":1684651849066,"level":"info","message":"Starting rendering request 91","meta":{"rootId":"o03wy94ffvsfrdq","id":"o03wy94ffvsfrdq"},"id":"l6rzgcfmpsa0gpr","previousOperationId":"ngwjh9g8344gr76"}
{"type":"log","timestamp":1684651849067,"level":"info","message":"Rendering template { name: invoice-js, recipe: chrome-pdf, engine: handlebars, preview: true }","meta":{"rootId":"o03wy94ffvsfrdq","id":"o03wy94ffvsfrdq"},"id":"by81mbomkum62xe","previousOperationId":"ngwjh9g8344gr76"}
{"type":"log","timestamp":1684651849069,"level":"debug","message":"Adding sample data YnJQL_aQg","meta":{"rootId":"o03wy94ffvsfrdq","id":"o03wy94ffvsfrdq"},"id":"bb3jzm5vlmi9ls4","previousOperationId":"ngwjh9g8344gr76"}
{"type":"log","timestamp":1684651849077,"level":"debug","message":"Base url not specified, skipping its injection.","meta":{"rootId":"o03wy94ffvsfrdq","id":"o03wy94ffvsfrdq"},"id":"z5lzeg8p42qqumk","previousOperationId":"ngwjh9g8344gr76"}
{"type":"operationStart","subtype":"engine","name":"handlebars","timestamp":1684651849077,"id":"13iluc1mywwrunp","previousEventId":"sghpa9c3em59tkk","operationId":"qzi4cs5sm0ql7me","previousOperationId":"ngwjh9g8344gr76"}
{"type":"log","timestamp":1684651849077,"level":"debug","message":"Rendering engine handlebars","meta":{"rootId":"o03wy94ffvsfrdq","id":"o03wy94ffvsfrdq"},"id":"3nxy06h98dhgsuv","previousOperationId":"qzi4cs5sm0ql7me"}
{"type":"operationEnd","operationId":"qzi4cs5sm0ql7me","timestamp":1684651849096,"id":"0jbw7lelsfuxlcg","previousEventId":"13iluc1mywwrunp","previousOperationId":"qzi4cs5sm0ql7me"}
{"type":"operationStart","subtype":"recipe","name":"chrome-pdf","timestamp":1684651849097,"id":"0ajqzbww937xvnc","previousEventId":"0jbw7lelsfuxlcg","operationId":"rxr67v5yp7xivio","previousOperationId":"qzi4cs5sm0ql7me"}
{"type":"log","timestamp":1684651849097,"level":"debug","message":"Executing recipe chrome-pdf","meta":{"rootId":"o03wy94ffvsfrdq","id":"o03wy94ffvsfrdq"},"id":"39ax8q12yhk664o","previousOperationId":"rxr67v5yp7xivio"}
{"type":"log","timestamp":1684651849098,"level":"debug","message":"Starting child request to render pdf footer","meta":{"rootId":"o03wy94ffvsfrdq","id":"o03wy94ffvsfrdq"},"id":"dk3gcr7bdepooej","previousOperationId":"rxr67v5yp7xivio"}
{"type":"operationStart","subtype":"render","name":"anonymous","previousOperationId":"rxr67v5yp7xivio","timestamp":1684651849099,"id":"hx5tjl7wsig0yt4","previousEventId":"0ajqzbww937xvnc","operationId":"c4e9l5t538xvemf"}
{"type":"log","timestamp":1684651849101,"level":"info","message":"Starting rendering (child) request","meta":{"rootId":"o03wy94ffvsfrdq","id":"b15jld9im5qosds"},"id":"yc69mbt0i3y67fi","previousOperationId":"c4e9l5t538xvemf"}
{"type":"log","timestamp":1684651849101,"level":"info","message":"Rendering anonymous template { recipe: html, engine: handlebars }","meta":{"rootId":"o03wy94ffvsfrdq","id":"b15jld9im5qosds"},"id":"b3hn45v9dbmxqgr","previousOperationId":"c4e9l5t538xvemf"}
{"type":"log","timestamp":1684651849101,"level":"debug","message":"Inline data specified.","meta":{"rootId":"o03wy94ffvsfrdq","id":"b15jld9im5qosds"},"id":"l9dmtzh6g7cv6u5","previousOperationId":"c4e9l5t538xvemf"}
{"type":"log","timestamp":1684651849104,"level":"debug","message":"Base url not specified, skipping its injection.","meta":{"rootId":"o03wy94ffvsfrdq","id":"b15jld9im5qosds"},"id":"z3ajt4yqte6u3xq","previousOperationId":"c4e9l5t538xvemf"}
{"type":"operationStart","subtype":"engine","name":"handlebars","timestamp":1684651849105,"id":"3kuwr9ihb52c1xq","previousEventId":"hx5tjl7wsig0yt4","operationId":"rr41wfwddiql8rc","previousOperationId":"c4e9l5t538xvemf"}
{"type":"log","timestamp":1684651849105,"level":"debug","message":"Rendering engine handlebars","meta":{"rootId":"o03wy94ffvsfrdq","id":"b15jld9im5qosds"},"id":"s0vho2u5sghlz4x","previousOperationId":"rr41wfwddiql8rc"}
{"type":"operationEnd","operationId":"rr41wfwddiql8rc","timestamp":1684651849148,"id":"yh8gmsxiguk2vfm","previousEventId":"3kuwr9ihb52c1xq","previousOperationId":"rr41wfwddiql8rc"}
{"type":"operationStart","subtype":"recipe","name":"html","timestamp":1684651849148,"id":"g4hb4c17dhhw5ut","previousEventId":"yh8gmsxiguk2vfm","operationId":"jl1whwsc0hq6118","previousOperationId":"rr41wfwddiql8rc"}
{"type":"log","timestamp":1684651849148,"level":"debug","message":"Executing recipe html","meta":{"rootId":"o03wy94ffvsfrdq","id":"b15jld9im5qosds"},"id":"c2kn6lqa484maou","previousOperationId":"jl1whwsc0hq6118"}
{"type":"operationEnd","operationId":"jl1whwsc0hq6118","timestamp":1684651849148,"id":"z5g0ecxvt8itg7q","previousEventId":"g4hb4c17dhhw5ut","previousOperationId":"jl1whwsc0hq6118"}
{"type":"log","timestamp":1684651849148,"level":"debug","message":"Skipping storing report.","meta":{"rootId":"o03wy94ffvsfrdq","id":"b15jld9im5qosds"},"id":"9caralt9fnceab7","previousOperationId":"jl1whwsc0hq6118"}
{"type":"log","timestamp":1684651849148,"level":"info","message":"Rendering (child) request finished in 101 ms","meta":{"rootId":"o03wy94ffvsfrdq","id":"b15jld9im5qosds"},"id":"065749yr9o53gcf","previousOperationId":"jl1whwsc0hq6118"}
{"type":"operationEnd","subtype":"render","operationId":"c4e9l5t538xvemf","timestamp":1684651849149,"id":"icbaojwp8l6j8i5","previousEventId":"z5g0ecxvt8itg7q","previousOperationId":"jl1whwsc0hq6118"}
{"type":"log","timestamp":1684651849152,"level":"debug","message":"Converting with chrome HeadlessChrome/105.0.5173.0 using chrome-pool strategy","meta":{"rootId":"o03wy94ffvsfrdq","id":"o03wy94ffvsfrdq"},"id":"g4jeb8tm4zx7nlh","previousOperationId":"rxr67v5yp7xivio"}
{"type":"log","timestamp":1684651849309,"level":"debug","message":"Page request: GET (document) file:///C:/Users/Adebayo/AppData/Local/Temp/jsreport/autocleanup/6f627ac8-4e35-4df5-b1ff-85bcc2d1d1dd-chrome-pdf.html","meta":{"rootId":"o03wy94ffvsfrdq","id":"o03wy94ffvsfrdq"},"id":"tg7cdqhtonaddsg","previousOperationId":"rxr67v5yp7xivio"}
{"type":"log","timestamp":1684651849331,"level":"debug","message":"Page request finished: GET (document) 200 file:///C:/Users/Adebayo/AppData/Local/Temp/jsreport/autocleanup/6f627ac8-4e35-4df5-b1ff-85bcc2d1d1dd-chrome-pdf.html","meta":{"rootId":"o03wy94ffvsfrdq","id":"o03wy94ffvsfrdq"},"id":"5474kksgwemvw67","previousOperationId":"rxr67v5yp7xivio"}
{"type":"log","timestamp":1684651849334,"level":"debug","message":"Page request: GET (script) https://cdnjs.cloudflare.com/ajax/libs/Chart.js/2.1.6/Chart.min.js","meta":{"rootId":"o03wy94ffvsfrdq","id":"o03wy94ffvsfrdq"},"id":"29nq9s1l7lpurp1","previousOperationId":"rxr67v5yp7xivio"}
{"type":"log","timestamp":1684651849347,"level":"debug","message":"Page request finished: GET (script) 200 https://cdnjs.cloudflare.com/ajax/libs/Chart.js/2.1.6/Chart.min.js","meta":{"rootId":"o03wy94ffvsfrdq","id":"o03wy94ffvsfrdq"},"id":"hrqmf4yry97esv7","previousOperationId":"rxr67v5yp7xivio"}
{"type":"log","timestamp":1684651849476,"level":"debug","message":"Running chrome with params {\"printBackground\":true,\"marginTop\":\"2cm\",\"marginRight\":\"1cm\",\"marginBottom\":\"2cm\",\"marginLeft\":\"1cm\",\"landscape\":false,\"format\":\"A4\",\"displayHeaderFooter\":true,\"footerTemplate\":\"...\",\"timeout\":59898,\"margin\":{\"top\":\"2cm\",\"right\":\"1cm\",\"bottom\":\"2cm\",\"left\":\"1cm\"}}","meta":{"rootId":"o03wy94ffvsfrdq","id":"o03wy94ffvsfrdq"},"id":"tc6bd2zyj9k9s0y","previousOperationId":"rxr67v5yp7xivio"}
{"type":"operationEnd","operationId":"rxr67v5yp7xivio","timestamp":1684651849642,"id":"02618hcbc8zysz1","previousEventId":"0ajqzbww937xvnc","previousOperationId":"rxr67v5yp7xivio"}
{"type":"log","timestamp":1684651849642,"level":"debug","message":"Skipping storing report.","meta":{"rootId":"o03wy94ffvsfrdq","id":"o03wy94ffvsfrdq"},"id":"g0zz510l6pbs9bv","previousOperationId":"rxr67v5yp7xivio"}
{"type":"log","timestamp":1684651849643,"level":"info","message":"Rendering request 91 finished in 596 ms","meta":{"rootId":"o03wy94ffvsfrdq","id":"o03wy94ffvsfrdq"},"id":"xxzdbhpkndzaqjm","previousOperationId":"rxr67v5yp7xivio"}
{"type":"operationEnd","subtype":"render","operationId":"ngwjh9g8344gr76","timestamp":1684651849643,"id":"3ckedq62h0vxep7","previousEventId":"02618hcbc8zysz1","previousOperationId":"rxr67v5yp7xivio"}
{"type":"operationEnd","doDiffs":false,"previousEventId":"5onrydab1lgetb9","previousOperationId":"8ndz0ismp7dg9br","operationId":"8ndz0ismp7dg9br","timestamp":1684651849653,"id":"2a9qbc5s38lm80z"}
