{"type":"operationStart","subtype":"profile","data":{"_id":"XBDVS1EzGz5HNv85","timestamp":"2023-05-21T06:29:16.697Z","state":"queued","mode":"standard","creationDate":"2023-05-21T06:29:16.699Z","modificationDate":"2023-05-21T06:29:16.699Z","shortid":"RLQIkv5","$entitySet":"profiles"},"doDiffs":false,"timestamp":1684650556698,"id":"mgp95z7kfmovlxm","previousOperationId":null,"operationId":"qkq6rtbzeznngkw"}
{"type":"log","level":"info","message":"Render request 73 queued for execution and waiting for available worker","previousOperationId":"qkq6rtbzeznngkw","timestamp":1684650556698,"id":"1m9suyf2x7kose0"}
{"type":"operationStart","subtype":"render","name":"invoice-js","previousOperationId":"qkq6rtbzeznngkw","timestamp":1684650556711,"id":"50ol53mpaunnsmg","previousEventId":"mgp95z7kfmovlxm","operationId":"rid04lszuz37sbj"}
{"type":"log","timestamp":1684650556711,"level":"info","message":"Starting rendering request 73","meta":{"rootId":"o4adwf3auuyq1hb","id":"o4adwf3auuyq1hb"},"id":"8kfmae0qctw6d50","previousOperationId":"rid04lszuz37sbj"}
{"type":"log","timestamp":1684650556712,"level":"info","message":"Rendering template { name: invoice-js, recipe: xlsx, engine: handlebars, preview: true }","meta":{"rootId":"o4adwf3auuyq1hb","id":"o4adwf3auuyq1hb"},"id":"g2wwxe9dkhkt5wa","previousOperationId":"rid04lszuz37sbj"}
{"type":"log","timestamp":1684650556713,"level":"debug","message":"Inline data specified.","meta":{"rootId":"o4adwf3auuyq1hb","id":"o4adwf3auuyq1hb"},"id":"0stf9seb9ja5mtb","previousOperationId":"rid04lszuz37sbj"}
{"type":"log","timestamp":1684650556718,"level":"debug","message":"Base url not specified, skipping its injection.","meta":{"rootId":"o4adwf3auuyq1hb","id":"o4adwf3auuyq1hb"},"id":"niv93emtsnos97e","previousOperationId":"rid04lszuz37sbj"}
{"type":"operationStart","subtype":"engine","name":"handlebars","timestamp":1684650556718,"id":"0aw2swhxc84pj2j","previousEventId":"50ol53mpaunnsmg","operationId":"g5tfixa1pri0ce7","previousOperationId":"rid04lszuz37sbj"}
{"type":"log","timestamp":1684650556718,"level":"debug","message":"Rendering engine handlebars","meta":{"rootId":"o4adwf3auuyq1hb","id":"o4adwf3auuyq1hb"},"id":"pxn9531fcfqz2ty","previousOperationId":"g5tfixa1pri0ce7"}
{"type":"operationEnd","operationId":"g5tfixa1pri0ce7","timestamp":1684650556740,"id":"cqx5kwhzedqsluq","previousEventId":"0aw2swhxc84pj2j","previousOperationId":"g5tfixa1pri0ce7"}
{"type":"operationStart","subtype":"recipe","name":"xlsx","timestamp":1684650556741,"id":"ggoutkxu0zw5nrf","previousEventId":"cqx5kwhzedqsluq","operationId":"q6g9dkvghy16dmt","previousOperationId":"g5tfixa1pri0ce7"}
{"type":"log","timestamp":1684650556741,"level":"debug","message":"Executing recipe xlsx","meta":{"rootId":"o4adwf3auuyq1hb","id":"o4adwf3auuyq1hb"},"id":"g55srryp4bl4j2e","previousOperationId":"q6g9dkvghy16dmt"}
{"type":"log","timestamp":1684650556822,"level":"info","message":"xlsx generation is starting","meta":{"rootId":"o4adwf3auuyq1hb","id":"o4adwf3auuyq1hb"},"id":"5wt9yhipe2xqb90","previousOperationId":"q6g9dkvghy16dmt"}
{"type":"log","timestamp":1684650556924,"level":"debug","message":"Starting child request to render xlsx dynamic parts for generation step","meta":{"rootId":"o4adwf3auuyq1hb","id":"o4adwf3auuyq1hb"},"id":"ujq0xc8u535rv9k","previousOperationId":"q6g9dkvghy16dmt"}
{"type":"operationStart","subtype":"render","name":"anonymous","previousOperationId":"q6g9dkvghy16dmt","timestamp":1684650556925,"id":"61jlb02d54qtsln","previousEventId":"ggoutkxu0zw5nrf","operationId":"hawjx9wiorkgrfv"}
{"type":"log","timestamp":1684650556925,"level":"info","message":"Starting rendering (child) request","meta":{"rootId":"o4adwf3auuyq1hb","id":"qg7jjeheomphh3o"},"id":"nafo5u91y527pwn","previousOperationId":"hawjx9wiorkgrfv"}
{"type":"log","timestamp":1684650556925,"level":"info","message":"Rendering anonymous template { recipe: html, engine: handlebars }","meta":{"rootId":"o4adwf3auuyq1hb","id":"qg7jjeheomphh3o"},"id":"ekz2z45svpyxixz","previousOperationId":"hawjx9wiorkgrfv"}
{"type":"log","timestamp":1684650556926,"level":"debug","message":"Inline data specified.","meta":{"rootId":"o4adwf3auuyq1hb","id":"qg7jjeheomphh3o"},"id":"anexjpcr2csokfl","previousOperationId":"hawjx9wiorkgrfv"}
{"type":"log","timestamp":1684650556938,"level":"debug","message":"Base url not specified, skipping its injection.","meta":{"rootId":"o4adwf3auuyq1hb","id":"qg7jjeheomphh3o"},"id":"x8mkuxuycrycx0c","previousOperationId":"hawjx9wiorkgrfv"}
{"type":"operationStart","subtype":"engine","name":"handlebars","timestamp":1684650556939,"id":"icysn23xp4zz6np","previousEventId":"61jlb02d54qtsln","operationId":"u7zinge19eua5e2","previousOperationId":"hawjx9wiorkgrfv"}
{"type":"log","timestamp":1684650556939,"level":"debug","message":"Rendering engine handlebars","meta":{"rootId":"o4adwf3auuyq1hb","id":"qg7jjeheomphh3o"},"id":"sqj8j0zkuq9rl5t","previousOperationId":"u7zinge19eua5e2"}
{"type":"operationEnd","operationId":"u7zinge19eua5e2","timestamp":1684650556971,"id":"dt4k6j9dk0i50y1","previousEventId":"icysn23xp4zz6np","previousOperationId":"u7zinge19eua5e2"}
{"type":"operationStart","subtype":"recipe","name":"html","timestamp":1684650556972,"id":"9vypk98ttejumk1","previousEventId":"dt4k6j9dk0i50y1","operationId":"wg8hs0p25e5b1ww","previousOperationId":"u7zinge19eua5e2"}
{"type":"log","timestamp":1684650556972,"level":"debug","message":"Executing recipe html","meta":{"rootId":"o4adwf3auuyq1hb","id":"qg7jjeheomphh3o"},"id":"1mbvd82vc32o971","previousOperationId":"wg8hs0p25e5b1ww"}
{"type":"operationEnd","operationId":"wg8hs0p25e5b1ww","timestamp":1684650556972,"id":"mz3cjxr3bs41mp4","previousEventId":"9vypk98ttejumk1","previousOperationId":"wg8hs0p25e5b1ww"}
{"type":"log","timestamp":1684650556972,"level":"debug","message":"Skipping storing report.","meta":{"rootId":"o4adwf3auuyq1hb","id":"qg7jjeheomphh3o"},"id":"uh0pkoe5wfam1dn","previousOperationId":"wg8hs0p25e5b1ww"}
{"type":"log","timestamp":1684650556972,"level":"info","message":"Rendering (child) request finished in 275 ms","meta":{"rootId":"o4adwf3auuyq1hb","id":"qg7jjeheomphh3o"},"id":"7368rfwfahfv096","previousOperationId":"wg8hs0p25e5b1ww"}
{"type":"operationEnd","subtype":"render","operationId":"hawjx9wiorkgrfv","timestamp":1684650556972,"id":"sm7aw6ycrzpj21s","previousEventId":"mz3cjxr3bs41mp4","previousOperationId":"wg8hs0p25e5b1ww"}
{"type":"log","timestamp":1684650557116,"level":"info","message":"xlsx generation was finished","meta":{"rootId":"o4adwf3auuyq1hb","id":"o4adwf3auuyq1hb"},"id":"zqr4nr2xh4872rj","previousOperationId":"q6g9dkvghy16dmt"}
{"type":"log","timestamp":1684650557130,"level":"info","message":"xlsx transformation is starting","meta":{"rootId":"o4adwf3auuyq1hb","id":"o4adwf3auuyq1hb"},"id":"eqsw1antug4ijih","previousOperationId":"q6g9dkvghy16dmt"}
{"type":"log","timestamp":1684650557208,"level":"debug","message":"Parsing xlsx content","meta":{"rootId":"o4adwf3auuyq1hb","id":"o4adwf3auuyq1hb"},"id":"nychql3z7f868vi","previousOperationId":"q6g9dkvghy16dmt"}
{"type":"log","timestamp":1684650557247,"level":"warn","message":"Error when processing render request 73\n(because) v.then is not a function\n\n(sandbox.js line 63:18)\nTypeError: v.then is not a function\n    at C:\\workspace\\jsReport\\node_modules\\@jsreport\\jsreport-handlebars\\async-helpers\\index.js:63:16\n    at ret (C:\\workspace\\jsReport\\node_modules\\handlebars\\dist\\cjs\\handlebars\\runtime.js:212:12)\n    at Object.execute (C:\\workspace\\jsReport\\node_modules\\@jsreport\\jsreport-handlebars\\lib\\handlebarsEngine.js:80:14)\n    at Object.execute (C:\\workspace\\jsReport\\node_modules\\@jsreport\\jsreport-handlebars\\lib\\worker.js:27:43)\n    at executionFn (C:\\workspace\\jsReport\\node_modules\\@jsreport\\jsreport-core\\lib\\worker\\render\\executeEngine.js:216:40)\n    at sandbox.js:63:18","meta":{"rootId":"o4adwf3auuyq1hb","id":"o4adwf3auuyq1hb"},"id":"vnwdmhje7ac6236","previousOperationId":"q6g9dkvghy16dmt"}
{"type":"log","timestamp":1684650557247,"level":"warn","message":"Rendering request 73 finished with error in 550 ms","meta":{"rootId":"o4adwf3auuyq1hb","id":"o4adwf3auuyq1hb"},"id":"rxi15elzhy8y7vo","previousOperationId":"q6g9dkvghy16dmt"}
{"type":"error","timestamp":1684650557259,"statusCode":400,"weak":true,"decoratedSuffix":"\n\n(sandbox.js line 63:18)","logged":true,"previousOperationId":"q6g9dkvghy16dmt","id":"19wjyb61vpkac7l","stack":"TypeError: v.then is not a function\n    at C:\\workspace\\jsReport\\node_modules\\@jsreport\\jsreport-handlebars\\async-helpers\\index.js:63:16\n    at ret (C:\\workspace\\jsReport\\node_modules\\handlebars\\dist\\cjs\\handlebars\\runtime.js:212:12)\n    at Object.execute (C:\\workspace\\jsReport\\node_modules\\@jsreport\\jsreport-handlebars\\lib\\handlebarsEngine.js:80:14)\n    at Object.execute (C:\\workspace\\jsReport\\node_modules\\@jsreport\\jsreport-handlebars\\lib\\worker.js:27:43)\n    at executionFn (C:\\workspace\\jsReport\\node_modules\\@jsreport\\jsreport-core\\lib\\worker\\render\\executeEngine.js:216:40)\n    at sandbox.js:63:18","message":"v.then is not a function\n\n(sandbox.js line 63:18)"}
