{"type":"operationStart","subtype":"profile","data":{"_id":"0pVqxg3YmoeVbtvt","timestamp":"2023-05-21T11:29:09.875Z","state":"queued","mode":"standard","creationDate":"2023-05-21T11:29:09.879Z","modificationDate":"2023-05-21T11:29:09.879Z","shortid":"0UzutpO","$entitySet":"profiles"},"doDiffs":false,"timestamp":1684668549877,"id":"2f02msgsfx1bwk0","previousOperationId":null,"operationId":"gf04140p5j68igv"}
{"type":"log","level":"info","message":"Render request 173 queued for execution and waiting for available worker","previousOperationId":"gf04140p5j68igv","timestamp":1684668549877,"id":"1xcdoru3xdy2u7x"}
{"type":"operationStart","subtype":"render","name":"invoice-js","previousOperationId":"gf04140p5j68igv","timestamp":1684668549892,"id":"pgycx3wlupo8kwa","previousEventId":"2f02msgsfx1bwk0","operationId":"1acf3b65hcd5724"}
{"type":"log","timestamp":1684668549892,"level":"info","message":"Starting rendering request 173","meta":{"rootId":"okwq6vgu6b3hdst","id":"okwq6vgu6b3hdst"},"id":"ak9ssu80y64q0ac","previousOperationId":"1acf3b65hcd5724"}
{"type":"log","timestamp":1684668549892,"level":"info","message":"Rendering template { name: invoice-js, recipe: chrome-pdf, engine: handlebars, preview: false }","meta":{"rootId":"okwq6vgu6b3hdst","id":"okwq6vgu6b3hdst"},"id":"gwjgy3tcnmkdywk","previousOperationId":"1acf3b65hcd5724"}
{"type":"log","timestamp":1684668549897,"level":"debug","message":"Inline data specified.","meta":{"rootId":"okwq6vgu6b3hdst","id":"okwq6vgu6b3hdst"},"id":"dys9y6w9mjiyc0n","previousOperationId":"1acf3b65hcd5724"}
{"type":"log","timestamp":1684668549902,"level":"debug","message":"Base url not specified, skipping its injection.","meta":{"rootId":"okwq6vgu6b3hdst","id":"okwq6vgu6b3hdst"},"id":"11mf3j2dw9jr4m5","previousOperationId":"1acf3b65hcd5724"}
{"type":"operationStart","subtype":"engine","name":"handlebars","timestamp":1684668549903,"id":"uw6q535uaxe99a1","previousEventId":"pgycx3wlupo8kwa","operationId":"0qgtye8vstf6tl2","previousOperationId":"1acf3b65hcd5724"}
{"type":"log","timestamp":1684668549903,"level":"debug","message":"Rendering engine handlebars","meta":{"rootId":"okwq6vgu6b3hdst","id":"okwq6vgu6b3hdst"},"id":"z3melyg8y04ks8w","previousOperationId":"0qgtye8vstf6tl2"}
{"type":"operationEnd","operationId":"0qgtye8vstf6tl2","timestamp":1684668549934,"id":"8lbx2gzbb2ew21e","previousEventId":"uw6q535uaxe99a1","previousOperationId":"0qgtye8vstf6tl2"}
{"type":"operationStart","subtype":"recipe","name":"chrome-pdf","timestamp":1684668549934,"id":"khjgpjto3msf3id","previousEventId":"8lbx2gzbb2ew21e","operationId":"i0q16ek5qh8ozrt","previousOperationId":"0qgtye8vstf6tl2"}
{"type":"log","timestamp":1684668549934,"level":"debug","message":"Executing recipe chrome-pdf","meta":{"rootId":"okwq6vgu6b3hdst","id":"okwq6vgu6b3hdst"},"id":"y28bzo2zceghv67","previousOperationId":"i0q16ek5qh8ozrt"}
{"type":"log","timestamp":1684668549937,"level":"debug","message":"Starting child request to render pdf footer","meta":{"rootId":"okwq6vgu6b3hdst","id":"okwq6vgu6b3hdst"},"id":"to70lt85g5rdcal","previousOperationId":"i0q16ek5qh8ozrt"}
{"type":"operationStart","subtype":"render","name":"anonymous","previousOperationId":"i0q16ek5qh8ozrt","timestamp":1684668549938,"id":"vj0t9d99yterbjo","previousEventId":"khjgpjto3msf3id","operationId":"2d6nzrk15drow0z"}
{"type":"log","timestamp":1684668549938,"level":"info","message":"Starting rendering (child) request","meta":{"rootId":"okwq6vgu6b3hdst","id":"hlrrbdmoua6wbca"},"id":"b687s7r3rh2tb42","previousOperationId":"2d6nzrk15drow0z"}
{"type":"log","timestamp":1684668549938,"level":"info","message":"Rendering anonymous template { recipe: html, engine: handlebars }","meta":{"rootId":"okwq6vgu6b3hdst","id":"hlrrbdmoua6wbca"},"id":"f4oamklc93hmaf6","previousOperationId":"2d6nzrk15drow0z"}
{"type":"log","timestamp":1684668549938,"level":"debug","message":"Inline data specified.","meta":{"rootId":"okwq6vgu6b3hdst","id":"hlrrbdmoua6wbca"},"id":"bzzqxzt7uu2n600","previousOperationId":"2d6nzrk15drow0z"}
{"type":"log","timestamp":1684668549939,"level":"debug","message":"Base url not specified, skipping its injection.","meta":{"rootId":"okwq6vgu6b3hdst","id":"hlrrbdmoua6wbca"},"id":"5k9cnvqr46sa153","previousOperationId":"2d6nzrk15drow0z"}
{"type":"operationStart","subtype":"engine","name":"handlebars","timestamp":1684668549940,"id":"kivwhjidvijlkvi","previousEventId":"vj0t9d99yterbjo","operationId":"82efyd050r6te33","previousOperationId":"2d6nzrk15drow0z"}
{"type":"log","timestamp":1684668549940,"level":"debug","message":"Rendering engine handlebars","meta":{"rootId":"okwq6vgu6b3hdst","id":"hlrrbdmoua6wbca"},"id":"pvb1d12739t87pd","previousOperationId":"82efyd050r6te33"}
{"type":"operationEnd","operationId":"82efyd050r6te33","timestamp":1684668549961,"id":"gq8vhrrwl52hi43","previousEventId":"kivwhjidvijlkvi","previousOperationId":"82efyd050r6te33"}
{"type":"operationStart","subtype":"recipe","name":"html","timestamp":1684668549962,"id":"cqdb11afgddvq3w","previousEventId":"gq8vhrrwl52hi43","operationId":"1bo5w9q27iak38h","previousOperationId":"82efyd050r6te33"}
{"type":"log","timestamp":1684668549962,"level":"debug","message":"Executing recipe html","meta":{"rootId":"okwq6vgu6b3hdst","id":"hlrrbdmoua6wbca"},"id":"57v5wrdiimihqrz","previousOperationId":"1bo5w9q27iak38h"}
{"type":"operationEnd","operationId":"1bo5w9q27iak38h","timestamp":1684668549962,"id":"fv71zmwff2igv9m","previousEventId":"cqdb11afgddvq3w","previousOperationId":"1bo5w9q27iak38h"}
{"type":"log","timestamp":1684668549963,"level":"debug","message":"Skipping storing report.","meta":{"rootId":"okwq6vgu6b3hdst","id":"hlrrbdmoua6wbca"},"id":"w6jsbehxms2eqzk","previousOperationId":"1bo5w9q27iak38h"}
{"type":"log","timestamp":1684668549963,"level":"info","message":"Rendering (child) request finished in 88 ms","meta":{"rootId":"okwq6vgu6b3hdst","id":"hlrrbdmoua6wbca"},"id":"90ieoit5ildw20a","previousOperationId":"1bo5w9q27iak38h"}
{"type":"operationEnd","subtype":"render","operationId":"2d6nzrk15drow0z","timestamp":1684668549963,"id":"fwjr5htn49wlgli","previousEventId":"fv71zmwff2igv9m","previousOperationId":"1bo5w9q27iak38h"}
{"type":"log","timestamp":1684668549965,"level":"debug","message":"Converting with chrome HeadlessChrome/105.0.5173.0 using chrome-pool strategy","meta":{"rootId":"okwq6vgu6b3hdst","id":"okwq6vgu6b3hdst"},"id":"3git5aum5bb878s","previousOperationId":"i0q16ek5qh8ozrt"}
{"type":"log","timestamp":1684668550138,"level":"debug","message":"Page request: GET (document) file:///C:/Users/Adebayo/AppData/Local/Temp/jsreport/autocleanup/57edab05-52f5-4d5b-a1ea-32f218c604fd-chrome-pdf.html","meta":{"rootId":"okwq6vgu6b3hdst","id":"okwq6vgu6b3hdst"},"id":"50lg3vfsmr5yi2q","previousOperationId":"i0q16ek5qh8ozrt"}
{"type":"log","timestamp":1684668550165,"level":"debug","message":"Page request finished: GET (document) 200 file:///C:/Users/Adebayo/AppData/Local/Temp/jsreport/autocleanup/57edab05-52f5-4d5b-a1ea-32f218c604fd-chrome-pdf.html","meta":{"rootId":"okwq6vgu6b3hdst","id":"okwq6vgu6b3hdst"},"id":"qs5s7ei5a97z4un","previousOperationId":"i0q16ek5qh8ozrt"}
{"type":"log","timestamp":1684668550165,"level":"debug","message":"Page request: GET (script) https://cdnjs.cloudflare.com/ajax/libs/Chart.js/2.1.6/Chart.min.js","meta":{"rootId":"okwq6vgu6b3hdst","id":"okwq6vgu6b3hdst"},"id":"p9m9itepyaxpopm","previousOperationId":"i0q16ek5qh8ozrt"}
{"type":"log","timestamp":1684668550174,"level":"debug","message":"Page request finished: GET (script) 200 https://cdnjs.cloudflare.com/ajax/libs/Chart.js/2.1.6/Chart.min.js","meta":{"rootId":"okwq6vgu6b3hdst","id":"okwq6vgu6b3hdst"},"id":"5nvw3vlrnq5v7ml","previousOperationId":"i0q16ek5qh8ozrt"}
{"type":"log","timestamp":1684668550271,"level":"debug","message":"Running chrome with params {\"printBackground\":true,\"marginTop\":\"2cm\",\"marginRight\":\"1cm\",\"marginBottom\":\"2cm\",\"marginLeft\":\"1cm\",\"landscape\":false,\"format\":\"A4\",\"displayHeaderFooter\":true,\"footerTemplate\":\"...\",\"timeout\":59912,\"margin\":{\"top\":\"2cm\",\"right\":\"1cm\",\"bottom\":\"2cm\",\"left\":\"1cm\"}}","meta":{"rootId":"okwq6vgu6b3hdst","id":"okwq6vgu6b3hdst"},"id":"7hg85ncm9glw1cp","previousOperationId":"i0q16ek5qh8ozrt"}
{"type":"operationEnd","operationId":"i0q16ek5qh8ozrt","timestamp":1684668550401,"id":"v6w3d1yw159wfpv","previousEventId":"khjgpjto3msf3id","previousOperationId":"i0q16ek5qh8ozrt"}
{"type":"log","timestamp":1684668550401,"level":"debug","message":"Skipping storing report.","meta":{"rootId":"okwq6vgu6b3hdst","id":"okwq6vgu6b3hdst"},"id":"oewcldljmc4n3d5","previousOperationId":"i0q16ek5qh8ozrt"}
{"type":"log","timestamp":1684668550402,"level":"info","message":"Rendering request 173 finished in 527 ms","meta":{"rootId":"okwq6vgu6b3hdst","id":"okwq6vgu6b3hdst"},"id":"r45c35va3tmjs0m","previousOperationId":"i0q16ek5qh8ozrt"}
{"type":"operationEnd","subtype":"render","operationId":"1acf3b65hcd5724","timestamp":1684668550402,"id":"hf3bihk9ch81m46","previousEventId":"v6w3d1yw159wfpv","previousOperationId":"i0q16ek5qh8ozrt"}
{"type":"operationEnd","doDiffs":false,"previousEventId":"2f02msgsfx1bwk0","previousOperationId":"gf04140p5j68igv","operationId":"gf04140p5j68igv","timestamp":1684668550408,"id":"8a27s3dr6m24co1"}
