{"type":"operationStart","subtype":"profile","data":{"_id":"BKG9Tz3lV2YRKrjJ","timestamp":"2023-05-21T05:37:08.643Z","state":"queued","mode":"standard","creationDate":"2023-05-21T05:37:08.645Z","modificationDate":"2023-05-21T05:37:08.645Z","shortid":"OBK0PAZ","$entitySet":"profiles"},"doDiffs":false,"timestamp":1684647428644,"id":"kbo8d8aikwkqg3e","previousOperationId":null,"operationId":"kxuglmacwmwe9xl"}
{"type":"log","level":"info","message":"Render request 40 queued for execution and waiting for available worker","previousOperationId":"kxuglmacwmwe9xl","timestamp":1684647428644,"id":"x7gew2zm4csznnf"}
{"type":"operationStart","subtype":"render","name":"invoice-js","previousOperationId":"kxuglmacwmwe9xl","timestamp":1684647428656,"id":"nv5nsmbadmlkdls","previousEventId":"kbo8d8aikwkqg3e","operationId":"76cml1qaqdbo5vk"}
{"type":"log","timestamp":1684647428656,"level":"info","message":"Starting rendering request 40","meta":{"rootId":"ollcfmc7kk2gzsv","id":"ollcfmc7kk2gzsv"},"id":"x7bou2w3sx7h7un","previousOperationId":"76cml1qaqdbo5vk"}
{"type":"log","timestamp":1684647428656,"level":"info","message":"Rendering template { name: invoice-js, recipe: chrome-pdf, engine: handlebars, preview: true }","meta":{"rootId":"ollcfmc7kk2gzsv","id":"ollcfmc7kk2gzsv"},"id":"c0n5fifqrseq0su","previousOperationId":"76cml1qaqdbo5vk"}
{"type":"log","timestamp":1684647428660,"level":"debug","message":"Inline data specified.","meta":{"rootId":"ollcfmc7kk2gzsv","id":"ollcfmc7kk2gzsv"},"id":"hr8un4469uvqjvs","previousOperationId":"76cml1qaqdbo5vk"}
{"type":"log","timestamp":1684647428663,"level":"debug","message":"Base url not specified, skipping its injection.","meta":{"rootId":"ollcfmc7kk2gzsv","id":"ollcfmc7kk2gzsv"},"id":"6j82sb20n7t3m6a","previousOperationId":"76cml1qaqdbo5vk"}
{"type":"operationStart","subtype":"engine","name":"handlebars","timestamp":1684647428665,"id":"fqs3srp0dqzqjhz","previousEventId":"nv5nsmbadmlkdls","operationId":"b29v3cz5ndi6c4t","previousOperationId":"76cml1qaqdbo5vk"}
{"type":"log","timestamp":1684647428665,"level":"debug","message":"Rendering engine handlebars","meta":{"rootId":"ollcfmc7kk2gzsv","id":"ollcfmc7kk2gzsv"},"id":"4qiad6753nfp53u","previousOperationId":"b29v3cz5ndi6c4t"}
{"type":"operationEnd","operationId":"b29v3cz5ndi6c4t","timestamp":1684647428681,"id":"pgyd9qjut55hl7d","previousEventId":"fqs3srp0dqzqjhz","previousOperationId":"b29v3cz5ndi6c4t"}
{"type":"operationStart","subtype":"recipe","name":"chrome-pdf","timestamp":1684647428681,"id":"uilcggm51ait0d3","previousEventId":"pgyd9qjut55hl7d","operationId":"qrhne0s5b370b4s","previousOperationId":"b29v3cz5ndi6c4t"}
{"type":"log","timestamp":1684647428681,"level":"debug","message":"Executing recipe chrome-pdf","meta":{"rootId":"ollcfmc7kk2gzsv","id":"ollcfmc7kk2gzsv"},"id":"z5plj5kvvk5872r","previousOperationId":"qrhne0s5b370b4s"}
{"type":"log","timestamp":1684647428714,"level":"debug","message":"Converting with chrome HeadlessChrome/105.0.5173.0 using chrome-pool strategy","meta":{"rootId":"ollcfmc7kk2gzsv","id":"ollcfmc7kk2gzsv"},"id":"fi06yj3zapmx0o6","previousOperationId":"qrhne0s5b370b4s"}
{"type":"log","timestamp":1684647428815,"level":"debug","message":"Page request: GET (document) file:///C:/Users/Adebayo/AppData/Local/Temp/jsreport/autocleanup/caad04df-05bd-40e5-8324-595e74f58f87-chrome-pdf.html","meta":{"rootId":"ollcfmc7kk2gzsv","id":"ollcfmc7kk2gzsv"},"id":"c0q47omlau0jq48","previousOperationId":"qrhne0s5b370b4s"}
{"type":"log","timestamp":1684647428833,"level":"debug","message":"Page request finished: GET (document) 200 file:///C:/Users/Adebayo/AppData/Local/Temp/jsreport/autocleanup/caad04df-05bd-40e5-8324-595e74f58f87-chrome-pdf.html","meta":{"rootId":"ollcfmc7kk2gzsv","id":"ollcfmc7kk2gzsv"},"id":"477vhl8aa6fyv7d","previousOperationId":"qrhne0s5b370b4s"}
{"type":"log","timestamp":1684647428833,"level":"debug","message":"Page request: GET (script) https://cdn.jsdelivr.net/npm/chart.js","meta":{"rootId":"ollcfmc7kk2gzsv","id":"ollcfmc7kk2gzsv"},"id":"zez6lx3n4trep0d","previousOperationId":"qrhne0s5b370b4s"}
{"type":"log","timestamp":1684647449062,"level":"warn","message":"Page request failed: GET (script) https://cdn.jsdelivr.net/npm/chart.js, failure: net::ERR_CONNECTION_CLOSED","meta":{"rootId":"ollcfmc7kk2gzsv","id":"ollcfmc7kk2gzsv"},"id":"yc4awrs52a9i87x","previousOperationId":"qrhne0s5b370b4s"}
{"type":"log","timestamp":1684647449062,"level":"debug","message":"(console:error) Failed to load resource: net::ERR_CONNECTION_CLOSED","meta":{"userLevel":true,"rootId":"ollcfmc7kk2gzsv","id":"ollcfmc7kk2gzsv"},"id":"hyzka2mfwhjqggc","previousOperationId":"qrhne0s5b370b4s"}
{"type":"log","timestamp":1684647449065,"level":"warn","message":"Page error: ReferenceError: Chart is not defined\n    at file:///C:/Users/Adebayo/AppData/Local/Temp/jsreport/autocleanup/caad04df-05bd-40e5-8324-595e74f58f87-chrome-pdf.html:12:19","meta":{"rootId":"ollcfmc7kk2gzsv","id":"ollcfmc7kk2gzsv"},"id":"qt159aqt0mtyw1s","previousOperationId":"qrhne0s5b370b4s"}
{"type":"log","timestamp":1684647449071,"level":"debug","message":"Running chrome with params {\"printBackground\":true,\"marginTop\":\"2cm\",\"marginRight\":\"1cm\",\"marginBottom\":\"2cm\",\"marginLeft\":\"1cm\",\"landscape\":false,\"format\":\"A4\",\"displayHeaderFooter\":true,\"timeout\":59930,\"margin\":{\"top\":\"2cm\",\"right\":\"1cm\",\"bottom\":\"2cm\",\"left\":\"1cm\"}}","meta":{"rootId":"ollcfmc7kk2gzsv","id":"ollcfmc7kk2gzsv"},"id":"lodauvqrtl4x7s3","previousOperationId":"qrhne0s5b370b4s"}
{"type":"operationEnd","operationId":"qrhne0s5b370b4s","timestamp":1684647449169,"id":"gra7mf5ps93cjyb","previousEventId":"uilcggm51ait0d3","previousOperationId":"qrhne0s5b370b4s"}
{"type":"log","timestamp":1684647449169,"level":"debug","message":"Skipping storing report.","meta":{"rootId":"ollcfmc7kk2gzsv","id":"ollcfmc7kk2gzsv"},"id":"3it6psivlofk4cd","previousOperationId":"qrhne0s5b370b4s"}
{"type":"log","timestamp":1684647449169,"level":"info","message":"Rendering request 40 finished in 20526 ms","meta":{"rootId":"ollcfmc7kk2gzsv","id":"ollcfmc7kk2gzsv"},"id":"2zfhnan08irqdg2","previousOperationId":"qrhne0s5b370b4s"}
{"type":"operationEnd","subtype":"render","operationId":"76cml1qaqdbo5vk","timestamp":1684647449169,"id":"m8dkt1lw5uaumgz","previousEventId":"gra7mf5ps93cjyb","previousOperationId":"qrhne0s5b370b4s"}
{"type":"operationEnd","doDiffs":false,"previousEventId":"kbo8d8aikwkqg3e","previousOperationId":"kxuglmacwmwe9xl","operationId":"kxuglmacwmwe9xl","timestamp":1684647449174,"id":"1y2sra9vd2xuonw"}
