{"type":"operationStart","subtype":"profile","data":{"_id":"tIpYpGm6usw9gRcE","timestamp":"2023-05-21T11:36:45.791Z","state":"queued","mode":"standard","creationDate":"2023-05-21T11:36:45.795Z","modificationDate":"2023-05-21T11:36:45.795Z","shortid":"gboMasn","$entitySet":"profiles"},"doDiffs":false,"timestamp":1684669005793,"id":"gr9w8om2mejpila","previousOperationId":null,"operationId":"4v5543okrmm7k81"}
{"type":"log","level":"info","message":"Render request 176 queued for execution and waiting for available worker","previousOperationId":"4v5543okrmm7k81","timestamp":1684669005793,"id":"rbz3f2kszdjjevy"}
{"type":"operationStart","subtype":"render","name":"invoice-js","previousOperationId":"4v5543okrmm7k81","timestamp":1684669005809,"id":"96q6stmhtqbjvaf","previousEventId":"gr9w8om2mejpila","operationId":"sss7v9hiptgjzi3"}
{"type":"log","timestamp":1684669005809,"level":"info","message":"Starting rendering request 176","meta":{"rootId":"oss4afi8eyi7657","id":"oss4afi8eyi7657"},"id":"r1dpw16gfy7tzfo","previousOperationId":"sss7v9hiptgjzi3"}
{"type":"log","timestamp":1684669005810,"level":"info","message":"Rendering template { name: invoice-js, recipe: chrome-pdf, engine: handlebars, preview: false }","meta":{"rootId":"oss4afi8eyi7657","id":"oss4afi8eyi7657"},"id":"npfcuymkq7dyc3v","previousOperationId":"sss7v9hiptgjzi3"}
{"type":"log","timestamp":1684669005814,"level":"debug","message":"Inline data specified.","meta":{"rootId":"oss4afi8eyi7657","id":"oss4afi8eyi7657"},"id":"m0khd4jsaoccv7a","previousOperationId":"sss7v9hiptgjzi3"}
{"type":"log","timestamp":1684669005822,"level":"debug","message":"Base url not specified, skipping its injection.","meta":{"rootId":"oss4afi8eyi7657","id":"oss4afi8eyi7657"},"id":"ue8nblmvnjmsgmo","previousOperationId":"sss7v9hiptgjzi3"}
{"type":"operationStart","subtype":"engine","name":"handlebars","timestamp":1684669005822,"id":"p4ezfidu59lsccn","previousEventId":"96q6stmhtqbjvaf","operationId":"ifqs65nowgop0i0","previousOperationId":"sss7v9hiptgjzi3"}
{"type":"log","timestamp":1684669005822,"level":"debug","message":"Rendering engine handlebars","meta":{"rootId":"oss4afi8eyi7657","id":"oss4afi8eyi7657"},"id":"b966j4u94yfd781","previousOperationId":"ifqs65nowgop0i0"}
{"type":"operationEnd","operationId":"ifqs65nowgop0i0","timestamp":1684669005847,"id":"1wthtqn9w7djaco","previousEventId":"p4ezfidu59lsccn","previousOperationId":"ifqs65nowgop0i0"}
{"type":"operationStart","subtype":"recipe","name":"chrome-pdf","timestamp":1684669005847,"id":"phzw36um6w65ily","previousEventId":"1wthtqn9w7djaco","operationId":"jsrd908asrjatjf","previousOperationId":"ifqs65nowgop0i0"}
{"type":"log","timestamp":1684669005847,"level":"debug","message":"Executing recipe chrome-pdf","meta":{"rootId":"oss4afi8eyi7657","id":"oss4afi8eyi7657"},"id":"bxtjq7iz47z9xb4","previousOperationId":"jsrd908asrjatjf"}
{"type":"log","timestamp":1684669005852,"level":"debug","message":"Starting child request to render pdf footer","meta":{"rootId":"oss4afi8eyi7657","id":"oss4afi8eyi7657"},"id":"6jowbbo313ujyq3","previousOperationId":"jsrd908asrjatjf"}
{"type":"operationStart","subtype":"render","name":"anonymous","previousOperationId":"jsrd908asrjatjf","timestamp":1684669005853,"id":"jf05ndvxhhoomcb","previousEventId":"phzw36um6w65ily","operationId":"0yeswiq9p426vdq"}
{"type":"log","timestamp":1684669005853,"level":"info","message":"Starting rendering (child) request","meta":{"rootId":"oss4afi8eyi7657","id":"e765vqxjzlj254z"},"id":"19pwie3q11hym6m","previousOperationId":"0yeswiq9p426vdq"}
{"type":"log","timestamp":1684669005853,"level":"info","message":"Rendering anonymous template { recipe: html, engine: handlebars }","meta":{"rootId":"oss4afi8eyi7657","id":"e765vqxjzlj254z"},"id":"3zsvoobeqwin6b3","previousOperationId":"0yeswiq9p426vdq"}
{"type":"log","timestamp":1684669005853,"level":"debug","message":"Inline data specified.","meta":{"rootId":"oss4afi8eyi7657","id":"e765vqxjzlj254z"},"id":"vsqx09m2hqo1yar","previousOperationId":"0yeswiq9p426vdq"}
{"type":"log","timestamp":1684669005856,"level":"debug","message":"Base url not specified, skipping its injection.","meta":{"rootId":"oss4afi8eyi7657","id":"e765vqxjzlj254z"},"id":"xacb35kf2adwvt2","previousOperationId":"0yeswiq9p426vdq"}
{"type":"operationStart","subtype":"engine","name":"handlebars","timestamp":1684669005857,"id":"gaqi5f30grgnbv0","previousEventId":"jf05ndvxhhoomcb","operationId":"j6w3a1jnc07aoqq","previousOperationId":"0yeswiq9p426vdq"}
{"type":"log","timestamp":1684669005857,"level":"debug","message":"Rendering engine handlebars","meta":{"rootId":"oss4afi8eyi7657","id":"e765vqxjzlj254z"},"id":"rl9a1514ff81aay","previousOperationId":"j6w3a1jnc07aoqq"}
{"type":"operationEnd","operationId":"j6w3a1jnc07aoqq","timestamp":1684669005883,"id":"gycxevijspuuv7r","previousEventId":"gaqi5f30grgnbv0","previousOperationId":"j6w3a1jnc07aoqq"}
{"type":"operationStart","subtype":"recipe","name":"html","timestamp":1684669005883,"id":"jnhfr3ix7ju0qiv","previousEventId":"gycxevijspuuv7r","operationId":"wit9ugrv42jj6cm","previousOperationId":"j6w3a1jnc07aoqq"}
{"type":"log","timestamp":1684669005883,"level":"debug","message":"Executing recipe html","meta":{"rootId":"oss4afi8eyi7657","id":"e765vqxjzlj254z"},"id":"leloh5twh6we55a","previousOperationId":"wit9ugrv42jj6cm"}
{"type":"operationEnd","operationId":"wit9ugrv42jj6cm","timestamp":1684669005883,"id":"riw2gwkg43bt8wi","previousEventId":"jnhfr3ix7ju0qiv","previousOperationId":"wit9ugrv42jj6cm"}
{"type":"log","timestamp":1684669005883,"level":"debug","message":"Skipping storing report.","meta":{"rootId":"oss4afi8eyi7657","id":"e765vqxjzlj254z"},"id":"pradzacbikfxntu","previousOperationId":"wit9ugrv42jj6cm"}
{"type":"log","timestamp":1684669005884,"level":"info","message":"Rendering (child) request finished in 93 ms","meta":{"rootId":"oss4afi8eyi7657","id":"e765vqxjzlj254z"},"id":"q0p3uq2yr88h4cv","previousOperationId":"wit9ugrv42jj6cm"}
{"type":"operationEnd","subtype":"render","operationId":"0yeswiq9p426vdq","timestamp":1684669005884,"id":"hnpop36l3w7t6us","previousEventId":"riw2gwkg43bt8wi","previousOperationId":"wit9ugrv42jj6cm"}
{"type":"log","timestamp":1684669005885,"level":"debug","message":"Converting with chrome HeadlessChrome/105.0.5173.0 using chrome-pool strategy","meta":{"rootId":"oss4afi8eyi7657","id":"oss4afi8eyi7657"},"id":"dmdis8bp1hbypcd","previousOperationId":"jsrd908asrjatjf"}
{"type":"log","timestamp":1684669006123,"level":"debug","message":"Page request: GET (document) file:///C:/Users/Adebayo/AppData/Local/Temp/jsreport/autocleanup/cbf2b8f8-3e30-4c9b-9a83-6b9de0edc128-chrome-pdf.html","meta":{"rootId":"oss4afi8eyi7657","id":"oss4afi8eyi7657"},"id":"xy0pg1q4hqrz465","previousOperationId":"jsrd908asrjatjf"}
{"type":"log","timestamp":1684669006157,"level":"debug","message":"Page request finished: GET (document) 200 file:///C:/Users/Adebayo/AppData/Local/Temp/jsreport/autocleanup/cbf2b8f8-3e30-4c9b-9a83-6b9de0edc128-chrome-pdf.html","meta":{"rootId":"oss4afi8eyi7657","id":"oss4afi8eyi7657"},"id":"5nusofbzgk60sz0","previousOperationId":"jsrd908asrjatjf"}
{"type":"log","timestamp":1684669006158,"level":"debug","message":"Page request: GET (script) https://cdnjs.cloudflare.com/ajax/libs/Chart.js/2.1.6/Chart.min.js","meta":{"rootId":"oss4afi8eyi7657","id":"oss4afi8eyi7657"},"id":"1aoaqu4lhthcoiv","previousOperationId":"jsrd908asrjatjf"}
{"type":"log","timestamp":1684669006169,"level":"debug","message":"Page request finished: GET (script) 200 https://cdnjs.cloudflare.com/ajax/libs/Chart.js/2.1.6/Chart.min.js","meta":{"rootId":"oss4afi8eyi7657","id":"oss4afi8eyi7657"},"id":"6hbv4zcsu7sdwx4","previousOperationId":"jsrd908asrjatjf"}
{"type":"log","timestamp":1684669006181,"level":"warn","message":"Page error: SyntaxError: Unexpected token ','","meta":{"rootId":"oss4afi8eyi7657","id":"oss4afi8eyi7657"},"id":"qvwrm53ocgwjk2c","previousOperationId":"jsrd908asrjatjf"}
{"type":"log","timestamp":1684669006189,"level":"debug","message":"Running chrome with params {\"printBackground\":true,\"marginTop\":\"2cm\",\"marginRight\":\"1cm\",\"marginBottom\":\"2cm\",\"marginLeft\":\"1cm\",\"landscape\":false,\"format\":\"A4\",\"displayHeaderFooter\":true,\"footerTemplate\":\"...\",\"timeout\":59907,\"margin\":{\"top\":\"2cm\",\"right\":\"1cm\",\"bottom\":\"2cm\",\"left\":\"1cm\"}}","meta":{"rootId":"oss4afi8eyi7657","id":"oss4afi8eyi7657"},"id":"ub87mp9tab4gy4n","previousOperationId":"jsrd908asrjatjf"}
{"type":"operationEnd","operationId":"jsrd908asrjatjf","timestamp":1684669006357,"id":"eee1u46fuk5419u","previousEventId":"phzw36um6w65ily","previousOperationId":"jsrd908asrjatjf"}
{"type":"log","timestamp":1684669006357,"level":"debug","message":"Skipping storing report.","meta":{"rootId":"oss4afi8eyi7657","id":"oss4afi8eyi7657"},"id":"owtyzid5i36q3p4","previousOperationId":"jsrd908asrjatjf"}
{"type":"log","timestamp":1684669006357,"level":"info","message":"Rendering request 176 finished in 566 ms","meta":{"rootId":"oss4afi8eyi7657","id":"oss4afi8eyi7657"},"id":"1ole9dh3g63q62x","previousOperationId":"jsrd908asrjatjf"}
{"type":"operationEnd","subtype":"render","operationId":"sss7v9hiptgjzi3","timestamp":1684669006357,"id":"am4pb5l77gb1sz0","previousEventId":"eee1u46fuk5419u","previousOperationId":"jsrd908asrjatjf"}
{"type":"operationEnd","doDiffs":false,"previousEventId":"gr9w8om2mejpila","previousOperationId":"4v5543okrmm7k81","operationId":"4v5543okrmm7k81","timestamp":1684669006366,"id":"la38kpm0f3lt3tm"}
