{"type":"operationStart","subtype":"profile","data":{"_id":"nhECocHQCEiPNqtm","timestamp":"2023-05-21T05:34:13.025Z","state":"queued","mode":"standard","creationDate":"2023-05-21T05:34:13.027Z","modificationDate":"2023-05-21T05:34:13.027Z","shortid":"4VQmMu6","$entitySet":"profiles"},"doDiffs":false,"timestamp":1684647253026,"id":"w09919z7h2yho0w","previousOperationId":null,"operationId":"38lk4otgfocldpb"}
{"type":"log","level":"info","message":"Render request 36 queued for execution and waiting for available worker","previousOperationId":"38lk4otgfocldpb","timestamp":1684647253026,"id":"7q7rmry116lhxwh"}
{"type":"operationStart","subtype":"render","name":"invoice-js","previousOperationId":"38lk4otgfocldpb","timestamp":1684647253039,"id":"wgcglq59ujhhwaf","previousEventId":"w09919z7h2yho0w","operationId":"pg730cpreuasp7v"}
{"type":"log","timestamp":1684647253039,"level":"info","message":"Starting rendering request 36","meta":{"rootId":"ouznjfv4eeykpqf","id":"ouznjfv4eeykpqf"},"id":"hzquue4w2nyfgky","previousOperationId":"pg730cpreuasp7v"}
{"type":"log","timestamp":1684647253040,"level":"info","message":"Rendering template { name: invoice-js, recipe: chrome-pdf, engine: handlebars, preview: true }","meta":{"rootId":"ouznjfv4eeykpqf","id":"ouznjfv4eeykpqf"},"id":"qt685lp1vq3uckw","previousOperationId":"pg730cpreuasp7v"}
{"type":"log","timestamp":1684647253041,"level":"debug","message":"Inline data specified.","meta":{"rootId":"ouznjfv4eeykpqf","id":"ouznjfv4eeykpqf"},"id":"wv63pqk0sc18dvo","previousOperationId":"pg730cpreuasp7v"}
{"type":"log","timestamp":1684647253043,"level":"debug","message":"Base url not specified, skipping its injection.","meta":{"rootId":"ouznjfv4eeykpqf","id":"ouznjfv4eeykpqf"},"id":"p6chvgkpb7ov4kt","previousOperationId":"pg730cpreuasp7v"}
{"type":"operationStart","subtype":"engine","name":"handlebars","timestamp":1684647253044,"id":"w7096myoifsidgk","previousEventId":"wgcglq59ujhhwaf","operationId":"rz0rsjh920jvgdr","previousOperationId":"pg730cpreuasp7v"}
{"type":"log","timestamp":1684647253044,"level":"debug","message":"Rendering engine handlebars","meta":{"rootId":"ouznjfv4eeykpqf","id":"ouznjfv4eeykpqf"},"id":"6gmwiwlie9nbocx","previousOperationId":"rz0rsjh920jvgdr"}
{"type":"operationEnd","operationId":"rz0rsjh920jvgdr","timestamp":1684647253066,"id":"joou9b7rt5s3gnb","previousEventId":"w7096myoifsidgk","previousOperationId":"rz0rsjh920jvgdr"}
{"type":"operationStart","subtype":"recipe","name":"chrome-pdf","timestamp":1684647253066,"id":"cp5o7quoyae4zqr","previousEventId":"joou9b7rt5s3gnb","operationId":"izvt85s73ubiyye","previousOperationId":"rz0rsjh920jvgdr"}
{"type":"log","timestamp":1684647253066,"level":"debug","message":"Executing recipe chrome-pdf","meta":{"rootId":"ouznjfv4eeykpqf","id":"ouznjfv4eeykpqf"},"id":"cpghx2lzkqdp065","previousOperationId":"izvt85s73ubiyye"}
{"type":"log","timestamp":1684647253087,"level":"debug","message":"Converting with chrome HeadlessChrome/105.0.5173.0 using chrome-pool strategy","meta":{"rootId":"ouznjfv4eeykpqf","id":"ouznjfv4eeykpqf"},"id":"ar9ad5q1vws16go","previousOperationId":"izvt85s73ubiyye"}
{"type":"log","timestamp":1684647253192,"level":"debug","message":"Page request: GET (document) file:///C:/Users/Adebayo/AppData/Local/Temp/jsreport/autocleanup/501546f0-6da8-47a9-9bcb-9317e6e97679-chrome-pdf.html","meta":{"rootId":"ouznjfv4eeykpqf","id":"ouznjfv4eeykpqf"},"id":"flbj88rpm94e3pm","previousOperationId":"izvt85s73ubiyye"}
{"type":"log","timestamp":1684647253204,"level":"debug","message":"Page request finished: GET (document) 200 file:///C:/Users/Adebayo/AppData/Local/Temp/jsreport/autocleanup/501546f0-6da8-47a9-9bcb-9317e6e97679-chrome-pdf.html","meta":{"rootId":"ouznjfv4eeykpqf","id":"ouznjfv4eeykpqf"},"id":"rwe3cw17yli432o","previousOperationId":"izvt85s73ubiyye"}
{"type":"log","timestamp":1684647253204,"level":"debug","message":"Page request: GET (script) https://cdnjs.cloudflare.com/ajax/libs/Chart.js/2.1.6/Chart.min.js","meta":{"rootId":"ouznjfv4eeykpqf","id":"ouznjfv4eeykpqf"},"id":"rsf93tzwh2x5dxm","previousOperationId":"izvt85s73ubiyye"}
{"type":"log","timestamp":1684647253211,"level":"debug","message":"Page request finished: GET (script) 200 https://cdnjs.cloudflare.com/ajax/libs/Chart.js/2.1.6/Chart.min.js","meta":{"rootId":"ouznjfv4eeykpqf","id":"ouznjfv4eeykpqf"},"id":"of6c68qmz1id65m","previousOperationId":"izvt85s73ubiyye"}
{"type":"log","timestamp":1684647253269,"level":"debug","message":"Running chrome with params {\"printBackground\":true,\"marginTop\":\"2cm\",\"marginRight\":\"1cm\",\"marginBottom\":\"2cm\",\"marginLeft\":\"1cm\",\"landscape\":false,\"format\":\"A4\",\"displayHeaderFooter\":true,\"timeout\":59940,\"margin\":{\"top\":\"2cm\",\"right\":\"1cm\",\"bottom\":\"2cm\",\"left\":\"1cm\"}}","meta":{"rootId":"ouznjfv4eeykpqf","id":"ouznjfv4eeykpqf"},"id":"zorpaj5eewh8cum","previousOperationId":"izvt85s73ubiyye"}
{"type":"operationEnd","operationId":"izvt85s73ubiyye","timestamp":1684647253356,"id":"69zl5im3gi5xn3q","previousEventId":"cp5o7quoyae4zqr","previousOperationId":"izvt85s73ubiyye"}
{"type":"log","timestamp":1684647253356,"level":"debug","message":"Skipping storing report.","meta":{"rootId":"ouznjfv4eeykpqf","id":"ouznjfv4eeykpqf"},"id":"h05ahuhi5fsuv2f","previousOperationId":"izvt85s73ubiyye"}
{"type":"log","timestamp":1684647253356,"level":"info","message":"Rendering request 36 finished in 331 ms","meta":{"rootId":"ouznjfv4eeykpqf","id":"ouznjfv4eeykpqf"},"id":"jysoa3ypom89gfl","previousOperationId":"izvt85s73ubiyye"}
{"type":"operationEnd","subtype":"render","operationId":"pg730cpreuasp7v","timestamp":1684647253356,"id":"mg1uxcqkgpwq5ly","previousEventId":"69zl5im3gi5xn3q","previousOperationId":"izvt85s73ubiyye"}
{"type":"operationEnd","doDiffs":false,"previousEventId":"w09919z7h2yho0w","previousOperationId":"38lk4otgfocldpb","operationId":"38lk4otgfocldpb","timestamp":1684647253362,"id":"6saowwcpclrjawe"}
