{"type":"operationStart","subtype":"profile","data":{"_id":"MWTuQpu5syu06WPf","timestamp":"2023-05-21T07:20:58.341Z","state":"queued","mode":"standard","creationDate":"2023-05-21T07:20:58.345Z","modificationDate":"2023-05-21T07:20:58.345Z","shortid":"MW-ug2y","$entitySet":"profiles"},"doDiffs":false,"timestamp":1684653658344,"id":"ixrctajt7rfop4x","previousOperationId":null,"operationId":"h8t5eqvy218l9tu"}
{"type":"log","level":"info","message":"Render request 119 queued for execution and waiting for available worker","previousOperationId":"h8t5eqvy218l9tu","timestamp":1684653658344,"id":"2vxrv4bjbklo8yn"}
{"type":"operationStart","subtype":"render","name":"invoice-js","previousOperationId":"h8t5eqvy218l9tu","timestamp":1684653658360,"id":"46t5o6bryahshlf","previousEventId":"ixrctajt7rfop4x","operationId":"dd9tmpx7geemrkx"}
{"type":"log","timestamp":1684653658360,"level":"info","message":"Starting rendering request 119","meta":{"rootId":"p58l7d800pt3g3g","id":"p58l7d800pt3g3g"},"id":"off5scria1ck60a","previousOperationId":"dd9tmpx7geemrkx"}
{"type":"log","timestamp":1684653658360,"level":"info","message":"Rendering template { name: invoice-js, recipe: chrome-pdf, engine: handlebars, preview: false }","meta":{"rootId":"p58l7d800pt3g3g","id":"p58l7d800pt3g3g"},"id":"abvodnl74u685qe","previousOperationId":"dd9tmpx7geemrkx"}
{"type":"log","timestamp":1684653658362,"level":"debug","message":"Inline data specified.","meta":{"rootId":"p58l7d800pt3g3g","id":"p58l7d800pt3g3g"},"id":"vj2e4n1swriptak","previousOperationId":"dd9tmpx7geemrkx"}
{"type":"log","timestamp":1684653658368,"level":"debug","message":"Base url not specified, skipping its injection.","meta":{"rootId":"p58l7d800pt3g3g","id":"p58l7d800pt3g3g"},"id":"x4unalyy6k5moz8","previousOperationId":"dd9tmpx7geemrkx"}
{"type":"operationStart","subtype":"engine","name":"handlebars","timestamp":1684653658368,"id":"nzpdgerh14q4iz6","previousEventId":"46t5o6bryahshlf","operationId":"a40mhcui4d57ssn","previousOperationId":"dd9tmpx7geemrkx"}
{"type":"log","timestamp":1684653658368,"level":"debug","message":"Rendering engine handlebars","meta":{"rootId":"p58l7d800pt3g3g","id":"p58l7d800pt3g3g"},"id":"pbb24bwylqq9izx","previousOperationId":"a40mhcui4d57ssn"}
{"type":"operationEnd","operationId":"a40mhcui4d57ssn","timestamp":1684653658394,"id":"xyrb8nefbs4sk6b","previousEventId":"nzpdgerh14q4iz6","previousOperationId":"a40mhcui4d57ssn"}
{"type":"operationStart","subtype":"recipe","name":"chrome-pdf","timestamp":1684653658394,"id":"jzbt5ru2o5nvsfu","previousEventId":"xyrb8nefbs4sk6b","operationId":"kpvsiza9n5z45sl","previousOperationId":"a40mhcui4d57ssn"}
{"type":"log","timestamp":1684653658394,"level":"debug","message":"Executing recipe chrome-pdf","meta":{"rootId":"p58l7d800pt3g3g","id":"p58l7d800pt3g3g"},"id":"empey79kicdzvm0","previousOperationId":"kpvsiza9n5z45sl"}
{"type":"log","timestamp":1684653658397,"level":"debug","message":"Starting child request to render pdf footer","meta":{"rootId":"p58l7d800pt3g3g","id":"p58l7d800pt3g3g"},"id":"qh4twci8byvwe5p","previousOperationId":"kpvsiza9n5z45sl"}
{"type":"operationStart","subtype":"render","name":"anonymous","previousOperationId":"kpvsiza9n5z45sl","timestamp":1684653658398,"id":"9m2aknx04z5y5c0","previousEventId":"jzbt5ru2o5nvsfu","operationId":"joy24x21lwjlhen"}
{"type":"log","timestamp":1684653658398,"level":"info","message":"Starting rendering (child) request","meta":{"rootId":"p58l7d800pt3g3g","id":"iaap7ez28jxh0l3"},"id":"s30wu5vej7grfpi","previousOperationId":"joy24x21lwjlhen"}
{"type":"log","timestamp":1684653658398,"level":"info","message":"Rendering anonymous template { recipe: html, engine: handlebars }","meta":{"rootId":"p58l7d800pt3g3g","id":"iaap7ez28jxh0l3"},"id":"x9qfndnc59qrbrh","previousOperationId":"joy24x21lwjlhen"}
{"type":"log","timestamp":1684653658398,"level":"debug","message":"Inline data specified.","meta":{"rootId":"p58l7d800pt3g3g","id":"iaap7ez28jxh0l3"},"id":"f9vd3ollwirq2tj","previousOperationId":"joy24x21lwjlhen"}
{"type":"log","timestamp":1684653658400,"level":"debug","message":"Base url not specified, skipping its injection.","meta":{"rootId":"p58l7d800pt3g3g","id":"iaap7ez28jxh0l3"},"id":"k88l5h2mxmlvxt4","previousOperationId":"joy24x21lwjlhen"}
{"type":"operationStart","subtype":"engine","name":"handlebars","timestamp":1684653658400,"id":"4ugzkzn91pj2s5u","previousEventId":"9m2aknx04z5y5c0","operationId":"2epusntlaveqwvt","previousOperationId":"joy24x21lwjlhen"}
{"type":"log","timestamp":1684653658400,"level":"debug","message":"Rendering engine handlebars","meta":{"rootId":"p58l7d800pt3g3g","id":"iaap7ez28jxh0l3"},"id":"1gea0kv3m7tr4q3","previousOperationId":"2epusntlaveqwvt"}
{"type":"operationEnd","operationId":"2epusntlaveqwvt","timestamp":1684653658424,"id":"ssdrfutqqb4tfm0","previousEventId":"4ugzkzn91pj2s5u","previousOperationId":"2epusntlaveqwvt"}
{"type":"operationStart","subtype":"recipe","name":"html","timestamp":1684653658426,"id":"t7r1a9e1120f3tr","previousEventId":"ssdrfutqqb4tfm0","operationId":"ir3lvp4ggavxad6","previousOperationId":"2epusntlaveqwvt"}
{"type":"log","timestamp":1684653658426,"level":"debug","message":"Executing recipe html","meta":{"rootId":"p58l7d800pt3g3g","id":"iaap7ez28jxh0l3"},"id":"ua3xxyarp4arfqy","previousOperationId":"ir3lvp4ggavxad6"}
{"type":"operationEnd","operationId":"ir3lvp4ggavxad6","timestamp":1684653658427,"id":"dbge8kgalvzyde7","previousEventId":"t7r1a9e1120f3tr","previousOperationId":"ir3lvp4ggavxad6"}
{"type":"log","timestamp":1684653658427,"level":"debug","message":"Skipping storing report.","meta":{"rootId":"p58l7d800pt3g3g","id":"iaap7ez28jxh0l3"},"id":"6fiemo7xp6tjhdw","previousOperationId":"ir3lvp4ggavxad6"}
{"type":"log","timestamp":1684653658427,"level":"info","message":"Rendering (child) request finished in 87 ms","meta":{"rootId":"p58l7d800pt3g3g","id":"iaap7ez28jxh0l3"},"id":"petpg1585ocmeow","previousOperationId":"ir3lvp4ggavxad6"}
{"type":"operationEnd","subtype":"render","operationId":"joy24x21lwjlhen","timestamp":1684653658427,"id":"de0f3c027vxm740","previousEventId":"dbge8kgalvzyde7","previousOperationId":"ir3lvp4ggavxad6"}
{"type":"log","timestamp":1684653658429,"level":"debug","message":"Converting with chrome HeadlessChrome/105.0.5173.0 using chrome-pool strategy","meta":{"rootId":"p58l7d800pt3g3g","id":"p58l7d800pt3g3g"},"id":"hhucsfrxm4q3lyi","previousOperationId":"kpvsiza9n5z45sl"}
{"type":"log","timestamp":1684653658572,"level":"debug","message":"Page request: GET (document) file:///C:/Users/Adebayo/AppData/Local/Temp/jsreport/autocleanup/c80d6c3b-5550-4164-9074-148a30960226-chrome-pdf.html","meta":{"rootId":"p58l7d800pt3g3g","id":"p58l7d800pt3g3g"},"id":"los3k8b2yjkh852","previousOperationId":"kpvsiza9n5z45sl"}
{"type":"log","timestamp":1684653658595,"level":"debug","message":"Page request finished: GET (document) 200 file:///C:/Users/Adebayo/AppData/Local/Temp/jsreport/autocleanup/c80d6c3b-5550-4164-9074-148a30960226-chrome-pdf.html","meta":{"rootId":"p58l7d800pt3g3g","id":"p58l7d800pt3g3g"},"id":"1aetrjd2yvo33h9","previousOperationId":"kpvsiza9n5z45sl"}
{"type":"log","timestamp":1684653658596,"level":"debug","message":"Page request: GET (script) https://cdnjs.cloudflare.com/ajax/libs/Chart.js/2.1.6/Chart.min.js","meta":{"rootId":"p58l7d800pt3g3g","id":"p58l7d800pt3g3g"},"id":"b4pga58c27uipgt","previousOperationId":"kpvsiza9n5z45sl"}
{"type":"log","timestamp":1684653658604,"level":"debug","message":"Page request finished: GET (script) 200 https://cdnjs.cloudflare.com/ajax/libs/Chart.js/2.1.6/Chart.min.js","meta":{"rootId":"p58l7d800pt3g3g","id":"p58l7d800pt3g3g"},"id":"a3l5mi3j96h2p6p","previousOperationId":"kpvsiza9n5z45sl"}
{"type":"log","timestamp":1684653658614,"level":"warn","message":"Page error: SyntaxError: Unexpected token ','","meta":{"rootId":"p58l7d800pt3g3g","id":"p58l7d800pt3g3g"},"id":"21uc6h0f2eknvvk","previousOperationId":"kpvsiza9n5z45sl"}
{"type":"log","timestamp":1684653658618,"level":"debug","message":"Running chrome with params {\"printBackground\":true,\"marginTop\":\"2cm\",\"marginRight\":\"1cm\",\"marginBottom\":\"2cm\",\"marginLeft\":\"1cm\",\"landscape\":false,\"format\":\"A4\",\"displayHeaderFooter\":true,\"footerTemplate\":\"...\",\"timeout\":59913,\"margin\":{\"top\":\"2cm\",\"right\":\"1cm\",\"bottom\":\"2cm\",\"left\":\"1cm\"}}","meta":{"rootId":"p58l7d800pt3g3g","id":"p58l7d800pt3g3g"},"id":"qucnxidb04qfyez","previousOperationId":"kpvsiza9n5z45sl"}
{"type":"operationEnd","operationId":"kpvsiza9n5z45sl","timestamp":1684653658718,"id":"229h1ysur33pom5","previousEventId":"jzbt5ru2o5nvsfu","previousOperationId":"kpvsiza9n5z45sl"}
{"type":"log","timestamp":1684653658719,"level":"debug","message":"Skipping storing report.","meta":{"rootId":"p58l7d800pt3g3g","id":"p58l7d800pt3g3g"},"id":"655xnznmtq0knuh","previousOperationId":"kpvsiza9n5z45sl"}
{"type":"log","timestamp":1684653658719,"level":"info","message":"Rendering request 119 finished in 379 ms","meta":{"rootId":"p58l7d800pt3g3g","id":"p58l7d800pt3g3g"},"id":"imcdkuyqfcdyy1v","previousOperationId":"kpvsiza9n5z45sl"}
{"type":"operationEnd","subtype":"render","operationId":"dd9tmpx7geemrkx","timestamp":1684653658719,"id":"nkoismo5lzkmu9i","previousEventId":"229h1ysur33pom5","previousOperationId":"kpvsiza9n5z45sl"}
{"type":"operationEnd","doDiffs":false,"previousEventId":"ixrctajt7rfop4x","previousOperationId":"h8t5eqvy218l9tu","operationId":"h8t5eqvy218l9tu","timestamp":1684653658724,"id":"93qjssi8ez2csiz"}
