{"type":"operationStart","subtype":"profile","data":{"_id":"JmFpvbZhUQjDaxme","timestamp":"2023-05-21T11:14:09.070Z","state":"queued","mode":"standard","creationDate":"2023-05-21T11:14:09.076Z","modificationDate":"2023-05-21T11:14:09.076Z","shortid":"s70NhUu","$entitySet":"profiles"},"doDiffs":false,"timestamp":1684667649073,"id":"dyy98cmnhosuhl3","previousOperationId":null,"operationId":"n2c7itcnvd59ltp"}
{"type":"log","level":"info","message":"Render request 148 queued for execution and waiting for available worker","previousOperationId":"n2c7itcnvd59ltp","timestamp":1684667649073,"id":"zeth0tgui83ds60"}
{"type":"operationStart","subtype":"render","name":"invoice-js","previousOperationId":"n2c7itcnvd59ltp","timestamp":1684667649092,"id":"dnjtx2520ipul5p","previousEventId":"dyy98cmnhosuhl3","operationId":"g6xwo8vgow0yrri"}
{"type":"log","timestamp":1684667649092,"level":"info","message":"Starting rendering request 148","meta":{"rootId":"pdtcqdcn6ng09ej","id":"pdtcqdcn6ng09ej"},"id":"rfkh86sulnvb1t2","previousOperationId":"g6xwo8vgow0yrri"}
{"type":"log","timestamp":1684667649093,"level":"info","message":"Rendering template { name: invoice-js, recipe: chrome-pdf, engine: handlebars, preview: false }","meta":{"rootId":"pdtcqdcn6ng09ej","id":"pdtcqdcn6ng09ej"},"id":"3vr021es92y8ici","previousOperationId":"g6xwo8vgow0yrri"}
{"type":"log","timestamp":1684667649095,"level":"debug","message":"Inline data specified.","meta":{"rootId":"pdtcqdcn6ng09ej","id":"pdtcqdcn6ng09ej"},"id":"9hg0ryvq7fd1t73","previousOperationId":"g6xwo8vgow0yrri"}
{"type":"log","timestamp":1684667649099,"level":"debug","message":"Base url not specified, skipping its injection.","meta":{"rootId":"pdtcqdcn6ng09ej","id":"pdtcqdcn6ng09ej"},"id":"0x0rewlpejq1zv4","previousOperationId":"g6xwo8vgow0yrri"}
{"type":"operationStart","subtype":"engine","name":"handlebars","timestamp":1684667649100,"id":"extzzcqe0rypgt0","previousEventId":"dnjtx2520ipul5p","operationId":"h0a27f5kyp98r9t","previousOperationId":"g6xwo8vgow0yrri"}
{"type":"log","timestamp":1684667649100,"level":"debug","message":"Rendering engine handlebars","meta":{"rootId":"pdtcqdcn6ng09ej","id":"pdtcqdcn6ng09ej"},"id":"edan6cb1z92coua","previousOperationId":"h0a27f5kyp98r9t"}
{"type":"operationEnd","operationId":"h0a27f5kyp98r9t","timestamp":1684667649130,"id":"9fmp0iblg0ajqkg","previousEventId":"extzzcqe0rypgt0","previousOperationId":"h0a27f5kyp98r9t"}
{"type":"operationStart","subtype":"recipe","name":"chrome-pdf","timestamp":1684667649131,"id":"as5bojxehi0hps9","previousEventId":"9fmp0iblg0ajqkg","operationId":"5an8qfxpscmaadg","previousOperationId":"h0a27f5kyp98r9t"}
{"type":"log","timestamp":1684667649131,"level":"debug","message":"Executing recipe chrome-pdf","meta":{"rootId":"pdtcqdcn6ng09ej","id":"pdtcqdcn6ng09ej"},"id":"loqhyt09t6r3kfg","previousOperationId":"5an8qfxpscmaadg"}
{"type":"log","timestamp":1684667649137,"level":"debug","message":"Starting child request to render pdf footer","meta":{"rootId":"pdtcqdcn6ng09ej","id":"pdtcqdcn6ng09ej"},"id":"h4u7jzcxstj39db","previousOperationId":"5an8qfxpscmaadg"}
{"type":"operationStart","subtype":"render","name":"anonymous","previousOperationId":"5an8qfxpscmaadg","timestamp":1684667649138,"id":"qlrbmuebdhki5e8","previousEventId":"as5bojxehi0hps9","operationId":"gw4gisaybuu0wan"}
{"type":"log","timestamp":1684667649138,"level":"info","message":"Starting rendering (child) request","meta":{"rootId":"pdtcqdcn6ng09ej","id":"zz0dlu1lj61gk1u"},"id":"i11h6ve1a272coc","previousOperationId":"gw4gisaybuu0wan"}
{"type":"log","timestamp":1684667649139,"level":"info","message":"Rendering anonymous template { recipe: html, engine: handlebars }","meta":{"rootId":"pdtcqdcn6ng09ej","id":"zz0dlu1lj61gk1u"},"id":"rpan67in6u3m534","previousOperationId":"gw4gisaybuu0wan"}
{"type":"log","timestamp":1684667649139,"level":"debug","message":"Inline data specified.","meta":{"rootId":"pdtcqdcn6ng09ej","id":"zz0dlu1lj61gk1u"},"id":"5a35xeq8a9wxxlh","previousOperationId":"gw4gisaybuu0wan"}
{"type":"log","timestamp":1684667649143,"level":"debug","message":"Base url not specified, skipping its injection.","meta":{"rootId":"pdtcqdcn6ng09ej","id":"zz0dlu1lj61gk1u"},"id":"bsabwkei50zpwdi","previousOperationId":"gw4gisaybuu0wan"}
{"type":"operationStart","subtype":"engine","name":"handlebars","timestamp":1684667649144,"id":"oejahxrd1mujrrt","previousEventId":"qlrbmuebdhki5e8","operationId":"kxpges4npb8v5ig","previousOperationId":"gw4gisaybuu0wan"}
{"type":"log","timestamp":1684667649144,"level":"debug","message":"Rendering engine handlebars","meta":{"rootId":"pdtcqdcn6ng09ej","id":"zz0dlu1lj61gk1u"},"id":"cein7cmxivgy5i5","previousOperationId":"kxpges4npb8v5ig"}
{"type":"operationEnd","operationId":"kxpges4npb8v5ig","timestamp":1684667649165,"id":"wrkrn6gtb0swenk","previousEventId":"oejahxrd1mujrrt","previousOperationId":"kxpges4npb8v5ig"}
{"type":"operationStart","subtype":"recipe","name":"html","timestamp":1684667649165,"id":"snt187dyx6e6py9","previousEventId":"wrkrn6gtb0swenk","operationId":"8oo40okod251wuv","previousOperationId":"kxpges4npb8v5ig"}
{"type":"log","timestamp":1684667649165,"level":"debug","message":"Executing recipe html","meta":{"rootId":"pdtcqdcn6ng09ej","id":"zz0dlu1lj61gk1u"},"id":"ukp0lc2005hlv60","previousOperationId":"8oo40okod251wuv"}
{"type":"operationEnd","operationId":"8oo40okod251wuv","timestamp":1684667649166,"id":"sn164ehjraeisf0","previousEventId":"snt187dyx6e6py9","previousOperationId":"8oo40okod251wuv"}
{"type":"log","timestamp":1684667649166,"level":"debug","message":"Skipping storing report.","meta":{"rootId":"pdtcqdcn6ng09ej","id":"zz0dlu1lj61gk1u"},"id":"iaro9ehblzaod08","previousOperationId":"8oo40okod251wuv"}
{"type":"log","timestamp":1684667649166,"level":"info","message":"Rendering (child) request finished in 98 ms","meta":{"rootId":"pdtcqdcn6ng09ej","id":"zz0dlu1lj61gk1u"},"id":"5etpq9c8k6z0hp6","previousOperationId":"8oo40okod251wuv"}
{"type":"operationEnd","subtype":"render","operationId":"gw4gisaybuu0wan","timestamp":1684667649166,"id":"afqrbt4krff9w0t","previousEventId":"sn164ehjraeisf0","previousOperationId":"8oo40okod251wuv"}
{"type":"log","timestamp":1684667649501,"level":"debug","message":"Converting with chrome HeadlessChrome/105.0.5173.0 using chrome-pool strategy","meta":{"rootId":"pdtcqdcn6ng09ej","id":"pdtcqdcn6ng09ej"},"id":"ljpywd5zoupjwc0","previousOperationId":"5an8qfxpscmaadg"}
{"type":"log","timestamp":1684667649760,"level":"debug","message":"Page request: GET (document) file:///C:/Users/Adebayo/AppData/Local/Temp/jsreport/autocleanup/c34d5ef9-1679-4d95-aa2b-f2855e6b3407-chrome-pdf.html","meta":{"rootId":"pdtcqdcn6ng09ej","id":"pdtcqdcn6ng09ej"},"id":"7r3ia98y78wvxhw","previousOperationId":"5an8qfxpscmaadg"}
{"type":"log","timestamp":1684667649779,"level":"debug","message":"Page request finished: GET (document) 200 file:///C:/Users/Adebayo/AppData/Local/Temp/jsreport/autocleanup/c34d5ef9-1679-4d95-aa2b-f2855e6b3407-chrome-pdf.html","meta":{"rootId":"pdtcqdcn6ng09ej","id":"pdtcqdcn6ng09ej"},"id":"yde68iscyzrou40","previousOperationId":"5an8qfxpscmaadg"}
{"type":"log","timestamp":1684667649780,"level":"debug","message":"Page request: GET (script) https://cdnjs.cloudflare.com/ajax/libs/Chart.js/2.1.6/Chart.min.js","meta":{"rootId":"pdtcqdcn6ng09ej","id":"pdtcqdcn6ng09ej"},"id":"zqh67msnujorar7","previousOperationId":"5an8qfxpscmaadg"}
{"type":"log","timestamp":1684667654518,"level":"debug","message":"Page request finished: GET (script) 200 https://cdnjs.cloudflare.com/ajax/libs/Chart.js/2.1.6/Chart.min.js","meta":{"rootId":"pdtcqdcn6ng09ej","id":"pdtcqdcn6ng09ej"},"id":"g9or77jjy7c8ue9","previousOperationId":"5an8qfxpscmaadg"}
{"type":"log","timestamp":1684667654538,"level":"warn","message":"Page error: SyntaxError: Unexpected token ','","meta":{"rootId":"pdtcqdcn6ng09ej","id":"pdtcqdcn6ng09ej"},"id":"mih7lfnuosy94r5","previousOperationId":"5an8qfxpscmaadg"}
{"type":"log","timestamp":1684667654547,"level":"debug","message":"Running chrome with params {\"printBackground\":true,\"marginTop\":\"2cm\",\"marginRight\":\"1cm\",\"marginBottom\":\"2cm\",\"marginLeft\":\"1cm\",\"landscape\":false,\"format\":\"A4\",\"displayHeaderFooter\":true,\"footerTemplate\":\"...\",\"timeout\":59901,\"margin\":{\"top\":\"2cm\",\"right\":\"1cm\",\"bottom\":\"2cm\",\"left\":\"1cm\"}}","meta":{"rootId":"pdtcqdcn6ng09ej","id":"pdtcqdcn6ng09ej"},"id":"h78fu6yc6ixuen3","previousOperationId":"5an8qfxpscmaadg"}
{"type":"operationEnd","operationId":"5an8qfxpscmaadg","timestamp":1684667654710,"id":"pwe18h2e01ykgly","previousEventId":"as5bojxehi0hps9","previousOperationId":"5an8qfxpscmaadg"}
{"type":"log","timestamp":1684667654710,"level":"debug","message":"Skipping storing report.","meta":{"rootId":"pdtcqdcn6ng09ej","id":"pdtcqdcn6ng09ej"},"id":"xxbx6ncuief8v58","previousOperationId":"5an8qfxpscmaadg"}
{"type":"log","timestamp":1684667654710,"level":"info","message":"Rendering request 148 finished in 5642 ms","meta":{"rootId":"pdtcqdcn6ng09ej","id":"pdtcqdcn6ng09ej"},"id":"5qb0v5wvvvqvwlx","previousOperationId":"5an8qfxpscmaadg"}
{"type":"operationEnd","subtype":"render","operationId":"g6xwo8vgow0yrri","timestamp":1684667654710,"id":"wz12wf20og1a5n3","previousEventId":"pwe18h2e01ykgly","previousOperationId":"5an8qfxpscmaadg"}
{"type":"operationEnd","doDiffs":false,"previousEventId":"dyy98cmnhosuhl3","previousOperationId":"n2c7itcnvd59ltp","operationId":"n2c7itcnvd59ltp","timestamp":1684667654717,"id":"3z8jmmokkfwgr72"}
