{"type":"operationStart","subtype":"profile","data":{"_id":"HqmN8gDGGZjAlvSj","timestamp":"2023-05-21T05:40:29.278Z","state":"queued","mode":"standard","creationDate":"2023-05-21T05:40:29.281Z","modificationDate":"2023-05-21T05:40:29.281Z","shortid":"amBLbZo","$entitySet":"profiles"},"doDiffs":false,"timestamp":1684647629279,"id":"s1nzwbb7b3ckojf","previousOperationId":null,"operationId":"pko30wqbi9yia3u"}
{"type":"log","level":"info","message":"Render request 42 queued for execution and waiting for available worker","previousOperationId":"pko30wqbi9yia3u","timestamp":1684647629281,"id":"ksa8jc7b2y91ngv"}
{"type":"operationStart","subtype":"render","name":"invoice-js","previousOperationId":"pko30wqbi9yia3u","timestamp":1684647629325,"id":"zzc6eexha19rpg8","previousEventId":"s1nzwbb7b3ckojf","operationId":"mvoojomuzmsufo4"}
{"type":"log","timestamp":1684647629325,"level":"info","message":"Starting rendering request 42","meta":{"rootId":"pecjw5jyyzjuavp","id":"pecjw5jyyzjuavp"},"id":"8sace9mjp0sm725","previousOperationId":"mvoojomuzmsufo4"}
{"type":"log","timestamp":1684647629325,"level":"info","message":"Rendering template { name: invoice-js, recipe: chrome-pdf, engine: handlebars, preview: true }","meta":{"rootId":"pecjw5jyyzjuavp","id":"pecjw5jyyzjuavp"},"id":"sfuaz9fxlijzre7","previousOperationId":"mvoojomuzmsufo4"}
{"type":"log","timestamp":1684647629327,"level":"debug","message":"Inline data specified.","meta":{"rootId":"pecjw5jyyzjuavp","id":"pecjw5jyyzjuavp"},"id":"1690iarkmbr1unr","previousOperationId":"mvoojomuzmsufo4"}
{"type":"log","timestamp":1684647629334,"level":"debug","message":"Base url not specified, skipping its injection.","meta":{"rootId":"pecjw5jyyzjuavp","id":"pecjw5jyyzjuavp"},"id":"8k8z0krjwsjeqf7","previousOperationId":"mvoojomuzmsufo4"}
{"type":"operationStart","subtype":"engine","name":"handlebars","timestamp":1684647629334,"id":"jlnv5b360dsuo1a","previousEventId":"zzc6eexha19rpg8","operationId":"rw71m93e02jabbc","previousOperationId":"mvoojomuzmsufo4"}
{"type":"log","timestamp":1684647629334,"level":"debug","message":"Rendering engine handlebars","meta":{"rootId":"pecjw5jyyzjuavp","id":"pecjw5jyyzjuavp"},"id":"lqk4ydpzo202t9w","previousOperationId":"rw71m93e02jabbc"}
{"type":"operationEnd","operationId":"rw71m93e02jabbc","timestamp":1684647629350,"id":"h8tvhhhwahfo88w","previousEventId":"jlnv5b360dsuo1a","previousOperationId":"rw71m93e02jabbc"}
{"type":"operationStart","subtype":"recipe","name":"chrome-pdf","timestamp":1684647629352,"id":"9rjuaht8vigzd7s","previousEventId":"h8tvhhhwahfo88w","operationId":"irtjs62j2qkogkm","previousOperationId":"rw71m93e02jabbc"}
{"type":"log","timestamp":1684647629352,"level":"debug","message":"Executing recipe chrome-pdf","meta":{"rootId":"pecjw5jyyzjuavp","id":"pecjw5jyyzjuavp"},"id":"2jytafxg2zbumbg","previousOperationId":"irtjs62j2qkogkm"}
{"type":"log","timestamp":1684647629356,"level":"debug","message":"Converting with chrome HeadlessChrome/105.0.5173.0 using chrome-pool strategy","meta":{"rootId":"pecjw5jyyzjuavp","id":"pecjw5jyyzjuavp"},"id":"i64v3gebmtfi3af","previousOperationId":"irtjs62j2qkogkm"}
{"type":"log","timestamp":1684647629457,"level":"debug","message":"Page request: GET (document) file:///C:/Users/Adebayo/AppData/Local/Temp/jsreport/autocleanup/2849e393-9ce8-4c58-b0ea-5f4142094b69-chrome-pdf.html","meta":{"rootId":"pecjw5jyyzjuavp","id":"pecjw5jyyzjuavp"},"id":"lybkdbvdaknlttp","previousOperationId":"irtjs62j2qkogkm"}
{"type":"log","timestamp":1684647629471,"level":"debug","message":"Page request: GET (script) https://cdn.jsdelivr.net/npm/chart.js","meta":{"rootId":"pecjw5jyyzjuavp","id":"pecjw5jyyzjuavp"},"id":"zbg0ennu8kmedpp","previousOperationId":"irtjs62j2qkogkm"}
{"type":"log","timestamp":1684647629472,"level":"debug","message":"Page request finished: GET (document) 200 file:///C:/Users/Adebayo/AppData/Local/Temp/jsreport/autocleanup/2849e393-9ce8-4c58-b0ea-5f4142094b69-chrome-pdf.html","meta":{"rootId":"pecjw5jyyzjuavp","id":"pecjw5jyyzjuavp"},"id":"inbepeb8ej8yhi0","previousOperationId":"irtjs62j2qkogkm"}
{"type":"log","timestamp":1684647629486,"level":"debug","message":"Page request finished: GET (script) 200 https://cdn.jsdelivr.net/npm/chart.js","meta":{"rootId":"pecjw5jyyzjuavp","id":"pecjw5jyyzjuavp"},"id":"6c0cyyjsfxz6t4y","previousOperationId":"irtjs62j2qkogkm"}
{"type":"log","timestamp":1684647629580,"level":"debug","message":"Running chrome with params {\"printBackground\":true,\"marginTop\":\"2cm\",\"marginRight\":\"1cm\",\"marginBottom\":\"2cm\",\"marginLeft\":\"1cm\",\"landscape\":false,\"format\":\"A4\",\"displayHeaderFooter\":true,\"timeout\":59924,\"margin\":{\"top\":\"2cm\",\"right\":\"1cm\",\"bottom\":\"2cm\",\"left\":\"1cm\"}}","meta":{"rootId":"pecjw5jyyzjuavp","id":"pecjw5jyyzjuavp"},"id":"f67j39w1kwb4cvn","previousOperationId":"irtjs62j2qkogkm"}
{"type":"operationEnd","operationId":"irtjs62j2qkogkm","timestamp":1684647629650,"id":"b37ldvz98tja7s8","previousEventId":"9rjuaht8vigzd7s","previousOperationId":"irtjs62j2qkogkm"}
{"type":"log","timestamp":1684647629650,"level":"debug","message":"Skipping storing report.","meta":{"rootId":"pecjw5jyyzjuavp","id":"pecjw5jyyzjuavp"},"id":"x4lkxlej0vh47xe","previousOperationId":"irtjs62j2qkogkm"}
{"type":"log","timestamp":1684647629650,"level":"info","message":"Rendering request 42 finished in 372 ms","meta":{"rootId":"pecjw5jyyzjuavp","id":"pecjw5jyyzjuavp"},"id":"6uh2wyum2559q8a","previousOperationId":"irtjs62j2qkogkm"}
{"type":"operationEnd","subtype":"render","operationId":"mvoojomuzmsufo4","timestamp":1684647629650,"id":"xnnjpsj2d1uf3a2","previousEventId":"b37ldvz98tja7s8","previousOperationId":"irtjs62j2qkogkm"}
{"type":"operationEnd","doDiffs":false,"previousEventId":"s1nzwbb7b3ckojf","previousOperationId":"pko30wqbi9yia3u","operationId":"pko30wqbi9yia3u","timestamp":1684647629655,"id":"f2fjkk2z78ozaho"}
