{"type":"operationStart","subtype":"profile","data":{"_id":"jjiX6hF3sYf4kp9W","timestamp":"2023-05-21T06:12:23.653Z","state":"queued","mode":"standard","creationDate":"2023-05-21T06:12:23.656Z","modificationDate":"2023-05-21T06:12:23.656Z","shortid":"irTtcHi","$entitySet":"profiles"},"doDiffs":false,"timestamp":1684649543654,"id":"8vwwyb8q6oel6f0","previousOperationId":null,"operationId":"gka98ev7bmumgbg"}
{"type":"log","level":"info","message":"Render request 63 queued for execution and waiting for available worker","previousOperationId":"gka98ev7bmumgbg","timestamp":1684649543655,"id":"cdluxiscxcvq8g0"}
{"type":"operationStart","subtype":"render","name":"invoice-js","previousOperationId":"gka98ev7bmumgbg","timestamp":1684649543672,"id":"mkh6ul7s3y3w2pr","previousEventId":"8vwwyb8q6oel6f0","operationId":"on10hown232rtew"}
{"type":"log","timestamp":1684649543672,"level":"info","message":"Starting rendering request 63","meta":{"rootId":"pf0q2ess2phg7o9","id":"pf0q2ess2phg7o9"},"id":"2ox2r3mtcsf8464","previousOperationId":"on10hown232rtew"}
{"type":"log","timestamp":1684649543672,"level":"info","message":"Rendering template { name: invoice-js, recipe: chrome-pdf, engine: handlebars, preview: true }","meta":{"rootId":"pf0q2ess2phg7o9","id":"pf0q2ess2phg7o9"},"id":"uj6ohqmf20b3l53","previousOperationId":"on10hown232rtew"}
{"type":"log","timestamp":1684649543676,"level":"debug","message":"Adding sample data YnJQL_aQg","meta":{"rootId":"pf0q2ess2phg7o9","id":"pf0q2ess2phg7o9"},"id":"zziiq5c7rm7eq3m","previousOperationId":"on10hown232rtew"}
{"type":"log","timestamp":1684649543684,"level":"debug","message":"Base url not specified, skipping its injection.","meta":{"rootId":"pf0q2ess2phg7o9","id":"pf0q2ess2phg7o9"},"id":"d1v2qwpdebakpdh","previousOperationId":"on10hown232rtew"}
{"type":"operationStart","subtype":"engine","name":"handlebars","timestamp":1684649543685,"id":"x54zec93n94tw1c","previousEventId":"mkh6ul7s3y3w2pr","operationId":"pbp333fucsq8hzv","previousOperationId":"on10hown232rtew"}
{"type":"log","timestamp":1684649543685,"level":"debug","message":"Rendering engine handlebars","meta":{"rootId":"pf0q2ess2phg7o9","id":"pf0q2ess2phg7o9"},"id":"yfamomid1hxwrue","previousOperationId":"pbp333fucsq8hzv"}
{"type":"operationEnd","operationId":"pbp333fucsq8hzv","timestamp":1684649543716,"id":"jwpes8ov95hcyq3","previousEventId":"x54zec93n94tw1c","previousOperationId":"pbp333fucsq8hzv"}
{"type":"operationStart","subtype":"recipe","name":"chrome-pdf","timestamp":1684649543717,"id":"yoa9uc1yrmud3fi","previousEventId":"jwpes8ov95hcyq3","operationId":"lxu7k6il48r7uu2","previousOperationId":"pbp333fucsq8hzv"}
{"type":"log","timestamp":1684649543717,"level":"debug","message":"Executing recipe chrome-pdf","meta":{"rootId":"pf0q2ess2phg7o9","id":"pf0q2ess2phg7o9"},"id":"i0yq14d5dif61us","previousOperationId":"lxu7k6il48r7uu2"}
{"type":"log","timestamp":1684649543733,"level":"debug","message":"Starting child request to render pdf footer","meta":{"rootId":"pf0q2ess2phg7o9","id":"pf0q2ess2phg7o9"},"id":"a8qqaoblqabylod","previousOperationId":"lxu7k6il48r7uu2"}
{"type":"operationStart","subtype":"render","name":"anonymous","previousOperationId":"lxu7k6il48r7uu2","timestamp":1684649543733,"id":"103rwj846najqv5","previousEventId":"yoa9uc1yrmud3fi","operationId":"3pa43540oj9wr3a"}
{"type":"log","timestamp":1684649543733,"level":"info","message":"Starting rendering (child) request","meta":{"rootId":"pf0q2ess2phg7o9","id":"34o8n2ik3hk9y6e"},"id":"n35788utn4cvx24","previousOperationId":"3pa43540oj9wr3a"}
{"type":"log","timestamp":1684649543733,"level":"info","message":"Rendering anonymous template { recipe: html, engine: handlebars }","meta":{"rootId":"pf0q2ess2phg7o9","id":"34o8n2ik3hk9y6e"},"id":"03drjj9hk71db4t","previousOperationId":"3pa43540oj9wr3a"}
{"type":"log","timestamp":1684649543734,"level":"debug","message":"Inline data specified.","meta":{"rootId":"pf0q2ess2phg7o9","id":"34o8n2ik3hk9y6e"},"id":"o2g4xqt5zphucr0","previousOperationId":"3pa43540oj9wr3a"}
{"type":"log","timestamp":1684649543736,"level":"debug","message":"Base url not specified, skipping its injection.","meta":{"rootId":"pf0q2ess2phg7o9","id":"34o8n2ik3hk9y6e"},"id":"ejnub0uocev6xcq","previousOperationId":"3pa43540oj9wr3a"}
{"type":"operationStart","subtype":"engine","name":"handlebars","timestamp":1684649543737,"id":"th2nite2mra7mkj","previousEventId":"103rwj846najqv5","operationId":"wwkh0xw3vhvy1zb","previousOperationId":"3pa43540oj9wr3a"}
{"type":"log","timestamp":1684649543737,"level":"debug","message":"Rendering engine handlebars","meta":{"rootId":"pf0q2ess2phg7o9","id":"34o8n2ik3hk9y6e"},"id":"6fqtzsyifri5stm","previousOperationId":"wwkh0xw3vhvy1zb"}
{"type":"operationEnd","operationId":"wwkh0xw3vhvy1zb","timestamp":1684649543753,"id":"61u9fyxylf67yr4","previousEventId":"th2nite2mra7mkj","previousOperationId":"wwkh0xw3vhvy1zb"}
{"type":"operationStart","subtype":"recipe","name":"html","timestamp":1684649543753,"id":"hmoc119uidukowk","previousEventId":"61u9fyxylf67yr4","operationId":"zho8o9cyfyvkvfi","previousOperationId":"wwkh0xw3vhvy1zb"}
{"type":"log","timestamp":1684649543753,"level":"debug","message":"Executing recipe html","meta":{"rootId":"pf0q2ess2phg7o9","id":"34o8n2ik3hk9y6e"},"id":"wtf5jielwj5umub","previousOperationId":"zho8o9cyfyvkvfi"}
{"type":"operationEnd","operationId":"zho8o9cyfyvkvfi","timestamp":1684649543753,"id":"qiph8gq49br0bx3","previousEventId":"hmoc119uidukowk","previousOperationId":"zho8o9cyfyvkvfi"}
{"type":"log","timestamp":1684649543753,"level":"debug","message":"Skipping storing report.","meta":{"rootId":"pf0q2ess2phg7o9","id":"34o8n2ik3hk9y6e"},"id":"akvgpfsbfiuyb9t","previousOperationId":"zho8o9cyfyvkvfi"}
{"type":"log","timestamp":1684649543753,"level":"info","message":"Rendering (child) request finished in 100 ms","meta":{"rootId":"pf0q2ess2phg7o9","id":"34o8n2ik3hk9y6e"},"id":"5izsuswd6z5z5dy","previousOperationId":"zho8o9cyfyvkvfi"}
{"type":"operationEnd","subtype":"render","operationId":"3pa43540oj9wr3a","timestamp":1684649543753,"id":"dscn7empl610n3x","previousEventId":"qiph8gq49br0bx3","previousOperationId":"zho8o9cyfyvkvfi"}
{"type":"log","timestamp":1684649543757,"level":"debug","message":"Converting with chrome HeadlessChrome/105.0.5173.0 using chrome-pool strategy","meta":{"rootId":"pf0q2ess2phg7o9","id":"pf0q2ess2phg7o9"},"id":"jtqgyenwfz29ubd","previousOperationId":"lxu7k6il48r7uu2"}
{"type":"log","timestamp":1684649543890,"level":"debug","message":"Page request: GET (document) file:///C:/Users/Adebayo/AppData/Local/Temp/jsreport/autocleanup/79c3cc0d-5bb4-40b4-a845-8aa008fb0bcc-chrome-pdf.html","meta":{"rootId":"pf0q2ess2phg7o9","id":"pf0q2ess2phg7o9"},"id":"n4c7zygpofr1wq9","previousOperationId":"lxu7k6il48r7uu2"}
{"type":"log","timestamp":1684649543920,"level":"debug","message":"Page request finished: GET (document) 200 file:///C:/Users/Adebayo/AppData/Local/Temp/jsreport/autocleanup/79c3cc0d-5bb4-40b4-a845-8aa008fb0bcc-chrome-pdf.html","meta":{"rootId":"pf0q2ess2phg7o9","id":"pf0q2ess2phg7o9"},"id":"1tgc60fbplwfs80","previousOperationId":"lxu7k6il48r7uu2"}
{"type":"log","timestamp":1684649543921,"level":"debug","message":"Page request: GET (script) https://cdn.jsdelivr.net/npm/chart.js","meta":{"rootId":"pf0q2ess2phg7o9","id":"pf0q2ess2phg7o9"},"id":"yc2zb3ryd2kzu8j","previousOperationId":"lxu7k6il48r7uu2"}
{"type":"log","timestamp":1684649543929,"level":"debug","message":"Page request finished: GET (script) 200 https://cdn.jsdelivr.net/npm/chart.js","meta":{"rootId":"pf0q2ess2phg7o9","id":"pf0q2ess2phg7o9"},"id":"7ufk71rbo74cs7w","previousOperationId":"lxu7k6il48r7uu2"}
{"type":"log","timestamp":1684649543935,"level":"warn","message":"Page error: SyntaxError: Unexpected token ','","meta":{"rootId":"pf0q2ess2phg7o9","id":"pf0q2ess2phg7o9"},"id":"8ibnwyqeyaqkl29","previousOperationId":"lxu7k6il48r7uu2"}
{"type":"log","timestamp":1684649543939,"level":"debug","message":"Running chrome with params {\"printBackground\":true,\"marginTop\":\"2cm\",\"marginRight\":\"1cm\",\"marginBottom\":\"2cm\",\"marginLeft\":\"1cm\",\"footerTemplate\":\"...\",\"landscape\":false,\"format\":\"A4\",\"displayHeaderFooter\":true,\"timeout\":59900,\"margin\":{\"top\":\"2cm\",\"right\":\"1cm\",\"bottom\":\"2cm\",\"left\":\"1cm\"}}","meta":{"rootId":"pf0q2ess2phg7o9","id":"pf0q2ess2phg7o9"},"id":"6ruik4sqdrc0klx","previousOperationId":"lxu7k6il48r7uu2"}
{"type":"operationEnd","operationId":"lxu7k6il48r7uu2","timestamp":1684649544026,"id":"ld013pdlw7ykttp","previousEventId":"yoa9uc1yrmud3fi","previousOperationId":"lxu7k6il48r7uu2"}
{"type":"log","timestamp":1684649544027,"level":"debug","message":"Skipping storing report.","meta":{"rootId":"pf0q2ess2phg7o9","id":"pf0q2ess2phg7o9"},"id":"4t4oofq9whg6ume","previousOperationId":"lxu7k6il48r7uu2"}
{"type":"log","timestamp":1684649544027,"level":"info","message":"Rendering request 63 finished in 374 ms","meta":{"rootId":"pf0q2ess2phg7o9","id":"pf0q2ess2phg7o9"},"id":"a9ix1poc6uhky6t","previousOperationId":"lxu7k6il48r7uu2"}
{"type":"operationEnd","subtype":"render","operationId":"on10hown232rtew","timestamp":1684649544027,"id":"v4oyq8n10kb94cf","previousEventId":"ld013pdlw7ykttp","previousOperationId":"lxu7k6il48r7uu2"}
{"type":"operationEnd","doDiffs":false,"previousEventId":"8vwwyb8q6oel6f0","previousOperationId":"gka98ev7bmumgbg","operationId":"gka98ev7bmumgbg","timestamp":1684649544036,"id":"cs4qmdhohg3pu3w"}
