{"type":"operationStart","subtype":"profile","data":{"_id":"U3LWl1tW85yER8qF","timestamp":"2023-05-21T07:14:04.604Z","state":"queued","mode":"standard","creationDate":"2023-05-21T07:14:04.610Z","modificationDate":"2023-05-21T07:14:04.610Z","shortid":"jddgFwL","$entitySet":"profiles"},"doDiffs":false,"timestamp":1684653244606,"id":"ffkxds7ih0jtaki","previousOperationId":null,"operationId":"2h4a97z941hzsvq"}
{"type":"log","level":"info","message":"Render request 107 queued for execution and waiting for available worker","previousOperationId":"2h4a97z941hzsvq","timestamp":1684653244606,"id":"66r2i8jyqa06xa9"}
{"type":"operationStart","subtype":"render","name":"invoice-js","previousOperationId":"2h4a97z941hzsvq","timestamp":1684653244624,"id":"4ltrgrpweejqtt8","previousEventId":"ffkxds7ih0jtaki","operationId":"z7gkbh7qxox8neu"}
{"type":"log","timestamp":1684653244624,"level":"info","message":"Starting rendering request 107","meta":{"rootId":"pvjkvtunjid5x7p","id":"pvjkvtunjid5x7p"},"id":"3txwmck1827imu6","previousOperationId":"z7gkbh7qxox8neu"}
{"type":"log","timestamp":1684653244625,"level":"info","message":"Rendering template { name: invoice-js, recipe: chrome-pdf, engine: handlebars, preview: false }","meta":{"rootId":"pvjkvtunjid5x7p","id":"pvjkvtunjid5x7p"},"id":"1jkllb6en9sdkbp","previousOperationId":"z7gkbh7qxox8neu"}
{"type":"log","timestamp":1684653244627,"level":"debug","message":"Inline data specified.","meta":{"rootId":"pvjkvtunjid5x7p","id":"pvjkvtunjid5x7p"},"id":"kfs0jvwame4d5hh","previousOperationId":"z7gkbh7qxox8neu"}
{"type":"log","timestamp":1684653244643,"level":"debug","message":"Base url not specified, skipping its injection.","meta":{"rootId":"pvjkvtunjid5x7p","id":"pvjkvtunjid5x7p"},"id":"o4fm4sckac4orzl","previousOperationId":"z7gkbh7qxox8neu"}
{"type":"operationStart","subtype":"engine","name":"handlebars","timestamp":1684653244643,"id":"ftcwtjpppd8rfks","previousEventId":"4ltrgrpweejqtt8","operationId":"ngxv3rpkfafq6mn","previousOperationId":"z7gkbh7qxox8neu"}
{"type":"log","timestamp":1684653244643,"level":"debug","message":"Rendering engine handlebars","meta":{"rootId":"pvjkvtunjid5x7p","id":"pvjkvtunjid5x7p"},"id":"b0d6nrtdbpfd1m0","previousOperationId":"ngxv3rpkfafq6mn"}
{"type":"operationEnd","operationId":"ngxv3rpkfafq6mn","timestamp":1684653244670,"id":"wmtnhyiyea3q1w9","previousEventId":"ftcwtjpppd8rfks","previousOperationId":"ngxv3rpkfafq6mn"}
{"type":"operationStart","subtype":"recipe","name":"chrome-pdf","timestamp":1684653244671,"id":"i5400oum6e2qrq8","previousEventId":"wmtnhyiyea3q1w9","operationId":"xhoz4lookaobho7","previousOperationId":"ngxv3rpkfafq6mn"}
{"type":"log","timestamp":1684653244671,"level":"debug","message":"Executing recipe chrome-pdf","meta":{"rootId":"pvjkvtunjid5x7p","id":"pvjkvtunjid5x7p"},"id":"ewrzjqsgjhzdfui","previousOperationId":"xhoz4lookaobho7"}
{"type":"log","timestamp":1684653244673,"level":"debug","message":"Starting child request to render pdf footer","meta":{"rootId":"pvjkvtunjid5x7p","id":"pvjkvtunjid5x7p"},"id":"a1fng8mcejmb21a","previousOperationId":"xhoz4lookaobho7"}
{"type":"operationStart","subtype":"render","name":"anonymous","previousOperationId":"xhoz4lookaobho7","timestamp":1684653244673,"id":"nmc4w1j83a8afzn","previousEventId":"i5400oum6e2qrq8","operationId":"4hhqd5ofez62vqu"}
{"type":"log","timestamp":1684653244673,"level":"info","message":"Starting rendering (child) request","meta":{"rootId":"pvjkvtunjid5x7p","id":"pgu68gibr5mdx1b"},"id":"mzqt6j66181hgd2","previousOperationId":"4hhqd5ofez62vqu"}
{"type":"log","timestamp":1684653244673,"level":"info","message":"Rendering anonymous template { recipe: html, engine: handlebars }","meta":{"rootId":"pvjkvtunjid5x7p","id":"pgu68gibr5mdx1b"},"id":"0l3g3wsueb75obc","previousOperationId":"4hhqd5ofez62vqu"}
{"type":"log","timestamp":1684653244673,"level":"debug","message":"Inline data specified.","meta":{"rootId":"pvjkvtunjid5x7p","id":"pgu68gibr5mdx1b"},"id":"tq2xbhbxsvzoybx","previousOperationId":"4hhqd5ofez62vqu"}
{"type":"log","timestamp":1684653244675,"level":"debug","message":"Base url not specified, skipping its injection.","meta":{"rootId":"pvjkvtunjid5x7p","id":"pgu68gibr5mdx1b"},"id":"8aqc2wurqskf668","previousOperationId":"4hhqd5ofez62vqu"}
{"type":"operationStart","subtype":"engine","name":"handlebars","timestamp":1684653244675,"id":"wv020cv5zap9k7h","previousEventId":"nmc4w1j83a8afzn","operationId":"o5gf4948zayoeqg","previousOperationId":"4hhqd5ofez62vqu"}
{"type":"log","timestamp":1684653244676,"level":"debug","message":"Rendering engine handlebars","meta":{"rootId":"pvjkvtunjid5x7p","id":"pgu68gibr5mdx1b"},"id":"slg1evwtt9o8i9a","previousOperationId":"o5gf4948zayoeqg"}
{"type":"operationEnd","operationId":"o5gf4948zayoeqg","timestamp":1684653244704,"id":"oqhilioxolusjzi","previousEventId":"wv020cv5zap9k7h","previousOperationId":"o5gf4948zayoeqg"}
{"type":"operationStart","subtype":"recipe","name":"html","timestamp":1684653244704,"id":"9c8iuf279u3cdt0","previousEventId":"oqhilioxolusjzi","operationId":"1qum2zf7s9l9ttf","previousOperationId":"o5gf4948zayoeqg"}
{"type":"log","timestamp":1684653244704,"level":"debug","message":"Executing recipe html","meta":{"rootId":"pvjkvtunjid5x7p","id":"pgu68gibr5mdx1b"},"id":"vvs2h8nca4so0de","previousOperationId":"1qum2zf7s9l9ttf"}
{"type":"operationEnd","operationId":"1qum2zf7s9l9ttf","timestamp":1684653244705,"id":"ivgz9u9r6yioa7j","previousEventId":"9c8iuf279u3cdt0","previousOperationId":"1qum2zf7s9l9ttf"}
{"type":"log","timestamp":1684653244705,"level":"debug","message":"Skipping storing report.","meta":{"rootId":"pvjkvtunjid5x7p","id":"pgu68gibr5mdx1b"},"id":"a0j7w2evhl29iqh","previousOperationId":"1qum2zf7s9l9ttf"}
{"type":"log","timestamp":1684653244705,"level":"info","message":"Rendering (child) request finished in 102 ms","meta":{"rootId":"pvjkvtunjid5x7p","id":"pgu68gibr5mdx1b"},"id":"csb76y77ok1z56g","previousOperationId":"1qum2zf7s9l9ttf"}
{"type":"operationEnd","subtype":"render","operationId":"4hhqd5ofez62vqu","timestamp":1684653244705,"id":"4sftgwg1rrlp5v2","previousEventId":"ivgz9u9r6yioa7j","previousOperationId":"1qum2zf7s9l9ttf"}
{"type":"log","timestamp":1684653244707,"level":"debug","message":"Converting with chrome HeadlessChrome/105.0.5173.0 using chrome-pool strategy","meta":{"rootId":"pvjkvtunjid5x7p","id":"pvjkvtunjid5x7p"},"id":"ubk2z4jo0ejm753","previousOperationId":"xhoz4lookaobho7"}
{"type":"log","timestamp":1684653244857,"level":"debug","message":"Page request: GET (document) file:///C:/Users/Adebayo/AppData/Local/Temp/jsreport/autocleanup/1f0f9597-7e6b-4e18-9b3f-5a9e431d2d5b-chrome-pdf.html","meta":{"rootId":"pvjkvtunjid5x7p","id":"pvjkvtunjid5x7p"},"id":"36fjbalzwob31rr","previousOperationId":"xhoz4lookaobho7"}
{"type":"log","timestamp":1684653244877,"level":"debug","message":"Page request finished: GET (document) 200 file:///C:/Users/Adebayo/AppData/Local/Temp/jsreport/autocleanup/1f0f9597-7e6b-4e18-9b3f-5a9e431d2d5b-chrome-pdf.html","meta":{"rootId":"pvjkvtunjid5x7p","id":"pvjkvtunjid5x7p"},"id":"81lycedmhw2tysb","previousOperationId":"xhoz4lookaobho7"}
{"type":"log","timestamp":1684653244877,"level":"debug","message":"Page request: GET (script) https://cdnjs.cloudflare.com/ajax/libs/Chart.js/2.1.6/Chart.min.js","meta":{"rootId":"pvjkvtunjid5x7p","id":"pvjkvtunjid5x7p"},"id":"2jsubvuh49iwt5n","previousOperationId":"xhoz4lookaobho7"}
{"type":"log","timestamp":1684653244888,"level":"debug","message":"Page request finished: GET (script) 200 https://cdnjs.cloudflare.com/ajax/libs/Chart.js/2.1.6/Chart.min.js","meta":{"rootId":"pvjkvtunjid5x7p","id":"pvjkvtunjid5x7p"},"id":"2sdang3qc5c9lc3","previousOperationId":"xhoz4lookaobho7"}
{"type":"log","timestamp":1684653244896,"level":"warn","message":"Page error: SyntaxError: Unexpected token ','","meta":{"rootId":"pvjkvtunjid5x7p","id":"pvjkvtunjid5x7p"},"id":"u9ui3m9e05y06ig","previousOperationId":"xhoz4lookaobho7"}
{"type":"log","timestamp":1684653244911,"level":"debug","message":"Running chrome with params {\"printBackground\":true,\"marginTop\":\"2cm\",\"marginRight\":\"1cm\",\"marginBottom\":\"2cm\",\"marginLeft\":\"1cm\",\"landscape\":false,\"format\":\"A4\",\"displayHeaderFooter\":true,\"footerTemplate\":\"...\",\"timeout\":59898,\"margin\":{\"top\":\"2cm\",\"right\":\"1cm\",\"bottom\":\"2cm\",\"left\":\"1cm\"}}","meta":{"rootId":"pvjkvtunjid5x7p","id":"pvjkvtunjid5x7p"},"id":"b3js0mm6nqllexc","previousOperationId":"xhoz4lookaobho7"}
{"type":"operationEnd","operationId":"xhoz4lookaobho7","timestamp":1684653245009,"id":"yo4wyfbtep7iv2c","previousEventId":"i5400oum6e2qrq8","previousOperationId":"xhoz4lookaobho7"}
{"type":"log","timestamp":1684653245010,"level":"debug","message":"Skipping storing report.","meta":{"rootId":"pvjkvtunjid5x7p","id":"pvjkvtunjid5x7p"},"id":"yy21nkipi6q0qj4","previousOperationId":"xhoz4lookaobho7"}
{"type":"log","timestamp":1684653245010,"level":"info","message":"Rendering request 107 finished in 407 ms","meta":{"rootId":"pvjkvtunjid5x7p","id":"pvjkvtunjid5x7p"},"id":"x7th5e65zafgdub","previousOperationId":"xhoz4lookaobho7"}
{"type":"operationEnd","subtype":"render","operationId":"z7gkbh7qxox8neu","timestamp":1684653245010,"id":"ffh5mye6eqbdw1t","previousEventId":"yo4wyfbtep7iv2c","previousOperationId":"xhoz4lookaobho7"}
{"type":"operationEnd","doDiffs":false,"previousEventId":"ffkxds7ih0jtaki","previousOperationId":"2h4a97z941hzsvq","operationId":"2h4a97z941hzsvq","timestamp":1684653245014,"id":"12u7sa5a82j33bz"}
