{"type":"operationStart","subtype":"profile","data":{"_id":"fgpGwJENQo6Thwi4","timestamp":"2023-05-21T11:23:07.582Z","state":"queued","mode":"standard","creationDate":"2023-05-21T11:23:07.585Z","modificationDate":"2023-05-21T11:23:07.585Z","shortid":"YEmwJd1","$entitySet":"profiles"},"doDiffs":false,"timestamp":1684668187584,"id":"ddkcz45iuawpg9f","previousOperationId":null,"operationId":"iesx3x1xpdrytmt"}
{"type":"log","level":"info","message":"Render request 164 queued for execution and waiting for available worker","previousOperationId":"iesx3x1xpdrytmt","timestamp":1684668187584,"id":"u0kplbw5kfjna37"}
{"type":"operationStart","subtype":"render","name":"invoice-js","previousOperationId":"iesx3x1xpdrytmt","timestamp":1684668187596,"id":"63dv9t91iihpmhl","previousEventId":"ddkcz45iuawpg9f","operationId":"z9fiohdkioln0aq"}
{"type":"log","timestamp":1684668187596,"level":"info","message":"Starting rendering request 164","meta":{"rootId":"q0u0csfsrnulev3","id":"q0u0csfsrnulev3"},"id":"0m7ufus12ptpbln","previousOperationId":"z9fiohdkioln0aq"}
{"type":"log","timestamp":1684668187596,"level":"info","message":"Rendering template { name: invoice-js, recipe: chrome-pdf, engine: handlebars, preview: false }","meta":{"rootId":"q0u0csfsrnulev3","id":"q0u0csfsrnulev3"},"id":"pq8k0kyhpydngbt","previousOperationId":"z9fiohdkioln0aq"}
{"type":"log","timestamp":1684668187598,"level":"debug","message":"Inline data specified.","meta":{"rootId":"q0u0csfsrnulev3","id":"q0u0csfsrnulev3"},"id":"ugrbbos7pjdk5x2","previousOperationId":"z9fiohdkioln0aq"}
{"type":"log","timestamp":1684668187604,"level":"debug","message":"Base url not specified, skipping its injection.","meta":{"rootId":"q0u0csfsrnulev3","id":"q0u0csfsrnulev3"},"id":"24j7ebstrt6dlml","previousOperationId":"z9fiohdkioln0aq"}
{"type":"operationStart","subtype":"engine","name":"handlebars","timestamp":1684668187604,"id":"79yghod7xbvr6rg","previousEventId":"63dv9t91iihpmhl","operationId":"uohx9bjxp1kddpi","previousOperationId":"z9fiohdkioln0aq"}
{"type":"log","timestamp":1684668187604,"level":"debug","message":"Rendering engine handlebars","meta":{"rootId":"q0u0csfsrnulev3","id":"q0u0csfsrnulev3"},"id":"a0znz5o25qeucoy","previousOperationId":"uohx9bjxp1kddpi"}
{"type":"operationEnd","operationId":"uohx9bjxp1kddpi","timestamp":1684668187626,"id":"ruum36a34sfdl83","previousEventId":"79yghod7xbvr6rg","previousOperationId":"uohx9bjxp1kddpi"}
{"type":"operationStart","subtype":"recipe","name":"chrome-pdf","timestamp":1684668187627,"id":"1y2shj1vk7qciwq","previousEventId":"ruum36a34sfdl83","operationId":"hk1f2gusypkuc0g","previousOperationId":"uohx9bjxp1kddpi"}
{"type":"log","timestamp":1684668187627,"level":"debug","message":"Executing recipe chrome-pdf","meta":{"rootId":"q0u0csfsrnulev3","id":"q0u0csfsrnulev3"},"id":"edpdxc23xmbt96j","previousOperationId":"hk1f2gusypkuc0g"}
{"type":"log","timestamp":1684668187630,"level":"debug","message":"Starting child request to render pdf footer","meta":{"rootId":"q0u0csfsrnulev3","id":"q0u0csfsrnulev3"},"id":"r74cpbaltnazmqd","previousOperationId":"hk1f2gusypkuc0g"}
{"type":"operationStart","subtype":"render","name":"anonymous","previousOperationId":"hk1f2gusypkuc0g","timestamp":1684668187630,"id":"e4pqtukp1c52uv8","previousEventId":"1y2shj1vk7qciwq","operationId":"wr0s87vrlqopayx"}
{"type":"log","timestamp":1684668187630,"level":"info","message":"Starting rendering (child) request","meta":{"rootId":"q0u0csfsrnulev3","id":"nrrrssev75b9g39"},"id":"pxdvjnvfx09yutr","previousOperationId":"wr0s87vrlqopayx"}
{"type":"log","timestamp":1684668187630,"level":"info","message":"Rendering anonymous template { recipe: html, engine: handlebars }","meta":{"rootId":"q0u0csfsrnulev3","id":"nrrrssev75b9g39"},"id":"fkpq5ve1590nses","previousOperationId":"wr0s87vrlqopayx"}
{"type":"log","timestamp":1684668187630,"level":"debug","message":"Inline data specified.","meta":{"rootId":"q0u0csfsrnulev3","id":"nrrrssev75b9g39"},"id":"ms4nillu4ekdf9e","previousOperationId":"wr0s87vrlqopayx"}
{"type":"log","timestamp":1684668187632,"level":"debug","message":"Base url not specified, skipping its injection.","meta":{"rootId":"q0u0csfsrnulev3","id":"nrrrssev75b9g39"},"id":"ykvmkuc4kaodvvh","previousOperationId":"wr0s87vrlqopayx"}
{"type":"operationStart","subtype":"engine","name":"handlebars","timestamp":1684668187632,"id":"yb8i2i3eipqega5","previousEventId":"e4pqtukp1c52uv8","operationId":"0tylkqvzi0xz5hi","previousOperationId":"wr0s87vrlqopayx"}
{"type":"log","timestamp":1684668187632,"level":"debug","message":"Rendering engine handlebars","meta":{"rootId":"q0u0csfsrnulev3","id":"nrrrssev75b9g39"},"id":"03s9egk77c6u3kh","previousOperationId":"0tylkqvzi0xz5hi"}
{"type":"operationEnd","operationId":"0tylkqvzi0xz5hi","timestamp":1684668187650,"id":"bpgno38wkeq7rqh","previousEventId":"yb8i2i3eipqega5","previousOperationId":"0tylkqvzi0xz5hi"}
{"type":"operationStart","subtype":"recipe","name":"html","timestamp":1684668187650,"id":"l1uceirl2i02a2y","previousEventId":"bpgno38wkeq7rqh","operationId":"l2l50uz0l0tl016","previousOperationId":"0tylkqvzi0xz5hi"}
{"type":"log","timestamp":1684668187650,"level":"debug","message":"Executing recipe html","meta":{"rootId":"q0u0csfsrnulev3","id":"nrrrssev75b9g39"},"id":"zznke8eubiieeze","previousOperationId":"l2l50uz0l0tl016"}
{"type":"operationEnd","operationId":"l2l50uz0l0tl016","timestamp":1684668187650,"id":"f66c3np5a3sd8jc","previousEventId":"l1uceirl2i02a2y","previousOperationId":"l2l50uz0l0tl016"}
{"type":"log","timestamp":1684668187651,"level":"debug","message":"Skipping storing report.","meta":{"rootId":"q0u0csfsrnulev3","id":"nrrrssev75b9g39"},"id":"mgcmqfmx0v67j2n","previousOperationId":"l2l50uz0l0tl016"}
{"type":"log","timestamp":1684668187651,"level":"info","message":"Rendering (child) request finished in 70 ms","meta":{"rootId":"q0u0csfsrnulev3","id":"nrrrssev75b9g39"},"id":"adz4r5met75hlc1","previousOperationId":"l2l50uz0l0tl016"}
{"type":"operationEnd","subtype":"render","operationId":"wr0s87vrlqopayx","timestamp":1684668187651,"id":"gttiqpacbwj5vrk","previousEventId":"f66c3np5a3sd8jc","previousOperationId":"l2l50uz0l0tl016"}
{"type":"log","timestamp":1684668187652,"level":"debug","message":"Converting with chrome HeadlessChrome/105.0.5173.0 using chrome-pool strategy","meta":{"rootId":"q0u0csfsrnulev3","id":"q0u0csfsrnulev3"},"id":"2mk774zo1hnm6rw","previousOperationId":"hk1f2gusypkuc0g"}
{"type":"log","timestamp":1684668187797,"level":"debug","message":"Page request: GET (document) file:///C:/Users/Adebayo/AppData/Local/Temp/jsreport/autocleanup/81cbbc70-7619-4919-b6e2-0c03c0bf6df0-chrome-pdf.html","meta":{"rootId":"q0u0csfsrnulev3","id":"q0u0csfsrnulev3"},"id":"rnbwmrqdhbikc3y","previousOperationId":"hk1f2gusypkuc0g"}
{"type":"log","timestamp":1684668187812,"level":"debug","message":"Page request finished: GET (document) 200 file:///C:/Users/Adebayo/AppData/Local/Temp/jsreport/autocleanup/81cbbc70-7619-4919-b6e2-0c03c0bf6df0-chrome-pdf.html","meta":{"rootId":"q0u0csfsrnulev3","id":"q0u0csfsrnulev3"},"id":"1nafowmbypidoj0","previousOperationId":"hk1f2gusypkuc0g"}
{"type":"log","timestamp":1684668187813,"level":"debug","message":"Page request: GET (script) https://cdnjs.cloudflare.com/ajax/libs/Chart.js/2.1.6/Chart.min.js","meta":{"rootId":"q0u0csfsrnulev3","id":"q0u0csfsrnulev3"},"id":"fzllhv8f0fraakq","previousOperationId":"hk1f2gusypkuc0g"}
{"type":"log","timestamp":1684668187822,"level":"debug","message":"Page request finished: GET (script) 200 https://cdnjs.cloudflare.com/ajax/libs/Chart.js/2.1.6/Chart.min.js","meta":{"rootId":"q0u0csfsrnulev3","id":"q0u0csfsrnulev3"},"id":"mi1az3qs1dmq7tu","previousOperationId":"hk1f2gusypkuc0g"}
{"type":"log","timestamp":1684668187830,"level":"warn","message":"Page error: SyntaxError: Unexpected token ','","meta":{"rootId":"q0u0csfsrnulev3","id":"q0u0csfsrnulev3"},"id":"5x86wlq5jgt1d14","previousOperationId":"hk1f2gusypkuc0g"}
{"type":"log","timestamp":1684668187848,"level":"debug","message":"Running chrome with params {\"printBackground\":true,\"marginTop\":\"2cm\",\"marginRight\":\"1cm\",\"marginBottom\":\"2cm\",\"marginLeft\":\"1cm\",\"landscape\":false,\"format\":\"A4\",\"displayHeaderFooter\":true,\"footerTemplate\":\"...\",\"timeout\":59930,\"margin\":{\"top\":\"2cm\",\"right\":\"1cm\",\"bottom\":\"2cm\",\"left\":\"1cm\"}}","meta":{"rootId":"q0u0csfsrnulev3","id":"q0u0csfsrnulev3"},"id":"bizgae60d8c1sq8","previousOperationId":"hk1f2gusypkuc0g"}
{"type":"operationEnd","operationId":"hk1f2gusypkuc0g","timestamp":1684668187946,"id":"6o25klznskpcr4k","previousEventId":"1y2shj1vk7qciwq","previousOperationId":"hk1f2gusypkuc0g"}
{"type":"log","timestamp":1684668187947,"level":"debug","message":"Skipping storing report.","meta":{"rootId":"q0u0csfsrnulev3","id":"q0u0csfsrnulev3"},"id":"h6gck509qt1a6n1","previousOperationId":"hk1f2gusypkuc0g"}
{"type":"log","timestamp":1684668187947,"level":"info","message":"Rendering request 164 finished in 366 ms","meta":{"rootId":"q0u0csfsrnulev3","id":"q0u0csfsrnulev3"},"id":"a83wwyrymk2pu1u","previousOperationId":"hk1f2gusypkuc0g"}
{"type":"operationEnd","subtype":"render","operationId":"z9fiohdkioln0aq","timestamp":1684668187947,"id":"345r2lia9owj2h2","previousEventId":"6o25klznskpcr4k","previousOperationId":"hk1f2gusypkuc0g"}
{"type":"operationEnd","doDiffs":false,"previousEventId":"ddkcz45iuawpg9f","previousOperationId":"iesx3x1xpdrytmt","operationId":"iesx3x1xpdrytmt","timestamp":1684668187951,"id":"2805t704dobrzii"}
