{"type":"operationStart","subtype":"profile","data":{"_id":"CSroYez6puEbVsjs","timestamp":"2023-05-21T07:26:35.661Z","state":"queued","mode":"standard","creationDate":"2023-05-21T07:26:35.665Z","modificationDate":"2023-05-21T07:26:35.665Z","shortid":"aISJrO8","$entitySet":"profiles"},"doDiffs":false,"timestamp":1684653995662,"id":"lli4aig3ayox7ml","previousOperationId":null,"operationId":"vvf5em3g8ffc64x"}
{"type":"log","level":"info","message":"Render request 130 queued for execution and waiting for available worker","previousOperationId":"vvf5em3g8ffc64x","timestamp":1684653995662,"id":"ecpkrjtw2hkdlk8"}
{"type":"operationStart","subtype":"render","name":"invoice-js","previousOperationId":"vvf5em3g8ffc64x","timestamp":1684653995678,"id":"k2ts4zbl6l7p63l","previousEventId":"lli4aig3ayox7ml","operationId":"5re34hy3rb7wlyw"}
{"type":"log","timestamp":1684653995678,"level":"info","message":"Starting rendering request 130","meta":{"rootId":"q8n0edn8lrct4o4","id":"q8n0edn8lrct4o4"},"id":"z8tilwswo31lge1","previousOperationId":"5re34hy3rb7wlyw"}
{"type":"log","timestamp":1684653995679,"level":"info","message":"Rendering template { name: invoice-js, recipe: chrome-pdf, engine: handlebars, preview: false }","meta":{"rootId":"q8n0edn8lrct4o4","id":"q8n0edn8lrct4o4"},"id":"65js5n7o3ik9qbp","previousOperationId":"5re34hy3rb7wlyw"}
{"type":"log","timestamp":1684653995681,"level":"debug","message":"Inline data specified.","meta":{"rootId":"q8n0edn8lrct4o4","id":"q8n0edn8lrct4o4"},"id":"1pj3auenc627x9q","previousOperationId":"5re34hy3rb7wlyw"}
{"type":"log","timestamp":1684653995685,"level":"debug","message":"Base url not specified, skipping its injection.","meta":{"rootId":"q8n0edn8lrct4o4","id":"q8n0edn8lrct4o4"},"id":"mepwdx65x3awd6r","previousOperationId":"5re34hy3rb7wlyw"}
{"type":"operationStart","subtype":"engine","name":"handlebars","timestamp":1684653995686,"id":"c13o3mxmzshsspu","previousEventId":"k2ts4zbl6l7p63l","operationId":"h85abxssyj98kbm","previousOperationId":"5re34hy3rb7wlyw"}
{"type":"log","timestamp":1684653995686,"level":"debug","message":"Rendering engine handlebars","meta":{"rootId":"q8n0edn8lrct4o4","id":"q8n0edn8lrct4o4"},"id":"j94xb4wlh2dz2p8","previousOperationId":"h85abxssyj98kbm"}
{"type":"operationEnd","operationId":"h85abxssyj98kbm","timestamp":1684653995707,"id":"iupgphbm6a3a6pe","previousEventId":"c13o3mxmzshsspu","previousOperationId":"h85abxssyj98kbm"}
{"type":"operationStart","subtype":"recipe","name":"chrome-pdf","timestamp":1684653995708,"id":"lq0rh33n6o0dn8x","previousEventId":"iupgphbm6a3a6pe","operationId":"7z6wf4dljuam4mz","previousOperationId":"h85abxssyj98kbm"}
{"type":"log","timestamp":1684653995708,"level":"debug","message":"Executing recipe chrome-pdf","meta":{"rootId":"q8n0edn8lrct4o4","id":"q8n0edn8lrct4o4"},"id":"5unclswobi45pvo","previousOperationId":"7z6wf4dljuam4mz"}
{"type":"log","timestamp":1684653995710,"level":"debug","message":"Starting child request to render pdf footer","meta":{"rootId":"q8n0edn8lrct4o4","id":"q8n0edn8lrct4o4"},"id":"6tties1agmr0axl","previousOperationId":"7z6wf4dljuam4mz"}
{"type":"operationStart","subtype":"render","name":"anonymous","previousOperationId":"7z6wf4dljuam4mz","timestamp":1684653995710,"id":"wjlgc6o5lsvwm5b","previousEventId":"lq0rh33n6o0dn8x","operationId":"huo3vlflvuuipqh"}
{"type":"log","timestamp":1684653995710,"level":"info","message":"Starting rendering (child) request","meta":{"rootId":"q8n0edn8lrct4o4","id":"jace0owg0lh04di"},"id":"g3i4mmp5py1fkz3","previousOperationId":"huo3vlflvuuipqh"}
{"type":"log","timestamp":1684653995710,"level":"info","message":"Rendering anonymous template { recipe: html, engine: handlebars }","meta":{"rootId":"q8n0edn8lrct4o4","id":"jace0owg0lh04di"},"id":"2wtj31zn72m7ddw","previousOperationId":"huo3vlflvuuipqh"}
{"type":"log","timestamp":1684653995710,"level":"debug","message":"Inline data specified.","meta":{"rootId":"q8n0edn8lrct4o4","id":"jace0owg0lh04di"},"id":"8dme5z0kku6yr9d","previousOperationId":"huo3vlflvuuipqh"}
{"type":"log","timestamp":1684653995711,"level":"debug","message":"Base url not specified, skipping its injection.","meta":{"rootId":"q8n0edn8lrct4o4","id":"jace0owg0lh04di"},"id":"vhdg3v7uxs1s784","previousOperationId":"huo3vlflvuuipqh"}
{"type":"operationStart","subtype":"engine","name":"handlebars","timestamp":1684653995712,"id":"0mhclo13md9rrzu","previousEventId":"wjlgc6o5lsvwm5b","operationId":"yxgwsjaplu2gmpi","previousOperationId":"huo3vlflvuuipqh"}
{"type":"log","timestamp":1684653995712,"level":"debug","message":"Rendering engine handlebars","meta":{"rootId":"q8n0edn8lrct4o4","id":"jace0owg0lh04di"},"id":"3h3xyfhxwkwtfm4","previousOperationId":"yxgwsjaplu2gmpi"}
{"type":"operationEnd","operationId":"yxgwsjaplu2gmpi","timestamp":1684653995732,"id":"f5i7anwswh1vvk2","previousEventId":"0mhclo13md9rrzu","previousOperationId":"yxgwsjaplu2gmpi"}
{"type":"operationStart","subtype":"recipe","name":"html","timestamp":1684653995733,"id":"agn5h1wjktnjsl7","previousEventId":"f5i7anwswh1vvk2","operationId":"oxc8xrwzfbixho6","previousOperationId":"yxgwsjaplu2gmpi"}
{"type":"log","timestamp":1684653995733,"level":"debug","message":"Executing recipe html","meta":{"rootId":"q8n0edn8lrct4o4","id":"jace0owg0lh04di"},"id":"umy71csd91nhelf","previousOperationId":"oxc8xrwzfbixho6"}
{"type":"operationEnd","operationId":"oxc8xrwzfbixho6","timestamp":1684653995733,"id":"e7atzs0neackg7v","previousEventId":"agn5h1wjktnjsl7","previousOperationId":"oxc8xrwzfbixho6"}
{"type":"log","timestamp":1684653995733,"level":"debug","message":"Skipping storing report.","meta":{"rootId":"q8n0edn8lrct4o4","id":"jace0owg0lh04di"},"id":"jmbzhp0h6m7y1nz","previousOperationId":"oxc8xrwzfbixho6"}
{"type":"log","timestamp":1684653995733,"level":"info","message":"Rendering (child) request finished in 73 ms","meta":{"rootId":"q8n0edn8lrct4o4","id":"jace0owg0lh04di"},"id":"14123q6vhvnl6ld","previousOperationId":"oxc8xrwzfbixho6"}
{"type":"operationEnd","subtype":"render","operationId":"huo3vlflvuuipqh","timestamp":1684653995733,"id":"lznnitsb9f7ja2a","previousEventId":"e7atzs0neackg7v","previousOperationId":"oxc8xrwzfbixho6"}
{"type":"log","timestamp":1684653995736,"level":"debug","message":"Converting with chrome HeadlessChrome/105.0.5173.0 using chrome-pool strategy","meta":{"rootId":"q8n0edn8lrct4o4","id":"q8n0edn8lrct4o4"},"id":"e34nlatt1bk1atg","previousOperationId":"7z6wf4dljuam4mz"}
{"type":"log","timestamp":1684653995877,"level":"debug","message":"Page request: GET (document) file:///C:/Users/Adebayo/AppData/Local/Temp/jsreport/autocleanup/ea025757-dd89-48ba-9f15-3a6dacc16153-chrome-pdf.html","meta":{"rootId":"q8n0edn8lrct4o4","id":"q8n0edn8lrct4o4"},"id":"hshau0nuii2741c","previousOperationId":"7z6wf4dljuam4mz"}
{"type":"log","timestamp":1684653995897,"level":"debug","message":"Page request finished: GET (document) 200 file:///C:/Users/Adebayo/AppData/Local/Temp/jsreport/autocleanup/ea025757-dd89-48ba-9f15-3a6dacc16153-chrome-pdf.html","meta":{"rootId":"q8n0edn8lrct4o4","id":"q8n0edn8lrct4o4"},"id":"2o74f8pms81v7du","previousOperationId":"7z6wf4dljuam4mz"}
{"type":"log","timestamp":1684653995897,"level":"debug","message":"Page request: GET (script) https://cdnjs.cloudflare.com/ajax/libs/Chart.js/2.1.6/Chart.min.js","meta":{"rootId":"q8n0edn8lrct4o4","id":"q8n0edn8lrct4o4"},"id":"05yw0rswbjc9wgm","previousOperationId":"7z6wf4dljuam4mz"}
{"type":"log","timestamp":1684653995907,"level":"debug","message":"Page request finished: GET (script) 200 https://cdnjs.cloudflare.com/ajax/libs/Chart.js/2.1.6/Chart.min.js","meta":{"rootId":"q8n0edn8lrct4o4","id":"q8n0edn8lrct4o4"},"id":"l2z2k0gh5jcrrea","previousOperationId":"7z6wf4dljuam4mz"}
{"type":"log","timestamp":1684653995914,"level":"warn","message":"Page error: SyntaxError: Unexpected token ','","meta":{"rootId":"q8n0edn8lrct4o4","id":"q8n0edn8lrct4o4"},"id":"qhceks9qul3d43b","previousOperationId":"7z6wf4dljuam4mz"}
{"type":"log","timestamp":1684653995920,"level":"debug","message":"Running chrome with params {\"printBackground\":true,\"marginTop\":\"2cm\",\"marginRight\":\"1cm\",\"marginBottom\":\"2cm\",\"marginLeft\":\"1cm\",\"landscape\":false,\"format\":\"A4\",\"displayHeaderFooter\":true,\"footerTemplate\":\"...\",\"timeout\":59927,\"margin\":{\"top\":\"2cm\",\"right\":\"1cm\",\"bottom\":\"2cm\",\"left\":\"1cm\"}}","meta":{"rootId":"q8n0edn8lrct4o4","id":"q8n0edn8lrct4o4"},"id":"ec1l42fxug7proh","previousOperationId":"7z6wf4dljuam4mz"}
{"type":"operationEnd","operationId":"7z6wf4dljuam4mz","timestamp":1684653996012,"id":"92q40kdzdtjiah1","previousEventId":"lq0rh33n6o0dn8x","previousOperationId":"7z6wf4dljuam4mz"}
{"type":"log","timestamp":1684653996012,"level":"debug","message":"Skipping storing report.","meta":{"rootId":"q8n0edn8lrct4o4","id":"q8n0edn8lrct4o4"},"id":"tcrjzcszw5ev9bg","previousOperationId":"7z6wf4dljuam4mz"}
{"type":"log","timestamp":1684653996012,"level":"info","message":"Rendering request 130 finished in 352 ms","meta":{"rootId":"q8n0edn8lrct4o4","id":"q8n0edn8lrct4o4"},"id":"qd0vjsqvn0683d7","previousOperationId":"7z6wf4dljuam4mz"}
{"type":"operationEnd","subtype":"render","operationId":"5re34hy3rb7wlyw","timestamp":1684653996012,"id":"0y519dxczid66tm","previousEventId":"92q40kdzdtjiah1","previousOperationId":"7z6wf4dljuam4mz"}
{"type":"operationEnd","doDiffs":false,"previousEventId":"lli4aig3ayox7ml","previousOperationId":"vvf5em3g8ffc64x","operationId":"vvf5em3g8ffc64x","timestamp":1684653996019,"id":"tufchc68r5rnphh"}
