{"type":"operationStart","subtype":"profile","data":{"_id":"0cRGAe4GHfmOiLte","timestamp":"2023-05-21T07:25:01.891Z","state":"queued","mode":"standard","creationDate":"2023-05-21T07:25:01.895Z","modificationDate":"2023-05-21T07:25:01.895Z","shortid":"9cDatIn","$entitySet":"profiles"},"doDiffs":false,"timestamp":1684653901893,"id":"ehmwreeiloacti7","previousOperationId":null,"operationId":"hqi8k6rd8n53b7v"}
{"type":"log","level":"info","message":"Render request 127 queued for execution and waiting for available worker","previousOperationId":"hqi8k6rd8n53b7v","timestamp":1684653901893,"id":"szxgl42xnicfvr5"}
{"type":"operationStart","subtype":"render","name":"invoice-js","previousOperationId":"hqi8k6rd8n53b7v","timestamp":1684653901913,"id":"bd5xrnxr40q0b4y","previousEventId":"ehmwreeiloacti7","operationId":"p3ryja90br8hbgh"}
{"type":"log","timestamp":1684653901913,"level":"info","message":"Starting rendering request 127","meta":{"rootId":"qcq9bxekl53rz3r","id":"qcq9bxekl53rz3r"},"id":"9j0bc6pjyri8swm","previousOperationId":"p3ryja90br8hbgh"}
{"type":"log","timestamp":1684653901913,"level":"info","message":"Rendering template { name: invoice-js, recipe: chrome-pdf, engine: handlebars, preview: false }","meta":{"rootId":"qcq9bxekl53rz3r","id":"qcq9bxekl53rz3r"},"id":"1nbsmtf6iejt3ss","previousOperationId":"p3ryja90br8hbgh"}
{"type":"log","timestamp":1684653901914,"level":"debug","message":"Inline data specified.","meta":{"rootId":"qcq9bxekl53rz3r","id":"qcq9bxekl53rz3r"},"id":"51cet2vmn10wfeq","previousOperationId":"p3ryja90br8hbgh"}
{"type":"log","timestamp":1684653901923,"level":"debug","message":"Base url not specified, skipping its injection.","meta":{"rootId":"qcq9bxekl53rz3r","id":"qcq9bxekl53rz3r"},"id":"3deqzqd1gbg2e3l","previousOperationId":"p3ryja90br8hbgh"}
{"type":"operationStart","subtype":"engine","name":"handlebars","timestamp":1684653901924,"id":"ropmc680diz1a7b","previousEventId":"bd5xrnxr40q0b4y","operationId":"7h2u9molr3781v2","previousOperationId":"p3ryja90br8hbgh"}
{"type":"log","timestamp":1684653901924,"level":"debug","message":"Rendering engine handlebars","meta":{"rootId":"qcq9bxekl53rz3r","id":"qcq9bxekl53rz3r"},"id":"pz9ewij35ymc0mm","previousOperationId":"7h2u9molr3781v2"}
{"type":"operationEnd","operationId":"7h2u9molr3781v2","timestamp":1684653901956,"id":"ctboeudrtmk5ja4","previousEventId":"ropmc680diz1a7b","previousOperationId":"7h2u9molr3781v2"}
{"type":"operationStart","subtype":"recipe","name":"chrome-pdf","timestamp":1684653901956,"id":"ktbrvry51mcnojj","previousEventId":"ctboeudrtmk5ja4","operationId":"rqt5gwlgfxe4hiu","previousOperationId":"7h2u9molr3781v2"}
{"type":"log","timestamp":1684653901956,"level":"debug","message":"Executing recipe chrome-pdf","meta":{"rootId":"qcq9bxekl53rz3r","id":"qcq9bxekl53rz3r"},"id":"kyisu4lpxd7pnv2","previousOperationId":"rqt5gwlgfxe4hiu"}
{"type":"log","timestamp":1684653901959,"level":"debug","message":"Starting child request to render pdf footer","meta":{"rootId":"qcq9bxekl53rz3r","id":"qcq9bxekl53rz3r"},"id":"ldxpgg1210q9z37","previousOperationId":"rqt5gwlgfxe4hiu"}
{"type":"operationStart","subtype":"render","name":"anonymous","previousOperationId":"rqt5gwlgfxe4hiu","timestamp":1684653901959,"id":"xdpftn5x619e5wp","previousEventId":"ktbrvry51mcnojj","operationId":"91ueoo20t51urt7"}
{"type":"log","timestamp":1684653901959,"level":"info","message":"Starting rendering (child) request","meta":{"rootId":"qcq9bxekl53rz3r","id":"43is56say1pbnds"},"id":"s596mwf8u128jwt","previousOperationId":"91ueoo20t51urt7"}
{"type":"log","timestamp":1684653901960,"level":"info","message":"Rendering anonymous template { recipe: html, engine: handlebars }","meta":{"rootId":"qcq9bxekl53rz3r","id":"43is56say1pbnds"},"id":"3lyiqdva3ptbr3j","previousOperationId":"91ueoo20t51urt7"}
{"type":"log","timestamp":1684653901960,"level":"debug","message":"Inline data specified.","meta":{"rootId":"qcq9bxekl53rz3r","id":"43is56say1pbnds"},"id":"erufwf9bc12mgfx","previousOperationId":"91ueoo20t51urt7"}
{"type":"log","timestamp":1684653901962,"level":"debug","message":"Base url not specified, skipping its injection.","meta":{"rootId":"qcq9bxekl53rz3r","id":"43is56say1pbnds"},"id":"p150l3gwrsgwrpl","previousOperationId":"91ueoo20t51urt7"}
{"type":"operationStart","subtype":"engine","name":"handlebars","timestamp":1684653901962,"id":"gnd0yzn7degwotm","previousEventId":"xdpftn5x619e5wp","operationId":"l0zf1qq7g01hvvy","previousOperationId":"91ueoo20t51urt7"}
{"type":"log","timestamp":1684653901962,"level":"debug","message":"Rendering engine handlebars","meta":{"rootId":"qcq9bxekl53rz3r","id":"43is56say1pbnds"},"id":"9108si09o4zkhgu","previousOperationId":"l0zf1qq7g01hvvy"}
{"type":"operationEnd","operationId":"l0zf1qq7g01hvvy","timestamp":1684653901983,"id":"0d6cnptdih9zncj","previousEventId":"gnd0yzn7degwotm","previousOperationId":"l0zf1qq7g01hvvy"}
{"type":"operationStart","subtype":"recipe","name":"html","timestamp":1684653901984,"id":"qwj3xd09et24pyb","previousEventId":"0d6cnptdih9zncj","operationId":"sm2fu7xq1783rom","previousOperationId":"l0zf1qq7g01hvvy"}
{"type":"log","timestamp":1684653901984,"level":"debug","message":"Executing recipe html","meta":{"rootId":"qcq9bxekl53rz3r","id":"43is56say1pbnds"},"id":"2zm7p3j5bma9jbz","previousOperationId":"sm2fu7xq1783rom"}
{"type":"operationEnd","operationId":"sm2fu7xq1783rom","timestamp":1684653901984,"id":"5uj6m4a1czshvl0","previousEventId":"qwj3xd09et24pyb","previousOperationId":"sm2fu7xq1783rom"}
{"type":"log","timestamp":1684653901984,"level":"debug","message":"Skipping storing report.","meta":{"rootId":"qcq9bxekl53rz3r","id":"43is56say1pbnds"},"id":"gzo2i9can2pfnvu","previousOperationId":"sm2fu7xq1783rom"}
{"type":"log","timestamp":1684653901985,"level":"info","message":"Rendering (child) request finished in 95 ms","meta":{"rootId":"qcq9bxekl53rz3r","id":"43is56say1pbnds"},"id":"va33g66vij22fad","previousOperationId":"sm2fu7xq1783rom"}
{"type":"operationEnd","subtype":"render","operationId":"91ueoo20t51urt7","timestamp":1684653901985,"id":"dzwqwdsmxgatdyk","previousEventId":"5uj6m4a1czshvl0","previousOperationId":"sm2fu7xq1783rom"}
{"type":"log","timestamp":1684653901987,"level":"debug","message":"Converting with chrome HeadlessChrome/105.0.5173.0 using chrome-pool strategy","meta":{"rootId":"qcq9bxekl53rz3r","id":"qcq9bxekl53rz3r"},"id":"tpy6twmtvjhxxiu","previousOperationId":"rqt5gwlgfxe4hiu"}
{"type":"log","timestamp":1684653902158,"level":"debug","message":"Page request: GET (document) file:///C:/Users/Adebayo/AppData/Local/Temp/jsreport/autocleanup/f5cfca32-791f-412a-a353-9dfe74ac7fb8-chrome-pdf.html","meta":{"rootId":"qcq9bxekl53rz3r","id":"qcq9bxekl53rz3r"},"id":"isq3siyytucywov","previousOperationId":"rqt5gwlgfxe4hiu"}
{"type":"log","timestamp":1684653902181,"level":"debug","message":"Page request finished: GET (document) 200 file:///C:/Users/Adebayo/AppData/Local/Temp/jsreport/autocleanup/f5cfca32-791f-412a-a353-9dfe74ac7fb8-chrome-pdf.html","meta":{"rootId":"qcq9bxekl53rz3r","id":"qcq9bxekl53rz3r"},"id":"xv62ncpduz5tnzz","previousOperationId":"rqt5gwlgfxe4hiu"}
{"type":"log","timestamp":1684653902181,"level":"debug","message":"Page request: GET (script) https://cdnjs.cloudflare.com/ajax/libs/Chart.js/2.1.6/Chart.min.js","meta":{"rootId":"qcq9bxekl53rz3r","id":"qcq9bxekl53rz3r"},"id":"ng79naf16mbw7fo","previousOperationId":"rqt5gwlgfxe4hiu"}
{"type":"log","timestamp":1684653902192,"level":"debug","message":"Page request finished: GET (script) 200 https://cdnjs.cloudflare.com/ajax/libs/Chart.js/2.1.6/Chart.min.js","meta":{"rootId":"qcq9bxekl53rz3r","id":"qcq9bxekl53rz3r"},"id":"izqpr8ylp8uaaqq","previousOperationId":"rqt5gwlgfxe4hiu"}
{"type":"log","timestamp":1684653902199,"level":"warn","message":"Page error: SyntaxError: Unexpected token ','","meta":{"rootId":"qcq9bxekl53rz3r","id":"qcq9bxekl53rz3r"},"id":"ie0td1x26j9857t","previousOperationId":"rqt5gwlgfxe4hiu"}
{"type":"log","timestamp":1684653902205,"level":"debug","message":"Running chrome with params {\"printBackground\":true,\"marginTop\":\"2cm\",\"marginRight\":\"1cm\",\"marginBottom\":\"2cm\",\"marginLeft\":\"1cm\",\"landscape\":false,\"format\":\"A4\",\"displayHeaderFooter\":true,\"footerTemplate\":\"...\",\"timeout\":59905,\"margin\":{\"top\":\"2cm\",\"right\":\"1cm\",\"bottom\":\"2cm\",\"left\":\"1cm\"}}","meta":{"rootId":"qcq9bxekl53rz3r","id":"qcq9bxekl53rz3r"},"id":"uvbaxgq3uvhxsaa","previousOperationId":"rqt5gwlgfxe4hiu"}
{"type":"operationEnd","operationId":"rqt5gwlgfxe4hiu","timestamp":1684653902294,"id":"otreph3wz4zfdn5","previousEventId":"ktbrvry51mcnojj","previousOperationId":"rqt5gwlgfxe4hiu"}
{"type":"log","timestamp":1684653902294,"level":"debug","message":"Skipping storing report.","meta":{"rootId":"qcq9bxekl53rz3r","id":"qcq9bxekl53rz3r"},"id":"wiuqbtydpjjjbon","previousOperationId":"rqt5gwlgfxe4hiu"}
{"type":"log","timestamp":1684653902295,"level":"info","message":"Rendering request 127 finished in 405 ms","meta":{"rootId":"qcq9bxekl53rz3r","id":"qcq9bxekl53rz3r"},"id":"3jn0a7tiyzri0vw","previousOperationId":"rqt5gwlgfxe4hiu"}
{"type":"operationEnd","subtype":"render","operationId":"p3ryja90br8hbgh","timestamp":1684653902295,"id":"22i7pjpjjkobdwm","previousEventId":"otreph3wz4zfdn5","previousOperationId":"rqt5gwlgfxe4hiu"}
{"type":"operationEnd","doDiffs":false,"previousEventId":"ehmwreeiloacti7","previousOperationId":"hqi8k6rd8n53b7v","operationId":"hqi8k6rd8n53b7v","timestamp":1684653902303,"id":"83u3dgcwt6lzmn4"}
