{"type":"operationStart","subtype":"profile","data":{"_id":"jgoMze1GMkFaQ2Kv","timestamp":"2023-05-21T06:14:36.639Z","state":"queued","mode":"standard","creationDate":"2023-05-21T06:14:36.641Z","modificationDate":"2023-05-21T06:14:36.641Z","shortid":"WiwjcuY","$entitySet":"profiles"},"doDiffs":false,"timestamp":1684649676640,"id":"u8ia12djzmsksar","previousOperationId":null,"operationId":"icp7h719j1frh3w"}
{"type":"log","level":"info","message":"Render request 65 queued for execution and waiting for available worker","previousOperationId":"icp7h719j1frh3w","timestamp":1684649676640,"id":"mmjg85sap1l2pod"}
{"type":"operationStart","subtype":"render","name":"invoice-js","previousOperationId":"icp7h719j1frh3w","timestamp":1684649676655,"id":"kf3wnwd019qgoiz","previousEventId":"u8ia12djzmsksar","operationId":"wkk21n8qj74jsgf"}
{"type":"log","timestamp":1684649676655,"level":"info","message":"Starting rendering request 65","meta":{"rootId":"qsfq4716kr3wdng","id":"qsfq4716kr3wdng"},"id":"s240cyuj9juu0a8","previousOperationId":"wkk21n8qj74jsgf"}
{"type":"log","timestamp":1684649676655,"level":"info","message":"Rendering template { name: invoice-js, recipe: chrome-pdf, engine: handlebars, preview: true }","meta":{"rootId":"qsfq4716kr3wdng","id":"qsfq4716kr3wdng"},"id":"g9940no4smple19","previousOperationId":"wkk21n8qj74jsgf"}
{"type":"log","timestamp":1684649676658,"level":"debug","message":"Adding sample data YnJQL_aQg","meta":{"rootId":"qsfq4716kr3wdng","id":"qsfq4716kr3wdng"},"id":"1lsatbj2bjkbdb5","previousOperationId":"wkk21n8qj74jsgf"}
{"type":"log","timestamp":1684649676664,"level":"debug","message":"Base url not specified, skipping its injection.","meta":{"rootId":"qsfq4716kr3wdng","id":"qsfq4716kr3wdng"},"id":"ghgffqoy3h5tglk","previousOperationId":"wkk21n8qj74jsgf"}
{"type":"operationStart","subtype":"engine","name":"handlebars","timestamp":1684649676665,"id":"ydjnpxf7i3kxztc","previousEventId":"kf3wnwd019qgoiz","operationId":"ot7977ey6t1jc5t","previousOperationId":"wkk21n8qj74jsgf"}
{"type":"log","timestamp":1684649676665,"level":"debug","message":"Rendering engine handlebars","meta":{"rootId":"qsfq4716kr3wdng","id":"qsfq4716kr3wdng"},"id":"y039grj7zyxj5mm","previousOperationId":"ot7977ey6t1jc5t"}
{"type":"operationEnd","operationId":"ot7977ey6t1jc5t","timestamp":1684649676684,"id":"7wlvp8lna046csa","previousEventId":"ydjnpxf7i3kxztc","previousOperationId":"ot7977ey6t1jc5t"}
{"type":"operationStart","subtype":"recipe","name":"chrome-pdf","timestamp":1684649676685,"id":"i7dz1oxo6s6zpcx","previousEventId":"7wlvp8lna046csa","operationId":"ps13nip1d5n73wb","previousOperationId":"ot7977ey6t1jc5t"}
{"type":"log","timestamp":1684649676685,"level":"debug","message":"Executing recipe chrome-pdf","meta":{"rootId":"qsfq4716kr3wdng","id":"qsfq4716kr3wdng"},"id":"q476xmfgzmkvmqc","previousOperationId":"ps13nip1d5n73wb"}
{"type":"log","timestamp":1684649676687,"level":"debug","message":"Starting child request to render pdf footer","meta":{"rootId":"qsfq4716kr3wdng","id":"qsfq4716kr3wdng"},"id":"tums3v4tnq3e7hc","previousOperationId":"ps13nip1d5n73wb"}
{"type":"operationStart","subtype":"render","name":"anonymous","previousOperationId":"ps13nip1d5n73wb","timestamp":1684649676688,"id":"d6okbec4ec0o5y7","previousEventId":"i7dz1oxo6s6zpcx","operationId":"atr2u9jupa3ei1n"}
{"type":"log","timestamp":1684649676688,"level":"info","message":"Starting rendering (child) request","meta":{"rootId":"qsfq4716kr3wdng","id":"b5wbwn22j3qijap"},"id":"3kh70lmgnas6umc","previousOperationId":"atr2u9jupa3ei1n"}
{"type":"log","timestamp":1684649676688,"level":"info","message":"Rendering anonymous template { recipe: html, engine: handlebars }","meta":{"rootId":"qsfq4716kr3wdng","id":"b5wbwn22j3qijap"},"id":"fjitlw34pr5q735","previousOperationId":"atr2u9jupa3ei1n"}
{"type":"log","timestamp":1684649676688,"level":"debug","message":"Inline data specified.","meta":{"rootId":"qsfq4716kr3wdng","id":"b5wbwn22j3qijap"},"id":"wlqu59p7qvxedex","previousOperationId":"atr2u9jupa3ei1n"}
{"type":"log","timestamp":1684649676690,"level":"debug","message":"Base url not specified, skipping its injection.","meta":{"rootId":"qsfq4716kr3wdng","id":"b5wbwn22j3qijap"},"id":"yionkimlvilh6ou","previousOperationId":"atr2u9jupa3ei1n"}
{"type":"operationStart","subtype":"engine","name":"handlebars","timestamp":1684649676690,"id":"qremonxiorle24l","previousEventId":"d6okbec4ec0o5y7","operationId":"37f04665268423s","previousOperationId":"atr2u9jupa3ei1n"}
{"type":"log","timestamp":1684649676690,"level":"debug","message":"Rendering engine handlebars","meta":{"rootId":"qsfq4716kr3wdng","id":"b5wbwn22j3qijap"},"id":"rzmmz8lzv2i39v9","previousOperationId":"37f04665268423s"}
{"type":"operationEnd","operationId":"37f04665268423s","timestamp":1684649676709,"id":"thewyhhct23lm7g","previousEventId":"qremonxiorle24l","previousOperationId":"37f04665268423s"}
{"type":"operationStart","subtype":"recipe","name":"html","timestamp":1684649676709,"id":"15dqfuxzm6vb9a6","previousEventId":"thewyhhct23lm7g","operationId":"9sds1g52s8pb66g","previousOperationId":"37f04665268423s"}
{"type":"log","timestamp":1684649676709,"level":"debug","message":"Executing recipe html","meta":{"rootId":"qsfq4716kr3wdng","id":"b5wbwn22j3qijap"},"id":"17u2lhio1tcommr","previousOperationId":"9sds1g52s8pb66g"}
{"type":"operationEnd","operationId":"9sds1g52s8pb66g","timestamp":1684649676709,"id":"565exnve8p9q4lp","previousEventId":"15dqfuxzm6vb9a6","previousOperationId":"9sds1g52s8pb66g"}
{"type":"log","timestamp":1684649676709,"level":"debug","message":"Skipping storing report.","meta":{"rootId":"qsfq4716kr3wdng","id":"b5wbwn22j3qijap"},"id":"3o6hm8fydyg5dn4","previousOperationId":"9sds1g52s8pb66g"}
{"type":"log","timestamp":1684649676709,"level":"info","message":"Rendering (child) request finished in 71 ms","meta":{"rootId":"qsfq4716kr3wdng","id":"b5wbwn22j3qijap"},"id":"3va84zwapudb68v","previousOperationId":"9sds1g52s8pb66g"}
{"type":"operationEnd","subtype":"render","operationId":"atr2u9jupa3ei1n","timestamp":1684649676709,"id":"c1qvvokmn9cn6bz","previousEventId":"565exnve8p9q4lp","previousOperationId":"9sds1g52s8pb66g"}
{"type":"log","timestamp":1684649676712,"level":"debug","message":"Converting with chrome HeadlessChrome/105.0.5173.0 using chrome-pool strategy","meta":{"rootId":"qsfq4716kr3wdng","id":"qsfq4716kr3wdng"},"id":"lwrnb850gys6oao","previousOperationId":"ps13nip1d5n73wb"}
{"type":"log","timestamp":1684649676831,"level":"debug","message":"Page request: GET (document) file:///C:/Users/Adebayo/AppData/Local/Temp/jsreport/autocleanup/1c0f248a-259a-4cb0-b114-a8aa267127c4-chrome-pdf.html","meta":{"rootId":"qsfq4716kr3wdng","id":"qsfq4716kr3wdng"},"id":"t4jxgmuutjy40py","previousOperationId":"ps13nip1d5n73wb"}
{"type":"log","timestamp":1684649676850,"level":"debug","message":"Page request: GET (script) https://cdn.jsdelivr.net/npm/chart.js","meta":{"rootId":"qsfq4716kr3wdng","id":"qsfq4716kr3wdng"},"id":"6u2mx4kctlfdt76","previousOperationId":"ps13nip1d5n73wb"}
{"type":"log","timestamp":1684649676851,"level":"debug","message":"Page request finished: GET (document) 200 file:///C:/Users/Adebayo/AppData/Local/Temp/jsreport/autocleanup/1c0f248a-259a-4cb0-b114-a8aa267127c4-chrome-pdf.html","meta":{"rootId":"qsfq4716kr3wdng","id":"qsfq4716kr3wdng"},"id":"2qu70lukrz69c4k","previousOperationId":"ps13nip1d5n73wb"}
{"type":"log","timestamp":1684649676862,"level":"debug","message":"Page request finished: GET (script) 200 https://cdn.jsdelivr.net/npm/chart.js","meta":{"rootId":"qsfq4716kr3wdng","id":"qsfq4716kr3wdng"},"id":"fnuebi3z8vi0o2e","previousOperationId":"ps13nip1d5n73wb"}
{"type":"log","timestamp":1684649676867,"level":"warn","message":"Page error: SyntaxError: Unexpected token ','","meta":{"rootId":"qsfq4716kr3wdng","id":"qsfq4716kr3wdng"},"id":"hnv7d7wwre0aafr","previousOperationId":"ps13nip1d5n73wb"}
{"type":"log","timestamp":1684649676876,"level":"debug","message":"Running chrome with params {\"printBackground\":true,\"marginTop\":\"2cm\",\"marginRight\":\"1cm\",\"marginBottom\":\"2cm\",\"marginLeft\":\"1cm\",\"footerTemplate\":\"...\",\"landscape\":false,\"format\":\"A4\",\"displayHeaderFooter\":true,\"timeout\":59929,\"margin\":{\"top\":\"2cm\",\"right\":\"1cm\",\"bottom\":\"2cm\",\"left\":\"1cm\"}}","meta":{"rootId":"qsfq4716kr3wdng","id":"qsfq4716kr3wdng"},"id":"rc7eq9w8domj4ec","previousOperationId":"ps13nip1d5n73wb"}
{"type":"operationEnd","operationId":"ps13nip1d5n73wb","timestamp":1684649676977,"id":"qk5drqmydx0k6ur","previousEventId":"i7dz1oxo6s6zpcx","previousOperationId":"ps13nip1d5n73wb"}
{"type":"log","timestamp":1684649676977,"level":"debug","message":"Skipping storing report.","meta":{"rootId":"qsfq4716kr3wdng","id":"qsfq4716kr3wdng"},"id":"metjx3nkm66nsz4","previousOperationId":"ps13nip1d5n73wb"}
{"type":"log","timestamp":1684649676978,"level":"info","message":"Rendering request 65 finished in 340 ms","meta":{"rootId":"qsfq4716kr3wdng","id":"qsfq4716kr3wdng"},"id":"jaxl43nc5dyll6b","previousOperationId":"ps13nip1d5n73wb"}
{"type":"operationEnd","subtype":"render","operationId":"wkk21n8qj74jsgf","timestamp":1684649676978,"id":"qx3t63wfc095mfg","previousEventId":"qk5drqmydx0k6ur","previousOperationId":"ps13nip1d5n73wb"}
{"type":"operationEnd","doDiffs":false,"previousEventId":"u8ia12djzmsksar","previousOperationId":"icp7h719j1frh3w","operationId":"icp7h719j1frh3w","timestamp":1684649676984,"id":"k8tmx37mz39y39a"}
