{"type":"operationStart","subtype":"profile","data":{"_id":"djWdQRRPVFgyjJ23","timestamp":"2023-05-21T06:38:31.605Z","state":"queued","mode":"standard","creationDate":"2023-05-21T06:38:31.609Z","modificationDate":"2023-05-21T06:38:31.609Z","shortid":"-BTiANx","$entitySet":"profiles"},"doDiffs":false,"timestamp":1684651111607,"id":"y08y080gecy106q","previousOperationId":null,"operationId":"e15ga69wo177k7x"}
{"type":"log","level":"info","message":"Render request 85 queued for execution and waiting for available worker","previousOperationId":"e15ga69wo177k7x","timestamp":1684651111607,"id":"c1m1aori8o9uthj"}
{"type":"operationStart","subtype":"render","name":"invoice-js","previousOperationId":"e15ga69wo177k7x","timestamp":1684651111624,"id":"fn4flsdmb8qnuum","previousEventId":"y08y080gecy106q","operationId":"hh2odqo8eeq4o8o"}
{"type":"log","timestamp":1684651111624,"level":"info","message":"Starting rendering request 85","meta":{"rootId":"r2nstnr01e7r1n7","id":"r2nstnr01e7r1n7"},"id":"s4dg5z0b45u5txn","previousOperationId":"hh2odqo8eeq4o8o"}
{"type":"log","timestamp":1684651111625,"level":"info","message":"Rendering template { name: invoice-js, recipe: chrome-pdf, engine: handlebars, preview: false }","meta":{"rootId":"r2nstnr01e7r1n7","id":"r2nstnr01e7r1n7"},"id":"bovrlilsq3zd9ei","previousOperationId":"hh2odqo8eeq4o8o"}
{"type":"log","timestamp":1684651111627,"level":"debug","message":"Inline data specified.","meta":{"rootId":"r2nstnr01e7r1n7","id":"r2nstnr01e7r1n7"},"id":"pyvv1cn5z6ehmre","previousOperationId":"hh2odqo8eeq4o8o"}
{"type":"log","timestamp":1684651111640,"level":"debug","message":"Base url not specified, skipping its injection.","meta":{"rootId":"r2nstnr01e7r1n7","id":"r2nstnr01e7r1n7"},"id":"g8ap7pu0tau5n6g","previousOperationId":"hh2odqo8eeq4o8o"}
{"type":"operationStart","subtype":"engine","name":"handlebars","timestamp":1684651111641,"id":"o0n0neidt82bu0f","previousEventId":"fn4flsdmb8qnuum","operationId":"0jaakbn49cjy5av","previousOperationId":"hh2odqo8eeq4o8o"}
{"type":"log","timestamp":1684651111641,"level":"debug","message":"Rendering engine handlebars","meta":{"rootId":"r2nstnr01e7r1n7","id":"r2nstnr01e7r1n7"},"id":"8b82vye5hglagco","previousOperationId":"0jaakbn49cjy5av"}
{"type":"operationEnd","operationId":"0jaakbn49cjy5av","timestamp":1684651111661,"id":"untub9z9oe57tan","previousEventId":"o0n0neidt82bu0f","previousOperationId":"0jaakbn49cjy5av"}
{"type":"operationStart","subtype":"recipe","name":"chrome-pdf","timestamp":1684651111661,"id":"wrwv3g1c62ficrg","previousEventId":"untub9z9oe57tan","operationId":"h3p4pu3u8k0sdsg","previousOperationId":"0jaakbn49cjy5av"}
{"type":"log","timestamp":1684651111661,"level":"debug","message":"Executing recipe chrome-pdf","meta":{"rootId":"r2nstnr01e7r1n7","id":"r2nstnr01e7r1n7"},"id":"27srpsztoy15wbt","previousOperationId":"h3p4pu3u8k0sdsg"}
{"type":"log","timestamp":1684651111664,"level":"debug","message":"Starting child request to render pdf footer","meta":{"rootId":"r2nstnr01e7r1n7","id":"r2nstnr01e7r1n7"},"id":"rgfkqpiuuqhficy","previousOperationId":"h3p4pu3u8k0sdsg"}
{"type":"operationStart","subtype":"render","name":"anonymous","previousOperationId":"h3p4pu3u8k0sdsg","timestamp":1684651111665,"id":"e0ej8jzuyd66qc7","previousEventId":"wrwv3g1c62ficrg","operationId":"nyukwdlkfvo9jt5"}
{"type":"log","timestamp":1684651111665,"level":"info","message":"Starting rendering (child) request","meta":{"rootId":"r2nstnr01e7r1n7","id":"kjoex6pmawsyr93"},"id":"ccjzj1a29dx90aq","previousOperationId":"nyukwdlkfvo9jt5"}
{"type":"log","timestamp":1684651111666,"level":"info","message":"Rendering anonymous template { recipe: html, engine: handlebars }","meta":{"rootId":"r2nstnr01e7r1n7","id":"kjoex6pmawsyr93"},"id":"x70v6ns8lrp1t5h","previousOperationId":"nyukwdlkfvo9jt5"}
{"type":"log","timestamp":1684651111666,"level":"debug","message":"Inline data specified.","meta":{"rootId":"r2nstnr01e7r1n7","id":"kjoex6pmawsyr93"},"id":"kc45rh8zu3p24gp","previousOperationId":"nyukwdlkfvo9jt5"}
{"type":"log","timestamp":1684651111668,"level":"debug","message":"Base url not specified, skipping its injection.","meta":{"rootId":"r2nstnr01e7r1n7","id":"kjoex6pmawsyr93"},"id":"p6bt00drf2hkikf","previousOperationId":"nyukwdlkfvo9jt5"}
{"type":"operationStart","subtype":"engine","name":"handlebars","timestamp":1684651111669,"id":"zd3pq740jr10gwd","previousEventId":"e0ej8jzuyd66qc7","operationId":"26jwwyzehytztfb","previousOperationId":"nyukwdlkfvo9jt5"}
{"type":"log","timestamp":1684651111669,"level":"debug","message":"Rendering engine handlebars","meta":{"rootId":"r2nstnr01e7r1n7","id":"kjoex6pmawsyr93"},"id":"qjy5lvc3w76u6my","previousOperationId":"26jwwyzehytztfb"}
{"type":"operationEnd","operationId":"26jwwyzehytztfb","timestamp":1684651111691,"id":"5v0lxc9j7v5nnts","previousEventId":"zd3pq740jr10gwd","previousOperationId":"26jwwyzehytztfb"}
{"type":"operationStart","subtype":"recipe","name":"html","timestamp":1684651111691,"id":"luijlbb5yq9g48s","previousEventId":"5v0lxc9j7v5nnts","operationId":"6dwt5bf6ceur7ud","previousOperationId":"26jwwyzehytztfb"}
{"type":"log","timestamp":1684651111691,"level":"debug","message":"Executing recipe html","meta":{"rootId":"r2nstnr01e7r1n7","id":"kjoex6pmawsyr93"},"id":"2bnsthz81czuchn","previousOperationId":"6dwt5bf6ceur7ud"}
{"type":"operationEnd","operationId":"6dwt5bf6ceur7ud","timestamp":1684651111691,"id":"5piz7v6kuwf5j6s","previousEventId":"luijlbb5yq9g48s","previousOperationId":"6dwt5bf6ceur7ud"}
{"type":"log","timestamp":1684651111691,"level":"debug","message":"Skipping storing report.","meta":{"rootId":"r2nstnr01e7r1n7","id":"kjoex6pmawsyr93"},"id":"k7ke4yfica7o58z","previousOperationId":"6dwt5bf6ceur7ud"}
{"type":"log","timestamp":1684651111691,"level":"info","message":"Rendering (child) request finished in 87 ms","meta":{"rootId":"r2nstnr01e7r1n7","id":"kjoex6pmawsyr93"},"id":"c6ezrcf62e0a82m","previousOperationId":"6dwt5bf6ceur7ud"}
{"type":"operationEnd","subtype":"render","operationId":"nyukwdlkfvo9jt5","timestamp":1684651111691,"id":"86xff0fzorh26xa","previousEventId":"5piz7v6kuwf5j6s","previousOperationId":"6dwt5bf6ceur7ud"}
{"type":"log","timestamp":1684651111693,"level":"debug","message":"Converting with chrome HeadlessChrome/105.0.5173.0 using chrome-pool strategy","meta":{"rootId":"r2nstnr01e7r1n7","id":"r2nstnr01e7r1n7"},"id":"cy7pirqd7218b06","previousOperationId":"h3p4pu3u8k0sdsg"}
{"type":"log","timestamp":1684651111873,"level":"debug","message":"Page request: GET (document) file:///C:/Users/Adebayo/AppData/Local/Temp/jsreport/autocleanup/e72a97c7-ce6a-4823-a582-d3e8c8e3cb72-chrome-pdf.html","meta":{"rootId":"r2nstnr01e7r1n7","id":"r2nstnr01e7r1n7"},"id":"cwcyealihtm05es","previousOperationId":"h3p4pu3u8k0sdsg"}
{"type":"log","timestamp":1684651111893,"level":"debug","message":"Page request finished: GET (document) 200 file:///C:/Users/Adebayo/AppData/Local/Temp/jsreport/autocleanup/e72a97c7-ce6a-4823-a582-d3e8c8e3cb72-chrome-pdf.html","meta":{"rootId":"r2nstnr01e7r1n7","id":"r2nstnr01e7r1n7"},"id":"u7e5yvivg8yhcy4","previousOperationId":"h3p4pu3u8k0sdsg"}
{"type":"log","timestamp":1684651111893,"level":"debug","message":"Page request: GET (script) https://cdnjs.cloudflare.com/ajax/libs/Chart.js/2.1.6/Chart.min.js","meta":{"rootId":"r2nstnr01e7r1n7","id":"r2nstnr01e7r1n7"},"id":"nvt15mf4apg2j0f","previousOperationId":"h3p4pu3u8k0sdsg"}
{"type":"log","timestamp":1684651111903,"level":"debug","message":"Page request finished: GET (script) 200 https://cdnjs.cloudflare.com/ajax/libs/Chart.js/2.1.6/Chart.min.js","meta":{"rootId":"r2nstnr01e7r1n7","id":"r2nstnr01e7r1n7"},"id":"fifsvxo6c7sfjfn","previousOperationId":"h3p4pu3u8k0sdsg"}
{"type":"log","timestamp":1684651111909,"level":"warn","message":"Page error: SyntaxError: Unexpected token ','","meta":{"rootId":"r2nstnr01e7r1n7","id":"r2nstnr01e7r1n7"},"id":"e11s14d95p8cqxw","previousOperationId":"h3p4pu3u8k0sdsg"}
{"type":"log","timestamp":1684651111912,"level":"debug","message":"Running chrome with params {\"printBackground\":true,\"marginTop\":\"2cm\",\"marginRight\":\"1cm\",\"marginBottom\":\"2cm\",\"marginLeft\":\"1cm\",\"landscape\":false,\"format\":\"A4\",\"displayHeaderFooter\":true,\"footerTemplate\":\"...\",\"timeout\":59913,\"margin\":{\"top\":\"2cm\",\"right\":\"1cm\",\"bottom\":\"2cm\",\"left\":\"1cm\"}}","meta":{"rootId":"r2nstnr01e7r1n7","id":"r2nstnr01e7r1n7"},"id":"xz26wxo06lf5rdr","previousOperationId":"h3p4pu3u8k0sdsg"}
{"type":"operationEnd","operationId":"h3p4pu3u8k0sdsg","timestamp":1684651111996,"id":"uare37as6rxa7hz","previousEventId":"wrwv3g1c62ficrg","previousOperationId":"h3p4pu3u8k0sdsg"}
{"type":"log","timestamp":1684651111996,"level":"debug","message":"Skipping storing report.","meta":{"rootId":"r2nstnr01e7r1n7","id":"r2nstnr01e7r1n7"},"id":"9xj30i7mmtr8q7v","previousOperationId":"h3p4pu3u8k0sdsg"}
{"type":"log","timestamp":1684651111997,"level":"info","message":"Rendering request 85 finished in 393 ms","meta":{"rootId":"r2nstnr01e7r1n7","id":"r2nstnr01e7r1n7"},"id":"91oeeov6gxw7woj","previousOperationId":"h3p4pu3u8k0sdsg"}
{"type":"operationEnd","subtype":"render","operationId":"hh2odqo8eeq4o8o","timestamp":1684651111997,"id":"o6va3fop0ubko4d","previousEventId":"uare37as6rxa7hz","previousOperationId":"h3p4pu3u8k0sdsg"}
{"type":"operationEnd","doDiffs":false,"previousEventId":"y08y080gecy106q","previousOperationId":"e15ga69wo177k7x","operationId":"e15ga69wo177k7x","timestamp":1684651112004,"id":"8xllv6vh5to9kyb"}
