{"type":"operationStart","subtype":"profile","data":{"_id":"Re6U9CA768NuP2QK","timestamp":"2023-05-21T05:55:00.996Z","state":"queued","mode":"standard","creationDate":"2023-05-21T05:55:00.998Z","modificationDate":"2023-05-21T05:55:00.998Z","shortid":"vbTHKg7","$entitySet":"profiles"},"doDiffs":false,"timestamp":1684648500997,"id":"cjnafe1ddjlrurd","previousOperationId":null,"operationId":"b5onbkni1czl6eg"}
{"type":"log","level":"info","message":"Render request 57 queued for execution and waiting for available worker","previousOperationId":"b5onbkni1czl6eg","timestamp":1684648500997,"id":"gyko7fr3i80qlqr"}
{"type":"operationStart","subtype":"render","name":"invoice-js","previousOperationId":"b5onbkni1czl6eg","timestamp":1684648501009,"id":"upfl0gkba7sfhnd","previousEventId":"cjnafe1ddjlrurd","operationId":"g8dpsgj4cyqqz81"}
{"type":"log","timestamp":1684648501009,"level":"info","message":"Starting rendering request 57","meta":{"rootId":"rcqe6fziadm8qzk","id":"rcqe6fziadm8qzk"},"id":"q3aeg3fdg7foxf0","previousOperationId":"g8dpsgj4cyqqz81"}
{"type":"log","timestamp":1684648501009,"level":"info","message":"Rendering template { name: invoice-js, recipe: chrome-pdf, engine: handlebars, preview: true }","meta":{"rootId":"rcqe6fziadm8qzk","id":"rcqe6fziadm8qzk"},"id":"dofjq7emipwchok","previousOperationId":"g8dpsgj4cyqqz81"}
{"type":"log","timestamp":1684648501010,"level":"debug","message":"Inline data specified.","meta":{"rootId":"rcqe6fziadm8qzk","id":"rcqe6fziadm8qzk"},"id":"xeif88f8euhiuvy","previousOperationId":"g8dpsgj4cyqqz81"}
{"type":"log","timestamp":1684648501012,"level":"debug","message":"Base url not specified, skipping its injection.","meta":{"rootId":"rcqe6fziadm8qzk","id":"rcqe6fziadm8qzk"},"id":"uzrgz6c4g6gss65","previousOperationId":"g8dpsgj4cyqqz81"}
{"type":"operationStart","subtype":"engine","name":"handlebars","timestamp":1684648501012,"id":"2oe4xo9tzvrlxg5","previousEventId":"upfl0gkba7sfhnd","operationId":"hedxs5zzv8bug54","previousOperationId":"g8dpsgj4cyqqz81"}
{"type":"log","timestamp":1684648501012,"level":"debug","message":"Rendering engine handlebars","meta":{"rootId":"rcqe6fziadm8qzk","id":"rcqe6fziadm8qzk"},"id":"uqr75yzcbowd4v5","previousOperationId":"hedxs5zzv8bug54"}
{"type":"operationEnd","operationId":"hedxs5zzv8bug54","timestamp":1684648501025,"id":"bg286a8ll356h1v","previousEventId":"2oe4xo9tzvrlxg5","previousOperationId":"hedxs5zzv8bug54"}
{"type":"operationStart","subtype":"recipe","name":"chrome-pdf","timestamp":1684648501026,"id":"z0k9xg02kw5nq62","previousEventId":"bg286a8ll356h1v","operationId":"vr1ojwbt8pbxd76","previousOperationId":"hedxs5zzv8bug54"}
{"type":"log","timestamp":1684648501026,"level":"debug","message":"Executing recipe chrome-pdf","meta":{"rootId":"rcqe6fziadm8qzk","id":"rcqe6fziadm8qzk"},"id":"0ymrtp1buwivxkg","previousOperationId":"vr1ojwbt8pbxd76"}
{"type":"log","timestamp":1684648501027,"level":"debug","message":"Starting child request to render pdf footer","meta":{"rootId":"rcqe6fziadm8qzk","id":"rcqe6fziadm8qzk"},"id":"508ophed4yddszi","previousOperationId":"vr1ojwbt8pbxd76"}
{"type":"operationStart","subtype":"render","name":"anonymous","previousOperationId":"vr1ojwbt8pbxd76","timestamp":1684648501028,"id":"qqm1ez9ulzehwrc","previousEventId":"z0k9xg02kw5nq62","operationId":"sggjpq1fefm54w9"}
{"type":"log","timestamp":1684648501028,"level":"info","message":"Starting rendering (child) request","meta":{"rootId":"rcqe6fziadm8qzk","id":"jo40v2jldjt3i24"},"id":"lo4ez67w7gx6slx","previousOperationId":"sggjpq1fefm54w9"}
{"type":"log","timestamp":1684648501028,"level":"info","message":"Rendering anonymous template { recipe: html, engine: handlebars }","meta":{"rootId":"rcqe6fziadm8qzk","id":"jo40v2jldjt3i24"},"id":"o5334xp4m6w6bpr","previousOperationId":"sggjpq1fefm54w9"}
{"type":"log","timestamp":1684648501028,"level":"debug","message":"Inline data specified.","meta":{"rootId":"rcqe6fziadm8qzk","id":"jo40v2jldjt3i24"},"id":"50un1jb0vzhcxpx","previousOperationId":"sggjpq1fefm54w9"}
{"type":"log","timestamp":1684648501029,"level":"debug","message":"Base url not specified, skipping its injection.","meta":{"rootId":"rcqe6fziadm8qzk","id":"jo40v2jldjt3i24"},"id":"6a1lig5h6u63epm","previousOperationId":"sggjpq1fefm54w9"}
{"type":"operationStart","subtype":"engine","name":"handlebars","timestamp":1684648501029,"id":"lb58uqacjpixz4r","previousEventId":"qqm1ez9ulzehwrc","operationId":"l3ez076ie9fjsz1","previousOperationId":"sggjpq1fefm54w9"}
{"type":"log","timestamp":1684648501029,"level":"debug","message":"Rendering engine handlebars","meta":{"rootId":"rcqe6fziadm8qzk","id":"jo40v2jldjt3i24"},"id":"tb4sm2grr8n68k3","previousOperationId":"l3ez076ie9fjsz1"}
{"type":"operationEnd","operationId":"l3ez076ie9fjsz1","timestamp":1684648501040,"id":"v0r86gsmn11s6u2","previousEventId":"lb58uqacjpixz4r","previousOperationId":"l3ez076ie9fjsz1"}
{"type":"operationStart","subtype":"recipe","name":"html","timestamp":1684648501040,"id":"c1giz3rvow0mb4e","previousEventId":"v0r86gsmn11s6u2","operationId":"lc63xewrnfvy932","previousOperationId":"l3ez076ie9fjsz1"}
{"type":"log","timestamp":1684648501040,"level":"debug","message":"Executing recipe html","meta":{"rootId":"rcqe6fziadm8qzk","id":"jo40v2jldjt3i24"},"id":"5d9wbljeyfzwqpp","previousOperationId":"lc63xewrnfvy932"}
{"type":"operationEnd","operationId":"lc63xewrnfvy932","timestamp":1684648501040,"id":"d8bzd25q50p0n4v","previousEventId":"c1giz3rvow0mb4e","previousOperationId":"lc63xewrnfvy932"}
{"type":"log","timestamp":1684648501040,"level":"debug","message":"Skipping storing report.","meta":{"rootId":"rcqe6fziadm8qzk","id":"jo40v2jldjt3i24"},"id":"9wsyvugdapv0b57","previousOperationId":"lc63xewrnfvy932"}
{"type":"log","timestamp":1684648501040,"level":"info","message":"Rendering (child) request finished in 44 ms","meta":{"rootId":"rcqe6fziadm8qzk","id":"jo40v2jldjt3i24"},"id":"hdzjcmevbk7101g","previousOperationId":"lc63xewrnfvy932"}
{"type":"operationEnd","subtype":"render","operationId":"sggjpq1fefm54w9","timestamp":1684648501040,"id":"1up08gx3c7p8dfq","previousEventId":"d8bzd25q50p0n4v","previousOperationId":"lc63xewrnfvy932"}
{"type":"log","timestamp":1684648501041,"level":"debug","message":"Converting with chrome HeadlessChrome/105.0.5173.0 using chrome-pool strategy","meta":{"rootId":"rcqe6fziadm8qzk","id":"rcqe6fziadm8qzk"},"id":"wv3ila8bk9xxr82","previousOperationId":"vr1ojwbt8pbxd76"}
{"type":"log","timestamp":1684648501156,"level":"debug","message":"Page request: GET (document) file:///C:/Users/Adebayo/AppData/Local/Temp/jsreport/autocleanup/d08ecfbe-46a4-4796-86a6-9c7f84f2a66b-chrome-pdf.html","meta":{"rootId":"rcqe6fziadm8qzk","id":"rcqe6fziadm8qzk"},"id":"lqbo1h2lcv2kowy","previousOperationId":"vr1ojwbt8pbxd76"}
{"type":"log","timestamp":1684648501170,"level":"debug","message":"Page request finished: GET (document) 200 file:///C:/Users/Adebayo/AppData/Local/Temp/jsreport/autocleanup/d08ecfbe-46a4-4796-86a6-9c7f84f2a66b-chrome-pdf.html","meta":{"rootId":"rcqe6fziadm8qzk","id":"rcqe6fziadm8qzk"},"id":"rinvoqbqn0wjmsr","previousOperationId":"vr1ojwbt8pbxd76"}
{"type":"log","timestamp":1684648501170,"level":"debug","message":"Page request: GET (script) https://cdn.jsdelivr.net/npm/chart.js","meta":{"rootId":"rcqe6fziadm8qzk","id":"rcqe6fziadm8qzk"},"id":"ckqffi7zswidmsq","previousOperationId":"vr1ojwbt8pbxd76"}
{"type":"log","timestamp":1684648501175,"level":"debug","message":"Page request finished: GET (script) 200 https://cdn.jsdelivr.net/npm/chart.js","meta":{"rootId":"rcqe6fziadm8qzk","id":"rcqe6fziadm8qzk"},"id":"q5urugs1prmym1a","previousOperationId":"vr1ojwbt8pbxd76"}
{"type":"log","timestamp":1684648501268,"level":"debug","message":"Running chrome with params {\"printBackground\":true,\"marginTop\":\"2cm\",\"marginRight\":\"1cm\",\"marginBottom\":\"2cm\",\"marginLeft\":\"1cm\",\"footerTemplate\":\"...\",\"landscape\":false,\"format\":\"A4\",\"displayHeaderFooter\":true,\"timeout\":59956,\"margin\":{\"top\":\"2cm\",\"right\":\"1cm\",\"bottom\":\"2cm\",\"left\":\"1cm\"}}","meta":{"rootId":"rcqe6fziadm8qzk","id":"rcqe6fziadm8qzk"},"id":"kcbmgxyy0nsvdb6","previousOperationId":"vr1ojwbt8pbxd76"}
{"type":"operationEnd","operationId":"vr1ojwbt8pbxd76","timestamp":1684648501331,"id":"wkftsqzl0lyyk6n","previousEventId":"z0k9xg02kw5nq62","previousOperationId":"vr1ojwbt8pbxd76"}
{"type":"log","timestamp":1684648501331,"level":"debug","message":"Skipping storing report.","meta":{"rootId":"rcqe6fziadm8qzk","id":"rcqe6fziadm8qzk"},"id":"65ixrc1kyvum7x8","previousOperationId":"vr1ojwbt8pbxd76"}
{"type":"log","timestamp":1684648501331,"level":"info","message":"Rendering request 57 finished in 335 ms","meta":{"rootId":"rcqe6fziadm8qzk","id":"rcqe6fziadm8qzk"},"id":"3a8m6qrlj312pkf","previousOperationId":"vr1ojwbt8pbxd76"}
{"type":"operationEnd","subtype":"render","operationId":"g8dpsgj4cyqqz81","timestamp":1684648501331,"id":"jk9q1v2zj2zrw9f","previousEventId":"wkftsqzl0lyyk6n","previousOperationId":"vr1ojwbt8pbxd76"}
{"type":"operationEnd","doDiffs":false,"previousEventId":"cjnafe1ddjlrurd","previousOperationId":"b5onbkni1czl6eg","operationId":"b5onbkni1czl6eg","timestamp":1684648501338,"id":"8939qi28m5yxppu"}
