{"type":"operationStart","subtype":"profile","data":{"_id":"TroA0fsHAQAEhamK","timestamp":"2023-05-21T05:42:50.441Z","state":"queued","mode":"standard","creationDate":"2023-05-21T05:42:50.442Z","modificationDate":"2023-05-21T05:42:50.442Z","shortid":"svpgPyr","$entitySet":"profiles"},"doDiffs":false,"timestamp":1684647770441,"id":"eie528yvggmk372","previousOperationId":null,"operationId":"zzjdy0v5a6ehgiu"}
{"type":"log","level":"info","message":"Render request 43 queued for execution and waiting for available worker","previousOperationId":"zzjdy0v5a6ehgiu","timestamp":1684647770442,"id":"xlufycwslmi5131"}
{"type":"operationStart","subtype":"render","name":"invoice-js","previousOperationId":"zzjdy0v5a6ehgiu","timestamp":1684647770452,"id":"k264ylktl1zgmeo","previousEventId":"eie528yvggmk372","operationId":"khpm82bt1wveion"}
{"type":"log","timestamp":1684647770452,"level":"info","message":"Starting rendering request 43","meta":{"rootId":"rg865rxy888jtv2","id":"rg865rxy888jtv2"},"id":"8laeof2nj31l24u","previousOperationId":"khpm82bt1wveion"}
{"type":"log","timestamp":1684647770452,"level":"info","message":"Rendering template { name: invoice-js, recipe: chrome-pdf, engine: handlebars, preview: true }","meta":{"rootId":"rg865rxy888jtv2","id":"rg865rxy888jtv2"},"id":"oaznf16d91l7qi2","previousOperationId":"khpm82bt1wveion"}
{"type":"log","timestamp":1684647770453,"level":"debug","message":"Inline data specified.","meta":{"rootId":"rg865rxy888jtv2","id":"rg865rxy888jtv2"},"id":"akktz567kvx0kxe","previousOperationId":"khpm82bt1wveion"}
{"type":"log","timestamp":1684647770456,"level":"debug","message":"Base url not specified, skipping its injection.","meta":{"rootId":"rg865rxy888jtv2","id":"rg865rxy888jtv2"},"id":"lsmcyl8n40quvyf","previousOperationId":"khpm82bt1wveion"}
{"type":"operationStart","subtype":"engine","name":"handlebars","timestamp":1684647770456,"id":"itynow6yv3odakr","previousEventId":"k264ylktl1zgmeo","operationId":"l05y3csye7n0zya","previousOperationId":"khpm82bt1wveion"}
{"type":"log","timestamp":1684647770456,"level":"debug","message":"Rendering engine handlebars","meta":{"rootId":"rg865rxy888jtv2","id":"rg865rxy888jtv2"},"id":"n36crqzzkp5ifub","previousOperationId":"l05y3csye7n0zya"}
{"type":"operationEnd","operationId":"l05y3csye7n0zya","timestamp":1684647770471,"id":"trfkiesz3egiehf","previousEventId":"itynow6yv3odakr","previousOperationId":"l05y3csye7n0zya"}
{"type":"operationStart","subtype":"recipe","name":"chrome-pdf","timestamp":1684647770471,"id":"9v99gqfnlhfm2cu","previousEventId":"trfkiesz3egiehf","operationId":"ndm2fqqcyh0kqbn","previousOperationId":"l05y3csye7n0zya"}
{"type":"log","timestamp":1684647770471,"level":"debug","message":"Executing recipe chrome-pdf","meta":{"rootId":"rg865rxy888jtv2","id":"rg865rxy888jtv2"},"id":"xpz3cs3di1kf5ia","previousOperationId":"ndm2fqqcyh0kqbn"}
{"type":"log","timestamp":1684647770475,"level":"debug","message":"Converting with chrome HeadlessChrome/105.0.5173.0 using chrome-pool strategy","meta":{"rootId":"rg865rxy888jtv2","id":"rg865rxy888jtv2"},"id":"c75qeabj17jvwl6","previousOperationId":"ndm2fqqcyh0kqbn"}
{"type":"log","timestamp":1684647770585,"level":"debug","message":"Page request: GET (document) file:///C:/Users/Adebayo/AppData/Local/Temp/jsreport/autocleanup/2db116c9-03b1-4bad-94e2-91954502441b-chrome-pdf.html","meta":{"rootId":"rg865rxy888jtv2","id":"rg865rxy888jtv2"},"id":"u0zhdp9c7szwymb","previousOperationId":"ndm2fqqcyh0kqbn"}
{"type":"log","timestamp":1684647770601,"level":"debug","message":"Page request finished: GET (document) 200 file:///C:/Users/Adebayo/AppData/Local/Temp/jsreport/autocleanup/2db116c9-03b1-4bad-94e2-91954502441b-chrome-pdf.html","meta":{"rootId":"rg865rxy888jtv2","id":"rg865rxy888jtv2"},"id":"l1qqmgcp688u618","previousOperationId":"ndm2fqqcyh0kqbn"}
{"type":"log","timestamp":1684647770602,"level":"debug","message":"Page request: GET (script) https://cdn.jsdelivr.net/npm/chart.js","meta":{"rootId":"rg865rxy888jtv2","id":"rg865rxy888jtv2"},"id":"kwrvo0a3aoodjeb","previousOperationId":"ndm2fqqcyh0kqbn"}
{"type":"log","timestamp":1684647770609,"level":"debug","message":"Page request finished: GET (script) 200 https://cdn.jsdelivr.net/npm/chart.js","meta":{"rootId":"rg865rxy888jtv2","id":"rg865rxy888jtv2"},"id":"9tgbzz126du5f1h","previousOperationId":"ndm2fqqcyh0kqbn"}
{"type":"log","timestamp":1684647770615,"level":"warn","message":"Page error: SyntaxError: Unexpected identifier","meta":{"rootId":"rg865rxy888jtv2","id":"rg865rxy888jtv2"},"id":"nxmkcuj5icfct4n","previousOperationId":"ndm2fqqcyh0kqbn"}
{"type":"log","timestamp":1684647770618,"level":"debug","message":"Running chrome with params {\"printBackground\":true,\"marginTop\":\"2cm\",\"marginRight\":\"1cm\",\"marginBottom\":\"2cm\",\"marginLeft\":\"1cm\",\"landscape\":false,\"format\":\"A4\",\"displayHeaderFooter\":true,\"timeout\":59967,\"margin\":{\"top\":\"2cm\",\"right\":\"1cm\",\"bottom\":\"2cm\",\"left\":\"1cm\"}}","meta":{"rootId":"rg865rxy888jtv2","id":"rg865rxy888jtv2"},"id":"kecmtcas654cts3","previousOperationId":"ndm2fqqcyh0kqbn"}
{"type":"operationEnd","operationId":"ndm2fqqcyh0kqbn","timestamp":1684647770717,"id":"aeceef5ztetghgj","previousEventId":"9v99gqfnlhfm2cu","previousOperationId":"ndm2fqqcyh0kqbn"}
{"type":"log","timestamp":1684647770717,"level":"debug","message":"Skipping storing report.","meta":{"rootId":"rg865rxy888jtv2","id":"rg865rxy888jtv2"},"id":"p9yxmfar54rh940","previousOperationId":"ndm2fqqcyh0kqbn"}
{"type":"log","timestamp":1684647770717,"level":"info","message":"Rendering request 43 finished in 276 ms","meta":{"rootId":"rg865rxy888jtv2","id":"rg865rxy888jtv2"},"id":"i9qre8tflt2nxuf","previousOperationId":"ndm2fqqcyh0kqbn"}
{"type":"operationEnd","subtype":"render","operationId":"khpm82bt1wveion","timestamp":1684647770717,"id":"ga37kok3duhuxyp","previousEventId":"aeceef5ztetghgj","previousOperationId":"ndm2fqqcyh0kqbn"}
{"type":"operationEnd","doDiffs":false,"previousEventId":"eie528yvggmk372","previousOperationId":"zzjdy0v5a6ehgiu","operationId":"zzjdy0v5a6ehgiu","timestamp":1684647770722,"id":"q2xe6oi6vffl2h6"}
