{"type":"operationStart","subtype":"profile","data":{"_id":"uKjZWAACPr1mD5KZ","timestamp":"2023-05-21T11:27:40.766Z","state":"queued","mode":"standard","creationDate":"2023-05-21T11:27:40.772Z","modificationDate":"2023-05-21T11:27:40.772Z","shortid":"9Z6-quC","$entitySet":"profiles"},"doDiffs":false,"timestamp":1684668460769,"id":"ln61quck897uymj","previousOperationId":null,"operationId":"hqkt5wpupah35yv"}
{"type":"log","level":"info","message":"Render request 171 queued for execution and waiting for available worker","previousOperationId":"hqkt5wpupah35yv","timestamp":1684668460770,"id":"tkqxkagr9lo6pbx"}
{"type":"operationStart","subtype":"render","name":"invoice-js","previousOperationId":"hqkt5wpupah35yv","timestamp":1684668460785,"id":"l3xzrtipww8irgq","previousEventId":"ln61quck897uymj","operationId":"aog16o0lv3gfx1g"}
{"type":"log","timestamp":1684668460785,"level":"info","message":"Starting rendering request 171","meta":{"rootId":"sm4urxgn05jg553","id":"sm4urxgn05jg553"},"id":"dg1k5htgc0av640","previousOperationId":"aog16o0lv3gfx1g"}
{"type":"log","timestamp":1684668460785,"level":"info","message":"Rendering template { name: invoice-js, recipe: chrome-pdf, engine: handlebars, preview: false }","meta":{"rootId":"sm4urxgn05jg553","id":"sm4urxgn05jg553"},"id":"pk5gc0dod363wln","previousOperationId":"aog16o0lv3gfx1g"}
{"type":"log","timestamp":1684668460789,"level":"debug","message":"Inline data specified.","meta":{"rootId":"sm4urxgn05jg553","id":"sm4urxgn05jg553"},"id":"fh5ygsr8h9jx6lt","previousOperationId":"aog16o0lv3gfx1g"}
{"type":"log","timestamp":1684668460793,"level":"debug","message":"Base url not specified, skipping its injection.","meta":{"rootId":"sm4urxgn05jg553","id":"sm4urxgn05jg553"},"id":"712rhcb5azqhp2a","previousOperationId":"aog16o0lv3gfx1g"}
{"type":"operationStart","subtype":"engine","name":"handlebars","timestamp":1684668460794,"id":"qum08uqio82o47x","previousEventId":"l3xzrtipww8irgq","operationId":"stw6cfxtdn2mtg0","previousOperationId":"aog16o0lv3gfx1g"}
{"type":"log","timestamp":1684668460794,"level":"debug","message":"Rendering engine handlebars","meta":{"rootId":"sm4urxgn05jg553","id":"sm4urxgn05jg553"},"id":"h2ayhtxxvy1npl6","previousOperationId":"stw6cfxtdn2mtg0"}
{"type":"operationEnd","operationId":"stw6cfxtdn2mtg0","timestamp":1684668460820,"id":"1dgac99i7wua9u3","previousEventId":"qum08uqio82o47x","previousOperationId":"stw6cfxtdn2mtg0"}
{"type":"operationStart","subtype":"recipe","name":"chrome-pdf","timestamp":1684668460820,"id":"jb6i3i5ypwtbjio","previousEventId":"1dgac99i7wua9u3","operationId":"t6umvj25g4kta5s","previousOperationId":"stw6cfxtdn2mtg0"}
{"type":"log","timestamp":1684668460820,"level":"debug","message":"Executing recipe chrome-pdf","meta":{"rootId":"sm4urxgn05jg553","id":"sm4urxgn05jg553"},"id":"rzhi2sxfw8rkjuj","previousOperationId":"t6umvj25g4kta5s"}
{"type":"log","timestamp":1684668460823,"level":"debug","message":"Starting child request to render pdf footer","meta":{"rootId":"sm4urxgn05jg553","id":"sm4urxgn05jg553"},"id":"31efmkundwzjop8","previousOperationId":"t6umvj25g4kta5s"}
{"type":"operationStart","subtype":"render","name":"anonymous","previousOperationId":"t6umvj25g4kta5s","timestamp":1684668460823,"id":"jz5zzug9cc49xyv","previousEventId":"jb6i3i5ypwtbjio","operationId":"l6j2v3l1zevge4j"}
{"type":"log","timestamp":1684668460823,"level":"info","message":"Starting rendering (child) request","meta":{"rootId":"sm4urxgn05jg553","id":"gwiucojbynw1rai"},"id":"457hoiyi4jpu9c0","previousOperationId":"l6j2v3l1zevge4j"}
{"type":"log","timestamp":1684668460824,"level":"info","message":"Rendering anonymous template { recipe: html, engine: handlebars }","meta":{"rootId":"sm4urxgn05jg553","id":"gwiucojbynw1rai"},"id":"l80u54mtwueqz2d","previousOperationId":"l6j2v3l1zevge4j"}
{"type":"log","timestamp":1684668460824,"level":"debug","message":"Inline data specified.","meta":{"rootId":"sm4urxgn05jg553","id":"gwiucojbynw1rai"},"id":"4776nrifnopqxyh","previousOperationId":"l6j2v3l1zevge4j"}
{"type":"log","timestamp":1684668460826,"level":"debug","message":"Base url not specified, skipping its injection.","meta":{"rootId":"sm4urxgn05jg553","id":"gwiucojbynw1rai"},"id":"9kjl0rtzt7wdzzf","previousOperationId":"l6j2v3l1zevge4j"}
{"type":"operationStart","subtype":"engine","name":"handlebars","timestamp":1684668460826,"id":"fuedyi4vr13hf4t","previousEventId":"jz5zzug9cc49xyv","operationId":"fb59yhbtpxo60l7","previousOperationId":"l6j2v3l1zevge4j"}
{"type":"log","timestamp":1684668460826,"level":"debug","message":"Rendering engine handlebars","meta":{"rootId":"sm4urxgn05jg553","id":"gwiucojbynw1rai"},"id":"52vbwdjjdzd5t9j","previousOperationId":"fb59yhbtpxo60l7"}
{"type":"operationEnd","operationId":"fb59yhbtpxo60l7","timestamp":1684668460850,"id":"adjshnr2j2a670e","previousEventId":"fuedyi4vr13hf4t","previousOperationId":"fb59yhbtpxo60l7"}
{"type":"operationStart","subtype":"recipe","name":"html","timestamp":1684668460850,"id":"o9bf31kxca9xc0r","previousEventId":"adjshnr2j2a670e","operationId":"qrccr8mnhpk5mqo","previousOperationId":"fb59yhbtpxo60l7"}
{"type":"log","timestamp":1684668460850,"level":"debug","message":"Executing recipe html","meta":{"rootId":"sm4urxgn05jg553","id":"gwiucojbynw1rai"},"id":"l6s48oup9fw65pm","previousOperationId":"qrccr8mnhpk5mqo"}
{"type":"operationEnd","operationId":"qrccr8mnhpk5mqo","timestamp":1684668460850,"id":"ythqjqary1sa1i9","previousEventId":"o9bf31kxca9xc0r","previousOperationId":"qrccr8mnhpk5mqo"}
{"type":"log","timestamp":1684668460850,"level":"debug","message":"Skipping storing report.","meta":{"rootId":"sm4urxgn05jg553","id":"gwiucojbynw1rai"},"id":"ecd8i1q61fle91f","previousOperationId":"qrccr8mnhpk5mqo"}
{"type":"log","timestamp":1684668460850,"level":"info","message":"Rendering (child) request finished in 85 ms","meta":{"rootId":"sm4urxgn05jg553","id":"gwiucojbynw1rai"},"id":"4gv4aruhlqdv3tx","previousOperationId":"qrccr8mnhpk5mqo"}
{"type":"operationEnd","subtype":"render","operationId":"l6j2v3l1zevge4j","timestamp":1684668460850,"id":"4h8iybysai2l5eo","previousEventId":"ythqjqary1sa1i9","previousOperationId":"qrccr8mnhpk5mqo"}
{"type":"log","timestamp":1684668460855,"level":"debug","message":"Converting with chrome HeadlessChrome/105.0.5173.0 using chrome-pool strategy","meta":{"rootId":"sm4urxgn05jg553","id":"sm4urxgn05jg553"},"id":"5q0a5q1o6r36vi2","previousOperationId":"t6umvj25g4kta5s"}
{"type":"log","timestamp":1684668461024,"level":"debug","message":"Page request: GET (document) file:///C:/Users/Adebayo/AppData/Local/Temp/jsreport/autocleanup/e0a71641-5278-4153-8181-8abc5a61b3ce-chrome-pdf.html","meta":{"rootId":"sm4urxgn05jg553","id":"sm4urxgn05jg553"},"id":"s66sxx85s73wm5w","previousOperationId":"t6umvj25g4kta5s"}
{"type":"log","timestamp":1684668461047,"level":"debug","message":"Page request finished: GET (document) 200 file:///C:/Users/Adebayo/AppData/Local/Temp/jsreport/autocleanup/e0a71641-5278-4153-8181-8abc5a61b3ce-chrome-pdf.html","meta":{"rootId":"sm4urxgn05jg553","id":"sm4urxgn05jg553"},"id":"osnbaca6r62fppk","previousOperationId":"t6umvj25g4kta5s"}
{"type":"log","timestamp":1684668461048,"level":"debug","message":"Page request: GET (script) https://cdnjs.cloudflare.com/ajax/libs/Chart.js/2.1.6/Chart.min.js","meta":{"rootId":"sm4urxgn05jg553","id":"sm4urxgn05jg553"},"id":"dsnotzjfcewighu","previousOperationId":"t6umvj25g4kta5s"}
{"type":"log","timestamp":1684668461058,"level":"debug","message":"Page request finished: GET (script) 200 https://cdnjs.cloudflare.com/ajax/libs/Chart.js/2.1.6/Chart.min.js","meta":{"rootId":"sm4urxgn05jg553","id":"sm4urxgn05jg553"},"id":"hwxrgs1wtzqhd0j","previousOperationId":"t6umvj25g4kta5s"}
{"type":"log","timestamp":1684668461168,"level":"debug","message":"Running chrome with params {\"printBackground\":true,\"marginTop\":\"2cm\",\"marginRight\":\"1cm\",\"marginBottom\":\"2cm\",\"marginLeft\":\"1cm\",\"landscape\":false,\"format\":\"A4\",\"displayHeaderFooter\":true,\"footerTemplate\":\"...\",\"timeout\":59914,\"margin\":{\"top\":\"2cm\",\"right\":\"1cm\",\"bottom\":\"2cm\",\"left\":\"1cm\"}}","meta":{"rootId":"sm4urxgn05jg553","id":"sm4urxgn05jg553"},"id":"f8bkdd1plvarsza","previousOperationId":"t6umvj25g4kta5s"}
{"type":"operationEnd","operationId":"t6umvj25g4kta5s","timestamp":1684668461323,"id":"fzvhs8oa1gqpga8","previousEventId":"jb6i3i5ypwtbjio","previousOperationId":"t6umvj25g4kta5s"}
{"type":"log","timestamp":1684668461323,"level":"debug","message":"Skipping storing report.","meta":{"rootId":"sm4urxgn05jg553","id":"sm4urxgn05jg553"},"id":"rnox4bwxzggnq1p","previousOperationId":"t6umvj25g4kta5s"}
{"type":"log","timestamp":1684668461323,"level":"info","message":"Rendering request 171 finished in 558 ms","meta":{"rootId":"sm4urxgn05jg553","id":"sm4urxgn05jg553"},"id":"s36xbw5y94me0nv","previousOperationId":"t6umvj25g4kta5s"}
{"type":"operationEnd","subtype":"render","operationId":"aog16o0lv3gfx1g","timestamp":1684668461323,"id":"sgqgf1sq4ss94vh","previousEventId":"fzvhs8oa1gqpga8","previousOperationId":"t6umvj25g4kta5s"}
{"type":"operationEnd","doDiffs":false,"previousEventId":"ln61quck897uymj","previousOperationId":"hqkt5wpupah35yv","operationId":"hqkt5wpupah35yv","timestamp":1684668461330,"id":"xf338yadsvvp2mp"}
