{"type":"operationStart","subtype":"profile","data":{"_id":"kaneC28MMkcILkfC","timestamp":"2023-05-21T07:32:01.955Z","state":"queued","mode":"standard","creationDate":"2023-05-21T07:32:01.959Z","modificationDate":"2023-05-21T07:32:01.959Z","shortid":"Z23zKra","$entitySet":"profiles"},"doDiffs":false,"timestamp":1684654321957,"id":"rkyosyji7mfwbze","previousOperationId":null,"operationId":"fl52uxmvmip6tx4"}
{"type":"log","level":"info","message":"Render request 143 queued for execution and waiting for available worker","previousOperationId":"fl52uxmvmip6tx4","timestamp":1684654321957,"id":"w85f3udquy0aktp"}
{"type":"operationStart","subtype":"render","name":"invoice-js","previousOperationId":"fl52uxmvmip6tx4","timestamp":1684654321980,"id":"lwjsjjcuao71alh","previousEventId":"rkyosyji7mfwbze","operationId":"u1zzvm7qhr95ppi"}
{"type":"log","timestamp":1684654321980,"level":"info","message":"Starting rendering request 143","meta":{"rootId":"tcqhsccmxtv1jws","id":"tcqhsccmxtv1jws"},"id":"semvm60kjox9f9v","previousOperationId":"u1zzvm7qhr95ppi"}
{"type":"log","timestamp":1684654321980,"level":"info","message":"Rendering template { name: invoice-js, recipe: chrome-pdf, engine: handlebars, preview: false }","meta":{"rootId":"tcqhsccmxtv1jws","id":"tcqhsccmxtv1jws"},"id":"a8953xpjiv9pbl2","previousOperationId":"u1zzvm7qhr95ppi"}
{"type":"log","timestamp":1684654321982,"level":"debug","message":"Inline data specified.","meta":{"rootId":"tcqhsccmxtv1jws","id":"tcqhsccmxtv1jws"},"id":"t4wx8h1yhogy46b","previousOperationId":"u1zzvm7qhr95ppi"}
{"type":"log","timestamp":1684654321987,"level":"debug","message":"Base url not specified, skipping its injection.","meta":{"rootId":"tcqhsccmxtv1jws","id":"tcqhsccmxtv1jws"},"id":"1wkuvctaee45zq1","previousOperationId":"u1zzvm7qhr95ppi"}
{"type":"operationStart","subtype":"engine","name":"handlebars","timestamp":1684654321987,"id":"rxrwgojptjhtwao","previousEventId":"lwjsjjcuao71alh","operationId":"cyaakw72agoavgy","previousOperationId":"u1zzvm7qhr95ppi"}
{"type":"log","timestamp":1684654321987,"level":"debug","message":"Rendering engine handlebars","meta":{"rootId":"tcqhsccmxtv1jws","id":"tcqhsccmxtv1jws"},"id":"qm7q25wotjr2pdb","previousOperationId":"cyaakw72agoavgy"}
{"type":"operationEnd","operationId":"cyaakw72agoavgy","timestamp":1684654322009,"id":"isbhgt11u1wqess","previousEventId":"rxrwgojptjhtwao","previousOperationId":"cyaakw72agoavgy"}
{"type":"operationStart","subtype":"recipe","name":"chrome-pdf","timestamp":1684654322009,"id":"1z57y2bfugl2p0d","previousEventId":"isbhgt11u1wqess","operationId":"kjc1hun1lc2znh2","previousOperationId":"cyaakw72agoavgy"}
{"type":"log","timestamp":1684654322010,"level":"debug","message":"Executing recipe chrome-pdf","meta":{"rootId":"tcqhsccmxtv1jws","id":"tcqhsccmxtv1jws"},"id":"kqao51wf5vqznzw","previousOperationId":"kjc1hun1lc2znh2"}
{"type":"log","timestamp":1684654322014,"level":"debug","message":"Starting child request to render pdf footer","meta":{"rootId":"tcqhsccmxtv1jws","id":"tcqhsccmxtv1jws"},"id":"aqrjnlky9yvzmbq","previousOperationId":"kjc1hun1lc2znh2"}
{"type":"operationStart","subtype":"render","name":"anonymous","previousOperationId":"kjc1hun1lc2znh2","timestamp":1684654322014,"id":"5bgp8ifeq8igaxc","previousEventId":"1z57y2bfugl2p0d","operationId":"dte87ql6058ea4z"}
{"type":"log","timestamp":1684654322014,"level":"info","message":"Starting rendering (child) request","meta":{"rootId":"tcqhsccmxtv1jws","id":"sguxyluh85vss7b"},"id":"n3uty0ch73dc8os","previousOperationId":"dte87ql6058ea4z"}
{"type":"log","timestamp":1684654322014,"level":"info","message":"Rendering anonymous template { recipe: html, engine: handlebars }","meta":{"rootId":"tcqhsccmxtv1jws","id":"sguxyluh85vss7b"},"id":"mb01zsn5qyogmxr","previousOperationId":"dte87ql6058ea4z"}
{"type":"log","timestamp":1684654322014,"level":"debug","message":"Inline data specified.","meta":{"rootId":"tcqhsccmxtv1jws","id":"sguxyluh85vss7b"},"id":"tnsnse6s1fu38ju","previousOperationId":"dte87ql6058ea4z"}
{"type":"log","timestamp":1684654322016,"level":"debug","message":"Base url not specified, skipping its injection.","meta":{"rootId":"tcqhsccmxtv1jws","id":"sguxyluh85vss7b"},"id":"zdo3sewuk8d2b5z","previousOperationId":"dte87ql6058ea4z"}
{"type":"operationStart","subtype":"engine","name":"handlebars","timestamp":1684654322016,"id":"xofy8nam724ogwv","previousEventId":"5bgp8ifeq8igaxc","operationId":"6voafa7n3ryccp6","previousOperationId":"dte87ql6058ea4z"}
{"type":"log","timestamp":1684654322016,"level":"debug","message":"Rendering engine handlebars","meta":{"rootId":"tcqhsccmxtv1jws","id":"sguxyluh85vss7b"},"id":"jx4hzqmxp7jyjwu","previousOperationId":"6voafa7n3ryccp6"}
{"type":"operationEnd","operationId":"6voafa7n3ryccp6","timestamp":1684654322039,"id":"0tyd0cjamzpoj4v","previousEventId":"xofy8nam724ogwv","previousOperationId":"6voafa7n3ryccp6"}
{"type":"operationStart","subtype":"recipe","name":"html","timestamp":1684654322039,"id":"fvsxbhct3sk0g96","previousEventId":"0tyd0cjamzpoj4v","operationId":"4uiqkavzebmk27t","previousOperationId":"6voafa7n3ryccp6"}
{"type":"log","timestamp":1684654322039,"level":"debug","message":"Executing recipe html","meta":{"rootId":"tcqhsccmxtv1jws","id":"sguxyluh85vss7b"},"id":"lhr4ychgbnnzyid","previousOperationId":"4uiqkavzebmk27t"}
{"type":"operationEnd","operationId":"4uiqkavzebmk27t","timestamp":1684654322039,"id":"7c6oag3imq01ypn","previousEventId":"fvsxbhct3sk0g96","previousOperationId":"4uiqkavzebmk27t"}
{"type":"log","timestamp":1684654322039,"level":"debug","message":"Skipping storing report.","meta":{"rootId":"tcqhsccmxtv1jws","id":"sguxyluh85vss7b"},"id":"32zu85y03zuk0rq","previousOperationId":"4uiqkavzebmk27t"}
{"type":"log","timestamp":1684654322040,"level":"info","message":"Rendering (child) request finished in 85 ms","meta":{"rootId":"tcqhsccmxtv1jws","id":"sguxyluh85vss7b"},"id":"qw61bylnd85t00a","previousOperationId":"4uiqkavzebmk27t"}
{"type":"operationEnd","subtype":"render","operationId":"dte87ql6058ea4z","timestamp":1684654322040,"id":"hrmzyvpfvf1sh1a","previousEventId":"7c6oag3imq01ypn","previousOperationId":"4uiqkavzebmk27t"}
{"type":"log","timestamp":1684654322041,"level":"debug","message":"Converting with chrome HeadlessChrome/105.0.5173.0 using chrome-pool strategy","meta":{"rootId":"tcqhsccmxtv1jws","id":"tcqhsccmxtv1jws"},"id":"yt2qg9nn6yzrr7g","previousOperationId":"kjc1hun1lc2znh2"}
{"type":"log","timestamp":1684654322191,"level":"debug","message":"Page request: GET (document) file:///C:/Users/Adebayo/AppData/Local/Temp/jsreport/autocleanup/0c991064-cef3-4469-964b-4a85739cf165-chrome-pdf.html","meta":{"rootId":"tcqhsccmxtv1jws","id":"tcqhsccmxtv1jws"},"id":"nejh1gjrt54b0dw","previousOperationId":"kjc1hun1lc2znh2"}
{"type":"log","timestamp":1684654322210,"level":"debug","message":"Page request finished: GET (document) 200 file:///C:/Users/Adebayo/AppData/Local/Temp/jsreport/autocleanup/0c991064-cef3-4469-964b-4a85739cf165-chrome-pdf.html","meta":{"rootId":"tcqhsccmxtv1jws","id":"tcqhsccmxtv1jws"},"id":"hzz9h3bqlvxab4y","previousOperationId":"kjc1hun1lc2znh2"}
{"type":"log","timestamp":1684654322211,"level":"debug","message":"Page request: GET (script) https://cdnjs.cloudflare.com/ajax/libs/Chart.js/2.1.6/Chart.min.js","meta":{"rootId":"tcqhsccmxtv1jws","id":"tcqhsccmxtv1jws"},"id":"3au2hnpmfqc8pb2","previousOperationId":"kjc1hun1lc2znh2"}
{"type":"log","timestamp":1684654322221,"level":"debug","message":"Page request finished: GET (script) 200 https://cdnjs.cloudflare.com/ajax/libs/Chart.js/2.1.6/Chart.min.js","meta":{"rootId":"tcqhsccmxtv1jws","id":"tcqhsccmxtv1jws"},"id":"k1ars2x8qmmnlba","previousOperationId":"kjc1hun1lc2znh2"}
{"type":"log","timestamp":1684654322229,"level":"warn","message":"Page error: SyntaxError: Unexpected token ','","meta":{"rootId":"tcqhsccmxtv1jws","id":"tcqhsccmxtv1jws"},"id":"pyxwo16yuvek8vk","previousOperationId":"kjc1hun1lc2znh2"}
{"type":"log","timestamp":1684654322233,"level":"debug","message":"Running chrome with params {\"printBackground\":true,\"marginTop\":\"2cm\",\"marginRight\":\"1cm\",\"marginBottom\":\"2cm\",\"marginLeft\":\"1cm\",\"landscape\":false,\"format\":\"A4\",\"displayHeaderFooter\":true,\"footerTemplate\":\"...\",\"timeout\":59915,\"margin\":{\"top\":\"2cm\",\"right\":\"1cm\",\"bottom\":\"2cm\",\"left\":\"1cm\"}}","meta":{"rootId":"tcqhsccmxtv1jws","id":"tcqhsccmxtv1jws"},"id":"02lgemjpwxjomar","previousOperationId":"kjc1hun1lc2znh2"}
{"type":"operationEnd","operationId":"kjc1hun1lc2znh2","timestamp":1684654322320,"id":"jzrinsu2h8utomd","previousEventId":"1z57y2bfugl2p0d","previousOperationId":"kjc1hun1lc2znh2"}
{"type":"log","timestamp":1684654322320,"level":"debug","message":"Skipping storing report.","meta":{"rootId":"tcqhsccmxtv1jws","id":"tcqhsccmxtv1jws"},"id":"y59911tx077xoab","previousOperationId":"kjc1hun1lc2znh2"}
{"type":"log","timestamp":1684654322320,"level":"info","message":"Rendering request 143 finished in 365 ms","meta":{"rootId":"tcqhsccmxtv1jws","id":"tcqhsccmxtv1jws"},"id":"d2e0znvsuo15flj","previousOperationId":"kjc1hun1lc2znh2"}
{"type":"operationEnd","subtype":"render","operationId":"u1zzvm7qhr95ppi","timestamp":1684654322320,"id":"1nxo9c4hfk3cy6k","previousEventId":"jzrinsu2h8utomd","previousOperationId":"kjc1hun1lc2znh2"}
{"type":"operationEnd","doDiffs":false,"previousEventId":"rkyosyji7mfwbze","previousOperationId":"fl52uxmvmip6tx4","operationId":"fl52uxmvmip6tx4","timestamp":1684654322324,"id":"jv0jlyf850nv8vc"}
