{"type":"operationStart","subtype":"profile","data":{"_id":"6a7AKrWGw6LjYPRa","timestamp":"2023-05-21T06:26:52.379Z","state":"queued","mode":"standard","creationDate":"2023-05-21T06:26:52.382Z","modificationDate":"2023-05-21T06:26:52.382Z","shortid":"_-zzo3g","$entitySet":"profiles"},"doDiffs":false,"timestamp":1684650412380,"id":"53fa782w6uetr5k","previousOperationId":null,"operationId":"6w0e8xflmlsp5p3"}
{"type":"log","level":"info","message":"Render request 68 queued for execution and waiting for available worker","previousOperationId":"6w0e8xflmlsp5p3","timestamp":1684650412381,"id":"de03txp29ifwh9e"}
{"type":"operationStart","subtype":"render","name":"invoice-js","previousOperationId":"6w0e8xflmlsp5p3","timestamp":1684650412397,"id":"8b8dqpkqggjqpv4","previousEventId":"53fa782w6uetr5k","operationId":"75ju0astg759ozg"}
{"type":"log","timestamp":1684650412397,"level":"info","message":"Starting rendering request 68","meta":{"rootId":"tlvg7vw3l8cdjmj","id":"tlvg7vw3l8cdjmj"},"id":"qzfmzk037bba90i","previousOperationId":"75ju0astg759ozg"}
{"type":"log","timestamp":1684650412398,"level":"info","message":"Rendering template { name: invoice-js, recipe: chrome-pdf, engine: handlebars, preview: true }","meta":{"rootId":"tlvg7vw3l8cdjmj","id":"tlvg7vw3l8cdjmj"},"id":"84t68i2ftpain68","previousOperationId":"75ju0astg759ozg"}
{"type":"log","timestamp":1684650412400,"level":"debug","message":"Adding sample data YnJQL_aQg","meta":{"rootId":"tlvg7vw3l8cdjmj","id":"tlvg7vw3l8cdjmj"},"id":"qnlrslj6qxggcs9","previousOperationId":"75ju0astg759ozg"}
{"type":"log","timestamp":1684650412404,"level":"debug","message":"Base url not specified, skipping its injection.","meta":{"rootId":"tlvg7vw3l8cdjmj","id":"tlvg7vw3l8cdjmj"},"id":"0ylc15mn5eidbhi","previousOperationId":"75ju0astg759ozg"}
{"type":"operationStart","subtype":"engine","name":"handlebars","timestamp":1684650412405,"id":"99ers7z543a2rjh","previousEventId":"8b8dqpkqggjqpv4","operationId":"vpcopjlmme7fz8a","previousOperationId":"75ju0astg759ozg"}
{"type":"log","timestamp":1684650412405,"level":"debug","message":"Rendering engine handlebars","meta":{"rootId":"tlvg7vw3l8cdjmj","id":"tlvg7vw3l8cdjmj"},"id":"0lyaq5ivyksf83j","previousOperationId":"vpcopjlmme7fz8a"}
{"type":"operationEnd","operationId":"vpcopjlmme7fz8a","timestamp":1684650412422,"id":"n1cwz1510j5z3lb","previousEventId":"99ers7z543a2rjh","previousOperationId":"vpcopjlmme7fz8a"}
{"type":"operationStart","subtype":"recipe","name":"chrome-pdf","timestamp":1684650412422,"id":"g5cnr1xy5nnt59d","previousEventId":"n1cwz1510j5z3lb","operationId":"0xdzfxa2yg880d1","previousOperationId":"vpcopjlmme7fz8a"}
{"type":"log","timestamp":1684650412422,"level":"debug","message":"Executing recipe chrome-pdf","meta":{"rootId":"tlvg7vw3l8cdjmj","id":"tlvg7vw3l8cdjmj"},"id":"nako4jkqh95s5aa","previousOperationId":"0xdzfxa2yg880d1"}
{"type":"log","timestamp":1684650412424,"level":"debug","message":"Starting child request to render pdf footer","meta":{"rootId":"tlvg7vw3l8cdjmj","id":"tlvg7vw3l8cdjmj"},"id":"4vzctcarv7902zl","previousOperationId":"0xdzfxa2yg880d1"}
{"type":"operationStart","subtype":"render","name":"anonymous","previousOperationId":"0xdzfxa2yg880d1","timestamp":1684650412424,"id":"leihohe3xdegh6p","previousEventId":"g5cnr1xy5nnt59d","operationId":"v14n0rcbvq8e7yn"}
{"type":"log","timestamp":1684650412424,"level":"info","message":"Starting rendering (child) request","meta":{"rootId":"tlvg7vw3l8cdjmj","id":"y1p9nxqzt3ioxns"},"id":"0fx0dfz8mftecby","previousOperationId":"v14n0rcbvq8e7yn"}
{"type":"log","timestamp":1684650412424,"level":"info","message":"Rendering anonymous template { recipe: html, engine: handlebars }","meta":{"rootId":"tlvg7vw3l8cdjmj","id":"y1p9nxqzt3ioxns"},"id":"s7ub0j3z1dwasy4","previousOperationId":"v14n0rcbvq8e7yn"}
{"type":"log","timestamp":1684650412424,"level":"debug","message":"Inline data specified.","meta":{"rootId":"tlvg7vw3l8cdjmj","id":"y1p9nxqzt3ioxns"},"id":"mpheetpow6vxflu","previousOperationId":"v14n0rcbvq8e7yn"}
{"type":"log","timestamp":1684650412426,"level":"debug","message":"Base url not specified, skipping its injection.","meta":{"rootId":"tlvg7vw3l8cdjmj","id":"y1p9nxqzt3ioxns"},"id":"ki1u8nb1jajt487","previousOperationId":"v14n0rcbvq8e7yn"}
{"type":"operationStart","subtype":"engine","name":"handlebars","timestamp":1684650412426,"id":"n70d3mizy0ct8y4","previousEventId":"leihohe3xdegh6p","operationId":"sc2t9v5s80trk1w","previousOperationId":"v14n0rcbvq8e7yn"}
{"type":"log","timestamp":1684650412426,"level":"debug","message":"Rendering engine handlebars","meta":{"rootId":"tlvg7vw3l8cdjmj","id":"y1p9nxqzt3ioxns"},"id":"qct8alhd560fctf","previousOperationId":"sc2t9v5s80trk1w"}
{"type":"operationEnd","operationId":"sc2t9v5s80trk1w","timestamp":1684650412448,"id":"o295dpdzdlpknwi","previousEventId":"n70d3mizy0ct8y4","previousOperationId":"sc2t9v5s80trk1w"}
{"type":"operationStart","subtype":"recipe","name":"html","timestamp":1684650412448,"id":"97o433bhj6ckjco","previousEventId":"o295dpdzdlpknwi","operationId":"sk98k93v3rhfkof","previousOperationId":"sc2t9v5s80trk1w"}
{"type":"log","timestamp":1684650412448,"level":"debug","message":"Executing recipe html","meta":{"rootId":"tlvg7vw3l8cdjmj","id":"y1p9nxqzt3ioxns"},"id":"m9kkoy5y6xwm5q2","previousOperationId":"sk98k93v3rhfkof"}
{"type":"operationEnd","operationId":"sk98k93v3rhfkof","timestamp":1684650412448,"id":"7lqwahtd5umvzyx","previousEventId":"97o433bhj6ckjco","previousOperationId":"sk98k93v3rhfkof"}
{"type":"log","timestamp":1684650412448,"level":"debug","message":"Skipping storing report.","meta":{"rootId":"tlvg7vw3l8cdjmj","id":"y1p9nxqzt3ioxns"},"id":"l0wpx5j29y9umdt","previousOperationId":"sk98k93v3rhfkof"}
{"type":"log","timestamp":1684650412448,"level":"info","message":"Rendering (child) request finished in 69 ms","meta":{"rootId":"tlvg7vw3l8cdjmj","id":"y1p9nxqzt3ioxns"},"id":"dqoev0v9sr7bw5b","previousOperationId":"sk98k93v3rhfkof"}
{"type":"operationEnd","subtype":"render","operationId":"v14n0rcbvq8e7yn","timestamp":1684650412448,"id":"4kvlz6p1f5ub13a","previousEventId":"7lqwahtd5umvzyx","previousOperationId":"sk98k93v3rhfkof"}
{"type":"log","timestamp":1684650412450,"level":"debug","message":"Converting with chrome HeadlessChrome/105.0.5173.0 using chrome-pool strategy","meta":{"rootId":"tlvg7vw3l8cdjmj","id":"tlvg7vw3l8cdjmj"},"id":"k7puyd5et2u3fy0","previousOperationId":"0xdzfxa2yg880d1"}
{"type":"log","timestamp":1684650412622,"level":"debug","message":"Page request: GET (document) file:///C:/Users/Adebayo/AppData/Local/Temp/jsreport/autocleanup/2057be90-bd9e-4985-8b0f-8ec6b971f927-chrome-pdf.html","meta":{"rootId":"tlvg7vw3l8cdjmj","id":"tlvg7vw3l8cdjmj"},"id":"prxwla4t185pxv6","previousOperationId":"0xdzfxa2yg880d1"}
{"type":"log","timestamp":1684650412638,"level":"debug","message":"Page request finished: GET (document) 200 file:///C:/Users/Adebayo/AppData/Local/Temp/jsreport/autocleanup/2057be90-bd9e-4985-8b0f-8ec6b971f927-chrome-pdf.html","meta":{"rootId":"tlvg7vw3l8cdjmj","id":"tlvg7vw3l8cdjmj"},"id":"x77rdmfihmzgw4m","previousOperationId":"0xdzfxa2yg880d1"}
{"type":"log","timestamp":1684650412639,"level":"debug","message":"Page request: GET (script) https://cdnjs.cloudflare.com/ajax/libs/Chart.js/2.1.6/Chart.min.js","meta":{"rootId":"tlvg7vw3l8cdjmj","id":"tlvg7vw3l8cdjmj"},"id":"icxgstf13tgjkn7","previousOperationId":"0xdzfxa2yg880d1"}
{"type":"log","timestamp":1684650412694,"level":"debug","message":"Page request finished: GET (script) 200 https://cdnjs.cloudflare.com/ajax/libs/Chart.js/2.1.6/Chart.min.js","meta":{"rootId":"tlvg7vw3l8cdjmj","id":"tlvg7vw3l8cdjmj"},"id":"1tmhaa8tz7l2heo","previousOperationId":"0xdzfxa2yg880d1"}
{"type":"log","timestamp":1684650412709,"level":"warn","message":"Page error: SyntaxError: Unexpected token ','","meta":{"rootId":"tlvg7vw3l8cdjmj","id":"tlvg7vw3l8cdjmj"},"id":"weotidgqfv082ou","previousOperationId":"0xdzfxa2yg880d1"}
{"type":"log","timestamp":1684650412717,"level":"debug","message":"Running chrome with params {\"printBackground\":true,\"marginTop\":\"2cm\",\"marginRight\":\"1cm\",\"marginBottom\":\"2cm\",\"marginLeft\":\"1cm\",\"landscape\":false,\"format\":\"A4\",\"displayHeaderFooter\":true,\"footerTemplate\":\"...\",\"timeout\":59931,\"margin\":{\"top\":\"2cm\",\"right\":\"1cm\",\"bottom\":\"2cm\",\"left\":\"1cm\"}}","meta":{"rootId":"tlvg7vw3l8cdjmj","id":"tlvg7vw3l8cdjmj"},"id":"e9kwdg7yqgz6cry","previousOperationId":"0xdzfxa2yg880d1"}
{"type":"operationEnd","operationId":"0xdzfxa2yg880d1","timestamp":1684650412798,"id":"1x2v6336bkw85p8","previousEventId":"g5cnr1xy5nnt59d","previousOperationId":"0xdzfxa2yg880d1"}
{"type":"log","timestamp":1684650412798,"level":"debug","message":"Skipping storing report.","meta":{"rootId":"tlvg7vw3l8cdjmj","id":"tlvg7vw3l8cdjmj"},"id":"2r8ac16wa4csc04","previousOperationId":"0xdzfxa2yg880d1"}
{"type":"log","timestamp":1684650412798,"level":"info","message":"Rendering request 68 finished in 419 ms","meta":{"rootId":"tlvg7vw3l8cdjmj","id":"tlvg7vw3l8cdjmj"},"id":"x2nil03cx9x75el","previousOperationId":"0xdzfxa2yg880d1"}
{"type":"operationEnd","subtype":"render","operationId":"75ju0astg759ozg","timestamp":1684650412799,"id":"11ewxjnv9wt8ew7","previousEventId":"1x2v6336bkw85p8","previousOperationId":"0xdzfxa2yg880d1"}
{"type":"operationEnd","doDiffs":false,"previousEventId":"53fa782w6uetr5k","previousOperationId":"6w0e8xflmlsp5p3","operationId":"6w0e8xflmlsp5p3","timestamp":1684650412805,"id":"odr2ltylnj4bl9b"}
