{"type":"operationStart","subtype":"profile","data":{"_id":"MT7kn2Uwfpmk0yyl","timestamp":"2023-05-21T11:23:15.369Z","state":"queued","mode":"standard","creationDate":"2023-05-21T11:23:15.372Z","modificationDate":"2023-05-21T11:23:15.372Z","shortid":"Ignf2wG","$entitySet":"profiles"},"doDiffs":false,"timestamp":1684668195371,"id":"upqhcjpvkqaqena","previousOperationId":null,"operationId":"sg1udg91358rtxl"}
{"type":"log","level":"info","message":"Render request 165 queued for execution and waiting for available worker","previousOperationId":"sg1udg91358rtxl","timestamp":1684668195371,"id":"ro9ulftz2fvgge6"}
{"type":"operationStart","subtype":"render","name":"invoice-js","previousOperationId":"sg1udg91358rtxl","timestamp":1684668195385,"id":"03yggzxbuk7bu3v","previousEventId":"upqhcjpvkqaqena","operationId":"tt6fxwwmehukq72"}
{"type":"log","timestamp":1684668195385,"level":"info","message":"Starting rendering request 165","meta":{"rootId":"tpk9mc6eofauw5t","id":"tpk9mc6eofauw5t"},"id":"ubc41zdvenlcx6i","previousOperationId":"tt6fxwwmehukq72"}
{"type":"log","timestamp":1684668195385,"level":"info","message":"Rendering template { name: invoice-js, recipe: chrome-pdf, engine: handlebars, preview: false }","meta":{"rootId":"tpk9mc6eofauw5t","id":"tpk9mc6eofauw5t"},"id":"f6qwqzc8o37so6v","previousOperationId":"tt6fxwwmehukq72"}
{"type":"log","timestamp":1684668195387,"level":"debug","message":"Inline data specified.","meta":{"rootId":"tpk9mc6eofauw5t","id":"tpk9mc6eofauw5t"},"id":"c2osdzljh23nuc2","previousOperationId":"tt6fxwwmehukq72"}
{"type":"log","timestamp":1684668195393,"level":"debug","message":"Base url not specified, skipping its injection.","meta":{"rootId":"tpk9mc6eofauw5t","id":"tpk9mc6eofauw5t"},"id":"9bna336pdcpgjl5","previousOperationId":"tt6fxwwmehukq72"}
{"type":"operationStart","subtype":"engine","name":"handlebars","timestamp":1684668195394,"id":"a51aw27kgy7senq","previousEventId":"03yggzxbuk7bu3v","operationId":"8u45k88r5l2pcme","previousOperationId":"tt6fxwwmehukq72"}
{"type":"log","timestamp":1684668195394,"level":"debug","message":"Rendering engine handlebars","meta":{"rootId":"tpk9mc6eofauw5t","id":"tpk9mc6eofauw5t"},"id":"p8ur9obmrgc3cvd","previousOperationId":"8u45k88r5l2pcme"}
{"type":"operationEnd","operationId":"8u45k88r5l2pcme","timestamp":1684668195414,"id":"x5ghpt9u0gjdrur","previousEventId":"a51aw27kgy7senq","previousOperationId":"8u45k88r5l2pcme"}
{"type":"operationStart","subtype":"recipe","name":"chrome-pdf","timestamp":1684668195414,"id":"syhysbco68sl98o","previousEventId":"x5ghpt9u0gjdrur","operationId":"006wu4m0so0ihg5","previousOperationId":"8u45k88r5l2pcme"}
{"type":"log","timestamp":1684668195414,"level":"debug","message":"Executing recipe chrome-pdf","meta":{"rootId":"tpk9mc6eofauw5t","id":"tpk9mc6eofauw5t"},"id":"1y7prh04kojx7rw","previousOperationId":"006wu4m0so0ihg5"}
{"type":"log","timestamp":1684668195417,"level":"debug","message":"Starting child request to render pdf footer","meta":{"rootId":"tpk9mc6eofauw5t","id":"tpk9mc6eofauw5t"},"id":"groy7s8bj37xrcz","previousOperationId":"006wu4m0so0ihg5"}
{"type":"operationStart","subtype":"render","name":"anonymous","previousOperationId":"006wu4m0so0ihg5","timestamp":1684668195418,"id":"vxnbw6qbowds3iz","previousEventId":"syhysbco68sl98o","operationId":"r6r4l6594vnn0h5"}
{"type":"log","timestamp":1684668195418,"level":"info","message":"Starting rendering (child) request","meta":{"rootId":"tpk9mc6eofauw5t","id":"t3dgj85dfhx4vnr"},"id":"eu47v44y2j8nelp","previousOperationId":"r6r4l6594vnn0h5"}
{"type":"log","timestamp":1684668195418,"level":"info","message":"Rendering anonymous template { recipe: html, engine: handlebars }","meta":{"rootId":"tpk9mc6eofauw5t","id":"t3dgj85dfhx4vnr"},"id":"btgg5szbr4k552x","previousOperationId":"r6r4l6594vnn0h5"}
{"type":"log","timestamp":1684668195418,"level":"debug","message":"Inline data specified.","meta":{"rootId":"tpk9mc6eofauw5t","id":"t3dgj85dfhx4vnr"},"id":"ns198t76e3am59w","previousOperationId":"r6r4l6594vnn0h5"}
{"type":"log","timestamp":1684668195420,"level":"debug","message":"Base url not specified, skipping its injection.","meta":{"rootId":"tpk9mc6eofauw5t","id":"t3dgj85dfhx4vnr"},"id":"c44wxcs62mycdfj","previousOperationId":"r6r4l6594vnn0h5"}
{"type":"operationStart","subtype":"engine","name":"handlebars","timestamp":1684668195420,"id":"rpqa8k2d910n0tw","previousEventId":"vxnbw6qbowds3iz","operationId":"lklvfph3ic7r36k","previousOperationId":"r6r4l6594vnn0h5"}
{"type":"log","timestamp":1684668195420,"level":"debug","message":"Rendering engine handlebars","meta":{"rootId":"tpk9mc6eofauw5t","id":"t3dgj85dfhx4vnr"},"id":"ugemrwnpco1g74t","previousOperationId":"lklvfph3ic7r36k"}
{"type":"operationEnd","operationId":"lklvfph3ic7r36k","timestamp":1684668195440,"id":"f4w7gfyhxypkswl","previousEventId":"rpqa8k2d910n0tw","previousOperationId":"lklvfph3ic7r36k"}
{"type":"operationStart","subtype":"recipe","name":"html","timestamp":1684668195445,"id":"udy6ifidf3vbwyi","previousEventId":"f4w7gfyhxypkswl","operationId":"u9rma5bsjtergln","previousOperationId":"lklvfph3ic7r36k"}
{"type":"log","timestamp":1684668195445,"level":"debug","message":"Executing recipe html","meta":{"rootId":"tpk9mc6eofauw5t","id":"t3dgj85dfhx4vnr"},"id":"im0v7idfmuj5qte","previousOperationId":"u9rma5bsjtergln"}
{"type":"operationEnd","operationId":"u9rma5bsjtergln","timestamp":1684668195445,"id":"ahoddgoufucf2n7","previousEventId":"udy6ifidf3vbwyi","previousOperationId":"u9rma5bsjtergln"}
{"type":"log","timestamp":1684668195445,"level":"debug","message":"Skipping storing report.","meta":{"rootId":"tpk9mc6eofauw5t","id":"t3dgj85dfhx4vnr"},"id":"eum8ck4ja92w9p8","previousOperationId":"u9rma5bsjtergln"}
{"type":"log","timestamp":1684668195446,"level":"info","message":"Rendering (child) request finished in 77 ms","meta":{"rootId":"tpk9mc6eofauw5t","id":"t3dgj85dfhx4vnr"},"id":"8twkzgidwrwt5ig","previousOperationId":"u9rma5bsjtergln"}
{"type":"operationEnd","subtype":"render","operationId":"r6r4l6594vnn0h5","timestamp":1684668195446,"id":"keev3gma1lwh2w8","previousEventId":"ahoddgoufucf2n7","previousOperationId":"u9rma5bsjtergln"}
{"type":"log","timestamp":1684668195447,"level":"debug","message":"Converting with chrome HeadlessChrome/105.0.5173.0 using chrome-pool strategy","meta":{"rootId":"tpk9mc6eofauw5t","id":"tpk9mc6eofauw5t"},"id":"ycs3p5aajyvpiaa","previousOperationId":"006wu4m0so0ihg5"}
{"type":"log","timestamp":1684668195588,"level":"debug","message":"Page request: GET (document) file:///C:/Users/Adebayo/AppData/Local/Temp/jsreport/autocleanup/bdb8d130-051f-443e-9876-230071c766d6-chrome-pdf.html","meta":{"rootId":"tpk9mc6eofauw5t","id":"tpk9mc6eofauw5t"},"id":"onyfrl3usdhh1dq","previousOperationId":"006wu4m0so0ihg5"}
{"type":"log","timestamp":1684668195607,"level":"debug","message":"Page request finished: GET (document) 200 file:///C:/Users/Adebayo/AppData/Local/Temp/jsreport/autocleanup/bdb8d130-051f-443e-9876-230071c766d6-chrome-pdf.html","meta":{"rootId":"tpk9mc6eofauw5t","id":"tpk9mc6eofauw5t"},"id":"03f2hm68fxhgh82","previousOperationId":"006wu4m0so0ihg5"}
{"type":"log","timestamp":1684668195608,"level":"debug","message":"Page request: GET (script) https://cdnjs.cloudflare.com/ajax/libs/Chart.js/2.1.6/Chart.min.js","meta":{"rootId":"tpk9mc6eofauw5t","id":"tpk9mc6eofauw5t"},"id":"359uzuciphzazy2","previousOperationId":"006wu4m0so0ihg5"}
{"type":"log","timestamp":1684668195616,"level":"debug","message":"Page request finished: GET (script) 200 https://cdnjs.cloudflare.com/ajax/libs/Chart.js/2.1.6/Chart.min.js","meta":{"rootId":"tpk9mc6eofauw5t","id":"tpk9mc6eofauw5t"},"id":"9zc1r8dvfa4iyry","previousOperationId":"006wu4m0so0ihg5"}
{"type":"log","timestamp":1684668195627,"level":"warn","message":"Page error: SyntaxError: Unexpected token ','","meta":{"rootId":"tpk9mc6eofauw5t","id":"tpk9mc6eofauw5t"},"id":"yh84acbje40e9fr","previousOperationId":"006wu4m0so0ihg5"}
{"type":"log","timestamp":1684668195646,"level":"debug","message":"Running chrome with params {\"printBackground\":true,\"marginTop\":\"2cm\",\"marginRight\":\"1cm\",\"marginBottom\":\"2cm\",\"marginLeft\":\"1cm\",\"landscape\":false,\"format\":\"A4\",\"displayHeaderFooter\":true,\"footerTemplate\":\"...\",\"timeout\":59922,\"margin\":{\"top\":\"2cm\",\"right\":\"1cm\",\"bottom\":\"2cm\",\"left\":\"1cm\"}}","meta":{"rootId":"tpk9mc6eofauw5t","id":"tpk9mc6eofauw5t"},"id":"igti6kuw1ah8lhj","previousOperationId":"006wu4m0so0ihg5"}
{"type":"operationEnd","operationId":"006wu4m0so0ihg5","timestamp":1684668195746,"id":"htek6jze3ykuhn9","previousEventId":"syhysbco68sl98o","previousOperationId":"006wu4m0so0ihg5"}
{"type":"log","timestamp":1684668195746,"level":"debug","message":"Skipping storing report.","meta":{"rootId":"tpk9mc6eofauw5t","id":"tpk9mc6eofauw5t"},"id":"2gjpkuggkg2buax","previousOperationId":"006wu4m0so0ihg5"}
{"type":"log","timestamp":1684668195746,"level":"info","message":"Rendering request 165 finished in 378 ms","meta":{"rootId":"tpk9mc6eofauw5t","id":"tpk9mc6eofauw5t"},"id":"2pjc0vsofdz9zwc","previousOperationId":"006wu4m0so0ihg5"}
{"type":"operationEnd","subtype":"render","operationId":"tt6fxwwmehukq72","timestamp":1684668195746,"id":"6wm23w75s63yebu","previousEventId":"htek6jze3ykuhn9","previousOperationId":"006wu4m0so0ihg5"}
{"type":"operationEnd","doDiffs":false,"previousEventId":"upqhcjpvkqaqena","previousOperationId":"sg1udg91358rtxl","operationId":"sg1udg91358rtxl","timestamp":1684668195749,"id":"1rhiqgppmftfxk5"}
