{"type":"operationStart","subtype":"profile","data":{"_id":"jk5V0irpNHKNib4V","timestamp":"2023-05-21T05:33:52.864Z","state":"queued","mode":"standard","creationDate":"2023-05-21T05:33:52.866Z","modificationDate":"2023-05-21T05:33:52.866Z","shortid":"2xO8Xcu","$entitySet":"profiles"},"doDiffs":false,"timestamp":1684647232865,"id":"kzzqaoc603shboi","previousOperationId":null,"operationId":"68iqiqsppr4xi3r"}
{"type":"log","level":"info","message":"Render request 35 queued for execution and waiting for available worker","previousOperationId":"68iqiqsppr4xi3r","timestamp":1684647232865,"id":"7td3tj3o56a519r"}
{"type":"operationStart","subtype":"render","name":"invoice-js","previousOperationId":"68iqiqsppr4xi3r","timestamp":1684647232878,"id":"agh68e6cby639u9","previousEventId":"kzzqaoc603shboi","operationId":"nb0bso5wmn5fyls"}
{"type":"log","timestamp":1684647232878,"level":"info","message":"Starting rendering request 35","meta":{"rootId":"u3ux0h4gadctkfi","id":"u3ux0h4gadctkfi"},"id":"xqz0j0z5f1exxti","previousOperationId":"nb0bso5wmn5fyls"}
{"type":"log","timestamp":1684647232878,"level":"info","message":"Rendering template { name: invoice-js, recipe: chrome-pdf, engine: handlebars, preview: true }","meta":{"rootId":"u3ux0h4gadctkfi","id":"u3ux0h4gadctkfi"},"id":"vkbw5npns667uv3","previousOperationId":"nb0bso5wmn5fyls"}
{"type":"log","timestamp":1684647232879,"level":"debug","message":"Inline data specified.","meta":{"rootId":"u3ux0h4gadctkfi","id":"u3ux0h4gadctkfi"},"id":"b55l2c5v1tk5hcj","previousOperationId":"nb0bso5wmn5fyls"}
{"type":"log","timestamp":1684647232882,"level":"debug","message":"Base url not specified, skipping its injection.","meta":{"rootId":"u3ux0h4gadctkfi","id":"u3ux0h4gadctkfi"},"id":"c0iqrw7grs345dh","previousOperationId":"nb0bso5wmn5fyls"}
{"type":"operationStart","subtype":"engine","name":"handlebars","timestamp":1684647232882,"id":"27r7dalv8tufupp","previousEventId":"agh68e6cby639u9","operationId":"dn62olxkxevpvho","previousOperationId":"nb0bso5wmn5fyls"}
{"type":"log","timestamp":1684647232882,"level":"debug","message":"Rendering engine handlebars","meta":{"rootId":"u3ux0h4gadctkfi","id":"u3ux0h4gadctkfi"},"id":"nlckbui4j6pm470","previousOperationId":"dn62olxkxevpvho"}
{"type":"operationEnd","operationId":"dn62olxkxevpvho","timestamp":1684647232900,"id":"r4w5fj2v5a5btyt","previousEventId":"27r7dalv8tufupp","previousOperationId":"dn62olxkxevpvho"}
{"type":"operationStart","subtype":"recipe","name":"chrome-pdf","timestamp":1684647232900,"id":"ul0druf30qugyvp","previousEventId":"r4w5fj2v5a5btyt","operationId":"i52l6uqthvovyjr","previousOperationId":"dn62olxkxevpvho"}
{"type":"log","timestamp":1684647232900,"level":"debug","message":"Executing recipe chrome-pdf","meta":{"rootId":"u3ux0h4gadctkfi","id":"u3ux0h4gadctkfi"},"id":"s499dhqlp7nu9lr","previousOperationId":"i52l6uqthvovyjr"}
{"type":"log","timestamp":1684647232903,"level":"debug","message":"Converting with chrome HeadlessChrome/105.0.5173.0 using chrome-pool strategy","meta":{"rootId":"u3ux0h4gadctkfi","id":"u3ux0h4gadctkfi"},"id":"2qrlozul4602ng2","previousOperationId":"i52l6uqthvovyjr"}
{"type":"log","timestamp":1684647233016,"level":"debug","message":"Page request: GET (document) file:///C:/Users/Adebayo/AppData/Local/Temp/jsreport/autocleanup/8ae56d5a-7be2-4e96-9aec-81a9166bb278-chrome-pdf.html","meta":{"rootId":"u3ux0h4gadctkfi","id":"u3ux0h4gadctkfi"},"id":"u5a1rinec5lhgu2","previousOperationId":"i52l6uqthvovyjr"}
{"type":"log","timestamp":1684647233034,"level":"debug","message":"Page request finished: GET (document) 200 file:///C:/Users/Adebayo/AppData/Local/Temp/jsreport/autocleanup/8ae56d5a-7be2-4e96-9aec-81a9166bb278-chrome-pdf.html","meta":{"rootId":"u3ux0h4gadctkfi","id":"u3ux0h4gadctkfi"},"id":"tcqstxlovtvdq2w","previousOperationId":"i52l6uqthvovyjr"}
{"type":"log","timestamp":1684647233037,"level":"debug","message":"Page request: GET (script) https://cdnjs.cloudflare.com/ajax/libs/Chart.js/2.1.6/Chart.min.js","meta":{"rootId":"u3ux0h4gadctkfi","id":"u3ux0h4gadctkfi"},"id":"flvevrc2k5w55cj","previousOperationId":"i52l6uqthvovyjr"}
{"type":"log","timestamp":1684647233044,"level":"debug","message":"Page request finished: GET (script) 200 https://cdnjs.cloudflare.com/ajax/libs/Chart.js/2.1.6/Chart.min.js","meta":{"rootId":"u3ux0h4gadctkfi","id":"u3ux0h4gadctkfi"},"id":"t25znhnefm4cmd9","previousOperationId":"i52l6uqthvovyjr"}
{"type":"log","timestamp":1684647233109,"level":"debug","message":"Running chrome with params {\"printBackground\":true,\"marginTop\":\"2cm\",\"marginRight\":\"1cm\",\"marginBottom\":\"2cm\",\"marginLeft\":\"1cm\",\"landscape\":false,\"format\":\"A4\",\"displayHeaderFooter\":true,\"timeout\":59962,\"margin\":{\"top\":\"2cm\",\"right\":\"1cm\",\"bottom\":\"2cm\",\"left\":\"1cm\"}}","meta":{"rootId":"u3ux0h4gadctkfi","id":"u3ux0h4gadctkfi"},"id":"a2kn9un3077bw4u","previousOperationId":"i52l6uqthvovyjr"}
{"type":"operationEnd","operationId":"i52l6uqthvovyjr","timestamp":1684647233223,"id":"4wmxddhmzlvv5po","previousEventId":"ul0druf30qugyvp","previousOperationId":"i52l6uqthvovyjr"}
{"type":"log","timestamp":1684647233223,"level":"debug","message":"Skipping storing report.","meta":{"rootId":"u3ux0h4gadctkfi","id":"u3ux0h4gadctkfi"},"id":"2ydpqa9psozps4f","previousOperationId":"i52l6uqthvovyjr"}
{"type":"log","timestamp":1684647233223,"level":"info","message":"Rendering request 35 finished in 359 ms","meta":{"rootId":"u3ux0h4gadctkfi","id":"u3ux0h4gadctkfi"},"id":"vzn1fkm2c93xj61","previousOperationId":"i52l6uqthvovyjr"}
{"type":"operationEnd","subtype":"render","operationId":"nb0bso5wmn5fyls","timestamp":1684647233223,"id":"c0l8m009iggoruj","previousEventId":"4wmxddhmzlvv5po","previousOperationId":"i52l6uqthvovyjr"}
{"type":"operationEnd","doDiffs":false,"previousEventId":"kzzqaoc603shboi","previousOperationId":"68iqiqsppr4xi3r","operationId":"68iqiqsppr4xi3r","timestamp":1684647233228,"id":"rz6z7cxk1v020it"}
