{"type":"operationStart","subtype":"profile","data":{"_id":"mFyARaBp4Q6NpDKU","timestamp":"2023-05-21T07:20:24.923Z","state":"queued","mode":"standard","creationDate":"2023-05-21T07:20:24.927Z","modificationDate":"2023-05-21T07:20:24.927Z","shortid":"gdUEdPf","$entitySet":"profiles"},"doDiffs":false,"timestamp":1684653624925,"id":"1chlqy2pqvfyzk1","previousOperationId":null,"operationId":"556uz4rwy7r8jcn"}
{"type":"log","level":"info","message":"Render request 117 queued for execution and waiting for available worker","previousOperationId":"556uz4rwy7r8jcn","timestamp":1684653624925,"id":"jtfwvuqwoca04bh"}
{"type":"operationStart","subtype":"render","name":"invoice-js","previousOperationId":"556uz4rwy7r8jcn","timestamp":1684653624942,"id":"ww9fxrp47loge17","previousEventId":"1chlqy2pqvfyzk1","operationId":"b0lor7i7kjrq01d"}
{"type":"log","timestamp":1684653624942,"level":"info","message":"Starting rendering request 117","meta":{"rootId":"u5b0tcygohpoo4i","id":"u5b0tcygohpoo4i"},"id":"gequ8853it2rvnc","previousOperationId":"b0lor7i7kjrq01d"}
{"type":"log","timestamp":1684653624942,"level":"info","message":"Rendering template { name: invoice-js, recipe: chrome-pdf, engine: handlebars, preview: false }","meta":{"rootId":"u5b0tcygohpoo4i","id":"u5b0tcygohpoo4i"},"id":"a2m19wmfey9unzt","previousOperationId":"b0lor7i7kjrq01d"}
{"type":"log","timestamp":1684653624945,"level":"debug","message":"Inline data specified.","meta":{"rootId":"u5b0tcygohpoo4i","id":"u5b0tcygohpoo4i"},"id":"65iuy7yttb85ajz","previousOperationId":"b0lor7i7kjrq01d"}
{"type":"log","timestamp":1684653624949,"level":"debug","message":"Base url not specified, skipping its injection.","meta":{"rootId":"u5b0tcygohpoo4i","id":"u5b0tcygohpoo4i"},"id":"jjta82ctm21yba6","previousOperationId":"b0lor7i7kjrq01d"}
{"type":"operationStart","subtype":"engine","name":"handlebars","timestamp":1684653624950,"id":"cfkzsjsvv6rrrgc","previousEventId":"ww9fxrp47loge17","operationId":"g1jni48chpd3nfx","previousOperationId":"b0lor7i7kjrq01d"}
{"type":"log","timestamp":1684653624950,"level":"debug","message":"Rendering engine handlebars","meta":{"rootId":"u5b0tcygohpoo4i","id":"u5b0tcygohpoo4i"},"id":"z5j6sms8fs4hvpm","previousOperationId":"g1jni48chpd3nfx"}
{"type":"operationEnd","operationId":"g1jni48chpd3nfx","timestamp":1684653624974,"id":"pgmkhy37djdsukp","previousEventId":"cfkzsjsvv6rrrgc","previousOperationId":"g1jni48chpd3nfx"}
{"type":"operationStart","subtype":"recipe","name":"chrome-pdf","timestamp":1684653624974,"id":"vvoys3jqjucu0lg","previousEventId":"pgmkhy37djdsukp","operationId":"rgwu66p3ncldvvg","previousOperationId":"g1jni48chpd3nfx"}
{"type":"log","timestamp":1684653624974,"level":"debug","message":"Executing recipe chrome-pdf","meta":{"rootId":"u5b0tcygohpoo4i","id":"u5b0tcygohpoo4i"},"id":"50yvkvkqse847rd","previousOperationId":"rgwu66p3ncldvvg"}
{"type":"log","timestamp":1684653624978,"level":"debug","message":"Starting child request to render pdf footer","meta":{"rootId":"u5b0tcygohpoo4i","id":"u5b0tcygohpoo4i"},"id":"tvtf8zv9uebgwgg","previousOperationId":"rgwu66p3ncldvvg"}
{"type":"operationStart","subtype":"render","name":"anonymous","previousOperationId":"rgwu66p3ncldvvg","timestamp":1684653624978,"id":"q9olr7pu6tid35c","previousEventId":"vvoys3jqjucu0lg","operationId":"orv717u9ybndu0e"}
{"type":"log","timestamp":1684653624978,"level":"info","message":"Starting rendering (child) request","meta":{"rootId":"u5b0tcygohpoo4i","id":"zap72nposiczayr"},"id":"cjpng06b89qt91q","previousOperationId":"orv717u9ybndu0e"}
{"type":"log","timestamp":1684653624979,"level":"info","message":"Rendering anonymous template { recipe: html, engine: handlebars }","meta":{"rootId":"u5b0tcygohpoo4i","id":"zap72nposiczayr"},"id":"2logbukoar19v13","previousOperationId":"orv717u9ybndu0e"}
{"type":"log","timestamp":1684653624979,"level":"debug","message":"Inline data specified.","meta":{"rootId":"u5b0tcygohpoo4i","id":"zap72nposiczayr"},"id":"x3abi33wyfjlsd4","previousOperationId":"orv717u9ybndu0e"}
{"type":"log","timestamp":1684653624980,"level":"debug","message":"Base url not specified, skipping its injection.","meta":{"rootId":"u5b0tcygohpoo4i","id":"zap72nposiczayr"},"id":"o52tpuin0ak2gsh","previousOperationId":"orv717u9ybndu0e"}
{"type":"operationStart","subtype":"engine","name":"handlebars","timestamp":1684653624981,"id":"u3y5bp4cjlf202k","previousEventId":"q9olr7pu6tid35c","operationId":"udabgi1mf46jz3w","previousOperationId":"orv717u9ybndu0e"}
{"type":"log","timestamp":1684653624981,"level":"debug","message":"Rendering engine handlebars","meta":{"rootId":"u5b0tcygohpoo4i","id":"zap72nposiczayr"},"id":"zpmprkl5qtvb71p","previousOperationId":"udabgi1mf46jz3w"}
{"type":"operationEnd","operationId":"udabgi1mf46jz3w","timestamp":1684653625002,"id":"vvilumdxysypdu3","previousEventId":"u3y5bp4cjlf202k","previousOperationId":"udabgi1mf46jz3w"}
{"type":"operationStart","subtype":"recipe","name":"html","timestamp":1684653625003,"id":"es3xi66qjygil9f","previousEventId":"vvilumdxysypdu3","operationId":"6m0zsyaiak5ho2s","previousOperationId":"udabgi1mf46jz3w"}
{"type":"log","timestamp":1684653625003,"level":"debug","message":"Executing recipe html","meta":{"rootId":"u5b0tcygohpoo4i","id":"zap72nposiczayr"},"id":"fvk3d5xo5younkf","previousOperationId":"6m0zsyaiak5ho2s"}
{"type":"operationEnd","operationId":"6m0zsyaiak5ho2s","timestamp":1684653625003,"id":"rp9mat1nhu05jtp","previousEventId":"es3xi66qjygil9f","previousOperationId":"6m0zsyaiak5ho2s"}
{"type":"log","timestamp":1684653625003,"level":"debug","message":"Skipping storing report.","meta":{"rootId":"u5b0tcygohpoo4i","id":"zap72nposiczayr"},"id":"d02il95pqti81v4","previousOperationId":"6m0zsyaiak5ho2s"}
{"type":"log","timestamp":1684653625003,"level":"info","message":"Rendering (child) request finished in 82 ms","meta":{"rootId":"u5b0tcygohpoo4i","id":"zap72nposiczayr"},"id":"sxcos1nh4875ina","previousOperationId":"6m0zsyaiak5ho2s"}
{"type":"operationEnd","subtype":"render","operationId":"orv717u9ybndu0e","timestamp":1684653625003,"id":"dlam5h3vpwvi2xr","previousEventId":"rp9mat1nhu05jtp","previousOperationId":"6m0zsyaiak5ho2s"}
{"type":"log","timestamp":1684653625011,"level":"debug","message":"Converting with chrome HeadlessChrome/105.0.5173.0 using chrome-pool strategy","meta":{"rootId":"u5b0tcygohpoo4i","id":"u5b0tcygohpoo4i"},"id":"heimdnnmfgytjut","previousOperationId":"rgwu66p3ncldvvg"}
{"type":"log","timestamp":1684653625162,"level":"debug","message":"Page request: GET (document) file:///C:/Users/Adebayo/AppData/Local/Temp/jsreport/autocleanup/7de0676d-9dff-4bfc-8918-43866bcbaa24-chrome-pdf.html","meta":{"rootId":"u5b0tcygohpoo4i","id":"u5b0tcygohpoo4i"},"id":"wesn3lfo1nu19g1","previousOperationId":"rgwu66p3ncldvvg"}
{"type":"log","timestamp":1684653625181,"level":"debug","message":"Page request finished: GET (document) 200 file:///C:/Users/Adebayo/AppData/Local/Temp/jsreport/autocleanup/7de0676d-9dff-4bfc-8918-43866bcbaa24-chrome-pdf.html","meta":{"rootId":"u5b0tcygohpoo4i","id":"u5b0tcygohpoo4i"},"id":"uxu4o73mbsrkaig","previousOperationId":"rgwu66p3ncldvvg"}
{"type":"log","timestamp":1684653625182,"level":"debug","message":"Page request: GET (script) https://cdnjs.cloudflare.com/ajax/libs/Chart.js/2.1.6/Chart.min.js","meta":{"rootId":"u5b0tcygohpoo4i","id":"u5b0tcygohpoo4i"},"id":"3rxnn1hfkfgtzje","previousOperationId":"rgwu66p3ncldvvg"}
{"type":"log","timestamp":1684653625194,"level":"debug","message":"Page request finished: GET (script) 200 https://cdnjs.cloudflare.com/ajax/libs/Chart.js/2.1.6/Chart.min.js","meta":{"rootId":"u5b0tcygohpoo4i","id":"u5b0tcygohpoo4i"},"id":"8tx9nhec2ibkyw5","previousOperationId":"rgwu66p3ncldvvg"}
{"type":"log","timestamp":1684653625200,"level":"warn","message":"Page error: SyntaxError: Unexpected token ','","meta":{"rootId":"u5b0tcygohpoo4i","id":"u5b0tcygohpoo4i"},"id":"y5b9pmy1991du3n","previousOperationId":"rgwu66p3ncldvvg"}
{"type":"log","timestamp":1684653625203,"level":"debug","message":"Running chrome with params {\"printBackground\":true,\"marginTop\":\"2cm\",\"marginRight\":\"1cm\",\"marginBottom\":\"2cm\",\"marginLeft\":\"1cm\",\"landscape\":false,\"format\":\"A4\",\"displayHeaderFooter\":true,\"footerTemplate\":\"...\",\"timeout\":59918,\"margin\":{\"top\":\"2cm\",\"right\":\"1cm\",\"bottom\":\"2cm\",\"left\":\"1cm\"}}","meta":{"rootId":"u5b0tcygohpoo4i","id":"u5b0tcygohpoo4i"},"id":"vhrgt7wt80ls6bt","previousOperationId":"rgwu66p3ncldvvg"}
{"type":"operationEnd","operationId":"rgwu66p3ncldvvg","timestamp":1684653625300,"id":"jmvzntqnwh4h4vl","previousEventId":"vvoys3jqjucu0lg","previousOperationId":"rgwu66p3ncldvvg"}
{"type":"log","timestamp":1684653625300,"level":"debug","message":"Skipping storing report.","meta":{"rootId":"u5b0tcygohpoo4i","id":"u5b0tcygohpoo4i"},"id":"prqlxfkym3e21xf","previousOperationId":"rgwu66p3ncldvvg"}
{"type":"log","timestamp":1684653625300,"level":"info","message":"Rendering request 117 finished in 379 ms","meta":{"rootId":"u5b0tcygohpoo4i","id":"u5b0tcygohpoo4i"},"id":"cq2fabyh2zcvu3q","previousOperationId":"rgwu66p3ncldvvg"}
{"type":"operationEnd","subtype":"render","operationId":"b0lor7i7kjrq01d","timestamp":1684653625300,"id":"bjfcqt2mdf85dsd","previousEventId":"jmvzntqnwh4h4vl","previousOperationId":"rgwu66p3ncldvvg"}
{"type":"operationEnd","doDiffs":false,"previousEventId":"1chlqy2pqvfyzk1","previousOperationId":"556uz4rwy7r8jcn","operationId":"556uz4rwy7r8jcn","timestamp":1684653625307,"id":"xgrh3lp7k398vnp"}
