{"type":"operationStart","subtype":"profile","data":{"_id":"FoBmGyfxyyeuBU8M","timestamp":"2023-05-21T11:40:29.623Z","state":"queued","mode":"standard","creationDate":"2023-05-21T11:40:29.626Z","modificationDate":"2023-05-21T11:40:29.626Z","shortid":"bZq5ID1","$entitySet":"profiles"},"doDiffs":false,"timestamp":1684669229625,"id":"gr28llyj1uup1py","previousOperationId":null,"operationId":"j6eup634m5fuscg"}
{"type":"log","level":"info","message":"Render request 180 queued for execution and waiting for available worker","previousOperationId":"j6eup634m5fuscg","timestamp":1684669229625,"id":"jp0vtfmkcyxspz8"}
{"type":"operationStart","subtype":"render","name":"invoice-js","previousOperationId":"j6eup634m5fuscg","timestamp":1684669229646,"id":"i539udzpfm5o33u","previousEventId":"gr28llyj1uup1py","operationId":"utf3iqtxjve0fcf"}
{"type":"log","timestamp":1684669229646,"level":"info","message":"Starting rendering request 180","meta":{"rootId":"ua605lh5ennl3sd","id":"ua605lh5ennl3sd"},"id":"hbi6sgvkro1szuh","previousOperationId":"utf3iqtxjve0fcf"}
{"type":"log","timestamp":1684669229647,"level":"info","message":"Rendering template { name: invoice-js, recipe: chrome-pdf, engine: handlebars, preview: false }","meta":{"rootId":"ua605lh5ennl3sd","id":"ua605lh5ennl3sd"},"id":"8z1zr425c4tv9zh","previousOperationId":"utf3iqtxjve0fcf"}
{"type":"log","timestamp":1684669229649,"level":"debug","message":"Inline data specified.","meta":{"rootId":"ua605lh5ennl3sd","id":"ua605lh5ennl3sd"},"id":"hvjh9sg2cpctluo","previousOperationId":"utf3iqtxjve0fcf"}
{"type":"log","timestamp":1684669229657,"level":"debug","message":"Base url not specified, skipping its injection.","meta":{"rootId":"ua605lh5ennl3sd","id":"ua605lh5ennl3sd"},"id":"914lkxatc29zc2u","previousOperationId":"utf3iqtxjve0fcf"}
{"type":"operationStart","subtype":"engine","name":"handlebars","timestamp":1684669229658,"id":"9ytlgqexydra6nw","previousEventId":"i539udzpfm5o33u","operationId":"38sh9c13qujy9zg","previousOperationId":"utf3iqtxjve0fcf"}
{"type":"log","timestamp":1684669229658,"level":"debug","message":"Rendering engine handlebars","meta":{"rootId":"ua605lh5ennl3sd","id":"ua605lh5ennl3sd"},"id":"gy0eb9ox4lzvdbp","previousOperationId":"38sh9c13qujy9zg"}
{"type":"operationEnd","operationId":"38sh9c13qujy9zg","timestamp":1684669229697,"id":"419olgau8xh1pgb","previousEventId":"9ytlgqexydra6nw","previousOperationId":"38sh9c13qujy9zg"}
{"type":"operationStart","subtype":"recipe","name":"chrome-pdf","timestamp":1684669229699,"id":"prufgyot3tpizpx","previousEventId":"419olgau8xh1pgb","operationId":"gk3zcdguf0ftl2i","previousOperationId":"38sh9c13qujy9zg"}
{"type":"log","timestamp":1684669229699,"level":"debug","message":"Executing recipe chrome-pdf","meta":{"rootId":"ua605lh5ennl3sd","id":"ua605lh5ennl3sd"},"id":"3pcw2d8p61doglq","previousOperationId":"gk3zcdguf0ftl2i"}
{"type":"log","timestamp":1684669229707,"level":"debug","message":"Starting child request to render pdf footer","meta":{"rootId":"ua605lh5ennl3sd","id":"ua605lh5ennl3sd"},"id":"c2px2o5sfua7dkz","previousOperationId":"gk3zcdguf0ftl2i"}
{"type":"operationStart","subtype":"render","name":"anonymous","previousOperationId":"gk3zcdguf0ftl2i","timestamp":1684669229708,"id":"w6bu52j7rbk6ry3","previousEventId":"prufgyot3tpizpx","operationId":"6uvxwkpk2e37hbu"}
{"type":"log","timestamp":1684669229708,"level":"info","message":"Starting rendering (child) request","meta":{"rootId":"ua605lh5ennl3sd","id":"7qsdnc2lc0vahhd"},"id":"se64szuryva53gh","previousOperationId":"6uvxwkpk2e37hbu"}
{"type":"log","timestamp":1684669229708,"level":"info","message":"Rendering anonymous template { recipe: html, engine: handlebars }","meta":{"rootId":"ua605lh5ennl3sd","id":"7qsdnc2lc0vahhd"},"id":"dklmqkfq801z7uu","previousOperationId":"6uvxwkpk2e37hbu"}
{"type":"log","timestamp":1684669229709,"level":"debug","message":"Inline data specified.","meta":{"rootId":"ua605lh5ennl3sd","id":"7qsdnc2lc0vahhd"},"id":"b04md03ii4dt7ny","previousOperationId":"6uvxwkpk2e37hbu"}
{"type":"log","timestamp":1684669229711,"level":"debug","message":"Base url not specified, skipping its injection.","meta":{"rootId":"ua605lh5ennl3sd","id":"7qsdnc2lc0vahhd"},"id":"mb7o5um95agonp3","previousOperationId":"6uvxwkpk2e37hbu"}
{"type":"operationStart","subtype":"engine","name":"handlebars","timestamp":1684669229712,"id":"cqm0g39v0nfj9jd","previousEventId":"w6bu52j7rbk6ry3","operationId":"dhu6yw6fvs6lub1","previousOperationId":"6uvxwkpk2e37hbu"}
{"type":"log","timestamp":1684669229712,"level":"debug","message":"Rendering engine handlebars","meta":{"rootId":"ua605lh5ennl3sd","id":"7qsdnc2lc0vahhd"},"id":"w12uvc5u3zi3uxs","previousOperationId":"dhu6yw6fvs6lub1"}
{"type":"operationEnd","operationId":"dhu6yw6fvs6lub1","timestamp":1684669229744,"id":"l9bza916gqsh76k","previousEventId":"cqm0g39v0nfj9jd","previousOperationId":"dhu6yw6fvs6lub1"}
{"type":"operationStart","subtype":"recipe","name":"html","timestamp":1684669229744,"id":"m1tr4hjze6et64d","previousEventId":"l9bza916gqsh76k","operationId":"aizr5p6bpnunin9","previousOperationId":"dhu6yw6fvs6lub1"}
{"type":"log","timestamp":1684669229744,"level":"debug","message":"Executing recipe html","meta":{"rootId":"ua605lh5ennl3sd","id":"7qsdnc2lc0vahhd"},"id":"ap3ktqvyyy4rqt8","previousOperationId":"aizr5p6bpnunin9"}
{"type":"operationEnd","operationId":"aizr5p6bpnunin9","timestamp":1684669229744,"id":"eanem9bq63flf40","previousEventId":"m1tr4hjze6et64d","previousOperationId":"aizr5p6bpnunin9"}
{"type":"log","timestamp":1684669229744,"level":"debug","message":"Skipping storing report.","meta":{"rootId":"ua605lh5ennl3sd","id":"7qsdnc2lc0vahhd"},"id":"spweurdamb43u3z","previousOperationId":"aizr5p6bpnunin9"}
{"type":"log","timestamp":1684669229745,"level":"info","message":"Rendering (child) request finished in 122 ms","meta":{"rootId":"ua605lh5ennl3sd","id":"7qsdnc2lc0vahhd"},"id":"aabbeg0uudmz0fs","previousOperationId":"aizr5p6bpnunin9"}
{"type":"operationEnd","subtype":"render","operationId":"6uvxwkpk2e37hbu","timestamp":1684669229745,"id":"419eej1105oci2q","previousEventId":"eanem9bq63flf40","previousOperationId":"aizr5p6bpnunin9"}
{"type":"log","timestamp":1684669229758,"level":"debug","message":"Converting with chrome HeadlessChrome/105.0.5173.0 using chrome-pool strategy","meta":{"rootId":"ua605lh5ennl3sd","id":"ua605lh5ennl3sd"},"id":"0dtids3savpe4cy","previousOperationId":"gk3zcdguf0ftl2i"}
{"type":"log","timestamp":1684669230044,"level":"debug","message":"Page request: GET (document) file:///C:/Users/Adebayo/AppData/Local/Temp/jsreport/autocleanup/60507014-bd66-42a3-9ed1-8792be864b40-chrome-pdf.html","meta":{"rootId":"ua605lh5ennl3sd","id":"ua605lh5ennl3sd"},"id":"l756ihysmb4t1tl","previousOperationId":"gk3zcdguf0ftl2i"}
{"type":"log","timestamp":1684669230072,"level":"debug","message":"Page request finished: GET (document) 200 file:///C:/Users/Adebayo/AppData/Local/Temp/jsreport/autocleanup/60507014-bd66-42a3-9ed1-8792be864b40-chrome-pdf.html","meta":{"rootId":"ua605lh5ennl3sd","id":"ua605lh5ennl3sd"},"id":"mjrw98toai6ss88","previousOperationId":"gk3zcdguf0ftl2i"}
{"type":"log","timestamp":1684669230073,"level":"debug","message":"Page request: GET (script) https://cdnjs.cloudflare.com/ajax/libs/Chart.js/2.1.6/Chart.min.js","meta":{"rootId":"ua605lh5ennl3sd","id":"ua605lh5ennl3sd"},"id":"gth79gcru74hwif","previousOperationId":"gk3zcdguf0ftl2i"}
{"type":"log","timestamp":1684669230088,"level":"debug","message":"Page request finished: GET (script) 200 https://cdnjs.cloudflare.com/ajax/libs/Chart.js/2.1.6/Chart.min.js","meta":{"rootId":"ua605lh5ennl3sd","id":"ua605lh5ennl3sd"},"id":"qggbkodwieqgi1z","previousOperationId":"gk3zcdguf0ftl2i"}
{"type":"log","timestamp":1684669230215,"level":"debug","message":"Running chrome with params {\"printBackground\":true,\"marginTop\":\"2cm\",\"marginRight\":\"1cm\",\"marginBottom\":\"2cm\",\"marginLeft\":\"1cm\",\"landscape\":false,\"format\":\"A4\",\"displayHeaderFooter\":true,\"footerTemplate\":\"...\",\"timeout\":59877,\"margin\":{\"top\":\"2cm\",\"right\":\"1cm\",\"bottom\":\"2cm\",\"left\":\"1cm\"}}","meta":{"rootId":"ua605lh5ennl3sd","id":"ua605lh5ennl3sd"},"id":"ops189r2zg7aglk","previousOperationId":"gk3zcdguf0ftl2i"}
{"type":"operationEnd","operationId":"gk3zcdguf0ftl2i","timestamp":1684669230406,"id":"qd765diepowdcpx","previousEventId":"prufgyot3tpizpx","previousOperationId":"gk3zcdguf0ftl2i"}
{"type":"log","timestamp":1684669230406,"level":"debug","message":"Skipping storing report.","meta":{"rootId":"ua605lh5ennl3sd","id":"ua605lh5ennl3sd"},"id":"hbnvdh0lb79twnu","previousOperationId":"gk3zcdguf0ftl2i"}
{"type":"log","timestamp":1684669230406,"level":"info","message":"Rendering request 180 finished in 784 ms","meta":{"rootId":"ua605lh5ennl3sd","id":"ua605lh5ennl3sd"},"id":"2ryb5y143iqinqn","previousOperationId":"gk3zcdguf0ftl2i"}
{"type":"operationEnd","subtype":"render","operationId":"utf3iqtxjve0fcf","timestamp":1684669230407,"id":"zlrvkj7f3o5uagb","previousEventId":"qd765diepowdcpx","previousOperationId":"gk3zcdguf0ftl2i"}
{"type":"operationEnd","doDiffs":false,"previousEventId":"gr28llyj1uup1py","previousOperationId":"j6eup634m5fuscg","operationId":"j6eup634m5fuscg","timestamp":1684669230452,"id":"arw9tuyx4z7a1t1"}
