{"type":"operationStart","subtype":"profile","data":{"_id":"6s8doLTE6GJZtdig","timestamp":"2023-05-21T06:55:09.798Z","state":"queued","mode":"standard","creationDate":"2023-05-21T06:55:09.803Z","modificationDate":"2023-05-21T06:55:09.803Z","shortid":"ciWCBFJ","$entitySet":"profiles"},"doDiffs":false,"timestamp":1684652109801,"id":"tu3dsh3stqyrpzd","previousOperationId":null,"operationId":"7vsvc9cpfrh4lix"}
{"type":"log","level":"info","message":"Render request 94 queued for execution and waiting for available worker","previousOperationId":"7vsvc9cpfrh4lix","timestamp":1684652109801,"id":"dp7pjtt1wv9i8w6"}
{"type":"operationStart","subtype":"render","name":"invoice-js","previousOperationId":"7vsvc9cpfrh4lix","timestamp":1684652109815,"id":"3lvkvr72g9j5vq3","previousEventId":"tu3dsh3stqyrpzd","operationId":"0v90haxww2732ih"}
{"type":"log","timestamp":1684652109815,"level":"info","message":"Starting rendering request 94","meta":{"rootId":"uqlvwshmomk4142","id":"uqlvwshmomk4142"},"id":"aryngfkbxss4mhc","previousOperationId":"0v90haxww2732ih"}
{"type":"log","timestamp":1684652109815,"level":"info","message":"Rendering template { name: invoice-js, recipe: chrome-pdf, engine: handlebars, preview: false }","meta":{"rootId":"uqlvwshmomk4142","id":"uqlvwshmomk4142"},"id":"hfwovnoal473ur9","previousOperationId":"0v90haxww2732ih"}
{"type":"log","timestamp":1684652109821,"level":"debug","message":"Inline data specified.","meta":{"rootId":"uqlvwshmomk4142","id":"uqlvwshmomk4142"},"id":"a2h6owtt6lz8oqk","previousOperationId":"0v90haxww2732ih"}
{"type":"log","timestamp":1684652109828,"level":"debug","message":"Base url not specified, skipping its injection.","meta":{"rootId":"uqlvwshmomk4142","id":"uqlvwshmomk4142"},"id":"guet237k2rmd16q","previousOperationId":"0v90haxww2732ih"}
{"type":"operationStart","subtype":"engine","name":"handlebars","timestamp":1684652109829,"id":"rd5vwe0cwvabsoy","previousEventId":"3lvkvr72g9j5vq3","operationId":"s2ww73k7muw2dcv","previousOperationId":"0v90haxww2732ih"}
{"type":"log","timestamp":1684652109829,"level":"debug","message":"Rendering engine handlebars","meta":{"rootId":"uqlvwshmomk4142","id":"uqlvwshmomk4142"},"id":"87r31zoh8rtlk5n","previousOperationId":"s2ww73k7muw2dcv"}
{"type":"operationEnd","operationId":"s2ww73k7muw2dcv","timestamp":1684652109851,"id":"26tgvifrh5g35n2","previousEventId":"rd5vwe0cwvabsoy","previousOperationId":"s2ww73k7muw2dcv"}
{"type":"operationStart","subtype":"recipe","name":"chrome-pdf","timestamp":1684652109852,"id":"dmi9ybhxampha03","previousEventId":"26tgvifrh5g35n2","operationId":"avtbwaq76t4q9yq","previousOperationId":"s2ww73k7muw2dcv"}
{"type":"log","timestamp":1684652109852,"level":"debug","message":"Executing recipe chrome-pdf","meta":{"rootId":"uqlvwshmomk4142","id":"uqlvwshmomk4142"},"id":"zydia1es0fp1965","previousOperationId":"avtbwaq76t4q9yq"}
{"type":"log","timestamp":1684652109855,"level":"debug","message":"Starting child request to render pdf footer","meta":{"rootId":"uqlvwshmomk4142","id":"uqlvwshmomk4142"},"id":"eyghf85pvz4lywr","previousOperationId":"avtbwaq76t4q9yq"}
{"type":"operationStart","subtype":"render","name":"anonymous","previousOperationId":"avtbwaq76t4q9yq","timestamp":1684652109856,"id":"c8ddjeous6vluv4","previousEventId":"dmi9ybhxampha03","operationId":"mtdaehqo20qggpk"}
{"type":"log","timestamp":1684652109856,"level":"info","message":"Starting rendering (child) request","meta":{"rootId":"uqlvwshmomk4142","id":"g53ccmx54rc8top"},"id":"s4ouugrr0ib7igy","previousOperationId":"mtdaehqo20qggpk"}
{"type":"log","timestamp":1684652109856,"level":"info","message":"Rendering anonymous template { recipe: html, engine: handlebars }","meta":{"rootId":"uqlvwshmomk4142","id":"g53ccmx54rc8top"},"id":"nb0v4scnvgbbohq","previousOperationId":"mtdaehqo20qggpk"}
{"type":"log","timestamp":1684652109856,"level":"debug","message":"Inline data specified.","meta":{"rootId":"uqlvwshmomk4142","id":"g53ccmx54rc8top"},"id":"q8sszfdshjeooad","previousOperationId":"mtdaehqo20qggpk"}
{"type":"log","timestamp":1684652109858,"level":"debug","message":"Base url not specified, skipping its injection.","meta":{"rootId":"uqlvwshmomk4142","id":"g53ccmx54rc8top"},"id":"33sbm9clc2lim9g","previousOperationId":"mtdaehqo20qggpk"}
{"type":"operationStart","subtype":"engine","name":"handlebars","timestamp":1684652109859,"id":"iw7ks2fezpn9bx8","previousEventId":"c8ddjeous6vluv4","operationId":"kuyv1hn3qsgnteg","previousOperationId":"mtdaehqo20qggpk"}
{"type":"log","timestamp":1684652109859,"level":"debug","message":"Rendering engine handlebars","meta":{"rootId":"uqlvwshmomk4142","id":"g53ccmx54rc8top"},"id":"xgnoy39ppstkobc","previousOperationId":"kuyv1hn3qsgnteg"}
{"type":"operationEnd","operationId":"kuyv1hn3qsgnteg","timestamp":1684652109887,"id":"gtvdk22dn4a9nsq","previousEventId":"iw7ks2fezpn9bx8","previousOperationId":"kuyv1hn3qsgnteg"}
{"type":"operationStart","subtype":"recipe","name":"html","timestamp":1684652109887,"id":"1limoncs31ovbnc","previousEventId":"gtvdk22dn4a9nsq","operationId":"o5a2ddvd98on5rn","previousOperationId":"kuyv1hn3qsgnteg"}
{"type":"log","timestamp":1684652109887,"level":"debug","message":"Executing recipe html","meta":{"rootId":"uqlvwshmomk4142","id":"g53ccmx54rc8top"},"id":"y8a42ghgw35czcc","previousOperationId":"o5a2ddvd98on5rn"}
{"type":"operationEnd","operationId":"o5a2ddvd98on5rn","timestamp":1684652109887,"id":"knb36rqw10oekia","previousEventId":"1limoncs31ovbnc","previousOperationId":"o5a2ddvd98on5rn"}
{"type":"log","timestamp":1684652109888,"level":"debug","message":"Skipping storing report.","meta":{"rootId":"uqlvwshmomk4142","id":"g53ccmx54rc8top"},"id":"1h7bvlt0l6i78bx","previousOperationId":"o5a2ddvd98on5rn"}
{"type":"log","timestamp":1684652109888,"level":"info","message":"Rendering (child) request finished in 90 ms","meta":{"rootId":"uqlvwshmomk4142","id":"g53ccmx54rc8top"},"id":"hau2cix6c8frggw","previousOperationId":"o5a2ddvd98on5rn"}
{"type":"operationEnd","subtype":"render","operationId":"mtdaehqo20qggpk","timestamp":1684652109888,"id":"5bvcwx10dnsrbdl","previousEventId":"knb36rqw10oekia","previousOperationId":"o5a2ddvd98on5rn"}
{"type":"log","timestamp":1684652109890,"level":"debug","message":"Converting with chrome HeadlessChrome/105.0.5173.0 using chrome-pool strategy","meta":{"rootId":"uqlvwshmomk4142","id":"uqlvwshmomk4142"},"id":"4i4mlob7qsdu2t2","previousOperationId":"avtbwaq76t4q9yq"}
{"type":"log","timestamp":1684652110035,"level":"debug","message":"Page request: GET (document) file:///C:/Users/Adebayo/AppData/Local/Temp/jsreport/autocleanup/0ceab052-6b1d-40b5-ada0-9fd3b581dc8c-chrome-pdf.html","meta":{"rootId":"uqlvwshmomk4142","id":"uqlvwshmomk4142"},"id":"m85o3qa0tylizki","previousOperationId":"avtbwaq76t4q9yq"}
{"type":"log","timestamp":1684652110056,"level":"debug","message":"Page request finished: GET (document) 200 file:///C:/Users/Adebayo/AppData/Local/Temp/jsreport/autocleanup/0ceab052-6b1d-40b5-ada0-9fd3b581dc8c-chrome-pdf.html","meta":{"rootId":"uqlvwshmomk4142","id":"uqlvwshmomk4142"},"id":"2ycmqmne1grl3ut","previousOperationId":"avtbwaq76t4q9yq"}
{"type":"log","timestamp":1684652110056,"level":"debug","message":"Page request: GET (script) https://cdnjs.cloudflare.com/ajax/libs/Chart.js/2.1.6/Chart.min.js","meta":{"rootId":"uqlvwshmomk4142","id":"uqlvwshmomk4142"},"id":"8u12rtw5ssp5xqr","previousOperationId":"avtbwaq76t4q9yq"}
{"type":"log","timestamp":1684652110065,"level":"debug","message":"Page request finished: GET (script) 200 https://cdnjs.cloudflare.com/ajax/libs/Chart.js/2.1.6/Chart.min.js","meta":{"rootId":"uqlvwshmomk4142","id":"uqlvwshmomk4142"},"id":"7fbz8hvcppbpv0o","previousOperationId":"avtbwaq76t4q9yq"}
{"type":"log","timestamp":1684652110073,"level":"warn","message":"Page error: SyntaxError: Unexpected token ','","meta":{"rootId":"uqlvwshmomk4142","id":"uqlvwshmomk4142"},"id":"6qcq4q6328byat5","previousOperationId":"avtbwaq76t4q9yq"}
{"type":"log","timestamp":1684652110079,"level":"debug","message":"Running chrome with params {\"printBackground\":true,\"marginTop\":\"2cm\",\"marginRight\":\"1cm\",\"marginBottom\":\"2cm\",\"marginLeft\":\"1cm\",\"landscape\":false,\"format\":\"A4\",\"displayHeaderFooter\":true,\"footerTemplate\":\"...\",\"timeout\":59910,\"margin\":{\"top\":\"2cm\",\"right\":\"1cm\",\"bottom\":\"2cm\",\"left\":\"1cm\"}}","meta":{"rootId":"uqlvwshmomk4142","id":"uqlvwshmomk4142"},"id":"nbj3x26xfo4aoo1","previousOperationId":"avtbwaq76t4q9yq"}
{"type":"operationEnd","operationId":"avtbwaq76t4q9yq","timestamp":1684652110192,"id":"f0nbqkdllbsarvx","previousEventId":"dmi9ybhxampha03","previousOperationId":"avtbwaq76t4q9yq"}
{"type":"log","timestamp":1684652110192,"level":"debug","message":"Skipping storing report.","meta":{"rootId":"uqlvwshmomk4142","id":"uqlvwshmomk4142"},"id":"1tfn3usev7jk4z0","previousOperationId":"avtbwaq76t4q9yq"}
{"type":"log","timestamp":1684652110192,"level":"info","message":"Rendering request 94 finished in 394 ms","meta":{"rootId":"uqlvwshmomk4142","id":"uqlvwshmomk4142"},"id":"jc60phmsgrvoac7","previousOperationId":"avtbwaq76t4q9yq"}
{"type":"operationEnd","subtype":"render","operationId":"0v90haxww2732ih","timestamp":1684652110192,"id":"opb6h1d3036hhb4","previousEventId":"f0nbqkdllbsarvx","previousOperationId":"avtbwaq76t4q9yq"}
{"type":"operationEnd","doDiffs":false,"previousEventId":"tu3dsh3stqyrpzd","previousOperationId":"7vsvc9cpfrh4lix","operationId":"7vsvc9cpfrh4lix","timestamp":1684652110198,"id":"0e6qkb3p8luqf36"}
