{"type":"operationStart","subtype":"profile","data":{"_id":"p7KscNCq7pQNsBaV","timestamp":"2023-05-21T05:51:51.606Z","state":"queued","mode":"standard","creationDate":"2023-05-21T05:51:51.609Z","modificationDate":"2023-05-21T05:51:51.609Z","shortid":"RYbwRun","$entitySet":"profiles"},"doDiffs":false,"timestamp":1684648311607,"id":"mq0vu6zawc0fuyq","previousOperationId":null,"operationId":"7obyfxk4rbv7e46"}
{"type":"log","level":"info","message":"Render request 54 queued for execution and waiting for available worker","previousOperationId":"7obyfxk4rbv7e46","timestamp":1684648311608,"id":"v58qybgw8lw50k6"}
{"type":"operationStart","subtype":"render","name":"invoice-js","previousOperationId":"7obyfxk4rbv7e46","timestamp":1684648311621,"id":"vmtweq8n7gkj3ef","previousEventId":"mq0vu6zawc0fuyq","operationId":"6zm5su48vnm4dmk"}
{"type":"log","timestamp":1684648311621,"level":"info","message":"Starting rendering request 54","meta":{"rootId":"uuo8nge8tyuexcm","id":"uuo8nge8tyuexcm"},"id":"0th3qg8ua2o38ft","previousOperationId":"6zm5su48vnm4dmk"}
{"type":"log","timestamp":1684648311621,"level":"info","message":"Rendering template { name: invoice-js, recipe: chrome-pdf, engine: handlebars, preview: true }","meta":{"rootId":"uuo8nge8tyuexcm","id":"uuo8nge8tyuexcm"},"id":"9e6pdjbsuhqlkoy","previousOperationId":"6zm5su48vnm4dmk"}
{"type":"log","timestamp":1684648311622,"level":"debug","message":"Inline data specified.","meta":{"rootId":"uuo8nge8tyuexcm","id":"uuo8nge8tyuexcm"},"id":"eo6deld6a762zqr","previousOperationId":"6zm5su48vnm4dmk"}
{"type":"log","timestamp":1684648311629,"level":"debug","message":"Base url not specified, skipping its injection.","meta":{"rootId":"uuo8nge8tyuexcm","id":"uuo8nge8tyuexcm"},"id":"3vfla47w4jf7blg","previousOperationId":"6zm5su48vnm4dmk"}
{"type":"operationStart","subtype":"engine","name":"handlebars","timestamp":1684648311629,"id":"urziff7xbgrbjn5","previousEventId":"vmtweq8n7gkj3ef","operationId":"tojsbbzq6jwz84v","previousOperationId":"6zm5su48vnm4dmk"}
{"type":"log","timestamp":1684648311629,"level":"debug","message":"Rendering engine handlebars","meta":{"rootId":"uuo8nge8tyuexcm","id":"uuo8nge8tyuexcm"},"id":"jxt7fq5w5pv7quc","previousOperationId":"tojsbbzq6jwz84v"}
{"type":"operationEnd","operationId":"tojsbbzq6jwz84v","timestamp":1684648311681,"id":"ug5a0ykc02221as","previousEventId":"urziff7xbgrbjn5","previousOperationId":"tojsbbzq6jwz84v"}
{"type":"operationStart","subtype":"recipe","name":"chrome-pdf","timestamp":1684648311682,"id":"rkd1g482z7ddcrg","previousEventId":"ug5a0ykc02221as","operationId":"d8qj6oog6aanox7","previousOperationId":"tojsbbzq6jwz84v"}
{"type":"log","timestamp":1684648311682,"level":"debug","message":"Executing recipe chrome-pdf","meta":{"rootId":"uuo8nge8tyuexcm","id":"uuo8nge8tyuexcm"},"id":"m5gps92gvm3t3t7","previousOperationId":"d8qj6oog6aanox7"}
{"type":"log","timestamp":1684648311685,"level":"debug","message":"Converting with chrome HeadlessChrome/105.0.5173.0 using chrome-pool strategy","meta":{"rootId":"uuo8nge8tyuexcm","id":"uuo8nge8tyuexcm"},"id":"8spbnc0lm0zoepr","previousOperationId":"d8qj6oog6aanox7"}
{"type":"log","timestamp":1684648311790,"level":"debug","message":"Page request: GET (document) file:///C:/Users/Adebayo/AppData/Local/Temp/jsreport/autocleanup/16f6301b-568e-4380-ada8-160b5c4cfbb4-chrome-pdf.html","meta":{"rootId":"uuo8nge8tyuexcm","id":"uuo8nge8tyuexcm"},"id":"z3dc6p8eq78jh9i","previousOperationId":"d8qj6oog6aanox7"}
{"type":"log","timestamp":1684648311805,"level":"debug","message":"Page request finished: GET (document) 200 file:///C:/Users/Adebayo/AppData/Local/Temp/jsreport/autocleanup/16f6301b-568e-4380-ada8-160b5c4cfbb4-chrome-pdf.html","meta":{"rootId":"uuo8nge8tyuexcm","id":"uuo8nge8tyuexcm"},"id":"8tzmsla9gld9wnn","previousOperationId":"d8qj6oog6aanox7"}
{"type":"log","timestamp":1684648311805,"level":"debug","message":"Page request: GET (script) https://cdn.jsdelivr.net/npm/chart.js","meta":{"rootId":"uuo8nge8tyuexcm","id":"uuo8nge8tyuexcm"},"id":"ibtsbjkxxeumjsi","previousOperationId":"d8qj6oog6aanox7"}
{"type":"log","timestamp":1684648311810,"level":"debug","message":"Page request finished: GET (script) 200 https://cdn.jsdelivr.net/npm/chart.js","meta":{"rootId":"uuo8nge8tyuexcm","id":"uuo8nge8tyuexcm"},"id":"y03e8g4okn7o5zm","previousOperationId":"d8qj6oog6aanox7"}
{"type":"log","timestamp":1684648311911,"level":"debug","message":"Running chrome with params {\"printBackground\":true,\"marginTop\":\"2cm\",\"marginRight\":\"1cm\",\"marginBottom\":\"2cm\",\"marginLeft\":\"1cm\",\"landscape\":false,\"format\":\"A4\",\"displayHeaderFooter\":true,\"timeout\":59922,\"margin\":{\"top\":\"2cm\",\"right\":\"1cm\",\"bottom\":\"2cm\",\"left\":\"1cm\"}}","meta":{"rootId":"uuo8nge8tyuexcm","id":"uuo8nge8tyuexcm"},"id":"luf80oh12fqsvop","previousOperationId":"d8qj6oog6aanox7"}
{"type":"operationEnd","operationId":"d8qj6oog6aanox7","timestamp":1684648311985,"id":"6o1aumipxhydh8e","previousEventId":"rkd1g482z7ddcrg","previousOperationId":"d8qj6oog6aanox7"}
{"type":"log","timestamp":1684648311985,"level":"debug","message":"Skipping storing report.","meta":{"rootId":"uuo8nge8tyuexcm","id":"uuo8nge8tyuexcm"},"id":"64zyr35hk41ex5o","previousOperationId":"d8qj6oog6aanox7"}
{"type":"log","timestamp":1684648311985,"level":"info","message":"Rendering request 54 finished in 379 ms","meta":{"rootId":"uuo8nge8tyuexcm","id":"uuo8nge8tyuexcm"},"id":"8d6s4ibhl1zr1wh","previousOperationId":"d8qj6oog6aanox7"}
{"type":"operationEnd","subtype":"render","operationId":"6zm5su48vnm4dmk","timestamp":1684648311985,"id":"bjtu9kklvmec8lr","previousEventId":"6o1aumipxhydh8e","previousOperationId":"d8qj6oog6aanox7"}
{"type":"operationEnd","doDiffs":false,"previousEventId":"mq0vu6zawc0fuyq","previousOperationId":"7obyfxk4rbv7e46","operationId":"7obyfxk4rbv7e46","timestamp":1684648311989,"id":"rxtud2y4bc1uiwc"}
