{"type":"operationStart","subtype":"profile","data":{"_id":"jsZkC0KmCDu77xMk","timestamp":"2023-05-21T11:15:10.826Z","state":"queued","mode":"standard","creationDate":"2023-05-21T11:15:10.829Z","modificationDate":"2023-05-21T11:15:10.829Z","shortid":"HBpKqKL","$entitySet":"profiles"},"doDiffs":false,"timestamp":1684667710827,"id":"etkmtjcdcgoftk9","previousOperationId":null,"operationId":"lj8omzl6om9ep19"}
{"type":"log","level":"info","message":"Render request 150 queued for execution and waiting for available worker","previousOperationId":"lj8omzl6om9ep19","timestamp":1684667710827,"id":"21wcltrh2odnbvg"}
{"type":"operationStart","subtype":"render","name":"invoice-js","previousOperationId":"lj8omzl6om9ep19","timestamp":1684667710852,"id":"nwyg9rjv0ankqxy","previousEventId":"etkmtjcdcgoftk9","operationId":"40j7a9cqtbw2r05"}
{"type":"log","timestamp":1684667710852,"level":"info","message":"Starting rendering request 150","meta":{"rootId":"uuonflyez12o9qs","id":"uuonflyez12o9qs"},"id":"nkpaiblvljcy4iz","previousOperationId":"40j7a9cqtbw2r05"}
{"type":"log","timestamp":1684667710852,"level":"info","message":"Rendering template { name: invoice-js, recipe: chrome-pdf, engine: handlebars, preview: true }","meta":{"rootId":"uuonflyez12o9qs","id":"uuonflyez12o9qs"},"id":"9yngr4houv169fo","previousOperationId":"40j7a9cqtbw2r05"}
{"type":"log","timestamp":1684667710862,"level":"debug","message":"Inline data specified.","meta":{"rootId":"uuonflyez12o9qs","id":"uuonflyez12o9qs"},"id":"vi0muwh56njfqmu","previousOperationId":"40j7a9cqtbw2r05"}
{"type":"log","timestamp":1684667710867,"level":"debug","message":"Base url not specified, skipping its injection.","meta":{"rootId":"uuonflyez12o9qs","id":"uuonflyez12o9qs"},"id":"m5aoxrege1irru0","previousOperationId":"40j7a9cqtbw2r05"}
{"type":"operationStart","subtype":"engine","name":"handlebars","timestamp":1684667710867,"id":"73bcj0gvhq09rgj","previousEventId":"nwyg9rjv0ankqxy","operationId":"e40pjb1ildikjle","previousOperationId":"40j7a9cqtbw2r05"}
{"type":"log","timestamp":1684667710867,"level":"debug","message":"Rendering engine handlebars","meta":{"rootId":"uuonflyez12o9qs","id":"uuonflyez12o9qs"},"id":"pa5j5qktr6j3gaa","previousOperationId":"e40pjb1ildikjle"}
{"type":"operationEnd","operationId":"e40pjb1ildikjle","timestamp":1684667710946,"id":"repqa9lemfb6hz2","previousEventId":"73bcj0gvhq09rgj","previousOperationId":"e40pjb1ildikjle"}
{"type":"operationStart","subtype":"recipe","name":"chrome-pdf","timestamp":1684667710946,"id":"1xyk5s3ba70qeqf","previousEventId":"repqa9lemfb6hz2","operationId":"pf4vg3xnqprk3qe","previousOperationId":"e40pjb1ildikjle"}
{"type":"log","timestamp":1684667710946,"level":"debug","message":"Executing recipe chrome-pdf","meta":{"rootId":"uuonflyez12o9qs","id":"uuonflyez12o9qs"},"id":"mdrpcc2swymab0x","previousOperationId":"pf4vg3xnqprk3qe"}
{"type":"log","timestamp":1684667710950,"level":"debug","message":"Starting child request to render pdf footer","meta":{"rootId":"uuonflyez12o9qs","id":"uuonflyez12o9qs"},"id":"glnweaj97cv0n97","previousOperationId":"pf4vg3xnqprk3qe"}
{"type":"operationStart","subtype":"render","name":"anonymous","previousOperationId":"pf4vg3xnqprk3qe","timestamp":1684667710951,"id":"fne7nvmkpwdc7xx","previousEventId":"1xyk5s3ba70qeqf","operationId":"s14ic0sdk1jcbee"}
{"type":"log","timestamp":1684667710951,"level":"info","message":"Starting rendering (child) request","meta":{"rootId":"uuonflyez12o9qs","id":"hmu3eht8vxs2zj1"},"id":"h8ue2p6sxo6bd5s","previousOperationId":"s14ic0sdk1jcbee"}
{"type":"log","timestamp":1684667710951,"level":"info","message":"Rendering anonymous template { recipe: html, engine: handlebars }","meta":{"rootId":"uuonflyez12o9qs","id":"hmu3eht8vxs2zj1"},"id":"ahkcvj86t5e55wa","previousOperationId":"s14ic0sdk1jcbee"}
{"type":"log","timestamp":1684667710951,"level":"debug","message":"Inline data specified.","meta":{"rootId":"uuonflyez12o9qs","id":"hmu3eht8vxs2zj1"},"id":"i5n254cho57xbru","previousOperationId":"s14ic0sdk1jcbee"}
{"type":"log","timestamp":1684667710960,"level":"debug","message":"Base url not specified, skipping its injection.","meta":{"rootId":"uuonflyez12o9qs","id":"hmu3eht8vxs2zj1"},"id":"j5q39j8xvofiy45","previousOperationId":"s14ic0sdk1jcbee"}
{"type":"operationStart","subtype":"engine","name":"handlebars","timestamp":1684667710961,"id":"439cqobthui3qvu","previousEventId":"fne7nvmkpwdc7xx","operationId":"yw929t59hhvtv1e","previousOperationId":"s14ic0sdk1jcbee"}
{"type":"log","timestamp":1684667710961,"level":"debug","message":"Rendering engine handlebars","meta":{"rootId":"uuonflyez12o9qs","id":"hmu3eht8vxs2zj1"},"id":"caka4hdi4luomt8","previousOperationId":"yw929t59hhvtv1e"}
{"type":"operationEnd","operationId":"yw929t59hhvtv1e","timestamp":1684667711069,"id":"vvvth1hh32plvwg","previousEventId":"439cqobthui3qvu","previousOperationId":"yw929t59hhvtv1e"}
{"type":"operationStart","subtype":"recipe","name":"html","timestamp":1684667711071,"id":"zz0v2b76mvq8seu","previousEventId":"vvvth1hh32plvwg","operationId":"vhnddvs7mk11o3o","previousOperationId":"yw929t59hhvtv1e"}
{"type":"log","timestamp":1684667711071,"level":"debug","message":"Executing recipe html","meta":{"rootId":"uuonflyez12o9qs","id":"hmu3eht8vxs2zj1"},"id":"8oqhwb3c7j6e9a3","previousOperationId":"vhnddvs7mk11o3o"}
{"type":"operationEnd","operationId":"vhnddvs7mk11o3o","timestamp":1684667711072,"id":"7lo2g8lrmb2twb3","previousEventId":"zz0v2b76mvq8seu","previousOperationId":"vhnddvs7mk11o3o"}
{"type":"log","timestamp":1684667711072,"level":"debug","message":"Skipping storing report.","meta":{"rootId":"uuonflyez12o9qs","id":"hmu3eht8vxs2zj1"},"id":"kuze4fitgvunzkt","previousOperationId":"vhnddvs7mk11o3o"}
{"type":"log","timestamp":1684667711072,"level":"info","message":"Rendering (child) request finished in 247 ms","meta":{"rootId":"uuonflyez12o9qs","id":"hmu3eht8vxs2zj1"},"id":"8ssrtwgytejddr8","previousOperationId":"vhnddvs7mk11o3o"}
{"type":"operationEnd","subtype":"render","operationId":"s14ic0sdk1jcbee","timestamp":1684667711072,"id":"peokxectb68rzv3","previousEventId":"7lo2g8lrmb2twb3","previousOperationId":"vhnddvs7mk11o3o"}
{"type":"log","timestamp":1684667711074,"level":"debug","message":"Converting with chrome HeadlessChrome/105.0.5173.0 using chrome-pool strategy","meta":{"rootId":"uuonflyez12o9qs","id":"uuonflyez12o9qs"},"id":"lzszqiswhinw6du","previousOperationId":"pf4vg3xnqprk3qe"}
{"type":"log","timestamp":1684667711323,"level":"debug","message":"Page request: GET (document) file:///C:/Users/Adebayo/AppData/Local/Temp/jsreport/autocleanup/66a49612-f86f-4d3a-a421-8b88d9302f87-chrome-pdf.html","meta":{"rootId":"uuonflyez12o9qs","id":"uuonflyez12o9qs"},"id":"xaab4chb42r8efx","previousOperationId":"pf4vg3xnqprk3qe"}
{"type":"log","timestamp":1684667711349,"level":"debug","message":"Page request: GET (script) https://cdnjs.cloudflare.com/ajax/libs/Chart.js/2.1.6/Chart.min.js","meta":{"rootId":"uuonflyez12o9qs","id":"uuonflyez12o9qs"},"id":"peuzxdrnzwupqvm","previousOperationId":"pf4vg3xnqprk3qe"}
{"type":"log","timestamp":1684667711352,"level":"debug","message":"Page request finished: GET (document) 200 file:///C:/Users/Adebayo/AppData/Local/Temp/jsreport/autocleanup/66a49612-f86f-4d3a-a421-8b88d9302f87-chrome-pdf.html","meta":{"rootId":"uuonflyez12o9qs","id":"uuonflyez12o9qs"},"id":"00ieczdvloc3bqj","previousOperationId":"pf4vg3xnqprk3qe"}
{"type":"log","timestamp":1684667711370,"level":"debug","message":"Page request finished: GET (script) 200 https://cdnjs.cloudflare.com/ajax/libs/Chart.js/2.1.6/Chart.min.js","meta":{"rootId":"uuonflyez12o9qs","id":"uuonflyez12o9qs"},"id":"54lphmxlf549wdj","previousOperationId":"pf4vg3xnqprk3qe"}
{"type":"log","timestamp":1684667711506,"level":"debug","message":"Running chrome with params {\"printBackground\":true,\"marginTop\":\"2cm\",\"marginRight\":\"1cm\",\"marginBottom\":\"2cm\",\"marginLeft\":\"1cm\",\"landscape\":false,\"format\":\"A4\",\"displayHeaderFooter\":true,\"footerTemplate\":\"...\",\"timeout\":59753,\"margin\":{\"top\":\"2cm\",\"right\":\"1cm\",\"bottom\":\"2cm\",\"left\":\"1cm\"}}","meta":{"rootId":"uuonflyez12o9qs","id":"uuonflyez12o9qs"},"id":"e7qubzd7dheb7cj","previousOperationId":"pf4vg3xnqprk3qe"}
{"type":"operationEnd","operationId":"pf4vg3xnqprk3qe","timestamp":1684667711648,"id":"0ir45jncdxtwo0x","previousEventId":"1xyk5s3ba70qeqf","previousOperationId":"pf4vg3xnqprk3qe"}
{"type":"log","timestamp":1684667711648,"level":"debug","message":"Skipping storing report.","meta":{"rootId":"uuonflyez12o9qs","id":"uuonflyez12o9qs"},"id":"ug0oy76khznetl9","previousOperationId":"pf4vg3xnqprk3qe"}
{"type":"log","timestamp":1684667711648,"level":"info","message":"Rendering request 150 finished in 823 ms","meta":{"rootId":"uuonflyez12o9qs","id":"uuonflyez12o9qs"},"id":"8lx4nbd5n8va1ls","previousOperationId":"pf4vg3xnqprk3qe"}
{"type":"operationEnd","subtype":"render","operationId":"40j7a9cqtbw2r05","timestamp":1684667711648,"id":"jc148ixg8mej8av","previousEventId":"0ir45jncdxtwo0x","previousOperationId":"pf4vg3xnqprk3qe"}
{"type":"operationEnd","doDiffs":false,"previousEventId":"etkmtjcdcgoftk9","previousOperationId":"lj8omzl6om9ep19","operationId":"lj8omzl6om9ep19","timestamp":1684667711658,"id":"09ttdmjs1g122l1"}
