{"type":"operationStart","subtype":"profile","data":{"_id":"9QgN52kywjeZBb25","timestamp":"2023-05-21T11:22:21.668Z","state":"queued","mode":"standard","creationDate":"2023-05-21T11:22:21.672Z","modificationDate":"2023-05-21T11:22:21.672Z","shortid":"a4XQVkg","$entitySet":"profiles"},"doDiffs":false,"timestamp":1684668141670,"id":"stg6035c4wifq1n","previousOperationId":null,"operationId":"v9o9ly5myn6j6ip"}
{"type":"log","level":"info","message":"Render request 163 queued for execution and waiting for available worker","previousOperationId":"v9o9ly5myn6j6ip","timestamp":1684668141670,"id":"dwt4ltrrtozd73a"}
{"type":"operationStart","subtype":"render","name":"invoice-js","previousOperationId":"v9o9ly5myn6j6ip","timestamp":1684668141683,"id":"0exlcakz8bvtda2","previousEventId":"stg6035c4wifq1n","operationId":"pj3xn82wtdt4jdy"}
{"type":"log","timestamp":1684668141683,"level":"info","message":"Starting rendering request 163","meta":{"rootId":"uvq3ddhzuv3j7rv","id":"uvq3ddhzuv3j7rv"},"id":"l9q0zylmurz0d2n","previousOperationId":"pj3xn82wtdt4jdy"}
{"type":"log","timestamp":1684668141684,"level":"info","message":"Rendering template { name: invoice-js, recipe: chrome-pdf, engine: handlebars, preview: false }","meta":{"rootId":"uvq3ddhzuv3j7rv","id":"uvq3ddhzuv3j7rv"},"id":"en9fcgret3bgn75","previousOperationId":"pj3xn82wtdt4jdy"}
{"type":"log","timestamp":1684668141687,"level":"debug","message":"Inline data specified.","meta":{"rootId":"uvq3ddhzuv3j7rv","id":"uvq3ddhzuv3j7rv"},"id":"4onupx92m3wnf4f","previousOperationId":"pj3xn82wtdt4jdy"}
{"type":"log","timestamp":1684668141691,"level":"debug","message":"Base url not specified, skipping its injection.","meta":{"rootId":"uvq3ddhzuv3j7rv","id":"uvq3ddhzuv3j7rv"},"id":"1c5f9sfn14a9cfp","previousOperationId":"pj3xn82wtdt4jdy"}
{"type":"operationStart","subtype":"engine","name":"handlebars","timestamp":1684668141692,"id":"qoj1gr0lgqwftxu","previousEventId":"0exlcakz8bvtda2","operationId":"81mavypd4oit82p","previousOperationId":"pj3xn82wtdt4jdy"}
{"type":"log","timestamp":1684668141692,"level":"debug","message":"Rendering engine handlebars","meta":{"rootId":"uvq3ddhzuv3j7rv","id":"uvq3ddhzuv3j7rv"},"id":"5xlyq2ww6dxgeyu","previousOperationId":"81mavypd4oit82p"}
{"type":"operationEnd","operationId":"81mavypd4oit82p","timestamp":1684668141712,"id":"glia1pisydoibxe","previousEventId":"qoj1gr0lgqwftxu","previousOperationId":"81mavypd4oit82p"}
{"type":"operationStart","subtype":"recipe","name":"chrome-pdf","timestamp":1684668141712,"id":"gc5u7i30xr23qk2","previousEventId":"glia1pisydoibxe","operationId":"9qhvydo4636dco0","previousOperationId":"81mavypd4oit82p"}
{"type":"log","timestamp":1684668141712,"level":"debug","message":"Executing recipe chrome-pdf","meta":{"rootId":"uvq3ddhzuv3j7rv","id":"uvq3ddhzuv3j7rv"},"id":"pdfwnvzycaco7ej","previousOperationId":"9qhvydo4636dco0"}
{"type":"log","timestamp":1684668141717,"level":"debug","message":"Starting child request to render pdf footer","meta":{"rootId":"uvq3ddhzuv3j7rv","id":"uvq3ddhzuv3j7rv"},"id":"sinb46wkalo63t5","previousOperationId":"9qhvydo4636dco0"}
{"type":"operationStart","subtype":"render","name":"anonymous","previousOperationId":"9qhvydo4636dco0","timestamp":1684668141717,"id":"pwcuxkrxrs4u47h","previousEventId":"gc5u7i30xr23qk2","operationId":"tqmcfq2xq3yrpr8"}
{"type":"log","timestamp":1684668141717,"level":"info","message":"Starting rendering (child) request","meta":{"rootId":"uvq3ddhzuv3j7rv","id":"mx6mfzjlxgbm08n"},"id":"6ithmcqdnwmbovs","previousOperationId":"tqmcfq2xq3yrpr8"}
{"type":"log","timestamp":1684668141717,"level":"info","message":"Rendering anonymous template { recipe: html, engine: handlebars }","meta":{"rootId":"uvq3ddhzuv3j7rv","id":"mx6mfzjlxgbm08n"},"id":"zwb84n17e0xauag","previousOperationId":"tqmcfq2xq3yrpr8"}
{"type":"log","timestamp":1684668141717,"level":"debug","message":"Inline data specified.","meta":{"rootId":"uvq3ddhzuv3j7rv","id":"mx6mfzjlxgbm08n"},"id":"qk6zjd7agxkuml3","previousOperationId":"tqmcfq2xq3yrpr8"}
{"type":"log","timestamp":1684668141720,"level":"debug","message":"Base url not specified, skipping its injection.","meta":{"rootId":"uvq3ddhzuv3j7rv","id":"mx6mfzjlxgbm08n"},"id":"enfjkr8b2e7wapl","previousOperationId":"tqmcfq2xq3yrpr8"}
{"type":"operationStart","subtype":"engine","name":"handlebars","timestamp":1684668141720,"id":"blh33o0sotoc3s2","previousEventId":"pwcuxkrxrs4u47h","operationId":"1g8q2oz8e642b1p","previousOperationId":"tqmcfq2xq3yrpr8"}
{"type":"log","timestamp":1684668141720,"level":"debug","message":"Rendering engine handlebars","meta":{"rootId":"uvq3ddhzuv3j7rv","id":"mx6mfzjlxgbm08n"},"id":"mpc2b0i14vu29lz","previousOperationId":"1g8q2oz8e642b1p"}
{"type":"operationEnd","operationId":"1g8q2oz8e642b1p","timestamp":1684668141740,"id":"z51zla5thb5fu62","previousEventId":"blh33o0sotoc3s2","previousOperationId":"1g8q2oz8e642b1p"}
{"type":"operationStart","subtype":"recipe","name":"html","timestamp":1684668141740,"id":"kyl3y98v3906xst","previousEventId":"z51zla5thb5fu62","operationId":"t2hch7oufyzn7ng","previousOperationId":"1g8q2oz8e642b1p"}
{"type":"log","timestamp":1684668141740,"level":"debug","message":"Executing recipe html","meta":{"rootId":"uvq3ddhzuv3j7rv","id":"mx6mfzjlxgbm08n"},"id":"xn5udby8gm0xlps","previousOperationId":"t2hch7oufyzn7ng"}
{"type":"operationEnd","operationId":"t2hch7oufyzn7ng","timestamp":1684668141740,"id":"d933dr3hh2427ul","previousEventId":"kyl3y98v3906xst","previousOperationId":"t2hch7oufyzn7ng"}
{"type":"log","timestamp":1684668141740,"level":"debug","message":"Skipping storing report.","meta":{"rootId":"uvq3ddhzuv3j7rv","id":"mx6mfzjlxgbm08n"},"id":"2xbmppzswjj2tdc","previousOperationId":"t2hch7oufyzn7ng"}
{"type":"log","timestamp":1684668141740,"level":"info","message":"Rendering (child) request finished in 73 ms","meta":{"rootId":"uvq3ddhzuv3j7rv","id":"mx6mfzjlxgbm08n"},"id":"8j2lmvwx8z6c5a9","previousOperationId":"t2hch7oufyzn7ng"}
{"type":"operationEnd","subtype":"render","operationId":"tqmcfq2xq3yrpr8","timestamp":1684668141740,"id":"7j7yr0dl84rtzqe","previousEventId":"d933dr3hh2427ul","previousOperationId":"t2hch7oufyzn7ng"}
{"type":"log","timestamp":1684668141742,"level":"debug","message":"Converting with chrome HeadlessChrome/105.0.5173.0 using chrome-pool strategy","meta":{"rootId":"uvq3ddhzuv3j7rv","id":"uvq3ddhzuv3j7rv"},"id":"a31wmapf0tizzcr","previousOperationId":"9qhvydo4636dco0"}
{"type":"log","timestamp":1684668141885,"level":"debug","message":"Page request: GET (document) file:///C:/Users/Adebayo/AppData/Local/Temp/jsreport/autocleanup/f4e39cb0-2ecb-43d0-a6c1-a63b787354db-chrome-pdf.html","meta":{"rootId":"uvq3ddhzuv3j7rv","id":"uvq3ddhzuv3j7rv"},"id":"3iaspaby6j7gk72","previousOperationId":"9qhvydo4636dco0"}
{"type":"log","timestamp":1684668141906,"level":"debug","message":"Page request finished: GET (document) 200 file:///C:/Users/Adebayo/AppData/Local/Temp/jsreport/autocleanup/f4e39cb0-2ecb-43d0-a6c1-a63b787354db-chrome-pdf.html","meta":{"rootId":"uvq3ddhzuv3j7rv","id":"uvq3ddhzuv3j7rv"},"id":"otzf0633ogtbgwy","previousOperationId":"9qhvydo4636dco0"}
{"type":"log","timestamp":1684668141907,"level":"debug","message":"Page request: GET (script) https://cdnjs.cloudflare.com/ajax/libs/Chart.js/2.1.6/Chart.min.js","meta":{"rootId":"uvq3ddhzuv3j7rv","id":"uvq3ddhzuv3j7rv"},"id":"tdyxd2jwsqhol86","previousOperationId":"9qhvydo4636dco0"}
{"type":"log","timestamp":1684668141914,"level":"debug","message":"Page request finished: GET (script) 200 https://cdnjs.cloudflare.com/ajax/libs/Chart.js/2.1.6/Chart.min.js","meta":{"rootId":"uvq3ddhzuv3j7rv","id":"uvq3ddhzuv3j7rv"},"id":"gwwmcmgfqw51b1x","previousOperationId":"9qhvydo4636dco0"}
{"type":"log","timestamp":1684668141921,"level":"warn","message":"Page error: SyntaxError: Unexpected token ','","meta":{"rootId":"uvq3ddhzuv3j7rv","id":"uvq3ddhzuv3j7rv"},"id":"mdvtje32cgs2542","previousOperationId":"9qhvydo4636dco0"}
{"type":"log","timestamp":1684668141941,"level":"debug","message":"Running chrome with params {\"printBackground\":true,\"marginTop\":\"2cm\",\"marginRight\":\"1cm\",\"marginBottom\":\"2cm\",\"marginLeft\":\"1cm\",\"landscape\":false,\"format\":\"A4\",\"displayHeaderFooter\":true,\"footerTemplate\":\"...\",\"timeout\":59926,\"margin\":{\"top\":\"2cm\",\"right\":\"1cm\",\"bottom\":\"2cm\",\"left\":\"1cm\"}}","meta":{"rootId":"uvq3ddhzuv3j7rv","id":"uvq3ddhzuv3j7rv"},"id":"0o48c0ywa4j74lr","previousOperationId":"9qhvydo4636dco0"}
{"type":"operationEnd","operationId":"9qhvydo4636dco0","timestamp":1684668142045,"id":"ff9gas08mldn120","previousEventId":"gc5u7i30xr23qk2","previousOperationId":"9qhvydo4636dco0"}
{"type":"log","timestamp":1684668142045,"level":"debug","message":"Skipping storing report.","meta":{"rootId":"uvq3ddhzuv3j7rv","id":"uvq3ddhzuv3j7rv"},"id":"fawpdxigge463tf","previousOperationId":"9qhvydo4636dco0"}
{"type":"log","timestamp":1684668142045,"level":"info","message":"Rendering request 163 finished in 378 ms","meta":{"rootId":"uvq3ddhzuv3j7rv","id":"uvq3ddhzuv3j7rv"},"id":"xfw86jxvk5ksqc3","previousOperationId":"9qhvydo4636dco0"}
{"type":"operationEnd","subtype":"render","operationId":"pj3xn82wtdt4jdy","timestamp":1684668142045,"id":"u2raaqqqr5usudb","previousEventId":"ff9gas08mldn120","previousOperationId":"9qhvydo4636dco0"}
{"type":"operationEnd","doDiffs":false,"previousEventId":"stg6035c4wifq1n","previousOperationId":"v9o9ly5myn6j6ip","operationId":"v9o9ly5myn6j6ip","timestamp":1684668142050,"id":"rcrr17bevhksf6y"}
