{"type":"operationStart","subtype":"profile","data":{"_id":"zblSFi8r3bZNBZU7","timestamp":"2023-05-21T07:23:14.577Z","state":"queued","mode":"standard","creationDate":"2023-05-21T07:23:14.580Z","modificationDate":"2023-05-21T07:23:14.580Z","shortid":"icrEC-d","$entitySet":"profiles"},"doDiffs":false,"timestamp":1684653794579,"id":"b55phlqrcy9b3pj","previousOperationId":null,"operationId":"byagnouwhgyxkxl"}
{"type":"log","level":"info","message":"Render request 124 queued for execution and waiting for available worker","previousOperationId":"byagnouwhgyxkxl","timestamp":1684653794579,"id":"t5ez03nmehaey2j"}
{"type":"operationStart","subtype":"render","name":"invoice-js","previousOperationId":"byagnouwhgyxkxl","timestamp":1684653794592,"id":"5nlfckisfet3t7r","previousEventId":"b55phlqrcy9b3pj","operationId":"5d7qtbd4x7ths2d"}
{"type":"log","timestamp":1684653794592,"level":"info","message":"Starting rendering request 124","meta":{"rootId":"v1ev9m4gpscvfvb","id":"v1ev9m4gpscvfvb"},"id":"kuglw5t8gjq2m79","previousOperationId":"5d7qtbd4x7ths2d"}
{"type":"log","timestamp":1684653794592,"level":"info","message":"Rendering template { name: invoice-js, recipe: chrome-pdf, engine: handlebars, preview: false }","meta":{"rootId":"v1ev9m4gpscvfvb","id":"v1ev9m4gpscvfvb"},"id":"u9w471dh792dvth","previousOperationId":"5d7qtbd4x7ths2d"}
{"type":"log","timestamp":1684653794595,"level":"debug","message":"Inline data specified.","meta":{"rootId":"v1ev9m4gpscvfvb","id":"v1ev9m4gpscvfvb"},"id":"ezoyizgpurj8uth","previousOperationId":"5d7qtbd4x7ths2d"}
{"type":"log","timestamp":1684653794600,"level":"debug","message":"Base url not specified, skipping its injection.","meta":{"rootId":"v1ev9m4gpscvfvb","id":"v1ev9m4gpscvfvb"},"id":"nt12nfijr12obr6","previousOperationId":"5d7qtbd4x7ths2d"}
{"type":"operationStart","subtype":"engine","name":"handlebars","timestamp":1684653794601,"id":"ul5h40snu2vutjh","previousEventId":"5nlfckisfet3t7r","operationId":"rr4mdjg25x60z71","previousOperationId":"5d7qtbd4x7ths2d"}
{"type":"log","timestamp":1684653794601,"level":"debug","message":"Rendering engine handlebars","meta":{"rootId":"v1ev9m4gpscvfvb","id":"v1ev9m4gpscvfvb"},"id":"if63bmwcptex2cb","previousOperationId":"rr4mdjg25x60z71"}
{"type":"operationEnd","operationId":"rr4mdjg25x60z71","timestamp":1684653794627,"id":"ie99jdpxpw7obbb","previousEventId":"ul5h40snu2vutjh","previousOperationId":"rr4mdjg25x60z71"}
{"type":"operationStart","subtype":"recipe","name":"chrome-pdf","timestamp":1684653794627,"id":"a9m3uf46fe3zy37","previousEventId":"ie99jdpxpw7obbb","operationId":"ty19r7eqiqtlwfl","previousOperationId":"rr4mdjg25x60z71"}
{"type":"log","timestamp":1684653794627,"level":"debug","message":"Executing recipe chrome-pdf","meta":{"rootId":"v1ev9m4gpscvfvb","id":"v1ev9m4gpscvfvb"},"id":"46ml2ovwh3dnupg","previousOperationId":"ty19r7eqiqtlwfl"}
{"type":"log","timestamp":1684653794630,"level":"debug","message":"Starting child request to render pdf footer","meta":{"rootId":"v1ev9m4gpscvfvb","id":"v1ev9m4gpscvfvb"},"id":"q7ynkaz38x10jbm","previousOperationId":"ty19r7eqiqtlwfl"}
{"type":"operationStart","subtype":"render","name":"anonymous","previousOperationId":"ty19r7eqiqtlwfl","timestamp":1684653794630,"id":"cflz4fhxia2nbyy","previousEventId":"a9m3uf46fe3zy37","operationId":"a27lms97lsd9ac0"}
{"type":"log","timestamp":1684653794630,"level":"info","message":"Starting rendering (child) request","meta":{"rootId":"v1ev9m4gpscvfvb","id":"fyy8ku2navg9a0p"},"id":"2dsjk2mtfykhpso","previousOperationId":"a27lms97lsd9ac0"}
{"type":"log","timestamp":1684653794630,"level":"info","message":"Rendering anonymous template { recipe: html, engine: handlebars }","meta":{"rootId":"v1ev9m4gpscvfvb","id":"fyy8ku2navg9a0p"},"id":"an2tfa2xp3w786w","previousOperationId":"a27lms97lsd9ac0"}
{"type":"log","timestamp":1684653794630,"level":"debug","message":"Inline data specified.","meta":{"rootId":"v1ev9m4gpscvfvb","id":"fyy8ku2navg9a0p"},"id":"b7fqcsvsdxmcam4","previousOperationId":"a27lms97lsd9ac0"}
{"type":"log","timestamp":1684653794633,"level":"debug","message":"Base url not specified, skipping its injection.","meta":{"rootId":"v1ev9m4gpscvfvb","id":"fyy8ku2navg9a0p"},"id":"i7zsivuzk41guje","previousOperationId":"a27lms97lsd9ac0"}
{"type":"operationStart","subtype":"engine","name":"handlebars","timestamp":1684653794633,"id":"zjdtrmm1os2mxmi","previousEventId":"cflz4fhxia2nbyy","operationId":"xyb1bmqjmi9uqnb","previousOperationId":"a27lms97lsd9ac0"}
{"type":"log","timestamp":1684653794633,"level":"debug","message":"Rendering engine handlebars","meta":{"rootId":"v1ev9m4gpscvfvb","id":"fyy8ku2navg9a0p"},"id":"fmz5dbpozp5fnvp","previousOperationId":"xyb1bmqjmi9uqnb"}
{"type":"operationEnd","operationId":"xyb1bmqjmi9uqnb","timestamp":1684653794673,"id":"4z2hwfbnlco6ojf","previousEventId":"zjdtrmm1os2mxmi","previousOperationId":"xyb1bmqjmi9uqnb"}
{"type":"operationStart","subtype":"recipe","name":"html","timestamp":1684653794673,"id":"gmizw1oxi7tezif","previousEventId":"4z2hwfbnlco6ojf","operationId":"gsat3lug6n8d1dm","previousOperationId":"xyb1bmqjmi9uqnb"}
{"type":"log","timestamp":1684653794673,"level":"debug","message":"Executing recipe html","meta":{"rootId":"v1ev9m4gpscvfvb","id":"fyy8ku2navg9a0p"},"id":"36nia6opvem1hv2","previousOperationId":"gsat3lug6n8d1dm"}
{"type":"operationEnd","operationId":"gsat3lug6n8d1dm","timestamp":1684653794673,"id":"pqud134ln3r1oho","previousEventId":"gmizw1oxi7tezif","previousOperationId":"gsat3lug6n8d1dm"}
{"type":"log","timestamp":1684653794673,"level":"debug","message":"Skipping storing report.","meta":{"rootId":"v1ev9m4gpscvfvb","id":"fyy8ku2navg9a0p"},"id":"t169tgchwopm988","previousOperationId":"gsat3lug6n8d1dm"}
{"type":"log","timestamp":1684653794674,"level":"info","message":"Rendering (child) request finished in 97 ms","meta":{"rootId":"v1ev9m4gpscvfvb","id":"fyy8ku2navg9a0p"},"id":"qxmshlh22d0k3wi","previousOperationId":"gsat3lug6n8d1dm"}
{"type":"operationEnd","subtype":"render","operationId":"a27lms97lsd9ac0","timestamp":1684653794706,"id":"31c7mjetd1e7boo","previousEventId":"pqud134ln3r1oho","previousOperationId":"gsat3lug6n8d1dm"}
{"type":"log","timestamp":1684653794711,"level":"debug","message":"Converting with chrome HeadlessChrome/105.0.5173.0 using chrome-pool strategy","meta":{"rootId":"v1ev9m4gpscvfvb","id":"v1ev9m4gpscvfvb"},"id":"j0p8hyd3k0fik39","previousOperationId":"ty19r7eqiqtlwfl"}
{"type":"log","timestamp":1684653794832,"level":"debug","message":"Page request: GET (document) file:///C:/Users/Adebayo/AppData/Local/Temp/jsreport/autocleanup/1f666bc4-eead-4b3f-9d75-99152c682d39-chrome-pdf.html","meta":{"rootId":"v1ev9m4gpscvfvb","id":"v1ev9m4gpscvfvb"},"id":"t2nl1yssr8m1dba","previousOperationId":"ty19r7eqiqtlwfl"}
{"type":"log","timestamp":1684653794851,"level":"debug","message":"Page request finished: GET (document) 200 file:///C:/Users/Adebayo/AppData/Local/Temp/jsreport/autocleanup/1f666bc4-eead-4b3f-9d75-99152c682d39-chrome-pdf.html","meta":{"rootId":"v1ev9m4gpscvfvb","id":"v1ev9m4gpscvfvb"},"id":"xqatd6ncthg4l10","previousOperationId":"ty19r7eqiqtlwfl"}
{"type":"log","timestamp":1684653794851,"level":"debug","message":"Page request: GET (script) https://cdnjs.cloudflare.com/ajax/libs/Chart.js/2.1.6/Chart.min.js","meta":{"rootId":"v1ev9m4gpscvfvb","id":"v1ev9m4gpscvfvb"},"id":"axu6lwo6ysgmt9r","previousOperationId":"ty19r7eqiqtlwfl"}
{"type":"log","timestamp":1684653794859,"level":"debug","message":"Page request finished: GET (script) 200 https://cdnjs.cloudflare.com/ajax/libs/Chart.js/2.1.6/Chart.min.js","meta":{"rootId":"v1ev9m4gpscvfvb","id":"v1ev9m4gpscvfvb"},"id":"d1j6bqvbbzt6mig","previousOperationId":"ty19r7eqiqtlwfl"}
{"type":"log","timestamp":1684653794863,"level":"warn","message":"Page error: SyntaxError: Unexpected token ','","meta":{"rootId":"v1ev9m4gpscvfvb","id":"v1ev9m4gpscvfvb"},"id":"ben93pnq004cud8","previousOperationId":"ty19r7eqiqtlwfl"}
{"type":"log","timestamp":1684653794867,"level":"debug","message":"Running chrome with params {\"printBackground\":true,\"marginTop\":\"2cm\",\"marginRight\":\"1cm\",\"marginBottom\":\"2cm\",\"marginLeft\":\"1cm\",\"landscape\":false,\"format\":\"A4\",\"displayHeaderFooter\":true,\"footerTemplate\":\"...\",\"timeout\":59871,\"margin\":{\"top\":\"2cm\",\"right\":\"1cm\",\"bottom\":\"2cm\",\"left\":\"1cm\"}}","meta":{"rootId":"v1ev9m4gpscvfvb","id":"v1ev9m4gpscvfvb"},"id":"zf10p9trmac89v7","previousOperationId":"ty19r7eqiqtlwfl"}
{"type":"operationEnd","operationId":"ty19r7eqiqtlwfl","timestamp":1684653794962,"id":"kfx5c14j6g1w7rd","previousEventId":"a9m3uf46fe3zy37","previousOperationId":"ty19r7eqiqtlwfl"}
{"type":"log","timestamp":1684653794962,"level":"debug","message":"Skipping storing report.","meta":{"rootId":"v1ev9m4gpscvfvb","id":"v1ev9m4gpscvfvb"},"id":"des15jss4d3csbt","previousOperationId":"ty19r7eqiqtlwfl"}
{"type":"log","timestamp":1684653794962,"level":"info","message":"Rendering request 124 finished in 385 ms","meta":{"rootId":"v1ev9m4gpscvfvb","id":"v1ev9m4gpscvfvb"},"id":"pj4dr8pg0r6u9mf","previousOperationId":"ty19r7eqiqtlwfl"}
{"type":"operationEnd","subtype":"render","operationId":"5d7qtbd4x7ths2d","timestamp":1684653794962,"id":"cx683gf1txvsncn","previousEventId":"kfx5c14j6g1w7rd","previousOperationId":"ty19r7eqiqtlwfl"}
{"type":"operationEnd","doDiffs":false,"previousEventId":"b55phlqrcy9b3pj","previousOperationId":"byagnouwhgyxkxl","operationId":"byagnouwhgyxkxl","timestamp":1684653794967,"id":"gchu9gt3patj2na"}
