{"type":"operationStart","subtype":"profile","data":{"_id":"TCt3QhjGfnAzR0eC","timestamp":"2023-05-21T07:14:13.598Z","state":"queued","mode":"standard","creationDate":"2023-05-21T07:14:13.604Z","modificationDate":"2023-05-21T07:14:13.604Z","shortid":"ZECEwZM","$entitySet":"profiles"},"doDiffs":false,"timestamp":1684653253602,"id":"y73qgp7spttjnoq","previousOperationId":null,"operationId":"e58kbmfei5h59me"}
{"type":"log","level":"info","message":"Render request 108 queued for execution and waiting for available worker","previousOperationId":"e58kbmfei5h59me","timestamp":1684653253602,"id":"09ts09sszy421r8"}
{"type":"operationStart","subtype":"render","name":"invoice-js","previousOperationId":"e58kbmfei5h59me","timestamp":1684653253614,"id":"loebi2le8qmgdww","previousEventId":"y73qgp7spttjnoq","operationId":"i6hru3unl5ydyke"}
{"type":"log","timestamp":1684653253614,"level":"info","message":"Starting rendering request 108","meta":{"rootId":"v21krnjckg0yrpp","id":"v21krnjckg0yrpp"},"id":"tsjb67v0l3elms0","previousOperationId":"i6hru3unl5ydyke"}
{"type":"log","timestamp":1684653253614,"level":"info","message":"Rendering template { name: invoice-js, recipe: chrome-pdf, engine: handlebars, preview: false }","meta":{"rootId":"v21krnjckg0yrpp","id":"v21krnjckg0yrpp"},"id":"49sb1l9k0kdz36x","previousOperationId":"i6hru3unl5ydyke"}
{"type":"log","timestamp":1684653253620,"level":"debug","message":"Inline data specified.","meta":{"rootId":"v21krnjckg0yrpp","id":"v21krnjckg0yrpp"},"id":"y0mrpyampqttha6","previousOperationId":"i6hru3unl5ydyke"}
{"type":"log","timestamp":1684653253627,"level":"debug","message":"Base url not specified, skipping its injection.","meta":{"rootId":"v21krnjckg0yrpp","id":"v21krnjckg0yrpp"},"id":"4dk0evjw8s57uqn","previousOperationId":"i6hru3unl5ydyke"}
{"type":"operationStart","subtype":"engine","name":"handlebars","timestamp":1684653253628,"id":"h43hev3mda4uj58","previousEventId":"loebi2le8qmgdww","operationId":"vb16o4mvx5fdxbj","previousOperationId":"i6hru3unl5ydyke"}
{"type":"log","timestamp":1684653253628,"level":"debug","message":"Rendering engine handlebars","meta":{"rootId":"v21krnjckg0yrpp","id":"v21krnjckg0yrpp"},"id":"a08w162t7ejmwjv","previousOperationId":"vb16o4mvx5fdxbj"}
{"type":"operationEnd","operationId":"vb16o4mvx5fdxbj","timestamp":1684653253748,"id":"qo8nxf2lyr3qq8u","previousEventId":"h43hev3mda4uj58","previousOperationId":"vb16o4mvx5fdxbj"}
{"type":"operationStart","subtype":"recipe","name":"chrome-pdf","timestamp":1684653253748,"id":"py2hhelegswl77q","previousEventId":"qo8nxf2lyr3qq8u","operationId":"mzq284nrhkqzkft","previousOperationId":"vb16o4mvx5fdxbj"}
{"type":"log","timestamp":1684653253748,"level":"debug","message":"Executing recipe chrome-pdf","meta":{"rootId":"v21krnjckg0yrpp","id":"v21krnjckg0yrpp"},"id":"5z3l1n86q5c8yuc","previousOperationId":"mzq284nrhkqzkft"}
{"type":"log","timestamp":1684653253755,"level":"debug","message":"Starting child request to render pdf footer","meta":{"rootId":"v21krnjckg0yrpp","id":"v21krnjckg0yrpp"},"id":"c3uremcc84050fq","previousOperationId":"mzq284nrhkqzkft"}
{"type":"operationStart","subtype":"render","name":"anonymous","previousOperationId":"mzq284nrhkqzkft","timestamp":1684653253756,"id":"3dy71j1tg73tq14","previousEventId":"py2hhelegswl77q","operationId":"g2lnln0wbw58i4v"}
{"type":"log","timestamp":1684653253756,"level":"info","message":"Starting rendering (child) request","meta":{"rootId":"v21krnjckg0yrpp","id":"c377dgdom1boli7"},"id":"vufox27opjg8mqx","previousOperationId":"g2lnln0wbw58i4v"}
{"type":"log","timestamp":1684653253756,"level":"info","message":"Rendering anonymous template { recipe: html, engine: handlebars }","meta":{"rootId":"v21krnjckg0yrpp","id":"c377dgdom1boli7"},"id":"9qlijma0jbtg6gu","previousOperationId":"g2lnln0wbw58i4v"}
{"type":"log","timestamp":1684653253756,"level":"debug","message":"Inline data specified.","meta":{"rootId":"v21krnjckg0yrpp","id":"c377dgdom1boli7"},"id":"7ugbd9lpi3x9vh2","previousOperationId":"g2lnln0wbw58i4v"}
{"type":"log","timestamp":1684653253759,"level":"debug","message":"Base url not specified, skipping its injection.","meta":{"rootId":"v21krnjckg0yrpp","id":"c377dgdom1boli7"},"id":"kdlvaes6jdqotsa","previousOperationId":"g2lnln0wbw58i4v"}
{"type":"operationStart","subtype":"engine","name":"handlebars","timestamp":1684653253760,"id":"w3v21zybcmkmb09","previousEventId":"3dy71j1tg73tq14","operationId":"rg1njbcqlj8ulh2","previousOperationId":"g2lnln0wbw58i4v"}
{"type":"log","timestamp":1684653253760,"level":"debug","message":"Rendering engine handlebars","meta":{"rootId":"v21krnjckg0yrpp","id":"c377dgdom1boli7"},"id":"se8zipty0kes65p","previousOperationId":"rg1njbcqlj8ulh2"}
{"type":"operationEnd","operationId":"rg1njbcqlj8ulh2","timestamp":1684653253862,"id":"m8jsii30cwrize6","previousEventId":"w3v21zybcmkmb09","previousOperationId":"rg1njbcqlj8ulh2"}
{"type":"operationStart","subtype":"recipe","name":"html","timestamp":1684653253862,"id":"k3g30ia54u8wk69","previousEventId":"m8jsii30cwrize6","operationId":"r1em7zwi3jdbkcy","previousOperationId":"rg1njbcqlj8ulh2"}
{"type":"log","timestamp":1684653253862,"level":"debug","message":"Executing recipe html","meta":{"rootId":"v21krnjckg0yrpp","id":"c377dgdom1boli7"},"id":"yeuxxb8z8hrdrwt","previousOperationId":"r1em7zwi3jdbkcy"}
{"type":"operationEnd","operationId":"r1em7zwi3jdbkcy","timestamp":1684653253862,"id":"6j54ev2a3p22jn4","previousEventId":"k3g30ia54u8wk69","previousOperationId":"r1em7zwi3jdbkcy"}
{"type":"log","timestamp":1684653253862,"level":"debug","message":"Skipping storing report.","meta":{"rootId":"v21krnjckg0yrpp","id":"c377dgdom1boli7"},"id":"tyt3pwqx91ue6qz","previousOperationId":"r1em7zwi3jdbkcy"}
{"type":"log","timestamp":1684653253862,"level":"info","message":"Rendering (child) request finished in 264 ms","meta":{"rootId":"v21krnjckg0yrpp","id":"c377dgdom1boli7"},"id":"b7x401r9d6qc7bt","previousOperationId":"r1em7zwi3jdbkcy"}
{"type":"operationEnd","subtype":"render","operationId":"g2lnln0wbw58i4v","timestamp":1684653253862,"id":"oybpzpomo00sxfx","previousEventId":"6j54ev2a3p22jn4","previousOperationId":"r1em7zwi3jdbkcy"}
{"type":"log","timestamp":1684653253865,"level":"debug","message":"Converting with chrome HeadlessChrome/105.0.5173.0 using chrome-pool strategy","meta":{"rootId":"v21krnjckg0yrpp","id":"v21krnjckg0yrpp"},"id":"tejvr8woiatbkth","previousOperationId":"mzq284nrhkqzkft"}
{"type":"log","timestamp":1684653254012,"level":"debug","message":"Page request: GET (document) file:///C:/Users/Adebayo/AppData/Local/Temp/jsreport/autocleanup/e33bfeac-755c-4454-9c48-2ccf0eaac175-chrome-pdf.html","meta":{"rootId":"v21krnjckg0yrpp","id":"v21krnjckg0yrpp"},"id":"1xt8hqi65r7q6jx","previousOperationId":"mzq284nrhkqzkft"}
{"type":"log","timestamp":1684653254031,"level":"debug","message":"Page request finished: GET (document) 200 file:///C:/Users/Adebayo/AppData/Local/Temp/jsreport/autocleanup/e33bfeac-755c-4454-9c48-2ccf0eaac175-chrome-pdf.html","meta":{"rootId":"v21krnjckg0yrpp","id":"v21krnjckg0yrpp"},"id":"eupvte9b4b01oij","previousOperationId":"mzq284nrhkqzkft"}
{"type":"log","timestamp":1684653254033,"level":"debug","message":"Page request: GET (script) https://cdnjs.cloudflare.com/ajax/libs/Chart.js/2.1.6/Chart.min.js","meta":{"rootId":"v21krnjckg0yrpp","id":"v21krnjckg0yrpp"},"id":"rfmhl5eblg3fmwx","previousOperationId":"mzq284nrhkqzkft"}
{"type":"log","timestamp":1684653254041,"level":"debug","message":"Page request finished: GET (script) 200 https://cdnjs.cloudflare.com/ajax/libs/Chart.js/2.1.6/Chart.min.js","meta":{"rootId":"v21krnjckg0yrpp","id":"v21krnjckg0yrpp"},"id":"qr1nawdyb6tk692","previousOperationId":"mzq284nrhkqzkft"}
{"type":"log","timestamp":1684653254050,"level":"warn","message":"Page error: SyntaxError: Unexpected token ','","meta":{"rootId":"v21krnjckg0yrpp","id":"v21krnjckg0yrpp"},"id":"icolrn5tnro0ve4","previousOperationId":"mzq284nrhkqzkft"}
{"type":"log","timestamp":1684653254055,"level":"debug","message":"Running chrome with params {\"printBackground\":true,\"marginTop\":\"2cm\",\"marginRight\":\"1cm\",\"marginBottom\":\"2cm\",\"marginLeft\":\"1cm\",\"landscape\":false,\"format\":\"A4\",\"displayHeaderFooter\":true,\"footerTemplate\":\"...\",\"timeout\":59736,\"margin\":{\"top\":\"2cm\",\"right\":\"1cm\",\"bottom\":\"2cm\",\"left\":\"1cm\"}}","meta":{"rootId":"v21krnjckg0yrpp","id":"v21krnjckg0yrpp"},"id":"0vvk9z0h86hm8gg","previousOperationId":"mzq284nrhkqzkft"}
{"type":"operationEnd","operationId":"mzq284nrhkqzkft","timestamp":1684653254152,"id":"f54pvq3vt71nd01","previousEventId":"py2hhelegswl77q","previousOperationId":"mzq284nrhkqzkft"}
{"type":"log","timestamp":1684653254152,"level":"debug","message":"Skipping storing report.","meta":{"rootId":"v21krnjckg0yrpp","id":"v21krnjckg0yrpp"},"id":"tbbq8eqwex2xd59","previousOperationId":"mzq284nrhkqzkft"}
{"type":"log","timestamp":1684653254152,"level":"info","message":"Rendering request 108 finished in 554 ms","meta":{"rootId":"v21krnjckg0yrpp","id":"v21krnjckg0yrpp"},"id":"730dfwqpo4udn8i","previousOperationId":"mzq284nrhkqzkft"}
{"type":"operationEnd","subtype":"render","operationId":"i6hru3unl5ydyke","timestamp":1684653254152,"id":"i8mgl8qqu6kgfjd","previousEventId":"f54pvq3vt71nd01","previousOperationId":"mzq284nrhkqzkft"}
{"type":"operationEnd","doDiffs":false,"previousEventId":"y73qgp7spttjnoq","previousOperationId":"e58kbmfei5h59me","operationId":"e58kbmfei5h59me","timestamp":1684653254161,"id":"sjvntezokpkvyv3"}
