{"type":"operationStart","subtype":"profile","data":{"_id":"49KD21mMOZJabpHI","timestamp":"2023-05-21T06:38:43.703Z","state":"queued","mode":"standard","creationDate":"2023-05-21T06:38:43.707Z","modificationDate":"2023-05-21T06:38:43.707Z","shortid":"S7dTntz","$entitySet":"profiles"},"doDiffs":false,"timestamp":1684651123705,"id":"sgdt4ayrlho00u8","previousOperationId":null,"operationId":"w3fs8lc99ayzl6r"}
{"type":"log","level":"info","message":"Render request 86 queued for execution and waiting for available worker","previousOperationId":"w3fs8lc99ayzl6r","timestamp":1684651123705,"id":"oslyekdbwfn3k6s"}
{"type":"operationStart","subtype":"render","name":"invoice-js","previousOperationId":"w3fs8lc99ayzl6r","timestamp":1684651123724,"id":"0wn0ch4j8dtxszx","previousEventId":"sgdt4ayrlho00u8","operationId":"yn28ij3zugbvmb9"}
{"type":"log","timestamp":1684651123724,"level":"info","message":"Starting rendering request 86","meta":{"rootId":"v92abjtqhxydamx","id":"v92abjtqhxydamx"},"id":"abdo3mue725n7uf","previousOperationId":"yn28ij3zugbvmb9"}
{"type":"log","timestamp":1684651123724,"level":"info","message":"Rendering template { name: invoice-js, recipe: chrome-pdf, engine: handlebars, preview: false }","meta":{"rootId":"v92abjtqhxydamx","id":"v92abjtqhxydamx"},"id":"mixcq8um7f6sswb","previousOperationId":"yn28ij3zugbvmb9"}
{"type":"log","timestamp":1684651123727,"level":"debug","message":"Inline data specified.","meta":{"rootId":"v92abjtqhxydamx","id":"v92abjtqhxydamx"},"id":"9n9881nmksmj6be","previousOperationId":"yn28ij3zugbvmb9"}
{"type":"log","timestamp":1684651123737,"level":"debug","message":"Base url not specified, skipping its injection.","meta":{"rootId":"v92abjtqhxydamx","id":"v92abjtqhxydamx"},"id":"oa62f1d8lqp00s0","previousOperationId":"yn28ij3zugbvmb9"}
{"type":"operationStart","subtype":"engine","name":"handlebars","timestamp":1684651123740,"id":"36bwz0rpq7w23ii","previousEventId":"0wn0ch4j8dtxszx","operationId":"3q4myknxdpun8ki","previousOperationId":"yn28ij3zugbvmb9"}
{"type":"log","timestamp":1684651123740,"level":"debug","message":"Rendering engine handlebars","meta":{"rootId":"v92abjtqhxydamx","id":"v92abjtqhxydamx"},"id":"zo7v5sunvyccmbp","previousOperationId":"3q4myknxdpun8ki"}
{"type":"operationEnd","operationId":"3q4myknxdpun8ki","timestamp":1684651123772,"id":"g2ccqr55vralw87","previousEventId":"36bwz0rpq7w23ii","previousOperationId":"3q4myknxdpun8ki"}
{"type":"operationStart","subtype":"recipe","name":"chrome-pdf","timestamp":1684651123773,"id":"rz6rdz3thkxeiqz","previousEventId":"g2ccqr55vralw87","operationId":"uwcczavt7lwiqyb","previousOperationId":"3q4myknxdpun8ki"}
{"type":"log","timestamp":1684651123773,"level":"debug","message":"Executing recipe chrome-pdf","meta":{"rootId":"v92abjtqhxydamx","id":"v92abjtqhxydamx"},"id":"mzjampeznxprgdo","previousOperationId":"uwcczavt7lwiqyb"}
{"type":"log","timestamp":1684651123776,"level":"debug","message":"Starting child request to render pdf footer","meta":{"rootId":"v92abjtqhxydamx","id":"v92abjtqhxydamx"},"id":"shuzrzl6hziqvst","previousOperationId":"uwcczavt7lwiqyb"}
{"type":"operationStart","subtype":"render","name":"anonymous","previousOperationId":"uwcczavt7lwiqyb","timestamp":1684651123776,"id":"et5ft66g2pxe7d8","previousEventId":"rz6rdz3thkxeiqz","operationId":"9kdcykydom54vk3"}
{"type":"log","timestamp":1684651123777,"level":"info","message":"Starting rendering (child) request","meta":{"rootId":"v92abjtqhxydamx","id":"b3wsvtoq54a16bp"},"id":"mts6skad7enefpp","previousOperationId":"9kdcykydom54vk3"}
{"type":"log","timestamp":1684651123777,"level":"info","message":"Rendering anonymous template { recipe: html, engine: handlebars }","meta":{"rootId":"v92abjtqhxydamx","id":"b3wsvtoq54a16bp"},"id":"7tiwmcavsix5wvf","previousOperationId":"9kdcykydom54vk3"}
{"type":"log","timestamp":1684651123777,"level":"debug","message":"Inline data specified.","meta":{"rootId":"v92abjtqhxydamx","id":"b3wsvtoq54a16bp"},"id":"2y6zl2yctyhgt6o","previousOperationId":"9kdcykydom54vk3"}
{"type":"log","timestamp":1684651123780,"level":"debug","message":"Base url not specified, skipping its injection.","meta":{"rootId":"v92abjtqhxydamx","id":"b3wsvtoq54a16bp"},"id":"acxqgxc71px8qg0","previousOperationId":"9kdcykydom54vk3"}
{"type":"operationStart","subtype":"engine","name":"handlebars","timestamp":1684651123781,"id":"bnpu5yf3f24lmne","previousEventId":"et5ft66g2pxe7d8","operationId":"3rhhf9sn84q2cai","previousOperationId":"9kdcykydom54vk3"}
{"type":"log","timestamp":1684651123781,"level":"debug","message":"Rendering engine handlebars","meta":{"rootId":"v92abjtqhxydamx","id":"b3wsvtoq54a16bp"},"id":"7go2btxhabs6zmg","previousOperationId":"3rhhf9sn84q2cai"}
{"type":"operationEnd","operationId":"3rhhf9sn84q2cai","timestamp":1684651123950,"id":"fs4avibhzkugft0","previousEventId":"bnpu5yf3f24lmne","previousOperationId":"3rhhf9sn84q2cai"}
{"type":"operationStart","subtype":"recipe","name":"html","timestamp":1684651123951,"id":"7xja7nqee5fxwwy","previousEventId":"fs4avibhzkugft0","operationId":"6alztia94w7js4z","previousOperationId":"3rhhf9sn84q2cai"}
{"type":"log","timestamp":1684651123951,"level":"debug","message":"Executing recipe html","meta":{"rootId":"v92abjtqhxydamx","id":"b3wsvtoq54a16bp"},"id":"7mxone7h9pyzb1d","previousOperationId":"6alztia94w7js4z"}
{"type":"operationEnd","operationId":"6alztia94w7js4z","timestamp":1684651123951,"id":"5a4eqyge7ml1iue","previousEventId":"7xja7nqee5fxwwy","previousOperationId":"6alztia94w7js4z"}
{"type":"log","timestamp":1684651123951,"level":"debug","message":"Skipping storing report.","meta":{"rootId":"v92abjtqhxydamx","id":"b3wsvtoq54a16bp"},"id":"0tp0gnrnmrh8toc","previousOperationId":"6alztia94w7js4z"}
{"type":"log","timestamp":1684651123951,"level":"info","message":"Rendering (child) request finished in 248 ms","meta":{"rootId":"v92abjtqhxydamx","id":"b3wsvtoq54a16bp"},"id":"ia2bx8acmqe9nyh","previousOperationId":"6alztia94w7js4z"}
{"type":"operationEnd","subtype":"render","operationId":"9kdcykydom54vk3","timestamp":1684651123951,"id":"i6z0gjiw1mnjrob","previousEventId":"5a4eqyge7ml1iue","previousOperationId":"6alztia94w7js4z"}
{"type":"log","timestamp":1684651123962,"level":"debug","message":"Converting with chrome HeadlessChrome/105.0.5173.0 using chrome-pool strategy","meta":{"rootId":"v92abjtqhxydamx","id":"v92abjtqhxydamx"},"id":"pdfb15lrhnjdr1r","previousOperationId":"uwcczavt7lwiqyb"}
{"type":"log","timestamp":1684651124108,"level":"debug","message":"Page request: GET (document) file:///C:/Users/Adebayo/AppData/Local/Temp/jsreport/autocleanup/cc828b77-9c16-40ad-8529-aba388c9b381-chrome-pdf.html","meta":{"rootId":"v92abjtqhxydamx","id":"v92abjtqhxydamx"},"id":"9zshx12yqukvt10","previousOperationId":"uwcczavt7lwiqyb"}
{"type":"log","timestamp":1684651124136,"level":"debug","message":"Page request finished: GET (document) 200 file:///C:/Users/Adebayo/AppData/Local/Temp/jsreport/autocleanup/cc828b77-9c16-40ad-8529-aba388c9b381-chrome-pdf.html","meta":{"rootId":"v92abjtqhxydamx","id":"v92abjtqhxydamx"},"id":"utufxgxjt2xu8ns","previousOperationId":"uwcczavt7lwiqyb"}
{"type":"log","timestamp":1684651124136,"level":"debug","message":"Page request: GET (script) https://cdnjs.cloudflare.com/ajax/libs/Chart.js/2.1.6/Chart.min.js","meta":{"rootId":"v92abjtqhxydamx","id":"v92abjtqhxydamx"},"id":"u0kapcm1cbwwoaz","previousOperationId":"uwcczavt7lwiqyb"}
{"type":"log","timestamp":1684651124146,"level":"debug","message":"Page request finished: GET (script) 200 https://cdnjs.cloudflare.com/ajax/libs/Chart.js/2.1.6/Chart.min.js","meta":{"rootId":"v92abjtqhxydamx","id":"v92abjtqhxydamx"},"id":"p60znxjfl7dqfib","previousOperationId":"uwcczavt7lwiqyb"}
{"type":"log","timestamp":1684651124158,"level":"warn","message":"Page error: SyntaxError: Unexpected token ','","meta":{"rootId":"v92abjtqhxydamx","id":"v92abjtqhxydamx"},"id":"g4q5jfd93id4itk","previousOperationId":"uwcczavt7lwiqyb"}
{"type":"log","timestamp":1684651124164,"level":"debug","message":"Running chrome with params {\"printBackground\":true,\"marginTop\":\"2cm\",\"marginRight\":\"1cm\",\"marginBottom\":\"2cm\",\"marginLeft\":\"1cm\",\"landscape\":false,\"format\":\"A4\",\"displayHeaderFooter\":true,\"footerTemplate\":\"...\",\"timeout\":59752,\"margin\":{\"top\":\"2cm\",\"right\":\"1cm\",\"bottom\":\"2cm\",\"left\":\"1cm\"}}","meta":{"rootId":"v92abjtqhxydamx","id":"v92abjtqhxydamx"},"id":"a7ap9hejnx2mmyx","previousOperationId":"uwcczavt7lwiqyb"}
{"type":"operationEnd","operationId":"uwcczavt7lwiqyb","timestamp":1684651124279,"id":"8u8fq6zdov3g70w","previousEventId":"rz6rdz3thkxeiqz","previousOperationId":"uwcczavt7lwiqyb"}
{"type":"log","timestamp":1684651124279,"level":"debug","message":"Skipping storing report.","meta":{"rootId":"v92abjtqhxydamx","id":"v92abjtqhxydamx"},"id":"d7l0zbezuxh378q","previousOperationId":"uwcczavt7lwiqyb"}
{"type":"log","timestamp":1684651124279,"level":"info","message":"Rendering request 86 finished in 576 ms","meta":{"rootId":"v92abjtqhxydamx","id":"v92abjtqhxydamx"},"id":"flkszfkrfgyprsm","previousOperationId":"uwcczavt7lwiqyb"}
{"type":"operationEnd","subtype":"render","operationId":"yn28ij3zugbvmb9","timestamp":1684651124279,"id":"2d7juundmpzxyjy","previousEventId":"8u8fq6zdov3g70w","previousOperationId":"uwcczavt7lwiqyb"}
{"type":"operationEnd","doDiffs":false,"previousEventId":"sgdt4ayrlho00u8","previousOperationId":"w3fs8lc99ayzl6r","operationId":"w3fs8lc99ayzl6r","timestamp":1684651124288,"id":"5ye2u4rcjijurx3"}
