{"type":"operationStart","subtype":"profile","data":{"_id":"Nm982bNtIVmzPnQV","timestamp":"2023-05-21T05:39:51.767Z","state":"queued","mode":"standard","creationDate":"2023-05-21T05:39:51.768Z","modificationDate":"2023-05-21T05:39:51.768Z","shortid":"zs7cwto","$entitySet":"profiles"},"doDiffs":false,"timestamp":1684647591767,"id":"u2p9trzo4x7i79n","previousOperationId":null,"operationId":"ilj94wtaglt30rm"}
{"type":"log","level":"info","message":"Render request 41 queued for execution and waiting for available worker","previousOperationId":"ilj94wtaglt30rm","timestamp":1684647591768,"id":"q5ws8pjpfg6ub65"}
{"type":"operationStart","subtype":"render","name":"invoice-js","previousOperationId":"ilj94wtaglt30rm","timestamp":1684647591777,"id":"gfdvls39vj1th32","previousEventId":"u2p9trzo4x7i79n","operationId":"s23p2douf7ij5sv"}
{"type":"log","timestamp":1684647591777,"level":"info","message":"Starting rendering request 41","meta":{"rootId":"vbjs8iazgxur7gi","id":"vbjs8iazgxur7gi"},"id":"d5pe5sztf1ghf3a","previousOperationId":"s23p2douf7ij5sv"}
{"type":"log","timestamp":1684647591778,"level":"info","message":"Rendering template { name: invoice-js, recipe: chrome-pdf, engine: handlebars, preview: true }","meta":{"rootId":"vbjs8iazgxur7gi","id":"vbjs8iazgxur7gi"},"id":"v00ap405xm3kndu","previousOperationId":"s23p2douf7ij5sv"}
{"type":"log","timestamp":1684647591782,"level":"debug","message":"Inline data specified.","meta":{"rootId":"vbjs8iazgxur7gi","id":"vbjs8iazgxur7gi"},"id":"jem7wbvkcajlcwa","previousOperationId":"s23p2douf7ij5sv"}
{"type":"log","timestamp":1684647591786,"level":"debug","message":"Base url not specified, skipping its injection.","meta":{"rootId":"vbjs8iazgxur7gi","id":"vbjs8iazgxur7gi"},"id":"k1i7qpphytwjwkb","previousOperationId":"s23p2douf7ij5sv"}
{"type":"operationStart","subtype":"engine","name":"handlebars","timestamp":1684647591786,"id":"tcbtesnyrniijak","previousEventId":"gfdvls39vj1th32","operationId":"i1pwvu41bo5gjkh","previousOperationId":"s23p2douf7ij5sv"}
{"type":"log","timestamp":1684647591786,"level":"debug","message":"Rendering engine handlebars","meta":{"rootId":"vbjs8iazgxur7gi","id":"vbjs8iazgxur7gi"},"id":"a23rk2kl1d08ho3","previousOperationId":"i1pwvu41bo5gjkh"}
{"type":"operationEnd","operationId":"i1pwvu41bo5gjkh","timestamp":1684647591801,"id":"tdam5ebbe1c0lvo","previousEventId":"tcbtesnyrniijak","previousOperationId":"i1pwvu41bo5gjkh"}
{"type":"operationStart","subtype":"recipe","name":"chrome-pdf","timestamp":1684647591801,"id":"0hvtyjtq62sdd71","previousEventId":"tdam5ebbe1c0lvo","operationId":"dsfth4pjw4rlhjd","previousOperationId":"i1pwvu41bo5gjkh"}
{"type":"log","timestamp":1684647591801,"level":"debug","message":"Executing recipe chrome-pdf","meta":{"rootId":"vbjs8iazgxur7gi","id":"vbjs8iazgxur7gi"},"id":"sep3sdiha9hluzk","previousOperationId":"dsfth4pjw4rlhjd"}
{"type":"log","timestamp":1684647591838,"level":"debug","message":"Converting with chrome HeadlessChrome/105.0.5173.0 using chrome-pool strategy","meta":{"rootId":"vbjs8iazgxur7gi","id":"vbjs8iazgxur7gi"},"id":"7voqtafpwi40pq2","previousOperationId":"dsfth4pjw4rlhjd"}
{"type":"log","timestamp":1684647591945,"level":"debug","message":"Page request: GET (document) file:///C:/Users/Adebayo/AppData/Local/Temp/jsreport/autocleanup/921814a2-0e12-43e2-86f3-2a94d1bcb2c1-chrome-pdf.html","meta":{"rootId":"vbjs8iazgxur7gi","id":"vbjs8iazgxur7gi"},"id":"5zpwxshbw72odnh","previousOperationId":"dsfth4pjw4rlhjd"}
{"type":"log","timestamp":1684647591956,"level":"debug","message":"Page request finished: GET (document) 200 file:///C:/Users/Adebayo/AppData/Local/Temp/jsreport/autocleanup/921814a2-0e12-43e2-86f3-2a94d1bcb2c1-chrome-pdf.html","meta":{"rootId":"vbjs8iazgxur7gi","id":"vbjs8iazgxur7gi"},"id":"hbnit24mlw5q812","previousOperationId":"dsfth4pjw4rlhjd"}
{"type":"log","timestamp":1684647591956,"level":"debug","message":"Page request: GET (script) https://cdn.jsdelivr.net/npm/chart.js","meta":{"rootId":"vbjs8iazgxur7gi","id":"vbjs8iazgxur7gi"},"id":"di7ryxv6r5yr07s","previousOperationId":"dsfth4pjw4rlhjd"}
{"type":"log","timestamp":1684647592426,"level":"debug","message":"Page request finished: GET (script) 200 https://cdn.jsdelivr.net/npm/chart.js","meta":{"rootId":"vbjs8iazgxur7gi","id":"vbjs8iazgxur7gi"},"id":"pvtsessp8942uht","previousOperationId":"dsfth4pjw4rlhjd"}
{"type":"log","timestamp":1684647592515,"level":"debug","message":"Running chrome with params {\"printBackground\":true,\"marginTop\":\"2cm\",\"marginRight\":\"1cm\",\"marginBottom\":\"2cm\",\"marginLeft\":\"1cm\",\"landscape\":false,\"format\":\"A4\",\"displayHeaderFooter\":true,\"timeout\":59963,\"margin\":{\"top\":\"2cm\",\"right\":\"1cm\",\"bottom\":\"2cm\",\"left\":\"1cm\"}}","meta":{"rootId":"vbjs8iazgxur7gi","id":"vbjs8iazgxur7gi"},"id":"sa4sgqci0ndau8z","previousOperationId":"dsfth4pjw4rlhjd"}
{"type":"operationEnd","operationId":"dsfth4pjw4rlhjd","timestamp":1684647592583,"id":"8vrx2a1e6ar6bhg","previousEventId":"0hvtyjtq62sdd71","previousOperationId":"dsfth4pjw4rlhjd"}
{"type":"log","timestamp":1684647592583,"level":"debug","message":"Skipping storing report.","meta":{"rootId":"vbjs8iazgxur7gi","id":"vbjs8iazgxur7gi"},"id":"c7kna206nvo1a1n","previousOperationId":"dsfth4pjw4rlhjd"}
{"type":"log","timestamp":1684647592583,"level":"info","message":"Rendering request 41 finished in 817 ms","meta":{"rootId":"vbjs8iazgxur7gi","id":"vbjs8iazgxur7gi"},"id":"5h3depozup2fe8g","previousOperationId":"dsfth4pjw4rlhjd"}
{"type":"operationEnd","subtype":"render","operationId":"s23p2douf7ij5sv","timestamp":1684647592583,"id":"yop4hvlu6o2joq9","previousEventId":"8vrx2a1e6ar6bhg","previousOperationId":"dsfth4pjw4rlhjd"}
{"type":"operationEnd","doDiffs":false,"previousEventId":"u2p9trzo4x7i79n","previousOperationId":"ilj94wtaglt30rm","operationId":"ilj94wtaglt30rm","timestamp":1684647592588,"id":"axs9d4kc66igfdh"}
