{"type":"operationStart","subtype":"profile","data":{"_id":"9kojWsxOajQt9Nz3","timestamp":"2023-05-21T07:09:52.716Z","state":"queued","mode":"standard","creationDate":"2023-05-21T07:09:52.719Z","modificationDate":"2023-05-21T07:09:52.719Z","shortid":"_5dJIgm","$entitySet":"profiles"},"doDiffs":false,"timestamp":1684652992717,"id":"g6iro80qqn0jacn","previousOperationId":null,"operationId":"dbt78ptsvasidlr"}
{"type":"log","level":"info","message":"Render request 104 queued for execution and waiting for available worker","previousOperationId":"dbt78ptsvasidlr","timestamp":1684652992717,"id":"k2ud9yory92lj99"}
{"type":"operationStart","subtype":"render","name":"invoice-js","previousOperationId":"dbt78ptsvasidlr","timestamp":1684652992732,"id":"nlja5eq3obyvsh5","previousEventId":"g6iro80qqn0jacn","operationId":"e9v8n6if687esms"}
{"type":"log","timestamp":1684652992732,"level":"info","message":"Starting rendering request 104","meta":{"rootId":"w6q85pn5wm4ep6z","id":"w6q85pn5wm4ep6z"},"id":"huf10xaik8jbpsd","previousOperationId":"e9v8n6if687esms"}
{"type":"log","timestamp":1684652992732,"level":"info","message":"Rendering template { name: invoice-js, recipe: chrome-pdf, engine: handlebars, preview: false }","meta":{"rootId":"w6q85pn5wm4ep6z","id":"w6q85pn5wm4ep6z"},"id":"mlktrhd7z983x80","previousOperationId":"e9v8n6if687esms"}
{"type":"log","timestamp":1684652992734,"level":"debug","message":"Inline data specified.","meta":{"rootId":"w6q85pn5wm4ep6z","id":"w6q85pn5wm4ep6z"},"id":"tijnlow149iqnko","previousOperationId":"e9v8n6if687esms"}
{"type":"log","timestamp":1684652992739,"level":"debug","message":"Base url not specified, skipping its injection.","meta":{"rootId":"w6q85pn5wm4ep6z","id":"w6q85pn5wm4ep6z"},"id":"jy69za0337cf4r8","previousOperationId":"e9v8n6if687esms"}
{"type":"operationStart","subtype":"engine","name":"handlebars","timestamp":1684652992740,"id":"hv1phmu81f7ccvi","previousEventId":"nlja5eq3obyvsh5","operationId":"mj08g7josaxutm0","previousOperationId":"e9v8n6if687esms"}
{"type":"log","timestamp":1684652992740,"level":"debug","message":"Rendering engine handlebars","meta":{"rootId":"w6q85pn5wm4ep6z","id":"w6q85pn5wm4ep6z"},"id":"6qmrexvvqnptww1","previousOperationId":"mj08g7josaxutm0"}
{"type":"operationEnd","operationId":"mj08g7josaxutm0","timestamp":1684652992767,"id":"m5attoy3xmnoy0p","previousEventId":"hv1phmu81f7ccvi","previousOperationId":"mj08g7josaxutm0"}
{"type":"operationStart","subtype":"recipe","name":"chrome-pdf","timestamp":1684652992767,"id":"b3gn2vxl77jfqgu","previousEventId":"m5attoy3xmnoy0p","operationId":"snh4w5uwu3ugane","previousOperationId":"mj08g7josaxutm0"}
{"type":"log","timestamp":1684652992767,"level":"debug","message":"Executing recipe chrome-pdf","meta":{"rootId":"w6q85pn5wm4ep6z","id":"w6q85pn5wm4ep6z"},"id":"s2085wzhmx3ksym","previousOperationId":"snh4w5uwu3ugane"}
{"type":"log","timestamp":1684652992769,"level":"debug","message":"Starting child request to render pdf footer","meta":{"rootId":"w6q85pn5wm4ep6z","id":"w6q85pn5wm4ep6z"},"id":"n9xqgorh3jr5t45","previousOperationId":"snh4w5uwu3ugane"}
{"type":"operationStart","subtype":"render","name":"anonymous","previousOperationId":"snh4w5uwu3ugane","timestamp":1684652992770,"id":"1ahm5y4u6awm98t","previousEventId":"b3gn2vxl77jfqgu","operationId":"iksk46ufa84upma"}
{"type":"log","timestamp":1684652992770,"level":"info","message":"Starting rendering (child) request","meta":{"rootId":"w6q85pn5wm4ep6z","id":"q2kqht65pdar2w5"},"id":"fmfeq0pcoux285s","previousOperationId":"iksk46ufa84upma"}
{"type":"log","timestamp":1684652992770,"level":"info","message":"Rendering anonymous template { recipe: html, engine: handlebars }","meta":{"rootId":"w6q85pn5wm4ep6z","id":"q2kqht65pdar2w5"},"id":"imevm86m143d5pf","previousOperationId":"iksk46ufa84upma"}
{"type":"log","timestamp":1684652992770,"level":"debug","message":"Inline data specified.","meta":{"rootId":"w6q85pn5wm4ep6z","id":"q2kqht65pdar2w5"},"id":"821vo5bzzdp0pwo","previousOperationId":"iksk46ufa84upma"}
{"type":"log","timestamp":1684652992771,"level":"debug","message":"Base url not specified, skipping its injection.","meta":{"rootId":"w6q85pn5wm4ep6z","id":"q2kqht65pdar2w5"},"id":"v6v6jpiiem50m3y","previousOperationId":"iksk46ufa84upma"}
{"type":"operationStart","subtype":"engine","name":"handlebars","timestamp":1684652992772,"id":"b69h7m1498suwxz","previousEventId":"1ahm5y4u6awm98t","operationId":"x3chx9eogclarvr","previousOperationId":"iksk46ufa84upma"}
{"type":"log","timestamp":1684652992772,"level":"debug","message":"Rendering engine handlebars","meta":{"rootId":"w6q85pn5wm4ep6z","id":"q2kqht65pdar2w5"},"id":"bqnreqfpyn8ewyw","previousOperationId":"x3chx9eogclarvr"}
{"type":"operationEnd","operationId":"x3chx9eogclarvr","timestamp":1684652992811,"id":"ot7dit10f1737vr","previousEventId":"b69h7m1498suwxz","previousOperationId":"x3chx9eogclarvr"}
{"type":"operationStart","subtype":"recipe","name":"html","timestamp":1684652992811,"id":"x91nm6ray44exbf","previousEventId":"ot7dit10f1737vr","operationId":"93ol9a1gemd48y0","previousOperationId":"x3chx9eogclarvr"}
{"type":"log","timestamp":1684652992811,"level":"debug","message":"Executing recipe html","meta":{"rootId":"w6q85pn5wm4ep6z","id":"q2kqht65pdar2w5"},"id":"510c9ix9whgchr6","previousOperationId":"93ol9a1gemd48y0"}
{"type":"operationEnd","operationId":"93ol9a1gemd48y0","timestamp":1684652992811,"id":"w37m4u8mkd85nr1","previousEventId":"x91nm6ray44exbf","previousOperationId":"93ol9a1gemd48y0"}
{"type":"log","timestamp":1684652992811,"level":"debug","message":"Skipping storing report.","meta":{"rootId":"w6q85pn5wm4ep6z","id":"q2kqht65pdar2w5"},"id":"favalpz4ixq55da","previousOperationId":"93ol9a1gemd48y0"}
{"type":"log","timestamp":1684652992812,"level":"info","message":"Rendering (child) request finished in 97 ms","meta":{"rootId":"w6q85pn5wm4ep6z","id":"q2kqht65pdar2w5"},"id":"ozt2fadn11g8k4f","previousOperationId":"93ol9a1gemd48y0"}
{"type":"operationEnd","subtype":"render","operationId":"iksk46ufa84upma","timestamp":1684652992812,"id":"j0nq52538h2hlks","previousEventId":"w37m4u8mkd85nr1","previousOperationId":"93ol9a1gemd48y0"}
{"type":"log","timestamp":1684652992817,"level":"debug","message":"Converting with chrome HeadlessChrome/105.0.5173.0 using chrome-pool strategy","meta":{"rootId":"w6q85pn5wm4ep6z","id":"w6q85pn5wm4ep6z"},"id":"5mrkc2i149ptcvc","previousOperationId":"snh4w5uwu3ugane"}
{"type":"log","timestamp":1684652992970,"level":"debug","message":"Page request: GET (document) file:///C:/Users/Adebayo/AppData/Local/Temp/jsreport/autocleanup/632b17a2-1da1-4af1-b5ce-708ca861d680-chrome-pdf.html","meta":{"rootId":"w6q85pn5wm4ep6z","id":"w6q85pn5wm4ep6z"},"id":"eugipfpajd3dkvj","previousOperationId":"snh4w5uwu3ugane"}
{"type":"log","timestamp":1684652992997,"level":"debug","message":"Page request finished: GET (document) 200 file:///C:/Users/Adebayo/AppData/Local/Temp/jsreport/autocleanup/632b17a2-1da1-4af1-b5ce-708ca861d680-chrome-pdf.html","meta":{"rootId":"w6q85pn5wm4ep6z","id":"w6q85pn5wm4ep6z"},"id":"ewlqa6juvwpq4k8","previousOperationId":"snh4w5uwu3ugane"}
{"type":"log","timestamp":1684652992997,"level":"debug","message":"Page request: GET (script) https://cdnjs.cloudflare.com/ajax/libs/Chart.js/2.1.6/Chart.min.js","meta":{"rootId":"w6q85pn5wm4ep6z","id":"w6q85pn5wm4ep6z"},"id":"jfsedl8kptbb1mj","previousOperationId":"snh4w5uwu3ugane"}
{"type":"log","timestamp":1684652993007,"level":"debug","message":"Page request finished: GET (script) 200 https://cdnjs.cloudflare.com/ajax/libs/Chart.js/2.1.6/Chart.min.js","meta":{"rootId":"w6q85pn5wm4ep6z","id":"w6q85pn5wm4ep6z"},"id":"wxo0c96j92y2bx8","previousOperationId":"snh4w5uwu3ugane"}
{"type":"log","timestamp":1684652993018,"level":"warn","message":"Page error: SyntaxError: Unexpected token ','","meta":{"rootId":"w6q85pn5wm4ep6z","id":"w6q85pn5wm4ep6z"},"id":"9re4bo9kblu8mjw","previousOperationId":"snh4w5uwu3ugane"}
{"type":"log","timestamp":1684652993024,"level":"debug","message":"Running chrome with params {\"printBackground\":true,\"marginTop\":\"2cm\",\"marginRight\":\"1cm\",\"marginBottom\":\"2cm\",\"marginLeft\":\"1cm\",\"landscape\":false,\"format\":\"A4\",\"displayHeaderFooter\":true,\"footerTemplate\":\"...\",\"timeout\":59903,\"margin\":{\"top\":\"2cm\",\"right\":\"1cm\",\"bottom\":\"2cm\",\"left\":\"1cm\"}}","meta":{"rootId":"w6q85pn5wm4ep6z","id":"w6q85pn5wm4ep6z"},"id":"wuzmny11jn8z038","previousOperationId":"snh4w5uwu3ugane"}
{"type":"operationEnd","operationId":"snh4w5uwu3ugane","timestamp":1684652993146,"id":"4b6tnjgt00slyen","previousEventId":"b3gn2vxl77jfqgu","previousOperationId":"snh4w5uwu3ugane"}
{"type":"log","timestamp":1684652993147,"level":"debug","message":"Skipping storing report.","meta":{"rootId":"w6q85pn5wm4ep6z","id":"w6q85pn5wm4ep6z"},"id":"vprbw9g245ljlrp","previousOperationId":"snh4w5uwu3ugane"}
{"type":"log","timestamp":1684652993147,"level":"info","message":"Rendering request 104 finished in 432 ms","meta":{"rootId":"w6q85pn5wm4ep6z","id":"w6q85pn5wm4ep6z"},"id":"tjtizeqd2s80td6","previousOperationId":"snh4w5uwu3ugane"}
{"type":"operationEnd","subtype":"render","operationId":"e9v8n6if687esms","timestamp":1684652993147,"id":"bmd6btrdk2itsoz","previousEventId":"4b6tnjgt00slyen","previousOperationId":"snh4w5uwu3ugane"}
{"type":"operationEnd","doDiffs":false,"previousEventId":"g6iro80qqn0jacn","previousOperationId":"dbt78ptsvasidlr","operationId":"dbt78ptsvasidlr","timestamp":1684652993152,"id":"n65umbc0bm2ur7t"}
