{"type":"operationStart","subtype":"profile","data":{"_id":"0Lz2Fi2RGXzuvFIR","timestamp":"2023-05-21T11:26:07.213Z","state":"queued","mode":"standard","creationDate":"2023-05-21T11:26:07.216Z","modificationDate":"2023-05-21T11:26:07.216Z","shortid":"wwV6H3-","$entitySet":"profiles"},"doDiffs":false,"timestamp":1684668367215,"id":"n3ovzr9pnbp259p","previousOperationId":null,"operationId":"25v6a82ihuxdy2o"}
{"type":"log","level":"info","message":"Render request 169 queued for execution and waiting for available worker","previousOperationId":"25v6a82ihuxdy2o","timestamp":1684668367215,"id":"v0edn3fcix1bmo0"}
{"type":"operationStart","subtype":"render","name":"invoice-js","previousOperationId":"25v6a82ihuxdy2o","timestamp":1684668367229,"id":"rki16vq3lb0q95q","previousEventId":"n3ovzr9pnbp259p","operationId":"5ldtyeolmaupk29"}
{"type":"log","timestamp":1684668367229,"level":"info","message":"Starting rendering request 169","meta":{"rootId":"wa2qpnkj35x9tlx","id":"wa2qpnkj35x9tlx"},"id":"me30dl9xyfljxu0","previousOperationId":"5ldtyeolmaupk29"}
{"type":"log","timestamp":1684668367229,"level":"info","message":"Rendering template { name: invoice-js, recipe: chrome-pdf, engine: handlebars, preview: false }","meta":{"rootId":"wa2qpnkj35x9tlx","id":"wa2qpnkj35x9tlx"},"id":"6hemlauuseairnf","previousOperationId":"5ldtyeolmaupk29"}
{"type":"log","timestamp":1684668367232,"level":"debug","message":"Inline data specified.","meta":{"rootId":"wa2qpnkj35x9tlx","id":"wa2qpnkj35x9tlx"},"id":"z46ee90ghoqtqyn","previousOperationId":"5ldtyeolmaupk29"}
{"type":"log","timestamp":1684668367237,"level":"debug","message":"Base url not specified, skipping its injection.","meta":{"rootId":"wa2qpnkj35x9tlx","id":"wa2qpnkj35x9tlx"},"id":"ku2gg75i6e4hh2k","previousOperationId":"5ldtyeolmaupk29"}
{"type":"operationStart","subtype":"engine","name":"handlebars","timestamp":1684668367238,"id":"9j0lii5rxhy4ihx","previousEventId":"rki16vq3lb0q95q","operationId":"gliez0k02ih7dl4","previousOperationId":"5ldtyeolmaupk29"}
{"type":"log","timestamp":1684668367238,"level":"debug","message":"Rendering engine handlebars","meta":{"rootId":"wa2qpnkj35x9tlx","id":"wa2qpnkj35x9tlx"},"id":"cy0ykrfyxmwo661","previousOperationId":"gliez0k02ih7dl4"}
{"type":"operationEnd","operationId":"gliez0k02ih7dl4","timestamp":1684668367267,"id":"2rxq8exbiaumg08","previousEventId":"9j0lii5rxhy4ihx","previousOperationId":"gliez0k02ih7dl4"}
{"type":"operationStart","subtype":"recipe","name":"chrome-pdf","timestamp":1684668367267,"id":"yg343tmboaaeug1","previousEventId":"2rxq8exbiaumg08","operationId":"p2bal37owzhlwfz","previousOperationId":"gliez0k02ih7dl4"}
{"type":"log","timestamp":1684668367267,"level":"debug","message":"Executing recipe chrome-pdf","meta":{"rootId":"wa2qpnkj35x9tlx","id":"wa2qpnkj35x9tlx"},"id":"87olnt0hfo30u7e","previousOperationId":"p2bal37owzhlwfz"}
{"type":"log","timestamp":1684668367271,"level":"debug","message":"Starting child request to render pdf footer","meta":{"rootId":"wa2qpnkj35x9tlx","id":"wa2qpnkj35x9tlx"},"id":"ts7ot6is6lgh17x","previousOperationId":"p2bal37owzhlwfz"}
{"type":"operationStart","subtype":"render","name":"anonymous","previousOperationId":"p2bal37owzhlwfz","timestamp":1684668367271,"id":"gzs87zy7671hlzf","previousEventId":"yg343tmboaaeug1","operationId":"qgz3obckszi6tkl"}
{"type":"log","timestamp":1684668367271,"level":"info","message":"Starting rendering (child) request","meta":{"rootId":"wa2qpnkj35x9tlx","id":"oz1nfa6rw6xn1bp"},"id":"csxg0ig17f9gyez","previousOperationId":"qgz3obckszi6tkl"}
{"type":"log","timestamp":1684668367271,"level":"info","message":"Rendering anonymous template { recipe: html, engine: handlebars }","meta":{"rootId":"wa2qpnkj35x9tlx","id":"oz1nfa6rw6xn1bp"},"id":"3lqd6qith2x86i9","previousOperationId":"qgz3obckszi6tkl"}
{"type":"log","timestamp":1684668367271,"level":"debug","message":"Inline data specified.","meta":{"rootId":"wa2qpnkj35x9tlx","id":"oz1nfa6rw6xn1bp"},"id":"u0k1v6wix6hyo10","previousOperationId":"qgz3obckszi6tkl"}
{"type":"log","timestamp":1684668367273,"level":"debug","message":"Base url not specified, skipping its injection.","meta":{"rootId":"wa2qpnkj35x9tlx","id":"oz1nfa6rw6xn1bp"},"id":"snyfxjl8cigw0q3","previousOperationId":"qgz3obckszi6tkl"}
{"type":"operationStart","subtype":"engine","name":"handlebars","timestamp":1684668367274,"id":"6rnoobr2sa33u0y","previousEventId":"gzs87zy7671hlzf","operationId":"92ycqeb5795brob","previousOperationId":"qgz3obckszi6tkl"}
{"type":"log","timestamp":1684668367274,"level":"debug","message":"Rendering engine handlebars","meta":{"rootId":"wa2qpnkj35x9tlx","id":"oz1nfa6rw6xn1bp"},"id":"9ika3lh3h95x50s","previousOperationId":"92ycqeb5795brob"}
{"type":"operationEnd","operationId":"92ycqeb5795brob","timestamp":1684668367328,"id":"ecgrauedr8m6byf","previousEventId":"6rnoobr2sa33u0y","previousOperationId":"92ycqeb5795brob"}
{"type":"operationStart","subtype":"recipe","name":"html","timestamp":1684668367329,"id":"u1maz33pghzp941","previousEventId":"ecgrauedr8m6byf","operationId":"fw62nsh4n5j3vpg","previousOperationId":"92ycqeb5795brob"}
{"type":"log","timestamp":1684668367329,"level":"debug","message":"Executing recipe html","meta":{"rootId":"wa2qpnkj35x9tlx","id":"oz1nfa6rw6xn1bp"},"id":"dv8n906ysh3xje7","previousOperationId":"fw62nsh4n5j3vpg"}
{"type":"operationEnd","operationId":"fw62nsh4n5j3vpg","timestamp":1684668367329,"id":"6f28wbqd84kx930","previousEventId":"u1maz33pghzp941","previousOperationId":"fw62nsh4n5j3vpg"}
{"type":"log","timestamp":1684668367330,"level":"debug","message":"Skipping storing report.","meta":{"rootId":"wa2qpnkj35x9tlx","id":"oz1nfa6rw6xn1bp"},"id":"bdye0wlt6rf6rsg","previousOperationId":"fw62nsh4n5j3vpg"}
{"type":"log","timestamp":1684668367332,"level":"info","message":"Rendering (child) request finished in 119 ms","meta":{"rootId":"wa2qpnkj35x9tlx","id":"oz1nfa6rw6xn1bp"},"id":"f5xb9zio5a4z8kp","previousOperationId":"fw62nsh4n5j3vpg"}
{"type":"operationEnd","subtype":"render","operationId":"qgz3obckszi6tkl","timestamp":1684668367332,"id":"mr1ge8y6fl3jyhu","previousEventId":"6f28wbqd84kx930","previousOperationId":"fw62nsh4n5j3vpg"}
{"type":"log","timestamp":1684668367336,"level":"debug","message":"Converting with chrome HeadlessChrome/105.0.5173.0 using chrome-pool strategy","meta":{"rootId":"wa2qpnkj35x9tlx","id":"wa2qpnkj35x9tlx"},"id":"9i4rr06ge7k6hhn","previousOperationId":"p2bal37owzhlwfz"}
{"type":"log","timestamp":1684668367530,"level":"debug","message":"Page request: GET (document) file:///C:/Users/Adebayo/AppData/Local/Temp/jsreport/autocleanup/3908bbc9-1f1f-4264-bdd0-d6107470626c-chrome-pdf.html","meta":{"rootId":"wa2qpnkj35x9tlx","id":"wa2qpnkj35x9tlx"},"id":"355z9b85cx54x83","previousOperationId":"p2bal37owzhlwfz"}
{"type":"log","timestamp":1684668367553,"level":"debug","message":"Page request finished: GET (document) 200 file:///C:/Users/Adebayo/AppData/Local/Temp/jsreport/autocleanup/3908bbc9-1f1f-4264-bdd0-d6107470626c-chrome-pdf.html","meta":{"rootId":"wa2qpnkj35x9tlx","id":"wa2qpnkj35x9tlx"},"id":"mmtywxr20cuyjf1","previousOperationId":"p2bal37owzhlwfz"}
{"type":"log","timestamp":1684668367554,"level":"debug","message":"Page request: GET (script) https://cdnjs.cloudflare.com/ajax/libs/Chart.js/2.1.6/Chart.min.js","meta":{"rootId":"wa2qpnkj35x9tlx","id":"wa2qpnkj35x9tlx"},"id":"03j8w8q6irivcwg","previousOperationId":"p2bal37owzhlwfz"}
{"type":"log","timestamp":1684668367565,"level":"debug","message":"Page request finished: GET (script) 200 https://cdnjs.cloudflare.com/ajax/libs/Chart.js/2.1.6/Chart.min.js","meta":{"rootId":"wa2qpnkj35x9tlx","id":"wa2qpnkj35x9tlx"},"id":"fcumozkqqz5jut9","previousOperationId":"p2bal37owzhlwfz"}
{"type":"log","timestamp":1684668367667,"level":"debug","message":"Running chrome with params {\"printBackground\":true,\"marginTop\":\"2cm\",\"marginRight\":\"1cm\",\"marginBottom\":\"2cm\",\"marginLeft\":\"1cm\",\"landscape\":false,\"format\":\"A4\",\"displayHeaderFooter\":true,\"footerTemplate\":\"...\",\"timeout\":59881,\"margin\":{\"top\":\"2cm\",\"right\":\"1cm\",\"bottom\":\"2cm\",\"left\":\"1cm\"}}","meta":{"rootId":"wa2qpnkj35x9tlx","id":"wa2qpnkj35x9tlx"},"id":"mm47lbk71k761y2","previousOperationId":"p2bal37owzhlwfz"}
{"type":"operationEnd","operationId":"p2bal37owzhlwfz","timestamp":1684668367813,"id":"eqkrdyganlzhmka","previousEventId":"yg343tmboaaeug1","previousOperationId":"p2bal37owzhlwfz"}
{"type":"log","timestamp":1684668367813,"level":"debug","message":"Skipping storing report.","meta":{"rootId":"wa2qpnkj35x9tlx","id":"wa2qpnkj35x9tlx"},"id":"1yjqoezf2n03bex","previousOperationId":"p2bal37owzhlwfz"}
{"type":"log","timestamp":1684668367813,"level":"info","message":"Rendering request 169 finished in 600 ms","meta":{"rootId":"wa2qpnkj35x9tlx","id":"wa2qpnkj35x9tlx"},"id":"v585uwchjbwpu5a","previousOperationId":"p2bal37owzhlwfz"}
{"type":"operationEnd","subtype":"render","operationId":"5ldtyeolmaupk29","timestamp":1684668367813,"id":"d9lsc6fosnwy2pt","previousEventId":"eqkrdyganlzhmka","previousOperationId":"p2bal37owzhlwfz"}
{"type":"operationEnd","doDiffs":false,"previousEventId":"n3ovzr9pnbp259p","previousOperationId":"25v6a82ihuxdy2o","operationId":"25v6a82ihuxdy2o","timestamp":1684668367818,"id":"5y0dlm4tuwmqx31"}
