{"type":"operationStart","subtype":"profile","data":{"_id":"UTW89sMKjiLEmnOG","timestamp":"2023-05-21T07:16:48.031Z","state":"queued","mode":"standard","creationDate":"2023-05-21T07:16:48.036Z","modificationDate":"2023-05-21T07:16:48.036Z","shortid":"NEe82MU","$entitySet":"profiles"},"doDiffs":false,"timestamp":1684653408034,"id":"rzjeyu3fwwp04f1","previousOperationId":null,"operationId":"v7w9zv8pi6idvjg"}
{"type":"log","level":"info","message":"Render request 112 queued for execution and waiting for available worker","previousOperationId":"v7w9zv8pi6idvjg","timestamp":1684653408034,"id":"prev79bhobwhn5t"}
{"type":"operationStart","subtype":"render","name":"invoice-js","previousOperationId":"v7w9zv8pi6idvjg","timestamp":1684653408056,"id":"6nx4cc20vj71g6m","previousEventId":"rzjeyu3fwwp04f1","operationId":"lhtmgfd2z6b81xk"}
{"type":"log","timestamp":1684653408056,"level":"info","message":"Starting rendering request 112","meta":{"rootId":"wak7x3byle57zkp","id":"wak7x3byle57zkp"},"id":"jp00elayah5qq4o","previousOperationId":"lhtmgfd2z6b81xk"}
{"type":"log","timestamp":1684653408056,"level":"info","message":"Rendering template { name: invoice-js, recipe: chrome-pdf, engine: handlebars, preview: false }","meta":{"rootId":"wak7x3byle57zkp","id":"wak7x3byle57zkp"},"id":"1orqgcgmabe8f1r","previousOperationId":"lhtmgfd2z6b81xk"}
{"type":"log","timestamp":1684653408058,"level":"debug","message":"Inline data specified.","meta":{"rootId":"wak7x3byle57zkp","id":"wak7x3byle57zkp"},"id":"926f2n09t1itrt8","previousOperationId":"lhtmgfd2z6b81xk"}
{"type":"log","timestamp":1684653408065,"level":"debug","message":"Base url not specified, skipping its injection.","meta":{"rootId":"wak7x3byle57zkp","id":"wak7x3byle57zkp"},"id":"76w14cgjbv28gsz","previousOperationId":"lhtmgfd2z6b81xk"}
{"type":"operationStart","subtype":"engine","name":"handlebars","timestamp":1684653408066,"id":"qmxd3w9h80upadz","previousEventId":"6nx4cc20vj71g6m","operationId":"e9fi9djjua6eurw","previousOperationId":"lhtmgfd2z6b81xk"}
{"type":"log","timestamp":1684653408066,"level":"debug","message":"Rendering engine handlebars","meta":{"rootId":"wak7x3byle57zkp","id":"wak7x3byle57zkp"},"id":"e93wyaz1vrv81kq","previousOperationId":"e9fi9djjua6eurw"}
{"type":"operationEnd","operationId":"e9fi9djjua6eurw","timestamp":1684653408094,"id":"je6r8p8jkp8w6dm","previousEventId":"qmxd3w9h80upadz","previousOperationId":"e9fi9djjua6eurw"}
{"type":"operationStart","subtype":"recipe","name":"chrome-pdf","timestamp":1684653408094,"id":"5pbg361s08qw4vo","previousEventId":"je6r8p8jkp8w6dm","operationId":"24aivpjkfeatg33","previousOperationId":"e9fi9djjua6eurw"}
{"type":"log","timestamp":1684653408094,"level":"debug","message":"Executing recipe chrome-pdf","meta":{"rootId":"wak7x3byle57zkp","id":"wak7x3byle57zkp"},"id":"avuqrhmn3xorkgh","previousOperationId":"24aivpjkfeatg33"}
{"type":"log","timestamp":1684653408097,"level":"debug","message":"Starting child request to render pdf footer","meta":{"rootId":"wak7x3byle57zkp","id":"wak7x3byle57zkp"},"id":"yzxq2m6ncgytpzy","previousOperationId":"24aivpjkfeatg33"}
{"type":"operationStart","subtype":"render","name":"anonymous","previousOperationId":"24aivpjkfeatg33","timestamp":1684653408098,"id":"rl6ztfci9yebxba","previousEventId":"5pbg361s08qw4vo","operationId":"q4mc0sgaso9c7zp"}
{"type":"log","timestamp":1684653408098,"level":"info","message":"Starting rendering (child) request","meta":{"rootId":"wak7x3byle57zkp","id":"2zk9ak0mjvegw5b"},"id":"uvwx1d6ucig1145","previousOperationId":"q4mc0sgaso9c7zp"}
{"type":"log","timestamp":1684653408098,"level":"info","message":"Rendering anonymous template { recipe: html, engine: handlebars }","meta":{"rootId":"wak7x3byle57zkp","id":"2zk9ak0mjvegw5b"},"id":"b99uzxjcm6muta8","previousOperationId":"q4mc0sgaso9c7zp"}
{"type":"log","timestamp":1684653408098,"level":"debug","message":"Inline data specified.","meta":{"rootId":"wak7x3byle57zkp","id":"2zk9ak0mjvegw5b"},"id":"px4f8ycwp8blqgk","previousOperationId":"q4mc0sgaso9c7zp"}
{"type":"log","timestamp":1684653408103,"level":"debug","message":"Base url not specified, skipping its injection.","meta":{"rootId":"wak7x3byle57zkp","id":"2zk9ak0mjvegw5b"},"id":"gsq4t1t6zwyen0r","previousOperationId":"q4mc0sgaso9c7zp"}
{"type":"operationStart","subtype":"engine","name":"handlebars","timestamp":1684653408104,"id":"9asxfptjlcckpqe","previousEventId":"rl6ztfci9yebxba","operationId":"oqw9bo5q2v93cz3","previousOperationId":"q4mc0sgaso9c7zp"}
{"type":"log","timestamp":1684653408104,"level":"debug","message":"Rendering engine handlebars","meta":{"rootId":"wak7x3byle57zkp","id":"2zk9ak0mjvegw5b"},"id":"gex10b6mzdnmvnf","previousOperationId":"oqw9bo5q2v93cz3"}
{"type":"operationEnd","operationId":"oqw9bo5q2v93cz3","timestamp":1684653408123,"id":"k611nzcr41esvp1","previousEventId":"9asxfptjlcckpqe","previousOperationId":"oqw9bo5q2v93cz3"}
{"type":"operationStart","subtype":"recipe","name":"html","timestamp":1684653408123,"id":"nxano48e67jz5ec","previousEventId":"k611nzcr41esvp1","operationId":"wi9iorb20a7kmie","previousOperationId":"oqw9bo5q2v93cz3"}
{"type":"log","timestamp":1684653408123,"level":"debug","message":"Executing recipe html","meta":{"rootId":"wak7x3byle57zkp","id":"2zk9ak0mjvegw5b"},"id":"sl66rzzmjwfd7oh","previousOperationId":"wi9iorb20a7kmie"}
{"type":"operationEnd","operationId":"wi9iorb20a7kmie","timestamp":1684653408123,"id":"spzzvra28zser91","previousEventId":"nxano48e67jz5ec","previousOperationId":"wi9iorb20a7kmie"}
{"type":"log","timestamp":1684653408123,"level":"debug","message":"Skipping storing report.","meta":{"rootId":"wak7x3byle57zkp","id":"2zk9ak0mjvegw5b"},"id":"ojcecrydzirfuax","previousOperationId":"wi9iorb20a7kmie"}
{"type":"log","timestamp":1684653408123,"level":"info","message":"Rendering (child) request finished in 92 ms","meta":{"rootId":"wak7x3byle57zkp","id":"2zk9ak0mjvegw5b"},"id":"y2b1izfxwp1fjkx","previousOperationId":"wi9iorb20a7kmie"}
{"type":"operationEnd","subtype":"render","operationId":"q4mc0sgaso9c7zp","timestamp":1684653408123,"id":"2w1rotesiak84oq","previousEventId":"spzzvra28zser91","previousOperationId":"wi9iorb20a7kmie"}
{"type":"log","timestamp":1684653408125,"level":"debug","message":"Converting with chrome HeadlessChrome/105.0.5173.0 using chrome-pool strategy","meta":{"rootId":"wak7x3byle57zkp","id":"wak7x3byle57zkp"},"id":"f80dsxep6ew51r6","previousOperationId":"24aivpjkfeatg33"}
{"type":"log","timestamp":1684653408294,"level":"debug","message":"Page request: GET (document) file:///C:/Users/Adebayo/AppData/Local/Temp/jsreport/autocleanup/d5084fd0-d612-4213-8125-82800fe9d353-chrome-pdf.html","meta":{"rootId":"wak7x3byle57zkp","id":"wak7x3byle57zkp"},"id":"u477knh4hl75kb7","previousOperationId":"24aivpjkfeatg33"}
{"type":"log","timestamp":1684653408317,"level":"debug","message":"Page request finished: GET (document) 200 file:///C:/Users/Adebayo/AppData/Local/Temp/jsreport/autocleanup/d5084fd0-d612-4213-8125-82800fe9d353-chrome-pdf.html","meta":{"rootId":"wak7x3byle57zkp","id":"wak7x3byle57zkp"},"id":"hp58zvh5gi8rivv","previousOperationId":"24aivpjkfeatg33"}
{"type":"log","timestamp":1684653408317,"level":"debug","message":"Page request: GET (script) https://cdnjs.cloudflare.com/ajax/libs/Chart.js/2.1.6/Chart.min.js","meta":{"rootId":"wak7x3byle57zkp","id":"wak7x3byle57zkp"},"id":"p8mgluhzdffdsez","previousOperationId":"24aivpjkfeatg33"}
{"type":"log","timestamp":1684653408327,"level":"debug","message":"Page request finished: GET (script) 200 https://cdnjs.cloudflare.com/ajax/libs/Chart.js/2.1.6/Chart.min.js","meta":{"rootId":"wak7x3byle57zkp","id":"wak7x3byle57zkp"},"id":"9zududw5wsa4u9u","previousOperationId":"24aivpjkfeatg33"}
{"type":"log","timestamp":1684653408332,"level":"warn","message":"Page error: SyntaxError: Unexpected token ','","meta":{"rootId":"wak7x3byle57zkp","id":"wak7x3byle57zkp"},"id":"odbxu68lo0b5hb3","previousOperationId":"24aivpjkfeatg33"}
{"type":"log","timestamp":1684653408338,"level":"debug","message":"Running chrome with params {\"printBackground\":true,\"marginTop\":\"2cm\",\"marginRight\":\"1cm\",\"marginBottom\":\"2cm\",\"marginLeft\":\"1cm\",\"landscape\":false,\"format\":\"A4\",\"displayHeaderFooter\":true,\"footerTemplate\":\"...\",\"timeout\":59907,\"margin\":{\"top\":\"2cm\",\"right\":\"1cm\",\"bottom\":\"2cm\",\"left\":\"1cm\"}}","meta":{"rootId":"wak7x3byle57zkp","id":"wak7x3byle57zkp"},"id":"9jbmyzn8wans0lk","previousOperationId":"24aivpjkfeatg33"}
{"type":"operationEnd","operationId":"24aivpjkfeatg33","timestamp":1684653408438,"id":"qis9j0ioc3qr7xg","previousEventId":"5pbg361s08qw4vo","previousOperationId":"24aivpjkfeatg33"}
{"type":"log","timestamp":1684653408438,"level":"debug","message":"Skipping storing report.","meta":{"rootId":"wak7x3byle57zkp","id":"wak7x3byle57zkp"},"id":"nqusw2tteaxadnj","previousOperationId":"24aivpjkfeatg33"}
{"type":"log","timestamp":1684653408438,"level":"info","message":"Rendering request 112 finished in 407 ms","meta":{"rootId":"wak7x3byle57zkp","id":"wak7x3byle57zkp"},"id":"dvk7yiu8w9ik2na","previousOperationId":"24aivpjkfeatg33"}
{"type":"operationEnd","subtype":"render","operationId":"lhtmgfd2z6b81xk","timestamp":1684653408438,"id":"swy07cifeqqzeca","previousEventId":"qis9j0ioc3qr7xg","previousOperationId":"24aivpjkfeatg33"}
{"type":"operationEnd","doDiffs":false,"previousEventId":"rzjeyu3fwwp04f1","previousOperationId":"v7w9zv8pi6idvjg","operationId":"v7w9zv8pi6idvjg","timestamp":1684653408443,"id":"tac1hx2c7ii3ftx"}
