{"type":"operationStart","subtype":"profile","data":{"_id":"Yt5qTmu8fCe2Iq0p","timestamp":"2023-05-21T05:46:19.308Z","state":"queued","mode":"standard","creationDate":"2023-05-21T05:46:19.310Z","modificationDate":"2023-05-21T05:46:19.310Z","shortid":"Jse-u2u","$entitySet":"profiles"},"doDiffs":false,"timestamp":1684647979309,"id":"nj0e1fbuvxkoiqo","previousOperationId":null,"operationId":"2kgue4rzbmralu7"}
{"type":"log","level":"info","message":"Render request 50 queued for execution and waiting for available worker","previousOperationId":"2kgue4rzbmralu7","timestamp":1684647979309,"id":"nnysjta93n5i1mb"}
{"type":"operationStart","subtype":"render","name":"invoice-js","previousOperationId":"2kgue4rzbmralu7","timestamp":1684647979320,"id":"0sy1uz732qwdy2u","previousEventId":"nj0e1fbuvxkoiqo","operationId":"71km81mcusg6ucd"}
{"type":"log","timestamp":1684647979320,"level":"info","message":"Starting rendering request 50","meta":{"rootId":"wlnovkrr5p13ize","id":"wlnovkrr5p13ize"},"id":"1qefhvhgchu2w2r","previousOperationId":"71km81mcusg6ucd"}
{"type":"log","timestamp":1684647979320,"level":"info","message":"Rendering template { name: invoice-js, recipe: chrome-pdf, engine: handlebars, preview: true }","meta":{"rootId":"wlnovkrr5p13ize","id":"wlnovkrr5p13ize"},"id":"5hpm0asqlpavxke","previousOperationId":"71km81mcusg6ucd"}
{"type":"log","timestamp":1684647979321,"level":"debug","message":"Inline data specified.","meta":{"rootId":"wlnovkrr5p13ize","id":"wlnovkrr5p13ize"},"id":"anaphvfzmhqeit1","previousOperationId":"71km81mcusg6ucd"}
{"type":"log","timestamp":1684647979324,"level":"debug","message":"Base url not specified, skipping its injection.","meta":{"rootId":"wlnovkrr5p13ize","id":"wlnovkrr5p13ize"},"id":"87okb4km3zz568f","previousOperationId":"71km81mcusg6ucd"}
{"type":"operationStart","subtype":"engine","name":"handlebars","timestamp":1684647979324,"id":"of11asocjc5crq5","previousEventId":"0sy1uz732qwdy2u","operationId":"8fykyup6bvv67ks","previousOperationId":"71km81mcusg6ucd"}
{"type":"log","timestamp":1684647979324,"level":"debug","message":"Rendering engine handlebars","meta":{"rootId":"wlnovkrr5p13ize","id":"wlnovkrr5p13ize"},"id":"tssclijwlvc4gq5","previousOperationId":"8fykyup6bvv67ks"}
{"type":"operationEnd","operationId":"8fykyup6bvv67ks","timestamp":1684647979381,"id":"jjl4yzjpxjmnkq8","previousEventId":"of11asocjc5crq5","previousOperationId":"8fykyup6bvv67ks"}
{"type":"operationStart","subtype":"recipe","name":"chrome-pdf","timestamp":1684647979382,"id":"04z1p238rr48ifm","previousEventId":"jjl4yzjpxjmnkq8","operationId":"d7jdsno5y05dryx","previousOperationId":"8fykyup6bvv67ks"}
{"type":"log","timestamp":1684647979382,"level":"debug","message":"Executing recipe chrome-pdf","meta":{"rootId":"wlnovkrr5p13ize","id":"wlnovkrr5p13ize"},"id":"uu8vx2mhkdhg6me","previousOperationId":"d7jdsno5y05dryx"}
{"type":"log","timestamp":1684647979384,"level":"debug","message":"Converting with chrome HeadlessChrome/105.0.5173.0 using chrome-pool strategy","meta":{"rootId":"wlnovkrr5p13ize","id":"wlnovkrr5p13ize"},"id":"geu6vl6oiuey2b8","previousOperationId":"d7jdsno5y05dryx"}
{"type":"log","timestamp":1684647979492,"level":"debug","message":"Page request: GET (document) file:///C:/Users/Adebayo/AppData/Local/Temp/jsreport/autocleanup/dc374540-7a53-4fbe-b933-f3d7a14ee8a9-chrome-pdf.html","meta":{"rootId":"wlnovkrr5p13ize","id":"wlnovkrr5p13ize"},"id":"bv0a6plwt1i0qy0","previousOperationId":"d7jdsno5y05dryx"}
{"type":"log","timestamp":1684647979504,"level":"debug","message":"Page request finished: GET (document) 200 file:///C:/Users/Adebayo/AppData/Local/Temp/jsreport/autocleanup/dc374540-7a53-4fbe-b933-f3d7a14ee8a9-chrome-pdf.html","meta":{"rootId":"wlnovkrr5p13ize","id":"wlnovkrr5p13ize"},"id":"evxonbqpb2prx5n","previousOperationId":"d7jdsno5y05dryx"}
{"type":"log","timestamp":1684647979504,"level":"debug","message":"Page request: GET (script) https://cdn.jsdelivr.net/npm/chart.js","meta":{"rootId":"wlnovkrr5p13ize","id":"wlnovkrr5p13ize"},"id":"2odb9zovmtunkwy","previousOperationId":"d7jdsno5y05dryx"}
{"type":"log","timestamp":1684647979508,"level":"debug","message":"Page request finished: GET (script) 200 https://cdn.jsdelivr.net/npm/chart.js","meta":{"rootId":"wlnovkrr5p13ize","id":"wlnovkrr5p13ize"},"id":"oe70y1utfzzn4ot","previousOperationId":"d7jdsno5y05dryx"}
{"type":"log","timestamp":1684647979596,"level":"debug","message":"Running chrome with params {\"printBackground\":true,\"marginTop\":\"2cm\",\"marginRight\":\"1cm\",\"marginBottom\":\"2cm\",\"marginLeft\":\"1cm\",\"landscape\":false,\"format\":\"A4\",\"displayHeaderFooter\":true,\"timeout\":59925,\"margin\":{\"top\":\"2cm\",\"right\":\"1cm\",\"bottom\":\"2cm\",\"left\":\"1cm\"}}","meta":{"rootId":"wlnovkrr5p13ize","id":"wlnovkrr5p13ize"},"id":"8k2l718ns5sqj40","previousOperationId":"d7jdsno5y05dryx"}
{"type":"operationEnd","operationId":"d7jdsno5y05dryx","timestamp":1684647979682,"id":"112lgc0piijgmle","previousEventId":"04z1p238rr48ifm","previousOperationId":"d7jdsno5y05dryx"}
{"type":"log","timestamp":1684647979682,"level":"debug","message":"Skipping storing report.","meta":{"rootId":"wlnovkrr5p13ize","id":"wlnovkrr5p13ize"},"id":"ldvqn1c3ueac69a","previousOperationId":"d7jdsno5y05dryx"}
{"type":"log","timestamp":1684647979683,"level":"info","message":"Rendering request 50 finished in 375 ms","meta":{"rootId":"wlnovkrr5p13ize","id":"wlnovkrr5p13ize"},"id":"hodjyvysumzlsbu","previousOperationId":"d7jdsno5y05dryx"}
{"type":"operationEnd","subtype":"render","operationId":"71km81mcusg6ucd","timestamp":1684647979683,"id":"igha48ouwiqr1ry","previousEventId":"112lgc0piijgmle","previousOperationId":"d7jdsno5y05dryx"}
{"type":"operationEnd","doDiffs":false,"previousEventId":"nj0e1fbuvxkoiqo","previousOperationId":"2kgue4rzbmralu7","operationId":"2kgue4rzbmralu7","timestamp":1684647979687,"id":"71xehg8e7yjtrdf"}
