{"type":"operationStart","subtype":"profile","data":{"_id":"tjab7jyKD3o4JZjn","timestamp":"2023-05-21T11:19:13.085Z","state":"queued","mode":"standard","creationDate":"2023-05-21T11:19:13.088Z","modificationDate":"2023-05-21T11:19:13.088Z","shortid":"B3ey6f1","$entitySet":"profiles"},"doDiffs":false,"timestamp":1684667953086,"id":"8v39suuucsyj27k","previousOperationId":null,"operationId":"2i6b4oxhaortn9l"}
{"type":"log","level":"info","message":"Render request 156 queued for execution and waiting for available worker","previousOperationId":"2i6b4oxhaortn9l","timestamp":1684667953086,"id":"nrkmtuiz2xk4ywi"}
{"type":"operationStart","subtype":"render","name":"invoice-js","previousOperationId":"2i6b4oxhaortn9l","timestamp":1684667953098,"id":"on5enawfsnsl82k","previousEventId":"8v39suuucsyj27k","operationId":"y7y5kk3izcjw2vq"}
{"type":"log","timestamp":1684667953099,"level":"info","message":"Starting rendering request 156","meta":{"rootId":"wryi222qy8qllce","id":"wryi222qy8qllce"},"id":"jmlrrp34850sbxg","previousOperationId":"y7y5kk3izcjw2vq"}
{"type":"log","timestamp":1684667953099,"level":"info","message":"Rendering template { name: invoice-js, recipe: chrome-pdf, engine: handlebars, preview: false }","meta":{"rootId":"wryi222qy8qllce","id":"wryi222qy8qllce"},"id":"cev8snk6ces1jkr","previousOperationId":"y7y5kk3izcjw2vq"}
{"type":"log","timestamp":1684667953104,"level":"debug","message":"Inline data specified.","meta":{"rootId":"wryi222qy8qllce","id":"wryi222qy8qllce"},"id":"c3swuq4czwdent2","previousOperationId":"y7y5kk3izcjw2vq"}
{"type":"log","timestamp":1684667953107,"level":"debug","message":"Base url not specified, skipping its injection.","meta":{"rootId":"wryi222qy8qllce","id":"wryi222qy8qllce"},"id":"yx6luyw40ab7fm1","previousOperationId":"y7y5kk3izcjw2vq"}
{"type":"operationStart","subtype":"engine","name":"handlebars","timestamp":1684667953108,"id":"hui52xf3a7tr3wq","previousEventId":"on5enawfsnsl82k","operationId":"cozzdttmxgzhj0u","previousOperationId":"y7y5kk3izcjw2vq"}
{"type":"log","timestamp":1684667953108,"level":"debug","message":"Rendering engine handlebars","meta":{"rootId":"wryi222qy8qllce","id":"wryi222qy8qllce"},"id":"okxb5xuaeh1uieq","previousOperationId":"cozzdttmxgzhj0u"}
{"type":"operationEnd","operationId":"cozzdttmxgzhj0u","timestamp":1684667953133,"id":"p3niaatprpgld0l","previousEventId":"hui52xf3a7tr3wq","previousOperationId":"cozzdttmxgzhj0u"}
{"type":"operationStart","subtype":"recipe","name":"chrome-pdf","timestamp":1684667953138,"id":"4dsohsnp1sp4ses","previousEventId":"p3niaatprpgld0l","operationId":"aibsmomghc6jrbe","previousOperationId":"cozzdttmxgzhj0u"}
{"type":"log","timestamp":1684667953139,"level":"debug","message":"Executing recipe chrome-pdf","meta":{"rootId":"wryi222qy8qllce","id":"wryi222qy8qllce"},"id":"0bp2ddov5n3juok","previousOperationId":"aibsmomghc6jrbe"}
{"type":"log","timestamp":1684667953141,"level":"debug","message":"Starting child request to render pdf footer","meta":{"rootId":"wryi222qy8qllce","id":"wryi222qy8qllce"},"id":"31vkiufjqewxezt","previousOperationId":"aibsmomghc6jrbe"}
{"type":"operationStart","subtype":"render","name":"anonymous","previousOperationId":"aibsmomghc6jrbe","timestamp":1684667953141,"id":"1ehz3dwbo2y56hp","previousEventId":"4dsohsnp1sp4ses","operationId":"ywowd19zc6t7r91"}
{"type":"log","timestamp":1684667953142,"level":"info","message":"Starting rendering (child) request","meta":{"rootId":"wryi222qy8qllce","id":"kclmji38r379538"},"id":"6i8gj92dymnf1w5","previousOperationId":"ywowd19zc6t7r91"}
{"type":"log","timestamp":1684667953142,"level":"info","message":"Rendering anonymous template { recipe: html, engine: handlebars }","meta":{"rootId":"wryi222qy8qllce","id":"kclmji38r379538"},"id":"35u5bewco1ps41w","previousOperationId":"ywowd19zc6t7r91"}
{"type":"log","timestamp":1684667953142,"level":"debug","message":"Inline data specified.","meta":{"rootId":"wryi222qy8qllce","id":"kclmji38r379538"},"id":"u0tqjn6602578ya","previousOperationId":"ywowd19zc6t7r91"}
{"type":"log","timestamp":1684667953143,"level":"debug","message":"Base url not specified, skipping its injection.","meta":{"rootId":"wryi222qy8qllce","id":"kclmji38r379538"},"id":"ov6duftitllsb3y","previousOperationId":"ywowd19zc6t7r91"}
{"type":"operationStart","subtype":"engine","name":"handlebars","timestamp":1684667953143,"id":"vf8j1j0tatfbs1n","previousEventId":"1ehz3dwbo2y56hp","operationId":"7w9rjxpzm6ssvqh","previousOperationId":"ywowd19zc6t7r91"}
{"type":"log","timestamp":1684667953144,"level":"debug","message":"Rendering engine handlebars","meta":{"rootId":"wryi222qy8qllce","id":"kclmji38r379538"},"id":"x3ojhxrml5qsjgs","previousOperationId":"7w9rjxpzm6ssvqh"}
{"type":"operationEnd","operationId":"7w9rjxpzm6ssvqh","timestamp":1684667953160,"id":"5dytje63ot2cx6u","previousEventId":"vf8j1j0tatfbs1n","previousOperationId":"7w9rjxpzm6ssvqh"}
{"type":"operationStart","subtype":"recipe","name":"html","timestamp":1684667953160,"id":"x7ye45jspz59i2v","previousEventId":"5dytje63ot2cx6u","operationId":"hsp9eq1u4ea6uab","previousOperationId":"7w9rjxpzm6ssvqh"}
{"type":"log","timestamp":1684667953160,"level":"debug","message":"Executing recipe html","meta":{"rootId":"wryi222qy8qllce","id":"kclmji38r379538"},"id":"7o41kzbisg70i7g","previousOperationId":"hsp9eq1u4ea6uab"}
{"type":"operationEnd","operationId":"hsp9eq1u4ea6uab","timestamp":1684667953160,"id":"lk63lc2gzruysgj","previousEventId":"x7ye45jspz59i2v","previousOperationId":"hsp9eq1u4ea6uab"}
{"type":"log","timestamp":1684667953160,"level":"debug","message":"Skipping storing report.","meta":{"rootId":"wryi222qy8qllce","id":"kclmji38r379538"},"id":"qlgb893nd6f1v39","previousOperationId":"hsp9eq1u4ea6uab"}
{"type":"log","timestamp":1684667953160,"level":"info","message":"Rendering (child) request finished in 76 ms","meta":{"rootId":"wryi222qy8qllce","id":"kclmji38r379538"},"id":"0qte1qjt4my6ihh","previousOperationId":"hsp9eq1u4ea6uab"}
{"type":"operationEnd","subtype":"render","operationId":"ywowd19zc6t7r91","timestamp":1684667953160,"id":"lyacpybfkccw8j1","previousEventId":"lk63lc2gzruysgj","previousOperationId":"hsp9eq1u4ea6uab"}
{"type":"log","timestamp":1684667953162,"level":"debug","message":"Converting with chrome HeadlessChrome/105.0.5173.0 using chrome-pool strategy","meta":{"rootId":"wryi222qy8qllce","id":"wryi222qy8qllce"},"id":"2owxmxhlcil9bk8","previousOperationId":"aibsmomghc6jrbe"}
{"type":"log","timestamp":1684667953315,"level":"debug","message":"Page request: GET (document) file:///C:/Users/Adebayo/AppData/Local/Temp/jsreport/autocleanup/9ed1031c-6477-45d2-a642-a8d9cc0905ff-chrome-pdf.html","meta":{"rootId":"wryi222qy8qllce","id":"wryi222qy8qllce"},"id":"phzi3vluzqm2fe4","previousOperationId":"aibsmomghc6jrbe"}
{"type":"log","timestamp":1684667953338,"level":"debug","message":"Page request finished: GET (document) 200 file:///C:/Users/Adebayo/AppData/Local/Temp/jsreport/autocleanup/9ed1031c-6477-45d2-a642-a8d9cc0905ff-chrome-pdf.html","meta":{"rootId":"wryi222qy8qllce","id":"wryi222qy8qllce"},"id":"stb80kkpjtilweg","previousOperationId":"aibsmomghc6jrbe"}
{"type":"log","timestamp":1684667953338,"level":"debug","message":"Page request: GET (script) https://cdnjs.cloudflare.com/ajax/libs/Chart.js/2.1.6/Chart.min.js","meta":{"rootId":"wryi222qy8qllce","id":"wryi222qy8qllce"},"id":"1f98e2zkye6smsh","previousOperationId":"aibsmomghc6jrbe"}
{"type":"log","timestamp":1684667953346,"level":"debug","message":"Page request finished: GET (script) 200 https://cdnjs.cloudflare.com/ajax/libs/Chart.js/2.1.6/Chart.min.js","meta":{"rootId":"wryi222qy8qllce","id":"wryi222qy8qllce"},"id":"kf1o9pkii7pkh6d","previousOperationId":"aibsmomghc6jrbe"}
{"type":"log","timestamp":1684667953447,"level":"debug","message":"Running chrome with params {\"printBackground\":true,\"marginTop\":\"2cm\",\"marginRight\":\"1cm\",\"marginBottom\":\"2cm\",\"marginLeft\":\"1cm\",\"landscape\":false,\"format\":\"A4\",\"displayHeaderFooter\":true,\"footerTemplate\":\"...\",\"timeout\":59924,\"margin\":{\"top\":\"2cm\",\"right\":\"1cm\",\"bottom\":\"2cm\",\"left\":\"1cm\"}}","meta":{"rootId":"wryi222qy8qllce","id":"wryi222qy8qllce"},"id":"v4777dxlrnbgkvj","previousOperationId":"aibsmomghc6jrbe"}
{"type":"operationEnd","operationId":"aibsmomghc6jrbe","timestamp":1684667953576,"id":"5um7hnxwi9g6w8v","previousEventId":"4dsohsnp1sp4ses","previousOperationId":"aibsmomghc6jrbe"}
{"type":"log","timestamp":1684667953576,"level":"debug","message":"Skipping storing report.","meta":{"rootId":"wryi222qy8qllce","id":"wryi222qy8qllce"},"id":"hfbqzcf97znrf61","previousOperationId":"aibsmomghc6jrbe"}
{"type":"log","timestamp":1684667953576,"level":"info","message":"Rendering request 156 finished in 492 ms","meta":{"rootId":"wryi222qy8qllce","id":"wryi222qy8qllce"},"id":"4pggypr3ejifrnz","previousOperationId":"aibsmomghc6jrbe"}
{"type":"operationEnd","subtype":"render","operationId":"y7y5kk3izcjw2vq","timestamp":1684667953576,"id":"k6bzqhvez4p07mg","previousEventId":"5um7hnxwi9g6w8v","previousOperationId":"aibsmomghc6jrbe"}
{"type":"operationEnd","doDiffs":false,"previousEventId":"8v39suuucsyj27k","previousOperationId":"2i6b4oxhaortn9l","operationId":"2i6b4oxhaortn9l","timestamp":1684667953587,"id":"iriqwwsvzqnymjn"}
