{"type":"operationStart","subtype":"profile","data":{"_id":"OiTPBTX464p7H4NT","timestamp":"2023-05-21T07:26:43.380Z","state":"queued","mode":"standard","creationDate":"2023-05-21T07:26:43.383Z","modificationDate":"2023-05-21T07:26:43.383Z","shortid":"U9JvBtZ","$entitySet":"profiles"},"doDiffs":false,"timestamp":1684654003381,"id":"mj0j1zfrqej48a6","previousOperationId":null,"operationId":"jj5e2h6htl5jbbo"}
{"type":"log","level":"info","message":"Render request 131 queued for execution and waiting for available worker","previousOperationId":"jj5e2h6htl5jbbo","timestamp":1684654003381,"id":"3gg64jzwm2x1m4m"}
{"type":"operationStart","subtype":"render","name":"invoice-js","previousOperationId":"jj5e2h6htl5jbbo","timestamp":1684654003398,"id":"0wurj8485of6e1w","previousEventId":"mj0j1zfrqej48a6","operationId":"mmxmjmbgat1sy2u"}
{"type":"log","timestamp":1684654003398,"level":"info","message":"Starting rendering request 131","meta":{"rootId":"x1r0nk5wrhcn8f1","id":"x1r0nk5wrhcn8f1"},"id":"ijv8khtycsycp1t","previousOperationId":"mmxmjmbgat1sy2u"}
{"type":"log","timestamp":1684654003398,"level":"info","message":"Rendering template { name: invoice-js, recipe: chrome-pdf, engine: handlebars, preview: false }","meta":{"rootId":"x1r0nk5wrhcn8f1","id":"x1r0nk5wrhcn8f1"},"id":"bwy208j9ujb2jud","previousOperationId":"mmxmjmbgat1sy2u"}
{"type":"log","timestamp":1684654003400,"level":"debug","message":"Inline data specified.","meta":{"rootId":"x1r0nk5wrhcn8f1","id":"x1r0nk5wrhcn8f1"},"id":"9j2t46eztqatcah","previousOperationId":"mmxmjmbgat1sy2u"}
{"type":"log","timestamp":1684654003404,"level":"debug","message":"Base url not specified, skipping its injection.","meta":{"rootId":"x1r0nk5wrhcn8f1","id":"x1r0nk5wrhcn8f1"},"id":"il8vlmw2ceuteno","previousOperationId":"mmxmjmbgat1sy2u"}
{"type":"operationStart","subtype":"engine","name":"handlebars","timestamp":1684654003405,"id":"2shx0eyzqqsljv9","previousEventId":"0wurj8485of6e1w","operationId":"ihcdvtvndg4y244","previousOperationId":"mmxmjmbgat1sy2u"}
{"type":"log","timestamp":1684654003405,"level":"debug","message":"Rendering engine handlebars","meta":{"rootId":"x1r0nk5wrhcn8f1","id":"x1r0nk5wrhcn8f1"},"id":"40g2aizq3luq1ec","previousOperationId":"ihcdvtvndg4y244"}
{"type":"operationEnd","operationId":"ihcdvtvndg4y244","timestamp":1684654003507,"id":"vfcj32y3hypv0ak","previousEventId":"2shx0eyzqqsljv9","previousOperationId":"ihcdvtvndg4y244"}
{"type":"operationStart","subtype":"recipe","name":"chrome-pdf","timestamp":1684654003508,"id":"2w0qutl9smopk5l","previousEventId":"vfcj32y3hypv0ak","operationId":"i8svtwtrm6wlmu3","previousOperationId":"ihcdvtvndg4y244"}
{"type":"log","timestamp":1684654003508,"level":"debug","message":"Executing recipe chrome-pdf","meta":{"rootId":"x1r0nk5wrhcn8f1","id":"x1r0nk5wrhcn8f1"},"id":"euya06y2oovlcu7","previousOperationId":"i8svtwtrm6wlmu3"}
{"type":"log","timestamp":1684654003517,"level":"debug","message":"Starting child request to render pdf footer","meta":{"rootId":"x1r0nk5wrhcn8f1","id":"x1r0nk5wrhcn8f1"},"id":"6tpbz9vvw9htzzn","previousOperationId":"i8svtwtrm6wlmu3"}
{"type":"operationStart","subtype":"render","name":"anonymous","previousOperationId":"i8svtwtrm6wlmu3","timestamp":1684654003518,"id":"tm5t8frp23ljl4t","previousEventId":"2w0qutl9smopk5l","operationId":"kzqg5ogfjr0np88"}
{"type":"log","timestamp":1684654003518,"level":"info","message":"Starting rendering (child) request","meta":{"rootId":"x1r0nk5wrhcn8f1","id":"j256b1kzucuur9h"},"id":"508f8hys9ti8udm","previousOperationId":"kzqg5ogfjr0np88"}
{"type":"log","timestamp":1684654003518,"level":"info","message":"Rendering anonymous template { recipe: html, engine: handlebars }","meta":{"rootId":"x1r0nk5wrhcn8f1","id":"j256b1kzucuur9h"},"id":"36mjuxlclq6q6lb","previousOperationId":"kzqg5ogfjr0np88"}
{"type":"log","timestamp":1684654003518,"level":"debug","message":"Inline data specified.","meta":{"rootId":"x1r0nk5wrhcn8f1","id":"j256b1kzucuur9h"},"id":"m9ru6rkzlwch51v","previousOperationId":"kzqg5ogfjr0np88"}
{"type":"log","timestamp":1684654003520,"level":"debug","message":"Base url not specified, skipping its injection.","meta":{"rootId":"x1r0nk5wrhcn8f1","id":"j256b1kzucuur9h"},"id":"d5ihlh2a462pxax","previousOperationId":"kzqg5ogfjr0np88"}
{"type":"operationStart","subtype":"engine","name":"handlebars","timestamp":1684654003520,"id":"lxkubz5rcbznwcj","previousEventId":"tm5t8frp23ljl4t","operationId":"di86557sugydy6q","previousOperationId":"kzqg5ogfjr0np88"}
{"type":"log","timestamp":1684654003520,"level":"debug","message":"Rendering engine handlebars","meta":{"rootId":"x1r0nk5wrhcn8f1","id":"j256b1kzucuur9h"},"id":"r4eso19mxpdvwgm","previousOperationId":"di86557sugydy6q"}
{"type":"operationEnd","operationId":"di86557sugydy6q","timestamp":1684654003550,"id":"8iputtzairbvzrk","previousEventId":"lxkubz5rcbznwcj","previousOperationId":"di86557sugydy6q"}
{"type":"operationStart","subtype":"recipe","name":"html","timestamp":1684654003550,"id":"mdo199zp31hm926","previousEventId":"8iputtzairbvzrk","operationId":"cprf4xwlbw1xlfx","previousOperationId":"di86557sugydy6q"}
{"type":"log","timestamp":1684654003550,"level":"debug","message":"Executing recipe html","meta":{"rootId":"x1r0nk5wrhcn8f1","id":"j256b1kzucuur9h"},"id":"a4nt6cn9vk4ms1m","previousOperationId":"cprf4xwlbw1xlfx"}
{"type":"operationEnd","operationId":"cprf4xwlbw1xlfx","timestamp":1684654003550,"id":"u5eelr6o2328zvi","previousEventId":"mdo199zp31hm926","previousOperationId":"cprf4xwlbw1xlfx"}
{"type":"log","timestamp":1684654003550,"level":"debug","message":"Skipping storing report.","meta":{"rootId":"x1r0nk5wrhcn8f1","id":"j256b1kzucuur9h"},"id":"j89jxcgpmhe9ro3","previousOperationId":"cprf4xwlbw1xlfx"}
{"type":"log","timestamp":1684654003550,"level":"info","message":"Rendering (child) request finished in 171 ms","meta":{"rootId":"x1r0nk5wrhcn8f1","id":"j256b1kzucuur9h"},"id":"892zz4tglwgsfne","previousOperationId":"cprf4xwlbw1xlfx"}
{"type":"operationEnd","subtype":"render","operationId":"kzqg5ogfjr0np88","timestamp":1684654003550,"id":"d5ztb3tr7nommwy","previousEventId":"u5eelr6o2328zvi","previousOperationId":"cprf4xwlbw1xlfx"}
{"type":"log","timestamp":1684654003552,"level":"debug","message":"Converting with chrome HeadlessChrome/105.0.5173.0 using chrome-pool strategy","meta":{"rootId":"x1r0nk5wrhcn8f1","id":"x1r0nk5wrhcn8f1"},"id":"uqzbbcjggpd4ry7","previousOperationId":"i8svtwtrm6wlmu3"}
{"type":"log","timestamp":1684654003699,"level":"debug","message":"Page request: GET (document) file:///C:/Users/Adebayo/AppData/Local/Temp/jsreport/autocleanup/5f6bcd77-dccf-4e43-908f-afaa8fbf7e09-chrome-pdf.html","meta":{"rootId":"x1r0nk5wrhcn8f1","id":"x1r0nk5wrhcn8f1"},"id":"his866cefrh498v","previousOperationId":"i8svtwtrm6wlmu3"}
{"type":"log","timestamp":1684654003719,"level":"debug","message":"Page request finished: GET (document) 200 file:///C:/Users/Adebayo/AppData/Local/Temp/jsreport/autocleanup/5f6bcd77-dccf-4e43-908f-afaa8fbf7e09-chrome-pdf.html","meta":{"rootId":"x1r0nk5wrhcn8f1","id":"x1r0nk5wrhcn8f1"},"id":"z09uttod0d3g1r3","previousOperationId":"i8svtwtrm6wlmu3"}
{"type":"log","timestamp":1684654003719,"level":"debug","message":"Page request: GET (script) https://cdnjs.cloudflare.com/ajax/libs/Chart.js/2.1.6/Chart.min.js","meta":{"rootId":"x1r0nk5wrhcn8f1","id":"x1r0nk5wrhcn8f1"},"id":"6e6dd71tq9und6g","previousOperationId":"i8svtwtrm6wlmu3"}
{"type":"log","timestamp":1684654003729,"level":"debug","message":"Page request finished: GET (script) 200 https://cdnjs.cloudflare.com/ajax/libs/Chart.js/2.1.6/Chart.min.js","meta":{"rootId":"x1r0nk5wrhcn8f1","id":"x1r0nk5wrhcn8f1"},"id":"r5bdo7wtx9go1rl","previousOperationId":"i8svtwtrm6wlmu3"}
{"type":"log","timestamp":1684654003735,"level":"warn","message":"Page error: SyntaxError: Unexpected token ','","meta":{"rootId":"x1r0nk5wrhcn8f1","id":"x1r0nk5wrhcn8f1"},"id":"j4gwlisgsphncje","previousOperationId":"i8svtwtrm6wlmu3"}
{"type":"log","timestamp":1684654003740,"level":"debug","message":"Running chrome with params {\"printBackground\":true,\"marginTop\":\"2cm\",\"marginRight\":\"1cm\",\"marginBottom\":\"2cm\",\"marginLeft\":\"1cm\",\"landscape\":false,\"format\":\"A4\",\"displayHeaderFooter\":true,\"footerTemplate\":\"...\",\"timeout\":59829,\"margin\":{\"top\":\"2cm\",\"right\":\"1cm\",\"bottom\":\"2cm\",\"left\":\"1cm\"}}","meta":{"rootId":"x1r0nk5wrhcn8f1","id":"x1r0nk5wrhcn8f1"},"id":"9uaqqioq7lbz4rl","previousOperationId":"i8svtwtrm6wlmu3"}
{"type":"operationEnd","operationId":"i8svtwtrm6wlmu3","timestamp":1684654003867,"id":"vxdjswcj725j3g1","previousEventId":"2w0qutl9smopk5l","previousOperationId":"i8svtwtrm6wlmu3"}
{"type":"log","timestamp":1684654003867,"level":"debug","message":"Skipping storing report.","meta":{"rootId":"x1r0nk5wrhcn8f1","id":"x1r0nk5wrhcn8f1"},"id":"2u3zdscoq9ovigr","previousOperationId":"i8svtwtrm6wlmu3"}
{"type":"log","timestamp":1684654003867,"level":"info","message":"Rendering request 131 finished in 488 ms","meta":{"rootId":"x1r0nk5wrhcn8f1","id":"x1r0nk5wrhcn8f1"},"id":"6cq4o2164zdcvhk","previousOperationId":"i8svtwtrm6wlmu3"}
{"type":"operationEnd","subtype":"render","operationId":"mmxmjmbgat1sy2u","timestamp":1684654003867,"id":"98j0s7un6x71drp","previousEventId":"vxdjswcj725j3g1","previousOperationId":"i8svtwtrm6wlmu3"}
{"type":"operationEnd","doDiffs":false,"previousEventId":"mj0j1zfrqej48a6","previousOperationId":"jj5e2h6htl5jbbo","operationId":"jj5e2h6htl5jbbo","timestamp":1684654003872,"id":"w354zv1d9w4uvoj"}
