{"type":"operationStart","subtype":"profile","data":{"_id":"v1lpy433SV3lZv5k","timestamp":"2023-05-21T06:27:33.020Z","state":"queued","mode":"standard","creationDate":"2023-05-21T06:27:33.022Z","modificationDate":"2023-05-21T06:27:33.022Z","shortid":"o7F7Db-","$entitySet":"profiles"},"doDiffs":false,"timestamp":1684650453021,"id":"7lrs5mjr30bfacb","previousOperationId":null,"operationId":"gplj2mwyl0qe52r"}
{"type":"log","level":"info","message":"Render request 69 queued for execution and waiting for available worker","previousOperationId":"gplj2mwyl0qe52r","timestamp":1684650453021,"id":"wh5xz95k7mc1wx7"}
{"type":"operationStart","subtype":"render","name":"invoice-js","previousOperationId":"gplj2mwyl0qe52r","timestamp":1684650453037,"id":"510bqcqhsoc3wqj","previousEventId":"7lrs5mjr30bfacb","operationId":"dhyg9lkl1cyb4kd"}
{"type":"log","timestamp":1684650453037,"level":"info","message":"Starting rendering request 69","meta":{"rootId":"x4z4anwugihe5nc","id":"x4z4anwugihe5nc"},"id":"4x4jpllxq01w5vb","previousOperationId":"dhyg9lkl1cyb4kd"}
{"type":"log","timestamp":1684650453037,"level":"info","message":"Rendering template { name: invoice-js, recipe: chrome-pdf, engine: handlebars, preview: true }","meta":{"rootId":"x4z4anwugihe5nc","id":"x4z4anwugihe5nc"},"id":"yfmy205ziq43cfl","previousOperationId":"dhyg9lkl1cyb4kd"}
{"type":"log","timestamp":1684650453040,"level":"debug","message":"Adding sample data YnJQL_aQg","meta":{"rootId":"x4z4anwugihe5nc","id":"x4z4anwugihe5nc"},"id":"6nx5m9dl0gzsklw","previousOperationId":"dhyg9lkl1cyb4kd"}
{"type":"log","timestamp":1684650453044,"level":"debug","message":"Base url not specified, skipping its injection.","meta":{"rootId":"x4z4anwugihe5nc","id":"x4z4anwugihe5nc"},"id":"gdifnzlm7am6rt2","previousOperationId":"dhyg9lkl1cyb4kd"}
{"type":"operationStart","subtype":"engine","name":"handlebars","timestamp":1684650453045,"id":"q3kusys258hcani","previousEventId":"510bqcqhsoc3wqj","operationId":"2p9ora3a8h0q2fc","previousOperationId":"dhyg9lkl1cyb4kd"}
{"type":"log","timestamp":1684650453045,"level":"debug","message":"Rendering engine handlebars","meta":{"rootId":"x4z4anwugihe5nc","id":"x4z4anwugihe5nc"},"id":"yj794ior5oebx7m","previousOperationId":"2p9ora3a8h0q2fc"}
{"type":"operationEnd","operationId":"2p9ora3a8h0q2fc","timestamp":1684650453073,"id":"naewful6kcd91uc","previousEventId":"q3kusys258hcani","previousOperationId":"2p9ora3a8h0q2fc"}
{"type":"operationStart","subtype":"recipe","name":"chrome-pdf","timestamp":1684650453074,"id":"6ohnsulquizydt5","previousEventId":"naewful6kcd91uc","operationId":"d68rkyvgv5i5jp6","previousOperationId":"2p9ora3a8h0q2fc"}
{"type":"log","timestamp":1684650453074,"level":"debug","message":"Executing recipe chrome-pdf","meta":{"rootId":"x4z4anwugihe5nc","id":"x4z4anwugihe5nc"},"id":"cpwb48r6ogmqwzh","previousOperationId":"d68rkyvgv5i5jp6"}
{"type":"log","timestamp":1684650453076,"level":"debug","message":"Starting child request to render pdf footer","meta":{"rootId":"x4z4anwugihe5nc","id":"x4z4anwugihe5nc"},"id":"tylupvq1ihaoapr","previousOperationId":"d68rkyvgv5i5jp6"}
{"type":"operationStart","subtype":"render","name":"anonymous","previousOperationId":"d68rkyvgv5i5jp6","timestamp":1684650453077,"id":"xwj20lgq9q48dks","previousEventId":"6ohnsulquizydt5","operationId":"7rhm3a0wlmpuxqy"}
{"type":"log","timestamp":1684650453077,"level":"info","message":"Starting rendering (child) request","meta":{"rootId":"x4z4anwugihe5nc","id":"m7g17xpgumw7kwf"},"id":"zel55neuwbg6451","previousOperationId":"7rhm3a0wlmpuxqy"}
{"type":"log","timestamp":1684650453077,"level":"info","message":"Rendering anonymous template { recipe: html, engine: handlebars }","meta":{"rootId":"x4z4anwugihe5nc","id":"m7g17xpgumw7kwf"},"id":"7neto2x6xy3w9uz","previousOperationId":"7rhm3a0wlmpuxqy"}
{"type":"log","timestamp":1684650453077,"level":"debug","message":"Inline data specified.","meta":{"rootId":"x4z4anwugihe5nc","id":"m7g17xpgumw7kwf"},"id":"birl0qt1kgyz33q","previousOperationId":"7rhm3a0wlmpuxqy"}
{"type":"log","timestamp":1684650453079,"level":"debug","message":"Base url not specified, skipping its injection.","meta":{"rootId":"x4z4anwugihe5nc","id":"m7g17xpgumw7kwf"},"id":"ovw3b0zjefw74sb","previousOperationId":"7rhm3a0wlmpuxqy"}
{"type":"operationStart","subtype":"engine","name":"handlebars","timestamp":1684650453079,"id":"x04qj5vxe0a2htu","previousEventId":"xwj20lgq9q48dks","operationId":"y9farehqrqk4fqc","previousOperationId":"7rhm3a0wlmpuxqy"}
{"type":"log","timestamp":1684650453079,"level":"debug","message":"Rendering engine handlebars","meta":{"rootId":"x4z4anwugihe5nc","id":"m7g17xpgumw7kwf"},"id":"pqlggc26lcx8ela","previousOperationId":"y9farehqrqk4fqc"}
{"type":"operationEnd","operationId":"y9farehqrqk4fqc","timestamp":1684650453100,"id":"3ja6r12calawca1","previousEventId":"x04qj5vxe0a2htu","previousOperationId":"y9farehqrqk4fqc"}
{"type":"operationStart","subtype":"recipe","name":"html","timestamp":1684650453100,"id":"ncpvoom0xx2278c","previousEventId":"3ja6r12calawca1","operationId":"v3fcp6z5sdp0oxu","previousOperationId":"y9farehqrqk4fqc"}
{"type":"log","timestamp":1684650453100,"level":"debug","message":"Executing recipe html","meta":{"rootId":"x4z4anwugihe5nc","id":"m7g17xpgumw7kwf"},"id":"eek9n785sm6zsb5","previousOperationId":"v3fcp6z5sdp0oxu"}
{"type":"operationEnd","operationId":"v3fcp6z5sdp0oxu","timestamp":1684650453100,"id":"cf9pvonrqnbaas1","previousEventId":"ncpvoom0xx2278c","previousOperationId":"v3fcp6z5sdp0oxu"}
{"type":"log","timestamp":1684650453100,"level":"debug","message":"Skipping storing report.","meta":{"rootId":"x4z4anwugihe5nc","id":"m7g17xpgumw7kwf"},"id":"fwpc0r954v4fr21","previousOperationId":"v3fcp6z5sdp0oxu"}
{"type":"log","timestamp":1684650453101,"level":"info","message":"Rendering (child) request finished in 82 ms","meta":{"rootId":"x4z4anwugihe5nc","id":"m7g17xpgumw7kwf"},"id":"yezp77pyvlb3w2k","previousOperationId":"v3fcp6z5sdp0oxu"}
{"type":"operationEnd","subtype":"render","operationId":"7rhm3a0wlmpuxqy","timestamp":1684650453101,"id":"26670d95baxvgga","previousEventId":"cf9pvonrqnbaas1","previousOperationId":"v3fcp6z5sdp0oxu"}
{"type":"log","timestamp":1684650453102,"level":"debug","message":"Converting with chrome HeadlessChrome/105.0.5173.0 using chrome-pool strategy","meta":{"rootId":"x4z4anwugihe5nc","id":"x4z4anwugihe5nc"},"id":"4x9pbjttuj4273n","previousOperationId":"d68rkyvgv5i5jp6"}
{"type":"log","timestamp":1684650453223,"level":"debug","message":"Page request: GET (document) file:///C:/Users/Adebayo/AppData/Local/Temp/jsreport/autocleanup/4d75ccd0-7f9e-43c0-82c8-b1cfe78a186c-chrome-pdf.html","meta":{"rootId":"x4z4anwugihe5nc","id":"x4z4anwugihe5nc"},"id":"3cgye3jzujr3uzv","previousOperationId":"d68rkyvgv5i5jp6"}
{"type":"log","timestamp":1684650453244,"level":"debug","message":"Page request finished: GET (document) 200 file:///C:/Users/Adebayo/AppData/Local/Temp/jsreport/autocleanup/4d75ccd0-7f9e-43c0-82c8-b1cfe78a186c-chrome-pdf.html","meta":{"rootId":"x4z4anwugihe5nc","id":"x4z4anwugihe5nc"},"id":"mzmaudolxha7mvv","previousOperationId":"d68rkyvgv5i5jp6"}
{"type":"log","timestamp":1684650453244,"level":"debug","message":"Page request: GET (script) https://cdnjs.cloudflare.com/ajax/libs/Chart.js/2.1.6/Chart.min.js","meta":{"rootId":"x4z4anwugihe5nc","id":"x4z4anwugihe5nc"},"id":"pov7r62y7j3ln31","previousOperationId":"d68rkyvgv5i5jp6"}
{"type":"log","timestamp":1684650453254,"level":"debug","message":"Page request finished: GET (script) 200 https://cdnjs.cloudflare.com/ajax/libs/Chart.js/2.1.6/Chart.min.js","meta":{"rootId":"x4z4anwugihe5nc","id":"x4z4anwugihe5nc"},"id":"5spi096futf4p5f","previousOperationId":"d68rkyvgv5i5jp6"}
{"type":"log","timestamp":1684650453259,"level":"warn","message":"Page error: SyntaxError: Unexpected token ','","meta":{"rootId":"x4z4anwugihe5nc","id":"x4z4anwugihe5nc"},"id":"0amnuyyt3agxo52","previousOperationId":"d68rkyvgv5i5jp6"}
{"type":"log","timestamp":1684650453262,"level":"debug","message":"Running chrome with params {\"printBackground\":true,\"marginTop\":\"2cm\",\"marginRight\":\"1cm\",\"marginBottom\":\"2cm\",\"marginLeft\":\"1cm\",\"landscape\":false,\"format\":\"A4\",\"displayHeaderFooter\":true,\"footerTemplate\":\"...\",\"timeout\":59918,\"margin\":{\"top\":\"2cm\",\"right\":\"1cm\",\"bottom\":\"2cm\",\"left\":\"1cm\"}}","meta":{"rootId":"x4z4anwugihe5nc","id":"x4z4anwugihe5nc"},"id":"7e00h0w1xa572qg","previousOperationId":"d68rkyvgv5i5jp6"}
{"type":"operationEnd","operationId":"d68rkyvgv5i5jp6","timestamp":1684650453343,"id":"gux0ndu09p8ay6o","previousEventId":"6ohnsulquizydt5","previousOperationId":"d68rkyvgv5i5jp6"}
{"type":"log","timestamp":1684650453343,"level":"debug","message":"Skipping storing report.","meta":{"rootId":"x4z4anwugihe5nc","id":"x4z4anwugihe5nc"},"id":"xnnn8slq461qdk1","previousOperationId":"d68rkyvgv5i5jp6"}
{"type":"log","timestamp":1684650453343,"level":"info","message":"Rendering request 69 finished in 324 ms","meta":{"rootId":"x4z4anwugihe5nc","id":"x4z4anwugihe5nc"},"id":"59u8yvm50oaywbq","previousOperationId":"d68rkyvgv5i5jp6"}
{"type":"operationEnd","subtype":"render","operationId":"dhyg9lkl1cyb4kd","timestamp":1684650453343,"id":"jd4o221qd0fgb0u","previousEventId":"gux0ndu09p8ay6o","previousOperationId":"d68rkyvgv5i5jp6"}
{"type":"operationEnd","doDiffs":false,"previousEventId":"7lrs5mjr30bfacb","previousOperationId":"gplj2mwyl0qe52r","operationId":"gplj2mwyl0qe52r","timestamp":1684650453357,"id":"3cmjvhshnrheqfo"}
