{"type":"operationStart","subtype":"profile","data":{"_id":"Vs6JkTXSwuMcKXcm","timestamp":"2023-05-21T11:21:06.972Z","state":"queued","mode":"standard","creationDate":"2023-05-21T11:21:06.976Z","modificationDate":"2023-05-21T11:21:06.976Z","shortid":"sPcWWvI","$entitySet":"profiles"},"doDiffs":false,"timestamp":1684668066974,"id":"uikawwivgieyapc","previousOperationId":null,"operationId":"8shpeg6wfywywxa"}
{"type":"log","level":"info","message":"Render request 159 queued for execution and waiting for available worker","previousOperationId":"8shpeg6wfywywxa","timestamp":1684668066974,"id":"h9djwhntg16tvxr"}
{"type":"operationStart","subtype":"render","name":"invoice-js","previousOperationId":"8shpeg6wfywywxa","timestamp":1684668066992,"id":"0orjqvib1swhk0d","previousEventId":"uikawwivgieyapc","operationId":"62jyaxjnrd3ngx7"}
{"type":"log","timestamp":1684668066992,"level":"info","message":"Starting rendering request 159","meta":{"rootId":"xteoiwpuwzqs3xv","id":"xteoiwpuwzqs3xv"},"id":"osvt6rg9rjntuet","previousOperationId":"62jyaxjnrd3ngx7"}
{"type":"log","timestamp":1684668066992,"level":"info","message":"Rendering template { name: invoice-js, recipe: chrome-pdf, engine: handlebars, preview: false }","meta":{"rootId":"xteoiwpuwzqs3xv","id":"xteoiwpuwzqs3xv"},"id":"6pp6viv79i0kv3c","previousOperationId":"62jyaxjnrd3ngx7"}
{"type":"log","timestamp":1684668066997,"level":"debug","message":"Inline data specified.","meta":{"rootId":"xteoiwpuwzqs3xv","id":"xteoiwpuwzqs3xv"},"id":"2rv2fiv4si71uzf","previousOperationId":"62jyaxjnrd3ngx7"}
{"type":"log","timestamp":1684668067002,"level":"debug","message":"Base url not specified, skipping its injection.","meta":{"rootId":"xteoiwpuwzqs3xv","id":"xteoiwpuwzqs3xv"},"id":"ischqd8745bh2in","previousOperationId":"62jyaxjnrd3ngx7"}
{"type":"operationStart","subtype":"engine","name":"handlebars","timestamp":1684668067003,"id":"ekatk0xfzink03h","previousEventId":"0orjqvib1swhk0d","operationId":"221qj8uzu2arw1p","previousOperationId":"62jyaxjnrd3ngx7"}
{"type":"log","timestamp":1684668067003,"level":"debug","message":"Rendering engine handlebars","meta":{"rootId":"xteoiwpuwzqs3xv","id":"xteoiwpuwzqs3xv"},"id":"q2h4n8mtnjmrapz","previousOperationId":"221qj8uzu2arw1p"}
{"type":"operationEnd","operationId":"221qj8uzu2arw1p","timestamp":1684668067024,"id":"24c6fh4ncoahe35","previousEventId":"ekatk0xfzink03h","previousOperationId":"221qj8uzu2arw1p"}
{"type":"operationStart","subtype":"recipe","name":"chrome-pdf","timestamp":1684668067025,"id":"oacy65eh4d0tfeo","previousEventId":"24c6fh4ncoahe35","operationId":"v85p8x0wwdyxymc","previousOperationId":"221qj8uzu2arw1p"}
{"type":"log","timestamp":1684668067025,"level":"debug","message":"Executing recipe chrome-pdf","meta":{"rootId":"xteoiwpuwzqs3xv","id":"xteoiwpuwzqs3xv"},"id":"ar1idhbrin0maam","previousOperationId":"v85p8x0wwdyxymc"}
{"type":"log","timestamp":1684668067027,"level":"debug","message":"Starting child request to render pdf footer","meta":{"rootId":"xteoiwpuwzqs3xv","id":"xteoiwpuwzqs3xv"},"id":"ybg1ps78byb47kk","previousOperationId":"v85p8x0wwdyxymc"}
{"type":"operationStart","subtype":"render","name":"anonymous","previousOperationId":"v85p8x0wwdyxymc","timestamp":1684668067028,"id":"jcfdwnwp1p5b3ys","previousEventId":"oacy65eh4d0tfeo","operationId":"g1dhdg1wihfiv8r"}
{"type":"log","timestamp":1684668067028,"level":"info","message":"Starting rendering (child) request","meta":{"rootId":"xteoiwpuwzqs3xv","id":"i4z4ujfeb78czo8"},"id":"fy4eiwk3bjtvcx3","previousOperationId":"g1dhdg1wihfiv8r"}
{"type":"log","timestamp":1684668067028,"level":"info","message":"Rendering anonymous template { recipe: html, engine: handlebars }","meta":{"rootId":"xteoiwpuwzqs3xv","id":"i4z4ujfeb78czo8"},"id":"28wn28oo1w8sz16","previousOperationId":"g1dhdg1wihfiv8r"}
{"type":"log","timestamp":1684668067028,"level":"debug","message":"Inline data specified.","meta":{"rootId":"xteoiwpuwzqs3xv","id":"i4z4ujfeb78czo8"},"id":"jhr1tyrci5ymgqf","previousOperationId":"g1dhdg1wihfiv8r"}
{"type":"log","timestamp":1684668067030,"level":"debug","message":"Base url not specified, skipping its injection.","meta":{"rootId":"xteoiwpuwzqs3xv","id":"i4z4ujfeb78czo8"},"id":"1wo2o9l2swyi1v9","previousOperationId":"g1dhdg1wihfiv8r"}
{"type":"operationStart","subtype":"engine","name":"handlebars","timestamp":1684668067031,"id":"27nxqscfbwyvpkx","previousEventId":"jcfdwnwp1p5b3ys","operationId":"vbeo9czwzv15xcu","previousOperationId":"g1dhdg1wihfiv8r"}
{"type":"log","timestamp":1684668067031,"level":"debug","message":"Rendering engine handlebars","meta":{"rootId":"xteoiwpuwzqs3xv","id":"i4z4ujfeb78czo8"},"id":"62jzw410s7n9a5f","previousOperationId":"vbeo9czwzv15xcu"}
{"type":"operationEnd","operationId":"vbeo9czwzv15xcu","timestamp":1684668067089,"id":"5pudrsezkx34rv1","previousEventId":"27nxqscfbwyvpkx","previousOperationId":"vbeo9czwzv15xcu"}
{"type":"operationStart","subtype":"recipe","name":"html","timestamp":1684668067089,"id":"1hmn5welsdu9bqx","previousEventId":"5pudrsezkx34rv1","operationId":"v0hxl7auu7oabix","previousOperationId":"vbeo9czwzv15xcu"}
{"type":"log","timestamp":1684668067089,"level":"debug","message":"Executing recipe html","meta":{"rootId":"xteoiwpuwzqs3xv","id":"i4z4ujfeb78czo8"},"id":"u4j4nhsl0onadsr","previousOperationId":"v0hxl7auu7oabix"}
{"type":"operationEnd","operationId":"v0hxl7auu7oabix","timestamp":1684668067090,"id":"vowadxgh2d0krj6","previousEventId":"1hmn5welsdu9bqx","previousOperationId":"v0hxl7auu7oabix"}
{"type":"log","timestamp":1684668067090,"level":"debug","message":"Skipping storing report.","meta":{"rootId":"xteoiwpuwzqs3xv","id":"i4z4ujfeb78czo8"},"id":"37lagcpqqflpee4","previousOperationId":"v0hxl7auu7oabix"}
{"type":"log","timestamp":1684668067090,"level":"info","message":"Rendering (child) request finished in 118 ms","meta":{"rootId":"xteoiwpuwzqs3xv","id":"i4z4ujfeb78czo8"},"id":"reaz9cicjd7yyie","previousOperationId":"v0hxl7auu7oabix"}
{"type":"operationEnd","subtype":"render","operationId":"g1dhdg1wihfiv8r","timestamp":1684668067090,"id":"48m1fcrkpc9ahis","previousEventId":"vowadxgh2d0krj6","previousOperationId":"v0hxl7auu7oabix"}
{"type":"log","timestamp":1684668067092,"level":"debug","message":"Converting with chrome HeadlessChrome/105.0.5173.0 using chrome-pool strategy","meta":{"rootId":"xteoiwpuwzqs3xv","id":"xteoiwpuwzqs3xv"},"id":"4i6x4off6sgmacf","previousOperationId":"v85p8x0wwdyxymc"}
{"type":"log","timestamp":1684668067242,"level":"debug","message":"Page request: GET (document) file:///C:/Users/Adebayo/AppData/Local/Temp/jsreport/autocleanup/1ab5b873-9a49-4af6-b319-7892cb08401e-chrome-pdf.html","meta":{"rootId":"xteoiwpuwzqs3xv","id":"xteoiwpuwzqs3xv"},"id":"ydqblepaltmwg9v","previousOperationId":"v85p8x0wwdyxymc"}
{"type":"log","timestamp":1684668067263,"level":"debug","message":"Page request finished: GET (document) 200 file:///C:/Users/Adebayo/AppData/Local/Temp/jsreport/autocleanup/1ab5b873-9a49-4af6-b319-7892cb08401e-chrome-pdf.html","meta":{"rootId":"xteoiwpuwzqs3xv","id":"xteoiwpuwzqs3xv"},"id":"rvqn0i2gn170os9","previousOperationId":"v85p8x0wwdyxymc"}
{"type":"log","timestamp":1684668067264,"level":"debug","message":"Page request: GET (script) https://cdnjs.cloudflare.com/ajax/libs/Chart.js/2.1.6/Chart.min.js","meta":{"rootId":"xteoiwpuwzqs3xv","id":"xteoiwpuwzqs3xv"},"id":"w5hozace2rsarsv","previousOperationId":"v85p8x0wwdyxymc"}
{"type":"log","timestamp":1684668067274,"level":"debug","message":"Page request finished: GET (script) 200 https://cdnjs.cloudflare.com/ajax/libs/Chart.js/2.1.6/Chart.min.js","meta":{"rootId":"xteoiwpuwzqs3xv","id":"xteoiwpuwzqs3xv"},"id":"gw2h7w7ebdyo253","previousOperationId":"v85p8x0wwdyxymc"}
{"type":"log","timestamp":1684668067284,"level":"warn","message":"Page error: SyntaxError: Unexpected token ','","meta":{"rootId":"xteoiwpuwzqs3xv","id":"xteoiwpuwzqs3xv"},"id":"4xxmzx7850n7406","previousOperationId":"v85p8x0wwdyxymc"}
{"type":"log","timestamp":1684668067306,"level":"debug","message":"Running chrome with params {\"printBackground\":true,\"marginTop\":\"2cm\",\"marginRight\":\"1cm\",\"marginBottom\":\"2cm\",\"marginLeft\":\"1cm\",\"landscape\":false,\"format\":\"A4\",\"displayHeaderFooter\":true,\"footerTemplate\":\"...\",\"timeout\":59882,\"margin\":{\"top\":\"2cm\",\"right\":\"1cm\",\"bottom\":\"2cm\",\"left\":\"1cm\"}}","meta":{"rootId":"xteoiwpuwzqs3xv","id":"xteoiwpuwzqs3xv"},"id":"46srw05yv2qub97","previousOperationId":"v85p8x0wwdyxymc"}
{"type":"operationEnd","operationId":"v85p8x0wwdyxymc","timestamp":1684668067416,"id":"vp85hc11ov2h44y","previousEventId":"oacy65eh4d0tfeo","previousOperationId":"v85p8x0wwdyxymc"}
{"type":"log","timestamp":1684668067416,"level":"debug","message":"Skipping storing report.","meta":{"rootId":"xteoiwpuwzqs3xv","id":"xteoiwpuwzqs3xv"},"id":"ym36x6ekc9j5pmj","previousOperationId":"v85p8x0wwdyxymc"}
{"type":"log","timestamp":1684668067416,"level":"info","message":"Rendering request 159 finished in 444 ms","meta":{"rootId":"xteoiwpuwzqs3xv","id":"xteoiwpuwzqs3xv"},"id":"tuudrzx33h5lxvb","previousOperationId":"v85p8x0wwdyxymc"}
{"type":"operationEnd","subtype":"render","operationId":"62jyaxjnrd3ngx7","timestamp":1684668067416,"id":"9xmgbqd2lcrb8vs","previousEventId":"vp85hc11ov2h44y","previousOperationId":"v85p8x0wwdyxymc"}
{"type":"operationEnd","doDiffs":false,"previousEventId":"uikawwivgieyapc","previousOperationId":"8shpeg6wfywywxa","operationId":"8shpeg6wfywywxa","timestamp":1684668067422,"id":"w1amrj64wwllscr"}
