{"type":"operationStart","subtype":"profile","data":{"_id":"yuOEjuJ6AGtNqUz7","timestamp":"2023-05-21T05:34:37.824Z","state":"queued","mode":"standard","creationDate":"2023-05-21T05:34:37.826Z","modificationDate":"2023-05-21T05:34:37.826Z","shortid":"2ftZGTZ","$entitySet":"profiles"},"doDiffs":false,"timestamp":1684647277825,"id":"10tm9cqkwypq3rj","previousOperationId":null,"operationId":"61qlqcfphbop8mk"}
{"type":"log","level":"info","message":"Render request 38 queued for execution and waiting for available worker","previousOperationId":"61qlqcfphbop8mk","timestamp":1684647277825,"id":"gc2e7n1njojkxne"}
{"type":"operationStart","subtype":"render","name":"invoice-js","previousOperationId":"61qlqcfphbop8mk","timestamp":1684647277837,"id":"5ttvwpsll1ak5zi","previousEventId":"10tm9cqkwypq3rj","operationId":"jth9xx61aekxk6t"}
{"type":"log","timestamp":1684647277837,"level":"info","message":"Starting rendering request 38","meta":{"rootId":"ynk06dlv6jfvl7x","id":"ynk06dlv6jfvl7x"},"id":"cdxls3ftgs9ssfl","previousOperationId":"jth9xx61aekxk6t"}
{"type":"log","timestamp":1684647277837,"level":"info","message":"Rendering template { name: invoice-js, recipe: chrome-pdf, engine: handlebars, preview: true }","meta":{"rootId":"ynk06dlv6jfvl7x","id":"ynk06dlv6jfvl7x"},"id":"qrssonvadvsmaik","previousOperationId":"jth9xx61aekxk6t"}
{"type":"log","timestamp":1684647277838,"level":"debug","message":"Inline data specified.","meta":{"rootId":"ynk06dlv6jfvl7x","id":"ynk06dlv6jfvl7x"},"id":"3zzv0f3r816az09","previousOperationId":"jth9xx61aekxk6t"}
{"type":"log","timestamp":1684647277842,"level":"debug","message":"Base url not specified, skipping its injection.","meta":{"rootId":"ynk06dlv6jfvl7x","id":"ynk06dlv6jfvl7x"},"id":"kd7xitwiu7zw6qx","previousOperationId":"jth9xx61aekxk6t"}
{"type":"operationStart","subtype":"engine","name":"handlebars","timestamp":1684647277843,"id":"j2cio5ls3wnvlkn","previousEventId":"5ttvwpsll1ak5zi","operationId":"lpciosoesa1b7b3","previousOperationId":"jth9xx61aekxk6t"}
{"type":"log","timestamp":1684647277843,"level":"debug","message":"Rendering engine handlebars","meta":{"rootId":"ynk06dlv6jfvl7x","id":"ynk06dlv6jfvl7x"},"id":"0n786xmkywqzz25","previousOperationId":"lpciosoesa1b7b3"}
{"type":"operationEnd","operationId":"lpciosoesa1b7b3","timestamp":1684647277854,"id":"mtxmngekqwfrd7l","previousEventId":"j2cio5ls3wnvlkn","previousOperationId":"lpciosoesa1b7b3"}
{"type":"operationStart","subtype":"recipe","name":"chrome-pdf","timestamp":1684647277854,"id":"vom8rqbxxoi0erf","previousEventId":"mtxmngekqwfrd7l","operationId":"h90ds7y4w5md00a","previousOperationId":"lpciosoesa1b7b3"}
{"type":"log","timestamp":1684647277854,"level":"debug","message":"Executing recipe chrome-pdf","meta":{"rootId":"ynk06dlv6jfvl7x","id":"ynk06dlv6jfvl7x"},"id":"abhnx13pf43j7lf","previousOperationId":"h90ds7y4w5md00a"}
{"type":"log","timestamp":1684647277858,"level":"debug","message":"Converting with chrome HeadlessChrome/105.0.5173.0 using chrome-pool strategy","meta":{"rootId":"ynk06dlv6jfvl7x","id":"ynk06dlv6jfvl7x"},"id":"6tdqdwc69wnv4y9","previousOperationId":"h90ds7y4w5md00a"}
{"type":"log","timestamp":1684647277966,"level":"debug","message":"Page request: GET (document) file:///C:/Users/Adebayo/AppData/Local/Temp/jsreport/autocleanup/b45f5850-913c-455a-af4d-b6ff244ddb82-chrome-pdf.html","meta":{"rootId":"ynk06dlv6jfvl7x","id":"ynk06dlv6jfvl7x"},"id":"kzdkatqp6kjnekb","previousOperationId":"h90ds7y4w5md00a"}
{"type":"log","timestamp":1684647277984,"level":"debug","message":"Page request finished: GET (document) 200 file:///C:/Users/Adebayo/AppData/Local/Temp/jsreport/autocleanup/b45f5850-913c-455a-af4d-b6ff244ddb82-chrome-pdf.html","meta":{"rootId":"ynk06dlv6jfvl7x","id":"ynk06dlv6jfvl7x"},"id":"yrj0mrloqdig8xx","previousOperationId":"h90ds7y4w5md00a"}
{"type":"log","timestamp":1684647277984,"level":"debug","message":"Page request: GET (script) https://cdnjs.cloudflare.com/ajax/libs/Chart.js/2.1.6/Chart.min.js","meta":{"rootId":"ynk06dlv6jfvl7x","id":"ynk06dlv6jfvl7x"},"id":"oe0nkjfc9oiqius","previousOperationId":"h90ds7y4w5md00a"}
{"type":"log","timestamp":1684647277990,"level":"debug","message":"Page request finished: GET (script) 200 https://cdnjs.cloudflare.com/ajax/libs/Chart.js/2.1.6/Chart.min.js","meta":{"rootId":"ynk06dlv6jfvl7x","id":"ynk06dlv6jfvl7x"},"id":"2hda441hinwusom","previousOperationId":"h90ds7y4w5md00a"}
{"type":"log","timestamp":1684647278063,"level":"debug","message":"Running chrome with params {\"printBackground\":true,\"marginTop\":\"2cm\",\"marginRight\":\"1cm\",\"marginBottom\":\"2cm\",\"marginLeft\":\"1cm\",\"landscape\":false,\"format\":\"A4\",\"displayHeaderFooter\":true,\"timeout\":59967,\"margin\":{\"top\":\"2cm\",\"right\":\"1cm\",\"bottom\":\"2cm\",\"left\":\"1cm\"}}","meta":{"rootId":"ynk06dlv6jfvl7x","id":"ynk06dlv6jfvl7x"},"id":"crk8oddjb3z5ibe","previousOperationId":"h90ds7y4w5md00a"}
{"type":"operationEnd","operationId":"h90ds7y4w5md00a","timestamp":1684647278185,"id":"v0yh2oyropxjqj0","previousEventId":"vom8rqbxxoi0erf","previousOperationId":"h90ds7y4w5md00a"}
{"type":"log","timestamp":1684647278185,"level":"debug","message":"Skipping storing report.","meta":{"rootId":"ynk06dlv6jfvl7x","id":"ynk06dlv6jfvl7x"},"id":"ktx3frzhm15p87u","previousOperationId":"h90ds7y4w5md00a"}
{"type":"log","timestamp":1684647278185,"level":"info","message":"Rendering request 38 finished in 361 ms","meta":{"rootId":"ynk06dlv6jfvl7x","id":"ynk06dlv6jfvl7x"},"id":"64ow6qi6js0o2z0","previousOperationId":"h90ds7y4w5md00a"}
{"type":"operationEnd","subtype":"render","operationId":"jth9xx61aekxk6t","timestamp":1684647278185,"id":"niqfzvgvacl5fhz","previousEventId":"v0yh2oyropxjqj0","previousOperationId":"h90ds7y4w5md00a"}
{"type":"operationEnd","doDiffs":false,"previousEventId":"10tm9cqkwypq3rj","previousOperationId":"61qlqcfphbop8mk","operationId":"61qlqcfphbop8mk","timestamp":1684647278189,"id":"kloe4yrk3b4kicp"}
