{"type":"operationStart","subtype":"profile","data":{"_id":"IZj5bYU2uvkXyeum","timestamp":"2023-05-21T07:19:49.271Z","state":"queued","mode":"standard","creationDate":"2023-05-21T07:19:49.275Z","modificationDate":"2023-05-21T07:19:49.275Z","shortid":"8fkvlw6","$entitySet":"profiles"},"doDiffs":false,"timestamp":1684653589272,"id":"oq5j2b1z90wbijg","previousOperationId":null,"operationId":"jmz2tota2jgnmez"}
{"type":"log","level":"info","message":"Render request 115 queued for execution and waiting for available worker","previousOperationId":"jmz2tota2jgnmez","timestamp":1684653589273,"id":"9lb1duau41flw31"}
{"type":"operationStart","subtype":"render","name":"invoice-js","previousOperationId":"jmz2tota2jgnmez","timestamp":1684653589292,"id":"wyddje9s1u5s4ik","previousEventId":"oq5j2b1z90wbijg","operationId":"2xufbi9z4es6vcl"}
{"type":"log","timestamp":1684653589292,"level":"info","message":"Starting rendering request 115","meta":{"rootId":"zb2werx8m2yxg0g","id":"zb2werx8m2yxg0g"},"id":"j4qsn20eew9u3dh","previousOperationId":"2xufbi9z4es6vcl"}
{"type":"log","timestamp":1684653589292,"level":"info","message":"Rendering template { name: invoice-js, recipe: chrome-pdf, engine: handlebars, preview: false }","meta":{"rootId":"zb2werx8m2yxg0g","id":"zb2werx8m2yxg0g"},"id":"g4d04a3g9v54bs9","previousOperationId":"2xufbi9z4es6vcl"}
{"type":"log","timestamp":1684653589294,"level":"debug","message":"Inline data specified.","meta":{"rootId":"zb2werx8m2yxg0g","id":"zb2werx8m2yxg0g"},"id":"xddje35zy59yl64","previousOperationId":"2xufbi9z4es6vcl"}
{"type":"log","timestamp":1684653589298,"level":"debug","message":"Base url not specified, skipping its injection.","meta":{"rootId":"zb2werx8m2yxg0g","id":"zb2werx8m2yxg0g"},"id":"cvcgop4389eeoen","previousOperationId":"2xufbi9z4es6vcl"}
{"type":"operationStart","subtype":"engine","name":"handlebars","timestamp":1684653589299,"id":"px4fvhqjjrnbxtn","previousEventId":"wyddje9s1u5s4ik","operationId":"ctzrx3aaul02b3i","previousOperationId":"2xufbi9z4es6vcl"}
{"type":"log","timestamp":1684653589299,"level":"debug","message":"Rendering engine handlebars","meta":{"rootId":"zb2werx8m2yxg0g","id":"zb2werx8m2yxg0g"},"id":"sbcwpvgoqyrelqo","previousOperationId":"ctzrx3aaul02b3i"}
{"type":"operationEnd","operationId":"ctzrx3aaul02b3i","timestamp":1684653589328,"id":"5w914ninque7w28","previousEventId":"px4fvhqjjrnbxtn","previousOperationId":"ctzrx3aaul02b3i"}
{"type":"operationStart","subtype":"recipe","name":"chrome-pdf","timestamp":1684653589328,"id":"spmpcrgw0bbw6jn","previousEventId":"5w914ninque7w28","operationId":"70ows4amj6iwybl","previousOperationId":"ctzrx3aaul02b3i"}
{"type":"log","timestamp":1684653589328,"level":"debug","message":"Executing recipe chrome-pdf","meta":{"rootId":"zb2werx8m2yxg0g","id":"zb2werx8m2yxg0g"},"id":"2ov12z60xy3mwsi","previousOperationId":"70ows4amj6iwybl"}
{"type":"log","timestamp":1684653589332,"level":"debug","message":"Starting child request to render pdf footer","meta":{"rootId":"zb2werx8m2yxg0g","id":"zb2werx8m2yxg0g"},"id":"avemp5r4lkdfke8","previousOperationId":"70ows4amj6iwybl"}
{"type":"operationStart","subtype":"render","name":"anonymous","previousOperationId":"70ows4amj6iwybl","timestamp":1684653589332,"id":"4sjnf08gxollqkg","previousEventId":"spmpcrgw0bbw6jn","operationId":"8chaef0gsul2n49"}
{"type":"log","timestamp":1684653589332,"level":"info","message":"Starting rendering (child) request","meta":{"rootId":"zb2werx8m2yxg0g","id":"6pfy5koicdz14yi"},"id":"82qo1j7oqea2l9k","previousOperationId":"8chaef0gsul2n49"}
{"type":"log","timestamp":1684653589332,"level":"info","message":"Rendering anonymous template { recipe: html, engine: handlebars }","meta":{"rootId":"zb2werx8m2yxg0g","id":"6pfy5koicdz14yi"},"id":"qtnmvlu8dd0fih9","previousOperationId":"8chaef0gsul2n49"}
{"type":"log","timestamp":1684653589332,"level":"debug","message":"Inline data specified.","meta":{"rootId":"zb2werx8m2yxg0g","id":"6pfy5koicdz14yi"},"id":"kp3gnute9s2eluw","previousOperationId":"8chaef0gsul2n49"}
{"type":"log","timestamp":1684653589336,"level":"debug","message":"Base url not specified, skipping its injection.","meta":{"rootId":"zb2werx8m2yxg0g","id":"6pfy5koicdz14yi"},"id":"eeglxmd5j07dxpn","previousOperationId":"8chaef0gsul2n49"}
{"type":"operationStart","subtype":"engine","name":"handlebars","timestamp":1684653589337,"id":"dfcyhzrwm5o85cz","previousEventId":"4sjnf08gxollqkg","operationId":"5movtqck92l7k8l","previousOperationId":"8chaef0gsul2n49"}
{"type":"log","timestamp":1684653589337,"level":"debug","message":"Rendering engine handlebars","meta":{"rootId":"zb2werx8m2yxg0g","id":"6pfy5koicdz14yi"},"id":"5j8cbqoshl2k0p1","previousOperationId":"5movtqck92l7k8l"}
{"type":"operationEnd","operationId":"5movtqck92l7k8l","timestamp":1684653589355,"id":"wffyh5jbjshddhj","previousEventId":"dfcyhzrwm5o85cz","previousOperationId":"5movtqck92l7k8l"}
{"type":"operationStart","subtype":"recipe","name":"html","timestamp":1684653589355,"id":"xodw692dr7p5m0m","previousEventId":"wffyh5jbjshddhj","operationId":"evl89jfk0ff4r67","previousOperationId":"5movtqck92l7k8l"}
{"type":"log","timestamp":1684653589355,"level":"debug","message":"Executing recipe html","meta":{"rootId":"zb2werx8m2yxg0g","id":"6pfy5koicdz14yi"},"id":"53ztr6z55m6x4dp","previousOperationId":"evl89jfk0ff4r67"}
{"type":"operationEnd","operationId":"evl89jfk0ff4r67","timestamp":1684653589355,"id":"0opqch3u2da3ec9","previousEventId":"xodw692dr7p5m0m","previousOperationId":"evl89jfk0ff4r67"}
{"type":"log","timestamp":1684653589355,"level":"debug","message":"Skipping storing report.","meta":{"rootId":"zb2werx8m2yxg0g","id":"6pfy5koicdz14yi"},"id":"whbcadmo0y44b76","previousOperationId":"evl89jfk0ff4r67"}
{"type":"log","timestamp":1684653589355,"level":"info","message":"Rendering (child) request finished in 84 ms","meta":{"rootId":"zb2werx8m2yxg0g","id":"6pfy5koicdz14yi"},"id":"0ipq6gbi9x50sty","previousOperationId":"evl89jfk0ff4r67"}
{"type":"operationEnd","subtype":"render","operationId":"8chaef0gsul2n49","timestamp":1684653589355,"id":"b21vkdhuhxufas9","previousEventId":"0opqch3u2da3ec9","previousOperationId":"evl89jfk0ff4r67"}
{"type":"log","timestamp":1684653589357,"level":"debug","message":"Converting with chrome HeadlessChrome/105.0.5173.0 using chrome-pool strategy","meta":{"rootId":"zb2werx8m2yxg0g","id":"zb2werx8m2yxg0g"},"id":"xsdzpk6m35w8csm","previousOperationId":"70ows4amj6iwybl"}
{"type":"log","timestamp":1684653589499,"level":"debug","message":"Page request: GET (document) file:///C:/Users/Adebayo/AppData/Local/Temp/jsreport/autocleanup/ec8dfbfb-45a8-4626-8d23-075c3cff5ebb-chrome-pdf.html","meta":{"rootId":"zb2werx8m2yxg0g","id":"zb2werx8m2yxg0g"},"id":"dkgjzjm77kmbsli","previousOperationId":"70ows4amj6iwybl"}
{"type":"log","timestamp":1684653589517,"level":"debug","message":"Page request finished: GET (document) 200 file:///C:/Users/Adebayo/AppData/Local/Temp/jsreport/autocleanup/ec8dfbfb-45a8-4626-8d23-075c3cff5ebb-chrome-pdf.html","meta":{"rootId":"zb2werx8m2yxg0g","id":"zb2werx8m2yxg0g"},"id":"xrtq4leieokmc45","previousOperationId":"70ows4amj6iwybl"}
{"type":"log","timestamp":1684653589519,"level":"debug","message":"Page request: GET (script) https://cdnjs.cloudflare.com/ajax/libs/Chart.js/2.1.6/Chart.min.js","meta":{"rootId":"zb2werx8m2yxg0g","id":"zb2werx8m2yxg0g"},"id":"65i8th977257d8o","previousOperationId":"70ows4amj6iwybl"}
{"type":"log","timestamp":1684653589532,"level":"debug","message":"Page request finished: GET (script) 200 https://cdnjs.cloudflare.com/ajax/libs/Chart.js/2.1.6/Chart.min.js","meta":{"rootId":"zb2werx8m2yxg0g","id":"zb2werx8m2yxg0g"},"id":"rs1bmidf03i9fgp","previousOperationId":"70ows4amj6iwybl"}
{"type":"log","timestamp":1684653589539,"level":"warn","message":"Page error: SyntaxError: Unexpected token ','","meta":{"rootId":"zb2werx8m2yxg0g","id":"zb2werx8m2yxg0g"},"id":"ht9n6964r3ftlxy","previousOperationId":"70ows4amj6iwybl"}
{"type":"log","timestamp":1684653589543,"level":"debug","message":"Running chrome with params {\"printBackground\":true,\"marginTop\":\"2cm\",\"marginRight\":\"1cm\",\"marginBottom\":\"2cm\",\"marginLeft\":\"1cm\",\"landscape\":false,\"format\":\"A4\",\"displayHeaderFooter\":true,\"footerTemplate\":\"...\",\"timeout\":59916,\"margin\":{\"top\":\"2cm\",\"right\":\"1cm\",\"bottom\":\"2cm\",\"left\":\"1cm\"}}","meta":{"rootId":"zb2werx8m2yxg0g","id":"zb2werx8m2yxg0g"},"id":"xh2r68zqa849yck","previousOperationId":"70ows4amj6iwybl"}
{"type":"operationEnd","operationId":"70ows4amj6iwybl","timestamp":1684653589655,"id":"w05tajbg6u9ay0m","previousEventId":"spmpcrgw0bbw6jn","previousOperationId":"70ows4amj6iwybl"}
{"type":"log","timestamp":1684653589655,"level":"debug","message":"Skipping storing report.","meta":{"rootId":"zb2werx8m2yxg0g","id":"zb2werx8m2yxg0g"},"id":"1d5jfl0eoox08ou","previousOperationId":"70ows4amj6iwybl"}
{"type":"log","timestamp":1684653589655,"level":"info","message":"Rendering request 115 finished in 384 ms","meta":{"rootId":"zb2werx8m2yxg0g","id":"zb2werx8m2yxg0g"},"id":"2zpnesqca2pnng1","previousOperationId":"70ows4amj6iwybl"}
{"type":"operationEnd","subtype":"render","operationId":"2xufbi9z4es6vcl","timestamp":1684653589656,"id":"qx85n4vmo2pq6yb","previousEventId":"w05tajbg6u9ay0m","previousOperationId":"70ows4amj6iwybl"}
{"type":"operationEnd","doDiffs":false,"previousEventId":"oq5j2b1z90wbijg","previousOperationId":"jmz2tota2jgnmez","operationId":"jmz2tota2jgnmez","timestamp":1684653589663,"id":"aiz398yvv56hw2f"}
