{"type":"operationStart","subtype":"profile","data":{"_id":"AzNfDYI4eSmEZ0q3","timestamp":"2023-05-21T05:45:04.398Z","state":"queued","mode":"standard","creationDate":"2023-05-21T05:45:04.400Z","modificationDate":"2023-05-21T05:45:04.400Z","shortid":"PRQ4vBw","$entitySet":"profiles"},"doDiffs":false,"timestamp":1684647904399,"id":"412ca98ihewiqoo","previousOperationId":null,"operationId":"4d54ylnfmybp8np"}
{"type":"log","level":"info","message":"Render request 47 queued for execution and waiting for available worker","previousOperationId":"4d54ylnfmybp8np","timestamp":1684647904399,"id":"50zweslp1a3ywy2"}
{"type":"operationStart","subtype":"render","name":"invoice-js","previousOperationId":"4d54ylnfmybp8np","timestamp":1684647904414,"id":"dohw65grbdusvo5","previousEventId":"412ca98ihewiqoo","operationId":"zs3wujh2vutau4g"}
{"type":"log","timestamp":1684647904414,"level":"info","message":"Starting rendering request 47","meta":{"rootId":"zdkkfqmrilgzr1k","id":"zdkkfqmrilgzr1k"},"id":"04patjjc9flvpr7","previousOperationId":"zs3wujh2vutau4g"}
{"type":"log","timestamp":1684647904414,"level":"info","message":"Rendering template { name: invoice-js, recipe: chrome-pdf, engine: handlebars, preview: true }","meta":{"rootId":"zdkkfqmrilgzr1k","id":"zdkkfqmrilgzr1k"},"id":"0yy6iujosbf4cg8","previousOperationId":"zs3wujh2vutau4g"}
{"type":"log","timestamp":1684647904415,"level":"debug","message":"Inline data specified.","meta":{"rootId":"zdkkfqmrilgzr1k","id":"zdkkfqmrilgzr1k"},"id":"2166en161b77ki5","previousOperationId":"zs3wujh2vutau4g"}
{"type":"log","timestamp":1684647904418,"level":"debug","message":"Base url not specified, skipping its injection.","meta":{"rootId":"zdkkfqmrilgzr1k","id":"zdkkfqmrilgzr1k"},"id":"3keesds9xwr4vos","previousOperationId":"zs3wujh2vutau4g"}
{"type":"operationStart","subtype":"engine","name":"handlebars","timestamp":1684647904418,"id":"1n81xvvy11kx6hz","previousEventId":"dohw65grbdusvo5","operationId":"1h0orig5ma0ctpu","previousOperationId":"zs3wujh2vutau4g"}
{"type":"log","timestamp":1684647904418,"level":"debug","message":"Rendering engine handlebars","meta":{"rootId":"zdkkfqmrilgzr1k","id":"zdkkfqmrilgzr1k"},"id":"19ikatd4ktac7qc","previousOperationId":"1h0orig5ma0ctpu"}
{"type":"operationEnd","operationId":"1h0orig5ma0ctpu","timestamp":1684647904433,"id":"vmv6u1n6gyefrb1","previousEventId":"1n81xvvy11kx6hz","previousOperationId":"1h0orig5ma0ctpu"}
{"type":"operationStart","subtype":"recipe","name":"chrome-pdf","timestamp":1684647904433,"id":"c2n5zmtnzfxczgz","previousEventId":"vmv6u1n6gyefrb1","operationId":"4f5b1omcg2o6eob","previousOperationId":"1h0orig5ma0ctpu"}
{"type":"log","timestamp":1684647904433,"level":"debug","message":"Executing recipe chrome-pdf","meta":{"rootId":"zdkkfqmrilgzr1k","id":"zdkkfqmrilgzr1k"},"id":"b8juup8oxlb5kmn","previousOperationId":"4f5b1omcg2o6eob"}
{"type":"log","timestamp":1684647904436,"level":"debug","message":"Converting with chrome HeadlessChrome/105.0.5173.0 using chrome-pool strategy","meta":{"rootId":"zdkkfqmrilgzr1k","id":"zdkkfqmrilgzr1k"},"id":"zrf9a4647je4mpq","previousOperationId":"4f5b1omcg2o6eob"}
{"type":"log","timestamp":1684647904545,"level":"debug","message":"Page request: GET (document) file:///C:/Users/Adebayo/AppData/Local/Temp/jsreport/autocleanup/5fc0e973-c816-4399-b98d-37e0df6ada55-chrome-pdf.html","meta":{"rootId":"zdkkfqmrilgzr1k","id":"zdkkfqmrilgzr1k"},"id":"3l48mwjigfj4qt9","previousOperationId":"4f5b1omcg2o6eob"}
{"type":"log","timestamp":1684647904561,"level":"debug","message":"Page request finished: GET (document) 200 file:///C:/Users/Adebayo/AppData/Local/Temp/jsreport/autocleanup/5fc0e973-c816-4399-b98d-37e0df6ada55-chrome-pdf.html","meta":{"rootId":"zdkkfqmrilgzr1k","id":"zdkkfqmrilgzr1k"},"id":"dkxa0fg1j7q3qtx","previousOperationId":"4f5b1omcg2o6eob"}
{"type":"log","timestamp":1684647904561,"level":"debug","message":"Page request: GET (script) https://cdn.jsdelivr.net/npm/chart.js","meta":{"rootId":"zdkkfqmrilgzr1k","id":"zdkkfqmrilgzr1k"},"id":"nl3byqv0zu9gixf","previousOperationId":"4f5b1omcg2o6eob"}
{"type":"log","timestamp":1684647904566,"level":"debug","message":"Page request finished: GET (script) 200 https://cdn.jsdelivr.net/npm/chart.js","meta":{"rootId":"zdkkfqmrilgzr1k","id":"zdkkfqmrilgzr1k"},"id":"25ah4327n8puuvc","previousOperationId":"4f5b1omcg2o6eob"}
{"type":"log","timestamp":1684647904666,"level":"debug","message":"Running chrome with params {\"printBackground\":true,\"marginTop\":\"2cm\",\"marginRight\":\"1cm\",\"marginBottom\":\"2cm\",\"marginLeft\":\"1cm\",\"landscape\":false,\"format\":\"A4\",\"displayHeaderFooter\":true,\"timeout\":59963,\"margin\":{\"top\":\"2cm\",\"right\":\"1cm\",\"bottom\":\"2cm\",\"left\":\"1cm\"}}","meta":{"rootId":"zdkkfqmrilgzr1k","id":"zdkkfqmrilgzr1k"},"id":"bzezab4khxujzbh","previousOperationId":"4f5b1omcg2o6eob"}
{"type":"operationEnd","operationId":"4f5b1omcg2o6eob","timestamp":1684647904745,"id":"bzhy73buaii2682","previousEventId":"c2n5zmtnzfxczgz","previousOperationId":"4f5b1omcg2o6eob"}
{"type":"log","timestamp":1684647904745,"level":"debug","message":"Skipping storing report.","meta":{"rootId":"zdkkfqmrilgzr1k","id":"zdkkfqmrilgzr1k"},"id":"9zckbfokwkf7gbe","previousOperationId":"4f5b1omcg2o6eob"}
{"type":"log","timestamp":1684647904745,"level":"info","message":"Rendering request 47 finished in 347 ms","meta":{"rootId":"zdkkfqmrilgzr1k","id":"zdkkfqmrilgzr1k"},"id":"wrwscj2y2nehkqe","previousOperationId":"4f5b1omcg2o6eob"}
{"type":"operationEnd","subtype":"render","operationId":"zs3wujh2vutau4g","timestamp":1684647904745,"id":"l06c4xsovyc4o3w","previousEventId":"bzhy73buaii2682","previousOperationId":"4f5b1omcg2o6eob"}
{"type":"operationEnd","doDiffs":false,"previousEventId":"412ca98ihewiqoo","previousOperationId":"4d54ylnfmybp8np","operationId":"4d54ylnfmybp8np","timestamp":1684647904750,"id":"iqdokum78ny9dsb"}
