{"type":"operationStart","subtype":"profile","data":{"_id":"KjE92pUL0xuUhYTV","timestamp":"2023-05-21T07:19:11.179Z","state":"queued","mode":"standard","creationDate":"2023-05-21T07:19:11.185Z","modificationDate":"2023-05-21T07:19:11.185Z","shortid":"0IOCmCo","$entitySet":"profiles"},"doDiffs":false,"timestamp":1684653551183,"id":"b4se86csz75a8gy","previousOperationId":null,"operationId":"z8sp0zdletua1if"}
{"type":"log","level":"info","message":"Render request 113 queued for execution and waiting for available worker","previousOperationId":"z8sp0zdletua1if","timestamp":1684653551183,"id":"y41cr0jht9e3xxc"}
{"type":"operationStart","subtype":"render","name":"invoice-js","previousOperationId":"z8sp0zdletua1if","timestamp":1684653551201,"id":"5vw84imp1me6cvf","previousEventId":"b4se86csz75a8gy","operationId":"7pem3s1lvzjxrmv"}
{"type":"log","timestamp":1684653551201,"level":"info","message":"Starting rendering request 113","meta":{"rootId":"zfr44s7g3d63j59","id":"zfr44s7g3d63j59"},"id":"6lys3xcy5kcqr6f","previousOperationId":"7pem3s1lvzjxrmv"}
{"type":"log","timestamp":1684653551201,"level":"info","message":"Rendering template { name: invoice-js, recipe: chrome-pdf, engine: handlebars, preview: false }","meta":{"rootId":"zfr44s7g3d63j59","id":"zfr44s7g3d63j59"},"id":"o5ygoe13qbtlaf5","previousOperationId":"7pem3s1lvzjxrmv"}
{"type":"log","timestamp":1684653551204,"level":"debug","message":"Inline data specified.","meta":{"rootId":"zfr44s7g3d63j59","id":"zfr44s7g3d63j59"},"id":"t6pme3pay3qdooh","previousOperationId":"7pem3s1lvzjxrmv"}
{"type":"log","timestamp":1684653551209,"level":"debug","message":"Base url not specified, skipping its injection.","meta":{"rootId":"zfr44s7g3d63j59","id":"zfr44s7g3d63j59"},"id":"sofkpgg1yk2uvv6","previousOperationId":"7pem3s1lvzjxrmv"}
{"type":"operationStart","subtype":"engine","name":"handlebars","timestamp":1684653551210,"id":"dz4bmegu3a3avle","previousEventId":"5vw84imp1me6cvf","operationId":"bhfyet5b98re0yx","previousOperationId":"7pem3s1lvzjxrmv"}
{"type":"log","timestamp":1684653551210,"level":"debug","message":"Rendering engine handlebars","meta":{"rootId":"zfr44s7g3d63j59","id":"zfr44s7g3d63j59"},"id":"muydtnrt0go21c6","previousOperationId":"bhfyet5b98re0yx"}
{"type":"operationEnd","operationId":"bhfyet5b98re0yx","timestamp":1684653551238,"id":"r5p3u420h36zyhg","previousEventId":"dz4bmegu3a3avle","previousOperationId":"bhfyet5b98re0yx"}
{"type":"operationStart","subtype":"recipe","name":"chrome-pdf","timestamp":1684653551238,"id":"qtilp99bwtoevdo","previousEventId":"r5p3u420h36zyhg","operationId":"39axaqkdapm7282","previousOperationId":"bhfyet5b98re0yx"}
{"type":"log","timestamp":1684653551238,"level":"debug","message":"Executing recipe chrome-pdf","meta":{"rootId":"zfr44s7g3d63j59","id":"zfr44s7g3d63j59"},"id":"zyapjy4fbkmemjr","previousOperationId":"39axaqkdapm7282"}
{"type":"log","timestamp":1684653551241,"level":"debug","message":"Starting child request to render pdf footer","meta":{"rootId":"zfr44s7g3d63j59","id":"zfr44s7g3d63j59"},"id":"mbr6uh961zjzt8t","previousOperationId":"39axaqkdapm7282"}
{"type":"operationStart","subtype":"render","name":"anonymous","previousOperationId":"39axaqkdapm7282","timestamp":1684653551242,"id":"s8c4mqys050i24y","previousEventId":"qtilp99bwtoevdo","operationId":"ai8lhfimy09lrfd"}
{"type":"log","timestamp":1684653551242,"level":"info","message":"Starting rendering (child) request","meta":{"rootId":"zfr44s7g3d63j59","id":"jdqm3gk0avrccks"},"id":"h6opnzcr61vsegf","previousOperationId":"ai8lhfimy09lrfd"}
{"type":"log","timestamp":1684653551242,"level":"info","message":"Rendering anonymous template { recipe: html, engine: handlebars }","meta":{"rootId":"zfr44s7g3d63j59","id":"jdqm3gk0avrccks"},"id":"xucrhqsr7bnxnuu","previousOperationId":"ai8lhfimy09lrfd"}
{"type":"log","timestamp":1684653551242,"level":"debug","message":"Inline data specified.","meta":{"rootId":"zfr44s7g3d63j59","id":"jdqm3gk0avrccks"},"id":"3euzt8kggpuphnd","previousOperationId":"ai8lhfimy09lrfd"}
{"type":"log","timestamp":1684653551244,"level":"debug","message":"Base url not specified, skipping its injection.","meta":{"rootId":"zfr44s7g3d63j59","id":"jdqm3gk0avrccks"},"id":"g7h41zyqan4uyh8","previousOperationId":"ai8lhfimy09lrfd"}
{"type":"operationStart","subtype":"engine","name":"handlebars","timestamp":1684653551244,"id":"s7s96bi526bwl7n","previousEventId":"s8c4mqys050i24y","operationId":"i4nmi3yu8p7s67m","previousOperationId":"ai8lhfimy09lrfd"}
{"type":"log","timestamp":1684653551244,"level":"debug","message":"Rendering engine handlebars","meta":{"rootId":"zfr44s7g3d63j59","id":"jdqm3gk0avrccks"},"id":"eg0c5xadhs0ddrf","previousOperationId":"i4nmi3yu8p7s67m"}
{"type":"operationEnd","operationId":"i4nmi3yu8p7s67m","timestamp":1684653551263,"id":"goi3ax6n86k7n9w","previousEventId":"s7s96bi526bwl7n","previousOperationId":"i4nmi3yu8p7s67m"}
{"type":"operationStart","subtype":"recipe","name":"html","timestamp":1684653551263,"id":"wlgivqegt2xdw6l","previousEventId":"goi3ax6n86k7n9w","operationId":"xjb3f1mp4keew5m","previousOperationId":"i4nmi3yu8p7s67m"}
{"type":"log","timestamp":1684653551263,"level":"debug","message":"Executing recipe html","meta":{"rootId":"zfr44s7g3d63j59","id":"jdqm3gk0avrccks"},"id":"7dtk4i5w2w7t9n7","previousOperationId":"xjb3f1mp4keew5m"}
{"type":"operationEnd","operationId":"xjb3f1mp4keew5m","timestamp":1684653551263,"id":"kn1vebo82ijxnx3","previousEventId":"wlgivqegt2xdw6l","previousOperationId":"xjb3f1mp4keew5m"}
{"type":"log","timestamp":1684653551264,"level":"debug","message":"Skipping storing report.","meta":{"rootId":"zfr44s7g3d63j59","id":"jdqm3gk0avrccks"},"id":"ox282bxf4zwkyum","previousOperationId":"xjb3f1mp4keew5m"}
{"type":"log","timestamp":1684653551264,"level":"info","message":"Rendering (child) request finished in 86 ms","meta":{"rootId":"zfr44s7g3d63j59","id":"jdqm3gk0avrccks"},"id":"tcm5be8b01ltyzt","previousOperationId":"xjb3f1mp4keew5m"}
{"type":"operationEnd","subtype":"render","operationId":"ai8lhfimy09lrfd","timestamp":1684653551264,"id":"sietlmudq4nzb8f","previousEventId":"kn1vebo82ijxnx3","previousOperationId":"xjb3f1mp4keew5m"}
{"type":"log","timestamp":1684653551268,"level":"debug","message":"Converting with chrome HeadlessChrome/105.0.5173.0 using chrome-pool strategy","meta":{"rootId":"zfr44s7g3d63j59","id":"zfr44s7g3d63j59"},"id":"kq8wr2bx8cfbk3x","previousOperationId":"39axaqkdapm7282"}
{"type":"log","timestamp":1684653551412,"level":"debug","message":"Page request: GET (document) file:///C:/Users/Adebayo/AppData/Local/Temp/jsreport/autocleanup/96b8266e-9b92-4ba5-83b5-77611e45d12d-chrome-pdf.html","meta":{"rootId":"zfr44s7g3d63j59","id":"zfr44s7g3d63j59"},"id":"32brcm4i5lqz4mn","previousOperationId":"39axaqkdapm7282"}
{"type":"log","timestamp":1684653551435,"level":"debug","message":"Page request finished: GET (document) 200 file:///C:/Users/Adebayo/AppData/Local/Temp/jsreport/autocleanup/96b8266e-9b92-4ba5-83b5-77611e45d12d-chrome-pdf.html","meta":{"rootId":"zfr44s7g3d63j59","id":"zfr44s7g3d63j59"},"id":"29uvjshi2wmik24","previousOperationId":"39axaqkdapm7282"}
{"type":"log","timestamp":1684653551435,"level":"debug","message":"Page request: GET (script) https://cdnjs.cloudflare.com/ajax/libs/Chart.js/2.1.6/Chart.min.js","meta":{"rootId":"zfr44s7g3d63j59","id":"zfr44s7g3d63j59"},"id":"gt2ez73892637zd","previousOperationId":"39axaqkdapm7282"}
{"type":"log","timestamp":1684653551444,"level":"debug","message":"Page request finished: GET (script) 200 https://cdnjs.cloudflare.com/ajax/libs/Chart.js/2.1.6/Chart.min.js","meta":{"rootId":"zfr44s7g3d63j59","id":"zfr44s7g3d63j59"},"id":"36n7idsbkswnvz6","previousOperationId":"39axaqkdapm7282"}
{"type":"log","timestamp":1684653551451,"level":"warn","message":"Page error: SyntaxError: Unexpected token ','","meta":{"rootId":"zfr44s7g3d63j59","id":"zfr44s7g3d63j59"},"id":"vt1ew515u8fb2b8","previousOperationId":"39axaqkdapm7282"}
{"type":"log","timestamp":1684653551458,"level":"debug","message":"Running chrome with params {\"printBackground\":true,\"marginTop\":\"2cm\",\"marginRight\":\"1cm\",\"marginBottom\":\"2cm\",\"marginLeft\":\"1cm\",\"landscape\":false,\"format\":\"A4\",\"displayHeaderFooter\":true,\"footerTemplate\":\"...\",\"timeout\":59914,\"margin\":{\"top\":\"2cm\",\"right\":\"1cm\",\"bottom\":\"2cm\",\"left\":\"1cm\"}}","meta":{"rootId":"zfr44s7g3d63j59","id":"zfr44s7g3d63j59"},"id":"yng9vofptrrl8ox","previousOperationId":"39axaqkdapm7282"}
{"type":"operationEnd","operationId":"39axaqkdapm7282","timestamp":1684653551559,"id":"457v3uaklceyvmi","previousEventId":"qtilp99bwtoevdo","previousOperationId":"39axaqkdapm7282"}
{"type":"log","timestamp":1684653551559,"level":"debug","message":"Skipping storing report.","meta":{"rootId":"zfr44s7g3d63j59","id":"zfr44s7g3d63j59"},"id":"9xsj2f5bcwpy7mr","previousOperationId":"39axaqkdapm7282"}
{"type":"log","timestamp":1684653551559,"level":"info","message":"Rendering request 113 finished in 381 ms","meta":{"rootId":"zfr44s7g3d63j59","id":"zfr44s7g3d63j59"},"id":"n88a1mefga2rijr","previousOperationId":"39axaqkdapm7282"}
{"type":"operationEnd","subtype":"render","operationId":"7pem3s1lvzjxrmv","timestamp":1684653551559,"id":"w5ukssm2bsdiqyw","previousEventId":"457v3uaklceyvmi","previousOperationId":"39axaqkdapm7282"}
{"type":"operationEnd","doDiffs":false,"previousEventId":"b4se86csz75a8gy","previousOperationId":"z8sp0zdletua1if","operationId":"z8sp0zdletua1if","timestamp":1684653551567,"id":"x6c7a5y2qbidxl9"}
