{"type":"operationStart","subtype":"profile","data":{"_id":"qH19uvGgKPxiYnX4","timestamp":"2023-04-29T05:34:54.393Z","state":"queued","mode":"standard","creationDate":"2023-04-29T05:34:54.416Z","modificationDate":"2023-04-29T05:34:54.416Z","shortid":"g4C5f-F","$entitySet":"profiles"},"doDiffs":false,"timestamp":1682746494414,"id":"ypkqkrh82pu8dyj","previousOperationId":null,"operationId":"ui70nsw6f6wat8t"}
{"type":"log","level":"info","message":"Render request 1 queued for execution and waiting for available worker","previousOperationId":"ui70nsw6f6wat8t","timestamp":1682746494415,"id":"6031ldqlcoqqn7e"}
{"type":"operationStart","subtype":"render","name":"orders-main","previousOperationId":"ui70nsw6f6wat8t","timestamp":1682746494435,"id":"97f3awmxmxlgku3","previousEventId":"ypkqkrh82pu8dyj","operationId":"8pgssaagxpspnjw"}
{"type":"log","timestamp":1682746494438,"level":"info","message":"Starting rendering request 1","meta":{"rootId":"h1wmvmejnww28g5","id":"h1wmvmejnww28g5"},"id":"hr0qo9h2ofbdtdo","previousOperationId":"8pgssaagxpspnjw"}
{"type":"log","timestamp":1682746494446,"level":"info","message":"Rendering template { name: orders-main, recipe: chrome-pdf, engine: handlebars, preview: true }","meta":{"rootId":"h1wmvmejnww28g5","id":"h1wmvmejnww28g5"},"id":"secvp8s1qripk0v","previousOperationId":"8pgssaagxpspnjw"}
{"type":"log","timestamp":1682746494449,"level":"debug","message":"Data item not defined for this template.","meta":{"rootId":"h1wmvmejnww28g5","id":"h1wmvmejnww28g5"},"id":"pbf3909u5j6i2pr","previousOperationId":"8pgssaagxpspnjw"}
{"type":"log","timestamp":1682746494455,"level":"debug","message":"Executing script orders-script (beforeRender)","meta":{"rootId":"h1wmvmejnww28g5","id":"h1wmvmejnww28g5"},"id":"4w8djto28da9ul7","previousOperationId":"8pgssaagxpspnjw"}
{"type":"operationStart","subtype":"scriptsBeforeRender","name":"scripts beforeRender","timestamp":1682746495027,"id":"ptjph76vty5ddvb","previousEventId":"97f3awmxmxlgku3","operationId":"ui5z5peh9hr9avn","previousOperationId":"8pgssaagxpspnjw"}
{"type":"operationStart","subtype":"script","name":"scripts orders-script","previousOperationId":"ui5z5peh9hr9avn","timestamp":1682746495027,"id":"xdtydxo10w2vppi","previousEventId":"ptjph76vty5ddvb","operationId":"15t9tac23bkf41i"}
{"type":"operationEnd","operationId":"15t9tac23bkf41i","timestamp":1682746496681,"id":"ungi9wi52idxabf","previousEventId":"97f3awmxmxlgku3","previousOperationId":"8pgssaagxpspnjw"}
{"type":"operationEnd","operationId":"ui5z5peh9hr9avn","timestamp":1682746496681,"id":"0w6nmve6g6yg6jm","previousEventId":"ungi9wi52idxabf","previousOperationId":"8pgssaagxpspnjw"}
{"type":"log","timestamp":1682746496682,"level":"debug","message":"Base url not specified, skipping its injection.","meta":{"rootId":"h1wmvmejnww28g5","id":"h1wmvmejnww28g5"},"id":"75vcobdj90ng8co","previousOperationId":"ui5z5peh9hr9avn"}
{"type":"operationStart","subtype":"engine","name":"handlebars","timestamp":1682746496682,"id":"jbcr27edukapkus","previousEventId":"0w6nmve6g6yg6jm","operationId":"0955hx2zud2jiah","previousOperationId":"ui5z5peh9hr9avn"}
{"type":"log","timestamp":1682746496682,"level":"debug","message":"Rendering engine handlebars","meta":{"rootId":"h1wmvmejnww28g5","id":"h1wmvmejnww28g5"},"id":"0hkwrt9659pokbz","previousOperationId":"0955hx2zud2jiah"}
{"type":"log","timestamp":1682746497242,"level":"debug","message":"(console:log) Pdf utils adding group field, value: \"France\"","meta":{"userLevel":true,"rootId":"h1wmvmejnww28g5","id":"h1wmvmejnww28g5"},"id":"tzexo8yt9rbxdbh","previousOperationId":"0955hx2zud2jiah"}
{"type":"log","timestamp":1682746497244,"level":"debug","message":"(console:log) Pdf utils adding group field, value: \"Germany\"","meta":{"userLevel":true,"rootId":"h1wmvmejnww28g5","id":"h1wmvmejnww28g5"},"id":"4toojmpqs31hbyt","previousOperationId":"0955hx2zud2jiah"}
{"type":"operationEnd","operationId":"0955hx2zud2jiah","timestamp":1682746497244,"id":"gi1p6h8iojm5ug5","previousEventId":"jbcr27edukapkus","previousOperationId":"0955hx2zud2jiah"}
{"type":"operationStart","subtype":"recipe","name":"chrome-pdf","timestamp":1682746497245,"id":"ue36wtjvz459q63","previousEventId":"gi1p6h8iojm5ug5","operationId":"ftqktnd6u0cdiij","previousOperationId":"0955hx2zud2jiah"}
{"type":"log","timestamp":1682746497245,"level":"debug","message":"Executing recipe chrome-pdf","meta":{"rootId":"h1wmvmejnww28g5","id":"h1wmvmejnww28g5"},"id":"hqyb1evu5m8hdl4","previousOperationId":"ftqktnd6u0cdiij"}
{"type":"log","timestamp":1682746498233,"level":"debug","message":"Converting with chrome HeadlessChrome/105.0.5173.0 using chrome-pool strategy","meta":{"rootId":"h1wmvmejnww28g5","id":"h1wmvmejnww28g5"},"id":"ftwz5ue3eram4rs","previousOperationId":"ftqktnd6u0cdiij"}
{"type":"log","timestamp":1682746498498,"level":"debug","message":"Page request: GET (document) file:///C:/Users/Adebayo/AppData/Local/Temp/jsreport/autocleanup/456f3381-3c42-4a75-91de-e2ec17eba8b1-chrome-pdf.html","meta":{"rootId":"h1wmvmejnww28g5","id":"h1wmvmejnww28g5"},"id":"b45mqx16fkacb3r","previousOperationId":"ftqktnd6u0cdiij"}
{"type":"log","timestamp":1682746498516,"level":"debug","message":"Page request finished: GET (document) 200 file:///C:/Users/Adebayo/AppData/Local/Temp/jsreport/autocleanup/456f3381-3c42-4a75-91de-e2ec17eba8b1-chrome-pdf.html","meta":{"rootId":"h1wmvmejnww28g5","id":"h1wmvmejnww28g5"},"id":"dlbs59hjzsybmx4","previousOperationId":"ftqktnd6u0cdiij"}
{"type":"log","timestamp":1682746498516,"level":"debug","message":"Page request: GET (stylesheet) https://cdnjs.cloudflare.com/ajax/libs/metro/4.1.5/css/metro.min.css","meta":{"rootId":"h1wmvmejnww28g5","id":"h1wmvmejnww28g5"},"id":"ttgh2m36pdhs9ph","previousOperationId":"ftqktnd6u0cdiij"}
{"type":"log","timestamp":1682746498517,"level":"debug","message":"Page request: GET (script) https://cdnjs.cloudflare.com/ajax/libs/Chart.js/2.7.2/Chart.min.js","meta":{"rootId":"h1wmvmejnww28g5","id":"h1wmvmejnww28g5"},"id":"31n1dc8pyat7456","previousOperationId":"ftqktnd6u0cdiij"}
{"type":"log","timestamp":1682746501177,"level":"debug","message":"Page request finished: GET (script) 200 https://cdnjs.cloudflare.com/ajax/libs/Chart.js/2.7.2/Chart.min.js","meta":{"rootId":"h1wmvmejnww28g5","id":"h1wmvmejnww28g5"},"id":"rtdhtfq49pf638d","previousOperationId":"ftqktnd6u0cdiij"}
{"type":"log","timestamp":1682746501791,"level":"debug","message":"Page request finished: GET (stylesheet) 200 https://cdnjs.cloudflare.com/ajax/libs/metro/4.1.5/css/metro.min.css","meta":{"rootId":"h1wmvmejnww28g5","id":"h1wmvmejnww28g5"},"id":"tw9g0ok40ryshl0","previousOperationId":"ftqktnd6u0cdiij"}
{"type":"log","timestamp":1682746501898,"level":"debug","message":"Running chrome with params {\"printBackground\":true,\"marginTop\":\"4cm\",\"marginRight\":\"1.5cm\",\"marginBottom\":\"1.5cm\",\"marginLeft\":\"1.5cm\",\"waitForJS\":false,\"timeout\":56949,\"margin\":{\"top\":\"4cm\",\"right\":\"1.5cm\",\"bottom\":\"1.5cm\",\"left\":\"1.5cm\"}}","meta":{"rootId":"h1wmvmejnww28g5","id":"h1wmvmejnww28g5"},"id":"x8pgnc6du8by5mf","previousOperationId":"ftqktnd6u0cdiij"}
{"type":"operationEnd","operationId":"ftqktnd6u0cdiij","timestamp":1682746502101,"id":"v2jj69cy7vg6slf","previousEventId":"ue36wtjvz459q63","previousOperationId":"ftqktnd6u0cdiij"}
{"type":"log","timestamp":1682746502102,"level":"info","message":"pdf-utils is starting pdf processing","meta":{"rootId":"h1wmvmejnww28g5","id":"h1wmvmejnww28g5"},"id":"dkmbol67aald8uz","previousOperationId":"ftqktnd6u0cdiij"}
{"type":"operationStart","subtype":"pdfUtils","name":"pdf utils","timestamp":1682746502698,"id":"ssipy2dlhu944mr","previousEventId":"v2jj69cy7vg6slf","operationId":"o3wwhwr0y828bmz","previousOperationId":"ftqktnd6u0cdiij"}
{"type":"log","timestamp":1682746502699,"level":"debug","message":"pdf-utils detected 1 pdf operation(s) to process","meta":{"rootId":"h1wmvmejnww28g5","id":"h1wmvmejnww28g5"},"id":"43pejxfd88wnt4l","previousOperationId":"o3wwhwr0y828bmz"}
{"type":"log","timestamp":1682746503201,"level":"debug","message":"pdf-utils running pdf operation merge","meta":{"rootId":"h1wmvmejnww28g5","id":"h1wmvmejnww28g5"},"id":"x6yftg5aum7kcky","previousOperationId":"o3wwhwr0y828bmz"}
{"type":"operationStart","subtype":"pdfUtilsMerge","name":"pdf utils merge","previousOperationId":"o3wwhwr0y828bmz","timestamp":1682746503201,"id":"j1hy43j31kf943d","previousEventId":"ssipy2dlhu944mr","operationId":"qkpfc9ii14ls48h"}
{"type":"operationStart","subtype":"render","name":"orders-header","previousOperationId":"qkpfc9ii14ls48h","timestamp":1682746503205,"id":"5vx2w5ukrm5kf08","previousEventId":"j1hy43j31kf943d","operationId":"doz0lvgxcgau7h3"}
{"type":"log","timestamp":1682746503205,"level":"info","message":"Starting rendering (child) request","meta":{"rootId":"h1wmvmejnww28g5","id":"66kxbgntxkx7cid"},"id":"m72ccs4mtpgj5q6","previousOperationId":"doz0lvgxcgau7h3"}
{"type":"log","timestamp":1682746503205,"level":"info","message":"Rendering template { name: orders-header, recipe: chrome-pdf, engine: handlebars, preview: true }","meta":{"rootId":"h1wmvmejnww28g5","id":"66kxbgntxkx7cid"},"id":"wig78okf3p7qbw0","previousOperationId":"doz0lvgxcgau7h3"}
{"type":"log","timestamp":1682746503224,"level":"debug","message":"Inline data specified.","meta":{"rootId":"h1wmvmejnww28g5","id":"66kxbgntxkx7cid"},"id":"ir5myh2ms9zqofy","previousOperationId":"doz0lvgxcgau7h3"}
{"type":"log","timestamp":1682746503229,"level":"debug","message":"Base url not specified, skipping its injection.","meta":{"rootId":"h1wmvmejnww28g5","id":"66kxbgntxkx7cid"},"id":"8jbpu8s936i8q8z","previousOperationId":"doz0lvgxcgau7h3"}
{"type":"operationStart","subtype":"engine","name":"handlebars","timestamp":1682746503229,"id":"tosr11n0c7uq6s2","previousEventId":"5vx2w5ukrm5kf08","operationId":"ywd0ke7gvh0kvs7","previousOperationId":"doz0lvgxcgau7h3"}
{"type":"log","timestamp":1682746503230,"level":"debug","message":"Rendering engine handlebars","meta":{"rootId":"h1wmvmejnww28g5","id":"66kxbgntxkx7cid"},"id":"n07wtecc4a7p82b","previousOperationId":"ywd0ke7gvh0kvs7"}
{"type":"operationEnd","operationId":"ywd0ke7gvh0kvs7","timestamp":1682746503310,"id":"fjmb0th49gjiaxp","previousEventId":"tosr11n0c7uq6s2","previousOperationId":"ywd0ke7gvh0kvs7"}
{"type":"operationStart","subtype":"recipe","name":"chrome-pdf","timestamp":1682746503310,"id":"qm9kosj3hjeavmn","previousEventId":"fjmb0th49gjiaxp","operationId":"qkqmfvcz2d92auu","previousOperationId":"ywd0ke7gvh0kvs7"}
{"type":"log","timestamp":1682746503310,"level":"debug","message":"Executing recipe chrome-pdf","meta":{"rootId":"h1wmvmejnww28g5","id":"66kxbgntxkx7cid"},"id":"5r7tnyltm6616rr","previousOperationId":"qkqmfvcz2d92auu"}
{"type":"log","timestamp":1682746503314,"level":"debug","message":"Converting with chrome HeadlessChrome/105.0.5173.0 using chrome-pool strategy","meta":{"rootId":"h1wmvmejnww28g5","id":"66kxbgntxkx7cid"},"id":"599nkatkzoie16h","previousOperationId":"qkqmfvcz2d92auu"}
{"type":"log","timestamp":1682746503405,"level":"debug","message":"Page request: GET (document) file:///C:/Users/Adebayo/AppData/Local/Temp/jsreport/autocleanup/ef883a97-d414-4b3f-8cab-9f9624aad4d0-chrome-pdf.html","meta":{"rootId":"h1wmvmejnww28g5","id":"66kxbgntxkx7cid"},"id":"rykd1osyhhpzlrc","previousOperationId":"qkqmfvcz2d92auu"}
{"type":"log","timestamp":1682746503419,"level":"debug","message":"Page request: GET (stylesheet) https://cdnjs.cloudflare.com/ajax/libs/metro/4.1.5/css/metro.min.css","meta":{"rootId":"h1wmvmejnww28g5","id":"66kxbgntxkx7cid"},"id":"evu6wn20z1vvrtm","previousOperationId":"qkqmfvcz2d92auu"}
{"type":"log","timestamp":1682746503420,"level":"debug","message":"Page request finished: GET (document) 200 file:///C:/Users/Adebayo/AppData/Local/Temp/jsreport/autocleanup/ef883a97-d414-4b3f-8cab-9f9624aad4d0-chrome-pdf.html","meta":{"rootId":"h1wmvmejnww28g5","id":"66kxbgntxkx7cid"},"id":"1y5x69lhkq22lyf","previousOperationId":"qkqmfvcz2d92auu"}
{"type":"log","timestamp":1682746503449,"level":"debug","message":"Page request finished: GET (stylesheet) 200 https://cdnjs.cloudflare.com/ajax/libs/metro/4.1.5/css/metro.min.css","meta":{"rootId":"h1wmvmejnww28g5","id":"66kxbgntxkx7cid"},"id":"449h35zfjeg6md1","previousOperationId":"qkqmfvcz2d92auu"}
{"type":"log","timestamp":1682746503484,"level":"debug","message":"Running chrome with params {\"printBackground\":true,\"marginTop\":\"1.5cm\",\"marginRight\":\"1.5cm\",\"marginLeft\":\"1.cm\",\"timeout\":51080,\"margin\":{\"top\":\"1.5cm\",\"right\":\"1.5cm\",\"left\":\"1.cm\"}}","meta":{"rootId":"h1wmvmejnww28g5","id":"66kxbgntxkx7cid"},"id":"vlm9l5g4l67s6ag","previousOperationId":"qkqmfvcz2d92auu"}
{"type":"operationEnd","operationId":"qkqmfvcz2d92auu","timestamp":1682746503564,"id":"y2wqgrxbsaiq7k3","previousEventId":"qm9kosj3hjeavmn","previousOperationId":"qkqmfvcz2d92auu"}
{"type":"log","timestamp":1682746503565,"level":"debug","message":"Skipping storing report.","meta":{"rootId":"h1wmvmejnww28g5","id":"66kxbgntxkx7cid"},"id":"zplv1bm045p265t","previousOperationId":"qkqmfvcz2d92auu"}
{"type":"log","timestamp":1682746503565,"level":"info","message":"Rendering (child) request finished in 9172 ms","meta":{"rootId":"h1wmvmejnww28g5","id":"66kxbgntxkx7cid"},"id":"q7bupgvwpb49ftx","previousOperationId":"qkqmfvcz2d92auu"}
{"type":"operationEnd","subtype":"render","operationId":"doz0lvgxcgau7h3","timestamp":1682746503566,"id":"ivrhj46nfvvz00r","previousEventId":"y2wqgrxbsaiq7k3","previousOperationId":"qkqmfvcz2d92auu"}
{"type":"operationEnd","operationId":"qkpfc9ii14ls48h","timestamp":1682746503623,"id":"zh71d58a805gm1g","previousEventId":"j1hy43j31kf943d","previousOperationId":"qkpfc9ii14ls48h"}
{"type":"log","timestamp":1682746503623,"level":"debug","message":"pdf-utils postproces start","meta":{"rootId":"h1wmvmejnww28g5","id":"h1wmvmejnww28g5"},"id":"6zykmmdv764x6or","previousOperationId":"qkpfc9ii14ls48h"}
{"type":"log","timestamp":1682746503683,"level":"debug","message":"pdf-utils postproces end","meta":{"rootId":"h1wmvmejnww28g5","id":"h1wmvmejnww28g5"},"id":"hkkgeq7k6o0c6jw","previousOperationId":"qkpfc9ii14ls48h"}
{"type":"operationEnd","operationId":"o3wwhwr0y828bmz","timestamp":1682746503683,"id":"9kr7v1xv19qmtg8","previousEventId":"zh71d58a805gm1g","previousOperationId":"qkpfc9ii14ls48h"}
{"type":"log","timestamp":1682746503684,"level":"info","message":"pdf-utils pdf processing was finished","meta":{"rootId":"h1wmvmejnww28g5","id":"h1wmvmejnww28g5"},"id":"vcy6lq2r12jjrfq","previousOperationId":"o3wwhwr0y828bmz"}
{"type":"log","timestamp":1682746503684,"level":"debug","message":"Skipping storing report.","meta":{"rootId":"h1wmvmejnww28g5","id":"h1wmvmejnww28g5"},"id":"rn139fc2mxwurbx","previousOperationId":"o3wwhwr0y828bmz"}
{"type":"log","timestamp":1682746503684,"level":"info","message":"Rendering request 1 finished in 9291 ms","meta":{"rootId":"h1wmvmejnww28g5","id":"h1wmvmejnww28g5"},"id":"v2gc6mss3sbw07g","previousOperationId":"o3wwhwr0y828bmz"}
{"type":"operationEnd","subtype":"render","operationId":"8pgssaagxpspnjw","timestamp":1682746503684,"id":"3mr13f5e6nk61yl","previousEventId":"9kr7v1xv19qmtg8","previousOperationId":"o3wwhwr0y828bmz"}
{"type":"operationEnd","doDiffs":false,"previousEventId":"ypkqkrh82pu8dyj","previousOperationId":"ui70nsw6f6wat8t","operationId":"ui70nsw6f6wat8t","timestamp":1682746503705,"id":"izk2a7np0akxzuv"}
