{"type":"operationStart","subtype":"profile","data":{"_id":"JljEevxKCMFHCYF2","timestamp":"2023-05-21T04:36:26.529Z","state":"queued","mode":"standard","creationDate":"2023-05-21T04:36:26.530Z","modificationDate":"2023-05-21T04:36:26.530Z","shortid":"QaLLdaj","$entitySet":"profiles"},"doDiffs":false,"timestamp":1684643786530,"id":"55uqw4twl0noahn","previousOperationId":null,"operationId":"s6adx8bw2fmz8wj"}
{"type":"log","level":"info","message":"Render request 24 queued for execution and waiting for available worker","previousOperationId":"s6adx8bw2fmz8wj","timestamp":1684643786530,"id":"w0v6n8o5gjgjyvq"}
{"type":"operationStart","subtype":"render","name":"header-footer","previousOperationId":"s6adx8bw2fmz8wj","timestamp":1684643786542,"id":"qs5v1snzty9ggad","previousEventId":"55uqw4twl0noahn","operationId":"h98cok765ow1tq1"}
{"type":"log","timestamp":1684643786543,"level":"info","message":"Starting rendering request 24","meta":{"rootId":"nvj05dpmagapnfr","id":"nvj05dpmagapnfr"},"id":"w9x2pmko6crtw8j","previousOperationId":"h98cok765ow1tq1"}
{"type":"log","timestamp":1684643786543,"level":"info","message":"Rendering template { name: header-footer, recipe: chrome-pdf, engine: handlebars, preview: true }","meta":{"rootId":"nvj05dpmagapnfr","id":"nvj05dpmagapnfr"},"id":"ptjng651obky1vc","previousOperationId":"h98cok765ow1tq1"}
{"type":"log","timestamp":1684643786544,"level":"debug","message":"Data item not defined for this template.","meta":{"rootId":"nvj05dpmagapnfr","id":"nvj05dpmagapnfr"},"id":"gpec0a80otaly7t","previousOperationId":"h98cok765ow1tq1"}
{"type":"log","timestamp":1684643786547,"level":"debug","message":"Base url not specified, skipping its injection.","meta":{"rootId":"nvj05dpmagapnfr","id":"nvj05dpmagapnfr"},"id":"ffx94crp57xxb6i","previousOperationId":"h98cok765ow1tq1"}
{"type":"operationStart","subtype":"engine","name":"handlebars","timestamp":1684643786547,"id":"82j0nbt7bdktmoo","previousEventId":"qs5v1snzty9ggad","operationId":"80lrtm925qrpap1","previousOperationId":"h98cok765ow1tq1"}
{"type":"log","timestamp":1684643786547,"level":"debug","message":"Rendering engine handlebars","meta":{"rootId":"nvj05dpmagapnfr","id":"nvj05dpmagapnfr"},"id":"ogdi0vwy25ii21k","previousOperationId":"80lrtm925qrpap1"}
{"type":"operationEnd","operationId":"80lrtm925qrpap1","timestamp":1684643786558,"id":"dk16djxmua8f52u","previousEventId":"82j0nbt7bdktmoo","previousOperationId":"80lrtm925qrpap1"}
{"type":"operationStart","subtype":"recipe","name":"chrome-pdf","timestamp":1684643786559,"id":"jodlji90nabft4j","previousEventId":"dk16djxmua8f52u","operationId":"ih5jm19b924l517","previousOperationId":"80lrtm925qrpap1"}
{"type":"log","timestamp":1684643786559,"level":"debug","message":"Executing recipe chrome-pdf","meta":{"rootId":"nvj05dpmagapnfr","id":"nvj05dpmagapnfr"},"id":"h3suxgzmxax5b6o","previousOperationId":"ih5jm19b924l517"}
{"type":"log","timestamp":1684643786563,"level":"debug","message":"Converting with chrome HeadlessChrome/105.0.5173.0 using chrome-pool strategy","meta":{"rootId":"nvj05dpmagapnfr","id":"nvj05dpmagapnfr"},"id":"yeyqoscn0eqzgh8","previousOperationId":"ih5jm19b924l517"}
{"type":"log","timestamp":1684643786652,"level":"debug","message":"Page request: GET (document) file:///C:/Users/Adebayo/AppData/Local/Temp/jsreport/autocleanup/1b8edac1-1e61-4082-a798-336b04cca38e-chrome-pdf.html","meta":{"rootId":"nvj05dpmagapnfr","id":"nvj05dpmagapnfr"},"id":"rfle7t61diuwtcy","previousOperationId":"ih5jm19b924l517"}
{"type":"log","timestamp":1684643786664,"level":"debug","message":"Page request finished: GET (document) 200 file:///C:/Users/Adebayo/AppData/Local/Temp/jsreport/autocleanup/1b8edac1-1e61-4082-a798-336b04cca38e-chrome-pdf.html","meta":{"rootId":"nvj05dpmagapnfr","id":"nvj05dpmagapnfr"},"id":"04t4y0xjno3kxvd","previousOperationId":"ih5jm19b924l517"}
{"type":"log","timestamp":1684643786668,"level":"debug","message":"Running chrome with params {\"timeout\":59967,\"margin\":{},\"printBackground\":true}","meta":{"rootId":"nvj05dpmagapnfr","id":"nvj05dpmagapnfr"},"id":"hz9qknqvcu49tn0","previousOperationId":"ih5jm19b924l517"}
{"type":"operationEnd","operationId":"ih5jm19b924l517","timestamp":1684643786676,"id":"wp67b5jwik4ksua","previousEventId":"jodlji90nabft4j","previousOperationId":"ih5jm19b924l517"}
{"type":"log","timestamp":1684643786676,"level":"debug","message":"Skipping storing report.","meta":{"rootId":"nvj05dpmagapnfr","id":"nvj05dpmagapnfr"},"id":"sls5ol86wgbijs9","previousOperationId":"ih5jm19b924l517"}
{"type":"log","timestamp":1684643786677,"level":"info","message":"Rendering request 24 finished in 148 ms","meta":{"rootId":"nvj05dpmagapnfr","id":"nvj05dpmagapnfr"},"id":"8ayw4ybqwvk477r","previousOperationId":"ih5jm19b924l517"}
{"type":"operationEnd","subtype":"render","operationId":"h98cok765ow1tq1","timestamp":1684643786677,"id":"bea369r43j2f4sm","previousEventId":"wp67b5jwik4ksua","previousOperationId":"ih5jm19b924l517"}
{"type":"operationEnd","doDiffs":false,"previousEventId":"55uqw4twl0noahn","previousOperationId":"s6adx8bw2fmz8wj","operationId":"s6adx8bw2fmz8wj","timestamp":1684643786683,"id":"uflr2j8czc5nzdv"}
