{"type":"operationStart","subtype":"profile","data":{"_id":"SmvgCN8KxtZ1xPva","timestamp":"2023-05-21T04:37:59.452Z","state":"queued","mode":"standard","creationDate":"2023-05-21T04:37:59.454Z","modificationDate":"2023-05-21T04:37:59.454Z","shortid":"pzfRjSN","$entitySet":"profiles"},"doDiffs":false,"timestamp":1684643879453,"id":"i8cs0lco58rgvuj","previousOperationId":null,"operationId":"n7xxdp7adwgylcy"}
{"type":"log","level":"info","message":"Render request 26 queued for execution and waiting for available worker","previousOperationId":"n7xxdp7adwgylcy","timestamp":1684643879453,"id":"y49vucwpw0rcoqc"}
{"type":"operationStart","subtype":"render","name":"invoice-main","previousOperationId":"n7xxdp7adwgylcy","timestamp":1684643879470,"id":"xlka7iypyor93z7","previousEventId":"i8cs0lco58rgvuj","operationId":"3z4z0rulf9m2ncg"}
{"type":"log","timestamp":1684643879470,"level":"info","message":"Starting rendering request 26","meta":{"rootId":"0ui70wo87ed0ka4","id":"0ui70wo87ed0ka4"},"id":"9lwk314os53ezrf","previousOperationId":"3z4z0rulf9m2ncg"}
{"type":"log","timestamp":1684643879470,"level":"info","message":"Rendering template { name: invoice-main, recipe: chrome-pdf, engine: handlebars, preview: true }","meta":{"rootId":"0ui70wo87ed0ka4","id":"0ui70wo87ed0ka4"},"id":"gdh9vcjoyy05l7f","previousOperationId":"3z4z0rulf9m2ncg"}
{"type":"log","timestamp":1684643879487,"level":"debug","message":"Inline data specified.","meta":{"rootId":"0ui70wo87ed0ka4","id":"0ui70wo87ed0ka4"},"id":"f6u8ltuu5g66ous","previousOperationId":"3z4z0rulf9m2ncg"}
{"type":"log","timestamp":1684643879489,"level":"debug","message":"Base url not specified, skipping its injection.","meta":{"rootId":"0ui70wo87ed0ka4","id":"0ui70wo87ed0ka4"},"id":"uycbeloe5u9ric1","previousOperationId":"3z4z0rulf9m2ncg"}
{"type":"operationStart","subtype":"engine","name":"handlebars","timestamp":1684643879490,"id":"qs43azn1oir92er","previousEventId":"xlka7iypyor93z7","operationId":"sqdoh20l3irwcsv","previousOperationId":"3z4z0rulf9m2ncg"}
{"type":"log","timestamp":1684643879490,"level":"debug","message":"Rendering engine handlebars","meta":{"rootId":"0ui70wo87ed0ka4","id":"0ui70wo87ed0ka4"},"id":"5vuismisnzh353h","previousOperationId":"sqdoh20l3irwcsv"}
{"type":"operationEnd","operationId":"sqdoh20l3irwcsv","timestamp":1684643879581,"id":"ojo85wnflp47l4w","previousEventId":"qs43azn1oir92er","previousOperationId":"sqdoh20l3irwcsv"}
{"type":"operationStart","subtype":"recipe","name":"chrome-pdf","timestamp":1684643879581,"id":"b0ujs2e4b9chdep","previousEventId":"ojo85wnflp47l4w","operationId":"5bw49uh2yomegv1","previousOperationId":"sqdoh20l3irwcsv"}
{"type":"log","timestamp":1684643879581,"level":"debug","message":"Executing recipe chrome-pdf","meta":{"rootId":"0ui70wo87ed0ka4","id":"0ui70wo87ed0ka4"},"id":"hzujfiq7lhyx6k3","previousOperationId":"5bw49uh2yomegv1"}
{"type":"log","timestamp":1684643879596,"level":"debug","message":"Converting with chrome HeadlessChrome/105.0.5173.0 using chrome-pool strategy","meta":{"rootId":"0ui70wo87ed0ka4","id":"0ui70wo87ed0ka4"},"id":"y7uflwru6niopxp","previousOperationId":"5bw49uh2yomegv1"}
{"type":"log","timestamp":1684643879672,"level":"debug","message":"Page request: GET (document) file:///C:/Users/Adebayo/AppData/Local/Temp/jsreport/autocleanup/b71fe3e0-9965-4192-b119-685586622792-chrome-pdf.html","meta":{"rootId":"0ui70wo87ed0ka4","id":"0ui70wo87ed0ka4"},"id":"hruh566l5ym3ik3","previousOperationId":"5bw49uh2yomegv1"}
{"type":"log","timestamp":1684643879680,"level":"debug","message":"Page request finished: GET (document) 200 file:///C:/Users/Adebayo/AppData/Local/Temp/jsreport/autocleanup/b71fe3e0-9965-4192-b119-685586622792-chrome-pdf.html","meta":{"rootId":"0ui70wo87ed0ka4","id":"0ui70wo87ed0ka4"},"id":"kwxw8aw0mh22ldt","previousOperationId":"5bw49uh2yomegv1"}
{"type":"log","timestamp":1684643879680,"level":"debug","message":"Page request: GET (script) https://cdnjs.cloudflare.com/ajax/libs/Chart.js/2.1.6/Chart.min.js","meta":{"rootId":"0ui70wo87ed0ka4","id":"0ui70wo87ed0ka4"},"id":"4vixngoj6xvcbij","previousOperationId":"5bw49uh2yomegv1"}
{"type":"log","timestamp":1684643879684,"level":"debug","message":"Page request finished: GET (script) 200 https://cdnjs.cloudflare.com/ajax/libs/Chart.js/2.1.6/Chart.min.js","meta":{"rootId":"0ui70wo87ed0ka4","id":"0ui70wo87ed0ka4"},"id":"aybksbt6523pidq","previousOperationId":"5bw49uh2yomegv1"}
{"type":"log","timestamp":1684643879723,"level":"debug","message":"Running chrome with params {\"printBackground\":true,\"marginTop\":\"2cm\",\"marginRight\":\"1cm\",\"marginBottom\":\"2cm\",\"marginLeft\":\"1cm\",\"timeout\":59858,\"margin\":{\"top\":\"2cm\",\"right\":\"1cm\",\"bottom\":\"2cm\",\"left\":\"1cm\"}}","meta":{"rootId":"0ui70wo87ed0ka4","id":"0ui70wo87ed0ka4"},"id":"dxx9muifrhonhh2","previousOperationId":"5bw49uh2yomegv1"}
{"type":"operationEnd","operationId":"5bw49uh2yomegv1","timestamp":1684643879747,"id":"nkbafsxwivqrcfy","previousEventId":"b0ujs2e4b9chdep","previousOperationId":"5bw49uh2yomegv1"}
{"type":"log","timestamp":1684643879747,"level":"debug","message":"Skipping storing report.","meta":{"rootId":"0ui70wo87ed0ka4","id":"0ui70wo87ed0ka4"},"id":"cggnmh45no2v20w","previousOperationId":"5bw49uh2yomegv1"}
{"type":"log","timestamp":1684643879747,"level":"info","message":"Rendering request 26 finished in 295 ms","meta":{"rootId":"0ui70wo87ed0ka4","id":"0ui70wo87ed0ka4"},"id":"xqc00w6h8giztto","previousOperationId":"5bw49uh2yomegv1"}
{"type":"operationEnd","subtype":"render","operationId":"3z4z0rulf9m2ncg","timestamp":1684643879747,"id":"3qqq64ilwcgp59h","previousEventId":"nkbafsxwivqrcfy","previousOperationId":"5bw49uh2yomegv1"}
{"type":"operationEnd","doDiffs":false,"previousEventId":"i8cs0lco58rgvuj","previousOperationId":"n7xxdp7adwgylcy","operationId":"n7xxdp7adwgylcy","timestamp":1684643879754,"id":"3rc8bfoowmenehk"}
