{"type":"operationStart","subtype":"profile","data":{"_id":"c6v7tBlFLk5RLSq0","timestamp":"2023-05-21T04:25:22.581Z","state":"queued","mode":"standard","creationDate":"2023-05-21T04:25:22.583Z","modificationDate":"2023-05-21T04:25:22.583Z","shortid":"QE2Nsft","$entitySet":"profiles"},"doDiffs":false,"timestamp":1684643122582,"id":"51wilsyn2e1vw3o","previousOperationId":null,"operationId":"7w3y6caqyw0ejih"}
{"type":"log","level":"info","message":"Render request 16 queued for execution and waiting for available worker","previousOperationId":"7w3y6caqyw0ejih","timestamp":1684643122582,"id":"g8nrg1wnd7eh6da"}
{"type":"operationStart","subtype":"render","name":"invoice-main","previousOperationId":"7w3y6caqyw0ejih","timestamp":1684643122594,"id":"olzd4gbb5un4plm","previousEventId":"51wilsyn2e1vw3o","operationId":"ckyhibvk8sgasuf"}
{"type":"log","timestamp":1684643122594,"level":"info","message":"Starting rendering request 16","meta":{"rootId":"26ksdjjo13pz9cp","id":"26ksdjjo13pz9cp"},"id":"unkdhlecvmxywal","previousOperationId":"ckyhibvk8sgasuf"}
{"type":"log","timestamp":1684643122594,"level":"info","message":"Rendering template { name: invoice-main, recipe: chrome-pdf, engine: handlebars, preview: true }","meta":{"rootId":"26ksdjjo13pz9cp","id":"26ksdjjo13pz9cp"},"id":"3fnazwh2ebq0tii","previousOperationId":"ckyhibvk8sgasuf"}
{"type":"log","timestamp":1684643122595,"level":"debug","message":"Inline data specified.","meta":{"rootId":"26ksdjjo13pz9cp","id":"26ksdjjo13pz9cp"},"id":"8x97m5vqck3t08t","previousOperationId":"ckyhibvk8sgasuf"}
{"type":"log","timestamp":1684643122596,"level":"debug","message":"Base url not specified, skipping its injection.","meta":{"rootId":"26ksdjjo13pz9cp","id":"26ksdjjo13pz9cp"},"id":"5ix8cmiv8p8ctwu","previousOperationId":"ckyhibvk8sgasuf"}
{"type":"operationStart","subtype":"engine","name":"handlebars","timestamp":1684643122597,"id":"qn3iwv2mjvyxlvb","previousEventId":"olzd4gbb5un4plm","operationId":"1pilmukzhp4zc0b","previousOperationId":"ckyhibvk8sgasuf"}
{"type":"log","timestamp":1684643122597,"level":"debug","message":"Rendering engine handlebars","meta":{"rootId":"26ksdjjo13pz9cp","id":"26ksdjjo13pz9cp"},"id":"yt23vco0k21rt8y","previousOperationId":"1pilmukzhp4zc0b"}
{"type":"operationEnd","operationId":"1pilmukzhp4zc0b","timestamp":1684643122664,"id":"2gnebcsop6kszgi","previousEventId":"qn3iwv2mjvyxlvb","previousOperationId":"1pilmukzhp4zc0b"}
{"type":"operationStart","subtype":"recipe","name":"chrome-pdf","timestamp":1684643122664,"id":"65s1efm3xuul10b","previousEventId":"2gnebcsop6kszgi","operationId":"tsyh1upm1etbaz4","previousOperationId":"1pilmukzhp4zc0b"}
{"type":"log","timestamp":1684643122664,"level":"debug","message":"Executing recipe chrome-pdf","meta":{"rootId":"26ksdjjo13pz9cp","id":"26ksdjjo13pz9cp"},"id":"l9dspmck3oonl3s","previousOperationId":"tsyh1upm1etbaz4"}
{"type":"log","timestamp":1684643122671,"level":"debug","message":"Converting with chrome HeadlessChrome/105.0.5173.0 using chrome-pool strategy","meta":{"rootId":"26ksdjjo13pz9cp","id":"26ksdjjo13pz9cp"},"id":"f9roo6jujqv9nux","previousOperationId":"tsyh1upm1etbaz4"}
{"type":"log","timestamp":1684643122749,"level":"debug","message":"Page request: GET (document) file:///C:/Users/Adebayo/AppData/Local/Temp/jsreport/autocleanup/589d4df2-beda-4cee-b2bc-78b4a6ceed46-chrome-pdf.html","meta":{"rootId":"26ksdjjo13pz9cp","id":"26ksdjjo13pz9cp"},"id":"ct40tc31zyvd09d","previousOperationId":"tsyh1upm1etbaz4"}
{"type":"log","timestamp":1684643122757,"level":"debug","message":"Page request finished: GET (document) 200 file:///C:/Users/Adebayo/AppData/Local/Temp/jsreport/autocleanup/589d4df2-beda-4cee-b2bc-78b4a6ceed46-chrome-pdf.html","meta":{"rootId":"26ksdjjo13pz9cp","id":"26ksdjjo13pz9cp"},"id":"qxkel8q3ef273fx","previousOperationId":"tsyh1upm1etbaz4"}
{"type":"log","timestamp":1684643122757,"level":"debug","message":"Page request: GET (script) https://cdnjs.cloudflare.com/ajax/libs/Chart.js/2.1.6/Chart.min.js","meta":{"rootId":"26ksdjjo13pz9cp","id":"26ksdjjo13pz9cp"},"id":"g5bjydpqhtutnc4","previousOperationId":"tsyh1upm1etbaz4"}
{"type":"log","timestamp":1684643122762,"level":"debug","message":"Page request finished: GET (script) 200 https://cdnjs.cloudflare.com/ajax/libs/Chart.js/2.1.6/Chart.min.js","meta":{"rootId":"26ksdjjo13pz9cp","id":"26ksdjjo13pz9cp"},"id":"mvgsld454kyke6a","previousOperationId":"tsyh1upm1etbaz4"}
{"type":"log","timestamp":1684643122799,"level":"debug","message":"Running chrome with params {\"printBackground\":true,\"marginTop\":\"1cm\",\"marginRight\":\"1cm\",\"marginBottom\":\"1cm\",\"marginLeft\":\"1cm\",\"timeout\":59911,\"margin\":{\"top\":\"1cm\",\"right\":\"1cm\",\"bottom\":\"1cm\",\"left\":\"1cm\"}}","meta":{"rootId":"26ksdjjo13pz9cp","id":"26ksdjjo13pz9cp"},"id":"23szagolytpvgh9","previousOperationId":"tsyh1upm1etbaz4"}
{"type":"operationEnd","operationId":"tsyh1upm1etbaz4","timestamp":1684643122818,"id":"f0d7wyy3ekpwfa4","previousEventId":"65s1efm3xuul10b","previousOperationId":"tsyh1upm1etbaz4"}
{"type":"log","timestamp":1684643122818,"level":"debug","message":"Skipping storing report.","meta":{"rootId":"26ksdjjo13pz9cp","id":"26ksdjjo13pz9cp"},"id":"oujk9ko73yoiz8r","previousOperationId":"tsyh1upm1etbaz4"}
{"type":"log","timestamp":1684643122818,"level":"info","message":"Rendering request 16 finished in 237 ms","meta":{"rootId":"26ksdjjo13pz9cp","id":"26ksdjjo13pz9cp"},"id":"eprq3acytwn5dxy","previousOperationId":"tsyh1upm1etbaz4"}
{"type":"operationEnd","subtype":"render","operationId":"ckyhibvk8sgasuf","timestamp":1684643122818,"id":"toupkvt1k926gbz","previousEventId":"f0d7wyy3ekpwfa4","previousOperationId":"tsyh1upm1etbaz4"}
{"type":"operationEnd","doDiffs":false,"previousEventId":"51wilsyn2e1vw3o","previousOperationId":"7w3y6caqyw0ejih","operationId":"7w3y6caqyw0ejih","timestamp":1684643122824,"id":"45c22k904zkscqs"}
