{"type":"operationStart","subtype":"profile","data":{"_id":"cp95oyDOGEOnwpN8","timestamp":"2023-05-21T04:38:25.038Z","state":"queued","mode":"standard","creationDate":"2023-05-21T04:38:25.039Z","modificationDate":"2023-05-21T04:38:25.039Z","shortid":"4_8Qp7X","$entitySet":"profiles"},"doDiffs":false,"timestamp":1684643905038,"id":"xjdalo04zoojyxi","previousOperationId":null,"operationId":"rsmorxtelbeic5c"}
{"type":"log","level":"info","message":"Render request 28 queued for execution and waiting for available worker","previousOperationId":"rsmorxtelbeic5c","timestamp":1684643905039,"id":"42agga9k9e9fqze"}
{"type":"operationStart","subtype":"render","name":"invoice-main","previousOperationId":"rsmorxtelbeic5c","timestamp":1684643905049,"id":"qwbldonugujh8yi","previousEventId":"xjdalo04zoojyxi","operationId":"vp2tf6lwr43zvm2"}
{"type":"log","timestamp":1684643905049,"level":"info","message":"Starting rendering request 28","meta":{"rootId":"59ypi5sbonf9i6b","id":"59ypi5sbonf9i6b"},"id":"7au3w853lueag7w","previousOperationId":"vp2tf6lwr43zvm2"}
{"type":"log","timestamp":1684643905049,"level":"info","message":"Rendering template { name: invoice-main, recipe: chrome-pdf, engine: handlebars, preview: true }","meta":{"rootId":"59ypi5sbonf9i6b","id":"59ypi5sbonf9i6b"},"id":"noqsoytqv9hxo7k","previousOperationId":"vp2tf6lwr43zvm2"}
{"type":"log","timestamp":1684643905051,"level":"debug","message":"Inline data specified.","meta":{"rootId":"59ypi5sbonf9i6b","id":"59ypi5sbonf9i6b"},"id":"z6pmo8co22gd9kz","previousOperationId":"vp2tf6lwr43zvm2"}
{"type":"log","timestamp":1684643905053,"level":"debug","message":"Base url not specified, skipping its injection.","meta":{"rootId":"59ypi5sbonf9i6b","id":"59ypi5sbonf9i6b"},"id":"uwyc1a4a6p14r5o","previousOperationId":"vp2tf6lwr43zvm2"}
{"type":"operationStart","subtype":"engine","name":"handlebars","timestamp":1684643905053,"id":"kv5dspgybx33odr","previousEventId":"qwbldonugujh8yi","operationId":"ox0v0sxerkn0imk","previousOperationId":"vp2tf6lwr43zvm2"}
{"type":"log","timestamp":1684643905053,"level":"debug","message":"Rendering engine handlebars","meta":{"rootId":"59ypi5sbonf9i6b","id":"59ypi5sbonf9i6b"},"id":"ebkms2wk7plqrlv","previousOperationId":"ox0v0sxerkn0imk"}
{"type":"operationEnd","operationId":"ox0v0sxerkn0imk","timestamp":1684643905116,"id":"jpjkdtv4850abrw","previousEventId":"kv5dspgybx33odr","previousOperationId":"ox0v0sxerkn0imk"}
{"type":"operationStart","subtype":"recipe","name":"chrome-pdf","timestamp":1684643905116,"id":"ezbco900au3lmsi","previousEventId":"jpjkdtv4850abrw","operationId":"7fn8x2t0o6sssz8","previousOperationId":"ox0v0sxerkn0imk"}
{"type":"log","timestamp":1684643905116,"level":"debug","message":"Executing recipe chrome-pdf","meta":{"rootId":"59ypi5sbonf9i6b","id":"59ypi5sbonf9i6b"},"id":"vekb22fwmp79utk","previousOperationId":"7fn8x2t0o6sssz8"}
{"type":"log","timestamp":1684643905126,"level":"debug","message":"Converting with chrome HeadlessChrome/105.0.5173.0 using chrome-pool strategy","meta":{"rootId":"59ypi5sbonf9i6b","id":"59ypi5sbonf9i6b"},"id":"zdstj2z7w3wj0po","previousOperationId":"7fn8x2t0o6sssz8"}
{"type":"log","timestamp":1684643905209,"level":"debug","message":"Page request: GET (document) file:///C:/Users/Adebayo/AppData/Local/Temp/jsreport/autocleanup/b34d28b8-c7ba-42e8-b93d-d5722147a189-chrome-pdf.html","meta":{"rootId":"59ypi5sbonf9i6b","id":"59ypi5sbonf9i6b"},"id":"3kj1v42ushsb7fj","previousOperationId":"7fn8x2t0o6sssz8"}
{"type":"log","timestamp":1684643905222,"level":"debug","message":"Page request finished: GET (document) 200 file:///C:/Users/Adebayo/AppData/Local/Temp/jsreport/autocleanup/b34d28b8-c7ba-42e8-b93d-d5722147a189-chrome-pdf.html","meta":{"rootId":"59ypi5sbonf9i6b","id":"59ypi5sbonf9i6b"},"id":"lr63myyr2mwf9vd","previousOperationId":"7fn8x2t0o6sssz8"}
{"type":"log","timestamp":1684643905222,"level":"debug","message":"Page request: GET (script) https://cdnjs.cloudflare.com/ajax/libs/Chart.js/2.1.6/Chart.min.js","meta":{"rootId":"59ypi5sbonf9i6b","id":"59ypi5sbonf9i6b"},"id":"vwlartl0ns2wdin","previousOperationId":"7fn8x2t0o6sssz8"}
{"type":"log","timestamp":1684643905227,"level":"debug","message":"Page request finished: GET (script) 200 https://cdnjs.cloudflare.com/ajax/libs/Chart.js/2.1.6/Chart.min.js","meta":{"rootId":"59ypi5sbonf9i6b","id":"59ypi5sbonf9i6b"},"id":"e0bs3gncl6i4obm","previousOperationId":"7fn8x2t0o6sssz8"}
{"type":"log","timestamp":1684643905265,"level":"debug","message":"Running chrome with params {\"printBackground\":true,\"marginTop\":\"2cm\",\"marginRight\":\"1cm\",\"marginBottom\":\"2cm\",\"marginLeft\":\"1cm\",\"timeout\":59914,\"margin\":{\"top\":\"2cm\",\"right\":\"1cm\",\"bottom\":\"2cm\",\"left\":\"1cm\"}}","meta":{"rootId":"59ypi5sbonf9i6b","id":"59ypi5sbonf9i6b"},"id":"ymsd4xoqku4l7mu","previousOperationId":"7fn8x2t0o6sssz8"}
{"type":"operationEnd","operationId":"7fn8x2t0o6sssz8","timestamp":1684643905289,"id":"0hwue8w1nkmn5kp","previousEventId":"ezbco900au3lmsi","previousOperationId":"7fn8x2t0o6sssz8"}
{"type":"log","timestamp":1684643905289,"level":"debug","message":"Skipping storing report.","meta":{"rootId":"59ypi5sbonf9i6b","id":"59ypi5sbonf9i6b"},"id":"cbd08khwgf7m0rd","previousOperationId":"7fn8x2t0o6sssz8"}
{"type":"log","timestamp":1684643905289,"level":"info","message":"Rendering request 28 finished in 251 ms","meta":{"rootId":"59ypi5sbonf9i6b","id":"59ypi5sbonf9i6b"},"id":"rq9gnxnis5n5g33","previousOperationId":"7fn8x2t0o6sssz8"}
{"type":"operationEnd","subtype":"render","operationId":"vp2tf6lwr43zvm2","timestamp":1684643905289,"id":"1ez4jbv5cs90z6h","previousEventId":"0hwue8w1nkmn5kp","previousOperationId":"7fn8x2t0o6sssz8"}
{"type":"operationEnd","doDiffs":false,"previousEventId":"xjdalo04zoojyxi","previousOperationId":"rsmorxtelbeic5c","operationId":"rsmorxtelbeic5c","timestamp":1684643905299,"id":"qf6b4z2snh89xkw"}
