{"type":"operationStart","subtype":"profile","data":{"_id":"MzHS83J0g84XTM1a","timestamp":"2023-05-21T04:31:16.779Z","state":"queued","mode":"standard","creationDate":"2023-05-21T04:31:16.781Z","modificationDate":"2023-05-21T04:31:16.781Z","shortid":"S9Oydbc","$entitySet":"profiles"},"doDiffs":false,"timestamp":1684643476780,"id":"4me0dt47fuiah5i","previousOperationId":null,"operationId":"gm9z3kgdin5un3r"}
{"type":"log","level":"info","message":"Render request 20 queued for execution and waiting for available worker","previousOperationId":"gm9z3kgdin5un3r","timestamp":1684643476780,"id":"nzy069hr4es0lal"}
{"type":"operationStart","subtype":"render","name":"invoice-main","previousOperationId":"gm9z3kgdin5un3r","timestamp":1684643476788,"id":"shbm2c7xejmkdbg","previousEventId":"4me0dt47fuiah5i","operationId":"m10rualfcphbwda"}
{"type":"log","timestamp":1684643476788,"level":"info","message":"Starting rendering request 20","meta":{"rootId":"5lcqel1b1g0eh1o","id":"5lcqel1b1g0eh1o"},"id":"lj4qpva0vqjqmeq","previousOperationId":"m10rualfcphbwda"}
{"type":"log","timestamp":1684643476788,"level":"info","message":"Rendering template { name: invoice-main, recipe: chrome-pdf, engine: handlebars, preview: true }","meta":{"rootId":"5lcqel1b1g0eh1o","id":"5lcqel1b1g0eh1o"},"id":"cj5za31r87bf6dn","previousOperationId":"m10rualfcphbwda"}
{"type":"log","timestamp":1684643476789,"level":"debug","message":"Adding sample data YnJQL_aQg","meta":{"rootId":"5lcqel1b1g0eh1o","id":"5lcqel1b1g0eh1o"},"id":"x0sxsd23lgt5fuo","previousOperationId":"m10rualfcphbwda"}
{"type":"log","timestamp":1684643476791,"level":"debug","message":"Base url not specified, skipping its injection.","meta":{"rootId":"5lcqel1b1g0eh1o","id":"5lcqel1b1g0eh1o"},"id":"0j866anwpj62t6d","previousOperationId":"m10rualfcphbwda"}
{"type":"operationStart","subtype":"engine","name":"handlebars","timestamp":1684643476791,"id":"5pdb4ec69u9c101","previousEventId":"shbm2c7xejmkdbg","operationId":"q3j40r5swqz4st5","previousOperationId":"m10rualfcphbwda"}
{"type":"log","timestamp":1684643476791,"level":"debug","message":"Rendering engine handlebars","meta":{"rootId":"5lcqel1b1g0eh1o","id":"5lcqel1b1g0eh1o"},"id":"g9tjm3jbr87uquc","previousOperationId":"q3j40r5swqz4st5"}
{"type":"operationEnd","operationId":"q3j40r5swqz4st5","timestamp":1684643476865,"id":"j1k0lbsv9jdyrym","previousEventId":"5pdb4ec69u9c101","previousOperationId":"q3j40r5swqz4st5"}
{"type":"operationStart","subtype":"recipe","name":"chrome-pdf","timestamp":1684643476866,"id":"27q7s3zwbstge6u","previousEventId":"j1k0lbsv9jdyrym","operationId":"mkqhak7m32wv177","previousOperationId":"q3j40r5swqz4st5"}
{"type":"log","timestamp":1684643476866,"level":"debug","message":"Executing recipe chrome-pdf","meta":{"rootId":"5lcqel1b1g0eh1o","id":"5lcqel1b1g0eh1o"},"id":"qg793yizlats9w5","previousOperationId":"mkqhak7m32wv177"}
{"type":"log","timestamp":1684643476883,"level":"debug","message":"Converting with chrome HeadlessChrome/105.0.5173.0 using chrome-pool strategy","meta":{"rootId":"5lcqel1b1g0eh1o","id":"5lcqel1b1g0eh1o"},"id":"1hp2aauu3dnbz45","previousOperationId":"mkqhak7m32wv177"}
{"type":"log","timestamp":1684643476963,"level":"debug","message":"Page request: GET (document) file:///C:/Users/Adebayo/AppData/Local/Temp/jsreport/autocleanup/90dbc197-d2c2-4024-9a22-43a32e15b943-chrome-pdf.html","meta":{"rootId":"5lcqel1b1g0eh1o","id":"5lcqel1b1g0eh1o"},"id":"8epncbkkxax29fy","previousOperationId":"mkqhak7m32wv177"}
{"type":"log","timestamp":1684643476974,"level":"debug","message":"Page request finished: GET (document) 200 file:///C:/Users/Adebayo/AppData/Local/Temp/jsreport/autocleanup/90dbc197-d2c2-4024-9a22-43a32e15b943-chrome-pdf.html","meta":{"rootId":"5lcqel1b1g0eh1o","id":"5lcqel1b1g0eh1o"},"id":"zhud6gsr67nyj25","previousOperationId":"mkqhak7m32wv177"}
{"type":"log","timestamp":1684643476975,"level":"debug","message":"Page request: GET (script) https://cdnjs.cloudflare.com/ajax/libs/Chart.js/2.1.6/Chart.min.js","meta":{"rootId":"5lcqel1b1g0eh1o","id":"5lcqel1b1g0eh1o"},"id":"wmma42o5x6ybfck","previousOperationId":"mkqhak7m32wv177"}
{"type":"log","timestamp":1684643476981,"level":"debug","message":"Page request finished: GET (script) 200 https://cdnjs.cloudflare.com/ajax/libs/Chart.js/2.1.6/Chart.min.js","meta":{"rootId":"5lcqel1b1g0eh1o","id":"5lcqel1b1g0eh1o"},"id":"nqe5iqvodpruciq","previousOperationId":"mkqhak7m32wv177"}
{"type":"log","timestamp":1684643477018,"level":"debug","message":"Running chrome with params {\"printBackground\":true,\"marginTop\":\"1cm\",\"marginRight\":\"1cm\",\"marginBottom\":\"1cm\",\"marginLeft\":\"1cm\",\"timeout\":59897,\"margin\":{\"top\":\"1cm\",\"right\":\"1cm\",\"bottom\":\"1cm\",\"left\":\"1cm\"}}","meta":{"rootId":"5lcqel1b1g0eh1o","id":"5lcqel1b1g0eh1o"},"id":"xl6ma5dfok8x6g0","previousOperationId":"mkqhak7m32wv177"}
{"type":"operationEnd","operationId":"mkqhak7m32wv177","timestamp":1684643477036,"id":"qk989umlbym6ps8","previousEventId":"27q7s3zwbstge6u","previousOperationId":"mkqhak7m32wv177"}
{"type":"log","timestamp":1684643477036,"level":"debug","message":"Skipping storing report.","meta":{"rootId":"5lcqel1b1g0eh1o","id":"5lcqel1b1g0eh1o"},"id":"12a49ywvyhp8h2z","previousOperationId":"mkqhak7m32wv177"}
{"type":"log","timestamp":1684643477036,"level":"info","message":"Rendering request 20 finished in 257 ms","meta":{"rootId":"5lcqel1b1g0eh1o","id":"5lcqel1b1g0eh1o"},"id":"ospex2y8pad416n","previousOperationId":"mkqhak7m32wv177"}
{"type":"operationEnd","subtype":"render","operationId":"m10rualfcphbwda","timestamp":1684643477036,"id":"9f0dy48as1daado","previousEventId":"qk989umlbym6ps8","previousOperationId":"mkqhak7m32wv177"}
{"type":"operationEnd","doDiffs":false,"previousEventId":"4me0dt47fuiah5i","previousOperationId":"gm9z3kgdin5un3r","operationId":"gm9z3kgdin5un3r","timestamp":1684643477046,"id":"ta2hp1y46h7je6w"}
