{"type":"operationStart","subtype":"profile","data":{"_id":"TWocJUeng4iPmkzC","timestamp":"2023-05-21T04:23:30.818Z","state":"queued","mode":"standard","creationDate":"2023-05-21T04:23:30.820Z","modificationDate":"2023-05-21T04:23:30.820Z","shortid":"Cfv6vu2","$entitySet":"profiles"},"doDiffs":false,"timestamp":1684643010819,"id":"8jytjy5yuyucvui","previousOperationId":null,"operationId":"c3mq2el4e8g1q8w"}
{"type":"log","level":"info","message":"Render request 14 queued for execution and waiting for available worker","previousOperationId":"c3mq2el4e8g1q8w","timestamp":1684643010819,"id":"qvs2ehebw6krp9p"}
{"type":"operationStart","subtype":"render","name":"invoice-main","previousOperationId":"c3mq2el4e8g1q8w","timestamp":1684643010830,"id":"v1hlso533e8tox2","previousEventId":"8jytjy5yuyucvui","operationId":"shlokefl564ozj2"}
{"type":"log","timestamp":1684643010831,"level":"info","message":"Starting rendering request 14","meta":{"rootId":"5xnp0bcdon9lrxk","id":"5xnp0bcdon9lrxk"},"id":"56fl585s8zbs0pg","previousOperationId":"shlokefl564ozj2"}
{"type":"log","timestamp":1684643010831,"level":"info","message":"Rendering template { name: invoice-main, recipe: chrome-pdf, engine: handlebars, preview: true }","meta":{"rootId":"5xnp0bcdon9lrxk","id":"5xnp0bcdon9lrxk"},"id":"eeeq4y09334rj95","previousOperationId":"shlokefl564ozj2"}
{"type":"log","timestamp":1684643010832,"level":"debug","message":"Inline data specified.","meta":{"rootId":"5xnp0bcdon9lrxk","id":"5xnp0bcdon9lrxk"},"id":"wtdacedhx2wvrhz","previousOperationId":"shlokefl564ozj2"}
{"type":"log","timestamp":1684643010834,"level":"debug","message":"Base url not specified, skipping its injection.","meta":{"rootId":"5xnp0bcdon9lrxk","id":"5xnp0bcdon9lrxk"},"id":"uqek4ffutl3wjqq","previousOperationId":"shlokefl564ozj2"}
{"type":"operationStart","subtype":"engine","name":"handlebars","timestamp":1684643010834,"id":"1q4d5tjpn8jds7g","previousEventId":"v1hlso533e8tox2","operationId":"kwafxrxn15i151q","previousOperationId":"shlokefl564ozj2"}
{"type":"log","timestamp":1684643010834,"level":"debug","message":"Rendering engine handlebars","meta":{"rootId":"5xnp0bcdon9lrxk","id":"5xnp0bcdon9lrxk"},"id":"cpomx95js3oct5r","previousOperationId":"kwafxrxn15i151q"}
{"type":"operationEnd","operationId":"kwafxrxn15i151q","timestamp":1684643010904,"id":"8d7n5t5kjct5o4z","previousEventId":"1q4d5tjpn8jds7g","previousOperationId":"kwafxrxn15i151q"}
{"type":"operationStart","subtype":"recipe","name":"chrome-pdf","timestamp":1684643010904,"id":"2ususk1ufd3gn3w","previousEventId":"8d7n5t5kjct5o4z","operationId":"7010ct66qtgpp16","previousOperationId":"kwafxrxn15i151q"}
{"type":"log","timestamp":1684643010904,"level":"debug","message":"Executing recipe chrome-pdf","meta":{"rootId":"5xnp0bcdon9lrxk","id":"5xnp0bcdon9lrxk"},"id":"8rfkmzmfmnwy7fl","previousOperationId":"7010ct66qtgpp16"}
{"type":"log","timestamp":1684643010913,"level":"debug","message":"Converting with chrome HeadlessChrome/105.0.5173.0 using chrome-pool strategy","meta":{"rootId":"5xnp0bcdon9lrxk","id":"5xnp0bcdon9lrxk"},"id":"ovpaodso26h4mqe","previousOperationId":"7010ct66qtgpp16"}
{"type":"log","timestamp":1684643010987,"level":"debug","message":"Page request: GET (document) file:///C:/Users/Adebayo/AppData/Local/Temp/jsreport/autocleanup/ca4fd09d-1277-4b2b-9abb-01fb69c9e026-chrome-pdf.html","meta":{"rootId":"5xnp0bcdon9lrxk","id":"5xnp0bcdon9lrxk"},"id":"ejjy6daam5vzp4j","previousOperationId":"7010ct66qtgpp16"}
{"type":"log","timestamp":1684643010999,"level":"debug","message":"Page request finished: GET (document) 200 file:///C:/Users/Adebayo/AppData/Local/Temp/jsreport/autocleanup/ca4fd09d-1277-4b2b-9abb-01fb69c9e026-chrome-pdf.html","meta":{"rootId":"5xnp0bcdon9lrxk","id":"5xnp0bcdon9lrxk"},"id":"35qg5irjr5txdvu","previousOperationId":"7010ct66qtgpp16"}
{"type":"log","timestamp":1684643010999,"level":"debug","message":"Page request: GET (script) https://cdnjs.cloudflare.com/ajax/libs/Chart.js/2.1.6/Chart.min.js","meta":{"rootId":"5xnp0bcdon9lrxk","id":"5xnp0bcdon9lrxk"},"id":"lnouyu89l4z8a87","previousOperationId":"7010ct66qtgpp16"}
{"type":"log","timestamp":1684643011006,"level":"debug","message":"Page request finished: GET (script) 200 https://cdnjs.cloudflare.com/ajax/libs/Chart.js/2.1.6/Chart.min.js","meta":{"rootId":"5xnp0bcdon9lrxk","id":"5xnp0bcdon9lrxk"},"id":"bcubkkqy3b2y6cv","previousOperationId":"7010ct66qtgpp16"}
{"type":"log","timestamp":1684643011053,"level":"debug","message":"Running chrome with params {\"printBackground\":true,\"marginTop\":\"1cm\",\"marginRight\":\"1cm\",\"marginBottom\":\"1cm\",\"marginLeft\":\"1cm\",\"timeout\":59908,\"margin\":{\"top\":\"1cm\",\"right\":\"1cm\",\"bottom\":\"1cm\",\"left\":\"1cm\"}}","meta":{"rootId":"5xnp0bcdon9lrxk","id":"5xnp0bcdon9lrxk"},"id":"ejusfoo5cbetlzy","previousOperationId":"7010ct66qtgpp16"}
{"type":"operationEnd","operationId":"7010ct66qtgpp16","timestamp":1684643011072,"id":"37oggspitxyvx39","previousEventId":"2ususk1ufd3gn3w","previousOperationId":"7010ct66qtgpp16"}
{"type":"log","timestamp":1684643011072,"level":"debug","message":"Skipping storing report.","meta":{"rootId":"5xnp0bcdon9lrxk","id":"5xnp0bcdon9lrxk"},"id":"bcdfqh1xqcne7op","previousOperationId":"7010ct66qtgpp16"}
{"type":"log","timestamp":1684643011072,"level":"info","message":"Rendering request 14 finished in 254 ms","meta":{"rootId":"5xnp0bcdon9lrxk","id":"5xnp0bcdon9lrxk"},"id":"ryapesooh9bru42","previousOperationId":"7010ct66qtgpp16"}
{"type":"operationEnd","subtype":"render","operationId":"shlokefl564ozj2","timestamp":1684643011072,"id":"9y81ziigpvecm8z","previousEventId":"37oggspitxyvx39","previousOperationId":"7010ct66qtgpp16"}
{"type":"operationEnd","doDiffs":false,"previousEventId":"8jytjy5yuyucvui","previousOperationId":"c3mq2el4e8g1q8w","operationId":"c3mq2el4e8g1q8w","timestamp":1684643011077,"id":"tg7efbxjs9jt8qn"}
