{"type":"operationStart","subtype":"profile","data":{"_id":"MBfS7YrlCmwbiSBP","timestamp":"2023-05-21T04:30:49.793Z","state":"queued","mode":"standard","creationDate":"2023-05-21T04:30:49.795Z","modificationDate":"2023-05-21T04:30:49.795Z","shortid":"BnewIy6","$entitySet":"profiles"},"doDiffs":false,"timestamp":1684643449794,"id":"r3ljbcgbem3atky","previousOperationId":null,"operationId":"hw4la3oxx5bovpz"}
{"type":"log","level":"info","message":"Render request 19 queued for execution and waiting for available worker","previousOperationId":"hw4la3oxx5bovpz","timestamp":1684643449794,"id":"pn82knv4gb5lrie"}
{"type":"operationStart","subtype":"render","name":"invoice-main","previousOperationId":"hw4la3oxx5bovpz","timestamp":1684643449804,"id":"xc81vq71w1wgq9y","previousEventId":"r3ljbcgbem3atky","operationId":"idj613elbq933tm"}
{"type":"log","timestamp":1684643449804,"level":"info","message":"Starting rendering request 19","meta":{"rootId":"bxxblg0d5dufmr8","id":"bxxblg0d5dufmr8"},"id":"rudangdre3nfwje","previousOperationId":"idj613elbq933tm"}
{"type":"log","timestamp":1684643449804,"level":"info","message":"Rendering template { name: invoice-main, recipe: chrome-pdf, engine: handlebars, preview: true }","meta":{"rootId":"bxxblg0d5dufmr8","id":"bxxblg0d5dufmr8"},"id":"gy8vyu89h754b9c","previousOperationId":"idj613elbq933tm"}
{"type":"log","timestamp":1684643449805,"level":"debug","message":"Adding sample data YnJQL_aQg","meta":{"rootId":"bxxblg0d5dufmr8","id":"bxxblg0d5dufmr8"},"id":"tqjw22c0ji5ufzl","previousOperationId":"idj613elbq933tm"}
{"type":"log","timestamp":1684643449807,"level":"debug","message":"Base url not specified, skipping its injection.","meta":{"rootId":"bxxblg0d5dufmr8","id":"bxxblg0d5dufmr8"},"id":"4z6raa5syg65dy3","previousOperationId":"idj613elbq933tm"}
{"type":"operationStart","subtype":"engine","name":"handlebars","timestamp":1684643449807,"id":"sgexir80vrdjd71","previousEventId":"xc81vq71w1wgq9y","operationId":"ijwjse6100y4v5c","previousOperationId":"idj613elbq933tm"}
{"type":"log","timestamp":1684643449807,"level":"debug","message":"Rendering engine handlebars","meta":{"rootId":"bxxblg0d5dufmr8","id":"bxxblg0d5dufmr8"},"id":"mb6etkzxg0cmtmw","previousOperationId":"ijwjse6100y4v5c"}
{"type":"operationEnd","operationId":"ijwjse6100y4v5c","timestamp":1684643449893,"id":"86zme08ik611vrd","previousEventId":"sgexir80vrdjd71","previousOperationId":"ijwjse6100y4v5c"}
{"type":"operationStart","subtype":"recipe","name":"chrome-pdf","timestamp":1684643449893,"id":"jns1qt8ojr81t65","previousEventId":"86zme08ik611vrd","operationId":"xhlaxh8lkq06z4b","previousOperationId":"ijwjse6100y4v5c"}
{"type":"log","timestamp":1684643449893,"level":"debug","message":"Executing recipe chrome-pdf","meta":{"rootId":"bxxblg0d5dufmr8","id":"bxxblg0d5dufmr8"},"id":"oaxl64s1u3im8ah","previousOperationId":"xhlaxh8lkq06z4b"}
{"type":"log","timestamp":1684643449895,"level":"debug","message":"Converting with chrome HeadlessChrome/105.0.5173.0 using chrome-pool strategy","meta":{"rootId":"bxxblg0d5dufmr8","id":"bxxblg0d5dufmr8"},"id":"ol7wkcm5eyn0flb","previousOperationId":"xhlaxh8lkq06z4b"}
{"type":"log","timestamp":1684643449964,"level":"debug","message":"Page request: GET (document) file:///C:/Users/Adebayo/AppData/Local/Temp/jsreport/autocleanup/ba218da6-4bc5-4882-89d8-300c2000418e-chrome-pdf.html","meta":{"rootId":"bxxblg0d5dufmr8","id":"bxxblg0d5dufmr8"},"id":"x7p4izmlauu4cc3","previousOperationId":"xhlaxh8lkq06z4b"}
{"type":"log","timestamp":1684643449973,"level":"debug","message":"Page request finished: GET (document) 200 file:///C:/Users/Adebayo/AppData/Local/Temp/jsreport/autocleanup/ba218da6-4bc5-4882-89d8-300c2000418e-chrome-pdf.html","meta":{"rootId":"bxxblg0d5dufmr8","id":"bxxblg0d5dufmr8"},"id":"dl8lazifwi3a1ms","previousOperationId":"xhlaxh8lkq06z4b"}
{"type":"log","timestamp":1684643449973,"level":"debug","message":"Page request: GET (script) https://cdnjs.cloudflare.com/ajax/libs/Chart.js/2.1.6/Chart.min.js","meta":{"rootId":"bxxblg0d5dufmr8","id":"bxxblg0d5dufmr8"},"id":"mw8ewr5n0xcw4gk","previousOperationId":"xhlaxh8lkq06z4b"}
{"type":"log","timestamp":1684643449978,"level":"debug","message":"Page request finished: GET (script) 200 https://cdnjs.cloudflare.com/ajax/libs/Chart.js/2.1.6/Chart.min.js","meta":{"rootId":"bxxblg0d5dufmr8","id":"bxxblg0d5dufmr8"},"id":"71rncdxo6r4pxw5","previousOperationId":"xhlaxh8lkq06z4b"}
{"type":"log","timestamp":1684643450014,"level":"debug","message":"Running chrome with params {\"printBackground\":true,\"marginTop\":\"1cm\",\"marginRight\":\"1cm\",\"marginBottom\":\"1cm\",\"marginLeft\":\"1cm\",\"timeout\":59899,\"margin\":{\"top\":\"1cm\",\"right\":\"1cm\",\"bottom\":\"1cm\",\"left\":\"1cm\"}}","meta":{"rootId":"bxxblg0d5dufmr8","id":"bxxblg0d5dufmr8"},"id":"p1m990koz1wsdvd","previousOperationId":"xhlaxh8lkq06z4b"}
{"type":"operationEnd","operationId":"xhlaxh8lkq06z4b","timestamp":1684643450038,"id":"o7k4abr4z8zcx7s","previousEventId":"jns1qt8ojr81t65","previousOperationId":"xhlaxh8lkq06z4b"}
{"type":"log","timestamp":1684643450038,"level":"debug","message":"Skipping storing report.","meta":{"rootId":"bxxblg0d5dufmr8","id":"bxxblg0d5dufmr8"},"id":"p9j8daqqg88l8rd","previousOperationId":"xhlaxh8lkq06z4b"}
{"type":"log","timestamp":1684643450038,"level":"info","message":"Rendering request 19 finished in 245 ms","meta":{"rootId":"bxxblg0d5dufmr8","id":"bxxblg0d5dufmr8"},"id":"l0wjjqicmuv6usr","previousOperationId":"xhlaxh8lkq06z4b"}
{"type":"operationEnd","subtype":"render","operationId":"idj613elbq933tm","timestamp":1684643450038,"id":"x76w7ogy4z3s5un","previousEventId":"o7k4abr4z8zcx7s","previousOperationId":"xhlaxh8lkq06z4b"}
{"type":"operationEnd","doDiffs":false,"previousEventId":"r3ljbcgbem3atky","previousOperationId":"hw4la3oxx5bovpz","operationId":"hw4la3oxx5bovpz","timestamp":1684643450047,"id":"rw2kj4pd90wl66e"}
