{"type":"operationStart","subtype":"profile","data":{"_id":"X0YdQEmH4h8LwAc4","timestamp":"2023-05-21T04:32:05.446Z","state":"queued","mode":"standard","creationDate":"2023-05-21T04:32:05.448Z","modificationDate":"2023-05-21T04:32:05.448Z","shortid":"Qsk8ZDr","$entitySet":"profiles"},"doDiffs":false,"timestamp":1684643525447,"id":"w9yb29w33tgjt4o","previousOperationId":null,"operationId":"jeil0w2xvy9is2f"}
{"type":"log","level":"info","message":"Render request 22 queued for execution and waiting for available worker","previousOperationId":"jeil0w2xvy9is2f","timestamp":1684643525447,"id":"39rdoui3sqaxp1d"}
{"type":"operationStart","subtype":"render","name":"invoice-main","previousOperationId":"jeil0w2xvy9is2f","timestamp":1684643525457,"id":"poxfxb3oboiuvob","previousEventId":"w9yb29w33tgjt4o","operationId":"nundpfqov7rqj4t"}
{"type":"log","timestamp":1684643525457,"level":"info","message":"Starting rendering request 22","meta":{"rootId":"d5qrgh9sw9k15lu","id":"d5qrgh9sw9k15lu"},"id":"oojo8obpfbezsm7","previousOperationId":"nundpfqov7rqj4t"}
{"type":"log","timestamp":1684643525457,"level":"info","message":"Rendering template { name: invoice-main, recipe: chrome-pdf, engine: handlebars, preview: true }","meta":{"rootId":"d5qrgh9sw9k15lu","id":"d5qrgh9sw9k15lu"},"id":"xg8mg92cix9lgp6","previousOperationId":"nundpfqov7rqj4t"}
{"type":"log","timestamp":1684643525458,"level":"debug","message":"Inline data specified.","meta":{"rootId":"d5qrgh9sw9k15lu","id":"d5qrgh9sw9k15lu"},"id":"v5cgjydq97b3gd4","previousOperationId":"nundpfqov7rqj4t"}
{"type":"log","timestamp":1684643525460,"level":"debug","message":"Base url not specified, skipping its injection.","meta":{"rootId":"d5qrgh9sw9k15lu","id":"d5qrgh9sw9k15lu"},"id":"e2qikqih60mdwwi","previousOperationId":"nundpfqov7rqj4t"}
{"type":"operationStart","subtype":"engine","name":"handlebars","timestamp":1684643525460,"id":"ardmyeuyf36enen","previousEventId":"poxfxb3oboiuvob","operationId":"qcn1sj7qbpo1cwv","previousOperationId":"nundpfqov7rqj4t"}
{"type":"log","timestamp":1684643525460,"level":"debug","message":"Rendering engine handlebars","meta":{"rootId":"d5qrgh9sw9k15lu","id":"d5qrgh9sw9k15lu"},"id":"8665ik2dvgidd1j","previousOperationId":"qcn1sj7qbpo1cwv"}
{"type":"operationEnd","operationId":"qcn1sj7qbpo1cwv","timestamp":1684643525530,"id":"2spdtj0nmyephvv","previousEventId":"ardmyeuyf36enen","previousOperationId":"qcn1sj7qbpo1cwv"}
{"type":"operationStart","subtype":"recipe","name":"chrome-pdf","timestamp":1684643525530,"id":"hzf6zinaj4c6m2w","previousEventId":"2spdtj0nmyephvv","operationId":"xjrrc7sya7edhth","previousOperationId":"qcn1sj7qbpo1cwv"}
{"type":"log","timestamp":1684643525530,"level":"debug","message":"Executing recipe chrome-pdf","meta":{"rootId":"d5qrgh9sw9k15lu","id":"d5qrgh9sw9k15lu"},"id":"4ncixq8o4a2vzxt","previousOperationId":"xjrrc7sya7edhth"}
{"type":"log","timestamp":1684643525539,"level":"debug","message":"Converting with chrome HeadlessChrome/105.0.5173.0 using chrome-pool strategy","meta":{"rootId":"d5qrgh9sw9k15lu","id":"d5qrgh9sw9k15lu"},"id":"rt1pkyosxeubt9x","previousOperationId":"xjrrc7sya7edhth"}
{"type":"log","timestamp":1684643525619,"level":"debug","message":"Page request: GET (document) file:///C:/Users/Adebayo/AppData/Local/Temp/jsreport/autocleanup/9e6650ec-668d-49af-9f09-4a58e9561a39-chrome-pdf.html","meta":{"rootId":"d5qrgh9sw9k15lu","id":"d5qrgh9sw9k15lu"},"id":"2uqnyfhtczg5zmj","previousOperationId":"xjrrc7sya7edhth"}
{"type":"log","timestamp":1684643525628,"level":"debug","message":"Page request finished: GET (document) 200 file:///C:/Users/Adebayo/AppData/Local/Temp/jsreport/autocleanup/9e6650ec-668d-49af-9f09-4a58e9561a39-chrome-pdf.html","meta":{"rootId":"d5qrgh9sw9k15lu","id":"d5qrgh9sw9k15lu"},"id":"jmg4v597770arh8","previousOperationId":"xjrrc7sya7edhth"}
{"type":"log","timestamp":1684643525629,"level":"debug","message":"Page request: GET (script) https://cdnjs.cloudflare.com/ajax/libs/Chart.js/2.1.6/Chart.min.js","meta":{"rootId":"d5qrgh9sw9k15lu","id":"d5qrgh9sw9k15lu"},"id":"0w2kfznt6hskj08","previousOperationId":"xjrrc7sya7edhth"}
{"type":"log","timestamp":1684643525634,"level":"debug","message":"Page request finished: GET (script) 200 https://cdnjs.cloudflare.com/ajax/libs/Chart.js/2.1.6/Chart.min.js","meta":{"rootId":"d5qrgh9sw9k15lu","id":"d5qrgh9sw9k15lu"},"id":"i0mrab9b44c8xcg","previousOperationId":"xjrrc7sya7edhth"}
{"type":"log","timestamp":1684643525693,"level":"debug","message":"Running chrome with params {\"printBackground\":true,\"marginTop\":\"1cm\",\"marginRight\":\"1cm\",\"marginBottom\":\"1cm\",\"marginLeft\":\"1cm\",\"timeout\":59908,\"margin\":{\"top\":\"1cm\",\"right\":\"1cm\",\"bottom\":\"1cm\",\"left\":\"1cm\"}}","meta":{"rootId":"d5qrgh9sw9k15lu","id":"d5qrgh9sw9k15lu"},"id":"48oudjlm2zn7cfb","previousOperationId":"xjrrc7sya7edhth"}
{"type":"operationEnd","operationId":"xjrrc7sya7edhth","timestamp":1684643525722,"id":"qzaqaak2n3da5vz","previousEventId":"hzf6zinaj4c6m2w","previousOperationId":"xjrrc7sya7edhth"}
{"type":"log","timestamp":1684643525722,"level":"debug","message":"Skipping storing report.","meta":{"rootId":"d5qrgh9sw9k15lu","id":"d5qrgh9sw9k15lu"},"id":"5y1qmu0zl4ljvfd","previousOperationId":"xjrrc7sya7edhth"}
{"type":"log","timestamp":1684643525722,"level":"info","message":"Rendering request 22 finished in 276 ms","meta":{"rootId":"d5qrgh9sw9k15lu","id":"d5qrgh9sw9k15lu"},"id":"vpv9jjr01amakme","previousOperationId":"xjrrc7sya7edhth"}
{"type":"operationEnd","subtype":"render","operationId":"nundpfqov7rqj4t","timestamp":1684643525722,"id":"s3jvcr5ums4ts34","previousEventId":"qzaqaak2n3da5vz","previousOperationId":"xjrrc7sya7edhth"}
{"type":"operationEnd","doDiffs":false,"previousEventId":"w9yb29w33tgjt4o","previousOperationId":"jeil0w2xvy9is2f","operationId":"jeil0w2xvy9is2f","timestamp":1684643525731,"id":"9sw837yd78razmd"}
