{"type":"operationStart","subtype":"profile","data":{"_id":"r1RIRPQZLYn3oTYd","timestamp":"2023-05-21T04:29:04.783Z","state":"queued","mode":"standard","creationDate":"2023-05-21T04:29:04.785Z","modificationDate":"2023-05-21T04:29:04.785Z","shortid":"NuR6XIr","$entitySet":"profiles"},"doDiffs":false,"timestamp":1684643344784,"id":"f384uf9wq19i5ua","previousOperationId":null,"operationId":"3b914mbjkh6mkww"}
{"type":"log","level":"info","message":"Render request 17 queued for execution and waiting for available worker","previousOperationId":"3b914mbjkh6mkww","timestamp":1684643344784,"id":"g1ctzmy59ng6n6n"}
{"type":"operationStart","subtype":"render","name":"invoice-main","previousOperationId":"3b914mbjkh6mkww","timestamp":1684643344796,"id":"jtfyvt9khqpfwdq","previousEventId":"f384uf9wq19i5ua","operationId":"elpy2ya9hufg0i7"}
{"type":"log","timestamp":1684643344796,"level":"info","message":"Starting rendering request 17","meta":{"rootId":"d66m5sv08us7ywy","id":"d66m5sv08us7ywy"},"id":"nrb2ryo8qmpnokn","previousOperationId":"elpy2ya9hufg0i7"}
{"type":"log","timestamp":1684643344796,"level":"info","message":"Rendering template { name: invoice-main, recipe: chrome-pdf, engine: handlebars, preview: true }","meta":{"rootId":"d66m5sv08us7ywy","id":"d66m5sv08us7ywy"},"id":"czuxsc4emd8oslv","previousOperationId":"elpy2ya9hufg0i7"}
{"type":"log","timestamp":1684643344798,"level":"debug","message":"Inline data specified.","meta":{"rootId":"d66m5sv08us7ywy","id":"d66m5sv08us7ywy"},"id":"qw6cnr85y2m5e8l","previousOperationId":"elpy2ya9hufg0i7"}
{"type":"log","timestamp":1684643344800,"level":"debug","message":"Base url not specified, skipping its injection.","meta":{"rootId":"d66m5sv08us7ywy","id":"d66m5sv08us7ywy"},"id":"drxpxcylmi5w17n","previousOperationId":"elpy2ya9hufg0i7"}
{"type":"operationStart","subtype":"engine","name":"handlebars","timestamp":1684643344800,"id":"uarrdkjw0uoubgc","previousEventId":"jtfyvt9khqpfwdq","operationId":"xeyip2b2ft88nuv","previousOperationId":"elpy2ya9hufg0i7"}
{"type":"log","timestamp":1684643344800,"level":"debug","message":"Rendering engine handlebars","meta":{"rootId":"d66m5sv08us7ywy","id":"d66m5sv08us7ywy"},"id":"zg1ewzec9ji0ctw","previousOperationId":"xeyip2b2ft88nuv"}
{"type":"operationEnd","operationId":"xeyip2b2ft88nuv","timestamp":1684643344862,"id":"0uqu3vsgvzdr2nv","previousEventId":"uarrdkjw0uoubgc","previousOperationId":"xeyip2b2ft88nuv"}
{"type":"operationStart","subtype":"recipe","name":"chrome-pdf","timestamp":1684643344862,"id":"v4vezin1x2q5rrh","previousEventId":"0uqu3vsgvzdr2nv","operationId":"iw72h03g55sfk75","previousOperationId":"xeyip2b2ft88nuv"}
{"type":"log","timestamp":1684643344862,"level":"debug","message":"Executing recipe chrome-pdf","meta":{"rootId":"d66m5sv08us7ywy","id":"d66m5sv08us7ywy"},"id":"2gphasyl34vswxo","previousOperationId":"iw72h03g55sfk75"}
{"type":"log","timestamp":1684643344865,"level":"debug","message":"Converting with chrome HeadlessChrome/105.0.5173.0 using chrome-pool strategy","meta":{"rootId":"d66m5sv08us7ywy","id":"d66m5sv08us7ywy"},"id":"6kwb7fetv2gpyzf","previousOperationId":"iw72h03g55sfk75"}
{"type":"log","timestamp":1684643344943,"level":"debug","message":"Page request: GET (document) file:///C:/Users/Adebayo/AppData/Local/Temp/jsreport/autocleanup/04d6cf9e-0139-4631-869e-51a32dab07af-chrome-pdf.html","meta":{"rootId":"d66m5sv08us7ywy","id":"d66m5sv08us7ywy"},"id":"yajvzxehv6v8tn9","previousOperationId":"iw72h03g55sfk75"}
{"type":"log","timestamp":1684643344953,"level":"debug","message":"Page request finished: GET (document) 200 file:///C:/Users/Adebayo/AppData/Local/Temp/jsreport/autocleanup/04d6cf9e-0139-4631-869e-51a32dab07af-chrome-pdf.html","meta":{"rootId":"d66m5sv08us7ywy","id":"d66m5sv08us7ywy"},"id":"a4ofxe2sljfaml2","previousOperationId":"iw72h03g55sfk75"}
{"type":"log","timestamp":1684643344953,"level":"debug","message":"Page request: GET (script) https://cdnjs.cloudflare.com/ajax/libs/Chart.js/2.1.6/Chart.min.js","meta":{"rootId":"d66m5sv08us7ywy","id":"d66m5sv08us7ywy"},"id":"9fg5a4tk7wh2jqv","previousOperationId":"iw72h03g55sfk75"}
{"type":"log","timestamp":1684643344957,"level":"debug","message":"Page request finished: GET (script) 200 https://cdnjs.cloudflare.com/ajax/libs/Chart.js/2.1.6/Chart.min.js","meta":{"rootId":"d66m5sv08us7ywy","id":"d66m5sv08us7ywy"},"id":"pqy1arzksrfrgyw","previousOperationId":"iw72h03g55sfk75"}
{"type":"log","timestamp":1684643344993,"level":"debug","message":"Running chrome with params {\"printBackground\":true,\"marginTop\":\"1cm\",\"marginRight\":\"1cm\",\"marginBottom\":\"1cm\",\"marginLeft\":\"1cm\",\"timeout\":59919,\"margin\":{\"top\":\"1cm\",\"right\":\"1cm\",\"bottom\":\"1cm\",\"left\":\"1cm\"}}","meta":{"rootId":"d66m5sv08us7ywy","id":"d66m5sv08us7ywy"},"id":"mm4ezxwdukisdhs","previousOperationId":"iw72h03g55sfk75"}
{"type":"operationEnd","operationId":"iw72h03g55sfk75","timestamp":1684643345011,"id":"8e4vd5fy1gncxav","previousEventId":"v4vezin1x2q5rrh","previousOperationId":"iw72h03g55sfk75"}
{"type":"log","timestamp":1684643345012,"level":"debug","message":"Skipping storing report.","meta":{"rootId":"d66m5sv08us7ywy","id":"d66m5sv08us7ywy"},"id":"7q5pm253ct62nhb","previousOperationId":"iw72h03g55sfk75"}
{"type":"log","timestamp":1684643345012,"level":"info","message":"Rendering request 17 finished in 229 ms","meta":{"rootId":"d66m5sv08us7ywy","id":"d66m5sv08us7ywy"},"id":"rueumue1n810lv9","previousOperationId":"iw72h03g55sfk75"}
{"type":"operationEnd","subtype":"render","operationId":"elpy2ya9hufg0i7","timestamp":1684643345012,"id":"1r86jxs28hqwj9e","previousEventId":"8e4vd5fy1gncxav","previousOperationId":"iw72h03g55sfk75"}
{"type":"operationEnd","doDiffs":false,"previousEventId":"f384uf9wq19i5ua","previousOperationId":"3b914mbjkh6mkww","operationId":"3b914mbjkh6mkww","timestamp":1684643345018,"id":"lhuigm666ojb9ey"}
