{"type":"operationStart","subtype":"profile","data":{"_id":"IMMDw59VD2GytPUg","timestamp":"2023-05-21T04:23:08.354Z","state":"queued","mode":"standard","creationDate":"2023-05-21T04:23:08.355Z","modificationDate":"2023-05-21T04:23:08.355Z","shortid":"ItNudtL","$entitySet":"profiles"},"doDiffs":false,"timestamp":1684642988355,"id":"gv9q9s4z9ipp8la","previousOperationId":null,"operationId":"sk7y56qknbp72gq"}
{"type":"log","level":"info","message":"Render request 13 queued for execution and waiting for available worker","previousOperationId":"sk7y56qknbp72gq","timestamp":1684642988355,"id":"x2gb02nd9jh4zy9"}
{"type":"operationStart","subtype":"render","name":"invoice-main","previousOperationId":"sk7y56qknbp72gq","timestamp":1684642988367,"id":"ymy8qxyg6mackvs","previousEventId":"gv9q9s4z9ipp8la","operationId":"hq5ofo80pmymf6o"}
{"type":"log","timestamp":1684642988367,"level":"info","message":"Starting rendering request 13","meta":{"rootId":"ilwco2k0j588fm3","id":"ilwco2k0j588fm3"},"id":"6wd94z2rmtv78nh","previousOperationId":"hq5ofo80pmymf6o"}
{"type":"log","timestamp":1684642988368,"level":"info","message":"Rendering template { name: invoice-main, recipe: chrome-pdf, engine: handlebars, preview: true }","meta":{"rootId":"ilwco2k0j588fm3","id":"ilwco2k0j588fm3"},"id":"bghvlm43tg8ncdk","previousOperationId":"hq5ofo80pmymf6o"}
{"type":"log","timestamp":1684642988370,"level":"debug","message":"Inline data specified.","meta":{"rootId":"ilwco2k0j588fm3","id":"ilwco2k0j588fm3"},"id":"5p64tnf94sj2ld9","previousOperationId":"hq5ofo80pmymf6o"}
{"type":"log","timestamp":1684642988373,"level":"debug","message":"Base url not specified, skipping its injection.","meta":{"rootId":"ilwco2k0j588fm3","id":"ilwco2k0j588fm3"},"id":"f27iiapicvv8u78","previousOperationId":"hq5ofo80pmymf6o"}
{"type":"operationStart","subtype":"engine","name":"handlebars","timestamp":1684642988381,"id":"x2ltk0krllvi65o","previousEventId":"ymy8qxyg6mackvs","operationId":"0usixlnd4u7dbur","previousOperationId":"hq5ofo80pmymf6o"}
{"type":"log","timestamp":1684642988382,"level":"debug","message":"Rendering engine handlebars","meta":{"rootId":"ilwco2k0j588fm3","id":"ilwco2k0j588fm3"},"id":"57ynndtot2m9u0h","previousOperationId":"0usixlnd4u7dbur"}
{"type":"operationEnd","operationId":"0usixlnd4u7dbur","timestamp":1684642988495,"id":"z43tacxwmoqbxn6","previousEventId":"x2ltk0krllvi65o","previousOperationId":"0usixlnd4u7dbur"}
{"type":"operationStart","subtype":"recipe","name":"chrome-pdf","timestamp":1684642988496,"id":"5mmje1ksmh850cz","previousEventId":"z43tacxwmoqbxn6","operationId":"dknqda4wkaxpypt","previousOperationId":"0usixlnd4u7dbur"}
{"type":"log","timestamp":1684642988496,"level":"debug","message":"Executing recipe chrome-pdf","meta":{"rootId":"ilwco2k0j588fm3","id":"ilwco2k0j588fm3"},"id":"2e3aleckw43wz9a","previousOperationId":"dknqda4wkaxpypt"}
{"type":"log","timestamp":1684642988754,"level":"debug","message":"Converting with chrome HeadlessChrome/105.0.5173.0 using chrome-pool strategy","meta":{"rootId":"ilwco2k0j588fm3","id":"ilwco2k0j588fm3"},"id":"4wid6qz3jk09pww","previousOperationId":"dknqda4wkaxpypt"}
{"type":"log","timestamp":1684642988916,"level":"debug","message":"Page request: GET (document) file:///C:/Users/Adebayo/AppData/Local/Temp/jsreport/autocleanup/cf73c0c4-cb75-436d-a777-f01b93135e31-chrome-pdf.html","meta":{"rootId":"ilwco2k0j588fm3","id":"ilwco2k0j588fm3"},"id":"kk5gke6lo3f1s65","previousOperationId":"dknqda4wkaxpypt"}
{"type":"log","timestamp":1684642988924,"level":"debug","message":"Page request finished: GET (document) 200 file:///C:/Users/Adebayo/AppData/Local/Temp/jsreport/autocleanup/cf73c0c4-cb75-436d-a777-f01b93135e31-chrome-pdf.html","meta":{"rootId":"ilwco2k0j588fm3","id":"ilwco2k0j588fm3"},"id":"ywv4f77w3fdkkgr","previousOperationId":"dknqda4wkaxpypt"}
{"type":"log","timestamp":1684642988924,"level":"debug","message":"Page request: GET (script) https://cdnjs.cloudflare.com/ajax/libs/Chart.js/2.1.6/Chart.min.js","meta":{"rootId":"ilwco2k0j588fm3","id":"ilwco2k0j588fm3"},"id":"pr9x0tk3brc7xhw","previousOperationId":"dknqda4wkaxpypt"}
{"type":"log","timestamp":1684642993123,"level":"debug","message":"Page request finished: GET (script) 200 https://cdnjs.cloudflare.com/ajax/libs/Chart.js/2.1.6/Chart.min.js","meta":{"rootId":"ilwco2k0j588fm3","id":"ilwco2k0j588fm3"},"id":"7q6i4tkeu2sxmad","previousOperationId":"dknqda4wkaxpypt"}
{"type":"log","timestamp":1684642993162,"level":"debug","message":"Running chrome with params {\"printBackground\":true,\"marginTop\":\"1cm\",\"marginRight\":\"1cm\",\"marginBottom\":\"1cm\",\"marginLeft\":\"1cm\",\"timeout\":59854,\"margin\":{\"top\":\"1cm\",\"right\":\"1cm\",\"bottom\":\"1cm\",\"left\":\"1cm\"}}","meta":{"rootId":"ilwco2k0j588fm3","id":"ilwco2k0j588fm3"},"id":"zpobhwg6mkrijq3","previousOperationId":"dknqda4wkaxpypt"}
{"type":"operationEnd","operationId":"dknqda4wkaxpypt","timestamp":1684642993182,"id":"k3pe522sua4b496","previousEventId":"5mmje1ksmh850cz","previousOperationId":"dknqda4wkaxpypt"}
{"type":"log","timestamp":1684642993183,"level":"debug","message":"Skipping storing report.","meta":{"rootId":"ilwco2k0j588fm3","id":"ilwco2k0j588fm3"},"id":"w99249ddlmnskxw","previousOperationId":"dknqda4wkaxpypt"}
{"type":"log","timestamp":1684642993183,"level":"info","message":"Rendering request 13 finished in 4829 ms","meta":{"rootId":"ilwco2k0j588fm3","id":"ilwco2k0j588fm3"},"id":"9bzpl897n4gsmng","previousOperationId":"dknqda4wkaxpypt"}
{"type":"operationEnd","subtype":"render","operationId":"hq5ofo80pmymf6o","timestamp":1684642993183,"id":"6rnruvl3iufvt09","previousEventId":"k3pe522sua4b496","previousOperationId":"dknqda4wkaxpypt"}
{"type":"operationEnd","doDiffs":false,"previousEventId":"gv9q9s4z9ipp8la","previousOperationId":"sk7y56qknbp72gq","operationId":"sk7y56qknbp72gq","timestamp":1684642993188,"id":"njl1l6g32y8nnxu"}
