{"type":"operationStart","subtype":"profile","data":{"_id":"8yowBwTWMCQ5nXRE","timestamp":"2023-05-21T04:24:48.034Z","state":"queued","mode":"standard","creationDate":"2023-05-21T04:24:48.035Z","modificationDate":"2023-05-21T04:24:48.035Z","shortid":"fzr9uYa","$entitySet":"profiles"},"doDiffs":false,"timestamp":1684643088034,"id":"hkzuz28bwsl63ir","previousOperationId":null,"operationId":"1czd0ig1sbb519v"}
{"type":"log","level":"info","message":"Render request 15 queued for execution and waiting for available worker","previousOperationId":"1czd0ig1sbb519v","timestamp":1684643088034,"id":"hzecr83r0tmfggr"}
{"type":"operationStart","subtype":"render","name":"invoice-main","previousOperationId":"1czd0ig1sbb519v","timestamp":1684643088043,"id":"ss6ngi4y0j6prxh","previousEventId":"hkzuz28bwsl63ir","operationId":"cvv4nnmqadb7v08"}
{"type":"log","timestamp":1684643088043,"level":"info","message":"Starting rendering request 15","meta":{"rootId":"l65uw4y8wfcrfxd","id":"l65uw4y8wfcrfxd"},"id":"qb0498e1re6djmd","previousOperationId":"cvv4nnmqadb7v08"}
{"type":"log","timestamp":1684643088043,"level":"info","message":"Rendering template { name: invoice-main, recipe: chrome-pdf, engine: handlebars, preview: true }","meta":{"rootId":"l65uw4y8wfcrfxd","id":"l65uw4y8wfcrfxd"},"id":"pjlgquxohe9p0iy","previousOperationId":"cvv4nnmqadb7v08"}
{"type":"log","timestamp":1684643088045,"level":"debug","message":"Inline data specified.","meta":{"rootId":"l65uw4y8wfcrfxd","id":"l65uw4y8wfcrfxd"},"id":"dp3wavjbjaofk77","previousOperationId":"cvv4nnmqadb7v08"}
{"type":"log","timestamp":1684643088047,"level":"debug","message":"Base url not specified, skipping its injection.","meta":{"rootId":"l65uw4y8wfcrfxd","id":"l65uw4y8wfcrfxd"},"id":"xcagixqf06h8cmo","previousOperationId":"cvv4nnmqadb7v08"}
{"type":"operationStart","subtype":"engine","name":"handlebars","timestamp":1684643088048,"id":"v8kpla65ldsarjj","previousEventId":"ss6ngi4y0j6prxh","operationId":"3mlc2x9n6rvn6qw","previousOperationId":"cvv4nnmqadb7v08"}
{"type":"log","timestamp":1684643088048,"level":"debug","message":"Rendering engine handlebars","meta":{"rootId":"l65uw4y8wfcrfxd","id":"l65uw4y8wfcrfxd"},"id":"wk8qbg8z6xkbp2w","previousOperationId":"3mlc2x9n6rvn6qw"}
{"type":"operationEnd","operationId":"3mlc2x9n6rvn6qw","timestamp":1684643088114,"id":"wzdabmmyt50thhn","previousEventId":"v8kpla65ldsarjj","previousOperationId":"3mlc2x9n6rvn6qw"}
{"type":"operationStart","subtype":"recipe","name":"chrome-pdf","timestamp":1684643088114,"id":"rdztiyg0yg9a4y0","previousEventId":"wzdabmmyt50thhn","operationId":"ya98jqb11hpd9jx","previousOperationId":"3mlc2x9n6rvn6qw"}
{"type":"log","timestamp":1684643088114,"level":"debug","message":"Executing recipe chrome-pdf","meta":{"rootId":"l65uw4y8wfcrfxd","id":"l65uw4y8wfcrfxd"},"id":"qtyfq3d4i6lohka","previousOperationId":"ya98jqb11hpd9jx"}
{"type":"log","timestamp":1684643088117,"level":"debug","message":"Converting with chrome HeadlessChrome/105.0.5173.0 using chrome-pool strategy","meta":{"rootId":"l65uw4y8wfcrfxd","id":"l65uw4y8wfcrfxd"},"id":"styagf1tt7zlh07","previousOperationId":"ya98jqb11hpd9jx"}
{"type":"log","timestamp":1684643088195,"level":"debug","message":"Page request: GET (document) file:///C:/Users/Adebayo/AppData/Local/Temp/jsreport/autocleanup/a550a3df-48f2-4ebe-91fd-dc5e3491d138-chrome-pdf.html","meta":{"rootId":"l65uw4y8wfcrfxd","id":"l65uw4y8wfcrfxd"},"id":"55d9jfkwrrhuz8x","previousOperationId":"ya98jqb11hpd9jx"}
{"type":"log","timestamp":1684643088205,"level":"debug","message":"Page request finished: GET (document) 200 file:///C:/Users/Adebayo/AppData/Local/Temp/jsreport/autocleanup/a550a3df-48f2-4ebe-91fd-dc5e3491d138-chrome-pdf.html","meta":{"rootId":"l65uw4y8wfcrfxd","id":"l65uw4y8wfcrfxd"},"id":"wgv3b67xbuxvw1x","previousOperationId":"ya98jqb11hpd9jx"}
{"type":"log","timestamp":1684643088205,"level":"debug","message":"Page request: GET (script) https://cdnjs.cloudflare.com/ajax/libs/Chart.js/2.1.6/Chart.min.js","meta":{"rootId":"l65uw4y8wfcrfxd","id":"l65uw4y8wfcrfxd"},"id":"l2egdbuidx4sfl4","previousOperationId":"ya98jqb11hpd9jx"}
{"type":"log","timestamp":1684643088210,"level":"debug","message":"Page request finished: GET (script) 200 https://cdnjs.cloudflare.com/ajax/libs/Chart.js/2.1.6/Chart.min.js","meta":{"rootId":"l65uw4y8wfcrfxd","id":"l65uw4y8wfcrfxd"},"id":"zzjb4p21r36035t","previousOperationId":"ya98jqb11hpd9jx"}
{"type":"log","timestamp":1684643088244,"level":"debug","message":"Running chrome with params {\"printBackground\":true,\"marginTop\":\"1cm\",\"marginRight\":\"1cm\",\"marginBottom\":\"1cm\",\"marginLeft\":\"1cm\",\"timeout\":59918,\"margin\":{\"top\":\"1cm\",\"right\":\"1cm\",\"bottom\":\"1cm\",\"left\":\"1cm\"}}","meta":{"rootId":"l65uw4y8wfcrfxd","id":"l65uw4y8wfcrfxd"},"id":"w1wagg2m2sa999n","previousOperationId":"ya98jqb11hpd9jx"}
{"type":"operationEnd","operationId":"ya98jqb11hpd9jx","timestamp":1684643088268,"id":"158gud0wa5x7vp0","previousEventId":"rdztiyg0yg9a4y0","previousOperationId":"ya98jqb11hpd9jx"}
{"type":"log","timestamp":1684643088269,"level":"debug","message":"Skipping storing report.","meta":{"rootId":"l65uw4y8wfcrfxd","id":"l65uw4y8wfcrfxd"},"id":"sug8c9uzwicakvt","previousOperationId":"ya98jqb11hpd9jx"}
{"type":"log","timestamp":1684643088269,"level":"info","message":"Rendering request 15 finished in 235 ms","meta":{"rootId":"l65uw4y8wfcrfxd","id":"l65uw4y8wfcrfxd"},"id":"3ozrj5whovwqlnw","previousOperationId":"ya98jqb11hpd9jx"}
{"type":"operationEnd","subtype":"render","operationId":"cvv4nnmqadb7v08","timestamp":1684643088269,"id":"qvsz979dkfdscd6","previousEventId":"158gud0wa5x7vp0","previousOperationId":"ya98jqb11hpd9jx"}
{"type":"operationEnd","doDiffs":false,"previousEventId":"hkzuz28bwsl63ir","previousOperationId":"1czd0ig1sbb519v","operationId":"1czd0ig1sbb519v","timestamp":1684643088274,"id":"9fg7pn9mkaqrxet"}
