{"type":"operationStart","subtype":"profile","data":{"_id":"DfgvfPbsiVVDVwUC","timestamp":"2023-05-21T04:36:46.647Z","state":"queued","mode":"standard","creationDate":"2023-05-21T04:36:46.648Z","modificationDate":"2023-05-21T04:36:46.648Z","shortid":"_ZWsuCe","$entitySet":"profiles"},"doDiffs":false,"timestamp":1684643806648,"id":"uu3az2lb2qm620p","previousOperationId":null,"operationId":"d0fyuk2wq6d4cy5"}
{"type":"log","level":"info","message":"Render request 25 queued for execution and waiting for available worker","previousOperationId":"d0fyuk2wq6d4cy5","timestamp":1684643806648,"id":"t039qegxbul5cyk"}
{"type":"operationStart","subtype":"render","name":"invoice-main","previousOperationId":"d0fyuk2wq6d4cy5","timestamp":1684643806659,"id":"nyhzm3hjrc6r7me","previousEventId":"uu3az2lb2qm620p","operationId":"lw0luugj6a8qs1c"}
{"type":"log","timestamp":1684643806659,"level":"info","message":"Starting rendering request 25","meta":{"rootId":"r2cer9t60qbjcgz","id":"r2cer9t60qbjcgz"},"id":"85ldl7n0781q2lb","previousOperationId":"lw0luugj6a8qs1c"}
{"type":"log","timestamp":1684643806659,"level":"info","message":"Rendering template { name: invoice-main, recipe: chrome-pdf, engine: handlebars, preview: true }","meta":{"rootId":"r2cer9t60qbjcgz","id":"r2cer9t60qbjcgz"},"id":"ooio1n74fd6u4um","previousOperationId":"lw0luugj6a8qs1c"}
{"type":"log","timestamp":1684643806660,"level":"debug","message":"Inline data specified.","meta":{"rootId":"r2cer9t60qbjcgz","id":"r2cer9t60qbjcgz"},"id":"alcte6nyh33hgcd","previousOperationId":"lw0luugj6a8qs1c"}
{"type":"log","timestamp":1684643806662,"level":"debug","message":"Base url not specified, skipping its injection.","meta":{"rootId":"r2cer9t60qbjcgz","id":"r2cer9t60qbjcgz"},"id":"xnzu103z4pmo192","previousOperationId":"lw0luugj6a8qs1c"}
{"type":"operationStart","subtype":"engine","name":"handlebars","timestamp":1684643806662,"id":"hv9qt13jgw2c5ql","previousEventId":"nyhzm3hjrc6r7me","operationId":"sxbg7olluniehea","previousOperationId":"lw0luugj6a8qs1c"}
{"type":"log","timestamp":1684643806662,"level":"debug","message":"Rendering engine handlebars","meta":{"rootId":"r2cer9t60qbjcgz","id":"r2cer9t60qbjcgz"},"id":"fue02ttrzulywku","previousOperationId":"sxbg7olluniehea"}
{"type":"operationEnd","operationId":"sxbg7olluniehea","timestamp":1684643806734,"id":"5q5apqphvpbojjw","previousEventId":"hv9qt13jgw2c5ql","previousOperationId":"sxbg7olluniehea"}
{"type":"operationStart","subtype":"recipe","name":"chrome-pdf","timestamp":1684643806734,"id":"4d4puz9sfpwsgkz","previousEventId":"5q5apqphvpbojjw","operationId":"epvpgo096h772sh","previousOperationId":"sxbg7olluniehea"}
{"type":"log","timestamp":1684643806734,"level":"debug","message":"Executing recipe chrome-pdf","meta":{"rootId":"r2cer9t60qbjcgz","id":"r2cer9t60qbjcgz"},"id":"1w1nu0hpex6ahah","previousOperationId":"epvpgo096h772sh"}
{"type":"log","timestamp":1684643806737,"level":"debug","message":"Converting with chrome HeadlessChrome/105.0.5173.0 using chrome-pool strategy","meta":{"rootId":"r2cer9t60qbjcgz","id":"r2cer9t60qbjcgz"},"id":"lkc1h7793fbcuvl","previousOperationId":"epvpgo096h772sh"}
{"type":"log","timestamp":1684643806813,"level":"debug","message":"Page request: GET (document) file:///C:/Users/Adebayo/AppData/Local/Temp/jsreport/autocleanup/410941bd-2526-4cbf-9677-672b45c95e44-chrome-pdf.html","meta":{"rootId":"r2cer9t60qbjcgz","id":"r2cer9t60qbjcgz"},"id":"wf2hu39ft97e14s","previousOperationId":"epvpgo096h772sh"}
{"type":"log","timestamp":1684643806822,"level":"debug","message":"Page request finished: GET (document) 200 file:///C:/Users/Adebayo/AppData/Local/Temp/jsreport/autocleanup/410941bd-2526-4cbf-9677-672b45c95e44-chrome-pdf.html","meta":{"rootId":"r2cer9t60qbjcgz","id":"r2cer9t60qbjcgz"},"id":"qpeabuxgpieqh39","previousOperationId":"epvpgo096h772sh"}
{"type":"log","timestamp":1684643806823,"level":"debug","message":"Page request: GET (script) https://cdnjs.cloudflare.com/ajax/libs/Chart.js/2.1.6/Chart.min.js","meta":{"rootId":"r2cer9t60qbjcgz","id":"r2cer9t60qbjcgz"},"id":"bduvwk8b0530o1j","previousOperationId":"epvpgo096h772sh"}
{"type":"log","timestamp":1684643806828,"level":"debug","message":"Page request finished: GET (script) 200 https://cdnjs.cloudflare.com/ajax/libs/Chart.js/2.1.6/Chart.min.js","meta":{"rootId":"r2cer9t60qbjcgz","id":"r2cer9t60qbjcgz"},"id":"kcpniwni9qi8p2x","previousOperationId":"epvpgo096h772sh"}
{"type":"log","timestamp":1684643806867,"level":"debug","message":"Running chrome with params {\"printBackground\":true,\"marginTop\":\"2cm\",\"marginRight\":\"1cm\",\"marginBottom\":\"2cm\",\"marginLeft\":\"1cm\",\"timeout\":59911,\"margin\":{\"top\":\"2cm\",\"right\":\"1cm\",\"bottom\":\"2cm\",\"left\":\"1cm\"}}","meta":{"rootId":"r2cer9t60qbjcgz","id":"r2cer9t60qbjcgz"},"id":"5hrfhpu82heq37u","previousOperationId":"epvpgo096h772sh"}
{"type":"operationEnd","operationId":"epvpgo096h772sh","timestamp":1684643806887,"id":"0696lyj8gpbqsjy","previousEventId":"4d4puz9sfpwsgkz","previousOperationId":"epvpgo096h772sh"}
{"type":"log","timestamp":1684643806887,"level":"debug","message":"Skipping storing report.","meta":{"rootId":"r2cer9t60qbjcgz","id":"r2cer9t60qbjcgz"},"id":"1ai53vxyco82et8","previousOperationId":"epvpgo096h772sh"}
{"type":"log","timestamp":1684643806887,"level":"info","message":"Rendering request 25 finished in 240 ms","meta":{"rootId":"r2cer9t60qbjcgz","id":"r2cer9t60qbjcgz"},"id":"s7xzp1z6jvvv0p0","previousOperationId":"epvpgo096h772sh"}
{"type":"operationEnd","subtype":"render","operationId":"lw0luugj6a8qs1c","timestamp":1684643806887,"id":"z8nn60e37sls67g","previousEventId":"0696lyj8gpbqsjy","previousOperationId":"epvpgo096h772sh"}
{"type":"operationEnd","doDiffs":false,"previousEventId":"uu3az2lb2qm620p","previousOperationId":"d0fyuk2wq6d4cy5","operationId":"d0fyuk2wq6d4cy5","timestamp":1684643806891,"id":"2bgwh78cihmlxvl"}
