{"type":"operationStart","subtype":"profile","data":{"_id":"yGuOUmuU5Wmp6FZC","timestamp":"2023-05-21T04:31:40.479Z","state":"queued","mode":"standard","creationDate":"2023-05-21T04:31:40.481Z","modificationDate":"2023-05-21T04:31:40.481Z","shortid":"esbDBJF","$entitySet":"profiles"},"doDiffs":false,"timestamp":1684643500480,"id":"qkaoes2tpa0tlhk","previousOperationId":null,"operationId":"0z0fjiy0cfp0a1h"}
{"type":"log","level":"info","message":"Render request 21 queued for execution and waiting for available worker","previousOperationId":"0z0fjiy0cfp0a1h","timestamp":1684643500480,"id":"t1x1079r7gilh0q"}
{"type":"operationStart","subtype":"render","name":"invoice-main","previousOperationId":"0z0fjiy0cfp0a1h","timestamp":1684643500491,"id":"qq5rx72mnjipjs4","previousEventId":"qkaoes2tpa0tlhk","operationId":"jvrnfo67ms46qju"}
{"type":"log","timestamp":1684643500491,"level":"info","message":"Starting rendering request 21","meta":{"rootId":"sjq5irtrvjbg9go","id":"sjq5irtrvjbg9go"},"id":"m8647200ufnug2c","previousOperationId":"jvrnfo67ms46qju"}
{"type":"log","timestamp":1684643500491,"level":"info","message":"Rendering template { name: invoice-main, recipe: chrome-pdf, engine: handlebars, preview: true }","meta":{"rootId":"sjq5irtrvjbg9go","id":"sjq5irtrvjbg9go"},"id":"ixv7x6hq85dqang","previousOperationId":"jvrnfo67ms46qju"}
{"type":"log","timestamp":1684643500492,"level":"debug","message":"Inline data specified.","meta":{"rootId":"sjq5irtrvjbg9go","id":"sjq5irtrvjbg9go"},"id":"elx9umdm08jqz3v","previousOperationId":"jvrnfo67ms46qju"}
{"type":"log","timestamp":1684643500494,"level":"debug","message":"Base url not specified, skipping its injection.","meta":{"rootId":"sjq5irtrvjbg9go","id":"sjq5irtrvjbg9go"},"id":"5ulg4559zjfjn88","previousOperationId":"jvrnfo67ms46qju"}
{"type":"operationStart","subtype":"engine","name":"handlebars","timestamp":1684643500494,"id":"8e5tyb6wbna7cl9","previousEventId":"qq5rx72mnjipjs4","operationId":"3dyd6p7ev4zwdai","previousOperationId":"jvrnfo67ms46qju"}
{"type":"log","timestamp":1684643500494,"level":"debug","message":"Rendering engine handlebars","meta":{"rootId":"sjq5irtrvjbg9go","id":"sjq5irtrvjbg9go"},"id":"iez97dc6ns7t5ub","previousOperationId":"3dyd6p7ev4zwdai"}
{"type":"operationEnd","operationId":"3dyd6p7ev4zwdai","timestamp":1684643500559,"id":"dsb5pr62va9h4nf","previousEventId":"8e5tyb6wbna7cl9","previousOperationId":"3dyd6p7ev4zwdai"}
{"type":"operationStart","subtype":"recipe","name":"chrome-pdf","timestamp":1684643500559,"id":"1344l1jwp1t6i2j","previousEventId":"dsb5pr62va9h4nf","operationId":"8pkof7mtucyiec2","previousOperationId":"3dyd6p7ev4zwdai"}
{"type":"log","timestamp":1684643500559,"level":"debug","message":"Executing recipe chrome-pdf","meta":{"rootId":"sjq5irtrvjbg9go","id":"sjq5irtrvjbg9go"},"id":"2qluh37xqcskk47","previousOperationId":"8pkof7mtucyiec2"}
{"type":"log","timestamp":1684643500564,"level":"debug","message":"Converting with chrome HeadlessChrome/105.0.5173.0 using chrome-pool strategy","meta":{"rootId":"sjq5irtrvjbg9go","id":"sjq5irtrvjbg9go"},"id":"9qg3c2t7p449kta","previousOperationId":"8pkof7mtucyiec2"}
{"type":"log","timestamp":1684643500642,"level":"debug","message":"Page request: GET (document) file:///C:/Users/Adebayo/AppData/Local/Temp/jsreport/autocleanup/391f46c0-4624-418b-a624-72b56129fd8a-chrome-pdf.html","meta":{"rootId":"sjq5irtrvjbg9go","id":"sjq5irtrvjbg9go"},"id":"pdbmtd10hs28nao","previousOperationId":"8pkof7mtucyiec2"}
{"type":"log","timestamp":1684643500653,"level":"debug","message":"Page request finished: GET (document) 200 file:///C:/Users/Adebayo/AppData/Local/Temp/jsreport/autocleanup/391f46c0-4624-418b-a624-72b56129fd8a-chrome-pdf.html","meta":{"rootId":"sjq5irtrvjbg9go","id":"sjq5irtrvjbg9go"},"id":"kv4mr10nrw2qlxa","previousOperationId":"8pkof7mtucyiec2"}
{"type":"log","timestamp":1684643500653,"level":"debug","message":"Page request: GET (script) https://cdnjs.cloudflare.com/ajax/libs/Chart.js/2.1.6/Chart.min.js","meta":{"rootId":"sjq5irtrvjbg9go","id":"sjq5irtrvjbg9go"},"id":"fwdqwkgqmyagayj","previousOperationId":"8pkof7mtucyiec2"}
{"type":"log","timestamp":1684643500656,"level":"debug","message":"Page request finished: GET (script) 200 https://cdnjs.cloudflare.com/ajax/libs/Chart.js/2.1.6/Chart.min.js","meta":{"rootId":"sjq5irtrvjbg9go","id":"sjq5irtrvjbg9go"},"id":"4gx76ce9nhaszil","previousOperationId":"8pkof7mtucyiec2"}
{"type":"log","timestamp":1684643500693,"level":"debug","message":"Running chrome with params {\"printBackground\":true,\"marginTop\":\"1cm\",\"marginRight\":\"1cm\",\"marginBottom\":\"1cm\",\"marginLeft\":\"1cm\",\"timeout\":59917,\"margin\":{\"top\":\"1cm\",\"right\":\"1cm\",\"bottom\":\"1cm\",\"left\":\"1cm\"}}","meta":{"rootId":"sjq5irtrvjbg9go","id":"sjq5irtrvjbg9go"},"id":"pbmifltpavqan6z","previousOperationId":"8pkof7mtucyiec2"}
{"type":"operationEnd","operationId":"8pkof7mtucyiec2","timestamp":1684643500716,"id":"hh1z4gimjqyl50x","previousEventId":"1344l1jwp1t6i2j","previousOperationId":"8pkof7mtucyiec2"}
{"type":"log","timestamp":1684643500716,"level":"debug","message":"Skipping storing report.","meta":{"rootId":"sjq5irtrvjbg9go","id":"sjq5irtrvjbg9go"},"id":"9kp4o1yr3lep70v","previousOperationId":"8pkof7mtucyiec2"}
{"type":"log","timestamp":1684643500716,"level":"info","message":"Rendering request 21 finished in 237 ms","meta":{"rootId":"sjq5irtrvjbg9go","id":"sjq5irtrvjbg9go"},"id":"1sqpng3lfyuhdok","previousOperationId":"8pkof7mtucyiec2"}
{"type":"operationEnd","subtype":"render","operationId":"jvrnfo67ms46qju","timestamp":1684643500716,"id":"14dc60o21ph8i6n","previousEventId":"hh1z4gimjqyl50x","previousOperationId":"8pkof7mtucyiec2"}
{"type":"operationEnd","doDiffs":false,"previousEventId":"qkaoes2tpa0tlhk","previousOperationId":"0z0fjiy0cfp0a1h","operationId":"0z0fjiy0cfp0a1h","timestamp":1684643500722,"id":"eqzsw17ztjo4enl"}
