{"type":"operationStart","subtype":"profile","data":{"_id":"RWgKnIF1xhGIGGw1","timestamp":"2023-05-21T04:38:14.387Z","state":"queued","mode":"standard","creationDate":"2023-05-21T04:38:14.390Z","modificationDate":"2023-05-21T04:38:14.390Z","shortid":"OD0-Nj7","$entitySet":"profiles"},"doDiffs":false,"timestamp":1684643894388,"id":"m7xlqa0yc5xjfq6","previousOperationId":null,"operationId":"05hqshcgi3ofl39"}
{"type":"log","level":"info","message":"Render request 27 queued for execution and waiting for available worker","previousOperationId":"05hqshcgi3ofl39","timestamp":1684643894388,"id":"xp0p7y3iwj9qnbs"}
{"type":"operationStart","subtype":"render","name":"invoice-main","previousOperationId":"05hqshcgi3ofl39","timestamp":1684643894400,"id":"1npv1pktvmdjj86","previousEventId":"m7xlqa0yc5xjfq6","operationId":"fq1ali36901uzs0"}
{"type":"log","timestamp":1684643894400,"level":"info","message":"Starting rendering request 27","meta":{"rootId":"tn3yen2pqcczzgx","id":"tn3yen2pqcczzgx"},"id":"w1669xhjgl14c8l","previousOperationId":"fq1ali36901uzs0"}
{"type":"log","timestamp":1684643894400,"level":"info","message":"Rendering template { name: invoice-main, recipe: chrome-pdf, engine: handlebars, preview: true }","meta":{"rootId":"tn3yen2pqcczzgx","id":"tn3yen2pqcczzgx"},"id":"8j2a37u28r6t61g","previousOperationId":"fq1ali36901uzs0"}
{"type":"log","timestamp":1684643894402,"level":"debug","message":"Inline data specified.","meta":{"rootId":"tn3yen2pqcczzgx","id":"tn3yen2pqcczzgx"},"id":"u7gtpkj7kkd7yrt","previousOperationId":"fq1ali36901uzs0"}
{"type":"log","timestamp":1684643894411,"level":"debug","message":"Base url not specified, skipping its injection.","meta":{"rootId":"tn3yen2pqcczzgx","id":"tn3yen2pqcczzgx"},"id":"2ccxnhaupmtujoy","previousOperationId":"fq1ali36901uzs0"}
{"type":"operationStart","subtype":"engine","name":"handlebars","timestamp":1684643894412,"id":"kxyg69biratyafg","previousEventId":"1npv1pktvmdjj86","operationId":"qrvkiu3y05foewu","previousOperationId":"fq1ali36901uzs0"}
{"type":"log","timestamp":1684643894412,"level":"debug","message":"Rendering engine handlebars","meta":{"rootId":"tn3yen2pqcczzgx","id":"tn3yen2pqcczzgx"},"id":"w26n61ffftalakn","previousOperationId":"qrvkiu3y05foewu"}
{"type":"operationEnd","operationId":"qrvkiu3y05foewu","timestamp":1684643894490,"id":"bf8c3q0fh3tefb3","previousEventId":"kxyg69biratyafg","previousOperationId":"qrvkiu3y05foewu"}
{"type":"operationStart","subtype":"recipe","name":"chrome-pdf","timestamp":1684643894490,"id":"qp0ciwt74jyxsfj","previousEventId":"bf8c3q0fh3tefb3","operationId":"255ceh18glmwpaz","previousOperationId":"qrvkiu3y05foewu"}
{"type":"log","timestamp":1684643894490,"level":"debug","message":"Executing recipe chrome-pdf","meta":{"rootId":"tn3yen2pqcczzgx","id":"tn3yen2pqcczzgx"},"id":"ed1lkmivrg152hx","previousOperationId":"255ceh18glmwpaz"}
{"type":"log","timestamp":1684643894493,"level":"debug","message":"Converting with chrome HeadlessChrome/105.0.5173.0 using chrome-pool strategy","meta":{"rootId":"tn3yen2pqcczzgx","id":"tn3yen2pqcczzgx"},"id":"3qdlidvt0ygdlgf","previousOperationId":"255ceh18glmwpaz"}
{"type":"log","timestamp":1684643894571,"level":"debug","message":"Page request: GET (document) file:///C:/Users/Adebayo/AppData/Local/Temp/jsreport/autocleanup/d3d7e5ef-ea00-46e1-a906-96aa04d9ea4c-chrome-pdf.html","meta":{"rootId":"tn3yen2pqcczzgx","id":"tn3yen2pqcczzgx"},"id":"t9n88n6pwryxb20","previousOperationId":"255ceh18glmwpaz"}
{"type":"log","timestamp":1684643894582,"level":"debug","message":"Page request finished: GET (document) 200 file:///C:/Users/Adebayo/AppData/Local/Temp/jsreport/autocleanup/d3d7e5ef-ea00-46e1-a906-96aa04d9ea4c-chrome-pdf.html","meta":{"rootId":"tn3yen2pqcczzgx","id":"tn3yen2pqcczzgx"},"id":"i4i7z22i1woxx6z","previousOperationId":"255ceh18glmwpaz"}
{"type":"log","timestamp":1684643894583,"level":"debug","message":"Page request: GET (script) https://cdnjs.cloudflare.com/ajax/libs/Chart.js/2.1.6/Chart.min.js","meta":{"rootId":"tn3yen2pqcczzgx","id":"tn3yen2pqcczzgx"},"id":"md52t64qml2jp2o","previousOperationId":"255ceh18glmwpaz"}
{"type":"log","timestamp":1684643894589,"level":"debug","message":"Page request finished: GET (script) 200 https://cdnjs.cloudflare.com/ajax/libs/Chart.js/2.1.6/Chart.min.js","meta":{"rootId":"tn3yen2pqcczzgx","id":"tn3yen2pqcczzgx"},"id":"0w4ava3mv1nh14q","previousOperationId":"255ceh18glmwpaz"}
{"type":"log","timestamp":1684643894630,"level":"debug","message":"Running chrome with params {\"printBackground\":true,\"marginTop\":\"2cm\",\"marginRight\":\"1cm\",\"marginBottom\":\"2cm\",\"marginLeft\":\"1cm\",\"timeout\":59895,\"margin\":{\"top\":\"2cm\",\"right\":\"1cm\",\"bottom\":\"2cm\",\"left\":\"1cm\"}}","meta":{"rootId":"tn3yen2pqcczzgx","id":"tn3yen2pqcczzgx"},"id":"tanfiaj7qvb1n4q","previousOperationId":"255ceh18glmwpaz"}
{"type":"operationEnd","operationId":"255ceh18glmwpaz","timestamp":1684643894652,"id":"pyurq8rnhcz56pj","previousEventId":"qp0ciwt74jyxsfj","previousOperationId":"255ceh18glmwpaz"}
{"type":"log","timestamp":1684643894652,"level":"debug","message":"Skipping storing report.","meta":{"rootId":"tn3yen2pqcczzgx","id":"tn3yen2pqcczzgx"},"id":"qxwu87gllzk7kn1","previousOperationId":"255ceh18glmwpaz"}
{"type":"log","timestamp":1684643894652,"level":"info","message":"Rendering request 27 finished in 265 ms","meta":{"rootId":"tn3yen2pqcczzgx","id":"tn3yen2pqcczzgx"},"id":"x6uj8514d22q6lz","previousOperationId":"255ceh18glmwpaz"}
{"type":"operationEnd","subtype":"render","operationId":"fq1ali36901uzs0","timestamp":1684643894652,"id":"4pqgkysd1iotz96","previousEventId":"pyurq8rnhcz56pj","previousOperationId":"255ceh18glmwpaz"}
{"type":"operationEnd","doDiffs":false,"previousEventId":"m7xlqa0yc5xjfq6","previousOperationId":"05hqshcgi3ofl39","operationId":"05hqshcgi3ofl39","timestamp":1684643894659,"id":"ncfrfdpag0pmx4b"}
