{"type":"operationStart","subtype":"profile","data":{"_id":"7ahLflfaTovGEAmV","timestamp":"2023-05-21T04:29:48.046Z","state":"queued","mode":"standard","creationDate":"2023-05-21T04:29:48.047Z","modificationDate":"2023-05-21T04:29:48.047Z","shortid":"PUtTZOu","$entitySet":"profiles"},"doDiffs":false,"timestamp":1684643388047,"id":"ukqyp7d3bhkfbeu","previousOperationId":null,"operationId":"prllk4pfd39thuk"}
{"type":"log","level":"info","message":"Render request 18 queued for execution and waiting for available worker","previousOperationId":"prllk4pfd39thuk","timestamp":1684643388047,"id":"msybn7nhg96nvj3"}
{"type":"operationStart","subtype":"render","name":"invoice-main","previousOperationId":"prllk4pfd39thuk","timestamp":1684643388056,"id":"kso2dszghhlbbv0","previousEventId":"ukqyp7d3bhkfbeu","operationId":"4x7hq0lj6jzx8cb"}
{"type":"log","timestamp":1684643388057,"level":"info","message":"Starting rendering request 18","meta":{"rootId":"tqksk45fyezfc5b","id":"tqksk45fyezfc5b"},"id":"ytp96n3jsrg6jme","previousOperationId":"4x7hq0lj6jzx8cb"}
{"type":"log","timestamp":1684643388057,"level":"info","message":"Rendering template { name: invoice-main, recipe: chrome-pdf, engine: handlebars, preview: true }","meta":{"rootId":"tqksk45fyezfc5b","id":"tqksk45fyezfc5b"},"id":"cgwiij0pcmo3peb","previousOperationId":"4x7hq0lj6jzx8cb"}
{"type":"log","timestamp":1684643388058,"level":"debug","message":"Inline data specified.","meta":{"rootId":"tqksk45fyezfc5b","id":"tqksk45fyezfc5b"},"id":"m01c4qc9ozztln6","previousOperationId":"4x7hq0lj6jzx8cb"}
{"type":"log","timestamp":1684643388060,"level":"debug","message":"Base url not specified, skipping its injection.","meta":{"rootId":"tqksk45fyezfc5b","id":"tqksk45fyezfc5b"},"id":"ps779sos6xmmxzz","previousOperationId":"4x7hq0lj6jzx8cb"}
{"type":"operationStart","subtype":"engine","name":"handlebars","timestamp":1684643388060,"id":"xn07xhywifi2f2c","previousEventId":"kso2dszghhlbbv0","operationId":"hxulpj8tokdkq1a","previousOperationId":"4x7hq0lj6jzx8cb"}
{"type":"log","timestamp":1684643388060,"level":"debug","message":"Rendering engine handlebars","meta":{"rootId":"tqksk45fyezfc5b","id":"tqksk45fyezfc5b"},"id":"y4ipn6s6pkz3pmd","previousOperationId":"hxulpj8tokdkq1a"}
{"type":"operationEnd","operationId":"hxulpj8tokdkq1a","timestamp":1684643388126,"id":"gs1pnw6zlz0ewjj","previousEventId":"xn07xhywifi2f2c","previousOperationId":"hxulpj8tokdkq1a"}
{"type":"operationStart","subtype":"recipe","name":"chrome-pdf","timestamp":1684643388128,"id":"kh52qiilrqj21pj","previousEventId":"gs1pnw6zlz0ewjj","operationId":"rux14zuc9c6nbfv","previousOperationId":"hxulpj8tokdkq1a"}
{"type":"log","timestamp":1684643388128,"level":"debug","message":"Executing recipe chrome-pdf","meta":{"rootId":"tqksk45fyezfc5b","id":"tqksk45fyezfc5b"},"id":"z212yvxxg6twaew","previousOperationId":"rux14zuc9c6nbfv"}
{"type":"log","timestamp":1684643388135,"level":"debug","message":"Converting with chrome HeadlessChrome/105.0.5173.0 using chrome-pool strategy","meta":{"rootId":"tqksk45fyezfc5b","id":"tqksk45fyezfc5b"},"id":"xo1moilem3h4cnz","previousOperationId":"rux14zuc9c6nbfv"}
{"type":"log","timestamp":1684643388210,"level":"debug","message":"Page request: GET (document) file:///C:/Users/Adebayo/AppData/Local/Temp/jsreport/autocleanup/755e68ee-6afb-4cc9-a1cf-1ed2f5f12c62-chrome-pdf.html","meta":{"rootId":"tqksk45fyezfc5b","id":"tqksk45fyezfc5b"},"id":"iyzigdubk7u2aiz","previousOperationId":"rux14zuc9c6nbfv"}
{"type":"log","timestamp":1684643388217,"level":"debug","message":"Page request finished: GET (document) 200 file:///C:/Users/Adebayo/AppData/Local/Temp/jsreport/autocleanup/755e68ee-6afb-4cc9-a1cf-1ed2f5f12c62-chrome-pdf.html","meta":{"rootId":"tqksk45fyezfc5b","id":"tqksk45fyezfc5b"},"id":"1m47ylzgvh40ocf","previousOperationId":"rux14zuc9c6nbfv"}
{"type":"log","timestamp":1684643388217,"level":"debug","message":"Page request: GET (script) https://cdnjs.cloudflare.com/ajax/libs/Chart.js/2.1.6/Chart.min.js","meta":{"rootId":"tqksk45fyezfc5b","id":"tqksk45fyezfc5b"},"id":"rsmzira5ka0ksiv","previousOperationId":"rux14zuc9c6nbfv"}
{"type":"log","timestamp":1684643388222,"level":"debug","message":"Page request finished: GET (script) 200 https://cdnjs.cloudflare.com/ajax/libs/Chart.js/2.1.6/Chart.min.js","meta":{"rootId":"tqksk45fyezfc5b","id":"tqksk45fyezfc5b"},"id":"hdk6rh9bfkxzc44","previousOperationId":"rux14zuc9c6nbfv"}
{"type":"log","timestamp":1684643388248,"level":"debug","message":"Running chrome with params {\"printBackground\":true,\"marginTop\":\"1cm\",\"marginRight\":\"1cm\",\"marginBottom\":\"1cm\",\"marginLeft\":\"1cm\",\"timeout\":59913,\"margin\":{\"top\":\"1cm\",\"right\":\"1cm\",\"bottom\":\"1cm\",\"left\":\"1cm\"}}","meta":{"rootId":"tqksk45fyezfc5b","id":"tqksk45fyezfc5b"},"id":"cpybs2pvl3wmq79","previousOperationId":"rux14zuc9c6nbfv"}
{"type":"operationEnd","operationId":"rux14zuc9c6nbfv","timestamp":1684643388258,"id":"8b2cktylzwtfy8j","previousEventId":"kh52qiilrqj21pj","previousOperationId":"rux14zuc9c6nbfv"}
{"type":"log","timestamp":1684643388258,"level":"debug","message":"Skipping storing report.","meta":{"rootId":"tqksk45fyezfc5b","id":"tqksk45fyezfc5b"},"id":"6gs6jshiueyluk9","previousOperationId":"rux14zuc9c6nbfv"}
{"type":"log","timestamp":1684643388258,"level":"info","message":"Rendering request 18 finished in 212 ms","meta":{"rootId":"tqksk45fyezfc5b","id":"tqksk45fyezfc5b"},"id":"7196u1phrlfmhgq","previousOperationId":"rux14zuc9c6nbfv"}
{"type":"operationEnd","subtype":"render","operationId":"4x7hq0lj6jzx8cb","timestamp":1684643388258,"id":"678jske6fsoaymq","previousEventId":"8b2cktylzwtfy8j","previousOperationId":"rux14zuc9c6nbfv"}
{"type":"operationEnd","doDiffs":false,"previousEventId":"ukqyp7d3bhkfbeu","previousOperationId":"prllk4pfd39thuk","operationId":"prllk4pfd39thuk","timestamp":1684643388265,"id":"t6pboh1m6e0oynn"}
