{"type":"operationStart","subtype":"profile","data":{"_id":"GVWT5n5tw6i4gj7u","timestamp":"2023-04-29T06:55:15.459Z","state":"queued","mode":"standard","creationDate":"2023-04-29T06:55:15.461Z","modificationDate":"2023-04-29T06:55:15.461Z","shortid":"z2H7HWE","$entitySet":"profiles"},"doDiffs":false,"timestamp":1682751315460,"id":"mwdm1mr7t4kza5y","previousOperationId":null,"operationId":"xcdzgjvm58tcrb2"}
{"type":"log","level":"info","message":"Render request 14 queued for execution and waiting for available worker","previousOperationId":"xcdzgjvm58tcrb2","timestamp":1682751315460,"id":"exk7zkza1dd0ldk"}
{"type":"operationStart","subtype":"render","name":"invoice-main","previousOperationId":"xcdzgjvm58tcrb2","timestamp":1682751315469,"id":"125wipunsfpofwr","previousEventId":"mwdm1mr7t4kza5y","operationId":"s2tkvqx5spej6ff"}
{"type":"log","timestamp":1682751315469,"level":"info","message":"Starting rendering request 14","meta":{"rootId":"1kloiu1i5q3ur61","id":"1kloiu1i5q3ur61"},"id":"2c5qgudviexj7h6","previousOperationId":"s2tkvqx5spej6ff"}
{"type":"log","timestamp":1682751315471,"level":"info","message":"Rendering template { name: invoice-main, recipe: chrome-pdf, engine: handlebars, preview: true }","meta":{"rootId":"1kloiu1i5q3ur61","id":"1kloiu1i5q3ur61"},"id":"lmfy3jkieecvjhd","previousOperationId":"s2tkvqx5spej6ff"}
{"type":"log","timestamp":1682751315472,"level":"debug","message":"Inline data specified.","meta":{"rootId":"1kloiu1i5q3ur61","id":"1kloiu1i5q3ur61"},"id":"03htu7ygefuetma","previousOperationId":"s2tkvqx5spej6ff"}
{"type":"log","timestamp":1682751315475,"level":"debug","message":"Base url not specified, skipping its injection.","meta":{"rootId":"1kloiu1i5q3ur61","id":"1kloiu1i5q3ur61"},"id":"i168urle33uah36","previousOperationId":"s2tkvqx5spej6ff"}
{"type":"operationStart","subtype":"engine","name":"handlebars","timestamp":1682751315475,"id":"erlhbs2dyqb4l2i","previousEventId":"125wipunsfpofwr","operationId":"byl5q6yz4e9shet","previousOperationId":"s2tkvqx5spej6ff"}
{"type":"log","timestamp":1682751315475,"level":"debug","message":"Rendering engine handlebars","meta":{"rootId":"1kloiu1i5q3ur61","id":"1kloiu1i5q3ur61"},"id":"w5w2yrsgecknd65","previousOperationId":"byl5q6yz4e9shet"}
{"type":"log","timestamp":1682751315499,"level":"debug","message":"(console:log) Calculating item Website design; you should see this message in debug run","meta":{"userLevel":true,"rootId":"1kloiu1i5q3ur61","id":"1kloiu1i5q3ur61"},"id":"pk08jqpvt2pi20d","previousOperationId":"byl5q6yz4e9shet"}
{"type":"operationEnd","operationId":"byl5q6yz4e9shet","timestamp":1682751315503,"id":"59y9gojlzn36c1t","previousEventId":"erlhbs2dyqb4l2i","previousOperationId":"byl5q6yz4e9shet"}
{"type":"operationStart","subtype":"recipe","name":"chrome-pdf","timestamp":1682751315504,"id":"mt8r3s62hrt4x0y","previousEventId":"59y9gojlzn36c1t","operationId":"sf6xn9rn94fryha","previousOperationId":"byl5q6yz4e9shet"}
{"type":"log","timestamp":1682751315504,"level":"debug","message":"Executing recipe chrome-pdf","meta":{"rootId":"1kloiu1i5q3ur61","id":"1kloiu1i5q3ur61"},"id":"g1oj383rhkpsswx","previousOperationId":"sf6xn9rn94fryha"}
{"type":"log","timestamp":1682751315507,"level":"debug","message":"Converting with chrome HeadlessChrome/105.0.5173.0 using chrome-pool strategy","meta":{"rootId":"1kloiu1i5q3ur61","id":"1kloiu1i5q3ur61"},"id":"ifg9iuhbx9fy0on","previousOperationId":"sf6xn9rn94fryha"}
{"type":"log","timestamp":1682751315654,"level":"debug","message":"Page request: GET (document) file:///C:/Users/Adebayo/AppData/Local/Temp/jsreport/autocleanup/50a2b3a1-c015-46ab-ab13-43d46621179a-chrome-pdf.html","meta":{"rootId":"1kloiu1i5q3ur61","id":"1kloiu1i5q3ur61"},"id":"l8iusix8dfsctpg","previousOperationId":"sf6xn9rn94fryha"}
{"type":"log","timestamp":1682751315667,"level":"debug","message":"Page request: GET (script) https://code.jquery.com/jquery-3.3.1.slim.min.js","meta":{"rootId":"1kloiu1i5q3ur61","id":"1kloiu1i5q3ur61"},"id":"apt9kk87ib9uwvr","previousOperationId":"sf6xn9rn94fryha"}
{"type":"log","timestamp":1682751315668,"level":"debug","message":"Page request finished: GET (document) 200 file:///C:/Users/Adebayo/AppData/Local/Temp/jsreport/autocleanup/50a2b3a1-c015-46ab-ab13-43d46621179a-chrome-pdf.html","meta":{"rootId":"1kloiu1i5q3ur61","id":"1kloiu1i5q3ur61"},"id":"xwhmthxtk0zgj0q","previousOperationId":"sf6xn9rn94fryha"}
{"type":"log","timestamp":1682751315668,"level":"debug","message":"Page request: GET (image) https://i.ibb.co/fGz0Ss1/download-1.png","meta":{"rootId":"1kloiu1i5q3ur61","id":"1kloiu1i5q3ur61"},"id":"5517vyo2or9fazd","previousOperationId":"sf6xn9rn94fryha"}
{"type":"log","timestamp":1682751315669,"level":"debug","message":"Page request: GET (script) https://cdn.jsdelivr.net/npm/popper.js@1.14.3/dist/umd/popper.min.js","meta":{"rootId":"1kloiu1i5q3ur61","id":"1kloiu1i5q3ur61"},"id":"0g0jzvhay2x9x5r","previousOperationId":"sf6xn9rn94fryha"}
{"type":"log","timestamp":1682751315669,"level":"debug","message":"Page request: GET (script) https://cdn.jsdelivr.net/npm/bootstrap@4.1.3/dist/js/bootstrap.min.js","meta":{"rootId":"1kloiu1i5q3ur61","id":"1kloiu1i5q3ur61"},"id":"c6zkmpwu45axn38","previousOperationId":"sf6xn9rn94fryha"}
{"type":"log","timestamp":1682751315676,"level":"debug","message":"Page request finished: GET (image) 200 https://i.ibb.co/fGz0Ss1/download-1.png","meta":{"rootId":"1kloiu1i5q3ur61","id":"1kloiu1i5q3ur61"},"id":"34tl497qm1pghgj","previousOperationId":"sf6xn9rn94fryha"}
{"type":"log","timestamp":1682751315678,"level":"debug","message":"Page request finished: GET (script) 200 https://cdn.jsdelivr.net/npm/popper.js@1.14.3/dist/umd/popper.min.js","meta":{"rootId":"1kloiu1i5q3ur61","id":"1kloiu1i5q3ur61"},"id":"556a8vmhrds4bw5","previousOperationId":"sf6xn9rn94fryha"}
{"type":"log","timestamp":1682751315678,"level":"debug","message":"Page request finished: GET (script) 200 https://code.jquery.com/jquery-3.3.1.slim.min.js","meta":{"rootId":"1kloiu1i5q3ur61","id":"1kloiu1i5q3ur61"},"id":"ru3skblf6lfhxyq","previousOperationId":"sf6xn9rn94fryha"}
{"type":"log","timestamp":1682751315689,"level":"debug","message":"Page request finished: GET (script) 200 https://cdn.jsdelivr.net/npm/bootstrap@4.1.3/dist/js/bootstrap.min.js","meta":{"rootId":"1kloiu1i5q3ur61","id":"1kloiu1i5q3ur61"},"id":"gchrxl55a10fzvc","previousOperationId":"sf6xn9rn94fryha"}
{"type":"log","timestamp":1682751315716,"level":"debug","message":"Running chrome with params {\"printBackground\":true,\"marginTop\":\"1cm\",\"marginRight\":\"1cm\",\"marginBottom\":\"1cm\",\"marginLeft\":\"1cm\",\"timeout\":59953,\"margin\":{\"top\":\"1cm\",\"right\":\"1cm\",\"bottom\":\"1cm\",\"left\":\"1cm\"}}","meta":{"rootId":"1kloiu1i5q3ur61","id":"1kloiu1i5q3ur61"},"id":"yinfnhj8acjjqva","previousOperationId":"sf6xn9rn94fryha"}
{"type":"operationEnd","operationId":"sf6xn9rn94fryha","timestamp":1682751315851,"id":"gbka3s4r9qgwz6q","previousEventId":"mt8r3s62hrt4x0y","previousOperationId":"sf6xn9rn94fryha"}
{"type":"log","timestamp":1682751315851,"level":"debug","message":"Skipping storing report.","meta":{"rootId":"1kloiu1i5q3ur61","id":"1kloiu1i5q3ur61"},"id":"23e8um2ld1to0e8","previousOperationId":"sf6xn9rn94fryha"}
{"type":"log","timestamp":1682751315851,"level":"info","message":"Rendering request 14 finished in 392 ms","meta":{"rootId":"1kloiu1i5q3ur61","id":"1kloiu1i5q3ur61"},"id":"n4h7v9yccwgrn0u","previousOperationId":"sf6xn9rn94fryha"}
{"type":"operationEnd","subtype":"render","operationId":"s2tkvqx5spej6ff","timestamp":1682751315851,"id":"etj6iu9m1noctg8","previousEventId":"gbka3s4r9qgwz6q","previousOperationId":"sf6xn9rn94fryha"}
{"type":"operationEnd","doDiffs":false,"previousEventId":"mwdm1mr7t4kza5y","previousOperationId":"xcdzgjvm58tcrb2","operationId":"xcdzgjvm58tcrb2","timestamp":1682751315857,"id":"i3ugdyyh9zq9xwy"}
