{"type":"operationStart","subtype":"profile","data":{"_id":"dD5uQnycXTQLMCpn","timestamp":"2023-05-04T06:37:55.732Z","state":"queued","mode":"standard","creationDate":"2023-05-04T06:37:55.734Z","modificationDate":"2023-05-04T06:37:55.734Z","shortid":"11ezmwn","$entitySet":"profiles"},"doDiffs":false,"timestamp":1683182275733,"id":"ywnm8l069u63pbb","previousOperationId":null,"operationId":"f1tw86l40dmr7t3"}
{"type":"log","level":"info","message":"Render request 150 queued for execution and waiting for available worker","previousOperationId":"f1tw86l40dmr7t3","timestamp":1683182275733,"id":"hmcos3mqs665whx"}
{"type":"operationStart","subtype":"render","name":"invoice-main","previousOperationId":"f1tw86l40dmr7t3","timestamp":1683182275745,"id":"vlliw9asytpt1ot","previousEventId":"ywnm8l069u63pbb","operationId":"nl0sgk28454hap4"}
{"type":"log","timestamp":1683182275745,"level":"info","message":"Starting rendering request 150","meta":{"rootId":"24ur6a1rwofvuhi","id":"24ur6a1rwofvuhi"},"id":"njvuhd36cxufjtj","previousOperationId":"nl0sgk28454hap4"}
{"type":"log","timestamp":1683182275745,"level":"info","message":"Rendering template { name: invoice-main, recipe: chrome-pdf, engine: handlebars, preview: false }","meta":{"rootId":"24ur6a1rwofvuhi","id":"24ur6a1rwofvuhi"},"id":"67kjsxpxq461vzy","previousOperationId":"nl0sgk28454hap4"}
{"type":"log","timestamp":1683182275746,"level":"debug","message":"Inline data specified.","meta":{"rootId":"24ur6a1rwofvuhi","id":"24ur6a1rwofvuhi"},"id":"3qfjp8g1ijd1fud","previousOperationId":"nl0sgk28454hap4"}
{"type":"log","timestamp":1683182275749,"level":"debug","message":"Base url not specified, skipping its injection.","meta":{"rootId":"24ur6a1rwofvuhi","id":"24ur6a1rwofvuhi"},"id":"1ntc5m00o25tcjq","previousOperationId":"nl0sgk28454hap4"}
{"type":"operationStart","subtype":"engine","name":"handlebars","timestamp":1683182275749,"id":"z9jv7p2jc4kbibp","previousEventId":"vlliw9asytpt1ot","operationId":"19xffd5qszgyswn","previousOperationId":"nl0sgk28454hap4"}
{"type":"log","timestamp":1683182275749,"level":"debug","message":"Rendering engine handlebars","meta":{"rootId":"24ur6a1rwofvuhi","id":"24ur6a1rwofvuhi"},"id":"di3c1s7vlxwypai","previousOperationId":"19xffd5qszgyswn"}
{"type":"operationEnd","operationId":"19xffd5qszgyswn","timestamp":1683182275843,"id":"lshcsezmdtj2qd6","previousEventId":"z9jv7p2jc4kbibp","previousOperationId":"19xffd5qszgyswn"}
{"type":"operationStart","subtype":"recipe","name":"chrome-pdf","timestamp":1683182275843,"id":"87rp5ihttnlnc4m","previousEventId":"lshcsezmdtj2qd6","operationId":"kvjas19w72e67ua","previousOperationId":"19xffd5qszgyswn"}
{"type":"log","timestamp":1683182275843,"level":"debug","message":"Executing recipe chrome-pdf","meta":{"rootId":"24ur6a1rwofvuhi","id":"24ur6a1rwofvuhi"},"id":"8g5ipv6s3jw54bp","previousOperationId":"kvjas19w72e67ua"}
{"type":"log","timestamp":1683182275847,"level":"debug","message":"Converting with chrome HeadlessChrome/105.0.5173.0 using chrome-pool strategy","meta":{"rootId":"24ur6a1rwofvuhi","id":"24ur6a1rwofvuhi"},"id":"7z8a0ehprkyw2pg","previousOperationId":"kvjas19w72e67ua"}
{"type":"log","timestamp":1683182275925,"level":"debug","message":"Page request: GET (document) file:///C:/Users/Adebayo/AppData/Local/Temp/jsreport/autocleanup/e98eb82a-d070-4842-9931-7a18f66605d2-chrome-pdf.html","meta":{"rootId":"24ur6a1rwofvuhi","id":"24ur6a1rwofvuhi"},"id":"03dpodcc7mhv6mz","previousOperationId":"kvjas19w72e67ua"}
{"type":"log","timestamp":1683182275932,"level":"debug","message":"Page request finished: GET (document) 200 file:///C:/Users/Adebayo/AppData/Local/Temp/jsreport/autocleanup/e98eb82a-d070-4842-9931-7a18f66605d2-chrome-pdf.html","meta":{"rootId":"24ur6a1rwofvuhi","id":"24ur6a1rwofvuhi"},"id":"099vym4a0qo1sx5","previousOperationId":"kvjas19w72e67ua"}
{"type":"log","timestamp":1683182275941,"level":"debug","message":"Running chrome with params {\"printBackground\":true,\"marginTop\":\"1cm\",\"marginRight\":\"1cm\",\"marginBottom\":\"1cm\",\"marginLeft\":\"1cm\",\"timeout\":59887,\"margin\":{\"top\":\"1cm\",\"right\":\"1cm\",\"bottom\":\"1cm\",\"left\":\"1cm\"}}","meta":{"rootId":"24ur6a1rwofvuhi","id":"24ur6a1rwofvuhi"},"id":"x8larzi94xxafyq","previousOperationId":"kvjas19w72e67ua"}
{"type":"operationEnd","operationId":"kvjas19w72e67ua","timestamp":1683182275954,"id":"9r2f7x16wn0z346","previousEventId":"87rp5ihttnlnc4m","previousOperationId":"kvjas19w72e67ua"}
{"type":"log","timestamp":1683182275954,"level":"debug","message":"Skipping storing report.","meta":{"rootId":"24ur6a1rwofvuhi","id":"24ur6a1rwofvuhi"},"id":"di9j07tjk4o7i0d","previousOperationId":"kvjas19w72e67ua"}
{"type":"log","timestamp":1683182275954,"level":"info","message":"Rendering request 150 finished in 222 ms","meta":{"rootId":"24ur6a1rwofvuhi","id":"24ur6a1rwofvuhi"},"id":"2ezlsq3z77fthqw","previousOperationId":"kvjas19w72e67ua"}
{"type":"operationEnd","subtype":"render","operationId":"nl0sgk28454hap4","timestamp":1683182275954,"id":"wf9j1ltqbqbq8re","previousEventId":"9r2f7x16wn0z346","previousOperationId":"kvjas19w72e67ua"}
{"type":"operationEnd","doDiffs":false,"previousEventId":"ywnm8l069u63pbb","previousOperationId":"f1tw86l40dmr7t3","operationId":"f1tw86l40dmr7t3","timestamp":1683182275957,"id":"7wrkl528z9bas5y"}
