{"type":"operationStart","subtype":"profile","data":{"_id":"qHcnn3idqWH4teFP","timestamp":"2023-04-29T06:47:04.251Z","state":"queued","mode":"standard","creationDate":"2023-04-29T06:47:04.254Z","modificationDate":"2023-04-29T06:47:04.254Z","shortid":"diNS-8l","$entitySet":"profiles"},"doDiffs":false,"timestamp":1682750824252,"id":"lgp4ijrrr1y9e6b","previousOperationId":null,"operationId":"i9e92o80r7fopqb"}
{"type":"log","level":"info","message":"Render request 6 queued for execution and waiting for available worker","previousOperationId":"i9e92o80r7fopqb","timestamp":1682750824252,"id":"38scjpga10cblps"}
{"type":"operationStart","subtype":"render","name":"invoice-main","previousOperationId":"i9e92o80r7fopqb","timestamp":1682750824262,"id":"5pzy7exavpmuujm","previousEventId":"lgp4ijrrr1y9e6b","operationId":"pm66d1gi9uo5uyw"}
{"type":"log","timestamp":1682750824262,"level":"info","message":"Starting rendering request 6","meta":{"rootId":"2wexxvp01z4x02a","id":"2wexxvp01z4x02a"},"id":"3g63jje1matx7j9","previousOperationId":"pm66d1gi9uo5uyw"}
{"type":"log","timestamp":1682750824262,"level":"info","message":"Rendering template { name: invoice-main, recipe: chrome-pdf, engine: handlebars, preview: true }","meta":{"rootId":"2wexxvp01z4x02a","id":"2wexxvp01z4x02a"},"id":"06nzcx10flt8f2f","previousOperationId":"pm66d1gi9uo5uyw"}
{"type":"log","timestamp":1682750824263,"level":"debug","message":"Inline data specified.","meta":{"rootId":"2wexxvp01z4x02a","id":"2wexxvp01z4x02a"},"id":"evuq3la6x04wtjh","previousOperationId":"pm66d1gi9uo5uyw"}
{"type":"log","timestamp":1682750824266,"level":"debug","message":"Base url not specified, skipping its injection.","meta":{"rootId":"2wexxvp01z4x02a","id":"2wexxvp01z4x02a"},"id":"iv51o6ng40fp2s2","previousOperationId":"pm66d1gi9uo5uyw"}
{"type":"operationStart","subtype":"engine","name":"handlebars","timestamp":1682750824266,"id":"jtdrolxdyqdepm7","previousEventId":"5pzy7exavpmuujm","operationId":"84754ddn2zisq1q","previousOperationId":"pm66d1gi9uo5uyw"}
{"type":"log","timestamp":1682750824266,"level":"debug","message":"Rendering engine handlebars","meta":{"rootId":"2wexxvp01z4x02a","id":"2wexxvp01z4x02a"},"id":"0yre1i1eygpqalm","previousOperationId":"84754ddn2zisq1q"}
{"type":"log","timestamp":1682750824321,"level":"debug","message":"(console:log) Calculating item Website design; you should see this message in debug run","meta":{"userLevel":true,"rootId":"2wexxvp01z4x02a","id":"2wexxvp01z4x02a"},"id":"gwkv9g3zspwejjl","previousOperationId":"84754ddn2zisq1q"}
{"type":"operationEnd","operationId":"84754ddn2zisq1q","timestamp":1682750824324,"id":"gr14lq6itx5059e","previousEventId":"jtdrolxdyqdepm7","previousOperationId":"84754ddn2zisq1q"}
{"type":"operationStart","subtype":"recipe","name":"chrome-pdf","timestamp":1682750824325,"id":"lkj6mmhv94bn6zx","previousEventId":"gr14lq6itx5059e","operationId":"wd2abucqascyl17","previousOperationId":"84754ddn2zisq1q"}
{"type":"log","timestamp":1682750824325,"level":"debug","message":"Executing recipe chrome-pdf","meta":{"rootId":"2wexxvp01z4x02a","id":"2wexxvp01z4x02a"},"id":"sx4sewm6jwibyow","previousOperationId":"wd2abucqascyl17"}
{"type":"log","timestamp":1682750824328,"level":"debug","message":"Converting with chrome HeadlessChrome/105.0.5173.0 using chrome-pool strategy","meta":{"rootId":"2wexxvp01z4x02a","id":"2wexxvp01z4x02a"},"id":"g0o2ivibpqhvzba","previousOperationId":"wd2abucqascyl17"}
{"type":"log","timestamp":1682750824422,"level":"debug","message":"Page request: GET (document) file:///C:/Users/Adebayo/AppData/Local/Temp/jsreport/autocleanup/f9b16beb-5fe7-4db3-abb2-3a4ffc7db054-chrome-pdf.html","meta":{"rootId":"2wexxvp01z4x02a","id":"2wexxvp01z4x02a"},"id":"84225rd4xbocurz","previousOperationId":"wd2abucqascyl17"}
{"type":"log","timestamp":1682750824437,"level":"debug","message":"Page request finished: GET (document) 200 file:///C:/Users/Adebayo/AppData/Local/Temp/jsreport/autocleanup/f9b16beb-5fe7-4db3-abb2-3a4ffc7db054-chrome-pdf.html","meta":{"rootId":"2wexxvp01z4x02a","id":"2wexxvp01z4x02a"},"id":"hlkv1y31wvl2x7q","previousOperationId":"wd2abucqascyl17"}
{"type":"log","timestamp":1682750824437,"level":"debug","message":"Page request: GET (image) https://i.ibb.co/fGz0Ss1/download-1.png","meta":{"rootId":"2wexxvp01z4x02a","id":"2wexxvp01z4x02a"},"id":"jn32l7x0q1hqom4","previousOperationId":"wd2abucqascyl17"}
{"type":"log","timestamp":1682750827102,"level":"debug","message":"Page request finished: GET (image) 200 https://i.ibb.co/fGz0Ss1/download-1.png","meta":{"rootId":"2wexxvp01z4x02a","id":"2wexxvp01z4x02a"},"id":"tmxin5075r8uytk","previousOperationId":"wd2abucqascyl17"}
{"type":"log","timestamp":1682750827104,"level":"debug","message":"Running chrome with params {\"printBackground\":true,\"marginTop\":\"1cm\",\"marginRight\":\"1cm\",\"marginBottom\":\"1cm\",\"marginLeft\":\"1cm\",\"timeout\":59924,\"margin\":{\"top\":\"1cm\",\"right\":\"1cm\",\"bottom\":\"1cm\",\"left\":\"1cm\"}}","meta":{"rootId":"2wexxvp01z4x02a","id":"2wexxvp01z4x02a"},"id":"1hw7zt33ch1kt8c","previousOperationId":"wd2abucqascyl17"}
{"type":"operationEnd","operationId":"wd2abucqascyl17","timestamp":1682750827220,"id":"hrkz0gveacyj1q0","previousEventId":"lkj6mmhv94bn6zx","previousOperationId":"wd2abucqascyl17"}
{"type":"log","timestamp":1682750827221,"level":"debug","message":"Skipping storing report.","meta":{"rootId":"2wexxvp01z4x02a","id":"2wexxvp01z4x02a"},"id":"vf5dd6v5ow3d5jk","previousOperationId":"wd2abucqascyl17"}
{"type":"log","timestamp":1682750827221,"level":"info","message":"Rendering request 6 finished in 2970 ms","meta":{"rootId":"2wexxvp01z4x02a","id":"2wexxvp01z4x02a"},"id":"ezmnkz5vhzauh7c","previousOperationId":"wd2abucqascyl17"}
{"type":"operationEnd","subtype":"render","operationId":"pm66d1gi9uo5uyw","timestamp":1682750827221,"id":"i6q8qj76yzykghn","previousEventId":"hrkz0gveacyj1q0","previousOperationId":"wd2abucqascyl17"}
{"type":"operationEnd","doDiffs":false,"previousEventId":"lgp4ijrrr1y9e6b","previousOperationId":"i9e92o80r7fopqb","operationId":"i9e92o80r7fopqb","timestamp":1682750827229,"id":"7hkv4ual2rgu840"}
