{"type":"operationStart","subtype":"profile","data":{"_id":"Z7o5KwbPLxbdcnDS","timestamp":"2023-04-29T08:59:59.766Z","state":"queued","mode":"standard","creationDate":"2023-04-29T08:59:59.768Z","modificationDate":"2023-04-29T08:59:59.768Z","shortid":"uQRefr7","$entitySet":"profiles"},"doDiffs":false,"timestamp":1682758799767,"id":"ju90ep7hq89bzx9","previousOperationId":null,"operationId":"caly4knnl0lvjb6"}
{"type":"log","level":"info","message":"Render request 23 queued for execution and waiting for available worker","previousOperationId":"caly4knnl0lvjb6","timestamp":1682758799767,"id":"fciyixui1btadoo"}
{"type":"operationStart","subtype":"render","name":"invoice-main","previousOperationId":"caly4knnl0lvjb6","timestamp":1682758799776,"id":"yho34sayxbm8l97","previousEventId":"ju90ep7hq89bzx9","operationId":"y5lb7o68geu51h4"}
{"type":"log","timestamp":1682758799777,"level":"info","message":"Starting rendering request 23","meta":{"rootId":"4mt5pgovmubbgsk","id":"4mt5pgovmubbgsk"},"id":"528xkubwalusx2d","previousOperationId":"y5lb7o68geu51h4"}
{"type":"log","timestamp":1682758799777,"level":"info","message":"Rendering template { name: invoice-main, recipe: chrome-pdf, engine: handlebars, preview: true }","meta":{"rootId":"4mt5pgovmubbgsk","id":"4mt5pgovmubbgsk"},"id":"2twujrvjpcyavmt","previousOperationId":"y5lb7o68geu51h4"}
{"type":"log","timestamp":1682758799777,"level":"debug","message":"Inline data specified.","meta":{"rootId":"4mt5pgovmubbgsk","id":"4mt5pgovmubbgsk"},"id":"9ak8ukvhbxoxsya","previousOperationId":"y5lb7o68geu51h4"}
{"type":"log","timestamp":1682758799781,"level":"debug","message":"Base url not specified, skipping its injection.","meta":{"rootId":"4mt5pgovmubbgsk","id":"4mt5pgovmubbgsk"},"id":"ux0gag7a4iqccqv","previousOperationId":"y5lb7o68geu51h4"}
{"type":"operationStart","subtype":"engine","name":"handlebars","timestamp":1682758799782,"id":"c4xrzg56wwh8c5z","previousEventId":"yho34sayxbm8l97","operationId":"gumzkmdegu5n3ps","previousOperationId":"y5lb7o68geu51h4"}
{"type":"log","timestamp":1682758799782,"level":"debug","message":"Rendering engine handlebars","meta":{"rootId":"4mt5pgovmubbgsk","id":"4mt5pgovmubbgsk"},"id":"q1p5huqb25e4x9k","previousOperationId":"gumzkmdegu5n3ps"}
{"type":"operationEnd","operationId":"gumzkmdegu5n3ps","timestamp":1682758799803,"id":"ch46j42ytuoeff7","previousEventId":"c4xrzg56wwh8c5z","previousOperationId":"gumzkmdegu5n3ps"}
{"type":"operationStart","subtype":"recipe","name":"chrome-pdf","timestamp":1682758799803,"id":"iurklptx2qb44ne","previousEventId":"ch46j42ytuoeff7","operationId":"4yu9qmv1wszbug6","previousOperationId":"gumzkmdegu5n3ps"}
{"type":"log","timestamp":1682758799803,"level":"debug","message":"Executing recipe chrome-pdf","meta":{"rootId":"4mt5pgovmubbgsk","id":"4mt5pgovmubbgsk"},"id":"wukyhua38j0pfrx","previousOperationId":"4yu9qmv1wszbug6"}
{"type":"log","timestamp":1682758799807,"level":"debug","message":"Converting with chrome HeadlessChrome/105.0.5173.0 using chrome-pool strategy","meta":{"rootId":"4mt5pgovmubbgsk","id":"4mt5pgovmubbgsk"},"id":"v49xle15vcosibu","previousOperationId":"4yu9qmv1wszbug6"}
{"type":"log","timestamp":1682758799903,"level":"debug","message":"Page request: GET (document) file:///C:/Users/Adebayo/AppData/Local/Temp/jsreport/autocleanup/4301b8a0-422d-4ddf-bcb4-7d0de26be7f0-chrome-pdf.html","meta":{"rootId":"4mt5pgovmubbgsk","id":"4mt5pgovmubbgsk"},"id":"m2e4uljnauqzclh","previousOperationId":"4yu9qmv1wszbug6"}
{"type":"log","timestamp":1682758799917,"level":"debug","message":"Page request: GET (stylesheet) file:///C:/Users/Adebayo/AppData/Local/Temp/jsreport/autocleanup/css/app.css","meta":{"rootId":"4mt5pgovmubbgsk","id":"4mt5pgovmubbgsk"},"id":"r4cvy7fyv5tumal","previousOperationId":"4yu9qmv1wszbug6"}
{"type":"log","timestamp":1682758799917,"level":"debug","message":"Page request: GET (stylesheet) https://fonts.googleapis.com/css2?family=Inter:wght@300;400;600&display=swap","meta":{"rootId":"4mt5pgovmubbgsk","id":"4mt5pgovmubbgsk"},"id":"pyv56k3ovvqxro7","previousOperationId":"4yu9qmv1wszbug6"}
{"type":"log","timestamp":1682758799918,"level":"debug","message":"Page request: GET (image) file:///C:/Users/Adebayo/AppData/Local/Temp/jsreport/autocleanup/img/avatars/avatar-5.jpg","meta":{"rootId":"4mt5pgovmubbgsk","id":"4mt5pgovmubbgsk"},"id":"5zmr0r785keulkw","previousOperationId":"4yu9qmv1wszbug6"}
{"type":"log","timestamp":1682758799918,"level":"debug","message":"Page request: GET (image) file:///C:/Users/Adebayo/AppData/Local/Temp/jsreport/autocleanup/img/avatars/avatar-2.jpg","meta":{"rootId":"4mt5pgovmubbgsk","id":"4mt5pgovmubbgsk"},"id":"ckun00a7pxuv8d3","previousOperationId":"4yu9qmv1wszbug6"}
{"type":"log","timestamp":1682758799918,"level":"debug","message":"Page request: GET (image) file:///C:/Users/Adebayo/AppData/Local/Temp/jsreport/autocleanup/img/avatars/avatar-4.jpg","meta":{"rootId":"4mt5pgovmubbgsk","id":"4mt5pgovmubbgsk"},"id":"e1tio7r39mrbiab","previousOperationId":"4yu9qmv1wszbug6"}
{"type":"log","timestamp":1682758799919,"level":"debug","message":"Page request: GET (image) file:///C:/Users/Adebayo/AppData/Local/Temp/jsreport/autocleanup/img/avatars/avatar-3.jpg","meta":{"rootId":"4mt5pgovmubbgsk","id":"4mt5pgovmubbgsk"},"id":"7hk30s711srprq9","previousOperationId":"4yu9qmv1wszbug6"}
{"type":"log","timestamp":1682758799919,"level":"debug","message":"Page request: GET (image) file:///C:/Users/Adebayo/AppData/Local/Temp/jsreport/autocleanup/img/avatars/avatar.jpg","meta":{"rootId":"4mt5pgovmubbgsk","id":"4mt5pgovmubbgsk"},"id":"7axvloxdrqb5iqe","previousOperationId":"4yu9qmv1wszbug6"}
{"type":"log","timestamp":1682758799920,"level":"debug","message":"Page request finished: GET (document) 200 file:///C:/Users/Adebayo/AppData/Local/Temp/jsreport/autocleanup/4301b8a0-422d-4ddf-bcb4-7d0de26be7f0-chrome-pdf.html","meta":{"rootId":"4mt5pgovmubbgsk","id":"4mt5pgovmubbgsk"},"id":"j1pqi9fpmp749wf","previousOperationId":"4yu9qmv1wszbug6"}
{"type":"log","timestamp":1682758799920,"level":"debug","message":"Page request: GET (script) file:///C:/Users/Adebayo/AppData/Local/Temp/jsreport/autocleanup/js/app.js","meta":{"rootId":"4mt5pgovmubbgsk","id":"4mt5pgovmubbgsk"},"id":"836l5e2w00yi5fb","previousOperationId":"4yu9qmv1wszbug6"}
{"type":"log","timestamp":1682758799922,"level":"warn","message":"Page request failed: GET (stylesheet) file:///C:/Users/Adebayo/AppData/Local/Temp/jsreport/autocleanup/css/app.css, failure: net::ERR_FILE_NOT_FOUND","meta":{"rootId":"4mt5pgovmubbgsk","id":"4mt5pgovmubbgsk"},"id":"ak3ujwqxxhgf1vp","previousOperationId":"4yu9qmv1wszbug6"}
{"type":"log","timestamp":1682758799922,"level":"debug","message":"(console:error) Failed to load resource: net::ERR_FILE_NOT_FOUND","meta":{"userLevel":true,"rootId":"4mt5pgovmubbgsk","id":"4mt5pgovmubbgsk"},"id":"0c7arxai1ceoc59","previousOperationId":"4yu9qmv1wszbug6"}
{"type":"log","timestamp":1682758799923,"level":"warn","message":"Page request failed: GET (image) file:///C:/Users/Adebayo/AppData/Local/Temp/jsreport/autocleanup/img/avatars/avatar-5.jpg, failure: net::ERR_FILE_NOT_FOUND","meta":{"rootId":"4mt5pgovmubbgsk","id":"4mt5pgovmubbgsk"},"id":"adn5ks9b8ebd1f6","previousOperationId":"4yu9qmv1wszbug6"}
{"type":"log","timestamp":1682758799923,"level":"debug","message":"(console:error) Failed to load resource: net::ERR_FILE_NOT_FOUND","meta":{"userLevel":true,"rootId":"4mt5pgovmubbgsk","id":"4mt5pgovmubbgsk"},"id":"c5eilyemvlp51u7","previousOperationId":"4yu9qmv1wszbug6"}
{"type":"log","timestamp":1682758799923,"level":"warn","message":"Page request failed: GET (image) file:///C:/Users/Adebayo/AppData/Local/Temp/jsreport/autocleanup/img/avatars/avatar-2.jpg, failure: net::ERR_FILE_NOT_FOUND","meta":{"rootId":"4mt5pgovmubbgsk","id":"4mt5pgovmubbgsk"},"id":"ifsa49gmnzb1iez","previousOperationId":"4yu9qmv1wszbug6"}
{"type":"log","timestamp":1682758799923,"level":"debug","message":"(console:error) Failed to load resource: net::ERR_FILE_NOT_FOUND","meta":{"userLevel":true,"rootId":"4mt5pgovmubbgsk","id":"4mt5pgovmubbgsk"},"id":"be42wjjsgx24xvv","previousOperationId":"4yu9qmv1wszbug6"}
{"type":"log","timestamp":1682758799923,"level":"warn","message":"Page request failed: GET (image) file:///C:/Users/Adebayo/AppData/Local/Temp/jsreport/autocleanup/img/avatars/avatar-4.jpg, failure: net::ERR_FILE_NOT_FOUND","meta":{"rootId":"4mt5pgovmubbgsk","id":"4mt5pgovmubbgsk"},"id":"ambb405z2oppn4v","previousOperationId":"4yu9qmv1wszbug6"}
{"type":"log","timestamp":1682758799923,"level":"debug","message":"(console:error) Failed to load resource: net::ERR_FILE_NOT_FOUND","meta":{"userLevel":true,"rootId":"4mt5pgovmubbgsk","id":"4mt5pgovmubbgsk"},"id":"lsiwboorve8r8gg","previousOperationId":"4yu9qmv1wszbug6"}
{"type":"log","timestamp":1682758799924,"level":"debug","message":"Page request finished: GET (stylesheet) 200 https://fonts.googleapis.com/css2?family=Inter:wght@300;400;600&display=swap","meta":{"rootId":"4mt5pgovmubbgsk","id":"4mt5pgovmubbgsk"},"id":"s3mmvkttlogij0q","previousOperationId":"4yu9qmv1wszbug6"}
{"type":"log","timestamp":1682758799924,"level":"warn","message":"Page request failed: GET (image) file:///C:/Users/Adebayo/AppData/Local/Temp/jsreport/autocleanup/img/avatars/avatar-3.jpg, failure: net::ERR_FILE_NOT_FOUND","meta":{"rootId":"4mt5pgovmubbgsk","id":"4mt5pgovmubbgsk"},"id":"yl8xwhx4vyp5qik","previousOperationId":"4yu9qmv1wszbug6"}
{"type":"log","timestamp":1682758799924,"level":"debug","message":"(console:error) Failed to load resource: net::ERR_FILE_NOT_FOUND","meta":{"userLevel":true,"rootId":"4mt5pgovmubbgsk","id":"4mt5pgovmubbgsk"},"id":"y0d3fiwqm9nrn9b","previousOperationId":"4yu9qmv1wszbug6"}
{"type":"log","timestamp":1682758799924,"level":"warn","message":"Page request failed: GET (image) file:///C:/Users/Adebayo/AppData/Local/Temp/jsreport/autocleanup/img/avatars/avatar.jpg, failure: net::ERR_FILE_NOT_FOUND","meta":{"rootId":"4mt5pgovmubbgsk","id":"4mt5pgovmubbgsk"},"id":"dty0zvmjufky187","previousOperationId":"4yu9qmv1wszbug6"}
{"type":"log","timestamp":1682758799924,"level":"debug","message":"(console:error) Failed to load resource: net::ERR_FILE_NOT_FOUND","meta":{"userLevel":true,"rootId":"4mt5pgovmubbgsk","id":"4mt5pgovmubbgsk"},"id":"lv96ev28hw9ahp8","previousOperationId":"4yu9qmv1wszbug6"}
{"type":"log","timestamp":1682758799924,"level":"warn","message":"Page request failed: GET (script) file:///C:/Users/Adebayo/AppData/Local/Temp/jsreport/autocleanup/js/app.js, failure: net::ERR_FILE_NOT_FOUND","meta":{"rootId":"4mt5pgovmubbgsk","id":"4mt5pgovmubbgsk"},"id":"yy00prw96cpz0qy","previousOperationId":"4yu9qmv1wszbug6"}
{"type":"log","timestamp":1682758799925,"level":"debug","message":"(console:error) Failed to load resource: net::ERR_FILE_NOT_FOUND","meta":{"userLevel":true,"rootId":"4mt5pgovmubbgsk","id":"4mt5pgovmubbgsk"},"id":"nmghb2o8qyylg48","previousOperationId":"4yu9qmv1wszbug6"}
{"type":"log","timestamp":1682758799925,"level":"warn","message":"Page error: ReferenceError: Chart is not defined\n    at HTMLDocument.<anonymous> (file:///C:/Users/Adebayo/AppData/Local/Temp/jsreport/autocleanup/4301b8a0-422d-4ddf-bcb4-7d0de26be7f0-chrome-pdf.html:603:4)","meta":{"rootId":"4mt5pgovmubbgsk","id":"4mt5pgovmubbgsk"},"id":"er581kbz3j95lrl","previousOperationId":"4yu9qmv1wszbug6"}
{"type":"log","timestamp":1682758799925,"level":"warn","message":"Page error: ReferenceError: Chart is not defined\n    at HTMLDocument.<anonymous> (file:///C:/Users/Adebayo/AppData/Local/Temp/jsreport/autocleanup/4301b8a0-422d-4ddf-bcb4-7d0de26be7f0-chrome-pdf.html:669:4)","meta":{"rootId":"4mt5pgovmubbgsk","id":"4mt5pgovmubbgsk"},"id":"aatkxc6x61r1yyn","previousOperationId":"4yu9qmv1wszbug6"}
{"type":"log","timestamp":1682758799925,"level":"warn","message":"Page error: ReferenceError: Chart is not defined\n    at HTMLDocument.<anonymous> (file:///C:/Users/Adebayo/AppData/Local/Temp/jsreport/autocleanup/4301b8a0-422d-4ddf-bcb4-7d0de26be7f0-chrome-pdf.html:697:4)","meta":{"rootId":"4mt5pgovmubbgsk","id":"4mt5pgovmubbgsk"},"id":"kejawhpkdr8npi0","previousOperationId":"4yu9qmv1wszbug6"}
{"type":"log","timestamp":1682758799926,"level":"warn","message":"Page error: ReferenceError: jsVectorMap is not defined\n    at HTMLDocument.<anonymous> (file:///C:/Users/Adebayo/AppData/Local/Temp/jsreport/autocleanup/4301b8a0-422d-4ddf-bcb4-7d0de26be7f0-chrome-pdf.html:781:14)","meta":{"rootId":"4mt5pgovmubbgsk","id":"4mt5pgovmubbgsk"},"id":"0yu4vtro54tld51","previousOperationId":"4yu9qmv1wszbug6"}
{"type":"log","timestamp":1682758799926,"level":"warn","message":"Page error: TypeError: document.getElementById(...).flatpickr is not a function\n    at HTMLDocument.<anonymous> (file:///C:/Users/Adebayo/AppData/Local/Temp/jsreport/autocleanup/4301b8a0-422d-4ddf-bcb4-7d0de26be7f0-chrome-pdf.html:809:56)","meta":{"rootId":"4mt5pgovmubbgsk","id":"4mt5pgovmubbgsk"},"id":"ee7ttv67ed1qkct","previousOperationId":"4yu9qmv1wszbug6"}
{"type":"log","timestamp":1682758799980,"level":"debug","message":"Running chrome with params {\"printBackground\":true,\"marginTop\":\"1cm\",\"marginRight\":\"1cm\",\"marginBottom\":\"1cm\",\"marginLeft\":\"1cm\",\"timeout\":59961,\"margin\":{\"top\":\"1cm\",\"right\":\"1cm\",\"bottom\":\"1cm\",\"left\":\"1cm\"}}","meta":{"rootId":"4mt5pgovmubbgsk","id":"4mt5pgovmubbgsk"},"id":"ntj3w4zcasvgdgi","previousOperationId":"4yu9qmv1wszbug6"}
{"type":"operationEnd","operationId":"4yu9qmv1wszbug6","timestamp":1682758800196,"id":"ubq2izq803zn1rv","previousEventId":"iurklptx2qb44ne","previousOperationId":"4yu9qmv1wszbug6"}
{"type":"log","timestamp":1682758800196,"level":"debug","message":"Skipping storing report.","meta":{"rootId":"4mt5pgovmubbgsk","id":"4mt5pgovmubbgsk"},"id":"ny87dccrfzgimy8","previousOperationId":"4yu9qmv1wszbug6"}
{"type":"log","timestamp":1682758800196,"level":"info","message":"Rendering request 23 finished in 430 ms","meta":{"rootId":"4mt5pgovmubbgsk","id":"4mt5pgovmubbgsk"},"id":"btel35wbordz9vh","previousOperationId":"4yu9qmv1wszbug6"}
{"type":"operationEnd","subtype":"render","operationId":"y5lb7o68geu51h4","timestamp":1682758800196,"id":"ftvefn4raql2mre","previousEventId":"ubq2izq803zn1rv","previousOperationId":"4yu9qmv1wszbug6"}
{"type":"operationEnd","doDiffs":false,"previousEventId":"ju90ep7hq89bzx9","previousOperationId":"caly4knnl0lvjb6","operationId":"caly4knnl0lvjb6","timestamp":1682758800206,"id":"0gfl7rae8k5tg45"}
