{"type":"operationStart","subtype":"profile","data":{"_id":"GNbRNX3gRuT9dbQP","timestamp":"2023-04-29T06:47:20.600Z","state":"queued","mode":"standard","creationDate":"2023-04-29T06:47:20.602Z","modificationDate":"2023-04-29T06:47:20.602Z","shortid":"V0N_nJr","$entitySet":"profiles"},"doDiffs":false,"timestamp":1682750840601,"id":"10khcu0apmww8qi","previousOperationId":null,"operationId":"zu3y0yipcpzq521"}
{"type":"log","level":"info","message":"Render request 7 queued for execution and waiting for available worker","previousOperationId":"zu3y0yipcpzq521","timestamp":1682750840601,"id":"lspaztad9ro29fv"}
{"type":"operationStart","subtype":"render","name":"invoice-main","previousOperationId":"zu3y0yipcpzq521","timestamp":1682750840612,"id":"pxmn20pr8apiz7w","previousEventId":"10khcu0apmww8qi","operationId":"2n31oc61wrlu4ey"}
{"type":"log","timestamp":1682750840612,"level":"info","message":"Starting rendering request 7","meta":{"rootId":"5j51txaepki31on","id":"5j51txaepki31on"},"id":"ngxwy4hydylv12x","previousOperationId":"2n31oc61wrlu4ey"}
{"type":"log","timestamp":1682750840612,"level":"info","message":"Rendering template { name: invoice-main, recipe: chrome-pdf, engine: handlebars, preview: true }","meta":{"rootId":"5j51txaepki31on","id":"5j51txaepki31on"},"id":"su96t8vrn4ra3v1","previousOperationId":"2n31oc61wrlu4ey"}
{"type":"log","timestamp":1682750840613,"level":"debug","message":"Inline data specified.","meta":{"rootId":"5j51txaepki31on","id":"5j51txaepki31on"},"id":"mod1z9hldb6fk8v","previousOperationId":"2n31oc61wrlu4ey"}
{"type":"log","timestamp":1682750840618,"level":"debug","message":"Base url not specified, skipping its injection.","meta":{"rootId":"5j51txaepki31on","id":"5j51txaepki31on"},"id":"xqsrwapnud11762","previousOperationId":"2n31oc61wrlu4ey"}
{"type":"operationStart","subtype":"engine","name":"handlebars","timestamp":1682750840618,"id":"su9r653e293l0v1","previousEventId":"pxmn20pr8apiz7w","operationId":"4lwc9en8gx9ch4i","previousOperationId":"2n31oc61wrlu4ey"}
{"type":"log","timestamp":1682750840618,"level":"debug","message":"Rendering engine handlebars","meta":{"rootId":"5j51txaepki31on","id":"5j51txaepki31on"},"id":"zgsg41wyqj7g8lw","previousOperationId":"4lwc9en8gx9ch4i"}
{"type":"log","timestamp":1682750840640,"level":"debug","message":"(console:log) Calculating item Website design; you should see this message in debug run","meta":{"userLevel":true,"rootId":"5j51txaepki31on","id":"5j51txaepki31on"},"id":"jq5pd38868i98xh","previousOperationId":"4lwc9en8gx9ch4i"}
{"type":"operationEnd","operationId":"4lwc9en8gx9ch4i","timestamp":1682750840644,"id":"9b8clgpytudmv57","previousEventId":"su9r653e293l0v1","previousOperationId":"4lwc9en8gx9ch4i"}
{"type":"operationStart","subtype":"recipe","name":"chrome-pdf","timestamp":1682750840644,"id":"vh1igu7gugtcv6s","previousEventId":"9b8clgpytudmv57","operationId":"daa37x618aepm3q","previousOperationId":"4lwc9en8gx9ch4i"}
{"type":"log","timestamp":1682750840644,"level":"debug","message":"Executing recipe chrome-pdf","meta":{"rootId":"5j51txaepki31on","id":"5j51txaepki31on"},"id":"9b4lz14vyckop2n","previousOperationId":"daa37x618aepm3q"}
{"type":"log","timestamp":1682750840647,"level":"debug","message":"Converting with chrome HeadlessChrome/105.0.5173.0 using chrome-pool strategy","meta":{"rootId":"5j51txaepki31on","id":"5j51txaepki31on"},"id":"rfvop6xyk4yje0p","previousOperationId":"daa37x618aepm3q"}
{"type":"log","timestamp":1682750840755,"level":"debug","message":"Page request: GET (document) file:///C:/Users/Adebayo/AppData/Local/Temp/jsreport/autocleanup/2ac27dd0-26dc-486a-bcb1-119680acc3ea-chrome-pdf.html","meta":{"rootId":"5j51txaepki31on","id":"5j51txaepki31on"},"id":"5q0w071niyczz2g","previousOperationId":"daa37x618aepm3q"}
{"type":"log","timestamp":1682750840768,"level":"debug","message":"Page request: GET (image) https://i.ibb.co/fGz0Ss1/download-1.png","meta":{"rootId":"5j51txaepki31on","id":"5j51txaepki31on"},"id":"jrvfvt7gb600l35","previousOperationId":"daa37x618aepm3q"}
{"type":"log","timestamp":1682750840769,"level":"debug","message":"Page request finished: GET (document) 200 file:///C:/Users/Adebayo/AppData/Local/Temp/jsreport/autocleanup/2ac27dd0-26dc-486a-bcb1-119680acc3ea-chrome-pdf.html","meta":{"rootId":"5j51txaepki31on","id":"5j51txaepki31on"},"id":"64n10iqo73tag00","previousOperationId":"daa37x618aepm3q"}
{"type":"log","timestamp":1682750840774,"level":"debug","message":"Page request finished: GET (image) 200 https://i.ibb.co/fGz0Ss1/download-1.png","meta":{"rootId":"5j51txaepki31on","id":"5j51txaepki31on"},"id":"4kbeowvjrm68ty6","previousOperationId":"daa37x618aepm3q"}
{"type":"log","timestamp":1682750840796,"level":"debug","message":"Running chrome with params {\"printBackground\":true,\"marginTop\":\"1cm\",\"marginRight\":\"1cm\",\"marginBottom\":\"1cm\",\"marginLeft\":\"1cm\",\"timeout\":59954,\"margin\":{\"top\":\"1cm\",\"right\":\"1cm\",\"bottom\":\"1cm\",\"left\":\"1cm\"}}","meta":{"rootId":"5j51txaepki31on","id":"5j51txaepki31on"},"id":"24jwz00pxkjoqza","previousOperationId":"daa37x618aepm3q"}
{"type":"operationEnd","operationId":"daa37x618aepm3q","timestamp":1682750840931,"id":"9u7006mewkiivrt","previousEventId":"vh1igu7gugtcv6s","previousOperationId":"daa37x618aepm3q"}
{"type":"log","timestamp":1682750840932,"level":"debug","message":"Skipping storing report.","meta":{"rootId":"5j51txaepki31on","id":"5j51txaepki31on"},"id":"9mzcn6bsjl1q12w","previousOperationId":"daa37x618aepm3q"}
{"type":"log","timestamp":1682750840932,"level":"info","message":"Rendering request 7 finished in 332 ms","meta":{"rootId":"5j51txaepki31on","id":"5j51txaepki31on"},"id":"jkt4oatndftdnzu","previousOperationId":"daa37x618aepm3q"}
{"type":"operationEnd","subtype":"render","operationId":"2n31oc61wrlu4ey","timestamp":1682750840932,"id":"o4mtlh644nigihs","previousEventId":"9u7006mewkiivrt","previousOperationId":"daa37x618aepm3q"}
{"type":"operationEnd","doDiffs":false,"previousEventId":"10khcu0apmww8qi","previousOperationId":"zu3y0yipcpzq521","operationId":"zu3y0yipcpzq521","timestamp":1682750840940,"id":"wij7zsumznn9ehz"}
