{"type":"operationStart","subtype":"profile","data":{"_id":"ej9zEggV6gLpD4E8","timestamp":"2023-04-29T06:48:18.122Z","state":"queued","mode":"standard","creationDate":"2023-04-29T06:48:18.124Z","modificationDate":"2023-04-29T06:48:18.124Z","shortid":"NQbzGG6","$entitySet":"profiles"},"doDiffs":false,"timestamp":1682750898123,"id":"1025t3bn4j19b7f","previousOperationId":null,"operationId":"0oe0dcqcjprkfev"}
{"type":"log","level":"info","message":"Render request 8 queued for execution and waiting for available worker","previousOperationId":"0oe0dcqcjprkfev","timestamp":1682750898123,"id":"5xxrveg5h675rgw"}
{"type":"operationStart","subtype":"render","name":"invoice-main","previousOperationId":"0oe0dcqcjprkfev","timestamp":1682750898132,"id":"2pxnalzrdavwvgk","previousEventId":"1025t3bn4j19b7f","operationId":"6ca2v3ib95saf4u"}
{"type":"log","timestamp":1682750898132,"level":"info","message":"Starting rendering request 8","meta":{"rootId":"5ppuaq7o0p9zvqw","id":"5ppuaq7o0p9zvqw"},"id":"m3doubxq0whjj29","previousOperationId":"6ca2v3ib95saf4u"}
{"type":"log","timestamp":1682750898133,"level":"info","message":"Rendering template { name: invoice-main, recipe: chrome-pdf, engine: handlebars, preview: true }","meta":{"rootId":"5ppuaq7o0p9zvqw","id":"5ppuaq7o0p9zvqw"},"id":"8ptssvktwz3ljwj","previousOperationId":"6ca2v3ib95saf4u"}
{"type":"log","timestamp":1682750898134,"level":"debug","message":"Inline data specified.","meta":{"rootId":"5ppuaq7o0p9zvqw","id":"5ppuaq7o0p9zvqw"},"id":"xs0yzg49pudjpzs","previousOperationId":"6ca2v3ib95saf4u"}
{"type":"log","timestamp":1682750898136,"level":"debug","message":"Base url not specified, skipping its injection.","meta":{"rootId":"5ppuaq7o0p9zvqw","id":"5ppuaq7o0p9zvqw"},"id":"5ncuda58e8e1iho","previousOperationId":"6ca2v3ib95saf4u"}
{"type":"operationStart","subtype":"engine","name":"handlebars","timestamp":1682750898137,"id":"oft12x8o625p5so","previousEventId":"2pxnalzrdavwvgk","operationId":"0b5ksgib5fcs9ay","previousOperationId":"6ca2v3ib95saf4u"}
{"type":"log","timestamp":1682750898137,"level":"debug","message":"Rendering engine handlebars","meta":{"rootId":"5ppuaq7o0p9zvqw","id":"5ppuaq7o0p9zvqw"},"id":"1rze90zv80jj48w","previousOperationId":"0b5ksgib5fcs9ay"}
{"type":"log","timestamp":1682750898159,"level":"debug","message":"(console:log) Calculating item Website design; you should see this message in debug run","meta":{"userLevel":true,"rootId":"5ppuaq7o0p9zvqw","id":"5ppuaq7o0p9zvqw"},"id":"j2dy7zqdimrm6sz","previousOperationId":"0b5ksgib5fcs9ay"}
{"type":"operationEnd","operationId":"0b5ksgib5fcs9ay","timestamp":1682750898163,"id":"26zpbg8n3aeqrmi","previousEventId":"oft12x8o625p5so","previousOperationId":"0b5ksgib5fcs9ay"}
{"type":"operationStart","subtype":"recipe","name":"chrome-pdf","timestamp":1682750898163,"id":"96iqth0k1zth1mj","previousEventId":"26zpbg8n3aeqrmi","operationId":"o1fp6fkuyrht49b","previousOperationId":"0b5ksgib5fcs9ay"}
{"type":"log","timestamp":1682750898163,"level":"debug","message":"Executing recipe chrome-pdf","meta":{"rootId":"5ppuaq7o0p9zvqw","id":"5ppuaq7o0p9zvqw"},"id":"0wrcv6g5ihaqctq","previousOperationId":"o1fp6fkuyrht49b"}
{"type":"log","timestamp":1682750898168,"level":"debug","message":"Converting with chrome HeadlessChrome/105.0.5173.0 using chrome-pool strategy","meta":{"rootId":"5ppuaq7o0p9zvqw","id":"5ppuaq7o0p9zvqw"},"id":"za11xnu2bcvz0l2","previousOperationId":"o1fp6fkuyrht49b"}
{"type":"log","timestamp":1682750898302,"level":"debug","message":"Page request: GET (document) file:///C:/Users/Adebayo/AppData/Local/Temp/jsreport/autocleanup/5804cfd3-d5b6-4881-b3d1-aec1363e80b8-chrome-pdf.html","meta":{"rootId":"5ppuaq7o0p9zvqw","id":"5ppuaq7o0p9zvqw"},"id":"joly43slrn01l49","previousOperationId":"o1fp6fkuyrht49b"}
{"type":"log","timestamp":1682750898316,"level":"debug","message":"Page request finished: GET (document) 200 file:///C:/Users/Adebayo/AppData/Local/Temp/jsreport/autocleanup/5804cfd3-d5b6-4881-b3d1-aec1363e80b8-chrome-pdf.html","meta":{"rootId":"5ppuaq7o0p9zvqw","id":"5ppuaq7o0p9zvqw"},"id":"vd4hywubnqd9r7d","previousOperationId":"o1fp6fkuyrht49b"}
{"type":"log","timestamp":1682750898316,"level":"debug","message":"Page request: GET (image) https://i.ibb.co/fGz0Ss1/download-1.png","meta":{"rootId":"5ppuaq7o0p9zvqw","id":"5ppuaq7o0p9zvqw"},"id":"9bj97ribyvdji4z","previousOperationId":"o1fp6fkuyrht49b"}
{"type":"log","timestamp":1682750898321,"level":"debug","message":"Page request finished: GET (image) 200 https://i.ibb.co/fGz0Ss1/download-1.png","meta":{"rootId":"5ppuaq7o0p9zvqw","id":"5ppuaq7o0p9zvqw"},"id":"57gqhzj6cfr8yjy","previousOperationId":"o1fp6fkuyrht49b"}
{"type":"log","timestamp":1682750898341,"level":"debug","message":"Running chrome with params {\"printBackground\":true,\"marginTop\":\"1cm\",\"marginRight\":\"1cm\",\"marginBottom\":\"1cm\",\"marginLeft\":\"1cm\",\"timeout\":59956,\"margin\":{\"top\":\"1cm\",\"right\":\"1cm\",\"bottom\":\"1cm\",\"left\":\"1cm\"}}","meta":{"rootId":"5ppuaq7o0p9zvqw","id":"5ppuaq7o0p9zvqw"},"id":"2petj70i9plhdri","previousOperationId":"o1fp6fkuyrht49b"}
{"type":"operationEnd","operationId":"o1fp6fkuyrht49b","timestamp":1682750898474,"id":"lu655u4l6ueaxn0","previousEventId":"96iqth0k1zth1mj","previousOperationId":"o1fp6fkuyrht49b"}
{"type":"log","timestamp":1682750898474,"level":"debug","message":"Skipping storing report.","meta":{"rootId":"5ppuaq7o0p9zvqw","id":"5ppuaq7o0p9zvqw"},"id":"l7rhsoyb9cnchjq","previousOperationId":"o1fp6fkuyrht49b"}
{"type":"log","timestamp":1682750898475,"level":"info","message":"Rendering request 8 finished in 353 ms","meta":{"rootId":"5ppuaq7o0p9zvqw","id":"5ppuaq7o0p9zvqw"},"id":"42ydfxl6ejaxfy5","previousOperationId":"o1fp6fkuyrht49b"}
{"type":"operationEnd","subtype":"render","operationId":"6ca2v3ib95saf4u","timestamp":1682750898475,"id":"cixwdd0o1fzp2ss","previousEventId":"lu655u4l6ueaxn0","previousOperationId":"o1fp6fkuyrht49b"}
{"type":"operationEnd","doDiffs":false,"previousEventId":"1025t3bn4j19b7f","previousOperationId":"0oe0dcqcjprkfev","operationId":"0oe0dcqcjprkfev","timestamp":1682750898483,"id":"hkf2d8kh19wth8z"}
