{"type":"operationStart","subtype":"profile","data":{"_id":"PtXLQzVU5Op9rwrh","timestamp":"2023-04-29T07:00:28.742Z","state":"queued","mode":"standard","creationDate":"2023-04-29T07:00:28.744Z","modificationDate":"2023-04-29T07:00:28.744Z","shortid":"V7Df2TL","$entitySet":"profiles"},"doDiffs":false,"timestamp":1682751628743,"id":"5e2tv1snkhljcvz","previousOperationId":null,"operationId":"6fwg4j35albaouh"}
{"type":"log","level":"info","message":"Render request 18 queued for execution and waiting for available worker","previousOperationId":"6fwg4j35albaouh","timestamp":1682751628743,"id":"kk4jgbv8rt0vuri"}
{"type":"operationStart","subtype":"render","name":"invoice-main","previousOperationId":"6fwg4j35albaouh","timestamp":1682751628752,"id":"ursbiv0w6id0tx6","previousEventId":"5e2tv1snkhljcvz","operationId":"rgtjkpv91i9ar06"}
{"type":"log","timestamp":1682751628753,"level":"info","message":"Starting rendering request 18","meta":{"rootId":"6dituuf1xgkga9n","id":"6dituuf1xgkga9n"},"id":"dv8flmpli0o0ww8","previousOperationId":"rgtjkpv91i9ar06"}
{"type":"log","timestamp":1682751628753,"level":"info","message":"Rendering template { name: invoice-main, recipe: chrome-pdf, engine: handlebars, preview: true }","meta":{"rootId":"6dituuf1xgkga9n","id":"6dituuf1xgkga9n"},"id":"wrk8tuq7gfbhemb","previousOperationId":"rgtjkpv91i9ar06"}
{"type":"log","timestamp":1682751628754,"level":"debug","message":"Inline data specified.","meta":{"rootId":"6dituuf1xgkga9n","id":"6dituuf1xgkga9n"},"id":"au2hsk11qfc8vb8","previousOperationId":"rgtjkpv91i9ar06"}
{"type":"log","timestamp":1682751628757,"level":"debug","message":"Base url not specified, skipping its injection.","meta":{"rootId":"6dituuf1xgkga9n","id":"6dituuf1xgkga9n"},"id":"3sc2n3ta5esjl2p","previousOperationId":"rgtjkpv91i9ar06"}
{"type":"operationStart","subtype":"engine","name":"handlebars","timestamp":1682751628757,"id":"hm97jb0r8hsw3g4","previousEventId":"ursbiv0w6id0tx6","operationId":"0oyg5is4yeyluji","previousOperationId":"rgtjkpv91i9ar06"}
{"type":"log","timestamp":1682751628757,"level":"debug","message":"Rendering engine handlebars","meta":{"rootId":"6dituuf1xgkga9n","id":"6dituuf1xgkga9n"},"id":"56s2xcd5fafrqla","previousOperationId":"0oyg5is4yeyluji"}
{"type":"log","timestamp":1682751628777,"level":"debug","message":"(console:log) Calculating item Website design; you should see this message in debug run","meta":{"userLevel":true,"rootId":"6dituuf1xgkga9n","id":"6dituuf1xgkga9n"},"id":"2nmafwsgxfpluf2","previousOperationId":"0oyg5is4yeyluji"}
{"type":"operationEnd","operationId":"0oyg5is4yeyluji","timestamp":1682751628779,"id":"dlk2j5rq1z781y3","previousEventId":"hm97jb0r8hsw3g4","previousOperationId":"0oyg5is4yeyluji"}
{"type":"operationStart","subtype":"recipe","name":"chrome-pdf","timestamp":1682751628780,"id":"7xcikie6sbm92qv","previousEventId":"dlk2j5rq1z781y3","operationId":"jdwbt32u7pclyd5","previousOperationId":"0oyg5is4yeyluji"}
{"type":"log","timestamp":1682751628780,"level":"debug","message":"Executing recipe chrome-pdf","meta":{"rootId":"6dituuf1xgkga9n","id":"6dituuf1xgkga9n"},"id":"0xiwhr580jbutug","previousOperationId":"jdwbt32u7pclyd5"}
{"type":"log","timestamp":1682751628783,"level":"debug","message":"Converting with chrome HeadlessChrome/105.0.5173.0 using chrome-pool strategy","meta":{"rootId":"6dituuf1xgkga9n","id":"6dituuf1xgkga9n"},"id":"jd4l1c6v4rjedmn","previousOperationId":"jdwbt32u7pclyd5"}
{"type":"log","timestamp":1682751628880,"level":"debug","message":"Page request: GET (document) file:///C:/Users/Adebayo/AppData/Local/Temp/jsreport/autocleanup/ee0c991c-4344-4e4f-863e-10ad11f54ee2-chrome-pdf.html","meta":{"rootId":"6dituuf1xgkga9n","id":"6dituuf1xgkga9n"},"id":"bgdzrzu2n6l20cu","previousOperationId":"jdwbt32u7pclyd5"}
{"type":"log","timestamp":1682751628893,"level":"debug","message":"Page request: GET (stylesheet) https://cdn.jsdelivr.net/npm/bootstrap@3.3.7/dist/css/bootstrap.min.css","meta":{"rootId":"6dituuf1xgkga9n","id":"6dituuf1xgkga9n"},"id":"0svrygbyeugg4t7","previousOperationId":"jdwbt32u7pclyd5"}
{"type":"log","timestamp":1682751628894,"level":"debug","message":"Page request: GET (stylesheet) https://cdn.jsdelivr.net/npm/bootstrap@3.3.7/dist/css/bootstrap-theme.min.css","meta":{"rootId":"6dituuf1xgkga9n","id":"6dituuf1xgkga9n"},"id":"7wehdrnkdwehluj","previousOperationId":"jdwbt32u7pclyd5"}
{"type":"log","timestamp":1682751628894,"level":"debug","message":"Page request finished: GET (document) 200 file:///C:/Users/Adebayo/AppData/Local/Temp/jsreport/autocleanup/ee0c991c-4344-4e4f-863e-10ad11f54ee2-chrome-pdf.html","meta":{"rootId":"6dituuf1xgkga9n","id":"6dituuf1xgkga9n"},"id":"ar4xvhrvdpotot8","previousOperationId":"jdwbt32u7pclyd5"}
{"type":"log","timestamp":1682751628895,"level":"debug","message":"Page request: GET (script) https://code.jquery.com/jquery-3.3.1.slim.min.js","meta":{"rootId":"6dituuf1xgkga9n","id":"6dituuf1xgkga9n"},"id":"idlgxhi6rdokzmf","previousOperationId":"jdwbt32u7pclyd5"}
{"type":"log","timestamp":1682751628895,"level":"debug","message":"Page request: GET (script) https://cdn.jsdelivr.net/npm/popper.js@1.14.3/dist/umd/popper.min.js","meta":{"rootId":"6dituuf1xgkga9n","id":"6dituuf1xgkga9n"},"id":"fz9r833zg3kho2j","previousOperationId":"jdwbt32u7pclyd5"}
{"type":"log","timestamp":1682751628896,"level":"debug","message":"Page request: GET (script) https://cdn.jsdelivr.net/npm/bootstrap@4.1.3/dist/js/bootstrap.min.js","meta":{"rootId":"6dituuf1xgkga9n","id":"6dituuf1xgkga9n"},"id":"t5p6w8ovj5e9fe8","previousOperationId":"jdwbt32u7pclyd5"}
{"type":"log","timestamp":1682751628899,"level":"debug","message":"Page request: GET (image) https://i.ibb.co/fGz0Ss1/download-1.png","meta":{"rootId":"6dituuf1xgkga9n","id":"6dituuf1xgkga9n"},"id":"x6bp3we6u5jmdv7","previousOperationId":"jdwbt32u7pclyd5"}
{"type":"log","timestamp":1682751628901,"level":"debug","message":"Page request finished: GET (stylesheet) 200 https://cdn.jsdelivr.net/npm/bootstrap@3.3.7/dist/css/bootstrap-theme.min.css","meta":{"rootId":"6dituuf1xgkga9n","id":"6dituuf1xgkga9n"},"id":"x53ox3q6d7bl1im","previousOperationId":"jdwbt32u7pclyd5"}
{"type":"log","timestamp":1682751628906,"level":"debug","message":"Page request finished: GET (stylesheet) 200 https://cdn.jsdelivr.net/npm/bootstrap@3.3.7/dist/css/bootstrap.min.css","meta":{"rootId":"6dituuf1xgkga9n","id":"6dituuf1xgkga9n"},"id":"d9552n7hd4vuf7w","previousOperationId":"jdwbt32u7pclyd5"}
{"type":"log","timestamp":1682751628907,"level":"debug","message":"Page request finished: GET (script) 200 https://code.jquery.com/jquery-3.3.1.slim.min.js","meta":{"rootId":"6dituuf1xgkga9n","id":"6dituuf1xgkga9n"},"id":"xmohtzm7vpso07s","previousOperationId":"jdwbt32u7pclyd5"}
{"type":"log","timestamp":1682751628917,"level":"debug","message":"Page request finished: GET (image) 200 https://i.ibb.co/fGz0Ss1/download-1.png","meta":{"rootId":"6dituuf1xgkga9n","id":"6dituuf1xgkga9n"},"id":"j7jsevtdho06af4","previousOperationId":"jdwbt32u7pclyd5"}
{"type":"log","timestamp":1682751628940,"level":"debug","message":"Page request finished: GET (script) 200 https://cdn.jsdelivr.net/npm/popper.js@1.14.3/dist/umd/popper.min.js","meta":{"rootId":"6dituuf1xgkga9n","id":"6dituuf1xgkga9n"},"id":"5rt0x9djvbq36gj","previousOperationId":"jdwbt32u7pclyd5"}
{"type":"log","timestamp":1682751628940,"level":"debug","message":"Page request finished: GET (script) 200 https://cdn.jsdelivr.net/npm/bootstrap@4.1.3/dist/js/bootstrap.min.js","meta":{"rootId":"6dituuf1xgkga9n","id":"6dituuf1xgkga9n"},"id":"yh4rlodd4bwo6vy","previousOperationId":"jdwbt32u7pclyd5"}
{"type":"log","timestamp":1682751628948,"level":"debug","message":"Running chrome with params {\"printBackground\":true,\"marginTop\":\"1cm\",\"marginRight\":\"1cm\",\"marginBottom\":\"1cm\",\"marginLeft\":\"1cm\",\"timeout\":59960,\"margin\":{\"top\":\"1cm\",\"right\":\"1cm\",\"bottom\":\"1cm\",\"left\":\"1cm\"}}","meta":{"rootId":"6dituuf1xgkga9n","id":"6dituuf1xgkga9n"},"id":"z42yx48o1aygfik","previousOperationId":"jdwbt32u7pclyd5"}
{"type":"operationEnd","operationId":"jdwbt32u7pclyd5","timestamp":1682751629053,"id":"suuwv7igtwuktkl","previousEventId":"7xcikie6sbm92qv","previousOperationId":"jdwbt32u7pclyd5"}
{"type":"log","timestamp":1682751629054,"level":"debug","message":"Skipping storing report.","meta":{"rootId":"6dituuf1xgkga9n","id":"6dituuf1xgkga9n"},"id":"btnlhupgupdho92","previousOperationId":"jdwbt32u7pclyd5"}
{"type":"log","timestamp":1682751629054,"level":"info","message":"Rendering request 18 finished in 312 ms","meta":{"rootId":"6dituuf1xgkga9n","id":"6dituuf1xgkga9n"},"id":"m8woge17mzhlr85","previousOperationId":"jdwbt32u7pclyd5"}
{"type":"operationEnd","subtype":"render","operationId":"rgtjkpv91i9ar06","timestamp":1682751629054,"id":"0xrticv9za1lvaj","previousEventId":"suuwv7igtwuktkl","previousOperationId":"jdwbt32u7pclyd5"}
{"type":"operationEnd","doDiffs":false,"previousEventId":"5e2tv1snkhljcvz","previousOperationId":"6fwg4j35albaouh","operationId":"6fwg4j35albaouh","timestamp":1682751629059,"id":"qm51423yj02k5cl"}
