{"type":"operationStart","subtype":"profile","data":{"_id":"2A8p1XhAStvDoBK4","timestamp":"2023-04-29T08:50:14.946Z","state":"queued","mode":"standard","creationDate":"2023-04-29T08:50:14.948Z","modificationDate":"2023-04-29T08:50:14.948Z","shortid":"tGul0uu","$entitySet":"profiles"},"doDiffs":false,"timestamp":1682758214947,"id":"5lw3ctp32n0hfi3","previousOperationId":null,"operationId":"qotr9c0l2tz1toc"}
{"type":"log","level":"info","message":"Render request 22 queued for execution and waiting for available worker","previousOperationId":"qotr9c0l2tz1toc","timestamp":1682758214947,"id":"dv5njjgje7uo4im"}
{"type":"operationStart","subtype":"render","name":"invoice-main","previousOperationId":"qotr9c0l2tz1toc","timestamp":1682758214957,"id":"prloy52sjbujwxk","previousEventId":"5lw3ctp32n0hfi3","operationId":"3zmoco3rrsirh3y"}
{"type":"log","timestamp":1682758214957,"level":"info","message":"Starting rendering request 22","meta":{"rootId":"7vdgussfy7u3mv3","id":"7vdgussfy7u3mv3"},"id":"fvb9oulz12gsx15","previousOperationId":"3zmoco3rrsirh3y"}
{"type":"log","timestamp":1682758214957,"level":"info","message":"Rendering template { name: invoice-main, recipe: chrome-pdf, engine: handlebars, preview: true }","meta":{"rootId":"7vdgussfy7u3mv3","id":"7vdgussfy7u3mv3"},"id":"ju1xt9zuoennvbe","previousOperationId":"3zmoco3rrsirh3y"}
{"type":"log","timestamp":1682758214958,"level":"debug","message":"Inline data specified.","meta":{"rootId":"7vdgussfy7u3mv3","id":"7vdgussfy7u3mv3"},"id":"xubt02wj21qqnco","previousOperationId":"3zmoco3rrsirh3y"}
{"type":"log","timestamp":1682758214961,"level":"debug","message":"Base url not specified, skipping its injection.","meta":{"rootId":"7vdgussfy7u3mv3","id":"7vdgussfy7u3mv3"},"id":"pvs24shdk9k23ww","previousOperationId":"3zmoco3rrsirh3y"}
{"type":"operationStart","subtype":"engine","name":"handlebars","timestamp":1682758214961,"id":"13npbxqcvwjy4ff","previousEventId":"prloy52sjbujwxk","operationId":"luz24f7ui6njf2j","previousOperationId":"3zmoco3rrsirh3y"}
{"type":"log","timestamp":1682758214961,"level":"debug","message":"Rendering engine handlebars","meta":{"rootId":"7vdgussfy7u3mv3","id":"7vdgussfy7u3mv3"},"id":"6mhs3qnq4jxputg","previousOperationId":"luz24f7ui6njf2j"}
{"type":"operationEnd","operationId":"luz24f7ui6njf2j","timestamp":1682758214979,"id":"4k9qik09smy751o","previousEventId":"13npbxqcvwjy4ff","previousOperationId":"luz24f7ui6njf2j"}
{"type":"operationStart","subtype":"recipe","name":"chrome-pdf","timestamp":1682758214980,"id":"rkzid9793jhd0oh","previousEventId":"4k9qik09smy751o","operationId":"pm6v9ir7sz4ohtu","previousOperationId":"luz24f7ui6njf2j"}
{"type":"log","timestamp":1682758214980,"level":"debug","message":"Executing recipe chrome-pdf","meta":{"rootId":"7vdgussfy7u3mv3","id":"7vdgussfy7u3mv3"},"id":"4zpt66pvwww5oar","previousOperationId":"pm6v9ir7sz4ohtu"}
{"type":"log","timestamp":1682758214985,"level":"debug","message":"Converting with chrome HeadlessChrome/105.0.5173.0 using chrome-pool strategy","meta":{"rootId":"7vdgussfy7u3mv3","id":"7vdgussfy7u3mv3"},"id":"2p9xmqhio3y0q9r","previousOperationId":"pm6v9ir7sz4ohtu"}
{"type":"log","timestamp":1682758215127,"level":"debug","message":"Page request: GET (document) file:///C:/Users/Adebayo/AppData/Local/Temp/jsreport/autocleanup/1e34a0b2-f1b2-49ec-b210-184e49848eac-chrome-pdf.html","meta":{"rootId":"7vdgussfy7u3mv3","id":"7vdgussfy7u3mv3"},"id":"l6gu44xurt6e0hx","previousOperationId":"pm6v9ir7sz4ohtu"}
{"type":"log","timestamp":1682758215143,"level":"debug","message":"Page request: GET (stylesheet) file:///C:/Users/Adebayo/AppData/Local/Temp/jsreport/autocleanup/css/app.css","meta":{"rootId":"7vdgussfy7u3mv3","id":"7vdgussfy7u3mv3"},"id":"8sjmbfsw3bwstsu","previousOperationId":"pm6v9ir7sz4ohtu"}
{"type":"log","timestamp":1682758215144,"level":"debug","message":"Page request: GET (stylesheet) https://fonts.googleapis.com/css2?family=Inter:wght@300;400;600&display=swap","meta":{"rootId":"7vdgussfy7u3mv3","id":"7vdgussfy7u3mv3"},"id":"d0w9oadshmar4kn","previousOperationId":"pm6v9ir7sz4ohtu"}
{"type":"log","timestamp":1682758215144,"level":"debug","message":"Page request: GET (image) file:///C:/Users/Adebayo/AppData/Local/Temp/jsreport/autocleanup/img/avatars/avatar-5.jpg","meta":{"rootId":"7vdgussfy7u3mv3","id":"7vdgussfy7u3mv3"},"id":"p9hlfvz478zrl1p","previousOperationId":"pm6v9ir7sz4ohtu"}
{"type":"log","timestamp":1682758215146,"level":"debug","message":"Page request: GET (image) file:///C:/Users/Adebayo/AppData/Local/Temp/jsreport/autocleanup/img/avatars/avatar-2.jpg","meta":{"rootId":"7vdgussfy7u3mv3","id":"7vdgussfy7u3mv3"},"id":"rfos1j5r91kvl1q","previousOperationId":"pm6v9ir7sz4ohtu"}
{"type":"log","timestamp":1682758215147,"level":"debug","message":"Page request finished: GET (document) 200 file:///C:/Users/Adebayo/AppData/Local/Temp/jsreport/autocleanup/1e34a0b2-f1b2-49ec-b210-184e49848eac-chrome-pdf.html","meta":{"rootId":"7vdgussfy7u3mv3","id":"7vdgussfy7u3mv3"},"id":"ccn995zv9wsbvul","previousOperationId":"pm6v9ir7sz4ohtu"}
{"type":"log","timestamp":1682758215148,"level":"warn","message":"Page request failed: GET (stylesheet) file:///C:/Users/Adebayo/AppData/Local/Temp/jsreport/autocleanup/css/app.css, failure: net::ERR_FILE_NOT_FOUND","meta":{"rootId":"7vdgussfy7u3mv3","id":"7vdgussfy7u3mv3"},"id":"cheolu36b8ktbyk","previousOperationId":"pm6v9ir7sz4ohtu"}
{"type":"log","timestamp":1682758215149,"level":"debug","message":"(console:error) Failed to load resource: net::ERR_FILE_NOT_FOUND","meta":{"userLevel":true,"rootId":"7vdgussfy7u3mv3","id":"7vdgussfy7u3mv3"},"id":"4muf7zr6n1v4phk","previousOperationId":"pm6v9ir7sz4ohtu"}
{"type":"log","timestamp":1682758215149,"level":"debug","message":"Page request: GET (image) file:///C:/Users/Adebayo/AppData/Local/Temp/jsreport/autocleanup/img/avatars/avatar-4.jpg","meta":{"rootId":"7vdgussfy7u3mv3","id":"7vdgussfy7u3mv3"},"id":"3bdhodpn9f9hb3s","previousOperationId":"pm6v9ir7sz4ohtu"}
{"type":"log","timestamp":1682758215150,"level":"debug","message":"Page request: GET (image) file:///C:/Users/Adebayo/AppData/Local/Temp/jsreport/autocleanup/img/avatars/avatar-3.jpg","meta":{"rootId":"7vdgussfy7u3mv3","id":"7vdgussfy7u3mv3"},"id":"vl6k84oufz967hl","previousOperationId":"pm6v9ir7sz4ohtu"}
{"type":"log","timestamp":1682758215151,"level":"debug","message":"Page request: GET (image) file:///C:/Users/Adebayo/AppData/Local/Temp/jsreport/autocleanup/img/avatars/avatar.jpg","meta":{"rootId":"7vdgussfy7u3mv3","id":"7vdgussfy7u3mv3"},"id":"dn9q2zhe97cw1wg","previousOperationId":"pm6v9ir7sz4ohtu"}
{"type":"log","timestamp":1682758215151,"level":"debug","message":"Page request: GET (script) file:///C:/Users/Adebayo/AppData/Local/Temp/jsreport/autocleanup/js/app.js","meta":{"rootId":"7vdgussfy7u3mv3","id":"7vdgussfy7u3mv3"},"id":"w1dsghulc78eq3z","previousOperationId":"pm6v9ir7sz4ohtu"}
{"type":"log","timestamp":1682758215152,"level":"warn","message":"Page request failed: GET (image) file:///C:/Users/Adebayo/AppData/Local/Temp/jsreport/autocleanup/img/avatars/avatar-5.jpg, failure: net::ERR_FILE_NOT_FOUND","meta":{"rootId":"7vdgussfy7u3mv3","id":"7vdgussfy7u3mv3"},"id":"e09p4uc1t6b3tb7","previousOperationId":"pm6v9ir7sz4ohtu"}
{"type":"log","timestamp":1682758215152,"level":"debug","message":"(console:error) Failed to load resource: net::ERR_FILE_NOT_FOUND","meta":{"userLevel":true,"rootId":"7vdgussfy7u3mv3","id":"7vdgussfy7u3mv3"},"id":"qw2i0dajro7pxrp","previousOperationId":"pm6v9ir7sz4ohtu"}
{"type":"log","timestamp":1682758215152,"level":"warn","message":"Page request failed: GET (image) file:///C:/Users/Adebayo/AppData/Local/Temp/jsreport/autocleanup/img/avatars/avatar-2.jpg, failure: net::ERR_FILE_NOT_FOUND","meta":{"rootId":"7vdgussfy7u3mv3","id":"7vdgussfy7u3mv3"},"id":"phfy2sqoyyculqp","previousOperationId":"pm6v9ir7sz4ohtu"}
{"type":"log","timestamp":1682758215152,"level":"debug","message":"(console:error) Failed to load resource: net::ERR_FILE_NOT_FOUND","meta":{"userLevel":true,"rootId":"7vdgussfy7u3mv3","id":"7vdgussfy7u3mv3"},"id":"nsapa7hjgllwz2a","previousOperationId":"pm6v9ir7sz4ohtu"}
{"type":"log","timestamp":1682758215154,"level":"warn","message":"Page request failed: GET (image) file:///C:/Users/Adebayo/AppData/Local/Temp/jsreport/autocleanup/img/avatars/avatar-4.jpg, failure: net::ERR_FILE_NOT_FOUND","meta":{"rootId":"7vdgussfy7u3mv3","id":"7vdgussfy7u3mv3"},"id":"y45wbe8jkse18r2","previousOperationId":"pm6v9ir7sz4ohtu"}
{"type":"log","timestamp":1682758215154,"level":"debug","message":"(console:error) Failed to load resource: net::ERR_FILE_NOT_FOUND","meta":{"userLevel":true,"rootId":"7vdgussfy7u3mv3","id":"7vdgussfy7u3mv3"},"id":"1u5a6j79eg6kqgy","previousOperationId":"pm6v9ir7sz4ohtu"}
{"type":"log","timestamp":1682758215155,"level":"warn","message":"Page request failed: GET (image) file:///C:/Users/Adebayo/AppData/Local/Temp/jsreport/autocleanup/img/avatars/avatar-3.jpg, failure: net::ERR_FILE_NOT_FOUND","meta":{"rootId":"7vdgussfy7u3mv3","id":"7vdgussfy7u3mv3"},"id":"blf08udaehit2ub","previousOperationId":"pm6v9ir7sz4ohtu"}
{"type":"log","timestamp":1682758215155,"level":"debug","message":"(console:error) Failed to load resource: net::ERR_FILE_NOT_FOUND","meta":{"userLevel":true,"rootId":"7vdgussfy7u3mv3","id":"7vdgussfy7u3mv3"},"id":"l3kll2fomxdxms2","previousOperationId":"pm6v9ir7sz4ohtu"}
{"type":"log","timestamp":1682758215155,"level":"warn","message":"Page request failed: GET (image) file:///C:/Users/Adebayo/AppData/Local/Temp/jsreport/autocleanup/img/avatars/avatar.jpg, failure: net::ERR_FILE_NOT_FOUND","meta":{"rootId":"7vdgussfy7u3mv3","id":"7vdgussfy7u3mv3"},"id":"5sg76q2y7ldtx1r","previousOperationId":"pm6v9ir7sz4ohtu"}
{"type":"log","timestamp":1682758215155,"level":"debug","message":"(console:error) Failed to load resource: net::ERR_FILE_NOT_FOUND","meta":{"userLevel":true,"rootId":"7vdgussfy7u3mv3","id":"7vdgussfy7u3mv3"},"id":"8bsl73ghe178er8","previousOperationId":"pm6v9ir7sz4ohtu"}
{"type":"log","timestamp":1682758215155,"level":"warn","message":"Page request failed: GET (script) file:///C:/Users/Adebayo/AppData/Local/Temp/jsreport/autocleanup/js/app.js, failure: net::ERR_FILE_NOT_FOUND","meta":{"rootId":"7vdgussfy7u3mv3","id":"7vdgussfy7u3mv3"},"id":"7jm15tyea1xk8tg","previousOperationId":"pm6v9ir7sz4ohtu"}
{"type":"log","timestamp":1682758215155,"level":"debug","message":"(console:error) Failed to load resource: net::ERR_FILE_NOT_FOUND","meta":{"userLevel":true,"rootId":"7vdgussfy7u3mv3","id":"7vdgussfy7u3mv3"},"id":"opnsobslynepp3c","previousOperationId":"pm6v9ir7sz4ohtu"}
{"type":"log","timestamp":1682758217828,"level":"debug","message":"Page request finished: GET (stylesheet) 200 https://fonts.googleapis.com/css2?family=Inter:wght@300;400;600&display=swap","meta":{"rootId":"7vdgussfy7u3mv3","id":"7vdgussfy7u3mv3"},"id":"5g2s3f7ns4lme4x","previousOperationId":"pm6v9ir7sz4ohtu"}
{"type":"log","timestamp":1682758217880,"level":"warn","message":"Page error: ReferenceError: Chart is not defined\n    at HTMLDocument.<anonymous> (file:///C:/Users/Adebayo/AppData/Local/Temp/jsreport/autocleanup/1e34a0b2-f1b2-49ec-b210-184e49848eac-chrome-pdf.html:603:4)","meta":{"rootId":"7vdgussfy7u3mv3","id":"7vdgussfy7u3mv3"},"id":"ei7nxcoeumqvq88","previousOperationId":"pm6v9ir7sz4ohtu"}
{"type":"log","timestamp":1682758217880,"level":"warn","message":"Page error: ReferenceError: Chart is not defined\n    at HTMLDocument.<anonymous> (file:///C:/Users/Adebayo/AppData/Local/Temp/jsreport/autocleanup/1e34a0b2-f1b2-49ec-b210-184e49848eac-chrome-pdf.html:669:4)","meta":{"rootId":"7vdgussfy7u3mv3","id":"7vdgussfy7u3mv3"},"id":"lwhi7o61706jdz1","previousOperationId":"pm6v9ir7sz4ohtu"}
{"type":"log","timestamp":1682758217885,"level":"warn","message":"Page error: ReferenceError: Chart is not defined\n    at HTMLDocument.<anonymous> (file:///C:/Users/Adebayo/AppData/Local/Temp/jsreport/autocleanup/1e34a0b2-f1b2-49ec-b210-184e49848eac-chrome-pdf.html:697:4)","meta":{"rootId":"7vdgussfy7u3mv3","id":"7vdgussfy7u3mv3"},"id":"8exzrnin49tbpsx","previousOperationId":"pm6v9ir7sz4ohtu"}
{"type":"log","timestamp":1682758217885,"level":"warn","message":"Page error: ReferenceError: jsVectorMap is not defined\n    at HTMLDocument.<anonymous> (file:///C:/Users/Adebayo/AppData/Local/Temp/jsreport/autocleanup/1e34a0b2-f1b2-49ec-b210-184e49848eac-chrome-pdf.html:781:14)","meta":{"rootId":"7vdgussfy7u3mv3","id":"7vdgussfy7u3mv3"},"id":"nlptyxj3suxql79","previousOperationId":"pm6v9ir7sz4ohtu"}
{"type":"log","timestamp":1682758217886,"level":"warn","message":"Page error: TypeError: document.getElementById(...).flatpickr is not a function\n    at HTMLDocument.<anonymous> (file:///C:/Users/Adebayo/AppData/Local/Temp/jsreport/autocleanup/1e34a0b2-f1b2-49ec-b210-184e49848eac-chrome-pdf.html:809:56)","meta":{"rootId":"7vdgussfy7u3mv3","id":"7vdgussfy7u3mv3"},"id":"xrfuo89qpm7w91d","previousOperationId":"pm6v9ir7sz4ohtu"}
{"type":"log","timestamp":1682758217887,"level":"debug","message":"Running chrome with params {\"printBackground\":true,\"marginTop\":\"1cm\",\"marginRight\":\"1cm\",\"marginBottom\":\"1cm\",\"marginLeft\":\"1cm\",\"timeout\":59963,\"margin\":{\"top\":\"1cm\",\"right\":\"1cm\",\"bottom\":\"1cm\",\"left\":\"1cm\"}}","meta":{"rootId":"7vdgussfy7u3mv3","id":"7vdgussfy7u3mv3"},"id":"0mq3skpa7ok9qm2","previousOperationId":"pm6v9ir7sz4ohtu"}
{"type":"operationEnd","operationId":"pm6v9ir7sz4ohtu","timestamp":1682758218026,"id":"ytyvunjupt2hwqy","previousEventId":"rkzid9793jhd0oh","previousOperationId":"pm6v9ir7sz4ohtu"}
{"type":"log","timestamp":1682758218026,"level":"debug","message":"Skipping storing report.","meta":{"rootId":"7vdgussfy7u3mv3","id":"7vdgussfy7u3mv3"},"id":"sp9eqxdatll7ufg","previousOperationId":"pm6v9ir7sz4ohtu"}
{"type":"log","timestamp":1682758218026,"level":"info","message":"Rendering request 22 finished in 3081 ms","meta":{"rootId":"7vdgussfy7u3mv3","id":"7vdgussfy7u3mv3"},"id":"77g78405w68ldn6","previousOperationId":"pm6v9ir7sz4ohtu"}
{"type":"operationEnd","subtype":"render","operationId":"3zmoco3rrsirh3y","timestamp":1682758218026,"id":"pc410r5tq3iuh45","previousEventId":"ytyvunjupt2hwqy","previousOperationId":"pm6v9ir7sz4ohtu"}
{"type":"operationEnd","doDiffs":false,"previousEventId":"5lw3ctp32n0hfi3","previousOperationId":"qotr9c0l2tz1toc","operationId":"qotr9c0l2tz1toc","timestamp":1682758218036,"id":"z0kf2k3jxniq9or"}
