{"type":"operationStart","subtype":"profile","data":{"_id":"1T9N9Z6FyoiOz7gx","timestamp":"2023-04-29T09:01:10.375Z","state":"queued","mode":"standard","creationDate":"2023-04-29T09:01:10.377Z","modificationDate":"2023-04-29T09:01:10.377Z","shortid":"kXkwc42","$entitySet":"profiles"},"doDiffs":false,"timestamp":1682758870376,"id":"m29xcoi5uk6asm4","previousOperationId":null,"operationId":"uby0i5snb3qlh2v"}
{"type":"log","level":"info","message":"Render request 24 queued for execution and waiting for available worker","previousOperationId":"uby0i5snb3qlh2v","timestamp":1682758870376,"id":"ksmcyyklauiiko2"}
{"type":"operationStart","subtype":"render","name":"invoice-main","previousOperationId":"uby0i5snb3qlh2v","timestamp":1682758870385,"id":"ada88jq7i9n8fol","previousEventId":"m29xcoi5uk6asm4","operationId":"irwlleu3cx4onkh"}
{"type":"log","timestamp":1682758870385,"level":"info","message":"Starting rendering request 24","meta":{"rootId":"98wrugfmj1lbndm","id":"98wrugfmj1lbndm"},"id":"gzd5ni3etgxa8ba","previousOperationId":"irwlleu3cx4onkh"}
{"type":"log","timestamp":1682758870385,"level":"info","message":"Rendering template { name: invoice-main, recipe: chrome-pdf, engine: handlebars, preview: true }","meta":{"rootId":"98wrugfmj1lbndm","id":"98wrugfmj1lbndm"},"id":"vjma76948yvnema","previousOperationId":"irwlleu3cx4onkh"}
{"type":"log","timestamp":1682758870386,"level":"debug","message":"Inline data specified.","meta":{"rootId":"98wrugfmj1lbndm","id":"98wrugfmj1lbndm"},"id":"umf5ve9y5y6ghjo","previousOperationId":"irwlleu3cx4onkh"}
{"type":"log","timestamp":1682758870388,"level":"debug","message":"Base url not specified, skipping its injection.","meta":{"rootId":"98wrugfmj1lbndm","id":"98wrugfmj1lbndm"},"id":"ps3wn5d8zmneuj8","previousOperationId":"irwlleu3cx4onkh"}
{"type":"operationStart","subtype":"engine","name":"handlebars","timestamp":1682758870389,"id":"go45o9v7shzinz2","previousEventId":"ada88jq7i9n8fol","operationId":"3fphzsxlsbubxgn","previousOperationId":"irwlleu3cx4onkh"}
{"type":"log","timestamp":1682758870389,"level":"debug","message":"Rendering engine handlebars","meta":{"rootId":"98wrugfmj1lbndm","id":"98wrugfmj1lbndm"},"id":"n1nmejb9lmh4wyu","previousOperationId":"3fphzsxlsbubxgn"}
{"type":"operationEnd","operationId":"3fphzsxlsbubxgn","timestamp":1682758870411,"id":"8hu2qomisr0kkf5","previousEventId":"go45o9v7shzinz2","previousOperationId":"3fphzsxlsbubxgn"}
{"type":"operationStart","subtype":"recipe","name":"chrome-pdf","timestamp":1682758870413,"id":"4wg0oudx8n25zj4","previousEventId":"8hu2qomisr0kkf5","operationId":"9bt25rhm9mo8vvq","previousOperationId":"3fphzsxlsbubxgn"}
{"type":"log","timestamp":1682758870413,"level":"debug","message":"Executing recipe chrome-pdf","meta":{"rootId":"98wrugfmj1lbndm","id":"98wrugfmj1lbndm"},"id":"1ue27xwnqtjs9qn","previousOperationId":"9bt25rhm9mo8vvq"}
{"type":"log","timestamp":1682758870416,"level":"debug","message":"Converting with chrome HeadlessChrome/105.0.5173.0 using chrome-pool strategy","meta":{"rootId":"98wrugfmj1lbndm","id":"98wrugfmj1lbndm"},"id":"wbo6abfyd0hmgyn","previousOperationId":"9bt25rhm9mo8vvq"}
{"type":"log","timestamp":1682758870505,"level":"debug","message":"Page request: GET (document) file:///C:/Users/Adebayo/AppData/Local/Temp/jsreport/autocleanup/b223d87a-9912-4a22-be13-f6fae81b601d-chrome-pdf.html","meta":{"rootId":"98wrugfmj1lbndm","id":"98wrugfmj1lbndm"},"id":"s4mnzjy9rg2l0y8","previousOperationId":"9bt25rhm9mo8vvq"}
{"type":"log","timestamp":1682758870521,"level":"debug","message":"Page request: GET (stylesheet) file:///C:/Users/Adebayo/AppData/Local/Temp/jsreport/autocleanup/css/app.css","meta":{"rootId":"98wrugfmj1lbndm","id":"98wrugfmj1lbndm"},"id":"8u2pbv63p6dlifi","previousOperationId":"9bt25rhm9mo8vvq"}
{"type":"log","timestamp":1682758870524,"level":"debug","message":"Page request finished: GET (document) 200 file:///C:/Users/Adebayo/AppData/Local/Temp/jsreport/autocleanup/b223d87a-9912-4a22-be13-f6fae81b601d-chrome-pdf.html","meta":{"rootId":"98wrugfmj1lbndm","id":"98wrugfmj1lbndm"},"id":"bbhlpiduunl6jgl","previousOperationId":"9bt25rhm9mo8vvq"}
{"type":"log","timestamp":1682758870524,"level":"debug","message":"Page request: GET (stylesheet) https://fonts.googleapis.com/css2?family=Inter:wght@300;400;600&display=swap","meta":{"rootId":"98wrugfmj1lbndm","id":"98wrugfmj1lbndm"},"id":"r10oqs9d8k0eqrr","previousOperationId":"9bt25rhm9mo8vvq"}
{"type":"log","timestamp":1682758870524,"level":"debug","message":"Page request: GET (image) file:///C:/Users/Adebayo/AppData/Local/Temp/jsreport/autocleanup/img/avatars/avatar-5.jpg","meta":{"rootId":"98wrugfmj1lbndm","id":"98wrugfmj1lbndm"},"id":"kem2k45ovm5q1v5","previousOperationId":"9bt25rhm9mo8vvq"}
{"type":"log","timestamp":1682758870525,"level":"debug","message":"Page request: GET (image) file:///C:/Users/Adebayo/AppData/Local/Temp/jsreport/autocleanup/img/avatars/avatar-2.jpg","meta":{"rootId":"98wrugfmj1lbndm","id":"98wrugfmj1lbndm"},"id":"mwlyydwbbahnbnw","previousOperationId":"9bt25rhm9mo8vvq"}
{"type":"log","timestamp":1682758870525,"level":"debug","message":"Page request: GET (image) file:///C:/Users/Adebayo/AppData/Local/Temp/jsreport/autocleanup/img/avatars/avatar-4.jpg","meta":{"rootId":"98wrugfmj1lbndm","id":"98wrugfmj1lbndm"},"id":"v0uo7p0v0iww6lj","previousOperationId":"9bt25rhm9mo8vvq"}
{"type":"log","timestamp":1682758870525,"level":"debug","message":"Page request: GET (image) file:///C:/Users/Adebayo/AppData/Local/Temp/jsreport/autocleanup/img/avatars/avatar-3.jpg","meta":{"rootId":"98wrugfmj1lbndm","id":"98wrugfmj1lbndm"},"id":"5ho5irvuoa13a9r","previousOperationId":"9bt25rhm9mo8vvq"}
{"type":"log","timestamp":1682758870526,"level":"debug","message":"Page request: GET (image) file:///C:/Users/Adebayo/AppData/Local/Temp/jsreport/autocleanup/img/avatars/avatar.jpg","meta":{"rootId":"98wrugfmj1lbndm","id":"98wrugfmj1lbndm"},"id":"y25kyakhi0e9g04","previousOperationId":"9bt25rhm9mo8vvq"}
{"type":"log","timestamp":1682758870526,"level":"debug","message":"Page request: GET (script) file:///C:/Users/Adebayo/AppData/Local/Temp/jsreport/autocleanup/js/app.js","meta":{"rootId":"98wrugfmj1lbndm","id":"98wrugfmj1lbndm"},"id":"abx9pa2enjfhxwq","previousOperationId":"9bt25rhm9mo8vvq"}
{"type":"log","timestamp":1682758870532,"level":"warn","message":"Page request failed: GET (stylesheet) file:///C:/Users/Adebayo/AppData/Local/Temp/jsreport/autocleanup/css/app.css, failure: net::ERR_FILE_NOT_FOUND","meta":{"rootId":"98wrugfmj1lbndm","id":"98wrugfmj1lbndm"},"id":"9vcsynw9ev7jgtg","previousOperationId":"9bt25rhm9mo8vvq"}
{"type":"log","timestamp":1682758870532,"level":"debug","message":"(console:error) Failed to load resource: net::ERR_FILE_NOT_FOUND","meta":{"userLevel":true,"rootId":"98wrugfmj1lbndm","id":"98wrugfmj1lbndm"},"id":"bvovabn2qhhmiqd","previousOperationId":"9bt25rhm9mo8vvq"}
{"type":"log","timestamp":1682758870532,"level":"warn","message":"Page request failed: GET (image) file:///C:/Users/Adebayo/AppData/Local/Temp/jsreport/autocleanup/img/avatars/avatar-5.jpg, failure: net::ERR_FILE_NOT_FOUND","meta":{"rootId":"98wrugfmj1lbndm","id":"98wrugfmj1lbndm"},"id":"695ow131g0bf50b","previousOperationId":"9bt25rhm9mo8vvq"}
{"type":"log","timestamp":1682758870533,"level":"debug","message":"(console:error) Failed to load resource: net::ERR_FILE_NOT_FOUND","meta":{"userLevel":true,"rootId":"98wrugfmj1lbndm","id":"98wrugfmj1lbndm"},"id":"7pnxti3dopuv3y0","previousOperationId":"9bt25rhm9mo8vvq"}
{"type":"log","timestamp":1682758870533,"level":"warn","message":"Page request failed: GET (image) file:///C:/Users/Adebayo/AppData/Local/Temp/jsreport/autocleanup/img/avatars/avatar-2.jpg, failure: net::ERR_FILE_NOT_FOUND","meta":{"rootId":"98wrugfmj1lbndm","id":"98wrugfmj1lbndm"},"id":"owvo2h2ufgy4q4a","previousOperationId":"9bt25rhm9mo8vvq"}
{"type":"log","timestamp":1682758870533,"level":"debug","message":"(console:error) Failed to load resource: net::ERR_FILE_NOT_FOUND","meta":{"userLevel":true,"rootId":"98wrugfmj1lbndm","id":"98wrugfmj1lbndm"},"id":"mfkc1t2impkl6km","previousOperationId":"9bt25rhm9mo8vvq"}
{"type":"log","timestamp":1682758870533,"level":"warn","message":"Page request failed: GET (image) file:///C:/Users/Adebayo/AppData/Local/Temp/jsreport/autocleanup/img/avatars/avatar-4.jpg, failure: net::ERR_FILE_NOT_FOUND","meta":{"rootId":"98wrugfmj1lbndm","id":"98wrugfmj1lbndm"},"id":"2zje44gl4friyps","previousOperationId":"9bt25rhm9mo8vvq"}
{"type":"log","timestamp":1682758870533,"level":"debug","message":"(console:error) Failed to load resource: net::ERR_FILE_NOT_FOUND","meta":{"userLevel":true,"rootId":"98wrugfmj1lbndm","id":"98wrugfmj1lbndm"},"id":"yi2wn9a4vzgl8c7","previousOperationId":"9bt25rhm9mo8vvq"}
{"type":"log","timestamp":1682758870533,"level":"warn","message":"Page request failed: GET (image) file:///C:/Users/Adebayo/AppData/Local/Temp/jsreport/autocleanup/img/avatars/avatar-3.jpg, failure: net::ERR_FILE_NOT_FOUND","meta":{"rootId":"98wrugfmj1lbndm","id":"98wrugfmj1lbndm"},"id":"xdhsvhrfmeq3958","previousOperationId":"9bt25rhm9mo8vvq"}
{"type":"log","timestamp":1682758870533,"level":"debug","message":"(console:error) Failed to load resource: net::ERR_FILE_NOT_FOUND","meta":{"userLevel":true,"rootId":"98wrugfmj1lbndm","id":"98wrugfmj1lbndm"},"id":"8fno2kw209phk37","previousOperationId":"9bt25rhm9mo8vvq"}
{"type":"log","timestamp":1682758870533,"level":"warn","message":"Page request failed: GET (image) file:///C:/Users/Adebayo/AppData/Local/Temp/jsreport/autocleanup/img/avatars/avatar.jpg, failure: net::ERR_FILE_NOT_FOUND","meta":{"rootId":"98wrugfmj1lbndm","id":"98wrugfmj1lbndm"},"id":"jq63bbc7sbmleet","previousOperationId":"9bt25rhm9mo8vvq"}
{"type":"log","timestamp":1682758870533,"level":"debug","message":"(console:error) Failed to load resource: net::ERR_FILE_NOT_FOUND","meta":{"userLevel":true,"rootId":"98wrugfmj1lbndm","id":"98wrugfmj1lbndm"},"id":"fuykvbkfg1k94br","previousOperationId":"9bt25rhm9mo8vvq"}
{"type":"log","timestamp":1682758870534,"level":"debug","message":"Page request finished: GET (stylesheet) 200 https://fonts.googleapis.com/css2?family=Inter:wght@300;400;600&display=swap","meta":{"rootId":"98wrugfmj1lbndm","id":"98wrugfmj1lbndm"},"id":"kv49p3h543xdjkl","previousOperationId":"9bt25rhm9mo8vvq"}
{"type":"log","timestamp":1682758870534,"level":"warn","message":"Page request failed: GET (script) file:///C:/Users/Adebayo/AppData/Local/Temp/jsreport/autocleanup/js/app.js, failure: net::ERR_FILE_NOT_FOUND","meta":{"rootId":"98wrugfmj1lbndm","id":"98wrugfmj1lbndm"},"id":"7l510a135xyga78","previousOperationId":"9bt25rhm9mo8vvq"}
{"type":"log","timestamp":1682758870534,"level":"debug","message":"(console:error) Failed to load resource: net::ERR_FILE_NOT_FOUND","meta":{"userLevel":true,"rootId":"98wrugfmj1lbndm","id":"98wrugfmj1lbndm"},"id":"4loekcqc2bggpa1","previousOperationId":"9bt25rhm9mo8vvq"}
{"type":"log","timestamp":1682758870537,"level":"warn","message":"Page error: ReferenceError: Chart is not defined\n    at HTMLDocument.<anonymous> (file:///C:/Users/Adebayo/AppData/Local/Temp/jsreport/autocleanup/b223d87a-9912-4a22-be13-f6fae81b601d-chrome-pdf.html:606:4)","meta":{"rootId":"98wrugfmj1lbndm","id":"98wrugfmj1lbndm"},"id":"vigb7cuwiepdw8j","previousOperationId":"9bt25rhm9mo8vvq"}
{"type":"log","timestamp":1682758870538,"level":"warn","message":"Page error: ReferenceError: Chart is not defined\n    at HTMLDocument.<anonymous> (file:///C:/Users/Adebayo/AppData/Local/Temp/jsreport/autocleanup/b223d87a-9912-4a22-be13-f6fae81b601d-chrome-pdf.html:672:4)","meta":{"rootId":"98wrugfmj1lbndm","id":"98wrugfmj1lbndm"},"id":"hmcw8ywzkae1u91","previousOperationId":"9bt25rhm9mo8vvq"}
{"type":"log","timestamp":1682758870538,"level":"warn","message":"Page error: ReferenceError: Chart is not defined\n    at HTMLDocument.<anonymous> (file:///C:/Users/Adebayo/AppData/Local/Temp/jsreport/autocleanup/b223d87a-9912-4a22-be13-f6fae81b601d-chrome-pdf.html:700:4)","meta":{"rootId":"98wrugfmj1lbndm","id":"98wrugfmj1lbndm"},"id":"f7ay8zbpalp2oki","previousOperationId":"9bt25rhm9mo8vvq"}
{"type":"log","timestamp":1682758870538,"level":"warn","message":"Page error: ReferenceError: jsVectorMap is not defined\n    at HTMLDocument.<anonymous> (file:///C:/Users/Adebayo/AppData/Local/Temp/jsreport/autocleanup/b223d87a-9912-4a22-be13-f6fae81b601d-chrome-pdf.html:784:14)","meta":{"rootId":"98wrugfmj1lbndm","id":"98wrugfmj1lbndm"},"id":"z6xsdho1vnm0va3","previousOperationId":"9bt25rhm9mo8vvq"}
{"type":"log","timestamp":1682758870539,"level":"warn","message":"Page error: TypeError: document.getElementById(...).flatpickr is not a function\n    at HTMLDocument.<anonymous> (file:///C:/Users/Adebayo/AppData/Local/Temp/jsreport/autocleanup/b223d87a-9912-4a22-be13-f6fae81b601d-chrome-pdf.html:812:56)","meta":{"rootId":"98wrugfmj1lbndm","id":"98wrugfmj1lbndm"},"id":"rknwgohi9bhv5q9","previousOperationId":"9bt25rhm9mo8vvq"}
{"type":"log","timestamp":1682758870588,"level":"debug","message":"Running chrome with params {\"printBackground\":true,\"marginTop\":\"1cm\",\"marginRight\":\"1cm\",\"marginBottom\":\"1cm\",\"marginLeft\":\"1cm\",\"timeout\":59960,\"margin\":{\"top\":\"1cm\",\"right\":\"1cm\",\"bottom\":\"1cm\",\"left\":\"1cm\"}}","meta":{"rootId":"98wrugfmj1lbndm","id":"98wrugfmj1lbndm"},"id":"x7are7k1kaln60a","previousOperationId":"9bt25rhm9mo8vvq"}
{"type":"operationEnd","operationId":"9bt25rhm9mo8vvq","timestamp":1682758871212,"id":"ty9u2srbcww923a","previousEventId":"4wg0oudx8n25zj4","previousOperationId":"9bt25rhm9mo8vvq"}
{"type":"log","timestamp":1682758871212,"level":"debug","message":"Skipping storing report.","meta":{"rootId":"98wrugfmj1lbndm","id":"98wrugfmj1lbndm"},"id":"0h2lf6ccqqsbwtx","previousOperationId":"9bt25rhm9mo8vvq"}
{"type":"log","timestamp":1682758871213,"level":"info","message":"Rendering request 24 finished in 838 ms","meta":{"rootId":"98wrugfmj1lbndm","id":"98wrugfmj1lbndm"},"id":"zuz32fd8m2tzvem","previousOperationId":"9bt25rhm9mo8vvq"}
{"type":"operationEnd","subtype":"render","operationId":"irwlleu3cx4onkh","timestamp":1682758871213,"id":"21h7cs5a1w5w6ae","previousEventId":"ty9u2srbcww923a","previousOperationId":"9bt25rhm9mo8vvq"}
{"type":"operationEnd","doDiffs":false,"previousEventId":"m29xcoi5uk6asm4","previousOperationId":"uby0i5snb3qlh2v","operationId":"uby0i5snb3qlh2v","timestamp":1682758871221,"id":"4urmpzvbvyb67at"}
