{"type":"operationStart","subtype":"profile","data":{"_id":"19Cxn5HXOUPPjcG3","timestamp":"2023-04-29T07:01:08.902Z","state":"queued","mode":"standard","creationDate":"2023-04-29T07:01:08.903Z","modificationDate":"2023-04-29T07:01:08.903Z","shortid":"jCDx79e","$entitySet":"profiles"},"doDiffs":false,"timestamp":1682751668902,"id":"pdiq337p5ldsjia","previousOperationId":null,"operationId":"l6muqip8cfg0yoy"}
{"type":"log","level":"info","message":"Render request 19 queued for execution and waiting for available worker","previousOperationId":"l6muqip8cfg0yoy","timestamp":1682751668902,"id":"a17ukhbd8zbw388"}
{"type":"operationStart","subtype":"render","name":"invoice-main","previousOperationId":"l6muqip8cfg0yoy","timestamp":1682751668912,"id":"6s8otem64qdn1wb","previousEventId":"pdiq337p5ldsjia","operationId":"z8l770r9s9qtpe6"}
{"type":"log","timestamp":1682751668912,"level":"info","message":"Starting rendering request 19","meta":{"rootId":"aewgj020n0cac5v","id":"aewgj020n0cac5v"},"id":"pu4kq9houolthb8","previousOperationId":"z8l770r9s9qtpe6"}
{"type":"log","timestamp":1682751668912,"level":"info","message":"Rendering template { name: invoice-main, recipe: chrome-pdf, engine: handlebars, preview: true }","meta":{"rootId":"aewgj020n0cac5v","id":"aewgj020n0cac5v"},"id":"aqzyvh5qrtbgf9i","previousOperationId":"z8l770r9s9qtpe6"}
{"type":"log","timestamp":1682751668913,"level":"debug","message":"Inline data specified.","meta":{"rootId":"aewgj020n0cac5v","id":"aewgj020n0cac5v"},"id":"r54zetx6tyv44hr","previousOperationId":"z8l770r9s9qtpe6"}
{"type":"log","timestamp":1682751668916,"level":"debug","message":"Base url not specified, skipping its injection.","meta":{"rootId":"aewgj020n0cac5v","id":"aewgj020n0cac5v"},"id":"rse7jgl5fssv72e","previousOperationId":"z8l770r9s9qtpe6"}
{"type":"operationStart","subtype":"engine","name":"handlebars","timestamp":1682751668917,"id":"syi6sdelescrjur","previousEventId":"6s8otem64qdn1wb","operationId":"evzrapgz8iz028g","previousOperationId":"z8l770r9s9qtpe6"}
{"type":"log","timestamp":1682751668917,"level":"debug","message":"Rendering engine handlebars","meta":{"rootId":"aewgj020n0cac5v","id":"aewgj020n0cac5v"},"id":"fdbbpsmwashzz0k","previousOperationId":"evzrapgz8iz028g"}
{"type":"log","timestamp":1682751668940,"level":"debug","message":"(console:log) Calculating item Website design; you should see this message in debug run","meta":{"userLevel":true,"rootId":"aewgj020n0cac5v","id":"aewgj020n0cac5v"},"id":"d2wfhdlg671qkbo","previousOperationId":"evzrapgz8iz028g"}
{"type":"operationEnd","operationId":"evzrapgz8iz028g","timestamp":1682751668942,"id":"rgu77db28u6w8gg","previousEventId":"syi6sdelescrjur","previousOperationId":"evzrapgz8iz028g"}
{"type":"operationStart","subtype":"recipe","name":"chrome-pdf","timestamp":1682751668943,"id":"eusybn93ahlw1lp","previousEventId":"rgu77db28u6w8gg","operationId":"s6ykc0aoslbx46b","previousOperationId":"evzrapgz8iz028g"}
{"type":"log","timestamp":1682751668943,"level":"debug","message":"Executing recipe chrome-pdf","meta":{"rootId":"aewgj020n0cac5v","id":"aewgj020n0cac5v"},"id":"6kwq8c75gw7xwew","previousOperationId":"s6ykc0aoslbx46b"}
{"type":"log","timestamp":1682751668945,"level":"debug","message":"Converting with chrome HeadlessChrome/105.0.5173.0 using chrome-pool strategy","meta":{"rootId":"aewgj020n0cac5v","id":"aewgj020n0cac5v"},"id":"dmz1yutgd7xgtmq","previousOperationId":"s6ykc0aoslbx46b"}
{"type":"log","timestamp":1682751669039,"level":"debug","message":"Page request: GET (document) file:///C:/Users/Adebayo/AppData/Local/Temp/jsreport/autocleanup/17a92e35-0d02-443f-9045-d5430f7747cc-chrome-pdf.html","meta":{"rootId":"aewgj020n0cac5v","id":"aewgj020n0cac5v"},"id":"d9qhjc8xts07b6t","previousOperationId":"s6ykc0aoslbx46b"}
{"type":"log","timestamp":1682751669053,"level":"debug","message":"Page request finished: GET (document) 200 file:///C:/Users/Adebayo/AppData/Local/Temp/jsreport/autocleanup/17a92e35-0d02-443f-9045-d5430f7747cc-chrome-pdf.html","meta":{"rootId":"aewgj020n0cac5v","id":"aewgj020n0cac5v"},"id":"jtcg85nj7f2kogb","previousOperationId":"s6ykc0aoslbx46b"}
{"type":"log","timestamp":1682751669054,"level":"debug","message":"Page request: GET (stylesheet) https://cdn.jsdelivr.net/npm/bootstrap@3.3.7/dist/css/bootstrap.min.css","meta":{"rootId":"aewgj020n0cac5v","id":"aewgj020n0cac5v"},"id":"1opki9zdni5enln","previousOperationId":"s6ykc0aoslbx46b"}
{"type":"log","timestamp":1682751669054,"level":"debug","message":"Page request: GET (stylesheet) https://cdn.jsdelivr.net/npm/bootstrap@3.3.7/dist/css/bootstrap-theme.min.css","meta":{"rootId":"aewgj020n0cac5v","id":"aewgj020n0cac5v"},"id":"mshk9qi5xkyson8","previousOperationId":"s6ykc0aoslbx46b"}
{"type":"log","timestamp":1682751669055,"level":"debug","message":"Page request: GET (image) https://i.ibb.co/fGz0Ss1/download-1.png","meta":{"rootId":"aewgj020n0cac5v","id":"aewgj020n0cac5v"},"id":"32u00n73gejuo2t","previousOperationId":"s6ykc0aoslbx46b"}
{"type":"log","timestamp":1682751669059,"level":"debug","message":"Page request finished: GET (stylesheet) 200 https://cdn.jsdelivr.net/npm/bootstrap@3.3.7/dist/css/bootstrap-theme.min.css","meta":{"rootId":"aewgj020n0cac5v","id":"aewgj020n0cac5v"},"id":"w01fgy1ch22u3eu","previousOperationId":"s6ykc0aoslbx46b"}
{"type":"log","timestamp":1682751669060,"level":"debug","message":"Page request finished: GET (image) 200 https://i.ibb.co/fGz0Ss1/download-1.png","meta":{"rootId":"aewgj020n0cac5v","id":"aewgj020n0cac5v"},"id":"tn3o62vfhcr55c9","previousOperationId":"s6ykc0aoslbx46b"}
{"type":"log","timestamp":1682751669063,"level":"debug","message":"Page request finished: GET (stylesheet) 200 https://cdn.jsdelivr.net/npm/bootstrap@3.3.7/dist/css/bootstrap.min.css","meta":{"rootId":"aewgj020n0cac5v","id":"aewgj020n0cac5v"},"id":"erktfcm6no7ki6w","previousOperationId":"s6ykc0aoslbx46b"}
{"type":"log","timestamp":1682751669086,"level":"debug","message":"Running chrome with params {\"printBackground\":true,\"marginTop\":\"1cm\",\"marginRight\":\"1cm\",\"marginBottom\":\"1cm\",\"marginLeft\":\"1cm\",\"timeout\":59958,\"margin\":{\"top\":\"1cm\",\"right\":\"1cm\",\"bottom\":\"1cm\",\"left\":\"1cm\"}}","meta":{"rootId":"aewgj020n0cac5v","id":"aewgj020n0cac5v"},"id":"zso6dcgx5vckz1p","previousOperationId":"s6ykc0aoslbx46b"}
{"type":"operationEnd","operationId":"s6ykc0aoslbx46b","timestamp":1682751669169,"id":"xn4jzoww6gzgvnd","previousEventId":"eusybn93ahlw1lp","previousOperationId":"s6ykc0aoslbx46b"}
{"type":"log","timestamp":1682751669169,"level":"debug","message":"Skipping storing report.","meta":{"rootId":"aewgj020n0cac5v","id":"aewgj020n0cac5v"},"id":"ey1gi8fzgrc3aji","previousOperationId":"s6ykc0aoslbx46b"}
{"type":"log","timestamp":1682751669169,"level":"info","message":"Rendering request 19 finished in 267 ms","meta":{"rootId":"aewgj020n0cac5v","id":"aewgj020n0cac5v"},"id":"j2znvdjcip3wxe9","previousOperationId":"s6ykc0aoslbx46b"}
{"type":"operationEnd","subtype":"render","operationId":"z8l770r9s9qtpe6","timestamp":1682751669169,"id":"jagx97omwimfgwc","previousEventId":"xn4jzoww6gzgvnd","previousOperationId":"s6ykc0aoslbx46b"}
{"type":"operationEnd","doDiffs":false,"previousEventId":"pdiq337p5ldsjia","previousOperationId":"l6muqip8cfg0yoy","operationId":"l6muqip8cfg0yoy","timestamp":1682751669177,"id":"dlzj8vymhyg4z7s"}
