{"type":"operationStart","subtype":"profile","data":{"_id":"kyUCYPSEW508GT6S","timestamp":"2023-04-29T06:54:28.658Z","state":"queued","mode":"standard","creationDate":"2023-04-29T06:54:28.660Z","modificationDate":"2023-04-29T06:54:28.660Z","shortid":"wkLM5tp","$entitySet":"profiles"},"doDiffs":false,"timestamp":1682751268659,"id":"g6dh5g2pz3i2lpn","previousOperationId":null,"operationId":"7pm5k2mjhbe0ztq"}
{"type":"log","level":"info","message":"Render request 13 queued for execution and waiting for available worker","previousOperationId":"7pm5k2mjhbe0ztq","timestamp":1682751268659,"id":"61kjvix8cmbiaih"}
{"type":"operationStart","subtype":"render","name":"invoice-main","previousOperationId":"7pm5k2mjhbe0ztq","timestamp":1682751268669,"id":"8ufr2c8i8f1cp22","previousEventId":"g6dh5g2pz3i2lpn","operationId":"wj4p1fzkiec3i1j"}
{"type":"log","timestamp":1682751268669,"level":"info","message":"Starting rendering request 13","meta":{"rootId":"agkhpqqq7efj9rt","id":"agkhpqqq7efj9rt"},"id":"qyh0zgbo26x98zl","previousOperationId":"wj4p1fzkiec3i1j"}
{"type":"log","timestamp":1682751268669,"level":"info","message":"Rendering template { name: invoice-main, recipe: chrome-pdf, engine: handlebars, preview: true }","meta":{"rootId":"agkhpqqq7efj9rt","id":"agkhpqqq7efj9rt"},"id":"ef04cf2nz4a5h8a","previousOperationId":"wj4p1fzkiec3i1j"}
{"type":"log","timestamp":1682751268670,"level":"debug","message":"Inline data specified.","meta":{"rootId":"agkhpqqq7efj9rt","id":"agkhpqqq7efj9rt"},"id":"1gu4z7hnkw096lu","previousOperationId":"wj4p1fzkiec3i1j"}
{"type":"log","timestamp":1682751268673,"level":"debug","message":"Base url not specified, skipping its injection.","meta":{"rootId":"agkhpqqq7efj9rt","id":"agkhpqqq7efj9rt"},"id":"29yhxuzmy5k5nu5","previousOperationId":"wj4p1fzkiec3i1j"}
{"type":"operationStart","subtype":"engine","name":"handlebars","timestamp":1682751268674,"id":"bh3v18sw3sr5016","previousEventId":"8ufr2c8i8f1cp22","operationId":"ddvw62kzmn0b7qi","previousOperationId":"wj4p1fzkiec3i1j"}
{"type":"log","timestamp":1682751268674,"level":"debug","message":"Rendering engine handlebars","meta":{"rootId":"agkhpqqq7efj9rt","id":"agkhpqqq7efj9rt"},"id":"d4wmqj2cbcnc8vg","previousOperationId":"ddvw62kzmn0b7qi"}
{"type":"log","timestamp":1682751268696,"level":"debug","message":"(console:log) Calculating item Website design; you should see this message in debug run","meta":{"userLevel":true,"rootId":"agkhpqqq7efj9rt","id":"agkhpqqq7efj9rt"},"id":"l23mmp0ece7b03e","previousOperationId":"ddvw62kzmn0b7qi"}
{"type":"operationEnd","operationId":"ddvw62kzmn0b7qi","timestamp":1682751268699,"id":"89cwiekemto33k0","previousEventId":"bh3v18sw3sr5016","previousOperationId":"ddvw62kzmn0b7qi"}
{"type":"operationStart","subtype":"recipe","name":"chrome-pdf","timestamp":1682751268699,"id":"tw6woebdu1ad51k","previousEventId":"89cwiekemto33k0","operationId":"hdkm926pj0t2eg5","previousOperationId":"ddvw62kzmn0b7qi"}
{"type":"log","timestamp":1682751268699,"level":"debug","message":"Executing recipe chrome-pdf","meta":{"rootId":"agkhpqqq7efj9rt","id":"agkhpqqq7efj9rt"},"id":"t06w3rg2zp7tnz7","previousOperationId":"hdkm926pj0t2eg5"}
{"type":"log","timestamp":1682751268703,"level":"debug","message":"Converting with chrome HeadlessChrome/105.0.5173.0 using chrome-pool strategy","meta":{"rootId":"agkhpqqq7efj9rt","id":"agkhpqqq7efj9rt"},"id":"bwvaqeyyar9gzix","previousOperationId":"hdkm926pj0t2eg5"}
{"type":"log","timestamp":1682751268793,"level":"debug","message":"Page request: GET (document) file:///C:/Users/Adebayo/AppData/Local/Temp/jsreport/autocleanup/828112da-e047-44a6-a1c8-2bc0ee654a32-chrome-pdf.html","meta":{"rootId":"agkhpqqq7efj9rt","id":"agkhpqqq7efj9rt"},"id":"ko4dgt73l2w9qhb","previousOperationId":"hdkm926pj0t2eg5"}
{"type":"log","timestamp":1682751268807,"level":"debug","message":"Page request: GET (stylesheet) https://cdn.jsdelivr.net/npm/bootstrap@4.1.3/dist/css/bootstrap.min.css","meta":{"rootId":"agkhpqqq7efj9rt","id":"agkhpqqq7efj9rt"},"id":"6gbfyaur6eatklq","previousOperationId":"hdkm926pj0t2eg5"}
{"type":"log","timestamp":1682751268807,"level":"debug","message":"Page request: GET (image) https://i.ibb.co/fGz0Ss1/download-1.png","meta":{"rootId":"agkhpqqq7efj9rt","id":"agkhpqqq7efj9rt"},"id":"1igsdq1a3fcoya1","previousOperationId":"hdkm926pj0t2eg5"}
{"type":"log","timestamp":1682751268808,"level":"debug","message":"Page request finished: GET (document) 200 file:///C:/Users/Adebayo/AppData/Local/Temp/jsreport/autocleanup/828112da-e047-44a6-a1c8-2bc0ee654a32-chrome-pdf.html","meta":{"rootId":"agkhpqqq7efj9rt","id":"agkhpqqq7efj9rt"},"id":"io7wvihcrfwqdn6","previousOperationId":"hdkm926pj0t2eg5"}
{"type":"log","timestamp":1682751268808,"level":"debug","message":"Page request: GET (script) https://code.jquery.com/jquery-3.3.1.slim.min.js","meta":{"rootId":"agkhpqqq7efj9rt","id":"agkhpqqq7efj9rt"},"id":"4f71zlgxz2jbo7q","previousOperationId":"hdkm926pj0t2eg5"}
{"type":"log","timestamp":1682751268810,"level":"debug","message":"Page request: GET (script) https://cdn.jsdelivr.net/npm/popper.js@1.14.3/dist/umd/popper.min.js","meta":{"rootId":"agkhpqqq7efj9rt","id":"agkhpqqq7efj9rt"},"id":"6nq5iql1av3kkiq","previousOperationId":"hdkm926pj0t2eg5"}
{"type":"log","timestamp":1682751268811,"level":"debug","message":"Page request: GET (script) https://cdn.jsdelivr.net/npm/bootstrap@4.1.3/dist/js/bootstrap.min.js","meta":{"rootId":"agkhpqqq7efj9rt","id":"agkhpqqq7efj9rt"},"id":"bg2azgzn9gftixz","previousOperationId":"hdkm926pj0t2eg5"}
{"type":"log","timestamp":1682751268812,"level":"debug","message":"Page request finished: GET (image) 200 https://i.ibb.co/fGz0Ss1/download-1.png","meta":{"rootId":"agkhpqqq7efj9rt","id":"agkhpqqq7efj9rt"},"id":"1tuwo1tehgqfnle","previousOperationId":"hdkm926pj0t2eg5"}
{"type":"log","timestamp":1682751269250,"level":"debug","message":"Page request finished: GET (script) 200 https://cdn.jsdelivr.net/npm/bootstrap@4.1.3/dist/js/bootstrap.min.js","meta":{"rootId":"agkhpqqq7efj9rt","id":"agkhpqqq7efj9rt"},"id":"j108kkoxts9ycxf","previousOperationId":"hdkm926pj0t2eg5"}
{"type":"log","timestamp":1682751269319,"level":"debug","message":"Page request finished: GET (stylesheet) 200 https://cdn.jsdelivr.net/npm/bootstrap@4.1.3/dist/css/bootstrap.min.css","meta":{"rootId":"agkhpqqq7efj9rt","id":"agkhpqqq7efj9rt"},"id":"4kio2du94xabrx8","previousOperationId":"hdkm926pj0t2eg5"}
{"type":"log","timestamp":1682751269346,"level":"debug","message":"Page request finished: GET (script) 200 https://cdn.jsdelivr.net/npm/popper.js@1.14.3/dist/umd/popper.min.js","meta":{"rootId":"agkhpqqq7efj9rt","id":"agkhpqqq7efj9rt"},"id":"z75zpjem20gzyrp","previousOperationId":"hdkm926pj0t2eg5"}
{"type":"log","timestamp":1682751269347,"level":"debug","message":"Page request finished: GET (script) 200 https://code.jquery.com/jquery-3.3.1.slim.min.js","meta":{"rootId":"agkhpqqq7efj9rt","id":"agkhpqqq7efj9rt"},"id":"fwlhci5pyg3007d","previousOperationId":"hdkm926pj0t2eg5"}
{"type":"log","timestamp":1682751269367,"level":"debug","message":"Running chrome with params {\"printBackground\":true,\"marginTop\":\"1cm\",\"marginRight\":\"1cm\",\"marginBottom\":\"1cm\",\"marginLeft\":\"1cm\",\"timeout\":59957,\"margin\":{\"top\":\"1cm\",\"right\":\"1cm\",\"bottom\":\"1cm\",\"left\":\"1cm\"}}","meta":{"rootId":"agkhpqqq7efj9rt","id":"agkhpqqq7efj9rt"},"id":"xbm2mfrgpthx39u","previousOperationId":"hdkm926pj0t2eg5"}
{"type":"operationEnd","operationId":"hdkm926pj0t2eg5","timestamp":1682751269439,"id":"jdsji8fbscofdsu","previousEventId":"tw6woebdu1ad51k","previousOperationId":"hdkm926pj0t2eg5"}
{"type":"log","timestamp":1682751269439,"level":"debug","message":"Skipping storing report.","meta":{"rootId":"agkhpqqq7efj9rt","id":"agkhpqqq7efj9rt"},"id":"dgj5umm2gxpdajw","previousOperationId":"hdkm926pj0t2eg5"}
{"type":"log","timestamp":1682751269439,"level":"info","message":"Rendering request 13 finished in 781 ms","meta":{"rootId":"agkhpqqq7efj9rt","id":"agkhpqqq7efj9rt"},"id":"63cd0kw0akxthgu","previousOperationId":"hdkm926pj0t2eg5"}
{"type":"operationEnd","subtype":"render","operationId":"wj4p1fzkiec3i1j","timestamp":1682751269439,"id":"7x2gn000r28lvzc","previousEventId":"jdsji8fbscofdsu","previousOperationId":"hdkm926pj0t2eg5"}
{"type":"operationEnd","doDiffs":false,"previousEventId":"g6dh5g2pz3i2lpn","previousOperationId":"7pm5k2mjhbe0ztq","operationId":"7pm5k2mjhbe0ztq","timestamp":1682751269444,"id":"7a3bduxo43zlvyi"}
