{"type":"operationStart","subtype":"profile","data":{"_id":"jl77hp70TVA44V9E","timestamp":"2023-04-29T07:31:56.583Z","state":"queued","mode":"standard","creationDate":"2023-04-29T07:31:56.584Z","modificationDate":"2023-04-29T07:31:56.584Z","shortid":"A8Rt9E4","$entitySet":"profiles"},"doDiffs":false,"timestamp":1682753516583,"id":"smem76o648r734u","previousOperationId":null,"operationId":"svvlqy14x2bv0q5"}
{"type":"log","level":"info","message":"Render request 21 queued for execution and waiting for available worker","previousOperationId":"svvlqy14x2bv0q5","timestamp":1682753516584,"id":"rqfesh07o3j53y5"}
{"type":"operationStart","subtype":"render","name":"invoice-main","previousOperationId":"svvlqy14x2bv0q5","timestamp":1682753516592,"id":"p65apsjncjdn2oi","previousEventId":"smem76o648r734u","operationId":"wbojfuu9t351fr5"}
{"type":"log","timestamp":1682753516593,"level":"info","message":"Starting rendering request 21","meta":{"rootId":"cf1enwx8exn46fy","id":"cf1enwx8exn46fy"},"id":"hwb42tbxqdjcbv3","previousOperationId":"wbojfuu9t351fr5"}
{"type":"log","timestamp":1682753516593,"level":"info","message":"Rendering template { name: invoice-main, recipe: chrome-pdf, engine: handlebars, preview: true }","meta":{"rootId":"cf1enwx8exn46fy","id":"cf1enwx8exn46fy"},"id":"cb0z6w7pcjzs3x8","previousOperationId":"wbojfuu9t351fr5"}
{"type":"log","timestamp":1682753516594,"level":"debug","message":"Inline data specified.","meta":{"rootId":"cf1enwx8exn46fy","id":"cf1enwx8exn46fy"},"id":"1ich3vdx20eqhix","previousOperationId":"wbojfuu9t351fr5"}
{"type":"log","timestamp":1682753516597,"level":"debug","message":"Base url not specified, skipping its injection.","meta":{"rootId":"cf1enwx8exn46fy","id":"cf1enwx8exn46fy"},"id":"k0o7etvbmxe12se","previousOperationId":"wbojfuu9t351fr5"}
{"type":"operationStart","subtype":"engine","name":"handlebars","timestamp":1682753516597,"id":"s06golagqa3ozo1","previousEventId":"p65apsjncjdn2oi","operationId":"hfxtttjss880018","previousOperationId":"wbojfuu9t351fr5"}
{"type":"log","timestamp":1682753516597,"level":"debug","message":"Rendering engine handlebars","meta":{"rootId":"cf1enwx8exn46fy","id":"cf1enwx8exn46fy"},"id":"qemxnebr57dnygo","previousOperationId":"hfxtttjss880018"}
{"type":"operationEnd","operationId":"hfxtttjss880018","timestamp":1682753516715,"id":"zretf8iprjgzyp3","previousEventId":"s06golagqa3ozo1","previousOperationId":"hfxtttjss880018"}
{"type":"operationStart","subtype":"recipe","name":"chrome-pdf","timestamp":1682753516715,"id":"kzpupt3clxawucy","previousEventId":"zretf8iprjgzyp3","operationId":"j9c6vkregmw557u","previousOperationId":"hfxtttjss880018"}
{"type":"log","timestamp":1682753516715,"level":"debug","message":"Executing recipe chrome-pdf","meta":{"rootId":"cf1enwx8exn46fy","id":"cf1enwx8exn46fy"},"id":"d2gisunvyidz9kx","previousOperationId":"j9c6vkregmw557u"}
{"type":"log","timestamp":1682753516720,"level":"debug","message":"Converting with chrome HeadlessChrome/105.0.5173.0 using chrome-pool strategy","meta":{"rootId":"cf1enwx8exn46fy","id":"cf1enwx8exn46fy"},"id":"vufa1eye7ev0bn8","previousOperationId":"j9c6vkregmw557u"}
{"type":"log","timestamp":1682753516821,"level":"debug","message":"Page request: GET (document) file:///C:/Users/Adebayo/AppData/Local/Temp/jsreport/autocleanup/d1242add-2d89-4092-b165-bbad2f687f0e-chrome-pdf.html","meta":{"rootId":"cf1enwx8exn46fy","id":"cf1enwx8exn46fy"},"id":"frkszr2zmlrt1cs","previousOperationId":"j9c6vkregmw557u"}
{"type":"log","timestamp":1682753516837,"level":"debug","message":"Page request finished: GET (document) 200 file:///C:/Users/Adebayo/AppData/Local/Temp/jsreport/autocleanup/d1242add-2d89-4092-b165-bbad2f687f0e-chrome-pdf.html","meta":{"rootId":"cf1enwx8exn46fy","id":"cf1enwx8exn46fy"},"id":"5k5madsjuwdvpz0","previousOperationId":"j9c6vkregmw557u"}
{"type":"log","timestamp":1682753516837,"level":"debug","message":"Page request: GET (stylesheet) https://maxcdn.bootstrapcdn.com/bootstrap/3.3.7/css/bootstrap.min.css","meta":{"rootId":"cf1enwx8exn46fy","id":"cf1enwx8exn46fy"},"id":"69xa8gy3mgu5l00","previousOperationId":"j9c6vkregmw557u"}
{"type":"log","timestamp":1682753516838,"level":"debug","message":"Page request: GET (script) https://ajax.googleapis.com/ajax/libs/jquery/3.3.1/jquery.min.js","meta":{"rootId":"cf1enwx8exn46fy","id":"cf1enwx8exn46fy"},"id":"vttwnirutyftsto","previousOperationId":"j9c6vkregmw557u"}
{"type":"log","timestamp":1682753516838,"level":"debug","message":"Page request: GET (script) https://maxcdn.bootstrapcdn.com/bootstrap/3.3.7/js/bootstrap.min.js","meta":{"rootId":"cf1enwx8exn46fy","id":"cf1enwx8exn46fy"},"id":"efit3i2pj05lk8p","previousOperationId":"j9c6vkregmw557u"}
{"type":"log","timestamp":1682753519570,"level":"debug","message":"Page request finished: GET (stylesheet) 200 https://maxcdn.bootstrapcdn.com/bootstrap/3.3.7/css/bootstrap.min.css","meta":{"rootId":"cf1enwx8exn46fy","id":"cf1enwx8exn46fy"},"id":"wq41c8uf2hadrxq","previousOperationId":"j9c6vkregmw557u"}
{"type":"log","timestamp":1682753519575,"level":"debug","message":"Page request finished: GET (script) 200 https://maxcdn.bootstrapcdn.com/bootstrap/3.3.7/js/bootstrap.min.js","meta":{"rootId":"cf1enwx8exn46fy","id":"cf1enwx8exn46fy"},"id":"lr7wjh79rqczwcf","previousOperationId":"j9c6vkregmw557u"}
{"type":"log","timestamp":1682753519680,"level":"debug","message":"Page request finished: GET (script) 200 https://ajax.googleapis.com/ajax/libs/jquery/3.3.1/jquery.min.js","meta":{"rootId":"cf1enwx8exn46fy","id":"cf1enwx8exn46fy"},"id":"vldkvx3dz4jm2jk","previousOperationId":"j9c6vkregmw557u"}
{"type":"log","timestamp":1682753519706,"level":"debug","message":"Running chrome with params {\"printBackground\":true,\"marginTop\":\"1cm\",\"marginRight\":\"1cm\",\"marginBottom\":\"1cm\",\"marginLeft\":\"1cm\",\"timeout\":59865,\"margin\":{\"top\":\"1cm\",\"right\":\"1cm\",\"bottom\":\"1cm\",\"left\":\"1cm\"}}","meta":{"rootId":"cf1enwx8exn46fy","id":"cf1enwx8exn46fy"},"id":"kqyx6r29bsk5kgh","previousOperationId":"j9c6vkregmw557u"}
{"type":"operationEnd","operationId":"j9c6vkregmw557u","timestamp":1682753519737,"id":"tw43zqfmcc4pnp2","previousEventId":"kzpupt3clxawucy","previousOperationId":"j9c6vkregmw557u"}
{"type":"log","timestamp":1682753519737,"level":"debug","message":"Skipping storing report.","meta":{"rootId":"cf1enwx8exn46fy","id":"cf1enwx8exn46fy"},"id":"crwviqwi1wjgter","previousOperationId":"j9c6vkregmw557u"}
{"type":"log","timestamp":1682753519737,"level":"info","message":"Rendering request 21 finished in 3154 ms","meta":{"rootId":"cf1enwx8exn46fy","id":"cf1enwx8exn46fy"},"id":"yowk8u4rrk8y5kb","previousOperationId":"j9c6vkregmw557u"}
{"type":"operationEnd","subtype":"render","operationId":"wbojfuu9t351fr5","timestamp":1682753519737,"id":"2tw06amt3u5pncm","previousEventId":"tw43zqfmcc4pnp2","previousOperationId":"j9c6vkregmw557u"}
{"type":"operationEnd","doDiffs":false,"previousEventId":"smem76o648r734u","previousOperationId":"svvlqy14x2bv0q5","operationId":"svvlqy14x2bv0q5","timestamp":1682753519750,"id":"72jxsi0gsxxx0kf"}
