{"type":"operationStart","subtype":"profile","data":{"_id":"3kanLh8igBOuCyq1","timestamp":"2023-04-29T06:57:43.128Z","state":"queued","mode":"standard","creationDate":"2023-04-29T06:57:43.129Z","modificationDate":"2023-04-29T06:57:43.129Z","shortid":"UMfC1hX","$entitySet":"profiles"},"doDiffs":false,"timestamp":1682751463129,"id":"wxexnjvc8ut2bjn","previousOperationId":null,"operationId":"n6bs9i6a2hlob4a"}
{"type":"log","level":"info","message":"Render request 17 queued for execution and waiting for available worker","previousOperationId":"n6bs9i6a2hlob4a","timestamp":1682751463129,"id":"t3632145h6bxocn"}
{"type":"operationStart","subtype":"render","name":"invoice-main","previousOperationId":"n6bs9i6a2hlob4a","timestamp":1682751463138,"id":"ys9tmopqs0eumtu","previousEventId":"wxexnjvc8ut2bjn","operationId":"sopllwve6ugjjc9"}
{"type":"log","timestamp":1682751463138,"level":"info","message":"Starting rendering request 17","meta":{"rootId":"djv6ftju4z5t1hu","id":"djv6ftju4z5t1hu"},"id":"2fujc32i9joyh5i","previousOperationId":"sopllwve6ugjjc9"}
{"type":"log","timestamp":1682751463138,"level":"info","message":"Rendering template { name: invoice-main, recipe: chrome-pdf, engine: handlebars, preview: true }","meta":{"rootId":"djv6ftju4z5t1hu","id":"djv6ftju4z5t1hu"},"id":"zpqxbm1wg41lnc5","previousOperationId":"sopllwve6ugjjc9"}
{"type":"log","timestamp":1682751463140,"level":"debug","message":"Inline data specified.","meta":{"rootId":"djv6ftju4z5t1hu","id":"djv6ftju4z5t1hu"},"id":"hye2293a3n6oq4l","previousOperationId":"sopllwve6ugjjc9"}
{"type":"log","timestamp":1682751463142,"level":"debug","message":"Base url not specified, skipping its injection.","meta":{"rootId":"djv6ftju4z5t1hu","id":"djv6ftju4z5t1hu"},"id":"rh3nvjp168tiflj","previousOperationId":"sopllwve6ugjjc9"}
{"type":"operationStart","subtype":"engine","name":"handlebars","timestamp":1682751463142,"id":"hqgnazv05vfo3sd","previousEventId":"ys9tmopqs0eumtu","operationId":"q49evpq3w48ouc0","previousOperationId":"sopllwve6ugjjc9"}
{"type":"log","timestamp":1682751463142,"level":"debug","message":"Rendering engine handlebars","meta":{"rootId":"djv6ftju4z5t1hu","id":"djv6ftju4z5t1hu"},"id":"zav64jzrgix7tec","previousOperationId":"q49evpq3w48ouc0"}
{"type":"log","timestamp":1682751463198,"level":"debug","message":"(console:log) Calculating item Website design; you should see this message in debug run","meta":{"userLevel":true,"rootId":"djv6ftju4z5t1hu","id":"djv6ftju4z5t1hu"},"id":"kukcoci2ddgmf9k","previousOperationId":"q49evpq3w48ouc0"}
{"type":"operationEnd","operationId":"q49evpq3w48ouc0","timestamp":1682751463200,"id":"u9zmepjrcl3f3da","previousEventId":"hqgnazv05vfo3sd","previousOperationId":"q49evpq3w48ouc0"}
{"type":"operationStart","subtype":"recipe","name":"chrome-pdf","timestamp":1682751463201,"id":"bej26tvi40f5hxd","previousEventId":"u9zmepjrcl3f3da","operationId":"23qfjvug9ylv1pa","previousOperationId":"q49evpq3w48ouc0"}
{"type":"log","timestamp":1682751463201,"level":"debug","message":"Executing recipe chrome-pdf","meta":{"rootId":"djv6ftju4z5t1hu","id":"djv6ftju4z5t1hu"},"id":"e0y8vlsqffsqbgm","previousOperationId":"23qfjvug9ylv1pa"}
{"type":"log","timestamp":1682751463204,"level":"debug","message":"Converting with chrome HeadlessChrome/105.0.5173.0 using chrome-pool strategy","meta":{"rootId":"djv6ftju4z5t1hu","id":"djv6ftju4z5t1hu"},"id":"opfoj9daw45chul","previousOperationId":"23qfjvug9ylv1pa"}
{"type":"log","timestamp":1682751463301,"level":"debug","message":"Page request: GET (document) file:///C:/Users/Adebayo/AppData/Local/Temp/jsreport/autocleanup/0c891897-60ed-4302-9790-744267c61c43-chrome-pdf.html","meta":{"rootId":"djv6ftju4z5t1hu","id":"djv6ftju4z5t1hu"},"id":"5l75smv4d4529b1","previousOperationId":"23qfjvug9ylv1pa"}
{"type":"log","timestamp":1682751463315,"level":"debug","message":"Page request finished: GET (document) 200 file:///C:/Users/Adebayo/AppData/Local/Temp/jsreport/autocleanup/0c891897-60ed-4302-9790-744267c61c43-chrome-pdf.html","meta":{"rootId":"djv6ftju4z5t1hu","id":"djv6ftju4z5t1hu"},"id":"lnh910qt3rxp2e5","previousOperationId":"23qfjvug9ylv1pa"}
{"type":"log","timestamp":1682751463316,"level":"debug","message":"Page request: GET (stylesheet) https://cdn.jsdelivr.net/npm/bootstrap@3.3.7/dist/css/bootstrap.min.css","meta":{"rootId":"djv6ftju4z5t1hu","id":"djv6ftju4z5t1hu"},"id":"k8l2m8qt35t2zwz","previousOperationId":"23qfjvug9ylv1pa"}
{"type":"log","timestamp":1682751463316,"level":"debug","message":"Page request: GET (stylesheet) https://cdn.jsdelivr.net/npm/bootstrap@3.3.7/dist/css/bootstrap-theme.min.css","meta":{"rootId":"djv6ftju4z5t1hu","id":"djv6ftju4z5t1hu"},"id":"5x14kqm6i5w95th","previousOperationId":"23qfjvug9ylv1pa"}
{"type":"log","timestamp":1682751463317,"level":"debug","message":"Page request: GET (script) https://code.jquery.com/jquery-3.3.1.slim.min.js","meta":{"rootId":"djv6ftju4z5t1hu","id":"djv6ftju4z5t1hu"},"id":"cepg4hpcnk5mnql","previousOperationId":"23qfjvug9ylv1pa"}
{"type":"log","timestamp":1682751463317,"level":"debug","message":"Page request: GET (script) https://cdn.jsdelivr.net/npm/popper.js@1.14.3/dist/umd/popper.min.js","meta":{"rootId":"djv6ftju4z5t1hu","id":"djv6ftju4z5t1hu"},"id":"u8wlvj3ern58dd4","previousOperationId":"23qfjvug9ylv1pa"}
{"type":"log","timestamp":1682751463318,"level":"debug","message":"Page request: GET (script) https://cdn.jsdelivr.net/npm/bootstrap@4.1.3/dist/js/bootstrap.min.js","meta":{"rootId":"djv6ftju4z5t1hu","id":"djv6ftju4z5t1hu"},"id":"ehy5bbkxu9d5nnf","previousOperationId":"23qfjvug9ylv1pa"}
{"type":"log","timestamp":1682751463319,"level":"debug","message":"Page request: GET (image) https://i.ibb.co/fGz0Ss1/download-1.png","meta":{"rootId":"djv6ftju4z5t1hu","id":"djv6ftju4z5t1hu"},"id":"y7gc72f8b2vyqk2","previousOperationId":"23qfjvug9ylv1pa"}
{"type":"log","timestamp":1682751463327,"level":"debug","message":"Page request finished: GET (stylesheet) 200 https://cdn.jsdelivr.net/npm/bootstrap@3.3.7/dist/css/bootstrap.min.css","meta":{"rootId":"djv6ftju4z5t1hu","id":"djv6ftju4z5t1hu"},"id":"5eh9u6alcl2u8ha","previousOperationId":"23qfjvug9ylv1pa"}
{"type":"log","timestamp":1682751463327,"level":"debug","message":"Page request finished: GET (script) 200 https://cdn.jsdelivr.net/npm/popper.js@1.14.3/dist/umd/popper.min.js","meta":{"rootId":"djv6ftju4z5t1hu","id":"djv6ftju4z5t1hu"},"id":"m6ah60xc2y7syre","previousOperationId":"23qfjvug9ylv1pa"}
{"type":"log","timestamp":1682751463327,"level":"debug","message":"Page request finished: GET (script) 200 https://code.jquery.com/jquery-3.3.1.slim.min.js","meta":{"rootId":"djv6ftju4z5t1hu","id":"djv6ftju4z5t1hu"},"id":"7k3f5mb33aokrx6","previousOperationId":"23qfjvug9ylv1pa"}
{"type":"log","timestamp":1682751463329,"level":"debug","message":"Page request finished: GET (image) 200 https://i.ibb.co/fGz0Ss1/download-1.png","meta":{"rootId":"djv6ftju4z5t1hu","id":"djv6ftju4z5t1hu"},"id":"lr52gzwqya3do1r","previousOperationId":"23qfjvug9ylv1pa"}
{"type":"log","timestamp":1682751463329,"level":"debug","message":"Page request finished: GET (script) 200 https://cdn.jsdelivr.net/npm/bootstrap@4.1.3/dist/js/bootstrap.min.js","meta":{"rootId":"djv6ftju4z5t1hu","id":"djv6ftju4z5t1hu"},"id":"ubnh68evf4wqhgs","previousOperationId":"23qfjvug9ylv1pa"}
{"type":"log","timestamp":1682751463428,"level":"debug","message":"Page request finished: GET (stylesheet) 200 https://cdn.jsdelivr.net/npm/bootstrap@3.3.7/dist/css/bootstrap-theme.min.css","meta":{"rootId":"djv6ftju4z5t1hu","id":"djv6ftju4z5t1hu"},"id":"qougq6u0os5m4nm","previousOperationId":"23qfjvug9ylv1pa"}
{"type":"log","timestamp":1682751463464,"level":"debug","message":"Running chrome with params {\"printBackground\":true,\"marginTop\":\"1cm\",\"marginRight\":\"1cm\",\"marginBottom\":\"1cm\",\"marginLeft\":\"1cm\",\"timeout\":59925,\"margin\":{\"top\":\"1cm\",\"right\":\"1cm\",\"bottom\":\"1cm\",\"left\":\"1cm\"}}","meta":{"rootId":"djv6ftju4z5t1hu","id":"djv6ftju4z5t1hu"},"id":"kib49z36ymmvn5l","previousOperationId":"23qfjvug9ylv1pa"}
{"type":"operationEnd","operationId":"23qfjvug9ylv1pa","timestamp":1682751463544,"id":"sr1fvg5nm53e4x8","previousEventId":"bej26tvi40f5hxd","previousOperationId":"23qfjvug9ylv1pa"}
{"type":"log","timestamp":1682751463544,"level":"debug","message":"Skipping storing report.","meta":{"rootId":"djv6ftju4z5t1hu","id":"djv6ftju4z5t1hu"},"id":"k11g30emtt3zbmw","previousOperationId":"23qfjvug9ylv1pa"}
{"type":"log","timestamp":1682751463544,"level":"info","message":"Rendering request 17 finished in 416 ms","meta":{"rootId":"djv6ftju4z5t1hu","id":"djv6ftju4z5t1hu"},"id":"hfudldyxahn3cvd","previousOperationId":"23qfjvug9ylv1pa"}
{"type":"operationEnd","subtype":"render","operationId":"sopllwve6ugjjc9","timestamp":1682751463544,"id":"m2eslfiiw95watz","previousEventId":"sr1fvg5nm53e4x8","previousOperationId":"23qfjvug9ylv1pa"}
{"type":"operationEnd","doDiffs":false,"previousEventId":"wxexnjvc8ut2bjn","previousOperationId":"n6bs9i6a2hlob4a","operationId":"n6bs9i6a2hlob4a","timestamp":1682751463553,"id":"3ogdbf42stkl29k"}
