{"type":"operationStart","subtype":"profile","data":{"_id":"Bve8Dp4mWdlnKUc8","timestamp":"2023-04-29T07:02:45.293Z","state":"queued","mode":"standard","creationDate":"2023-04-29T07:02:45.295Z","modificationDate":"2023-04-29T07:02:45.295Z","shortid":"nYMLFTt","$entitySet":"profiles"},"doDiffs":false,"timestamp":1682751765294,"id":"tejreacqtw2izua","previousOperationId":null,"operationId":"j3hcxnawrq6s7n6"}
{"type":"log","level":"info","message":"Render request 20 queued for execution and waiting for available worker","previousOperationId":"j3hcxnawrq6s7n6","timestamp":1682751765294,"id":"pbow3etxrf2jn83"}
{"type":"operationStart","subtype":"render","name":"invoice-main","previousOperationId":"j3hcxnawrq6s7n6","timestamp":1682751765306,"id":"91ybiydlei0q9j3","previousEventId":"tejreacqtw2izua","operationId":"3gyjo1ubblzy9a8"}
{"type":"log","timestamp":1682751765306,"level":"info","message":"Starting rendering request 20","meta":{"rootId":"ete0h3sx5jb8xzg","id":"ete0h3sx5jb8xzg"},"id":"8rhsqb2mdk66259","previousOperationId":"3gyjo1ubblzy9a8"}
{"type":"log","timestamp":1682751765306,"level":"info","message":"Rendering template { name: invoice-main, recipe: chrome-pdf, engine: handlebars, preview: true }","meta":{"rootId":"ete0h3sx5jb8xzg","id":"ete0h3sx5jb8xzg"},"id":"1n09crakxwzbtlf","previousOperationId":"3gyjo1ubblzy9a8"}
{"type":"log","timestamp":1682751765307,"level":"debug","message":"Inline data specified.","meta":{"rootId":"ete0h3sx5jb8xzg","id":"ete0h3sx5jb8xzg"},"id":"sq7aozqk9pohnmx","previousOperationId":"3gyjo1ubblzy9a8"}
{"type":"log","timestamp":1682751765310,"level":"debug","message":"Base url not specified, skipping its injection.","meta":{"rootId":"ete0h3sx5jb8xzg","id":"ete0h3sx5jb8xzg"},"id":"wlwtqdl7le19tev","previousOperationId":"3gyjo1ubblzy9a8"}
{"type":"operationStart","subtype":"engine","name":"handlebars","timestamp":1682751765310,"id":"uiz55ga7k75cy3q","previousEventId":"91ybiydlei0q9j3","operationId":"014nnodzdjshcx7","previousOperationId":"3gyjo1ubblzy9a8"}
{"type":"log","timestamp":1682751765310,"level":"debug","message":"Rendering engine handlebars","meta":{"rootId":"ete0h3sx5jb8xzg","id":"ete0h3sx5jb8xzg"},"id":"c6poj3mmu79e9l9","previousOperationId":"014nnodzdjshcx7"}
{"type":"log","timestamp":1682751765372,"level":"debug","message":"(console:log) Calculating item Website design; you should see this message in debug run","meta":{"userLevel":true,"rootId":"ete0h3sx5jb8xzg","id":"ete0h3sx5jb8xzg"},"id":"2jyn15onw2a150v","previousOperationId":"014nnodzdjshcx7"}
{"type":"operationEnd","operationId":"014nnodzdjshcx7","timestamp":1682751765374,"id":"xa8rwdiq2zrgbin","previousEventId":"uiz55ga7k75cy3q","previousOperationId":"014nnodzdjshcx7"}
{"type":"operationStart","subtype":"recipe","name":"chrome-pdf","timestamp":1682751765374,"id":"96wrdrd113d3csx","previousEventId":"xa8rwdiq2zrgbin","operationId":"1zv97h6imglku16","previousOperationId":"014nnodzdjshcx7"}
{"type":"log","timestamp":1682751765374,"level":"debug","message":"Executing recipe chrome-pdf","meta":{"rootId":"ete0h3sx5jb8xzg","id":"ete0h3sx5jb8xzg"},"id":"ple1qivf3k4l2q1","previousOperationId":"1zv97h6imglku16"}
{"type":"log","timestamp":1682751765382,"level":"debug","message":"Converting with chrome HeadlessChrome/105.0.5173.0 using chrome-pool strategy","meta":{"rootId":"ete0h3sx5jb8xzg","id":"ete0h3sx5jb8xzg"},"id":"3v9x7eei8bev5tu","previousOperationId":"1zv97h6imglku16"}
{"type":"log","timestamp":1682751765497,"level":"debug","message":"Page request: GET (document) file:///C:/Users/Adebayo/AppData/Local/Temp/jsreport/autocleanup/b0368a77-8db2-4e67-a765-772edfa72649-chrome-pdf.html","meta":{"rootId":"ete0h3sx5jb8xzg","id":"ete0h3sx5jb8xzg"},"id":"wilwu7wpe0jjyi5","previousOperationId":"1zv97h6imglku16"}
{"type":"log","timestamp":1682751765511,"level":"debug","message":"Page request finished: GET (document) 200 file:///C:/Users/Adebayo/AppData/Local/Temp/jsreport/autocleanup/b0368a77-8db2-4e67-a765-772edfa72649-chrome-pdf.html","meta":{"rootId":"ete0h3sx5jb8xzg","id":"ete0h3sx5jb8xzg"},"id":"syw3fzs52x1q5bh","previousOperationId":"1zv97h6imglku16"}
{"type":"log","timestamp":1682751765511,"level":"debug","message":"Page request: GET (stylesheet) https://cdn.jsdelivr.net/npm/bootstrap@3.3.7/dist/css/bootstrap.min.css","meta":{"rootId":"ete0h3sx5jb8xzg","id":"ete0h3sx5jb8xzg"},"id":"ifowkuvh2rjbb29","previousOperationId":"1zv97h6imglku16"}
{"type":"log","timestamp":1682751765511,"level":"debug","message":"Page request: GET (stylesheet) https://cdn.jsdelivr.net/npm/bootstrap@3.3.7/dist/css/bootstrap-theme.min.css","meta":{"rootId":"ete0h3sx5jb8xzg","id":"ete0h3sx5jb8xzg"},"id":"wc90cu3ngmnqypt","previousOperationId":"1zv97h6imglku16"}
{"type":"log","timestamp":1682751765514,"level":"debug","message":"Page request: GET (image) https://i.ibb.co/fGz0Ss1/download-1.png","meta":{"rootId":"ete0h3sx5jb8xzg","id":"ete0h3sx5jb8xzg"},"id":"eoetoh97tnnnof2","previousOperationId":"1zv97h6imglku16"}
{"type":"log","timestamp":1682751765519,"level":"debug","message":"Page request finished: GET (stylesheet) 200 https://cdn.jsdelivr.net/npm/bootstrap@3.3.7/dist/css/bootstrap-theme.min.css","meta":{"rootId":"ete0h3sx5jb8xzg","id":"ete0h3sx5jb8xzg"},"id":"bbn72uwuy1orqv9","previousOperationId":"1zv97h6imglku16"}
{"type":"log","timestamp":1682751765523,"level":"debug","message":"Page request finished: GET (stylesheet) 200 https://cdn.jsdelivr.net/npm/bootstrap@3.3.7/dist/css/bootstrap.min.css","meta":{"rootId":"ete0h3sx5jb8xzg","id":"ete0h3sx5jb8xzg"},"id":"fuygtxt5nafpbuv","previousOperationId":"1zv97h6imglku16"}
{"type":"log","timestamp":1682751765524,"level":"debug","message":"Page request finished: GET (image) 200 https://i.ibb.co/fGz0Ss1/download-1.png","meta":{"rootId":"ete0h3sx5jb8xzg","id":"ete0h3sx5jb8xzg"},"id":"kn3txq2yqucluzy","previousOperationId":"1zv97h6imglku16"}
{"type":"log","timestamp":1682751765550,"level":"debug","message":"Running chrome with params {\"printBackground\":true,\"marginTop\":\"1cm\",\"marginRight\":\"1cm\",\"marginBottom\":\"1cm\",\"marginLeft\":\"1cm\",\"timeout\":59917,\"margin\":{\"top\":\"1cm\",\"right\":\"1cm\",\"bottom\":\"1cm\",\"left\":\"1cm\"}}","meta":{"rootId":"ete0h3sx5jb8xzg","id":"ete0h3sx5jb8xzg"},"id":"ome3ir1wt1uzak8","previousOperationId":"1zv97h6imglku16"}
{"type":"operationEnd","operationId":"1zv97h6imglku16","timestamp":1682751765632,"id":"ygruv4yh6xv2hlc","previousEventId":"96wrdrd113d3csx","previousOperationId":"1zv97h6imglku16"}
{"type":"log","timestamp":1682751765632,"level":"debug","message":"Skipping storing report.","meta":{"rootId":"ete0h3sx5jb8xzg","id":"ete0h3sx5jb8xzg"},"id":"lr00m80xf8nirg7","previousOperationId":"1zv97h6imglku16"}
{"type":"log","timestamp":1682751765632,"level":"info","message":"Rendering request 20 finished in 339 ms","meta":{"rootId":"ete0h3sx5jb8xzg","id":"ete0h3sx5jb8xzg"},"id":"qqlvxbpuzoz3181","previousOperationId":"1zv97h6imglku16"}
{"type":"operationEnd","subtype":"render","operationId":"3gyjo1ubblzy9a8","timestamp":1682751765632,"id":"d6911oocyvik2pd","previousEventId":"ygruv4yh6xv2hlc","previousOperationId":"1zv97h6imglku16"}
{"type":"operationEnd","doDiffs":false,"previousEventId":"tejreacqtw2izua","previousOperationId":"j3hcxnawrq6s7n6","operationId":"j3hcxnawrq6s7n6","timestamp":1682751765642,"id":"g4m6g013a029jaj"}
