{"type":"operationStart","subtype":"profile","data":{"_id":"4BSLUmh8AUPnVb6x","timestamp":"2023-04-29T06:48:40.292Z","state":"queued","mode":"standard","creationDate":"2023-04-29T06:48:40.294Z","modificationDate":"2023-04-29T06:48:40.294Z","shortid":"aKqhHrH","$entitySet":"profiles"},"doDiffs":false,"timestamp":1682750920293,"id":"r6ejh7ou9s12qz5","previousOperationId":null,"operationId":"mvqtdj2gnnhojdo"}
{"type":"log","level":"info","message":"Render request 9 queued for execution and waiting for available worker","previousOperationId":"mvqtdj2gnnhojdo","timestamp":1682750920293,"id":"3a1x7sbzoypqo7f"}
{"type":"operationStart","subtype":"render","name":"invoice-main","previousOperationId":"mvqtdj2gnnhojdo","timestamp":1682750920303,"id":"n130wk3w2hvmklq","previousEventId":"r6ejh7ou9s12qz5","operationId":"jpjfr3nen4rrd99"}
{"type":"log","timestamp":1682750920303,"level":"info","message":"Starting rendering request 9","meta":{"rootId":"l13w0x1144bf11u","id":"l13w0x1144bf11u"},"id":"09hs58pp8i5ibd1","previousOperationId":"jpjfr3nen4rrd99"}
{"type":"log","timestamp":1682750920304,"level":"info","message":"Rendering template { name: invoice-main, recipe: chrome-pdf, engine: handlebars, preview: true }","meta":{"rootId":"l13w0x1144bf11u","id":"l13w0x1144bf11u"},"id":"fgfgfxmifzp0jz6","previousOperationId":"jpjfr3nen4rrd99"}
{"type":"log","timestamp":1682750920305,"level":"debug","message":"Inline data specified.","meta":{"rootId":"l13w0x1144bf11u","id":"l13w0x1144bf11u"},"id":"w031omh1v78cu8i","previousOperationId":"jpjfr3nen4rrd99"}
{"type":"log","timestamp":1682750920308,"level":"debug","message":"Base url not specified, skipping its injection.","meta":{"rootId":"l13w0x1144bf11u","id":"l13w0x1144bf11u"},"id":"f5tb44ydbn0y3kr","previousOperationId":"jpjfr3nen4rrd99"}
{"type":"operationStart","subtype":"engine","name":"handlebars","timestamp":1682750920309,"id":"427necvfl6921nx","previousEventId":"n130wk3w2hvmklq","operationId":"ahkn9t72w1evp5r","previousOperationId":"jpjfr3nen4rrd99"}
{"type":"log","timestamp":1682750920309,"level":"debug","message":"Rendering engine handlebars","meta":{"rootId":"l13w0x1144bf11u","id":"l13w0x1144bf11u"},"id":"tttok5os0p2m599","previousOperationId":"ahkn9t72w1evp5r"}
{"type":"log","timestamp":1682750920328,"level":"debug","message":"(console:log) Calculating item Website design; you should see this message in debug run","meta":{"userLevel":true,"rootId":"l13w0x1144bf11u","id":"l13w0x1144bf11u"},"id":"wgr7ngyjq5089sy","previousOperationId":"ahkn9t72w1evp5r"}
{"type":"operationEnd","operationId":"ahkn9t72w1evp5r","timestamp":1682750920330,"id":"oa3xv37zd4yfwdf","previousEventId":"427necvfl6921nx","previousOperationId":"ahkn9t72w1evp5r"}
{"type":"operationStart","subtype":"recipe","name":"chrome-pdf","timestamp":1682750920331,"id":"l1hz08cox38b022","previousEventId":"oa3xv37zd4yfwdf","operationId":"yooq6iprc2cln37","previousOperationId":"ahkn9t72w1evp5r"}
{"type":"log","timestamp":1682750920331,"level":"debug","message":"Executing recipe chrome-pdf","meta":{"rootId":"l13w0x1144bf11u","id":"l13w0x1144bf11u"},"id":"0ifr7zvrl89ha4j","previousOperationId":"yooq6iprc2cln37"}
{"type":"log","timestamp":1682750920334,"level":"debug","message":"Converting with chrome HeadlessChrome/105.0.5173.0 using chrome-pool strategy","meta":{"rootId":"l13w0x1144bf11u","id":"l13w0x1144bf11u"},"id":"geayoxnw6m2hv4v","previousOperationId":"yooq6iprc2cln37"}
{"type":"log","timestamp":1682750920426,"level":"debug","message":"Page request: GET (document) file:///C:/Users/Adebayo/AppData/Local/Temp/jsreport/autocleanup/0e647e99-51bd-4a56-ba37-bc1f99b3bc77-chrome-pdf.html","meta":{"rootId":"l13w0x1144bf11u","id":"l13w0x1144bf11u"},"id":"5stmte0yffqihk7","previousOperationId":"yooq6iprc2cln37"}
{"type":"log","timestamp":1682750920438,"level":"debug","message":"Page request finished: GET (document) 200 file:///C:/Users/Adebayo/AppData/Local/Temp/jsreport/autocleanup/0e647e99-51bd-4a56-ba37-bc1f99b3bc77-chrome-pdf.html","meta":{"rootId":"l13w0x1144bf11u","id":"l13w0x1144bf11u"},"id":"rldjzqfu4ok5mj5","previousOperationId":"yooq6iprc2cln37"}
{"type":"log","timestamp":1682750920438,"level":"debug","message":"Page request: GET (image) https://i.ibb.co/fGz0Ss1/download-1.png","meta":{"rootId":"l13w0x1144bf11u","id":"l13w0x1144bf11u"},"id":"83gq3nmid8crisc","previousOperationId":"yooq6iprc2cln37"}
{"type":"log","timestamp":1682750920441,"level":"debug","message":"Page request finished: GET (image) 200 https://i.ibb.co/fGz0Ss1/download-1.png","meta":{"rootId":"l13w0x1144bf11u","id":"l13w0x1144bf11u"},"id":"xx0uq125gv10r5k","previousOperationId":"yooq6iprc2cln37"}
{"type":"log","timestamp":1682750920459,"level":"debug","message":"Running chrome with params {\"printBackground\":true,\"marginTop\":\"1cm\",\"marginRight\":\"1cm\",\"marginBottom\":\"1cm\",\"marginLeft\":\"1cm\",\"timeout\":59960,\"margin\":{\"top\":\"1cm\",\"right\":\"1cm\",\"bottom\":\"1cm\",\"left\":\"1cm\"}}","meta":{"rootId":"l13w0x1144bf11u","id":"l13w0x1144bf11u"},"id":"q77esl826zxd27c","previousOperationId":"yooq6iprc2cln37"}
{"type":"operationEnd","operationId":"yooq6iprc2cln37","timestamp":1682750920586,"id":"kd3zzndjvrd5viv","previousEventId":"l1hz08cox38b022","previousOperationId":"yooq6iprc2cln37"}
{"type":"log","timestamp":1682750920586,"level":"debug","message":"Skipping storing report.","meta":{"rootId":"l13w0x1144bf11u","id":"l13w0x1144bf11u"},"id":"nrgm3jhmmfjvb9u","previousOperationId":"yooq6iprc2cln37"}
{"type":"log","timestamp":1682750920587,"level":"info","message":"Rendering request 9 finished in 294 ms","meta":{"rootId":"l13w0x1144bf11u","id":"l13w0x1144bf11u"},"id":"60bd6q1q0vfp1os","previousOperationId":"yooq6iprc2cln37"}
{"type":"operationEnd","subtype":"render","operationId":"jpjfr3nen4rrd99","timestamp":1682750920587,"id":"4qazrwbdidld7kd","previousEventId":"kd3zzndjvrd5viv","previousOperationId":"yooq6iprc2cln37"}
{"type":"operationEnd","doDiffs":false,"previousEventId":"r6ejh7ou9s12qz5","previousOperationId":"mvqtdj2gnnhojdo","operationId":"mvqtdj2gnnhojdo","timestamp":1682750920595,"id":"p9yyo5qyjnoklmq"}
