{"type":"operationStart","subtype":"profile","data":{"_id":"kEvHNtkoosmDSGNl","timestamp":"2023-04-29T06:50:42.414Z","state":"queued","mode":"standard","creationDate":"2023-04-29T06:50:42.416Z","modificationDate":"2023-04-29T06:50:42.416Z","shortid":"VxbHHVr","$entitySet":"profiles"},"doDiffs":false,"timestamp":1682751042415,"id":"y8wghnogyq5vh5m","previousOperationId":null,"operationId":"b7m7ni4q6axelnf"}
{"type":"log","level":"info","message":"Render request 12 queued for execution and waiting for available worker","previousOperationId":"b7m7ni4q6axelnf","timestamp":1682751042415,"id":"n8oslnq9x2k8xyg"}
{"type":"operationStart","subtype":"render","name":"invoice-main","previousOperationId":"b7m7ni4q6axelnf","timestamp":1682751042423,"id":"0b27cx787t66osl","previousEventId":"y8wghnogyq5vh5m","operationId":"iyvk5wk8i5fusxi"}
{"type":"log","timestamp":1682751042423,"level":"info","message":"Starting rendering request 12","meta":{"rootId":"oi0p9r459dm6kj8","id":"oi0p9r459dm6kj8"},"id":"g0mmb041gaa9rr9","previousOperationId":"iyvk5wk8i5fusxi"}
{"type":"log","timestamp":1682751042424,"level":"info","message":"Rendering template { name: invoice-main, recipe: chrome-pdf, engine: handlebars, preview: true }","meta":{"rootId":"oi0p9r459dm6kj8","id":"oi0p9r459dm6kj8"},"id":"z3n876n6i88i64e","previousOperationId":"iyvk5wk8i5fusxi"}
{"type":"log","timestamp":1682751042425,"level":"debug","message":"Inline data specified.","meta":{"rootId":"oi0p9r459dm6kj8","id":"oi0p9r459dm6kj8"},"id":"mi92lw80eojl7ga","previousOperationId":"iyvk5wk8i5fusxi"}
{"type":"log","timestamp":1682751042433,"level":"debug","message":"Base url not specified, skipping its injection.","meta":{"rootId":"oi0p9r459dm6kj8","id":"oi0p9r459dm6kj8"},"id":"f9wau8sik9tlcvd","previousOperationId":"iyvk5wk8i5fusxi"}
{"type":"operationStart","subtype":"engine","name":"handlebars","timestamp":1682751042434,"id":"1rnqwqnmqyhh84i","previousEventId":"0b27cx787t66osl","operationId":"0fzo2lf5ztbsgea","previousOperationId":"iyvk5wk8i5fusxi"}
{"type":"log","timestamp":1682751042434,"level":"debug","message":"Rendering engine handlebars","meta":{"rootId":"oi0p9r459dm6kj8","id":"oi0p9r459dm6kj8"},"id":"98c5s4tow8ivmkp","previousOperationId":"0fzo2lf5ztbsgea"}
{"type":"log","timestamp":1682751042488,"level":"debug","message":"(console:log) Calculating item Website design; you should see this message in debug run","meta":{"userLevel":true,"rootId":"oi0p9r459dm6kj8","id":"oi0p9r459dm6kj8"},"id":"rk0rtrnomvpgev6","previousOperationId":"0fzo2lf5ztbsgea"}
{"type":"operationEnd","operationId":"0fzo2lf5ztbsgea","timestamp":1682751042491,"id":"8p2mjr5tw5remeh","previousEventId":"1rnqwqnmqyhh84i","previousOperationId":"0fzo2lf5ztbsgea"}
{"type":"operationStart","subtype":"recipe","name":"chrome-pdf","timestamp":1682751042491,"id":"mqkenu5b348b21g","previousEventId":"8p2mjr5tw5remeh","operationId":"p0ocj0vcaz0sbsc","previousOperationId":"0fzo2lf5ztbsgea"}
{"type":"log","timestamp":1682751042491,"level":"debug","message":"Executing recipe chrome-pdf","meta":{"rootId":"oi0p9r459dm6kj8","id":"oi0p9r459dm6kj8"},"id":"8my4ll64tksxm22","previousOperationId":"p0ocj0vcaz0sbsc"}
{"type":"log","timestamp":1682751042494,"level":"debug","message":"Converting with chrome HeadlessChrome/105.0.5173.0 using chrome-pool strategy","meta":{"rootId":"oi0p9r459dm6kj8","id":"oi0p9r459dm6kj8"},"id":"0x861kopylr1yva","previousOperationId":"p0ocj0vcaz0sbsc"}
{"type":"log","timestamp":1682751042589,"level":"debug","message":"Page request: GET (document) file:///C:/Users/Adebayo/AppData/Local/Temp/jsreport/autocleanup/63283ff5-41ea-4905-b961-3330023e80f4-chrome-pdf.html","meta":{"rootId":"oi0p9r459dm6kj8","id":"oi0p9r459dm6kj8"},"id":"2pg9qsj3sr9p4iy","previousOperationId":"p0ocj0vcaz0sbsc"}
{"type":"log","timestamp":1682751042602,"level":"debug","message":"Page request finished: GET (document) 200 file:///C:/Users/Adebayo/AppData/Local/Temp/jsreport/autocleanup/63283ff5-41ea-4905-b961-3330023e80f4-chrome-pdf.html","meta":{"rootId":"oi0p9r459dm6kj8","id":"oi0p9r459dm6kj8"},"id":"ymzia9bn0oal1eq","previousOperationId":"p0ocj0vcaz0sbsc"}
{"type":"log","timestamp":1682751042602,"level":"debug","message":"Page request: GET (image) https://i.ibb.co/fGz0Ss1/download-1.png","meta":{"rootId":"oi0p9r459dm6kj8","id":"oi0p9r459dm6kj8"},"id":"pbnemhg1lw7ijux","previousOperationId":"p0ocj0vcaz0sbsc"}
{"type":"log","timestamp":1682751042606,"level":"debug","message":"Page request finished: GET (image) 200 https://i.ibb.co/fGz0Ss1/download-1.png","meta":{"rootId":"oi0p9r459dm6kj8","id":"oi0p9r459dm6kj8"},"id":"h32iflr6ei1p6hl","previousOperationId":"p0ocj0vcaz0sbsc"}
{"type":"log","timestamp":1682751042631,"level":"debug","message":"Running chrome with params {\"printBackground\":true,\"marginTop\":\"1cm\",\"marginRight\":\"1cm\",\"marginBottom\":\"1cm\",\"marginLeft\":\"1cm\",\"timeout\":59921,\"margin\":{\"top\":\"1cm\",\"right\":\"1cm\",\"bottom\":\"1cm\",\"left\":\"1cm\"}}","meta":{"rootId":"oi0p9r459dm6kj8","id":"oi0p9r459dm6kj8"},"id":"v2btkav1b496rac","previousOperationId":"p0ocj0vcaz0sbsc"}
{"type":"operationEnd","operationId":"p0ocj0vcaz0sbsc","timestamp":1682751042784,"id":"ox5twlm47ubvvbs","previousEventId":"mqkenu5b348b21g","previousOperationId":"p0ocj0vcaz0sbsc"}
{"type":"log","timestamp":1682751042784,"level":"debug","message":"Skipping storing report.","meta":{"rootId":"oi0p9r459dm6kj8","id":"oi0p9r459dm6kj8"},"id":"9r9a4y7sjuhl3q7","previousOperationId":"p0ocj0vcaz0sbsc"}
{"type":"log","timestamp":1682751042784,"level":"info","message":"Rendering request 12 finished in 370 ms","meta":{"rootId":"oi0p9r459dm6kj8","id":"oi0p9r459dm6kj8"},"id":"j56ns2a4f0xitkt","previousOperationId":"p0ocj0vcaz0sbsc"}
{"type":"operationEnd","subtype":"render","operationId":"iyvk5wk8i5fusxi","timestamp":1682751042784,"id":"52i5ihvpm8zjzzu","previousEventId":"ox5twlm47ubvvbs","previousOperationId":"p0ocj0vcaz0sbsc"}
{"type":"operationEnd","doDiffs":false,"previousEventId":"y8wghnogyq5vh5m","previousOperationId":"b7m7ni4q6axelnf","operationId":"b7m7ni4q6axelnf","timestamp":1682751042793,"id":"gcwyxffn56jyqc1"}
