{"type":"operationStart","subtype":"profile","data":{"_id":"hKLtvM9sftLKIYuc","timestamp":"2023-04-29T06:48:55.452Z","state":"queued","mode":"standard","creationDate":"2023-04-29T06:48:55.454Z","modificationDate":"2023-04-29T06:48:55.454Z","shortid":"mbemk19","$entitySet":"profiles"},"doDiffs":false,"timestamp":1682750935453,"id":"m5j2shd9ouiv8xz","previousOperationId":null,"operationId":"so5bxik7ndoy28m"}
{"type":"log","level":"info","message":"Render request 10 queued for execution and waiting for available worker","previousOperationId":"so5bxik7ndoy28m","timestamp":1682750935453,"id":"mxiajaxx6fdc1w5"}
{"type":"operationStart","subtype":"render","name":"invoice-main","previousOperationId":"so5bxik7ndoy28m","timestamp":1682750935462,"id":"mmocversewnphkw","previousEventId":"m5j2shd9ouiv8xz","operationId":"ql2e17w4b8smfc4"}
{"type":"log","timestamp":1682750935462,"level":"info","message":"Starting rendering request 10","meta":{"rootId":"pa1hzzdjfllpbv2","id":"pa1hzzdjfllpbv2"},"id":"zmgbrhswffydrdm","previousOperationId":"ql2e17w4b8smfc4"}
{"type":"log","timestamp":1682750935462,"level":"info","message":"Rendering template { name: invoice-main, recipe: chrome-pdf, engine: handlebars, preview: true }","meta":{"rootId":"pa1hzzdjfllpbv2","id":"pa1hzzdjfllpbv2"},"id":"45ck2a5woi313gi","previousOperationId":"ql2e17w4b8smfc4"}
{"type":"log","timestamp":1682750935464,"level":"debug","message":"Inline data specified.","meta":{"rootId":"pa1hzzdjfllpbv2","id":"pa1hzzdjfllpbv2"},"id":"avlpbdlcmjeu7wf","previousOperationId":"ql2e17w4b8smfc4"}
{"type":"log","timestamp":1682750935467,"level":"debug","message":"Base url not specified, skipping its injection.","meta":{"rootId":"pa1hzzdjfllpbv2","id":"pa1hzzdjfllpbv2"},"id":"80wpymu305aw8aa","previousOperationId":"ql2e17w4b8smfc4"}
{"type":"operationStart","subtype":"engine","name":"handlebars","timestamp":1682750935468,"id":"jo9hpekrf2588p3","previousEventId":"mmocversewnphkw","operationId":"to9venw5qqbejk8","previousOperationId":"ql2e17w4b8smfc4"}
{"type":"log","timestamp":1682750935468,"level":"debug","message":"Rendering engine handlebars","meta":{"rootId":"pa1hzzdjfllpbv2","id":"pa1hzzdjfllpbv2"},"id":"hlptnqliysxngmp","previousOperationId":"to9venw5qqbejk8"}
{"type":"log","timestamp":1682750935504,"level":"debug","message":"(console:log) Calculating item Website design; you should see this message in debug run","meta":{"userLevel":true,"rootId":"pa1hzzdjfllpbv2","id":"pa1hzzdjfllpbv2"},"id":"821jtnskne05wmx","previousOperationId":"to9venw5qqbejk8"}
{"type":"operationEnd","operationId":"to9venw5qqbejk8","timestamp":1682750935507,"id":"es2tvk4egtf2ew0","previousEventId":"jo9hpekrf2588p3","previousOperationId":"to9venw5qqbejk8"}
{"type":"operationStart","subtype":"recipe","name":"chrome-pdf","timestamp":1682750935508,"id":"5c3u8a6hpfbquxt","previousEventId":"es2tvk4egtf2ew0","operationId":"6lhqriglm17e2rz","previousOperationId":"to9venw5qqbejk8"}
{"type":"log","timestamp":1682750935508,"level":"debug","message":"Executing recipe chrome-pdf","meta":{"rootId":"pa1hzzdjfllpbv2","id":"pa1hzzdjfllpbv2"},"id":"vt8tlyo1b0g9e65","previousOperationId":"6lhqriglm17e2rz"}
{"type":"log","timestamp":1682750935511,"level":"debug","message":"Converting with chrome HeadlessChrome/105.0.5173.0 using chrome-pool strategy","meta":{"rootId":"pa1hzzdjfllpbv2","id":"pa1hzzdjfllpbv2"},"id":"6nvzh9ls59rdzvt","previousOperationId":"6lhqriglm17e2rz"}
{"type":"log","timestamp":1682750935612,"level":"debug","message":"Page request: GET (document) file:///C:/Users/Adebayo/AppData/Local/Temp/jsreport/autocleanup/c33bcb88-544d-4e37-8ff1-65c9c10d227f-chrome-pdf.html","meta":{"rootId":"pa1hzzdjfllpbv2","id":"pa1hzzdjfllpbv2"},"id":"yx4k8bla58nujcr","previousOperationId":"6lhqriglm17e2rz"}
{"type":"log","timestamp":1682750935624,"level":"debug","message":"Page request finished: GET (document) 200 file:///C:/Users/Adebayo/AppData/Local/Temp/jsreport/autocleanup/c33bcb88-544d-4e37-8ff1-65c9c10d227f-chrome-pdf.html","meta":{"rootId":"pa1hzzdjfllpbv2","id":"pa1hzzdjfllpbv2"},"id":"h5wexudv66e5fte","previousOperationId":"6lhqriglm17e2rz"}
{"type":"log","timestamp":1682750935625,"level":"debug","message":"Page request: GET (image) https://i.ibb.co/fGz0Ss1/download-1.png","meta":{"rootId":"pa1hzzdjfllpbv2","id":"pa1hzzdjfllpbv2"},"id":"eb9iadlga7s2o10","previousOperationId":"6lhqriglm17e2rz"}
{"type":"log","timestamp":1682750935649,"level":"debug","message":"Page request finished: GET (image) 200 https://i.ibb.co/fGz0Ss1/download-1.png","meta":{"rootId":"pa1hzzdjfllpbv2","id":"pa1hzzdjfllpbv2"},"id":"779dc42d9y57ejd","previousOperationId":"6lhqriglm17e2rz"}
{"type":"log","timestamp":1682750935652,"level":"debug","message":"Running chrome with params {\"printBackground\":true,\"marginTop\":\"1cm\",\"marginRight\":\"1cm\",\"marginBottom\":\"1cm\",\"marginLeft\":\"1cm\",\"timeout\":59943,\"margin\":{\"top\":\"1cm\",\"right\":\"1cm\",\"bottom\":\"1cm\",\"left\":\"1cm\"}}","meta":{"rootId":"pa1hzzdjfllpbv2","id":"pa1hzzdjfllpbv2"},"id":"qbx0gugpam8708t","previousOperationId":"6lhqriglm17e2rz"}
{"type":"operationEnd","operationId":"6lhqriglm17e2rz","timestamp":1682750935782,"id":"05ikmasdc3uk6sl","previousEventId":"5c3u8a6hpfbquxt","previousOperationId":"6lhqriglm17e2rz"}
{"type":"log","timestamp":1682750935782,"level":"debug","message":"Skipping storing report.","meta":{"rootId":"pa1hzzdjfllpbv2","id":"pa1hzzdjfllpbv2"},"id":"5ipmculxwoige3o","previousOperationId":"6lhqriglm17e2rz"}
{"type":"log","timestamp":1682750935782,"level":"info","message":"Rendering request 10 finished in 330 ms","meta":{"rootId":"pa1hzzdjfllpbv2","id":"pa1hzzdjfllpbv2"},"id":"m5ixr1udr7vr8lw","previousOperationId":"6lhqriglm17e2rz"}
{"type":"operationEnd","subtype":"render","operationId":"ql2e17w4b8smfc4","timestamp":1682750935782,"id":"7dxkh1bpo6r0t3s","previousEventId":"05ikmasdc3uk6sl","previousOperationId":"6lhqriglm17e2rz"}
{"type":"operationEnd","doDiffs":false,"previousEventId":"m5j2shd9ouiv8xz","previousOperationId":"so5bxik7ndoy28m","operationId":"so5bxik7ndoy28m","timestamp":1682750935792,"id":"xvjzjwh5ftr6irk"}
