{"type":"operationStart","subtype":"profile","data":{"_id":"6NMX6yrXt37qQqfF","timestamp":"2023-04-29T06:56:59.186Z","state":"queued","mode":"standard","creationDate":"2023-04-29T06:56:59.187Z","modificationDate":"2023-04-29T06:56:59.187Z","shortid":"h-y_Clq","$entitySet":"profiles"},"doDiffs":false,"timestamp":1682751419187,"id":"bfgv95e6p2nfs05","previousOperationId":null,"operationId":"wdtti05vzpoecap"}
{"type":"log","level":"info","message":"Render request 16 queued for execution and waiting for available worker","previousOperationId":"wdtti05vzpoecap","timestamp":1682751419187,"id":"e26h775sbo0msad"}
{"type":"operationStart","subtype":"render","name":"invoice-main","previousOperationId":"wdtti05vzpoecap","timestamp":1682751419196,"id":"j8dlbg8hspk8g8q","previousEventId":"bfgv95e6p2nfs05","operationId":"eogrmprzk8lsaki"}
{"type":"log","timestamp":1682751419197,"level":"info","message":"Starting rendering request 16","meta":{"rootId":"tkxpuo00dzp9bll","id":"tkxpuo00dzp9bll"},"id":"1x66ujnyflua8nk","previousOperationId":"eogrmprzk8lsaki"}
{"type":"log","timestamp":1682751419197,"level":"info","message":"Rendering template { name: invoice-main, recipe: chrome-pdf, engine: handlebars, preview: true }","meta":{"rootId":"tkxpuo00dzp9bll","id":"tkxpuo00dzp9bll"},"id":"9wm3r7b1bgcdyxx","previousOperationId":"eogrmprzk8lsaki"}
{"type":"log","timestamp":1682751419200,"level":"debug","message":"Inline data specified.","meta":{"rootId":"tkxpuo00dzp9bll","id":"tkxpuo00dzp9bll"},"id":"mkwkvu4qb9gr5y1","previousOperationId":"eogrmprzk8lsaki"}
{"type":"log","timestamp":1682751419204,"level":"debug","message":"Base url not specified, skipping its injection.","meta":{"rootId":"tkxpuo00dzp9bll","id":"tkxpuo00dzp9bll"},"id":"t0n89uem536anqy","previousOperationId":"eogrmprzk8lsaki"}
{"type":"operationStart","subtype":"engine","name":"handlebars","timestamp":1682751419204,"id":"cl1d77okk3juib4","previousEventId":"j8dlbg8hspk8g8q","operationId":"f55w05t727g7sbf","previousOperationId":"eogrmprzk8lsaki"}
{"type":"log","timestamp":1682751419204,"level":"debug","message":"Rendering engine handlebars","meta":{"rootId":"tkxpuo00dzp9bll","id":"tkxpuo00dzp9bll"},"id":"c2euisoohvrnjgi","previousOperationId":"f55w05t727g7sbf"}
{"type":"log","timestamp":1682751419225,"level":"debug","message":"(console:log) Calculating item Website design; you should see this message in debug run","meta":{"userLevel":true,"rootId":"tkxpuo00dzp9bll","id":"tkxpuo00dzp9bll"},"id":"lz633yrrs9z6zp9","previousOperationId":"f55w05t727g7sbf"}
{"type":"operationEnd","operationId":"f55w05t727g7sbf","timestamp":1682751419227,"id":"fla0pyf3t3g4fhb","previousEventId":"cl1d77okk3juib4","previousOperationId":"f55w05t727g7sbf"}
{"type":"operationStart","subtype":"recipe","name":"chrome-pdf","timestamp":1682751419228,"id":"30oie29kglooykq","previousEventId":"fla0pyf3t3g4fhb","operationId":"c2n6ytebheu37kj","previousOperationId":"f55w05t727g7sbf"}
{"type":"log","timestamp":1682751419228,"level":"debug","message":"Executing recipe chrome-pdf","meta":{"rootId":"tkxpuo00dzp9bll","id":"tkxpuo00dzp9bll"},"id":"s2zgq01ivck0f93","previousOperationId":"c2n6ytebheu37kj"}
{"type":"log","timestamp":1682751419235,"level":"debug","message":"Converting with chrome HeadlessChrome/105.0.5173.0 using chrome-pool strategy","meta":{"rootId":"tkxpuo00dzp9bll","id":"tkxpuo00dzp9bll"},"id":"1ls0sbddqbtf193","previousOperationId":"c2n6ytebheu37kj"}
{"type":"log","timestamp":1682751419354,"level":"debug","message":"Page request: GET (document) file:///C:/Users/Adebayo/AppData/Local/Temp/jsreport/autocleanup/3074b98a-337b-4bef-9690-a572b9212073-chrome-pdf.html","meta":{"rootId":"tkxpuo00dzp9bll","id":"tkxpuo00dzp9bll"},"id":"ate011ai10iw474","previousOperationId":"c2n6ytebheu37kj"}
{"type":"log","timestamp":1682751419367,"level":"debug","message":"Page request: GET (stylesheet) https://cdn.jsdelivr.net/npm/bootstrap@3.3.7/dist/css/bootstrap.min.css","meta":{"rootId":"tkxpuo00dzp9bll","id":"tkxpuo00dzp9bll"},"id":"fwqmwj3hw3s00kn","previousOperationId":"c2n6ytebheu37kj"}
{"type":"log","timestamp":1682751419368,"level":"debug","message":"Page request: GET (image) https://i.ibb.co/fGz0Ss1/download-1.png","meta":{"rootId":"tkxpuo00dzp9bll","id":"tkxpuo00dzp9bll"},"id":"xcajtvqgd9nj23j","previousOperationId":"c2n6ytebheu37kj"}
{"type":"log","timestamp":1682751419369,"level":"debug","message":"Page request finished: GET (document) 200 file:///C:/Users/Adebayo/AppData/Local/Temp/jsreport/autocleanup/3074b98a-337b-4bef-9690-a572b9212073-chrome-pdf.html","meta":{"rootId":"tkxpuo00dzp9bll","id":"tkxpuo00dzp9bll"},"id":"7x6upqyqziolx97","previousOperationId":"c2n6ytebheu37kj"}
{"type":"log","timestamp":1682751419369,"level":"debug","message":"Page request: GET (script) https://code.jquery.com/jquery-3.3.1.slim.min.js","meta":{"rootId":"tkxpuo00dzp9bll","id":"tkxpuo00dzp9bll"},"id":"4kgy0ubwuf9p23u","previousOperationId":"c2n6ytebheu37kj"}
{"type":"log","timestamp":1682751419370,"level":"debug","message":"Page request: GET (script) https://cdn.jsdelivr.net/npm/popper.js@1.14.3/dist/umd/popper.min.js","meta":{"rootId":"tkxpuo00dzp9bll","id":"tkxpuo00dzp9bll"},"id":"ndnzkf6z9z99hnj","previousOperationId":"c2n6ytebheu37kj"}
{"type":"log","timestamp":1682751419370,"level":"debug","message":"Page request: GET (script) https://cdn.jsdelivr.net/npm/bootstrap@4.1.3/dist/js/bootstrap.min.js","meta":{"rootId":"tkxpuo00dzp9bll","id":"tkxpuo00dzp9bll"},"id":"2lvuiew27f94zpj","previousOperationId":"c2n6ytebheu37kj"}
{"type":"log","timestamp":1682751419373,"level":"debug","message":"Page request finished: GET (image) 200 https://i.ibb.co/fGz0Ss1/download-1.png","meta":{"rootId":"tkxpuo00dzp9bll","id":"tkxpuo00dzp9bll"},"id":"0fvovig4yl2e69h","previousOperationId":"c2n6ytebheu37kj"}
{"type":"log","timestamp":1682751419376,"level":"debug","message":"Page request finished: GET (script) 200 https://cdn.jsdelivr.net/npm/popper.js@1.14.3/dist/umd/popper.min.js","meta":{"rootId":"tkxpuo00dzp9bll","id":"tkxpuo00dzp9bll"},"id":"6ucz9rnsueexhrb","previousOperationId":"c2n6ytebheu37kj"}
{"type":"log","timestamp":1682751419376,"level":"debug","message":"Page request finished: GET (script) 200 https://cdn.jsdelivr.net/npm/bootstrap@4.1.3/dist/js/bootstrap.min.js","meta":{"rootId":"tkxpuo00dzp9bll","id":"tkxpuo00dzp9bll"},"id":"j61w913daycuz01","previousOperationId":"c2n6ytebheu37kj"}
{"type":"log","timestamp":1682751419377,"level":"debug","message":"Page request finished: GET (script) 200 https://code.jquery.com/jquery-3.3.1.slim.min.js","meta":{"rootId":"tkxpuo00dzp9bll","id":"tkxpuo00dzp9bll"},"id":"izieapclc17970w","previousOperationId":"c2n6ytebheu37kj"}
{"type":"log","timestamp":1682751419595,"level":"debug","message":"Page request finished: GET (stylesheet) 200 https://cdn.jsdelivr.net/npm/bootstrap@3.3.7/dist/css/bootstrap.min.css","meta":{"rootId":"tkxpuo00dzp9bll","id":"tkxpuo00dzp9bll"},"id":"2khda0ygf99rszk","previousOperationId":"c2n6ytebheu37kj"}
{"type":"log","timestamp":1682751419626,"level":"debug","message":"Running chrome with params {\"printBackground\":true,\"marginTop\":\"1cm\",\"marginRight\":\"1cm\",\"marginBottom\":\"1cm\",\"marginLeft\":\"1cm\",\"timeout\":59956,\"margin\":{\"top\":\"1cm\",\"right\":\"1cm\",\"bottom\":\"1cm\",\"left\":\"1cm\"}}","meta":{"rootId":"tkxpuo00dzp9bll","id":"tkxpuo00dzp9bll"},"id":"amq4zm2tacyj00t","previousOperationId":"c2n6ytebheu37kj"}
{"type":"operationEnd","operationId":"c2n6ytebheu37kj","timestamp":1682751419722,"id":"e1p6y4mw0o22k0h","previousEventId":"30oie29kglooykq","previousOperationId":"c2n6ytebheu37kj"}
{"type":"log","timestamp":1682751419722,"level":"debug","message":"Skipping storing report.","meta":{"rootId":"tkxpuo00dzp9bll","id":"tkxpuo00dzp9bll"},"id":"lg7l0noqgg2phno","previousOperationId":"c2n6ytebheu37kj"}
{"type":"log","timestamp":1682751419722,"level":"info","message":"Rendering request 16 finished in 536 ms","meta":{"rootId":"tkxpuo00dzp9bll","id":"tkxpuo00dzp9bll"},"id":"ccq1dtxs48ses21","previousOperationId":"c2n6ytebheu37kj"}
{"type":"operationEnd","subtype":"render","operationId":"eogrmprzk8lsaki","timestamp":1682751419722,"id":"h77tcjpmf199ovs","previousEventId":"e1p6y4mw0o22k0h","previousOperationId":"c2n6ytebheu37kj"}
{"type":"operationEnd","doDiffs":false,"previousEventId":"bfgv95e6p2nfs05","previousOperationId":"wdtti05vzpoecap","operationId":"wdtti05vzpoecap","timestamp":1682751419727,"id":"0ep2em5mayvy1cg"}
