{"type":"operationStart","subtype":"profile","data":{"_id":"dxx52PSVqBNIrExp","timestamp":"2023-04-29T06:49:58.736Z","state":"queued","mode":"standard","creationDate":"2023-04-29T06:49:58.738Z","modificationDate":"2023-04-29T06:49:58.738Z","shortid":"b1CVZiU","$entitySet":"profiles"},"doDiffs":false,"timestamp":1682750998737,"id":"vcuj3bgqgzzifza","previousOperationId":null,"operationId":"zdpyr8jczn5cdcw"}
{"type":"log","level":"info","message":"Render request 11 queued for execution and waiting for available worker","previousOperationId":"zdpyr8jczn5cdcw","timestamp":1682750998737,"id":"3v0uos0fimhwsip"}
{"type":"operationStart","subtype":"render","name":"invoice-main","previousOperationId":"zdpyr8jczn5cdcw","timestamp":1682750998748,"id":"fr54wtixdt7u9sn","previousEventId":"vcuj3bgqgzzifza","operationId":"2nls3y3ykbx3pgj"}
{"type":"log","timestamp":1682750998748,"level":"info","message":"Starting rendering request 11","meta":{"rootId":"tuca1oqnxxdg5aj","id":"tuca1oqnxxdg5aj"},"id":"15vwdc6jwxy3wzg","previousOperationId":"2nls3y3ykbx3pgj"}
{"type":"log","timestamp":1682750998748,"level":"info","message":"Rendering template { name: invoice-main, recipe: chrome-pdf, engine: handlebars, preview: true }","meta":{"rootId":"tuca1oqnxxdg5aj","id":"tuca1oqnxxdg5aj"},"id":"nqpp7txuznhr5pr","previousOperationId":"2nls3y3ykbx3pgj"}
{"type":"log","timestamp":1682750998749,"level":"debug","message":"Inline data specified.","meta":{"rootId":"tuca1oqnxxdg5aj","id":"tuca1oqnxxdg5aj"},"id":"tgun0cyfccdhk9t","previousOperationId":"2nls3y3ykbx3pgj"}
{"type":"log","timestamp":1682750998752,"level":"debug","message":"Base url not specified, skipping its injection.","meta":{"rootId":"tuca1oqnxxdg5aj","id":"tuca1oqnxxdg5aj"},"id":"alfi863q3mcwl8t","previousOperationId":"2nls3y3ykbx3pgj"}
{"type":"operationStart","subtype":"engine","name":"handlebars","timestamp":1682750998753,"id":"yxnif2snwnqdm4i","previousEventId":"fr54wtixdt7u9sn","operationId":"iqh53njfgwol0nn","previousOperationId":"2nls3y3ykbx3pgj"}
{"type":"log","timestamp":1682750998753,"level":"debug","message":"Rendering engine handlebars","meta":{"rootId":"tuca1oqnxxdg5aj","id":"tuca1oqnxxdg5aj"},"id":"28j8km2j5b4iyiv","previousOperationId":"iqh53njfgwol0nn"}
{"type":"log","timestamp":1682750998780,"level":"debug","message":"(console:log) Calculating item Website design; you should see this message in debug run","meta":{"userLevel":true,"rootId":"tuca1oqnxxdg5aj","id":"tuca1oqnxxdg5aj"},"id":"h91dlhh3ecaku1n","previousOperationId":"iqh53njfgwol0nn"}
{"type":"operationEnd","operationId":"iqh53njfgwol0nn","timestamp":1682750998783,"id":"80cyrcxp0en7zkq","previousEventId":"yxnif2snwnqdm4i","previousOperationId":"iqh53njfgwol0nn"}
{"type":"operationStart","subtype":"recipe","name":"chrome-pdf","timestamp":1682750998783,"id":"kr1qys70ychtxvd","previousEventId":"80cyrcxp0en7zkq","operationId":"okhibzk9g820qgb","previousOperationId":"iqh53njfgwol0nn"}
{"type":"log","timestamp":1682750998783,"level":"debug","message":"Executing recipe chrome-pdf","meta":{"rootId":"tuca1oqnxxdg5aj","id":"tuca1oqnxxdg5aj"},"id":"f8ju5tu5jsq32fm","previousOperationId":"okhibzk9g820qgb"}
{"type":"log","timestamp":1682750998786,"level":"debug","message":"Converting with chrome HeadlessChrome/105.0.5173.0 using chrome-pool strategy","meta":{"rootId":"tuca1oqnxxdg5aj","id":"tuca1oqnxxdg5aj"},"id":"kjd6lobsk2pbo20","previousOperationId":"okhibzk9g820qgb"}
{"type":"log","timestamp":1682750998884,"level":"debug","message":"Page request: GET (document) file:///C:/Users/Adebayo/AppData/Local/Temp/jsreport/autocleanup/a9355ca1-d92c-47e6-bdae-5de7f1e9a458-chrome-pdf.html","meta":{"rootId":"tuca1oqnxxdg5aj","id":"tuca1oqnxxdg5aj"},"id":"950ewab3c5impsh","previousOperationId":"okhibzk9g820qgb"}
{"type":"log","timestamp":1682750998897,"level":"debug","message":"Page request finished: GET (document) 200 file:///C:/Users/Adebayo/AppData/Local/Temp/jsreport/autocleanup/a9355ca1-d92c-47e6-bdae-5de7f1e9a458-chrome-pdf.html","meta":{"rootId":"tuca1oqnxxdg5aj","id":"tuca1oqnxxdg5aj"},"id":"mx0tqzoq3kgao81","previousOperationId":"okhibzk9g820qgb"}
{"type":"log","timestamp":1682750998897,"level":"debug","message":"Page request: GET (image) https://i.ibb.co/fGz0Ss1/download-1.png","meta":{"rootId":"tuca1oqnxxdg5aj","id":"tuca1oqnxxdg5aj"},"id":"nrvameimvzl2300","previousOperationId":"okhibzk9g820qgb"}
{"type":"log","timestamp":1682750998901,"level":"debug","message":"Page request finished: GET (image) 200 https://i.ibb.co/fGz0Ss1/download-1.png","meta":{"rootId":"tuca1oqnxxdg5aj","id":"tuca1oqnxxdg5aj"},"id":"buxl9r4mbzm78ft","previousOperationId":"okhibzk9g820qgb"}
{"type":"log","timestamp":1682750998920,"level":"debug","message":"Running chrome with params {\"printBackground\":true,\"marginTop\":\"1cm\",\"marginRight\":\"1cm\",\"marginBottom\":\"1cm\",\"marginLeft\":\"1cm\",\"timeout\":59951,\"margin\":{\"top\":\"1cm\",\"right\":\"1cm\",\"bottom\":\"1cm\",\"left\":\"1cm\"}}","meta":{"rootId":"tuca1oqnxxdg5aj","id":"tuca1oqnxxdg5aj"},"id":"kypqafadfpkywa4","previousOperationId":"okhibzk9g820qgb"}
{"type":"operationEnd","operationId":"okhibzk9g820qgb","timestamp":1682750999048,"id":"9gsriukvgri7hbs","previousEventId":"kr1qys70ychtxvd","previousOperationId":"okhibzk9g820qgb"}
{"type":"log","timestamp":1682750999049,"level":"debug","message":"Skipping storing report.","meta":{"rootId":"tuca1oqnxxdg5aj","id":"tuca1oqnxxdg5aj"},"id":"ukgjtll7z2ohaza","previousOperationId":"okhibzk9g820qgb"}
{"type":"log","timestamp":1682750999049,"level":"info","message":"Rendering request 11 finished in 313 ms","meta":{"rootId":"tuca1oqnxxdg5aj","id":"tuca1oqnxxdg5aj"},"id":"z5e1lmbhjfml0t8","previousOperationId":"okhibzk9g820qgb"}
{"type":"operationEnd","subtype":"render","operationId":"2nls3y3ykbx3pgj","timestamp":1682750999049,"id":"y5vp9h6kn04hq8h","previousEventId":"9gsriukvgri7hbs","previousOperationId":"okhibzk9g820qgb"}
{"type":"operationEnd","doDiffs":false,"previousEventId":"vcuj3bgqgzzifza","previousOperationId":"zdpyr8jczn5cdcw","operationId":"zdpyr8jczn5cdcw","timestamp":1682750999057,"id":"6yq3icubdr7kj9j"}
