{"type":"operationStart","subtype":"profile","data":{"_id":"7VtIn6bMWdps4nxK","timestamp":"2023-04-29T06:55:54.434Z","state":"queued","mode":"standard","creationDate":"2023-04-29T06:55:54.439Z","modificationDate":"2023-04-29T06:55:54.439Z","shortid":"K6vpZNg","$entitySet":"profiles"},"doDiffs":false,"timestamp":1682751354435,"id":"qkuxjr38umd4ri6","previousOperationId":null,"operationId":"ju4dab793ekgpwq"}
{"type":"log","level":"info","message":"Render request 15 queued for execution and waiting for available worker","previousOperationId":"ju4dab793ekgpwq","timestamp":1682751354435,"id":"qy5wt7qflxueuo3"}
{"type":"operationStart","subtype":"render","name":"invoice-main","previousOperationId":"ju4dab793ekgpwq","timestamp":1682751354479,"id":"2ybkb24yrud2ov2","previousEventId":"qkuxjr38umd4ri6","operationId":"ftbu6e8kkv8hhff"}
{"type":"log","timestamp":1682751354479,"level":"info","message":"Starting rendering request 15","meta":{"rootId":"vm2xezeazmxm9id","id":"vm2xezeazmxm9id"},"id":"1p25yv39isegdom","previousOperationId":"ftbu6e8kkv8hhff"}
{"type":"log","timestamp":1682751354484,"level":"info","message":"Rendering template { name: invoice-main, recipe: chrome-pdf, engine: handlebars, preview: true }","meta":{"rootId":"vm2xezeazmxm9id","id":"vm2xezeazmxm9id"},"id":"3h2heca4vxztpzc","previousOperationId":"ftbu6e8kkv8hhff"}
{"type":"log","timestamp":1682751354486,"level":"debug","message":"Inline data specified.","meta":{"rootId":"vm2xezeazmxm9id","id":"vm2xezeazmxm9id"},"id":"7u7hmmnu129gv0z","previousOperationId":"ftbu6e8kkv8hhff"}
{"type":"log","timestamp":1682751354490,"level":"debug","message":"Base url not specified, skipping its injection.","meta":{"rootId":"vm2xezeazmxm9id","id":"vm2xezeazmxm9id"},"id":"lo53cqo409jrpos","previousOperationId":"ftbu6e8kkv8hhff"}
{"type":"operationStart","subtype":"engine","name":"handlebars","timestamp":1682751354490,"id":"6fyltzqz6cr833b","previousEventId":"2ybkb24yrud2ov2","operationId":"2c6i979bxablc3f","previousOperationId":"ftbu6e8kkv8hhff"}
{"type":"log","timestamp":1682751354490,"level":"debug","message":"Rendering engine handlebars","meta":{"rootId":"vm2xezeazmxm9id","id":"vm2xezeazmxm9id"},"id":"2aueu352g09g7b4","previousOperationId":"2c6i979bxablc3f"}
{"type":"log","timestamp":1682751354527,"level":"debug","message":"(console:log) Calculating item Website design; you should see this message in debug run","meta":{"userLevel":true,"rootId":"vm2xezeazmxm9id","id":"vm2xezeazmxm9id"},"id":"8iqw605hn9cqqa5","previousOperationId":"2c6i979bxablc3f"}
{"type":"operationEnd","operationId":"2c6i979bxablc3f","timestamp":1682751354529,"id":"3gkw294nzpm56oe","previousEventId":"6fyltzqz6cr833b","previousOperationId":"2c6i979bxablc3f"}
{"type":"operationStart","subtype":"recipe","name":"chrome-pdf","timestamp":1682751354530,"id":"i4hv06j69ay4glr","previousEventId":"3gkw294nzpm56oe","operationId":"j6i8g0saqj354w8","previousOperationId":"2c6i979bxablc3f"}
{"type":"log","timestamp":1682751354530,"level":"debug","message":"Executing recipe chrome-pdf","meta":{"rootId":"vm2xezeazmxm9id","id":"vm2xezeazmxm9id"},"id":"ys0kav83euzkeca","previousOperationId":"j6i8g0saqj354w8"}
{"type":"log","timestamp":1682751354534,"level":"debug","message":"Converting with chrome HeadlessChrome/105.0.5173.0 using chrome-pool strategy","meta":{"rootId":"vm2xezeazmxm9id","id":"vm2xezeazmxm9id"},"id":"zy527ukio0l97n3","previousOperationId":"j6i8g0saqj354w8"}
{"type":"log","timestamp":1682751354629,"level":"debug","message":"Page request: GET (document) file:///C:/Users/Adebayo/AppData/Local/Temp/jsreport/autocleanup/c3d96804-989f-4107-a9b4-28ae93342e39-chrome-pdf.html","meta":{"rootId":"vm2xezeazmxm9id","id":"vm2xezeazmxm9id"},"id":"my7305c8j2q8wnn","previousOperationId":"j6i8g0saqj354w8"}
{"type":"log","timestamp":1682751354642,"level":"debug","message":"Page request finished: GET (document) 200 file:///C:/Users/Adebayo/AppData/Local/Temp/jsreport/autocleanup/c3d96804-989f-4107-a9b4-28ae93342e39-chrome-pdf.html","meta":{"rootId":"vm2xezeazmxm9id","id":"vm2xezeazmxm9id"},"id":"ayn2dnlkqncm60r","previousOperationId":"j6i8g0saqj354w8"}
{"type":"log","timestamp":1682751354642,"level":"debug","message":"Page request: GET (stylesheet) https://cdn.jsdelivr.net/npm/bootstrap@4.1.3/dist/css/bootstrap.min.css","meta":{"rootId":"vm2xezeazmxm9id","id":"vm2xezeazmxm9id"},"id":"fshrv5kecsxagjy","previousOperationId":"j6i8g0saqj354w8"}
{"type":"log","timestamp":1682751354642,"level":"debug","message":"Page request: GET (image) https://i.ibb.co/fGz0Ss1/download-1.png","meta":{"rootId":"vm2xezeazmxm9id","id":"vm2xezeazmxm9id"},"id":"i6f9al22ovsjc62","previousOperationId":"j6i8g0saqj354w8"}
{"type":"log","timestamp":1682751354644,"level":"debug","message":"Page request: GET (script) https://code.jquery.com/jquery-3.3.1.slim.min.js","meta":{"rootId":"vm2xezeazmxm9id","id":"vm2xezeazmxm9id"},"id":"815yl6203yvuieu","previousOperationId":"j6i8g0saqj354w8"}
{"type":"log","timestamp":1682751354645,"level":"debug","message":"Page request: GET (script) https://cdn.jsdelivr.net/npm/popper.js@1.14.3/dist/umd/popper.min.js","meta":{"rootId":"vm2xezeazmxm9id","id":"vm2xezeazmxm9id"},"id":"yooqkh1hcfwlsb8","previousOperationId":"j6i8g0saqj354w8"}
{"type":"log","timestamp":1682751354645,"level":"debug","message":"Page request: GET (script) https://cdn.jsdelivr.net/npm/bootstrap@4.1.3/dist/js/bootstrap.min.js","meta":{"rootId":"vm2xezeazmxm9id","id":"vm2xezeazmxm9id"},"id":"s36spxtvj4cpceb","previousOperationId":"j6i8g0saqj354w8"}
{"type":"log","timestamp":1682751354652,"level":"debug","message":"Page request finished: GET (stylesheet) 200 https://cdn.jsdelivr.net/npm/bootstrap@4.1.3/dist/css/bootstrap.min.css","meta":{"rootId":"vm2xezeazmxm9id","id":"vm2xezeazmxm9id"},"id":"gzhbc1v392ipwiq","previousOperationId":"j6i8g0saqj354w8"}
{"type":"log","timestamp":1682751354653,"level":"debug","message":"Page request finished: GET (image) 200 https://i.ibb.co/fGz0Ss1/download-1.png","meta":{"rootId":"vm2xezeazmxm9id","id":"vm2xezeazmxm9id"},"id":"63p947c3q5k2oxp","previousOperationId":"j6i8g0saqj354w8"}
{"type":"log","timestamp":1682751354654,"level":"debug","message":"Page request finished: GET (script) 200 https://code.jquery.com/jquery-3.3.1.slim.min.js","meta":{"rootId":"vm2xezeazmxm9id","id":"vm2xezeazmxm9id"},"id":"3hr1a1wutk4bj7w","previousOperationId":"j6i8g0saqj354w8"}
{"type":"log","timestamp":1682751354660,"level":"debug","message":"Page request finished: GET (script) 200 https://cdn.jsdelivr.net/npm/popper.js@1.14.3/dist/umd/popper.min.js","meta":{"rootId":"vm2xezeazmxm9id","id":"vm2xezeazmxm9id"},"id":"gbjea0on5fniqqe","previousOperationId":"j6i8g0saqj354w8"}
{"type":"log","timestamp":1682751354660,"level":"debug","message":"Page request finished: GET (script) 200 https://cdn.jsdelivr.net/npm/bootstrap@4.1.3/dist/js/bootstrap.min.js","meta":{"rootId":"vm2xezeazmxm9id","id":"vm2xezeazmxm9id"},"id":"lr0cfrv5es47q6u","previousOperationId":"j6i8g0saqj354w8"}
{"type":"log","timestamp":1682751354688,"level":"debug","message":"Running chrome with params {\"printBackground\":true,\"marginTop\":\"1cm\",\"marginRight\":\"1cm\",\"marginBottom\":\"1cm\",\"marginLeft\":\"1cm\",\"timeout\":59902,\"margin\":{\"top\":\"1cm\",\"right\":\"1cm\",\"bottom\":\"1cm\",\"left\":\"1cm\"}}","meta":{"rootId":"vm2xezeazmxm9id","id":"vm2xezeazmxm9id"},"id":"5ud10jbjwtpxutz","previousOperationId":"j6i8g0saqj354w8"}
{"type":"operationEnd","operationId":"j6i8g0saqj354w8","timestamp":1682751354769,"id":"gxd3roftpa885ux","previousEventId":"i4hv06j69ay4glr","previousOperationId":"j6i8g0saqj354w8"}
{"type":"log","timestamp":1682751354769,"level":"debug","message":"Skipping storing report.","meta":{"rootId":"vm2xezeazmxm9id","id":"vm2xezeazmxm9id"},"id":"xo86kdu4rclnx1s","previousOperationId":"j6i8g0saqj354w8"}
{"type":"log","timestamp":1682751354769,"level":"info","message":"Rendering request 15 finished in 335 ms","meta":{"rootId":"vm2xezeazmxm9id","id":"vm2xezeazmxm9id"},"id":"6lhl8uzttx6t92g","previousOperationId":"j6i8g0saqj354w8"}
{"type":"operationEnd","subtype":"render","operationId":"ftbu6e8kkv8hhff","timestamp":1682751354769,"id":"zep3maujlyki8ea","previousEventId":"gxd3roftpa885ux","previousOperationId":"j6i8g0saqj354w8"}
{"type":"operationEnd","doDiffs":false,"previousEventId":"qkuxjr38umd4ri6","previousOperationId":"ju4dab793ekgpwq","operationId":"ju4dab793ekgpwq","timestamp":1682751354781,"id":"01f9hckpvinjucs"}
