{"type":"operationStart","subtype":"profile","data":{"_id":"nI2EwpPllgj485h1","timestamp":"2023-05-04T06:38:04.641Z","state":"queued","mode":"standard","creationDate":"2023-05-04T06:38:04.644Z","modificationDate":"2023-05-04T06:38:04.644Z","shortid":"1Iaje4v","$entitySet":"profiles"},"doDiffs":false,"timestamp":1683182284643,"id":"acp0r0jcxnmlp8j","previousOperationId":null,"operationId":"w8l360592qj6q9d"}
{"type":"log","level":"info","message":"Render request 151 queued for execution and waiting for available worker","previousOperationId":"w8l360592qj6q9d","timestamp":1683182284643,"id":"v01eg7ppwp3nk2q"}
{"type":"operationStart","subtype":"render","name":"invoice-main","previousOperationId":"w8l360592qj6q9d","timestamp":1683182284652,"id":"hqlvu4mm186a5et","previousEventId":"acp0r0jcxnmlp8j","operationId":"aph6ets7w96ch4d"}
{"type":"log","timestamp":1683182284652,"level":"info","message":"Starting rendering request 151","meta":{"rootId":"wv0cll96aw5zasl","id":"wv0cll96aw5zasl"},"id":"8oy5yam83ad02w0","previousOperationId":"aph6ets7w96ch4d"}
{"type":"log","timestamp":1683182284652,"level":"info","message":"Rendering template { name: invoice-main, recipe: chrome-pdf, engine: handlebars, preview: false }","meta":{"rootId":"wv0cll96aw5zasl","id":"wv0cll96aw5zasl"},"id":"3j402j5qcaj0j0i","previousOperationId":"aph6ets7w96ch4d"}
{"type":"log","timestamp":1683182284654,"level":"debug","message":"Inline data specified.","meta":{"rootId":"wv0cll96aw5zasl","id":"wv0cll96aw5zasl"},"id":"mxmy40ih9invgud","previousOperationId":"aph6ets7w96ch4d"}
{"type":"log","timestamp":1683182284657,"level":"debug","message":"Base url not specified, skipping its injection.","meta":{"rootId":"wv0cll96aw5zasl","id":"wv0cll96aw5zasl"},"id":"i5osenvie8sjsp2","previousOperationId":"aph6ets7w96ch4d"}
{"type":"operationStart","subtype":"engine","name":"handlebars","timestamp":1683182284658,"id":"dclob7au6snc7xc","previousEventId":"hqlvu4mm186a5et","operationId":"z8eni1t6cn1s0iv","previousOperationId":"aph6ets7w96ch4d"}
{"type":"log","timestamp":1683182284658,"level":"debug","message":"Rendering engine handlebars","meta":{"rootId":"wv0cll96aw5zasl","id":"wv0cll96aw5zasl"},"id":"qfv89jcapzyhr3k","previousOperationId":"z8eni1t6cn1s0iv"}
{"type":"operationEnd","operationId":"z8eni1t6cn1s0iv","timestamp":1683182284757,"id":"6js4lcuobj6endp","previousEventId":"dclob7au6snc7xc","previousOperationId":"z8eni1t6cn1s0iv"}
{"type":"operationStart","subtype":"recipe","name":"chrome-pdf","timestamp":1683182284757,"id":"v7whasw6k4afgj6","previousEventId":"6js4lcuobj6endp","operationId":"klrbgfagduln2qd","previousOperationId":"z8eni1t6cn1s0iv"}
{"type":"log","timestamp":1683182284757,"level":"debug","message":"Executing recipe chrome-pdf","meta":{"rootId":"wv0cll96aw5zasl","id":"wv0cll96aw5zasl"},"id":"143jlf1axfv4ji2","previousOperationId":"klrbgfagduln2qd"}
{"type":"log","timestamp":1683182284762,"level":"debug","message":"Converting with chrome HeadlessChrome/105.0.5173.0 using chrome-pool strategy","meta":{"rootId":"wv0cll96aw5zasl","id":"wv0cll96aw5zasl"},"id":"han8t10b444emr1","previousOperationId":"klrbgfagduln2qd"}
{"type":"log","timestamp":1683182284845,"level":"debug","message":"Page request: GET (document) file:///C:/Users/Adebayo/AppData/Local/Temp/jsreport/autocleanup/8451023f-752d-4d1b-8443-06336df5b80b-chrome-pdf.html","meta":{"rootId":"wv0cll96aw5zasl","id":"wv0cll96aw5zasl"},"id":"q33sqbauw55y3bt","previousOperationId":"klrbgfagduln2qd"}
{"type":"log","timestamp":1683182284853,"level":"debug","message":"Page request finished: GET (document) 200 file:///C:/Users/Adebayo/AppData/Local/Temp/jsreport/autocleanup/8451023f-752d-4d1b-8443-06336df5b80b-chrome-pdf.html","meta":{"rootId":"wv0cll96aw5zasl","id":"wv0cll96aw5zasl"},"id":"vlulpv06gxbhbqy","previousOperationId":"klrbgfagduln2qd"}
{"type":"log","timestamp":1683182284864,"level":"debug","message":"Running chrome with params {\"printBackground\":true,\"marginTop\":\"1cm\",\"marginRight\":\"1cm\",\"marginBottom\":\"1cm\",\"marginLeft\":\"1cm\",\"timeout\":59882,\"margin\":{\"top\":\"1cm\",\"right\":\"1cm\",\"bottom\":\"1cm\",\"left\":\"1cm\"}}","meta":{"rootId":"wv0cll96aw5zasl","id":"wv0cll96aw5zasl"},"id":"basru68t0pj0c9j","previousOperationId":"klrbgfagduln2qd"}
{"type":"operationEnd","operationId":"klrbgfagduln2qd","timestamp":1683182284885,"id":"excwbw9lhvk67z4","previousEventId":"v7whasw6k4afgj6","previousOperationId":"klrbgfagduln2qd"}
{"type":"log","timestamp":1683182284885,"level":"debug","message":"Skipping storing report.","meta":{"rootId":"wv0cll96aw5zasl","id":"wv0cll96aw5zasl"},"id":"9o9g6geznqsujue","previousOperationId":"klrbgfagduln2qd"}
{"type":"log","timestamp":1683182284885,"level":"info","message":"Rendering request 151 finished in 244 ms","meta":{"rootId":"wv0cll96aw5zasl","id":"wv0cll96aw5zasl"},"id":"54fldnrv531r4fi","previousOperationId":"klrbgfagduln2qd"}
{"type":"operationEnd","subtype":"render","operationId":"aph6ets7w96ch4d","timestamp":1683182284885,"id":"4qlfpl5is0jdbj2","previousEventId":"excwbw9lhvk67z4","previousOperationId":"klrbgfagduln2qd"}
{"type":"operationEnd","doDiffs":false,"previousEventId":"acp0r0jcxnmlp8j","previousOperationId":"w8l360592qj6q9d","operationId":"w8l360592qj6q9d","timestamp":1683182284928,"id":"uogdgv0vwhvergl"}
